Starting imports...
Importing argparse...
Importing torch...
Importing os...
Importing sngp.train and sngp.model...
Importing gaussian_process...
Importing dataset...
Importing json...
ALL IMPORTS COMPLETE!
Parsing arguments...
Arguments parsed! Running GP on Friedman with N=1500
Checking CUDA availability...
Using CPU
Making Datasets...
Making Model...
Training Gaussian Process...
Iter   0 | Loss: 2744.481 | lengthscale: 1.010 | outputscale: 1.010 | noise: 0.202
Iter  10 | Loss: 2645.579 | lengthscale: 1.116 | outputscale: 1.113 | noise: 0.223
Iter  20 | Loss: 2594.636 | lengthscale: 1.232 | outputscale: 1.211 | noise: 0.242
Iter  30 | Loss: 2573.491 | lengthscale: 1.362 | outputscale: 1.288 | noise: 0.255
Iter  40 | Loss: 2563.387 | lengthscale: 1.516 | outputscale: 1.333 | noise: 0.261
Iter  50 | Loss: 2552.354 | lengthscale: 1.706 | outputscale: 1.348 | noise: 0.259
Iter  60 | Loss: 2534.688 | lengthscale: 1.946 | outputscale: 1.342 | noise: 0.251
Iter  70 | Loss: 2506.221 | lengthscale: 2.257 | outputscale: 1.324 | noise: 0.240
Iter  80 | Loss: 2460.555 | lengthscale: 2.661 | outputscale: 1.302 | noise: 0.225
Iter  90 | Loss: 2387.766 | lengthscale: 3.184 | outputscale: 1.274 | noise: 0.208
Iter 100 | Loss: 2276.008 | lengthscale: 3.857 | outputscale: 1.236 | noise: 0.189
Iter 110 | Loss: 2115.965 | lengthscale: 4.708 | outputscale: 1.183 | noise: 0.169
Iter 120 | Loss: 1907.131 | lengthscale: 5.766 | outputscale: 1.115 | noise: 0.151
Iter 130 | Loss: 1669.016 | lengthscale: 7.047 | outputscale: 1.038 | noise: 0.139
Iter 140 | Loss: 1442.603 | lengthscale: 8.524 | outputscale: 0.968 | noise: 0.146
Iter 150 | Loss: 1247.818 | lengthscale: 10.122 | outputscale: 0.914 | noise: 0.177
Iter 160 | Loss: 1088.284 | lengthscale: 11.801 | outputscale: 0.873 | noise: 0.217
Iter 170 | Loss:  965.310 | lengthscale: 13.560 | outputscale: 0.839 | noise: 0.240
Iter 180 | Loss:  865.906 | lengthscale: 15.373 | outputscale: 0.811 | noise: 0.243
Iter 190 | Loss:  785.660 | lengthscale: 17.209 | outputscale: 0.790 | noise: 0.253
Iter 200 | Loss:  721.044 | lengthscale: 19.058 | outputscale: 0.773 | noise: 0.257
Iter 210 | Loss:  669.000 | lengthscale: 20.900 | outputscale: 0.761 | noise: 0.260
Iter 220 | Loss:  626.824 | lengthscale: 22.722 | outputscale: 0.752 | noise: 0.263
Iter 230 | Loss:  592.321 | lengthscale: 24.519 | outputscale: 0.745 | noise: 0.265
Iter 240 | Loss:  563.734 | lengthscale: 26.288 | outputscale: 0.740 | noise: 0.267
Iter 250 | Loss:  539.713 | lengthscale: 28.032 | outputscale: 0.737 | noise: 0.268
Iter 260 | Loss:  519.288 | lengthscale: 29.752 | outputscale: 0.735 | noise: 0.269
Iter 270 | Loss:  501.741 | lengthscale: 31.451 | outputscale: 0.733 | noise: 0.270
Iter 280 | Loss:  486.526 | lengthscale: 33.131 | outputscale: 0.732 | noise: 0.271
Iter 290 | Loss:  473.221 | lengthscale: 34.793 | outputscale: 0.731 | noise: 0.272
Iter 300 | Loss:  461.507 | lengthscale: 36.440 | outputscale: 0.731 | noise: 0.273
Iter 310 | Loss:  451.122 | lengthscale: 38.073 | outputscale: 0.731 | noise: 0.274
Iter 320 | Loss:  441.840 | lengthscale: 39.694 | outputscale: 0.730 | noise: 0.274
Iter 330 | Loss:  433.457 | lengthscale: 41.308 | outputscale: 0.730 | noise: 0.275
Iter 340 | Loss:  425.790 | lengthscale: 42.921 | outputscale: 0.730 | noise: 0.276
Iter 350 | Loss:  418.685 | lengthscale: 44.541 | outputscale: 0.730 | noise: 0.276
Iter 360 | Loss:  412.020 | lengthscale: 46.177 | outputscale: 0.730 | noise: 0.277
Iter 370 | Loss:  405.706 | lengthscale: 47.836 | outputscale: 0.730 | noise: 0.277
Iter 380 | Loss:  399.677 | lengthscale: 49.524 | outputscale: 0.731 | noise: 0.277
Iter 390 | Loss:  393.888 | lengthscale: 51.246 | outputscale: 0.731 | noise: 0.278
Iter 400 | Loss:  388.313 | lengthscale: 53.005 | outputscale: 0.731 | noise: 0.278
Iter 410 | Loss:  382.945 | lengthscale: 54.802 | outputscale: 0.731 | noise: 0.278
Iter 420 | Loss:  377.786 | lengthscale: 56.636 | outputscale: 0.731 | noise: 0.279
Iter 430 | Loss:  372.847 | lengthscale: 58.503 | outputscale: 0.731 | noise: 0.279
Iter 440 | Loss:  368.131 | lengthscale: 60.401 | outputscale: 0.731 | noise: 0.279
Iter 450 | Loss:  363.641 | lengthscale: 62.325 | outputscale: 0.731 | noise: 0.279
Iter 460 | Loss:  359.372 | lengthscale: 64.273 | outputscale: 0.732 | noise: 0.279
Iter 470 | Loss:  355.317 | lengthscale: 66.242 | outputscale: 0.732 | noise: 0.279
Iter 480 | Loss:  351.466 | lengthscale: 68.231 | outputscale: 0.733 | noise: 0.279
Iter 490 | Loss:  347.808 | lengthscale: 70.240 | outputscale: 0.733 | noise: 0.280
Iter 500 | Loss:  344.336 | lengthscale: 72.266 | outputscale: 0.734 | noise: 0.280
Iter 510 | Loss:  341.041 | lengthscale: 74.307 | outputscale: 0.735 | noise: 0.280
Iter 520 | Loss:  337.918 | lengthscale: 76.362 | outputscale: 0.736 | noise: 0.280
Iter 530 | Loss:  334.964 | lengthscale: 78.428 | outputscale: 0.737 | noise: 0.280
Iter 540 | Loss:  332.171 | lengthscale: 80.502 | outputscale: 0.738 | noise: 0.280
Iter 550 | Loss:  329.534 | lengthscale: 82.582 | outputscale: 0.740 | noise: 0.280
Iter 560 | Loss:  327.042 | lengthscale: 84.666 | outputscale: 0.741 | noise: 0.280
Iter 570 | Loss:  324.685 | lengthscale: 86.755 | outputscale: 0.742 | noise: 0.280
Iter 580 | Loss:  322.451 | lengthscale: 88.847 | outputscale: 0.744 | noise: 0.280
Iter 590 | Loss:  320.330 | lengthscale: 90.945 | outputscale: 0.746 | noise: 0.280
Iter 600 | Loss:  318.311 | lengthscale: 93.050 | outputscale: 0.747 | noise: 0.280
Iter 610 | Loss:  316.385 | lengthscale: 95.162 | outputscale: 0.749 | noise: 0.280
Iter 620 | Loss:  314.549 | lengthscale: 97.282 | outputscale: 0.751 | noise: 0.280
Iter 630 | Loss:  312.796 | lengthscale: 99.408 | outputscale: 0.752 | noise: 0.280
Iter 640 | Loss:  311.127 | lengthscale: 101.540 | outputscale: 0.754 | noise: 0.280
Iter 650 | Loss:  309.537 | lengthscale: 103.675 | outputscale: 0.756 | noise: 0.280
Iter 660 | Loss:  308.024 | lengthscale: 105.811 | outputscale: 0.758 | noise: 0.280
Iter 670 | Loss:  306.588 | lengthscale: 107.946 | outputscale: 0.760 | noise: 0.280
Iter 680 | Loss:  305.222 | lengthscale: 110.079 | outputscale: 0.762 | noise: 0.280
Iter 690 | Loss:  303.926 | lengthscale: 112.208 | outputscale: 0.764 | noise: 0.280
Iter 700 | Loss:  302.693 | lengthscale: 114.333 | outputscale: 0.766 | noise: 0.280
Iter 710 | Loss:  301.519 | lengthscale: 116.453 | outputscale: 0.769 | noise: 0.281
Iter 720 | Loss:  300.403 | lengthscale: 118.570 | outputscale: 0.771 | noise: 0.281
Iter 730 | Loss:  299.339 | lengthscale: 120.683 | outputscale: 0.773 | noise: 0.281
Iter 740 | Loss:  298.324 | lengthscale: 122.792 | outputscale: 0.775 | noise: 0.281
Iter 750 | Loss:  297.354 | lengthscale: 124.895 | outputscale: 0.777 | noise: 0.281
Iter 760 | Loss:  296.431 | lengthscale: 126.993 | outputscale: 0.780 | noise: 0.281
Iter 770 | Loss:  295.553 | lengthscale: 129.083 | outputscale: 0.782 | noise: 0.281
Iter 780 | Loss:  294.720 | lengthscale: 131.163 | outputscale: 0.784 | noise: 0.281
Iter 790 | Loss:  293.930 | lengthscale: 133.228 | outputscale: 0.787 | noise: 0.281
Iter 800 | Loss:  293.184 | lengthscale: 135.275 | outputscale: 0.789 | noise: 0.281
Iter 810 | Loss:  292.481 | lengthscale: 137.301 | outputscale: 0.792 | noise: 0.281
Iter 820 | Loss:  291.822 | lengthscale: 139.301 | outputscale: 0.794 | noise: 0.281
Iter 830 | Loss:  291.202 | lengthscale: 141.274 | outputscale: 0.797 | noise: 0.281
Iter 840 | Loss:  290.623 | lengthscale: 143.217 | outputscale: 0.799 | noise: 0.281
Iter 850 | Loss:  290.079 | lengthscale: 145.131 | outputscale: 0.802 | noise: 0.281
Iter 860 | Loss:  289.568 | lengthscale: 147.017 | outputscale: 0.805 | noise: 0.281
Iter 870 | Loss:  289.085 | lengthscale: 148.876 | outputscale: 0.808 | noise: 0.281
Iter 880 | Loss:  288.629 | lengthscale: 150.713 | outputscale: 0.810 | noise: 0.281
Iter 890 | Loss:  288.193 | lengthscale: 152.532 | outputscale: 0.813 | noise: 0.281
Iter 900 | Loss:  287.780 | lengthscale: 154.338 | outputscale: 0.816 | noise: 0.281
Iter 910 | Loss:  287.376 | lengthscale: 156.137 | outputscale: 0.819 | noise: 0.281
Iter 920 | Loss:  286.988 | lengthscale: 157.934 | outputscale: 0.821 | noise: 0.281
Iter 930 | Loss:  286.607 | lengthscale: 159.736 | outputscale: 0.824 | noise: 0.281
Iter 940 | Loss:  286.234 | lengthscale: 161.549 | outputscale: 0.827 | noise: 0.281
Iter 950 | Loss:  285.866 | lengthscale: 163.379 | outputscale: 0.829 | noise: 0.281
Iter 960 | Loss:  285.498 | lengthscale: 165.231 | outputscale: 0.832 | noise: 0.281
Iter 970 | Loss:  285.130 | lengthscale: 167.112 | outputscale: 0.834 | noise: 0.282
Iter 980 | Loss:  284.759 | lengthscale: 169.028 | outputscale: 0.837 | noise: 0.282
Iter 990 | Loss:  284.386 | lengthscale: 170.983 | outputscale: 0.839 | noise: 0.282
Iter 1000 | Loss:  284.009 | lengthscale: 172.985 | outputscale: 0.841 | noise: 0.282
Iter 1010 | Loss:  283.621 | lengthscale: 175.037 | outputscale: 0.843 | noise: 0.282
Iter 1020 | Loss:  283.227 | lengthscale: 177.144 | outputscale: 0.845 | noise: 0.282
Iter 1030 | Loss:  282.823 | lengthscale: 179.312 | outputscale: 0.847 | noise: 0.282
Iter 1040 | Loss:  282.408 | lengthscale: 181.545 | outputscale: 0.849 | noise: 0.282
Iter 1050 | Loss:  281.982 | lengthscale: 183.846 | outputscale: 0.851 | noise: 0.282
Iter 1060 | Loss:  281.546 | lengthscale: 186.219 | outputscale: 0.852 | noise: 0.282
Iter 1070 | Loss:  281.095 | lengthscale: 188.666 | outputscale: 0.854 | noise: 0.282
Iter 1080 | Loss:  280.632 | lengthscale: 191.189 | outputscale: 0.855 | noise: 0.282
Iter 1090 | Loss:  280.160 | lengthscale: 193.787 | outputscale: 0.857 | noise: 0.282
Iter 1100 | Loss:  279.678 | lengthscale: 196.462 | outputscale: 0.858 | noise: 0.282
Iter 1110 | Loss:  279.186 | lengthscale: 199.211 | outputscale: 0.859 | noise: 0.282
Iter 1120 | Loss:  278.688 | lengthscale: 202.032 | outputscale: 0.861 | noise: 0.282
Iter 1130 | Loss:  278.183 | lengthscale: 204.922 | outputscale: 0.862 | noise: 0.282
Iter 1140 | Loss:  277.674 | lengthscale: 207.877 | outputscale: 0.863 | noise: 0.282
Iter 1150 | Loss:  277.165 | lengthscale: 210.893 | outputscale: 0.864 | noise: 0.282
Iter 1160 | Loss:  276.654 | lengthscale: 213.963 | outputscale: 0.866 | noise: 0.282
Iter 1170 | Loss:  276.148 | lengthscale: 217.083 | outputscale: 0.867 | noise: 0.282
Iter 1180 | Loss:  275.646 | lengthscale: 220.248 | outputscale: 0.868 | noise: 0.282
Iter 1190 | Loss:  275.148 | lengthscale: 223.452 | outputscale: 0.870 | noise: 0.282
Iter 1200 | Loss:  274.663 | lengthscale: 226.689 | outputscale: 0.871 | noise: 0.282
Iter 1210 | Loss:  274.183 | lengthscale: 229.954 | outputscale: 0.873 | noise: 0.282
Iter 1220 | Loss:  273.715 | lengthscale: 233.242 | outputscale: 0.875 | noise: 0.282
Iter 1230 | Loss:  273.257 | lengthscale: 236.547 | outputscale: 0.877 | noise: 0.282
Iter 1240 | Loss:  272.814 | lengthscale: 239.864 | outputscale: 0.879 | noise: 0.282
Iter 1250 | Loss:  272.380 | lengthscale: 243.188 | outputscale: 0.881 | noise: 0.282
Iter 1260 | Loss:  271.964 | lengthscale: 246.514 | outputscale: 0.883 | noise: 0.282
Iter 1270 | Loss:  271.558 | lengthscale: 249.839 | outputscale: 0.885 | noise: 0.282
Iter 1280 | Loss:  271.167 | lengthscale: 253.159 | outputscale: 0.888 | noise: 0.282
Iter 1290 | Loss:  270.791 | lengthscale: 256.471 | outputscale: 0.891 | noise: 0.282
Iter 1300 | Loss:  270.426 | lengthscale: 259.772 | outputscale: 0.893 | noise: 0.282
Iter 1310 | Loss:  270.077 | lengthscale: 263.061 | outputscale: 0.896 | noise: 0.282
Iter 1320 | Loss:  269.740 | lengthscale: 266.339 | outputscale: 0.900 | noise: 0.282
Iter 1330 | Loss:  269.412 | lengthscale: 269.604 | outputscale: 0.903 | noise: 0.282
Iter 1340 | Loss:  269.098 | lengthscale: 272.858 | outputscale: 0.906 | noise: 0.282
Iter 1350 | Loss:  268.790 | lengthscale: 276.103 | outputscale: 0.910 | noise: 0.282
Iter 1360 | Loss:  268.494 | lengthscale: 279.340 | outputscale: 0.914 | noise: 0.282
Iter 1370 | Loss:  268.206 | lengthscale: 282.572 | outputscale: 0.917 | noise: 0.282
Iter 1380 | Loss:  267.924 | lengthscale: 285.801 | outputscale: 0.921 | noise: 0.282
Iter 1390 | Loss:  267.653 | lengthscale: 289.030 | outputscale: 0.926 | noise: 0.282
Iter 1400 | Loss:  267.385 | lengthscale: 292.262 | outputscale: 0.930 | noise: 0.282
Iter 1410 | Loss:  267.122 | lengthscale: 295.499 | outputscale: 0.934 | noise: 0.282
Iter 1420 | Loss:  266.868 | lengthscale: 298.744 | outputscale: 0.938 | noise: 0.282
Iter 1430 | Loss:  266.615 | lengthscale: 301.999 | outputscale: 0.943 | noise: 0.282
Iter 1440 | Loss:  266.366 | lengthscale: 305.265 | outputscale: 0.947 | noise: 0.282
Iter 1450 | Loss:  266.124 | lengthscale: 308.543 | outputscale: 0.952 | noise: 0.282
Iter 1460 | Loss:  265.886 | lengthscale: 311.835 | outputscale: 0.957 | noise: 0.282
Iter 1470 | Loss:  265.649 | lengthscale: 315.141 | outputscale: 0.962 | noise: 0.282
Iter 1480 | Loss:  265.420 | lengthscale: 318.460 | outputscale: 0.967 | noise: 0.282
Iter 1490 | Loss:  265.192 | lengthscale: 321.791 | outputscale: 0.972 | noise: 0.282
Iter 1500 | Loss:  264.967 | lengthscale: 325.134 | outputscale: 0.977 | noise: 0.282
Iter 1510 | Loss:  264.746 | lengthscale: 328.487 | outputscale: 0.982 | noise: 0.282
Iter 1520 | Loss:  264.531 | lengthscale: 331.848 | outputscale: 0.988 | noise: 0.282
Iter 1530 | Loss:  264.320 | lengthscale: 335.215 | outputscale: 0.993 | noise: 0.282
Iter 1540 | Loss:  264.111 | lengthscale: 338.586 | outputscale: 0.999 | noise: 0.282
Iter 1550 | Loss:  263.908 | lengthscale: 341.959 | outputscale: 1.004 | noise: 0.282
Iter 1560 | Loss:  263.708 | lengthscale: 345.330 | outputscale: 1.010 | noise: 0.282
Iter 1570 | Loss:  263.515 | lengthscale: 348.699 | outputscale: 1.016 | noise: 0.282
Iter 1580 | Loss:  263.321 | lengthscale: 352.062 | outputscale: 1.022 | noise: 0.282
Iter 1590 | Loss:  263.134 | lengthscale: 355.418 | outputscale: 1.029 | noise: 0.282
Iter 1600 | Loss:  262.955 | lengthscale: 358.765 | outputscale: 1.035 | noise: 0.282
Iter 1610 | Loss:  262.777 | lengthscale: 362.101 | outputscale: 1.041 | noise: 0.282
Iter 1620 | Loss:  262.604 | lengthscale: 365.425 | outputscale: 1.048 | noise: 0.282
Iter 1630 | Loss:  262.434 | lengthscale: 368.737 | outputscale: 1.055 | noise: 0.282
Iter 1640 | Loss:  262.268 | lengthscale: 372.034 | outputscale: 1.062 | noise: 0.282
Iter 1650 | Loss:  262.111 | lengthscale: 375.317 | outputscale: 1.069 | noise: 0.282
Iter 1660 | Loss:  261.953 | lengthscale: 378.585 | outputscale: 1.076 | noise: 0.282
Iter 1670 | Loss:  261.798 | lengthscale: 381.838 | outputscale: 1.083 | noise: 0.282
Iter 1680 | Loss:  261.650 | lengthscale: 385.076 | outputscale: 1.090 | noise: 0.282
Iter 1690 | Loss:  261.499 | lengthscale: 388.299 | outputscale: 1.098 | noise: 0.282
Iter 1700 | Loss:  261.363 | lengthscale: 391.507 | outputscale: 1.106 | noise: 0.282
Iter 1710 | Loss:  261.222 | lengthscale: 394.702 | outputscale: 1.113 | noise: 0.282
Iter 1720 | Loss:  261.082 | lengthscale: 397.885 | outputscale: 1.121 | noise: 0.282
Iter 1730 | Loss:  260.948 | lengthscale: 401.054 | outputscale: 1.129 | noise: 0.282
Iter 1740 | Loss:  260.819 | lengthscale: 404.212 | outputscale: 1.137 | noise: 0.282
Iter 1750 | Loss:  260.691 | lengthscale: 407.359 | outputscale: 1.146 | noise: 0.282
Iter 1760 | Loss:  260.567 | lengthscale: 410.496 | outputscale: 1.154 | noise: 0.282
Iter 1770 | Loss:  260.439 | lengthscale: 413.625 | outputscale: 1.163 | noise: 0.282
Iter 1780 | Loss:  260.315 | lengthscale: 416.746 | outputscale: 1.171 | noise: 0.282
Iter 1790 | Loss:  260.196 | lengthscale: 419.861 | outputscale: 1.180 | noise: 0.282
Iter 1800 | Loss:  260.083 | lengthscale: 422.969 | outputscale: 1.189 | noise: 0.282
Iter 1810 | Loss:  259.964 | lengthscale: 426.073 | outputscale: 1.198 | noise: 0.282
Iter 1820 | Loss:  259.848 | lengthscale: 429.174 | outputscale: 1.207 | noise: 0.282
Iter 1830 | Loss:  259.741 | lengthscale: 432.272 | outputscale: 1.216 | noise: 0.282
Iter 1840 | Loss:  259.632 | lengthscale: 435.369 | outputscale: 1.225 | noise: 0.282
Iter 1850 | Loss:  259.516 | lengthscale: 438.466 | outputscale: 1.235 | noise: 0.282
Iter 1860 | Loss:  259.410 | lengthscale: 441.564 | outputscale: 1.244 | noise: 0.282
Iter 1870 | Loss:  259.298 | lengthscale: 444.664 | outputscale: 1.254 | noise: 0.282
Iter 1880 | Loss:  259.193 | lengthscale: 447.765 | outputscale: 1.263 | noise: 0.282
Iter 1890 | Loss:  259.097 | lengthscale: 450.871 | outputscale: 1.273 | noise: 0.282
Iter 1900 | Loss:  258.987 | lengthscale: 453.982 | outputscale: 1.283 | noise: 0.282
Iter 1910 | Loss:  258.883 | lengthscale: 457.098 | outputscale: 1.293 | noise: 0.282
Iter 1920 | Loss:  258.790 | lengthscale: 460.219 | outputscale: 1.303 | noise: 0.282
Iter 1930 | Loss:  258.681 | lengthscale: 463.348 | outputscale: 1.314 | noise: 0.282
Iter 1940 | Loss:  258.591 | lengthscale: 466.484 | outputscale: 1.324 | noise: 0.282
Iter 1950 | Loss:  258.492 | lengthscale: 469.629 | outputscale: 1.334 | noise: 0.282
Iter 1960 | Loss:  258.396 | lengthscale: 472.782 | outputscale: 1.345 | noise: 0.282
Iter 1970 | Loss:  258.298 | lengthscale: 475.944 | outputscale: 1.356 | noise: 0.282
Iter 1980 | Loss:  258.203 | lengthscale: 479.116 | outputscale: 1.367 | noise: 0.282
Iter 1990 | Loss:  258.107 | lengthscale: 482.297 | outputscale: 1.378 | noise: 0.282
Iter 2000 | Loss:  258.020 | lengthscale: 485.487 | outputscale: 1.389 | noise: 0.282
Iter 2010 | Loss:  257.920 | lengthscale: 488.687 | outputscale: 1.400 | noise: 0.282
Iter 2020 | Loss:  257.828 | lengthscale: 491.897 | outputscale: 1.412 | noise: 0.282
Iter 2030 | Loss:  257.732 | lengthscale: 495.116 | outputscale: 1.423 | noise: 0.282
Iter 2040 | Loss:  257.643 | lengthscale: 498.347 | outputscale: 1.435 | noise: 0.282
Iter 2050 | Loss:  257.550 | lengthscale: 501.588 | outputscale: 1.447 | noise: 0.282
Iter 2060 | Loss:  257.460 | lengthscale: 504.839 | outputscale: 1.459 | noise: 0.282
Iter 2070 | Loss:  257.375 | lengthscale: 508.099 | outputscale: 1.471 | noise: 0.282
Iter 2080 | Loss:  257.281 | lengthscale: 511.368 | outputscale: 1.483 | noise: 0.282
Iter 2090 | Loss:  257.198 | lengthscale: 514.646 | outputscale: 1.496 | noise: 0.282
Iter 2100 | Loss:  257.107 | lengthscale: 517.933 | outputscale: 1.508 | noise: 0.282
Iter 2110 | Loss:  257.009 | lengthscale: 521.228 | outputscale: 1.521 | noise: 0.281
Iter 2120 | Loss:  256.935 | lengthscale: 524.533 | outputscale: 1.534 | noise: 0.281
Iter 2130 | Loss:  256.845 | lengthscale: 527.846 | outputscale: 1.547 | noise: 0.281
Iter 2140 | Loss:  256.769 | lengthscale: 531.168 | outputscale: 1.561 | noise: 0.281
Iter 2150 | Loss:  256.678 | lengthscale: 534.496 | outputscale: 1.574 | noise: 0.281
Iter 2160 | Loss:  256.594 | lengthscale: 537.832 | outputscale: 1.588 | noise: 0.281
Iter 2170 | Loss:  256.503 | lengthscale: 541.174 | outputscale: 1.602 | noise: 0.281
Iter 2180 | Loss:  256.419 | lengthscale: 544.521 | outputscale: 1.616 | noise: 0.281
Iter 2190 | Loss:  256.341 | lengthscale: 547.874 | outputscale: 1.631 | noise: 0.281
Iter 2200 | Loss:  256.265 | lengthscale: 551.230 | outputscale: 1.645 | noise: 0.281
Iter 2210 | Loss:  256.171 | lengthscale: 554.592 | outputscale: 1.660 | noise: 0.281
Iter 2220 | Loss:  256.083 | lengthscale: 557.959 | outputscale: 1.676 | noise: 0.281
Iter 2230 | Loss:  256.016 | lengthscale: 561.329 | outputscale: 1.691 | noise: 0.281
Iter 2240 | Loss:  255.937 | lengthscale: 564.702 | outputscale: 1.707 | noise: 0.281
Iter 2250 | Loss:  255.857 | lengthscale: 568.077 | outputscale: 1.723 | noise: 0.281
Iter 2260 | Loss:  255.764 | lengthscale: 571.454 | outputscale: 1.739 | noise: 0.281
Iter 2270 | Loss:  255.677 | lengthscale: 574.833 | outputscale: 1.755 | noise: 0.281
Iter 2280 | Loss:  255.601 | lengthscale: 578.215 | outputscale: 1.772 | noise: 0.281
Iter 2290 | Loss:  255.535 | lengthscale: 581.597 | outputscale: 1.789 | noise: 0.281
Iter 2300 | Loss:  255.436 | lengthscale: 584.981 | outputscale: 1.807 | noise: 0.281
Iter 2310 | Loss:  255.371 | lengthscale: 588.364 | outputscale: 1.825 | noise: 0.281
Iter 2320 | Loss:  255.283 | lengthscale: 591.748 | outputscale: 1.843 | noise: 0.281
Iter 2330 | Loss:  255.200 | lengthscale: 595.136 | outputscale: 1.861 | noise: 0.281
Iter 2340 | Loss:  255.129 | lengthscale: 598.526 | outputscale: 1.880 | noise: 0.281
Iter 2350 | Loss:  255.032 | lengthscale: 601.914 | outputscale: 1.900 | noise: 0.281
Iter 2360 | Loss:  254.958 | lengthscale: 605.299 | outputscale: 1.919 | noise: 0.281
Iter 2370 | Loss:  254.880 | lengthscale: 608.685 | outputscale: 1.939 | noise: 0.281
Iter 2380 | Loss:  254.795 | lengthscale: 612.069 | outputscale: 1.960 | noise: 0.281
Iter 2390 | Loss:  254.719 | lengthscale: 615.449 | outputscale: 1.981 | noise: 0.281
Iter 2400 | Loss:  254.641 | lengthscale: 618.829 | outputscale: 2.003 | noise: 0.281
Iter 2410 | Loss:  254.552 | lengthscale: 622.207 | outputscale: 2.025 | noise: 0.281
Iter 2420 | Loss:  254.471 | lengthscale: 625.580 | outputscale: 2.047 | noise: 0.281
Iter 2430 | Loss:  254.397 | lengthscale: 628.952 | outputscale: 2.070 | noise: 0.281
Iter 2440 | Loss:  254.307 | lengthscale: 632.322 | outputscale: 2.094 | noise: 0.281
Iter 2450 | Loss:  254.226 | lengthscale: 635.689 | outputscale: 2.118 | noise: 0.281
Iter 2460 | Loss:  254.151 | lengthscale: 639.051 | outputscale: 2.143 | noise: 0.281
Iter 2470 | Loss:  254.068 | lengthscale: 642.406 | outputscale: 2.168 | noise: 0.281
Iter 2480 | Loss:  253.989 | lengthscale: 645.756 | outputscale: 2.194 | noise: 0.281
Iter 2490 | Loss:  253.910 | lengthscale: 649.101 | outputscale: 2.221 | noise: 0.281
Iter 2499 | Loss:  253.818 | lengthscale: 652.106 | outputscale: 2.246 | noise: 0.281
Learned Hyperparams:  {'lengthscale': 652.1058959960938, 'outputscale': 2.245903730392456, 'noise': 0.2808572053909302, 'marginal_likelihood_loss_history': [2744.4814453125, 2732.09814453125, 2720.2841796875, 2709.03662109375, 2698.35009765625, 2688.21923828125, 2678.635986328125, 2669.59130859375, 2661.0751953125, 2653.0751953125, 2645.5791015625, 2638.5712890625, 2632.037109375, 2625.9599609375, 2620.32177734375, 2615.1044921875, 2610.28857421875, 2605.8544921875, 2601.78125, 2598.048828125, 2594.6357421875, 2591.5205078125, 2588.68212890625, 2586.10009765625, 2583.752685546875, 2581.619873046875, 2579.681396484375, 2577.91796875, 2576.310302734375, 2574.8408203125, 2573.4912109375, 2572.245361328125, 2571.08740234375, 2570.00244140625, 2568.976806640625, 2567.996826171875, 2567.05029296875, 2566.12646484375, 2565.2138671875, 2564.3037109375, 2563.38671875, 2562.454833984375, 2561.50048828125, 2560.51708984375, 2559.49853515625, 2558.4384765625, 2557.33251953125, 2556.17529296875, 2554.962890625, 2553.6904296875, 2552.354248046875, 2550.95068359375, 2549.476318359375, 2547.92724609375, 2546.2998046875, 2544.5908203125, 2542.79638671875, 2540.912841796875, 2538.936279296875, 2536.862548828125, 2534.6875, 2532.40673828125, 2530.01513671875, 2527.50830078125, 2524.8798828125, 2522.12451171875, 2519.236328125, 2516.208984375, 2513.03564453125, 2509.708984375, 2506.221435546875, 2502.56494140625, 2498.7314453125, 2494.7119140625, 2490.49755859375, 2486.07861328125, 2481.4453125, 2476.5869140625, 2471.4931640625, 2466.153076171875, 2460.55517578125, 2454.688232421875, 2448.5400390625, 2442.0986328125, 2435.35205078125, 2428.2880859375, 2420.8935546875, 2413.156494140625, 2405.064453125, 2396.604736328125, 2387.765625, 2378.53466796875, 2368.900146484375, 2358.8505859375, 2348.375, 2337.46240234375, 2326.102783203125, 2314.286376953125, 2302.00390625, 2289.2470703125, 2276.0078125, 2262.279052734375, 2248.0546875, 2233.328857421875, 2218.09716796875, 2202.35595703125, 2186.1025390625, 2169.33642578125, 2152.056640625, 2134.26513671875, 2115.965087890625, 2097.1611328125, 2077.859619140625, 2058.06982421875, 2037.8023681640625, 2017.0711669921875, 1995.892333984375, 1974.2850341796875, 1952.271484375, 1929.877197265625, 1907.130859375, 1884.0650634765625, 1860.71533203125, 1837.1212158203125, 1813.325439453125, 1789.3734130859375, 1765.3135986328125, 1741.196533203125, 1717.0736083984375, 1692.99658203125, 1669.0162353515625, 1645.181396484375, 1621.5367431640625, 1598.122314453125, 1574.970947265625, 1552.10986328125, 1529.5574951171875, 1507.326416015625, 1485.4227294921875, 1463.8486328125, 1442.60302734375, 1421.6832275390625, 1401.0869140625, 1380.811767578125, 1360.8548583984375, 1341.21533203125, 1321.8929443359375, 1302.888671875, 1284.2044677734375, 1265.8453369140625, 1247.817626953125, 1230.13037109375, 1212.795654296875, 1195.826416015625, 1179.237060546875, 1163.041259765625, 1147.2523193359375, 1131.879638671875, 1116.9285888671875, 1102.3988037109375, 1088.283935546875, 1074.570556640625, 1061.239990234375, 1048.267333984375, 1035.625244140625, 1023.284912109375, 1011.2190551757812, 999.4039306640625, 987.8212890625, 976.4586181640625, 965.310302734375, 954.37548828125, 943.6565551757812, 933.1585693359375, 922.8857421875, 912.8409423828125, 903.0235595703125, 893.4295654296875, 884.0515747070312, 874.8805541992188, 865.90576171875, 857.116943359375, 848.5046997070312, 840.064208984375, 831.791015625, 823.6842041015625, 815.744140625, 807.9718017578125, 800.3678588867188, 792.9312133789062, 785.6597900390625, 778.5498657226562, 771.5966186523438, 764.7941284179688, 758.13720703125, 751.62060546875, 745.2409057617188, 738.9952392578125, 732.8812255859375, 726.8980712890625, 721.0440673828125, 715.3175048828125, 709.7158203125, 704.236328125, 698.8751220703125, 693.62890625, 688.4937744140625, 683.4659423828125, 678.542724609375, 673.721435546875, 669.0003662109375, 664.3773193359375, 659.8501586914062, 655.4176025390625, 651.0762939453125, 646.82470703125, 642.66015625, 638.580322265625, 634.582275390625, 630.664306640625, 626.82421875, 623.060302734375, 619.37060546875, 615.75390625, 612.2080078125, 608.7311401367188, 605.32177734375, 601.9778442382812, 598.6976318359375, 595.4793090820312, 592.3212890625, 589.2219848632812, 586.1796875, 583.1929931640625, 580.260986328125, 577.3818969726562, 574.5540771484375, 571.7769165039062, 569.048583984375, 566.36767578125, 563.733642578125, 561.144775390625, 558.5999755859375, 556.09814453125, 553.638671875, 551.2203369140625, 548.84228515625, 546.5032958984375, 544.2027587890625, 541.939697265625, 539.712890625, 537.5219116210938, 535.3662109375, 533.2445068359375, 531.156005859375, 529.1002807617188, 527.0767211914062, 525.0841064453125, 523.122314453125, 521.1903076171875, 519.2877197265625, 517.413818359375, 515.5679321289062, 513.7493896484375, 511.95770263671875, 510.1923828125, 508.4527587890625, 506.7384033203125, 505.04876708984375, 503.38336181640625, 501.7413330078125, 500.1229248046875, 498.52691650390625, 496.953125, 495.40142822265625, 493.87127685546875, 492.36175537109375, 490.87286376953125, 489.404052734375, 487.9554443359375, 486.525634765625, 485.1153564453125, 483.72314453125, 482.349853515625, 480.99420166015625, 479.65655517578125, 478.3359375, 477.0323486328125, 475.7457275390625, 474.4752197265625, 473.22113037109375, 471.98291015625, 470.760009765625, 469.5526123046875, 468.360107421875, 467.1824951171875, 466.0191650390625, 464.87030029296875, 463.7352294921875, 462.6141357421875, 461.5067138671875, 460.412353515625, 459.33056640625, 458.26226806640625, 457.2061767578125, 456.1627197265625, 455.1307373046875, 454.111328125, 453.1033935546875, 452.1070556640625, 451.1217041015625, 450.1470947265625, 449.18402099609375, 448.231201171875, 447.28839111328125, 446.356201171875, 445.4339599609375, 444.521484375, 443.61846923828125, 442.72454833984375, 441.8399658203125, 440.96466064453125, 440.09796142578125, 439.2398681640625, 438.3900146484375, 437.5487060546875, 436.715087890625, 435.8890380859375, 435.0712890625, 434.2607421875, 433.45733642578125, 432.66119384765625, 431.8724365234375, 431.08984375, 430.31451416015625, 429.544921875, 428.781982421875, 428.0250244140625, 427.274658203125, 426.52978515625, 425.790283203125, 425.056884765625, 424.328857421875, 423.60601806640625, 422.888427734375, 422.176025390625, 421.4683837890625, 420.76556396484375, 420.067626953125, 419.3736572265625, 418.68505859375, 418.0003662109375, 417.3201904296875, 416.6441650390625, 415.9720458984375, 415.30389404296875, 414.6392822265625, 413.97918701171875, 413.32244873046875, 412.6693115234375, 412.020263671875, 411.3741455078125, 410.7315673828125, 410.09228515625, 409.45635986328125, 408.82373046875, 408.194091796875, 407.56756591796875, 406.94415283203125, 406.3236083984375, 405.7060546875, 405.0909423828125, 404.47918701171875, 403.86981201171875, 403.26324462890625, 402.6591796875, 402.0579833984375, 401.4588623046875, 400.86212158203125, 400.26873779296875, 399.6773681640625, 399.08795166015625, 398.50128173828125, 397.91650390625, 397.33447265625, 396.7547607421875, 396.17694091796875, 395.601318359375, 395.0281982421875, 394.45703125, 393.8878173828125, 393.32098388671875, 392.75628662109375, 392.193603515625, 391.633056640625, 391.07470703125, 390.51776123046875, 389.964111328125, 389.4117431640625, 388.8614501953125, 388.3128662109375, 387.7669677734375, 387.22296142578125, 386.68109130859375, 386.140869140625, 385.60302734375, 385.06707763671875, 384.533447265625, 384.0015869140625, 383.4720458984375, 382.94482421875, 382.41943359375, 381.8956298828125, 381.37445068359375, 380.855712890625, 380.3388671875, 379.823974609375, 379.3115234375, 378.8011474609375, 378.29296875, 377.7864990234375, 377.28271484375, 376.78125, 376.28155517578125, 375.78387451171875, 375.2894287109375, 374.7962646484375, 374.305419921875, 373.81695556640625, 373.330810546875, 372.84686279296875, 372.3651123046875, 371.8857421875, 371.40863037109375, 370.93359375, 370.4608154296875, 369.99053955078125, 369.52197265625, 369.05621337890625, 368.593017578125, 368.1312255859375, 367.6727294921875, 367.21490478515625, 366.7606201171875, 366.308349609375, 365.8582763671875, 365.41015625, 364.96453857421875, 364.5213623046875, 364.0797119140625, 363.640869140625, 363.20404052734375, 362.76953125, 362.3369140625, 361.90704345703125, 361.47906494140625, 361.05352783203125, 360.6297607421875, 360.2083740234375, 359.789306640625, 359.371826171875, 358.9569091796875, 358.54412841796875, 358.133544921875, 357.724853515625, 357.318359375, 356.91412353515625, 356.5113525390625, 356.111572265625, 355.7132568359375, 355.317138671875, 354.922607421875, 354.53057861328125, 354.1407470703125, 353.7525634765625, 353.3668212890625, 352.982666015625, 352.6002197265625, 352.2205810546875, 351.841796875, 351.4656982421875, 351.0919189453125, 350.71923828125, 350.3486328125, 349.9798583984375, 349.61328125, 349.248779296875, 348.885986328125, 348.5250244140625, 348.1661376953125, 347.8084716796875, 347.4532470703125, 347.099609375, 346.7479248046875, 346.3978271484375, 346.049560546875, 345.703369140625, 345.3587646484375, 345.01611328125, 344.675048828125, 344.3360595703125, 343.9981689453125, 343.663330078125, 343.3292236328125, 342.9971923828125, 342.6668701171875, 342.3385009765625, 342.0113525390625, 341.6861572265625, 341.3626708984375, 341.0411376953125, 340.721435546875, 340.403076171875, 340.0867919921875, 339.772705078125, 339.4591064453125, 339.1474609375, 338.8377685546875, 338.5294189453125, 338.22265625, 337.9183349609375, 337.6158447265625, 337.3143310546875, 337.0146484375, 336.717041015625, 336.4208984375, 336.126220703125, 335.8333740234375, 335.5416259765625, 335.2520751953125, 334.9642333984375, 334.6778564453125, 334.392822265625, 334.1099853515625, 333.8282470703125, 333.5478515625, 333.2696533203125, 332.9923095703125, 332.7174072265625, 332.4442138671875, 332.17138671875, 331.9012451171875, 331.6319580078125, 331.36474609375, 331.0982666015625, 330.8338623046875, 330.57080078125, 330.3099365234375, 330.0499267578125, 329.79150390625, 329.5340576171875, 329.2784423828125, 329.0242919921875, 328.771728515625, 328.5203857421875, 328.2708740234375, 328.0223388671875, 327.7750244140625, 327.5299072265625, 327.2855224609375, 327.0423583984375, 326.80078125, 326.560302734375, 326.3214111328125, 326.084228515625, 325.8480224609375, 325.612548828125, 325.379150390625, 325.1463623046875, 324.915283203125, 324.6849365234375, 324.45654296875, 324.229248046875, 324.0030517578125, 323.777587890625, 323.5540771484375, 323.3314208984375, 323.1099853515625, 322.888671875, 322.6700439453125, 322.451171875, 322.2344970703125, 322.0189208984375, 321.8035888671875, 321.590087890625, 321.3773193359375, 321.1658935546875, 320.9556884765625, 320.7462158203125, 320.5374755859375, 320.330078125, 320.1241455078125, 319.91845703125, 319.714111328125, 319.51123046875, 319.3084716796875, 319.1072998046875, 318.906494140625, 318.70751953125, 318.5081787109375, 318.31103515625, 318.1143798828125, 317.918212890625, 317.7235107421875, 317.5301513671875, 317.337646484375, 317.1446533203125, 316.9532470703125, 316.7628173828125, 316.573486328125, 316.3853759765625, 316.1973876953125, 316.0107421875, 315.824951171875, 315.639892578125, 315.4559326171875, 315.2734375, 315.0914306640625, 314.9095458984375, 314.728515625, 314.548583984375, 314.3699951171875, 314.1912841796875, 314.0145263671875, 313.8380126953125, 313.6619873046875, 313.487060546875, 313.3140869140625, 313.140625, 312.9678955078125, 312.7962646484375, 312.6265869140625, 312.456298828125, 312.287841796875, 312.1181640625, 311.9515380859375, 311.7850341796875, 311.619140625, 311.4541015625, 311.2896728515625, 311.1268310546875, 310.9642333984375, 310.8023681640625, 310.6407470703125, 310.4815673828125, 310.3214111328125, 310.1634521484375, 310.0052490234375, 309.8480224609375, 309.6920166015625, 309.536865234375, 309.3817138671875, 309.228271484375, 309.074951171875, 308.9227294921875, 308.77001953125, 308.6207275390625, 308.4705810546875, 308.31982421875, 308.171875, 308.0242919921875, 307.87646484375, 307.7313232421875, 307.58642578125, 307.4404296875, 307.29638671875, 307.154296875, 307.011474609375, 306.869873046875, 306.728515625, 306.5877685546875, 306.4482421875, 306.30908203125, 306.1705322265625, 306.0328369140625, 305.89697265625, 305.7601318359375, 305.6246337890625, 305.4901123046875, 305.3560791015625, 305.222412109375, 305.0894775390625, 304.95751953125, 304.8262939453125, 304.69580078125, 304.5662841796875, 304.4371337890625, 304.3076171875, 304.1790771484375, 304.0518798828125, 303.9256591796875, 303.79833984375, 303.6741943359375, 303.549072265625, 303.4246826171875, 303.3013916015625, 303.1778564453125, 303.055908203125, 302.933837890625, 302.813232421875, 302.6925048828125, 302.572998046875, 302.4539794921875, 302.3341064453125, 302.2161865234375, 302.0986328125, 301.982421875, 301.8656005859375, 301.75, 301.6346435546875, 301.5194091796875, 301.406005859375, 301.2916259765625, 301.178466796875, 301.0660400390625, 300.9544677734375, 300.84326171875, 300.7315673828125, 300.62158203125, 300.512451171875, 300.402587890625, 300.295166015625, 300.1859130859375, 300.0770263671875, 299.9698486328125, 299.8642578125, 299.7576904296875, 299.6524658203125, 299.546875, 299.4422607421875, 299.3385009765625, 299.2337646484375, 299.1307373046875, 299.02734375, 298.926025390625, 298.8236083984375, 298.7225341796875, 298.6217041015625, 298.5213623046875, 298.422119140625, 298.3236083984375, 298.22314453125, 298.125244140625, 298.0272216796875, 297.9298095703125, 297.8319091796875, 297.7357177734375, 297.64013671875, 297.5443115234375, 297.4495849609375, 297.353759765625, 297.2603759765625, 297.16650390625, 297.0740966796875, 296.9810791015625, 296.8875732421875, 296.7952880859375, 296.7042236328125, 296.613037109375, 296.521728515625, 296.4310302734375, 296.341552734375, 296.2520751953125, 296.1639404296875, 296.0748291015625, 295.9871826171875, 295.8995361328125, 295.8131103515625, 295.72607421875, 295.6396484375, 295.5533447265625, 295.4683837890625, 295.3834228515625, 295.298583984375, 295.2149658203125, 295.130615234375, 295.0484619140625, 294.965087890625, 294.883544921875, 294.8013916015625, 294.7198486328125, 294.6380615234375, 294.558837890625, 294.4783935546875, 294.3992919921875, 294.3194580078125, 294.2406005859375, 294.1622314453125, 294.0845947265625, 294.0067138671875, 293.929931640625, 293.8543701171875, 293.7774658203125, 293.7010498046875, 293.6265869140625, 293.5517578125, 293.4774169921875, 293.4034423828125, 293.3297119140625, 293.257080078125, 293.1842041015625, 293.1124267578125, 293.0413818359375, 292.9678955078125, 292.8973388671875, 292.828125, 292.757080078125, 292.687255859375, 292.618408203125, 292.5509033203125, 292.481201171875, 292.4141845703125, 292.3453369140625, 292.27880859375, 292.21240234375, 292.1466064453125, 292.0794677734375, 292.01513671875, 291.9493408203125, 291.8856201171875, 291.82177734375, 291.7586669921875, 291.6947021484375, 291.63134765625, 291.56884765625, 291.507568359375, 291.4439697265625, 291.38330078125, 291.32373046875, 291.2625732421875, 291.2015380859375, 291.1429443359375, 291.0831298828125, 291.025390625, 290.966552734375, 290.9085693359375, 290.85205078125, 290.7938232421875, 290.736328125, 290.679443359375, 290.6234130859375, 290.5670166015625, 290.5113525390625, 290.4559326171875, 290.4010009765625, 290.3463134765625, 290.29345703125, 290.239013671875, 290.1856689453125, 290.1314697265625, 290.07861328125, 290.0272216796875, 289.97509765625, 289.921875, 289.8712158203125, 289.8201904296875, 289.7686767578125, 289.7174072265625, 289.666748046875, 289.6177978515625, 289.5682373046875, 289.517822265625, 289.4688720703125, 289.4208984375, 289.3717041015625, 289.321533203125, 289.27490234375, 289.2279052734375, 289.18017578125, 289.1322021484375, 289.0848388671875, 289.0394287109375, 288.9925537109375, 288.947021484375, 288.8995361328125, 288.855224609375, 288.808837890625, 288.7626953125, 288.71826171875, 288.6728515625, 288.6290283203125, 288.5841064453125, 288.540283203125, 288.49560546875, 288.4520263671875, 288.40771484375, 288.365234375, 288.3233642578125, 288.2808837890625, 288.2366943359375, 288.1934814453125, 288.1517333984375, 288.108642578125, 288.0667724609375, 288.0245361328125, 287.984375, 287.943115234375, 287.9007568359375, 287.8609619140625, 287.8193359375, 287.7801513671875, 287.73828125, 287.6978759765625, 287.657470703125, 287.6142578125, 287.575927734375, 287.5355224609375, 287.4951171875, 287.4561767578125, 287.4151611328125, 287.3763427734375, 287.3375244140625, 287.2982177734375, 287.260009765625, 287.2205810546875, 287.1810302734375, 287.1424560546875, 287.102783203125, 287.0653076171875, 287.0267333984375, 286.987548828125, 286.9501953125, 286.910888671875, 286.8731689453125, 286.8363037109375, 286.796142578125, 286.7589111328125, 286.7205810546875, 286.681640625, 286.6436767578125, 286.607177734375, 286.5706787109375, 286.5318603515625, 286.4952392578125, 286.4588623046875, 286.419677734375, 286.3822021484375, 286.3465576171875, 286.30859375, 286.272705078125, 286.234375, 286.1976318359375, 286.1597900390625, 286.12255859375, 286.0853271484375, 286.048583984375, 286.0130615234375, 285.975341796875, 285.9385986328125, 285.90283203125, 285.86572265625, 285.8280029296875, 285.791259765625, 285.7545166015625, 285.7178955078125, 285.6810302734375, 285.6444091796875, 285.60791015625, 285.571533203125, 285.5343017578125, 285.4979248046875, 285.4605712890625, 285.42431640625, 285.387939453125, 285.3494873046875, 285.3125, 285.2769775390625, 285.24169921875, 285.2037353515625, 285.1671142578125, 285.1302490234375, 285.0926513671875, 285.0557861328125, 285.0181884765625, 284.9815673828125, 284.9444580078125, 284.907958984375, 284.8717041015625, 284.8341064453125, 284.79736328125, 284.759033203125, 284.7227783203125, 284.6865234375, 284.649169921875, 284.6094970703125, 284.5743408203125, 284.53759765625, 284.5009765625, 284.4630126953125, 284.4249267578125, 284.3861083984375, 284.348876953125, 284.312255859375, 284.2747802734375, 284.2354736328125, 284.1983642578125, 284.1597900390625, 284.1219482421875, 284.0843505859375, 284.0462646484375, 284.00927734375, 283.9688720703125, 283.931396484375, 283.8917236328125, 283.8541259765625, 283.81591796875, 283.7769775390625, 283.7381591796875, 283.7008056640625, 283.6602783203125, 283.620849609375, 283.5823974609375, 283.54345703125, 283.5042724609375, 283.4647216796875, 283.4244384765625, 283.386962890625, 283.3460693359375, 283.3060302734375, 283.2672119140625, 283.2269287109375, 283.1861572265625, 283.147705078125, 283.107177734375, 283.0660400390625, 283.02685546875, 282.9862060546875, 282.9423828125, 282.9036865234375, 282.86474609375, 282.8231201171875, 282.7813720703125, 282.7410888671875, 282.697998046875, 282.6590576171875, 282.6168212890625, 282.5748291015625, 282.53466796875, 282.4927978515625, 282.4505615234375, 282.4080810546875, 282.3656005859375, 282.3233642578125, 282.281005859375, 282.2369384765625, 282.1964111328125, 282.1533203125, 282.1114501953125, 282.0679931640625, 282.0252685546875, 281.9820556640625, 281.939208984375, 281.8944091796875, 281.8531494140625, 281.8070068359375, 281.7647705078125, 281.719482421875, 281.67724609375, 281.6324462890625, 281.5892333984375, 281.5457763671875, 281.5006103515625, 281.4556884765625, 281.410888671875, 281.3673095703125, 281.322265625, 281.2755126953125, 281.2305908203125, 281.1866455078125, 281.1409912109375, 281.0946044921875, 281.0487060546875, 281.0054931640625, 280.957275390625, 280.912109375, 280.86572265625, 280.8193359375, 280.7725830078125, 280.72607421875, 280.6805419921875, 280.63232421875, 280.5850830078125, 280.5400390625, 280.4940185546875, 280.4461669921875, 280.3992919921875, 280.3521728515625, 280.30517578125, 280.255126953125, 280.209716796875, 280.1602783203125, 280.1131591796875, 280.06591796875, 280.0166015625, 279.969482421875, 279.9208984375, 279.8707275390625, 279.8236083984375, 279.7750244140625, 279.7274169921875, 279.6776123046875, 279.6285400390625, 279.58154296875, 279.531494140625, 279.4813232421875, 279.435302734375, 279.383544921875, 279.3359375, 279.2867431640625, 279.236083984375, 279.186279296875, 279.1358642578125, 279.0853271484375, 279.03662109375, 278.985595703125, 278.9371337890625, 278.8873291015625, 278.83642578125, 278.7852783203125, 278.7386474609375, 278.6878662109375, 278.6365966796875, 278.5863037109375, 278.5369873046875, 278.4871826171875, 278.4361572265625, 278.3853759765625, 278.335693359375, 278.2833251953125, 278.234619140625, 278.1832275390625, 278.132080078125, 278.0814208984375, 278.0299072265625, 277.9815673828125, 277.9288330078125, 277.8790283203125, 277.8267822265625, 277.7767333984375, 277.72509765625, 277.6744384765625, 277.624267578125, 277.5736083984375, 277.5201416015625, 277.4716796875, 277.4180908203125, 277.3699951171875, 277.3182373046875, 277.2659912109375, 277.215087890625, 277.1646728515625, 277.1129150390625, 277.0628662109375, 277.012451171875, 276.9603271484375, 276.9090576171875, 276.85791015625, 276.8089599609375, 276.7576904296875, 276.70458984375, 276.654296875, 276.6044921875, 276.5537109375, 276.501953125, 276.4525146484375, 276.4019775390625, 276.3507080078125, 276.2989501953125, 276.2489013671875, 276.2008056640625, 276.1483154296875, 276.0994873046875, 276.0472412109375, 275.9959716796875, 275.947509765625, 275.895751953125, 275.8463134765625, 275.7979736328125, 275.748046875, 275.6988525390625, 275.6461181640625, 275.5960693359375, 275.5477294921875, 275.4984130859375, 275.4483642578125, 275.39697265625, 275.3489990234375, 275.2999267578125, 275.2481689453125, 275.200439453125, 275.1484375, 275.1007080078125, 275.0537109375, 275.001953125, 274.9547119140625, 274.9049072265625, 274.8575439453125, 274.8079833984375, 274.7603759765625, 274.7091064453125, 274.6627197265625, 274.6134033203125, 274.5660400390625, 274.518798828125, 274.4698486328125, 274.4232177734375, 274.3726806640625, 274.3260498046875, 274.2789306640625, 274.2310791015625, 274.183349609375, 274.1363525390625, 274.089599609375, 274.0404052734375, 273.9927978515625, 273.9483642578125, 273.9002685546875, 273.8536376953125, 273.806396484375, 273.7618408203125, 273.714599609375, 273.668212890625, 273.6229248046875, 273.5765380859375, 273.5316162109375, 273.484375, 273.4383544921875, 273.3931884765625, 273.3480224609375, 273.30419921875, 273.2568359375, 273.21142578125, 273.1689453125, 273.1236572265625, 273.076904296875, 273.034423828125, 272.987060546875, 272.945556640625, 272.900390625, 272.857421875, 272.813720703125, 272.76806640625, 272.7244873046875, 272.6824951171875, 272.6380615234375, 272.59423828125, 272.553955078125, 272.5098876953125, 272.4664306640625, 272.424072265625, 272.3798828125, 272.3380126953125, 272.2945556640625, 272.2554931640625, 272.2130126953125, 272.1715087890625, 272.128173828125, 272.0860595703125, 272.046630859375, 272.0035400390625, 271.963623046875, 271.920166015625, 271.8812255859375, 271.841064453125, 271.7972412109375, 271.7589111328125, 271.7193603515625, 271.6766357421875, 271.6385498046875, 271.599853515625, 271.5579833984375, 271.517822265625, 271.480224609375, 271.440673828125, 271.400634765625, 271.3623046875, 271.3228759765625, 271.281494140625, 271.2420654296875, 271.208251953125, 271.16748046875, 271.1295166015625, 271.09130859375, 271.0526123046875, 271.01611328125, 270.9769287109375, 270.9388427734375, 270.9027099609375, 270.864990234375, 270.8272705078125, 270.7913818359375, 270.751953125, 270.7154541015625, 270.6807861328125, 270.6427001953125, 270.605224609375, 270.5704345703125, 270.5343017578125, 270.49658203125, 270.4625244140625, 270.4263916015625, 270.39208984375, 270.355224609375, 270.3206787109375, 270.2861328125, 270.2503662109375, 270.2154541015625, 270.18017578125, 270.143310546875, 270.111083984375, 270.0767822265625, 270.0439453125, 270.008056640625, 269.9759521484375, 269.9410400390625, 269.9066162109375, 269.87158203125, 269.8421630859375, 269.8043212890625, 269.77294921875, 269.7401123046875, 269.7054443359375, 269.6729736328125, 269.6400146484375, 269.606201171875, 269.5765380859375, 269.541259765625, 269.5089111328125, 269.4776611328125, 269.4444580078125, 269.4119873046875, 269.3800048828125, 269.34716796875, 269.3148193359375, 269.2860107421875, 269.2545166015625, 269.221435546875, 269.19091796875, 269.1585693359375, 269.1297607421875, 269.098388671875, 269.06787109375, 269.035400390625, 269.005126953125, 268.974365234375, 268.9427490234375, 268.910400390625, 268.88232421875, 268.8511962890625, 268.8199462890625, 268.790283203125, 268.7613525390625, 268.7296142578125, 268.7008056640625, 268.6744384765625, 268.6417236328125, 268.6134033203125, 268.58349609375, 268.5523681640625, 268.522705078125, 268.494384765625, 268.4664306640625, 268.4327392578125, 268.4056396484375, 268.3768310546875, 268.3477783203125, 268.3199462890625, 268.29296875, 268.2615966796875, 268.235595703125, 268.205810546875, 268.177001953125, 268.1507568359375, 268.1217041015625, 268.0950927734375, 268.0653076171875, 268.0379638671875, 268.00927734375, 267.9818115234375, 267.9527587890625, 267.92431640625, 267.8975830078125, 267.8702392578125, 267.8446044921875, 267.8167724609375, 267.7880859375, 267.7618408203125, 267.7325439453125, 267.705322265625, 267.6787109375, 267.65283203125, 267.6246337890625, 267.600830078125, 267.570068359375, 267.541748046875, 267.5213623046875, 267.4927978515625, 267.4638671875, 267.4376220703125, 267.4117431640625, 267.3853759765625, 267.3555908203125, 267.3316650390625, 267.3038330078125, 267.27783203125, 267.254150390625, 267.2264404296875, 267.20068359375, 267.1746826171875, 267.1500244140625, 267.12158203125, 267.0982666015625, 267.0732421875, 267.046875, 267.0198974609375, 266.9947509765625, 266.9693603515625, 266.941162109375, 266.91748046875, 266.894287109375, 266.86767578125, 266.8424072265625, 266.8172607421875, 266.7921142578125, 266.765625, 266.7415771484375, 266.7156982421875, 266.6917724609375, 266.6644287109375, 266.6409912109375, 266.6151123046875, 266.5894775390625, 266.564697265625, 266.540771484375, 266.5155029296875, 266.4893798828125, 266.4652099609375, 266.44140625, 266.4173583984375, 266.3939208984375, 266.366455078125, 266.344482421875, 266.3199462890625, 266.296630859375, 266.2696533203125, 266.243896484375, 266.2218017578125, 266.1964111328125, 266.171875, 266.14892578125, 266.124267578125, 266.0999755859375, 266.077392578125, 266.0521240234375, 266.029052734375, 266.0030517578125, 265.979736328125, 265.9556884765625, 265.9324951171875, 265.9105224609375, 265.8861083984375, 265.8624267578125, 265.838134765625, 265.815185546875, 265.790771484375, 265.7669677734375, 265.7432861328125, 265.720703125, 265.6976318359375, 265.6756591796875, 265.6490478515625, 265.6280517578125, 265.602294921875, 265.5802001953125, 265.558837890625, 265.5338134765625, 265.5081787109375, 265.486328125, 265.46484375, 265.4407958984375, 265.419921875, 265.3951416015625, 265.3717041015625, 265.3525390625, 265.328369140625, 265.3033447265625, 265.280517578125, 265.2569580078125, 265.2344970703125, 265.2152099609375, 265.1915283203125, 265.168701171875, 265.146728515625, 265.1226806640625, 265.1016845703125, 265.0765380859375, 265.0528564453125, 265.031982421875, 265.0108642578125, 264.989013671875, 264.9669189453125, 264.9471435546875, 264.9212646484375, 264.9005126953125, 264.880126953125, 264.857177734375, 264.83447265625, 264.8140869140625, 264.79150390625, 264.7708740234375, 264.74560546875, 264.724853515625, 264.7044677734375, 264.6822509765625, 264.6610107421875, 264.6370849609375, 264.616943359375, 264.595947265625, 264.57373046875, 264.5518798828125, 264.5311279296875, 264.510009765625, 264.4854736328125, 264.467529296875, 264.4439697265625, 264.4234619140625, 264.4012451171875, 264.380615234375, 264.360595703125, 264.3399658203125, 264.3197021484375, 264.29833984375, 264.274658203125, 264.25244140625, 264.2340087890625, 264.2127685546875, 264.19287109375, 264.1710205078125, 264.1517333984375, 264.1304931640625, 264.1109619140625, 264.0889892578125, 264.0693359375, 264.0496826171875, 264.0291748046875, 264.0072021484375, 263.9884033203125, 263.9666748046875, 263.9449462890625, 263.9266357421875, 263.90771484375, 263.8865966796875, 263.86767578125, 263.8468017578125, 263.8253173828125, 263.80810546875, 263.7884521484375, 263.7666015625, 263.7489013671875, 263.72705078125, 263.7081298828125, 263.6881103515625, 263.667724609375, 263.6483154296875, 263.6304931640625, 263.60986328125, 263.588623046875, 263.57421875, 263.5509033203125, 263.5330810546875, 263.5145263671875, 263.4957275390625, 263.47119140625, 263.4534912109375, 263.43505859375, 263.4144287109375, 263.3978271484375, 263.3768310546875, 263.3631591796875, 263.3419189453125, 263.3214111328125, 263.3033447265625, 263.28564453125, 263.266845703125, 263.246826171875, 263.2310791015625, 263.213134765625, 263.1932373046875, 263.1734619140625, 263.1533203125, 263.1337890625, 263.1190185546875, 263.1016845703125, 263.083251953125, 263.0638427734375, 263.044677734375, 263.027099609375, 263.0107421875, 262.9903564453125, 262.976318359375, 262.955078125, 262.9351806640625, 262.9195556640625, 262.900634765625, 262.883056640625, 262.862548828125, 262.8494873046875, 262.8289794921875, 262.8121337890625, 262.7952880859375, 262.7772216796875, 262.7603759765625, 262.7432861328125, 262.723876953125, 262.70849609375, 262.6904296875, 262.67236328125, 262.6571044921875, 262.6397705078125, 262.6229248046875, 262.6038818359375, 262.5902099609375, 262.5721435546875, 262.5550537109375, 262.53759765625, 262.5206298828125, 262.5010986328125, 262.4857177734375, 262.4710693359375, 262.4554443359375, 262.4339599609375, 262.4246826171875, 262.4024658203125, 262.3814697265625, 262.3663330078125, 262.3507080078125, 262.3331298828125, 262.3212890625, 262.3004150390625, 262.2825927734375, 262.2684326171875, 262.257080078125, 262.2376708984375, 262.2218017578125, 262.206787109375, 262.1895751953125, 262.17333984375, 262.1575927734375, 262.140625, 262.1256103515625, 262.1112060546875, 262.094482421875, 262.0787353515625, 262.0589599609375, 262.0472412109375, 262.0321044921875, 262.0133056640625, 262.0023193359375, 261.981689453125, 261.96875, 261.9532470703125, 261.9376220703125, 261.921142578125, 261.9075927734375, 261.8922119140625, 261.8765869140625, 261.859375, 261.8466796875, 261.8304443359375, 261.8131103515625, 261.7977294921875, 261.7786865234375, 261.7708740234375, 261.75439453125, 261.7403564453125, 261.7235107421875, 261.7083740234375, 261.69189453125, 261.678955078125, 261.6627197265625, 261.650390625, 261.6326904296875, 261.6185302734375, 261.6031494140625, 261.5880126953125, 261.5751953125, 261.5589599609375, 261.5452880859375, 261.529296875, 261.5181884765625, 261.4986572265625, 261.489990234375, 261.4735107421875, 261.4605712890625, 261.4488525390625, 261.432373046875, 261.4180908203125, 261.4071044921875, 261.3887939453125, 261.377685546875, 261.36279296875, 261.3453369140625, 261.3282470703125, 261.3153076171875, 261.3009033203125, 261.2882080078125, 261.2772216796875, 261.2650146484375, 261.244384765625, 261.234130859375, 261.2220458984375, 261.2032470703125, 261.1898193359375, 261.1796875, 261.1630859375, 261.15087890625, 261.1419677734375, 261.12353515625, 261.11083984375, 261.0965576171875, 261.0819091796875, 261.0682373046875, 261.0555419921875, 261.0396728515625, 261.0301513671875, 261.01513671875, 261.005859375, 260.990478515625, 260.9794921875, 260.9654541015625, 260.947998046875, 260.9345703125, 260.9261474609375, 260.912841796875, 260.8980712890625, 260.8812255859375, 260.8721923828125, 260.8580322265625, 260.8466796875, 260.8304443359375, 260.818603515625, 260.807373046875, 260.791748046875, 260.7791748046875, 260.7672119140625, 260.757080078125, 260.74365234375, 260.7264404296875, 260.718017578125, 260.7047119140625, 260.69091796875, 260.6734619140625, 260.663818359375, 260.6480712890625, 260.6368408203125, 260.6202392578125, 260.6129150390625, 260.5987548828125, 260.5875244140625, 260.5731201171875, 260.5672607421875, 260.5496826171875, 260.5413818359375, 260.528076171875, 260.5108642578125, 260.498046875, 260.4820556640625, 260.4720458984375, 260.4605712890625, 260.4482421875, 260.4390869140625, 260.421142578125, 260.4151611328125, 260.4039306640625, 260.3948974609375, 260.3780517578125, 260.3656005859375, 260.3504638671875, 260.3367919921875, 260.3350830078125, 260.3150634765625, 260.3062744140625, 260.2900390625, 260.2801513671875, 260.26416015625, 260.25048828125, 260.243408203125, 260.2310791015625, 260.2154541015625, 260.207763671875, 260.1964111328125, 260.1917724609375, 260.1759033203125, 260.1649169921875, 260.14697265625, 260.1341552734375, 260.12353515625, 260.111328125, 260.1036376953125, 260.0931396484375, 260.0833740234375, 260.0631103515625, 260.0574951171875, 260.0447998046875, 260.0386962890625, 260.0220947265625, 260.004638671875, 259.9984130859375, 259.9853515625, 259.977783203125, 259.9638671875, 259.9520263671875, 259.9390869140625, 259.9329833984375, 259.9188232421875, 259.9033203125, 259.8968505859375, 259.8861083984375, 259.8675537109375, 259.8558349609375, 259.8475341796875, 259.8385009765625, 259.8277587890625, 259.8221435546875, 259.802490234375, 259.7958984375, 259.7852783203125, 259.7706298828125, 259.7589111328125, 259.7457275390625, 259.7410888671875, 259.7310791015625, 259.7135009765625, 259.702392578125, 259.693603515625, 259.677734375, 259.6708984375, 259.6566162109375, 259.6468505859375, 259.638427734375, 259.631591796875, 259.611328125, 259.6058349609375, 259.5931396484375, 259.5799560546875, 259.5714111328125, 259.5609130859375, 259.552734375, 259.5389404296875, 259.525146484375, 259.5162353515625, 259.5107421875, 259.498291015625, 259.48583984375, 259.475341796875, 259.465576171875, 259.4527587890625, 259.441162109375, 259.42919921875, 259.414306640625, 259.409912109375, 259.4017333984375, 259.38525390625, 259.3680419921875, 259.3585205078125, 259.3597412109375, 259.35009765625, 259.3304443359375, 259.3238525390625, 259.3114013671875, 259.2977294921875, 259.2828369140625, 259.27685546875, 259.2674560546875, 259.2572021484375, 259.252197265625, 259.235107421875, 259.225341796875, 259.2069091796875, 259.200439453125, 259.1925048828125, 259.1910400390625, 259.1771240234375, 259.1632080078125, 259.1541748046875, 259.1417236328125, 259.1295166015625, 259.1253662109375, 259.1109619140625, 259.0982666015625, 259.0972900390625, 259.083251953125, 259.0711669921875, 259.0601806640625, 259.0543212890625, 259.041259765625, 259.0291748046875, 259.0225830078125, 259.01171875, 258.9998779296875, 258.98681640625, 258.9832763671875, 258.97021484375, 258.9573974609375, 258.947265625, 258.9420166015625, 258.9239501953125, 258.9146728515625, 258.9088134765625, 258.9000244140625, 258.8829345703125, 258.87646484375, 258.8690185546875, 258.8614501953125, 258.8507080078125, 258.8353271484375, 258.8292236328125, 258.816650390625, 258.8045654296875, 258.7978515625, 258.7896728515625, 258.7757568359375, 258.7642822265625, 258.761474609375, 258.7498779296875, 258.7393798828125, 258.7327880859375, 258.7158203125, 258.7049560546875, 258.7012939453125, 258.6812744140625, 258.6832275390625, 258.6749267578125, 258.6627197265625, 258.6512451171875, 258.6348876953125, 258.633056640625, 258.61279296875, 258.6058349609375, 258.6048583984375, 258.591064453125, 258.5772705078125, 258.573486328125, 258.5606689453125, 258.549560546875, 258.5384521484375, 258.5296630859375, 258.5184326171875, 258.515869140625, 258.5028076171875, 258.4918212890625, 258.4742431640625, 258.4691162109375, 258.4610595703125, 258.450927734375, 258.4417724609375, 258.4351806640625, 258.4261474609375, 258.4127197265625, 258.41259765625, 258.3961181640625, 258.3883056640625, 258.373291015625, 258.3653564453125, 258.3568115234375, 258.3489990234375, 258.3338623046875, 258.3238525390625, 258.3153076171875, 258.3089599609375, 258.29833984375, 258.2861328125, 258.2760009765625, 258.2724609375, 258.2596435546875, 258.2510986328125, 258.2381591796875, 258.2318115234375, 258.2244873046875, 258.2125244140625, 258.2025146484375, 258.1922607421875, 258.181884765625, 258.169921875, 258.1611328125, 258.1597900390625, 258.1448974609375, 258.1314697265625, 258.1204833984375, 258.111328125, 258.1065673828125, 258.0992431640625, 258.0892333984375, 258.076171875, 258.0716552734375, 258.0621337890625, 258.0513916015625, 258.0416259765625, 258.0316162109375, 258.02783203125, 258.02001953125, 258.0078125, 257.993896484375, 257.9876708984375, 257.9710693359375, 257.9674072265625, 257.9552001953125, 257.9532470703125, 257.9368896484375, 257.929931640625, 257.9200439453125, 257.911376953125, 257.9019775390625, 257.8870849609375, 257.882568359375, 257.8743896484375, 257.866943359375, 257.8533935546875, 257.8482666015625, 257.8345947265625, 257.8275146484375, 257.8140869140625, 257.8126220703125, 257.7928466796875, 257.796142578125, 257.7879638671875, 257.772216796875, 257.7635498046875, 257.7579345703125, 257.7401123046875, 257.7320556640625, 257.7254638671875, 257.7149658203125, 257.7091064453125, 257.70751953125, 257.6905517578125, 257.68408203125, 257.6630859375, 257.6666259765625, 257.641845703125, 257.642578125, 257.6318359375, 257.6202392578125, 257.6221923828125, 257.59716796875, 257.6046142578125, 257.5885009765625, 257.57568359375, 257.572998046875, 257.5626220703125, 257.5496826171875, 257.5391845703125, 257.530517578125, 257.530517578125, 257.5186767578125, 257.5064697265625, 257.4827880859375, 257.4814453125, 257.4647216796875, 257.4676513671875, 257.4599609375, 257.4534912109375, 257.4393310546875, 257.4364013671875, 257.4326171875, 257.42236328125, 257.408203125, 257.3948974609375, 257.3770751953125, 257.3795166015625, 257.375, 257.3590087890625, 257.3560791015625, 257.344970703125, 257.33544921875, 257.327392578125, 257.3162841796875, 257.3115234375, 257.3028564453125, 257.2947998046875, 257.2813720703125, 257.2718505859375, 257.2642822265625, 257.24951171875, 257.240478515625, 257.2413330078125, 257.2161865234375, 257.2100830078125, 257.2110595703125, 257.2017822265625, 257.197509765625, 257.177490234375, 257.180908203125, 257.1751708984375, 257.1622314453125, 257.1522216796875, 257.1358642578125, 257.132568359375, 257.1246337890625, 257.1177978515625, 257.107177734375, 257.0972900390625, 257.091796875, 257.0865478515625, 257.0704345703125, 257.06494140625, 257.0478515625, 257.0443115234375, 257.0263671875, 257.0223388671875, 257.00927734375, 257.0089111328125, 256.99169921875, 256.9942626953125, 256.9923095703125, 256.9710693359375, 256.9808349609375, 256.964599609375, 256.94970703125, 256.9515380859375, 256.934814453125, 256.9168701171875, 256.920166015625, 256.9061279296875, 256.9005126953125, 256.895263671875, 256.892578125, 256.8741455078125, 256.8707275390625, 256.8509521484375, 256.8453369140625, 256.839111328125, 256.8316650390625, 256.8299560546875, 256.81494140625, 256.8070068359375, 256.799072265625, 256.7889404296875, 256.7825927734375, 256.7774658203125, 256.7694091796875, 256.7481689453125, 256.745849609375, 256.7398681640625, 256.72998046875, 256.7227783203125, 256.71142578125, 256.7139892578125, 256.6983642578125, 256.6849365234375, 256.6776123046875, 256.6646728515625, 256.65185546875, 256.6434326171875, 256.640869140625, 256.630615234375, 256.6348876953125, 256.6209716796875, 256.6156005859375, 256.598388671875, 256.593994140625, 256.5784912109375, 256.5755615234375, 256.5528564453125, 256.5491943359375, 256.5479736328125, 256.5308837890625, 256.5296630859375, 256.5009765625, 256.510009765625, 256.5028076171875, 256.4915771484375, 256.484619140625, 256.4808349609375, 256.4793701171875, 256.4671630859375, 256.4527587890625, 256.4398193359375, 256.43505859375, 256.4339599609375, 256.4189453125, 256.40625, 256.40576171875, 256.39794921875, 256.3900146484375, 256.3704833984375, 256.3724365234375, 256.3665771484375, 256.34521484375, 256.3367919921875, 256.3411865234375, 256.3223876953125, 256.3150634765625, 256.3140869140625, 256.2943115234375, 256.29296875, 256.280517578125, 256.2830810546875, 256.2708740234375, 256.267333984375, 256.2652587890625, 256.2618408203125, 256.2523193359375, 256.2344970703125, 256.23095703125, 256.2281494140625, 256.2125244140625, 256.2027587890625, 256.187744140625, 256.1732177734375, 256.171142578125, 256.168701171875, 256.1539306640625, 256.1397705078125, 256.1351318359375, 256.1390380859375, 256.131591796875, 256.1234130859375, 256.111083984375, 256.093505859375, 256.08251953125, 256.09326171875, 256.0770263671875, 256.0753173828125, 256.0516357421875, 256.046875, 256.04345703125, 256.033203125, 256.024169921875, 256.020751953125, 256.015625, 256.007568359375, 256.0006103515625, 255.9884033203125, 255.990234375, 255.9691162109375, 255.9622802734375, 255.9591064453125, 255.9461669921875, 255.9290771484375, 255.9371337890625, 255.9283447265625, 255.9154052734375, 255.9156494140625, 255.899169921875, 255.893310546875, 255.885498046875, 255.876953125, 255.8626708984375, 255.8580322265625, 255.857177734375, 255.83740234375, 255.8182373046875, 255.8253173828125, 255.8128662109375, 255.8028564453125, 255.79248046875, 255.7930908203125, 255.7745361328125, 255.7762451171875, 255.76416015625, 255.7672119140625, 255.757080078125, 255.741943359375, 255.729248046875, 255.7301025390625, 255.7218017578125, 255.7066650390625, 255.6956787109375, 255.6947021484375, 255.6771240234375, 255.6815185546875, 255.6705322265625, 255.6593017578125, 255.6519775390625, 255.6422119140625, 255.62451171875, 255.6285400390625, 255.615478515625, 255.6163330078125, 255.6014404296875, 255.5938720703125, 255.5848388671875, 255.5797119140625, 255.5521240234375, 255.5673828125, 255.546630859375, 255.5465087890625, 255.5341796875, 255.5299072265625, 255.5352783203125, 255.513916015625, 255.509521484375, 255.5064697265625, 255.48876953125, 255.48095703125, 255.4754638671875, 255.4686279296875, 255.4779052734375, 255.4632568359375, 255.4364013671875, 255.4361572265625, 255.4267578125, 255.4212646484375, 255.4146728515625, 255.4141845703125, 255.3875732421875, 255.392822265625, 255.377197265625, 255.3797607421875, 255.3709716796875, 255.365478515625, 255.3482666015625, 255.3433837890625, 255.324462890625, 255.3258056640625, 255.316162109375, 255.3070068359375, 255.2908935546875, 255.2777099609375, 255.283203125, 255.2801513671875, 255.275634765625, 255.27001953125, 255.2457275390625, 255.2447509765625, 255.258056640625, 255.2232666015625, 255.2269287109375, 255.21533203125, 255.1995849609375, 255.195068359375, 255.1846923828125, 255.187744140625, 255.183837890625, 255.1644287109375, 255.1563720703125, 255.148193359375, 255.141357421875, 255.13330078125, 255.12939453125, 255.109375, 255.10205078125, 255.094482421875, 255.0767822265625, 255.07763671875, 255.0723876953125, 255.058349609375, 255.056396484375, 255.0469970703125, 255.031982421875, 255.036865234375, 255.0191650390625, 255.016845703125, 255.0013427734375, 254.9991455078125, 254.9903564453125, 254.9813232421875, 254.96875, 254.9766845703125, 254.95849609375, 254.9630126953125, 254.951904296875, 254.933837890625, 254.932861328125, 254.916015625, 254.9224853515625, 254.9149169921875, 254.894775390625, 254.8797607421875, 254.8802490234375, 254.8873291015625, 254.8770751953125, 254.8624267578125, 254.8551025390625, 254.845703125, 254.831787109375, 254.8233642578125, 254.81201171875, 254.798095703125, 254.7952880859375, 254.801025390625, 254.7886962890625, 254.7802734375, 254.7813720703125, 254.7757568359375, 254.7635498046875, 254.7435302734375, 254.7288818359375, 254.7371826171875, 254.7191162109375, 254.7064208984375, 254.6873779296875, 254.686767578125, 254.6771240234375, 254.6722412109375, 254.6729736328125, 254.6646728515625, 254.65283203125, 254.6607666015625, 254.6412353515625, 254.6353759765625, 254.6285400390625, 254.6204833984375, 254.6104736328125, 254.5877685546875, 254.5955810546875, 254.583984375, 254.5704345703125, 254.558837890625, 254.5516357421875, 254.55908203125, 254.5538330078125, 254.541015625, 254.5277099609375, 254.501220703125, 254.5091552734375, 254.48681640625, 254.4864501953125, 254.486328125, 254.471435546875, 254.4661865234375, 254.4599609375, 254.4476318359375, 254.4346923828125, 254.4359130859375, 254.4412841796875, 254.41015625, 254.39453125, 254.401123046875, 254.3970947265625, 254.3900146484375, 254.3685302734375, 254.3587646484375, 254.363037109375, 254.3475341796875, 254.3533935546875, 254.34912109375, 254.3553466796875, 254.3231201171875, 254.3074951171875, 254.295166015625, 254.2845458984375, 254.27587890625, 254.2830810546875, 254.2794189453125, 254.2508544921875, 254.2515869140625, 254.2572021484375, 254.2388916015625, 254.2259521484375, 254.2132568359375, 254.213134765625, 254.1961669921875, 254.197509765625, 254.1884765625, 254.1695556640625, 254.165283203125, 254.178955078125, 254.15234375, 254.1512451171875, 254.15771484375, 254.1536865234375, 254.129638671875, 254.1236572265625, 254.1141357421875, 254.1107177734375, 254.10205078125, 254.085693359375, 254.0679931640625, 254.0684814453125, 254.0762939453125, 254.0594482421875, 254.0621337890625, 254.0172119140625, 254.0242919921875, 254.044921875, 254.0181884765625, 253.988037109375, 253.9964599609375, 253.9891357421875, 253.973388671875, 253.9761962890625, 253.9598388671875, 253.9451904296875, 253.9473876953125, 253.921875, 253.9259033203125, 253.8992919921875, 253.9097900390625, 253.9100341796875, 253.8944091796875, 253.885986328125, 253.8765869140625, 253.8677978515625, 253.8411865234375, 253.8338623046875, 253.82470703125, 253.80908203125, 253.8177490234375]}
Warning: Cholesky failed, using eigendecomposition fallback
{'mse': 0.07592236250638962, 'rmse': 0.27554014325141907, 'test_ll': -1005496.75, 'total_test_ll': -25137418240.0}
/cluster/tufts/hugheslab/swilli26/stat-patt-final/gp_vs_sngp/results/hyperparam_search/GP/Friedman_1500_1/logs
/cluster/tufts/hugheslab/swilli26/stat-patt-final/gp_vs_sngp/results/hyperparam_search/logs/GP_VS_SNGP_25028907.out
/cluster/tufts/hugheslab/swilli26/stat-patt-final/gp_vs_sngp/results/hyperparam_search/logs/GP_VS_SNGP_25028907.err
