Starting imports...
Parsing arguments...
Arguments parsed! Running GP on Sin with N=10000
EXPERIMENT SUMMARY
===================
  - Model Training for SNGP and GP on Regression Tasks
  - modelName: GP
  - dataset: Sin
  - num_examples: 10000
  - seed: 1001
  - rank (for SNGP): 0
  - lengthscale: 1.226761
  - outputscale: 1.805912
  - noise: 0.100047
===================
Checking CUDA availability...
Using CPU
Making Datasets...
Making Model...
Training Gaussian Process...
Fitting to data...
Model saved to /cluster/tufts/hugheslab/swilli26/stat-patt-final/gp_vs_sngp/results/primary_gp/GP/Sin_10000_1001/model.pt
Warning: Cholesky failed, using eigendecomposition fallback
TEST LOG LIKELIHOOD SCORE:  0.22915856824279854
TEST MSE:  0.00998371746391058
TEST RMSE:  0.09991855174303055
/cluster/tufts/hugheslab/swilli26/stat-patt-final/gp_vs_sngp/results/primary_gp/GP/Sin_10000_1001/logs
/cluster/tufts/hugheslab/swilli26/stat-patt-final/gp_vs_sngp/results/primary_gp/logs/GP_VS_SNGP_25079359.out
/cluster/tufts/hugheslab/swilli26/stat-patt-final/gp_vs_sngp/results/primary_gp/logs/GP_VS_SNGP_25079359.err
