Starting imports...
Importing argparse...
Importing torch...
Importing os...
Importing sngp.train and sngp.model...
Importing gaussian_process...
Importing dataset...
Importing json...
ALL IMPORTS COMPLETE!
Parsing arguments...
Arguments parsed! Running GP on Friedman with N=1500
Checking CUDA availability...
Using CPU
Making Datasets...
Making Model...
Training Gaussian Process...
Iter   0 | Loss: 2758.478 | lengthscale: 1.010 | outputscale: 1.010 | noise: 0.202
Iter  10 | Loss: 2657.406 | lengthscale: 1.116 | outputscale: 1.113 | noise: 0.223
Iter  20 | Loss: 2605.221 | lengthscale: 1.230 | outputscale: 1.212 | noise: 0.242
Iter  30 | Loss: 2583.839 | lengthscale: 1.357 | outputscale: 1.289 | noise: 0.257
Iter  40 | Loss: 2574.619 | lengthscale: 1.503 | outputscale: 1.335 | noise: 0.265
Iter  50 | Loss: 2565.677 | lengthscale: 1.681 | outputscale: 1.351 | noise: 0.266
Iter  60 | Loss: 2551.425 | lengthscale: 1.907 | outputscale: 1.347 | noise: 0.261
Iter  70 | Loss: 2527.860 | lengthscale: 2.203 | outputscale: 1.331 | noise: 0.253
Iter  80 | Loss: 2488.548 | lengthscale: 2.593 | outputscale: 1.310 | noise: 0.242
Iter  90 | Loss: 2422.964 | lengthscale: 3.105 | outputscale: 1.285 | noise: 0.228
Iter 100 | Loss: 2317.508 | lengthscale: 3.770 | outputscale: 1.250 | noise: 0.209
Iter 110 | Loss: 2159.816 | lengthscale: 4.618 | outputscale: 1.199 | noise: 0.187
Iter 120 | Loss: 1946.251 | lengthscale: 5.681 | outputscale: 1.130 | noise: 0.164
Iter 130 | Loss: 1692.788 | lengthscale: 6.979 | outputscale: 1.050 | noise: 0.144
Iter 140 | Loss: 1449.162 | lengthscale: 8.492 | outputscale: 0.974 | noise: 0.135
Iter 150 | Loss: 1263.295 | lengthscale: 10.099 | outputscale: 0.919 | noise: 0.153
Iter 160 | Loss: 1113.769 | lengthscale: 11.685 | outputscale: 0.885 | noise: 0.193
Iter 170 | Loss:  993.943 | lengthscale: 13.312 | outputscale: 0.857 | noise: 0.235
Iter 180 | Loss:  897.108 | lengthscale: 15.055 | outputscale: 0.828 | noise: 0.252
Iter 190 | Loss:  813.197 | lengthscale: 16.888 | outputscale: 0.802 | noise: 0.251
Iter 200 | Loss:  743.627 | lengthscale: 18.766 | outputscale: 0.782 | noise: 0.258
Iter 210 | Loss:  686.667 | lengthscale: 20.666 | outputscale: 0.765 | noise: 0.264
Iter 220 | Loss:  639.843 | lengthscale: 22.570 | outputscale: 0.753 | noise: 0.264
Iter 230 | Loss:  600.921 | lengthscale: 24.469 | outputscale: 0.744 | noise: 0.267
Iter 240 | Loss:  567.985 | lengthscale: 26.366 | outputscale: 0.736 | noise: 0.269
Iter 250 | Loss:  539.592 | lengthscale: 28.266 | outputscale: 0.730 | noise: 0.270
Iter 260 | Loss:  514.714 | lengthscale: 30.176 | outputscale: 0.725 | noise: 0.271
Iter 270 | Loss:  492.633 | lengthscale: 32.104 | outputscale: 0.721 | noise: 0.271
Iter 280 | Loss:  472.893 | lengthscale: 34.052 | outputscale: 0.717 | noise: 0.272
Iter 290 | Loss:  455.212 | lengthscale: 36.019 | outputscale: 0.714 | noise: 0.272
Iter 300 | Loss:  439.409 | lengthscale: 37.999 | outputscale: 0.711 | noise: 0.272
Iter 310 | Loss:  425.319 | lengthscale: 39.985 | outputscale: 0.709 | noise: 0.273
Iter 320 | Loss:  412.763 | lengthscale: 41.970 | outputscale: 0.707 | noise: 0.273
Iter 330 | Loss:  401.561 | lengthscale: 43.950 | outputscale: 0.706 | noise: 0.273
Iter 340 | Loss:  391.558 | lengthscale: 45.922 | outputscale: 0.706 | noise: 0.273
Iter 350 | Loss:  382.639 | lengthscale: 47.879 | outputscale: 0.706 | noise: 0.273
Iter 360 | Loss:  374.702 | lengthscale: 49.818 | outputscale: 0.707 | noise: 0.273
Iter 370 | Loss:  367.644 | lengthscale: 51.731 | outputscale: 0.708 | noise: 0.273
Iter 380 | Loss:  361.358 | lengthscale: 53.616 | outputscale: 0.709 | noise: 0.273
Iter 390 | Loss:  355.739 | lengthscale: 55.473 | outputscale: 0.711 | noise: 0.273
Iter 400 | Loss:  350.690 | lengthscale: 57.302 | outputscale: 0.713 | noise: 0.274
Iter 410 | Loss:  346.123 | lengthscale: 59.108 | outputscale: 0.715 | noise: 0.274
Iter 420 | Loss:  341.966 | lengthscale: 60.893 | outputscale: 0.717 | noise: 0.274
Iter 430 | Loss:  338.160 | lengthscale: 62.661 | outputscale: 0.719 | noise: 0.274
Iter 440 | Loss:  334.652 | lengthscale: 64.416 | outputscale: 0.721 | noise: 0.274
Iter 450 | Loss:  331.398 | lengthscale: 66.161 | outputscale: 0.724 | noise: 0.274
Iter 460 | Loss:  328.359 | lengthscale: 67.901 | outputscale: 0.726 | noise: 0.274
Iter 470 | Loss:  325.498 | lengthscale: 69.642 | outputscale: 0.728 | noise: 0.275
Iter 480 | Loss:  322.781 | lengthscale: 71.389 | outputscale: 0.730 | noise: 0.275
Iter 490 | Loss:  320.182 | lengthscale: 73.149 | outputscale: 0.732 | noise: 0.275
Iter 500 | Loss:  317.682 | lengthscale: 74.927 | outputscale: 0.734 | noise: 0.275
Iter 510 | Loss:  315.266 | lengthscale: 76.726 | outputscale: 0.736 | noise: 0.275
Iter 520 | Loss:  312.928 | lengthscale: 78.549 | outputscale: 0.738 | noise: 0.275
Iter 530 | Loss:  310.663 | lengthscale: 80.395 | outputscale: 0.739 | noise: 0.275
Iter 540 | Loss:  308.475 | lengthscale: 82.265 | outputscale: 0.741 | noise: 0.276
Iter 550 | Loss:  306.364 | lengthscale: 84.154 | outputscale: 0.742 | noise: 0.276
Iter 560 | Loss:  304.335 | lengthscale: 86.061 | outputscale: 0.744 | noise: 0.276
Iter 570 | Loss:  302.391 | lengthscale: 87.981 | outputscale: 0.746 | noise: 0.276
Iter 580 | Loss:  300.534 | lengthscale: 89.910 | outputscale: 0.747 | noise: 0.276
Iter 590 | Loss:  298.768 | lengthscale: 91.843 | outputscale: 0.749 | noise: 0.276
Iter 600 | Loss:  297.090 | lengthscale: 93.779 | outputscale: 0.751 | noise: 0.276
Iter 610 | Loss:  295.497 | lengthscale: 95.715 | outputscale: 0.753 | noise: 0.276
Iter 620 | Loss:  293.983 | lengthscale: 97.650 | outputscale: 0.754 | noise: 0.276
Iter 630 | Loss:  292.541 | lengthscale: 99.585 | outputscale: 0.756 | noise: 0.276
Iter 640 | Loss:  291.161 | lengthscale: 101.523 | outputscale: 0.758 | noise: 0.276
Iter 650 | Loss:  289.835 | lengthscale: 103.468 | outputscale: 0.760 | noise: 0.276
Iter 660 | Loss:  288.552 | lengthscale: 105.424 | outputscale: 0.762 | noise: 0.276
Iter 670 | Loss:  287.305 | lengthscale: 107.397 | outputscale: 0.763 | noise: 0.277
Iter 680 | Loss:  286.089 | lengthscale: 109.392 | outputscale: 0.765 | noise: 0.277
Iter 690 | Loss:  284.893 | lengthscale: 111.413 | outputscale: 0.766 | noise: 0.277
Iter 700 | Loss:  283.715 | lengthscale: 113.466 | outputscale: 0.768 | noise: 0.277
Iter 710 | Loss:  282.548 | lengthscale: 115.554 | outputscale: 0.769 | noise: 0.277
Iter 720 | Loss:  281.393 | lengthscale: 117.681 | outputscale: 0.771 | noise: 0.277
Iter 730 | Loss:  280.247 | lengthscale: 119.848 | outputscale: 0.772 | noise: 0.277
Iter 740 | Loss:  279.110 | lengthscale: 122.058 | outputscale: 0.773 | noise: 0.277
Iter 750 | Loss:  277.982 | lengthscale: 124.309 | outputscale: 0.775 | noise: 0.277
Iter 760 | Loss:  276.866 | lengthscale: 126.601 | outputscale: 0.776 | noise: 0.277
Iter 770 | Loss:  275.767 | lengthscale: 128.931 | outputscale: 0.777 | noise: 0.277
Iter 780 | Loss:  274.684 | lengthscale: 131.296 | outputscale: 0.778 | noise: 0.277
Iter 790 | Loss:  273.623 | lengthscale: 133.694 | outputscale: 0.779 | noise: 0.277
Iter 800 | Loss:  272.581 | lengthscale: 136.122 | outputscale: 0.780 | noise: 0.277
Iter 810 | Loss:  271.565 | lengthscale: 138.578 | outputscale: 0.781 | noise: 0.277
Iter 820 | Loss:  270.570 | lengthscale: 141.060 | outputscale: 0.783 | noise: 0.277
Iter 830 | Loss:  269.599 | lengthscale: 143.568 | outputscale: 0.784 | noise: 0.277
Iter 840 | Loss:  268.649 | lengthscale: 146.101 | outputscale: 0.785 | noise: 0.277
Iter 850 | Loss:  267.722 | lengthscale: 148.661 | outputscale: 0.786 | noise: 0.277
Iter 860 | Loss:  266.814 | lengthscale: 151.248 | outputscale: 0.787 | noise: 0.277
Iter 870 | Loss:  265.926 | lengthscale: 153.862 | outputscale: 0.788 | noise: 0.277
Iter 880 | Loss:  265.055 | lengthscale: 156.504 | outputscale: 0.790 | noise: 0.277
Iter 890 | Loss:  264.204 | lengthscale: 159.174 | outputscale: 0.791 | noise: 0.277
Iter 900 | Loss:  263.373 | lengthscale: 161.871 | outputscale: 0.792 | noise: 0.277
Iter 910 | Loss:  262.554 | lengthscale: 164.595 | outputscale: 0.793 | noise: 0.277
Iter 920 | Loss:  261.759 | lengthscale: 167.345 | outputscale: 0.794 | noise: 0.277
Iter 930 | Loss:  260.980 | lengthscale: 170.119 | outputscale: 0.796 | noise: 0.277
Iter 940 | Loss:  260.220 | lengthscale: 172.917 | outputscale: 0.797 | noise: 0.277
Iter 950 | Loss:  259.479 | lengthscale: 175.736 | outputscale: 0.798 | noise: 0.277
Iter 960 | Loss:  258.756 | lengthscale: 178.577 | outputscale: 0.800 | noise: 0.277
Iter 970 | Loss:  258.052 | lengthscale: 181.437 | outputscale: 0.801 | noise: 0.277
Iter 980 | Loss:  257.367 | lengthscale: 184.315 | outputscale: 0.802 | noise: 0.277
Iter 990 | Loss:  256.698 | lengthscale: 187.210 | outputscale: 0.804 | noise: 0.277
Iter 1000 | Loss:  256.051 | lengthscale: 190.122 | outputscale: 0.805 | noise: 0.277
Iter 1010 | Loss:  255.419 | lengthscale: 193.048 | outputscale: 0.807 | noise: 0.277
Iter 1020 | Loss:  254.804 | lengthscale: 195.989 | outputscale: 0.808 | noise: 0.277
Iter 1030 | Loss:  254.208 | lengthscale: 198.943 | outputscale: 0.810 | noise: 0.277
Iter 1040 | Loss:  253.628 | lengthscale: 201.910 | outputscale: 0.811 | noise: 0.277
Iter 1050 | Loss:  253.067 | lengthscale: 204.888 | outputscale: 0.813 | noise: 0.277
Iter 1060 | Loss:  252.519 | lengthscale: 207.876 | outputscale: 0.815 | noise: 0.277
Iter 1070 | Loss:  251.987 | lengthscale: 210.875 | outputscale: 0.816 | noise: 0.277
Iter 1080 | Loss:  251.470 | lengthscale: 213.884 | outputscale: 0.818 | noise: 0.277
Iter 1090 | Loss:  250.972 | lengthscale: 216.902 | outputscale: 0.820 | noise: 0.277
Iter 1100 | Loss:  250.481 | lengthscale: 219.930 | outputscale: 0.822 | noise: 0.277
Iter 1110 | Loss:  250.006 | lengthscale: 222.966 | outputscale: 0.824 | noise: 0.277
Iter 1120 | Loss:  249.547 | lengthscale: 226.012 | outputscale: 0.826 | noise: 0.277
Iter 1130 | Loss:  249.095 | lengthscale: 229.067 | outputscale: 0.828 | noise: 0.277
Iter 1140 | Loss:  248.660 | lengthscale: 232.131 | outputscale: 0.830 | noise: 0.277
Iter 1150 | Loss:  248.236 | lengthscale: 235.204 | outputscale: 0.832 | noise: 0.277
Iter 1160 | Loss:  247.821 | lengthscale: 238.285 | outputscale: 0.834 | noise: 0.277
Iter 1170 | Loss:  247.420 | lengthscale: 241.374 | outputscale: 0.836 | noise: 0.277
Iter 1180 | Loss:  247.026 | lengthscale: 244.471 | outputscale: 0.838 | noise: 0.277
Iter 1190 | Loss:  246.644 | lengthscale: 247.576 | outputscale: 0.841 | noise: 0.277
Iter 1200 | Loss:  246.275 | lengthscale: 250.687 | outputscale: 0.843 | noise: 0.277
Iter 1210 | Loss:  245.911 | lengthscale: 253.804 | outputscale: 0.846 | noise: 0.277
Iter 1220 | Loss:  245.560 | lengthscale: 256.926 | outputscale: 0.848 | noise: 0.277
Iter 1230 | Loss:  245.217 | lengthscale: 260.053 | outputscale: 0.851 | noise: 0.277
Iter 1240 | Loss:  244.883 | lengthscale: 263.184 | outputscale: 0.853 | noise: 0.277
Iter 1250 | Loss:  244.559 | lengthscale: 266.318 | outputscale: 0.856 | noise: 0.277
Iter 1260 | Loss:  244.242 | lengthscale: 269.455 | outputscale: 0.859 | noise: 0.277
Iter 1270 | Loss:  243.933 | lengthscale: 272.594 | outputscale: 0.861 | noise: 0.277
Iter 1280 | Loss:  243.636 | lengthscale: 275.735 | outputscale: 0.864 | noise: 0.277
Iter 1290 | Loss:  243.346 | lengthscale: 278.878 | outputscale: 0.867 | noise: 0.277
Iter 1300 | Loss:  243.060 | lengthscale: 282.024 | outputscale: 0.870 | noise: 0.277
Iter 1310 | Loss:  242.783 | lengthscale: 285.173 | outputscale: 0.873 | noise: 0.277
Iter 1320 | Loss:  242.514 | lengthscale: 288.324 | outputscale: 0.876 | noise: 0.277
Iter 1330 | Loss:  242.248 | lengthscale: 291.480 | outputscale: 0.879 | noise: 0.277
Iter 1340 | Loss:  241.987 | lengthscale: 294.641 | outputscale: 0.883 | noise: 0.277
Iter 1350 | Loss:  241.735 | lengthscale: 297.808 | outputscale: 0.886 | noise: 0.277
Iter 1360 | Loss:  241.488 | lengthscale: 300.982 | outputscale: 0.889 | noise: 0.277
Iter 1370 | Loss:  241.248 | lengthscale: 304.164 | outputscale: 0.893 | noise: 0.277
Iter 1380 | Loss:  241.011 | lengthscale: 307.354 | outputscale: 0.896 | noise: 0.277
Iter 1390 | Loss:  240.778 | lengthscale: 310.554 | outputscale: 0.900 | noise: 0.277
Iter 1400 | Loss:  240.550 | lengthscale: 313.764 | outputscale: 0.904 | noise: 0.277
Iter 1410 | Loss:  240.325 | lengthscale: 316.985 | outputscale: 0.907 | noise: 0.277
Iter 1420 | Loss:  240.102 | lengthscale: 320.218 | outputscale: 0.911 | noise: 0.277
Iter 1430 | Loss:  239.885 | lengthscale: 323.461 | outputscale: 0.915 | noise: 0.277
Iter 1440 | Loss:  239.670 | lengthscale: 326.716 | outputscale: 0.919 | noise: 0.277
Iter 1450 | Loss:  239.463 | lengthscale: 329.982 | outputscale: 0.923 | noise: 0.277
Iter 1460 | Loss:  239.257 | lengthscale: 333.258 | outputscale: 0.927 | noise: 0.277
Iter 1470 | Loss:  239.055 | lengthscale: 336.545 | outputscale: 0.931 | noise: 0.277
Iter 1480 | Loss:  238.856 | lengthscale: 339.842 | outputscale: 0.935 | noise: 0.277
Iter 1490 | Loss:  238.659 | lengthscale: 343.147 | outputscale: 0.940 | noise: 0.277
Iter 1500 | Loss:  238.468 | lengthscale: 346.461 | outputscale: 0.944 | noise: 0.277
Iter 1510 | Loss:  238.280 | lengthscale: 349.783 | outputscale: 0.948 | noise: 0.277
Iter 1520 | Loss:  238.094 | lengthscale: 353.110 | outputscale: 0.953 | noise: 0.277
Iter 1530 | Loss:  237.909 | lengthscale: 356.443 | outputscale: 0.958 | noise: 0.277
Iter 1540 | Loss:  237.732 | lengthscale: 359.780 | outputscale: 0.962 | noise: 0.277
Iter 1550 | Loss:  237.554 | lengthscale: 363.121 | outputscale: 0.967 | noise: 0.277
Iter 1560 | Loss:  237.380 | lengthscale: 366.464 | outputscale: 0.972 | noise: 0.277
Iter 1570 | Loss:  237.214 | lengthscale: 369.808 | outputscale: 0.977 | noise: 0.277
Iter 1580 | Loss:  237.047 | lengthscale: 373.153 | outputscale: 0.982 | noise: 0.277
Iter 1590 | Loss:  236.885 | lengthscale: 376.497 | outputscale: 0.988 | noise: 0.277
Iter 1600 | Loss:  236.725 | lengthscale: 379.840 | outputscale: 0.993 | noise: 0.277
Iter 1610 | Loss:  236.568 | lengthscale: 383.180 | outputscale: 0.998 | noise: 0.277
Iter 1620 | Loss:  236.416 | lengthscale: 386.517 | outputscale: 1.004 | noise: 0.277
Iter 1630 | Loss:  236.265 | lengthscale: 389.849 | outputscale: 1.009 | noise: 0.277
Iter 1640 | Loss:  236.122 | lengthscale: 393.177 | outputscale: 1.015 | noise: 0.277
Iter 1650 | Loss:  235.979 | lengthscale: 396.498 | outputscale: 1.021 | noise: 0.277
Iter 1660 | Loss:  235.833 | lengthscale: 399.814 | outputscale: 1.027 | noise: 0.277
Iter 1670 | Loss:  235.694 | lengthscale: 403.122 | outputscale: 1.033 | noise: 0.277
Iter 1680 | Loss:  235.560 | lengthscale: 406.423 | outputscale: 1.039 | noise: 0.277
Iter 1690 | Loss:  235.431 | lengthscale: 409.715 | outputscale: 1.045 | noise: 0.277
Iter 1700 | Loss:  235.296 | lengthscale: 412.998 | outputscale: 1.051 | noise: 0.277
Iter 1710 | Loss:  235.166 | lengthscale: 416.272 | outputscale: 1.058 | noise: 0.277
Iter 1720 | Loss:  235.048 | lengthscale: 419.536 | outputscale: 1.064 | noise: 0.277
Iter 1730 | Loss:  234.922 | lengthscale: 422.790 | outputscale: 1.071 | noise: 0.277
Iter 1740 | Loss:  234.804 | lengthscale: 426.033 | outputscale: 1.078 | noise: 0.277
Iter 1750 | Loss:  234.687 | lengthscale: 429.267 | outputscale: 1.084 | noise: 0.277
Iter 1760 | Loss:  234.577 | lengthscale: 432.489 | outputscale: 1.091 | noise: 0.277
Iter 1770 | Loss:  234.463 | lengthscale: 435.701 | outputscale: 1.098 | noise: 0.277
Iter 1780 | Loss:  234.352 | lengthscale: 438.901 | outputscale: 1.105 | noise: 0.277
Iter 1790 | Loss:  234.244 | lengthscale: 442.090 | outputscale: 1.113 | noise: 0.277
Iter 1800 | Loss:  234.136 | lengthscale: 445.268 | outputscale: 1.120 | noise: 0.277
Iter 1810 | Loss:  234.032 | lengthscale: 448.435 | outputscale: 1.127 | noise: 0.277
Iter 1820 | Loss:  233.930 | lengthscale: 451.590 | outputscale: 1.135 | noise: 0.277
Iter 1830 | Loss:  233.833 | lengthscale: 454.734 | outputscale: 1.142 | noise: 0.277
Iter 1840 | Loss:  233.737 | lengthscale: 457.867 | outputscale: 1.150 | noise: 0.277
Iter 1850 | Loss:  233.627 | lengthscale: 460.989 | outputscale: 1.158 | noise: 0.277
Iter 1860 | Loss:  233.545 | lengthscale: 464.101 | outputscale: 1.166 | noise: 0.277
Iter 1870 | Loss:  233.443 | lengthscale: 467.201 | outputscale: 1.174 | noise: 0.277
Iter 1880 | Loss:  233.350 | lengthscale: 470.290 | outputscale: 1.182 | noise: 0.277
Iter 1890 | Loss:  233.263 | lengthscale: 473.368 | outputscale: 1.190 | noise: 0.277
Iter 1900 | Loss:  233.175 | lengthscale: 476.436 | outputscale: 1.199 | noise: 0.277
Iter 1910 | Loss:  233.086 | lengthscale: 479.493 | outputscale: 1.207 | noise: 0.277
Iter 1920 | Loss:  232.998 | lengthscale: 482.539 | outputscale: 1.216 | noise: 0.277
Iter 1930 | Loss:  232.920 | lengthscale: 485.576 | outputscale: 1.224 | noise: 0.277
Iter 1940 | Loss:  232.827 | lengthscale: 488.603 | outputscale: 1.233 | noise: 0.277
Iter 1950 | Loss:  232.749 | lengthscale: 491.619 | outputscale: 1.242 | noise: 0.277
Iter 1960 | Loss:  232.667 | lengthscale: 494.627 | outputscale: 1.251 | noise: 0.277
Iter 1970 | Loss:  232.593 | lengthscale: 497.624 | outputscale: 1.260 | noise: 0.277
Iter 1980 | Loss:  232.513 | lengthscale: 500.612 | outputscale: 1.269 | noise: 0.277
Iter 1990 | Loss:  232.427 | lengthscale: 503.591 | outputscale: 1.279 | noise: 0.277
Iter 2000 | Loss:  232.355 | lengthscale: 506.560 | outputscale: 1.288 | noise: 0.277
Iter 2010 | Loss:  232.277 | lengthscale: 509.521 | outputscale: 1.298 | noise: 0.277
Iter 2020 | Loss:  232.209 | lengthscale: 512.473 | outputscale: 1.307 | noise: 0.277
Iter 2030 | Loss:  232.132 | lengthscale: 515.418 | outputscale: 1.317 | noise: 0.277
Iter 2040 | Loss:  232.062 | lengthscale: 518.353 | outputscale: 1.327 | noise: 0.277
Iter 2050 | Loss:  231.991 | lengthscale: 521.281 | outputscale: 1.337 | noise: 0.277
Iter 2060 | Loss:  231.916 | lengthscale: 524.201 | outputscale: 1.347 | noise: 0.277
Iter 2070 | Loss:  231.849 | lengthscale: 527.112 | outputscale: 1.357 | noise: 0.277
Iter 2080 | Loss:  231.770 | lengthscale: 530.017 | outputscale: 1.368 | noise: 0.277
Iter 2090 | Loss:  231.704 | lengthscale: 532.913 | outputscale: 1.378 | noise: 0.277
Iter 2100 | Loss:  231.642 | lengthscale: 535.802 | outputscale: 1.389 | noise: 0.277
Iter 2110 | Loss:  231.571 | lengthscale: 538.685 | outputscale: 1.400 | noise: 0.277
Iter 2120 | Loss:  231.506 | lengthscale: 541.562 | outputscale: 1.411 | noise: 0.277
Iter 2130 | Loss:  231.439 | lengthscale: 544.432 | outputscale: 1.422 | noise: 0.277
Iter 2140 | Loss:  231.369 | lengthscale: 547.296 | outputscale: 1.433 | noise: 0.277
Iter 2150 | Loss:  231.311 | lengthscale: 550.154 | outputscale: 1.445 | noise: 0.277
Iter 2160 | Loss:  231.250 | lengthscale: 553.006 | outputscale: 1.456 | noise: 0.277
Iter 2170 | Loss:  231.185 | lengthscale: 555.852 | outputscale: 1.468 | noise: 0.277
Iter 2180 | Loss:  231.120 | lengthscale: 558.693 | outputscale: 1.480 | noise: 0.277
Iter 2190 | Loss:  231.060 | lengthscale: 561.529 | outputscale: 1.492 | noise: 0.277
Iter 2200 | Loss:  231.002 | lengthscale: 564.360 | outputscale: 1.504 | noise: 0.277
Iter 2210 | Loss:  230.937 | lengthscale: 567.188 | outputscale: 1.516 | noise: 0.277
Iter 2220 | Loss:  230.873 | lengthscale: 570.010 | outputscale: 1.529 | noise: 0.277
Iter 2230 | Loss:  230.822 | lengthscale: 572.829 | outputscale: 1.541 | noise: 0.277
Iter 2240 | Loss:  230.734 | lengthscale: 575.642 | outputscale: 1.554 | noise: 0.277
Iter 2250 | Loss:  230.690 | lengthscale: 578.451 | outputscale: 1.567 | noise: 0.277
Iter 2260 | Loss:  230.638 | lengthscale: 581.257 | outputscale: 1.580 | noise: 0.277
Iter 2270 | Loss:  230.564 | lengthscale: 584.058 | outputscale: 1.594 | noise: 0.277
Iter 2280 | Loss:  230.531 | lengthscale: 586.856 | outputscale: 1.607 | noise: 0.277
Iter 2290 | Loss:  230.457 | lengthscale: 589.650 | outputscale: 1.621 | noise: 0.277
Iter 2300 | Loss:  230.402 | lengthscale: 592.441 | outputscale: 1.635 | noise: 0.277
Iter 2310 | Loss:  230.349 | lengthscale: 595.230 | outputscale: 1.649 | noise: 0.277
Iter 2320 | Loss:  230.279 | lengthscale: 598.016 | outputscale: 1.663 | noise: 0.277
Iter 2330 | Loss:  230.219 | lengthscale: 600.798 | outputscale: 1.678 | noise: 0.277
Iter 2340 | Loss:  230.154 | lengthscale: 603.577 | outputscale: 1.693 | noise: 0.277
Iter 2350 | Loss:  230.114 | lengthscale: 606.354 | outputscale: 1.708 | noise: 0.277
Iter 2360 | Loss:  230.049 | lengthscale: 609.128 | outputscale: 1.723 | noise: 0.277
Iter 2370 | Loss:  229.987 | lengthscale: 611.900 | outputscale: 1.739 | noise: 0.277
Iter 2380 | Loss:  229.933 | lengthscale: 614.668 | outputscale: 1.755 | noise: 0.277
Iter 2390 | Loss:  229.869 | lengthscale: 617.434 | outputscale: 1.771 | noise: 0.277
Iter 2400 | Loss:  229.823 | lengthscale: 620.197 | outputscale: 1.787 | noise: 0.277
Iter 2410 | Loss:  229.766 | lengthscale: 622.958 | outputscale: 1.804 | noise: 0.277
Iter 2420 | Loss:  229.710 | lengthscale: 625.719 | outputscale: 1.821 | noise: 0.277
Iter 2430 | Loss:  229.656 | lengthscale: 628.479 | outputscale: 1.838 | noise: 0.277
Iter 2440 | Loss:  229.591 | lengthscale: 631.237 | outputscale: 1.856 | noise: 0.277
Iter 2450 | Loss:  229.537 | lengthscale: 633.992 | outputscale: 1.874 | noise: 0.277
Iter 2460 | Loss:  229.473 | lengthscale: 636.743 | outputscale: 1.892 | noise: 0.277
Iter 2470 | Loss:  229.418 | lengthscale: 639.494 | outputscale: 1.911 | noise: 0.277
Iter 2480 | Loss:  229.372 | lengthscale: 642.241 | outputscale: 1.930 | noise: 0.277
Iter 2490 | Loss:  229.292 | lengthscale: 644.987 | outputscale: 1.949 | noise: 0.277
Iter 2499 | Loss:  229.238 | lengthscale: 647.458 | outputscale: 1.967 | noise: 0.277
Learned Hyperparams:  {'lengthscale': 647.4577026367188, 'outputscale': 1.9672824144363403, 'noise': 0.27654507756233215, 'marginal_likelihood_loss_history': [2758.4775390625, 2745.8359375, 2733.77294921875, 2722.28515625, 2711.367919921875, 2701.015625, 2691.219970703125, 2681.972412109375, 2673.26220703125, 2665.07763671875, 2657.405517578125, 2650.2314453125, 2643.5400390625, 2637.31494140625, 2631.53857421875, 2626.19189453125, 2621.25634765625, 2616.7119140625, 2612.5380859375, 2608.71484375, 2605.220703125, 2602.03466796875, 2599.1357421875, 2596.5029296875, 2594.11572265625, 2591.953125, 2589.99609375, 2588.224609375, 2586.61962890625, 2585.1640625, 2583.83935546875, 2582.63037109375, 2581.52001953125, 2580.494384765625, 2579.5390625, 2578.6416015625, 2577.7890625, 2576.970703125, 2576.17578125, 2575.39501953125, 2574.619384765625, 2573.8408203125, 2573.05224609375, 2572.24658203125, 2571.417724609375, 2570.56005859375, 2569.6689453125, 2568.7392578125, 2567.7666015625, 2566.7470703125, 2565.677001953125, 2564.552734375, 2563.37060546875, 2562.12744140625, 2560.81982421875, 2559.444580078125, 2557.998046875, 2556.4765625, 2554.87646484375, 2553.1943359375, 2551.42529296875, 2549.565673828125, 2547.6103515625, 2545.5546875, 2543.393310546875, 2541.12060546875, 2538.72998046875, 2536.2158203125, 2533.5712890625, 2530.78857421875, 2527.85986328125, 2524.777587890625, 2521.532958984375, 2518.11669921875, 2514.519775390625, 2510.73193359375, 2506.742431640625, 2502.541015625, 2498.115966796875, 2493.455810546875, 2488.54833984375, 2483.380859375, 2477.94091796875, 2472.21533203125, 2466.18994140625, 2459.8515625, 2453.185791015625, 2446.1787109375, 2438.8154296875, 2431.08251953125, 2422.96435546875, 2414.44677734375, 2405.515625, 2396.156005859375, 2386.354248046875, 2376.09619140625, 2365.36865234375, 2354.158447265625, 2342.452880859375, 2330.23974609375, 2317.5078125, 2304.246826171875, 2290.446533203125, 2276.0986328125, 2261.19482421875, 2245.728515625, 2229.6943359375, 2213.087890625, 2195.90673828125, 2178.1494140625, 2159.81591796875, 2140.908203125, 2121.4306640625, 2101.388671875, 2080.789794921875, 2059.64453125, 2037.96533203125, 2015.766845703125, 1993.0672607421875, 1969.8873291015625, 1946.2509765625, 1922.185546875, 1897.721923828125, 1872.895263671875, 1847.744384765625, 1822.31298828125, 1796.6485595703125, 1770.80419921875, 1744.837158203125, 1718.8094482421875, 1692.7880859375, 1666.8436279296875, 1641.051025390625, 1615.487060546875, 1590.2301025390625, 1565.3585205078125, 1540.94775390625, 1517.0673828125, 1493.7789306640625, 1471.1324462890625, 1449.162109375, 1427.8858642578125, 1407.30224609375, 1387.3941650390625, 1368.128173828125, 1349.4599609375, 1331.3388671875, 1313.711669921875, 1296.52685546875, 1279.7354736328125, 1263.2952880859375, 1247.169677734375, 1231.330322265625, 1215.75537109375, 1200.43115234375, 1185.350341796875, 1170.513427734375, 1155.9251708984375, 1141.5958251953125, 1127.5384521484375, 1113.768798828125, 1100.302490234375, 1087.1546630859375, 1074.3382568359375, 1061.8619384765625, 1049.7301025390625, 1037.941162109375, 1026.486083984375, 1015.3502807617188, 1004.5118408203125, 993.9432373046875, 983.6140747070312, 973.4911499023438, 963.5423583984375, 953.7386474609375, 944.055908203125, 934.476806640625, 924.9918823242188, 915.5986938476562, 906.3010864257812, 897.1083984375, 888.033203125, 879.089111328125, 870.2893676757812, 861.64453125, 853.16259765625, 844.8468017578125, 836.6973876953125, 828.7100219726562, 820.8790893554688, 813.197021484375, 805.6558227539062, 798.2491455078125, 790.9722900390625, 783.8221435546875, 776.7984619140625, 769.90185546875, 763.1345825195312, 756.4989013671875, 749.9960327148438, 743.6270751953125, 737.3909912109375, 731.285888671875, 725.3078002929688, 719.452880859375, 713.716552734375, 708.0938720703125, 702.5806884765625, 697.1737060546875, 691.8699951171875, 686.6671142578125, 681.564208984375, 676.5588989257812, 671.6506958007812, 666.837890625, 662.1187133789062, 657.490966796875, 652.9525146484375, 648.5000610351562, 644.1312255859375, 639.8427734375, 635.6324462890625, 631.497802734375, 627.4368286132812, 623.447021484375, 619.527587890625, 615.676025390625, 611.891357421875, 608.1717529296875, 604.5154418945312, 600.9207763671875, 597.385986328125, 593.9088745117188, 590.488037109375, 587.1217041015625, 583.807861328125, 580.5455322265625, 577.3333740234375, 574.169921875, 571.05419921875, 567.984619140625, 564.9603271484375, 561.97998046875, 559.0430297851562, 556.1474609375, 553.2926025390625, 550.477294921875, 547.7005004882812, 544.9615478515625, 542.2589111328125, 539.5922241210938, 536.9601440429688, 534.3622436523438, 531.7975463867188, 529.265380859375, 526.7647705078125, 524.2955322265625, 521.856201171875, 519.4464111328125, 517.0659790039062, 514.7135009765625, 512.3888549804688, 510.091552734375, 507.8206787109375, 505.5760498046875, 503.357177734375, 501.1634521484375, 498.99468994140625, 496.8502197265625, 494.72979736328125, 492.63287353515625, 490.5594482421875, 488.508544921875, 486.4805908203125, 484.4747314453125, 482.4908447265625, 480.5289306640625, 478.58831787109375, 476.66876220703125, 474.7703857421875, 472.892822265625, 471.0355224609375, 469.198974609375, 467.3818359375, 465.5850830078125, 463.80780029296875, 462.050537109375, 460.31231689453125, 458.5933837890625, 456.8936767578125, 455.21240234375, 453.55047607421875, 451.9071044921875, 450.2818603515625, 448.6748046875, 447.0858154296875, 445.5155029296875, 443.9622802734375, 442.4266357421875, 440.9090576171875, 439.40869140625, 437.9254150390625, 436.45904541015625, 435.009521484375, 433.576416015625, 432.16033935546875, 430.76025390625, 429.376220703125, 428.00830078125, 426.65576171875, 425.31884765625, 423.99749755859375, 422.691162109375, 421.39959716796875, 420.1234130859375, 418.86126708984375, 417.61383056640625, 416.38006591796875, 415.16119384765625, 413.9552001953125, 412.763427734375, 411.58551025390625, 410.42010498046875, 409.2684326171875, 408.12945556640625, 407.0032958984375, 405.89031982421875, 404.789306640625, 403.70098876953125, 402.62469482421875, 401.560546875, 400.508544921875, 399.468505859375, 398.439697265625, 397.42279052734375, 396.41741943359375, 395.4232177734375, 394.4403076171875, 393.4681396484375, 392.50799560546875, 391.5584716796875, 390.61920166015625, 389.6910400390625, 388.7734375, 387.8663330078125, 386.969482421875, 386.08331298828125, 385.20721435546875, 384.3411865234375, 383.48529052734375, 382.63922119140625, 381.80316162109375, 380.976318359375, 380.15966796875, 379.3521728515625, 378.5543212890625, 377.765869140625, 376.98638916015625, 376.2156982421875, 375.4544677734375, 374.70233154296875, 373.95819091796875, 373.223876953125, 372.49700927734375, 371.779541015625, 371.0701904296875, 370.3687744140625, 369.67559814453125, 368.99066162109375, 368.3133544921875, 367.64385986328125, 366.98248291015625, 366.3284912109375, 365.68212890625, 365.043212890625, 364.41156005859375, 363.7867431640625, 363.16937255859375, 362.55859375, 361.9552001953125, 361.35821533203125, 360.768310546875, 360.184814453125, 359.60699462890625, 359.03631591796875, 358.4715576171875, 357.91357421875, 357.3607177734375, 356.8145751953125, 356.273681640625, 355.7392578125, 355.2100830078125, 354.68701171875, 354.1689453125, 353.6561279296875, 353.14892578125, 352.6468505859375, 352.14990234375, 351.6583251953125, 351.171142578125, 350.6895751953125, 350.2127685546875, 349.7398681640625, 349.272216796875, 348.8087158203125, 348.3507080078125, 347.896484375, 347.4466552734375, 347.001220703125, 346.5596923828125, 346.1226806640625, 345.6895751953125, 345.2607421875, 344.8355712890625, 344.4149169921875, 343.9974365234375, 343.5841064453125, 343.1741943359375, 342.7677001953125, 342.365234375, 341.96630859375, 341.57080078125, 341.1788330078125, 340.7901611328125, 340.4049072265625, 340.0225830078125, 339.6436767578125, 339.267822265625, 338.8953857421875, 338.5260009765625, 338.1600341796875, 337.796142578125, 337.4356689453125, 337.0777587890625, 336.7230224609375, 336.3712158203125, 336.021484375, 335.6751708984375, 335.33154296875, 334.99072265625, 334.651611328125, 334.3155517578125, 333.98193359375, 333.6510009765625, 333.322021484375, 332.9952392578125, 332.6717529296875, 332.350341796875, 332.0306396484375, 331.713623046875, 331.3980712890625, 331.0855712890625, 330.77490234375, 330.4659423828125, 330.15869140625, 329.8541259765625, 329.5513916015625, 329.2508544921875, 328.951416015625, 328.6549072265625, 328.3594970703125, 328.06591796875, 327.7740478515625, 327.48388671875, 327.1953125, 326.9085693359375, 326.623291015625, 326.3399658203125, 326.0574951171875, 325.7767333984375, 325.4979248046875, 325.22021484375, 324.9439697265625, 324.6693115234375, 324.3951416015625, 324.122802734375, 323.8524169921875, 323.58251953125, 323.3143310546875, 323.0472412109375, 322.781005859375, 322.5164794921875, 322.2532958984375, 321.990478515625, 321.7293701171875, 321.4686279296875, 321.209716796875, 320.951904296875, 320.6947021484375, 320.4378662109375, 320.1824951171875, 319.9285888671875, 319.67529296875, 319.4234619140625, 319.1712646484375, 318.9212646484375, 318.6715087890625, 318.4229736328125, 318.175048828125, 317.9281005859375, 317.6824951171875, 317.436767578125, 317.1927490234375, 316.9490966796875, 316.7061767578125, 316.4638671875, 316.22314453125, 315.9818115234375, 315.7430419921875, 315.504638671875, 315.2664794921875, 315.0286865234375, 314.7921142578125, 314.5562744140625, 314.322021484375, 314.0870361328125, 313.853759765625, 313.6207275390625, 313.3890380859375, 313.157958984375, 312.927734375, 312.6971435546875, 312.468017578125, 312.239990234375, 312.0123291015625, 311.78564453125, 311.56005859375, 311.3348388671875, 311.1099853515625, 310.88671875, 310.6634521484375, 310.4404296875, 310.2188720703125, 309.9986572265625, 309.7784423828125, 309.5592041015625, 309.3406982421875, 309.12353515625, 308.9052734375, 308.6904296875, 308.4747314453125, 308.2601318359375, 308.0458984375, 307.8333740234375, 307.620361328125, 307.4090576171875, 307.1990966796875, 306.9886474609375, 306.77978515625, 306.5711669921875, 306.3638916015625, 306.1573486328125, 305.951416015625, 305.7469482421875, 305.5426025390625, 305.3392333984375, 305.1363525390625, 304.9345703125, 304.7330322265625, 304.5335693359375, 304.3345947265625, 304.1363525390625, 303.9385986328125, 303.7423095703125, 303.5465087890625, 303.3521728515625, 303.1583251953125, 302.9649658203125, 302.7724609375, 302.5819091796875, 302.390869140625, 302.2015380859375, 302.012451171875, 301.823974609375, 301.6375732421875, 301.4515380859375, 301.266845703125, 301.0826416015625, 300.8983154296875, 300.7166748046875, 300.5340576171875, 300.3538818359375, 300.1746826171875, 299.9952392578125, 299.8172607421875, 299.6407470703125, 299.465087890625, 299.288818359375, 299.114501953125, 298.9410400390625, 298.7679443359375, 298.5970458984375, 298.4256591796875, 298.2554931640625, 298.0863037109375, 297.9185791015625, 297.7513427734375, 297.5843505859375, 297.4188232421875, 297.25439453125, 297.0904541015625, 296.927001953125, 296.764892578125, 296.603759765625, 296.44287109375, 296.2838134765625, 296.1248779296875, 295.9661865234375, 295.8094482421875, 295.6527099609375, 295.4967041015625, 295.3421630859375, 295.1873779296875, 295.034423828125, 294.8822021484375, 294.7305908203125, 294.5799560546875, 294.4295654296875, 294.279296875, 294.1309814453125, 293.9830322265625, 293.8355712890625, 293.6884765625, 293.5433349609375, 293.3973388671875, 293.2532958984375, 293.1094970703125, 292.9664306640625, 292.8236083984375, 292.681884765625, 292.5406494140625, 292.3997802734375, 292.2606201171875, 292.12060546875, 291.9818115234375, 291.8436279296875, 291.7056884765625, 291.5689697265625, 291.4312744140625, 291.2955322265625, 291.160888671875, 291.025146484375, 290.891845703125, 290.7581787109375, 290.6239013671875, 290.4910888671875, 290.358642578125, 290.2269287109375, 290.095458984375, 289.96435546875, 289.8345947265625, 289.7039794921875, 289.5743408203125, 289.4451904296875, 289.3170166015625, 289.1883544921875, 289.0601806640625, 288.9327392578125, 288.80615234375, 288.6778564453125, 288.5517578125, 288.4259033203125, 288.300537109375, 288.174072265625, 288.0504150390625, 287.9246826171875, 287.800048828125, 287.6763916015625, 287.5518798828125, 287.4295654296875, 287.305419921875, 287.18310546875, 287.060791015625, 286.93798828125, 286.8157958984375, 286.6937255859375, 286.5723876953125, 286.4515380859375, 286.3299560546875, 286.20947265625, 286.088623046875, 285.9669189453125, 285.8480224609375, 285.7275390625, 285.6075439453125, 285.488037109375, 285.368896484375, 285.25048828125, 285.130615234375, 285.010986328125, 284.892822265625, 284.7745361328125, 284.65625, 284.5386962890625, 284.419189453125, 284.301513671875, 284.1837158203125, 284.066650390625, 283.9493408203125, 283.830810546875, 283.7147216796875, 283.596923828125, 283.4801025390625, 283.36279296875, 283.24658203125, 283.1304931640625, 283.0130615234375, 282.896240234375, 282.78076171875, 282.665283203125, 282.5482177734375, 282.432861328125, 282.3173828125, 282.20068359375, 282.0855712890625, 281.969482421875, 281.8543701171875, 281.7393798828125, 281.6236572265625, 281.5076904296875, 281.3929443359375, 281.2777099609375, 281.1636962890625, 281.0487060546875, 280.9332275390625, 280.819091796875, 280.7047119140625, 280.5887451171875, 280.4757080078125, 280.3604736328125, 280.246826171875, 280.1322021484375, 280.0179443359375, 279.9044189453125, 279.790771484375, 279.676513671875, 279.5623779296875, 279.44921875, 279.3360595703125, 279.22265625, 279.1097412109375, 278.9952392578125, 278.8826904296875, 278.76953125, 278.65673828125, 278.5443115234375, 278.4320068359375, 278.31884765625, 278.205810546875, 278.0933837890625, 277.9822998046875, 277.8692626953125, 277.7578125, 277.6456298828125, 277.534423828125, 277.423095703125, 277.3109130859375, 277.1990966796875, 277.0880126953125, 276.9775390625, 276.8663330078125, 276.7552490234375, 276.6456298828125, 276.5340576171875, 276.4239501953125, 276.3150634765625, 276.2049560546875, 276.094482421875, 275.9854736328125, 275.875732421875, 275.7666015625, 275.65771484375, 275.5479736328125, 275.4398193359375, 275.3306884765625, 275.221923828125, 275.1146240234375, 275.006591796875, 274.8995361328125, 274.791748046875, 274.6839599609375, 274.5767822265625, 274.4708251953125, 274.3634033203125, 274.2564697265625, 274.1497802734375, 274.0430908203125, 273.938232421875, 273.8326416015625, 273.72607421875, 273.6229248046875, 273.5164794921875, 273.4114990234375, 273.307861328125, 273.2032470703125, 273.0989990234375, 272.99365234375, 272.8914794921875, 272.7882080078125, 272.68359375, 272.5814208984375, 272.4781494140625, 272.3765869140625, 272.2744140625, 272.1710205078125, 272.0694580078125, 271.9678955078125, 271.86572265625, 271.76611328125, 271.6654052734375, 271.56494140625, 271.4638671875, 271.364501953125, 271.264404296875, 271.1632080078125, 271.0653076171875, 270.96484375, 270.8662109375, 270.7659912109375, 270.6680908203125, 270.5701904296875, 270.4730224609375, 270.3731689453125, 270.2760009765625, 270.178466796875, 270.0814208984375, 269.9849853515625, 269.888427734375, 269.7919921875, 269.6949462890625, 269.5987548828125, 269.503173828125, 269.4071044921875, 269.3126220703125, 269.2166748046875, 269.1229248046875, 269.02685546875, 268.9327392578125, 268.8382568359375, 268.7440185546875, 268.64892578125, 268.5556640625, 268.463134765625, 268.368896484375, 268.276123046875, 268.1839599609375, 268.0909423828125, 267.9989013671875, 267.90673828125, 267.81298828125, 267.7222900390625, 267.630615234375, 267.539306640625, 267.4486083984375, 267.3577880859375, 267.2669677734375, 267.1744384765625, 267.086181640625, 266.9954833984375, 266.9046630859375, 266.8143310546875, 266.724853515625, 266.6353759765625, 266.5465087890625, 266.4564208984375, 266.36767578125, 266.2799072265625, 266.191650390625, 266.1019287109375, 266.0137939453125, 265.9261474609375, 265.8380126953125, 265.751220703125, 265.6632080078125, 265.5765380859375, 265.4879150390625, 265.4029541015625, 265.31640625, 265.22900390625, 265.1431884765625, 265.055419921875, 264.9703369140625, 264.8843994140625, 264.7989501953125, 264.7144775390625, 264.6278076171875, 264.5426025390625, 264.4586181640625, 264.3729248046875, 264.2899169921875, 264.2039794921875, 264.120849609375, 264.036376953125, 263.953125, 263.8695068359375, 263.786865234375, 263.703857421875, 263.6195068359375, 263.5372314453125, 263.4544677734375, 263.3726806640625, 263.2886962890625, 263.20654296875, 263.124267578125, 263.0428466796875, 262.9615478515625, 262.8804931640625, 262.79931640625, 262.7178955078125, 262.6368408203125, 262.553955078125, 262.4757080078125, 262.3944091796875, 262.316162109375, 262.2349853515625, 262.1551513671875, 262.0765380859375, 261.9971923828125, 261.9166259765625, 261.8385009765625, 261.7587890625, 261.6795654296875, 261.6011962890625, 261.5224609375, 261.4451904296875, 261.3671875, 261.2896728515625, 261.2127685546875, 261.1346435546875, 261.0577392578125, 260.9796142578125, 260.9044189453125, 260.8255615234375, 260.7513427734375, 260.6739501953125, 260.5972900390625, 260.5225830078125, 260.4459228515625, 260.3714599609375, 260.2969970703125, 260.2196044921875, 260.1458740234375, 260.071044921875, 259.996337890625, 259.9215087890625, 259.8475341796875, 259.7733154296875, 259.6990966796875, 259.6248779296875, 259.5518798828125, 259.4786376953125, 259.4058837890625, 259.3326416015625, 259.2601318359375, 259.186767578125, 259.1143798828125, 259.0439453125, 258.9703369140625, 258.8992919921875, 258.8284912109375, 258.756103515625, 258.684814453125, 258.6138916015625, 258.5443115234375, 258.4718017578125, 258.401123046875, 258.331298828125, 258.2611083984375, 258.1915283203125, 258.1207275390625, 258.0521240234375, 257.982666015625, 257.913818359375, 257.8446044921875, 257.7757568359375, 257.7052001953125, 257.639404296875, 257.5694580078125, 257.5030517578125, 257.4337158203125, 257.3665771484375, 257.2978515625, 257.231689453125, 257.163818359375, 257.097900390625, 257.0306396484375, 256.9647216796875, 256.8970947265625, 256.831787109375, 256.76513671875, 256.6978759765625, 256.6351318359375, 256.5672607421875, 256.5030517578125, 256.437744140625, 256.3724365234375, 256.30712890625, 256.2430419921875, 256.1783447265625, 256.1136474609375, 256.05078125, 255.9873046875, 255.922607421875, 255.8590087890625, 255.795654296875, 255.732177734375, 255.66796875, 255.607177734375, 255.5443115234375, 255.4810791015625, 255.4185791015625, 255.35791015625, 255.2940673828125, 255.2322998046875, 255.1707763671875, 255.10791015625, 255.0469970703125, 254.9873046875, 254.9256591796875, 254.8656005859375, 254.80419921875, 254.746337890625, 254.6846923828125, 254.6258544921875, 254.5640869140625, 254.5040283203125, 254.4444580078125, 254.3875732421875, 254.3267822265625, 254.266845703125, 254.2083740234375, 254.148681640625, 254.090576171875, 254.0335693359375, 253.9742431640625, 253.9158935546875, 253.85986328125, 253.80029296875, 253.7430419921875, 253.6856689453125, 253.62841796875, 253.5723876953125, 253.5147705078125, 253.459716796875, 253.4010009765625, 253.34521484375, 253.2872314453125, 253.232177734375, 253.17626953125, 253.1214599609375, 253.0665283203125, 253.0103759765625, 252.9544677734375, 252.9000244140625, 252.8450927734375, 252.79052734375, 252.7352294921875, 252.6800537109375, 252.6260986328125, 252.57275390625, 252.5186767578125, 252.464599609375, 252.4100341796875, 252.35791015625, 252.3048095703125, 252.25146484375, 252.19921875, 252.1451416015625, 252.0928955078125, 252.0389404296875, 251.9874267578125, 251.93408203125, 251.8841552734375, 251.8309326171875, 251.77880859375, 251.7264404296875, 251.6761474609375, 251.623046875, 251.57275390625, 251.522705078125, 251.470458984375, 251.4190673828125, 251.3697509765625, 251.3189697265625, 251.2689208984375, 251.2178955078125, 251.16943359375, 251.1185302734375, 251.0687255859375, 251.01806640625, 250.9718017578125, 250.92041015625, 250.8712158203125, 250.8206787109375, 250.772216796875, 250.7249755859375, 250.6741943359375, 250.6273193359375, 250.5770263671875, 250.5299072265625, 250.480712890625, 250.4326171875, 250.385498046875, 250.3387451171875, 250.290283203125, 250.2418212890625, 250.196533203125, 250.1480712890625, 250.100341796875, 250.0545654296875, 250.0064697265625, 249.9603271484375, 249.9144287109375, 249.8682861328125, 249.82080078125, 249.7750244140625, 249.729736328125, 249.681884765625, 249.6365966796875, 249.5943603515625, 249.5465087890625, 249.501220703125, 249.4552001953125, 249.4100341796875, 249.36376953125, 249.3204345703125, 249.2757568359375, 249.2315673828125, 249.1859130859375, 249.1409912109375, 249.0953369140625, 249.053466796875, 249.008056640625, 248.9649658203125, 248.919677734375, 248.8773193359375, 248.8343505859375, 248.7916259765625, 248.7474365234375, 248.7030029296875, 248.65966796875, 248.61865234375, 248.5755615234375, 248.5308837890625, 248.489013671875, 248.4468994140625, 248.4036865234375, 248.361328125, 248.319091796875, 248.27734375, 248.235595703125, 248.1925048828125, 248.1546630859375, 248.1099853515625, 248.0692138671875, 248.027587890625, 247.9864501953125, 247.9462890625, 247.90283203125, 247.8626708984375, 247.8212890625, 247.7816162109375, 247.7392578125, 247.6988525390625, 247.6600341796875, 247.6192626953125, 247.5804443359375, 247.5374755859375, 247.4996337890625, 247.4600830078125, 247.4202880859375, 247.3809814453125, 247.3411865234375, 247.2994384765625, 247.2623291015625, 247.2213134765625, 247.182861328125, 247.1436767578125, 247.1048583984375, 247.0657958984375, 247.0262451171875, 246.9888916015625, 246.9471435546875, 246.9132080078125, 246.8741455078125, 246.835205078125, 246.7957763671875, 246.7591552734375, 246.7218017578125, 246.6826171875, 246.6444091796875, 246.6099853515625, 246.568603515625, 246.5328369140625, 246.495849609375, 246.4599609375, 246.419677734375, 246.3853759765625, 246.3463134765625, 246.3109130859375, 246.2752685546875, 246.236083984375, 246.2008056640625, 246.161865234375, 246.1273193359375, 246.0909423828125, 246.05419921875, 246.019775390625, 245.98291015625, 245.9486083984375, 245.9107666015625, 245.8765869140625, 245.84033203125, 245.8040771484375, 245.770751953125, 245.7335205078125, 245.7008056640625, 245.6644287109375, 245.6295166015625, 245.5921630859375, 245.5596923828125, 245.52490234375, 245.4888916015625, 245.45556640625, 245.4215087890625, 245.3856201171875, 245.3529052734375, 245.3177490234375, 245.2843017578125, 245.2501220703125, 245.2169189453125, 245.1824951171875, 245.1483154296875, 245.1142578125, 245.080810546875, 245.049072265625, 245.0135498046875, 244.9813232421875, 244.9473876953125, 244.9171142578125, 244.8826904296875, 244.8507080078125, 244.8167724609375, 244.7852783203125, 244.751953125, 244.71923828125, 244.68701171875, 244.6541748046875, 244.6236572265625, 244.590576171875, 244.558837890625, 244.5245361328125, 244.4920654296875, 244.462890625, 244.429931640625, 244.4000244140625, 244.3677978515625, 244.3382568359375, 244.3060302734375, 244.27294921875, 244.2418212890625, 244.2119140625, 244.1800537109375, 244.1470947265625, 244.1171875, 244.0865478515625, 244.0574951171875, 244.02734375, 243.995361328125, 243.967529296875, 243.933349609375, 243.9049072265625, 243.87451171875, 243.8447265625, 243.814697265625, 243.7850341796875, 243.754150390625, 243.724853515625, 243.69384765625, 243.66357421875, 243.6357421875, 243.6072998046875, 243.577880859375, 243.5482177734375, 243.5181884765625, 243.48876953125, 243.4608154296875, 243.4337158203125, 243.4033203125, 243.3729248046875, 243.346435546875, 243.317138671875, 243.289306640625, 243.257568359375, 243.2286376953125, 243.201904296875, 243.1732177734375, 243.1448974609375, 243.1168212890625, 243.0885009765625, 243.0599365234375, 243.0323486328125, 243.0030517578125, 242.9747314453125, 242.9481201171875, 242.920654296875, 242.8922119140625, 242.8636474609375, 242.8380126953125, 242.8118896484375, 242.78271484375, 242.75439453125, 242.7281494140625, 242.7000732421875, 242.6728515625, 242.6453857421875, 242.6209716796875, 242.5924072265625, 242.56689453125, 242.5379638671875, 242.513671875, 242.4844970703125, 242.4588623046875, 242.4329833984375, 242.406005859375, 242.3790283203125, 242.3538818359375, 242.329833984375, 242.299560546875, 242.2724609375, 242.2476806640625, 242.223876953125, 242.1949462890625, 242.1690673828125, 242.1453857421875, 242.1163330078125, 242.0916748046875, 242.0654296875, 242.041259765625, 242.0162353515625, 241.9869384765625, 241.9632568359375, 241.9359130859375, 241.9122314453125, 241.888916015625, 241.8631591796875, 241.8358154296875, 241.8143310546875, 241.784912109375, 241.761962890625, 241.7354736328125, 241.7119140625, 241.6878662109375, 241.6646728515625, 241.6380615234375, 241.6124267578125, 241.5865478515625, 241.5633544921875, 241.5394287109375, 241.51611328125, 241.48828125, 241.466064453125, 241.4403076171875, 241.4171142578125, 241.393310546875, 241.3707275390625, 241.3424072265625, 241.3192138671875, 241.2960205078125, 241.271728515625, 241.2476806640625, 241.2210693359375, 241.2012939453125, 241.1776123046875, 241.1510009765625, 241.1285400390625, 241.10498046875, 241.0811767578125, 241.05810546875, 241.033935546875, 241.0108642578125, 240.98779296875, 240.9661865234375, 240.94140625, 240.9173583984375, 240.8936767578125, 240.8719482421875, 240.8470458984375, 240.824951171875, 240.8023681640625, 240.777587890625, 240.7552490234375, 240.7333984375, 240.7083740234375, 240.6866455078125, 240.6639404296875, 240.6392822265625, 240.6181640625, 240.5958251953125, 240.57080078125, 240.549560546875, 240.528076171875, 240.5029296875, 240.4822998046875, 240.4588623046875, 240.4368896484375, 240.4141845703125, 240.392578125, 240.3665771484375, 240.3468017578125, 240.3250732421875, 240.3011474609375, 240.282958984375, 240.2581787109375, 240.2357177734375, 240.2137451171875, 240.1915283203125, 240.1689453125, 240.145751953125, 240.125244140625, 240.1019287109375, 240.0838623046875, 240.060791015625, 240.0362548828125, 240.0137939453125, 239.99267578125, 239.9700927734375, 239.9483642578125, 239.9281005859375, 239.910888671875, 239.884765625, 239.8656005859375, 239.84130859375, 239.8214111328125, 239.8028564453125, 239.778076171875, 239.7606201171875, 239.736328125, 239.7137451171875, 239.6942138671875, 239.669677734375, 239.6502685546875, 239.6314697265625, 239.6103515625, 239.589599609375, 239.567626953125, 239.546142578125, 239.5238037109375, 239.506591796875, 239.485595703125, 239.4630126953125, 239.4434814453125, 239.4215087890625, 239.4034423828125, 239.3818359375, 239.3614501953125, 239.3387451171875, 239.3193359375, 239.2957763671875, 239.278076171875, 239.2574462890625, 239.2376708984375, 239.2166748046875, 239.195068359375, 239.1741943359375, 239.15673828125, 239.1346435546875, 239.1143798828125, 239.0946044921875, 239.0762939453125, 239.0545654296875, 239.0347900390625, 239.012451171875, 238.9945068359375, 238.9737548828125, 238.9544677734375, 238.9346923828125, 238.9163818359375, 238.894287109375, 238.8760986328125, 238.85595703125, 238.835205078125, 238.8138427734375, 238.794921875, 238.7740478515625, 238.7535400390625, 238.7359619140625, 238.7166748046875, 238.6981201171875, 238.6771240234375, 238.6590576171875, 238.6395263671875, 238.620361328125, 238.6016845703125, 238.5819091796875, 238.56103515625, 238.5418701171875, 238.5216064453125, 238.507080078125, 238.485107421875, 238.467529296875, 238.44775390625, 238.427978515625, 238.4080810546875, 238.3902587890625, 238.3709716796875, 238.3515625, 238.331298828125, 238.3160400390625, 238.2962646484375, 238.280029296875, 238.260009765625, 238.24267578125, 238.2230224609375, 238.2027587890625, 238.1822509765625, 238.16357421875, 238.1448974609375, 238.1287841796875, 238.1116943359375, 238.0936279296875, 238.0753173828125, 238.05615234375, 238.0379638671875, 238.0179443359375, 237.9998779296875, 237.9832763671875, 237.9627685546875, 237.9447021484375, 237.9288330078125, 237.9090576171875, 237.887939453125, 237.874755859375, 237.8529052734375, 237.8372802734375, 237.8199462890625, 237.7996826171875, 237.78271484375, 237.7647705078125, 237.7479248046875, 237.732421875, 237.7113037109375, 237.6961669921875, 237.678955078125, 237.6602783203125, 237.6422119140625, 237.6251220703125, 237.60693359375, 237.5870361328125, 237.5714111328125, 237.5535888671875, 237.539794921875, 237.5218505859375, 237.501220703125, 237.4869384765625, 237.4705810546875, 237.4527587890625, 237.4337158203125, 237.4149169921875, 237.39794921875, 237.380126953125, 237.36572265625, 237.3446044921875, 237.32958984375, 237.3140869140625, 237.2972412109375, 237.2823486328125, 237.26171875, 237.2471923828125, 237.2310791015625, 237.2142333984375, 237.1968994140625, 237.1795654296875, 237.1646728515625, 237.1470947265625, 237.1317138671875, 237.1141357421875, 237.0948486328125, 237.0784912109375, 237.0634765625, 237.0469970703125, 237.0316162109375, 237.012939453125, 236.999267578125, 236.9837646484375, 236.967041015625, 236.950927734375, 236.9302978515625, 236.9193115234375, 236.9002685546875, 236.8848876953125, 236.8685302734375, 236.8524169921875, 236.8375244140625, 236.8218994140625, 236.8037109375, 236.78857421875, 236.7725830078125, 236.7581787109375, 236.7427978515625, 236.725341796875, 236.711181640625, 236.6937255859375, 236.6796875, 236.66259765625, 236.6478271484375, 236.6331787109375, 236.6165771484375, 236.6002197265625, 236.5863037109375, 236.568115234375, 236.552734375, 236.5400390625, 236.5235595703125, 236.5042724609375, 236.4912109375, 236.4735107421875, 236.4635009765625, 236.4462890625, 236.4285888671875, 236.4163818359375, 236.401123046875, 236.3856201171875, 236.372802734375, 236.3526611328125, 236.3402099609375, 236.3280029296875, 236.312255859375, 236.297607421875, 236.28369140625, 236.2645263671875, 236.2518310546875, 236.2342529296875, 236.2205810546875, 236.2025146484375, 236.193359375, 236.1778564453125, 236.1595458984375, 236.14697265625, 236.1363525390625, 236.1221923828125, 236.1068115234375, 236.0919189453125, 236.0777587890625, 236.060791015625, 236.0504150390625, 236.0374755859375, 236.02001953125, 236.0059814453125, 235.9908447265625, 235.9794921875, 235.9632568359375, 235.9468994140625, 235.93359375, 235.9215087890625, 235.9046630859375, 235.8902587890625, 235.8787841796875, 235.861572265625, 235.84912109375, 235.8326416015625, 235.8193359375, 235.8072509765625, 235.7979736328125, 235.7777099609375, 235.76123046875, 235.7491455078125, 235.738525390625, 235.7242431640625, 235.711181640625, 235.6944580078125, 235.678955078125, 235.6708984375, 235.6572265625, 235.6453857421875, 235.6292724609375, 235.61328125, 235.6021728515625, 235.587158203125, 235.5731201171875, 235.5604248046875, 235.549072265625, 235.5306396484375, 235.5223388671875, 235.5078125, 235.4918212890625, 235.479248046875, 235.4656982421875, 235.4521484375, 235.438232421875, 235.430908203125, 235.4158935546875, 235.4033203125, 235.389892578125, 235.380859375, 235.365478515625, 235.3480224609375, 235.3350830078125, 235.3272705078125, 235.3118896484375, 235.296142578125, 235.28271484375, 235.2679443359375, 235.2613525390625, 235.248779296875, 235.2384033203125, 235.2242431640625, 235.21240234375, 235.1971435546875, 235.18359375, 235.1663818359375, 235.1580810546875, 235.1434326171875, 235.13330078125, 235.1209716796875, 235.1134033203125, 235.09619140625, 235.0860595703125, 235.0732421875, 235.0606689453125, 235.0482177734375, 235.0343017578125, 235.0240478515625, 235.0079345703125, 234.99560546875, 234.9871826171875, 234.9737548828125, 234.9659423828125, 234.9522705078125, 234.9361572265625, 234.9217529296875, 234.9146728515625, 234.9007568359375, 234.8912353515625, 234.8814697265625, 234.8653564453125, 234.8543701171875, 234.839599609375, 234.827392578125, 234.816650390625, 234.8037109375, 234.7974853515625, 234.779541015625, 234.7711181640625, 234.7586669921875, 234.7486572265625, 234.7349853515625, 234.7225341796875, 234.7109375, 234.6961669921875, 234.6873779296875, 234.677490234375, 234.6658935546875, 234.654541015625, 234.643798828125, 234.6317138671875, 234.616455078125, 234.6072998046875, 234.5941162109375, 234.5853271484375, 234.5767822265625, 234.567626953125, 234.553955078125, 234.5394287109375, 234.5296630859375, 234.515869140625, 234.5062255859375, 234.495361328125, 234.4840087890625, 234.4716796875, 234.4632568359375, 234.4534912109375, 234.43896484375, 234.4300537109375, 234.419677734375, 234.4046630859375, 234.3873291015625, 234.3839111328125, 234.375732421875, 234.3641357421875, 234.352294921875, 234.344482421875, 234.3323974609375, 234.3194580078125, 234.307373046875, 234.293701171875, 234.2864990234375, 234.2734375, 234.26123046875, 234.2554931640625, 234.2437744140625, 234.2294921875, 234.2210693359375, 234.212890625, 234.2037353515625, 234.1910400390625, 234.17724609375, 234.1649169921875, 234.1561279296875, 234.1534423828125, 234.1356201171875, 234.1314697265625, 234.114501953125, 234.1053466796875, 234.0977783203125, 234.08056640625, 234.074951171875, 234.0631103515625, 234.0550537109375, 234.0426025390625, 234.0321044921875, 234.0186767578125, 234.00634765625, 233.998779296875, 233.9915771484375, 233.979248046875, 233.9678955078125, 233.9571533203125, 233.9544677734375, 233.9432373046875, 233.9300537109375, 233.9163818359375, 233.9095458984375, 233.8970947265625, 233.8853759765625, 233.8770751953125, 233.866943359375, 233.859130859375, 233.84765625, 233.8399658203125, 233.8331298828125, 233.8238525390625, 233.8099365234375, 233.804443359375, 233.7855224609375, 233.7864990234375, 233.7718505859375, 233.754150390625, 233.7498779296875, 233.742431640625, 233.73681640625, 233.7171630859375, 233.706787109375, 233.6990966796875, 233.687744140625, 233.6798095703125, 233.6640625, 233.6585693359375, 233.6510009765625, 233.634521484375, 233.62744140625, 233.625, 233.6148681640625, 233.6029052734375, 233.5968017578125, 233.584228515625, 233.5787353515625, 233.5699462890625, 233.5579833984375, 233.5489501953125, 233.5450439453125, 233.5306396484375, 233.5213623046875, 233.5126953125, 233.500732421875, 233.4971923828125, 233.4852294921875, 233.4739990234375, 233.4610595703125, 233.45263671875, 233.4434814453125, 233.4344482421875, 233.427490234375, 233.4149169921875, 233.4022216796875, 233.39892578125, 233.3863525390625, 233.3797607421875, 233.3680419921875, 233.3619384765625, 233.3504638671875, 233.341064453125, 233.33056640625, 233.32177734375, 233.3133544921875, 233.31005859375, 233.2999267578125, 233.2891845703125, 233.280029296875, 233.27392578125, 233.2633056640625, 233.2586669921875, 233.241455078125, 233.232421875, 233.2252197265625, 233.21337890625, 233.205322265625, 233.2001953125, 233.1962890625, 233.18408203125, 233.1746826171875, 233.1673583984375, 233.1590576171875, 233.1494140625, 233.140380859375, 233.1297607421875, 233.11865234375, 233.1141357421875, 233.098876953125, 233.0999755859375, 233.085693359375, 233.0745849609375, 233.0657958984375, 233.0609130859375, 233.05419921875, 233.0501708984375, 233.0369873046875, 233.0269775390625, 233.01953125, 233.009521484375, 232.9984130859375, 232.9918212890625, 232.9847412109375, 232.974853515625, 232.9652099609375, 232.958251953125, 232.9462890625, 232.9444580078125, 232.9283447265625, 232.9224853515625, 232.919921875, 232.91015625, 232.8984375, 232.889404296875, 232.8770751953125, 232.8768310546875, 232.8663330078125, 232.8609619140625, 232.8477783203125, 232.8402099609375, 232.8265380859375, 232.823486328125, 232.8193359375, 232.81103515625, 232.7982177734375, 232.7867431640625, 232.7774658203125, 232.7720947265625, 232.765869140625, 232.75830078125, 232.7489013671875, 232.7401123046875, 232.7349853515625, 232.718017578125, 232.7125244140625, 232.704833984375, 232.69921875, 232.69580078125, 232.6822509765625, 232.6727294921875, 232.667236328125, 232.6519775390625, 232.6409912109375, 232.64599609375, 232.6356201171875, 232.6282958984375, 232.6220703125, 232.6075439453125, 232.6104736328125, 232.604248046875, 232.5931396484375, 232.580322265625, 232.571533203125, 232.5645751953125, 232.5518798828125, 232.55029296875, 232.5406494140625, 232.5306396484375, 232.528076171875, 232.5166015625, 232.5125732421875, 232.4971923828125, 232.4891357421875, 232.4825439453125, 232.4749755859375, 232.4591064453125, 232.4552001953125, 232.452880859375, 232.4454345703125, 232.440673828125, 232.42724609375, 232.4189453125, 232.4141845703125, 232.4091796875, 232.4007568359375, 232.3900146484375, 232.3814697265625, 232.3739013671875, 232.3668212890625, 232.35693359375, 232.3546142578125, 232.346435546875, 232.3458251953125, 232.3311767578125, 232.32470703125, 232.3153076171875, 232.3165283203125, 232.308349609375, 232.2923583984375, 232.2847900390625, 232.276611328125, 232.268310546875, 232.2677001953125, 232.2542724609375, 232.24658203125, 232.244873046875, 232.2342529296875, 232.22509765625, 232.2213134765625, 232.2130126953125, 232.209228515625, 232.1942138671875, 232.1866455078125, 232.1820068359375, 232.17822265625, 232.1712646484375, 232.1593017578125, 232.1546630859375, 232.1441650390625, 232.1334228515625, 232.132080078125, 232.1209716796875, 232.11669921875, 232.1077880859375, 232.103271484375, 232.0965576171875, 232.0865478515625, 232.08203125, 232.0751953125, 232.056884765625, 232.0618896484375, 232.0521240234375, 232.045654296875, 232.03759765625, 232.0311279296875, 232.021484375, 232.0167236328125, 232.0069580078125, 232.003662109375, 231.9896240234375, 231.9906005859375, 231.9776611328125, 231.974365234375, 231.96630859375, 231.9613037109375, 231.9527587890625, 231.945556640625, 231.9376220703125, 231.9276123046875, 231.92333984375, 231.916259765625, 231.9044189453125, 231.9012451171875, 231.8935546875, 231.8916015625, 231.882568359375, 231.8748779296875, 231.8677978515625, 231.865478515625, 231.8502197265625, 231.8489990234375, 231.8460693359375, 231.8331298828125, 231.8231201171875, 231.8135986328125, 231.813232421875, 231.8040771484375, 231.7906494140625, 231.78955078125, 231.7880859375, 231.769775390625, 231.766845703125, 231.769775390625, 231.7601318359375, 231.7445068359375, 231.7391357421875, 231.7327880859375, 231.7266845703125, 231.72314453125, 231.71484375, 231.7037353515625, 231.7012939453125, 231.697509765625, 231.6884765625, 231.6806640625, 231.6788330078125, 231.6676025390625, 231.6663818359375, 231.6561279296875, 231.6470947265625, 231.6417236328125, 231.6287841796875, 231.6209716796875, 231.6162109375, 231.6143798828125, 231.6055908203125, 231.599609375, 231.5963134765625, 231.583740234375, 231.57470703125, 231.5711669921875, 231.567626953125, 231.5589599609375, 231.556640625, 231.5447998046875, 231.539794921875, 231.5299072265625, 231.5260009765625, 231.5189208984375, 231.511474609375, 231.5057373046875, 231.5052490234375, 231.4940185546875, 231.480712890625, 231.4744873046875, 231.4720458984375, 231.4619140625, 231.4580078125, 231.4564208984375, 231.443359375, 231.4388427734375, 231.4364013671875, 231.4241943359375, 231.4239501953125, 231.4124755859375, 231.40625, 231.4058837890625, 231.3912353515625, 231.3812255859375, 231.373291015625, 231.3687744140625, 231.3629150390625, 231.3623046875, 231.3568115234375, 231.3509521484375, 231.3424072265625, 231.3372802734375, 231.335205078125, 231.316162109375, 231.3179931640625, 231.310546875, 231.2960205078125, 231.2904052734375, 231.295654296875, 231.2828369140625, 231.2813720703125, 231.2725830078125, 231.2735595703125, 231.2606201171875, 231.2501220703125, 231.2498779296875, 231.2388916015625, 231.2349853515625, 231.2230224609375, 231.2154541015625, 231.21240234375, 231.211181640625, 231.2044677734375, 231.198486328125, 231.190185546875, 231.1849365234375, 231.1697998046875, 231.1695556640625, 231.16796875, 231.1607666015625, 231.1490478515625, 231.14306640625, 231.14794921875, 231.136474609375, 231.1260986328125, 231.1199951171875, 231.1068115234375, 231.1207275390625, 231.1072998046875, 231.0989990234375, 231.0927734375, 231.0853271484375, 231.0809326171875, 231.0679931640625, 231.070068359375, 231.059814453125, 231.0618896484375, 231.044921875, 231.0460205078125, 231.0357666015625, 231.0262451171875, 231.0247802734375, 231.0115966796875, 231.0074462890625, 231.0057373046875, 231.0018310546875, 230.984130859375, 230.9805908203125, 230.984130859375, 230.9666748046875, 230.9749755859375, 230.9559326171875, 230.9500732421875, 230.9500732421875, 230.94970703125, 230.9373779296875, 230.9322509765625, 230.9195556640625, 230.91357421875, 230.9034423828125, 230.910400390625, 230.8978271484375, 230.8843994140625, 230.8856201171875, 230.8765869140625, 230.8731689453125, 230.8668212890625, 230.860107421875, 230.8572998046875, 230.8448486328125, 230.8486328125, 230.8408203125, 230.8204345703125, 230.8175048828125, 230.8074951171875, 230.8216552734375, 230.8060302734375, 230.7943115234375, 230.7933349609375, 230.787841796875, 230.7757568359375, 230.7784423828125, 230.77001953125, 230.7630615234375, 230.7589111328125, 230.7344970703125, 230.7420654296875, 230.739501953125, 230.7244873046875, 230.7354736328125, 230.724853515625, 230.71484375, 230.7161865234375, 230.6956787109375, 230.696533203125, 230.68994140625, 230.6885986328125, 230.6798095703125, 230.6734619140625, 230.6678466796875, 230.663818359375, 230.6597900390625, 230.6502685546875, 230.647705078125, 230.6414794921875, 230.6383056640625, 230.619384765625, 230.626220703125, 230.61376953125, 230.5950927734375, 230.6025390625, 230.6044921875, 230.594970703125, 230.5755615234375, 230.5821533203125, 230.5638427734375, 230.5589599609375, 230.555419921875, 230.561279296875, 230.559326171875, 230.5350341796875, 230.5401611328125, 230.52734375, 230.5240478515625, 230.516357421875, 230.531494140625, 230.51416015625, 230.5013427734375, 230.4912109375, 230.4852294921875, 230.4765625, 230.48291015625, 230.4722900390625, 230.4725341796875, 230.4595947265625, 230.4566650390625, 230.4422607421875, 230.4432373046875, 230.431396484375, 230.4259033203125, 230.4111328125, 230.409912109375, 230.4072265625, 230.400146484375, 230.3946533203125, 230.4022216796875, 230.3963623046875, 230.381103515625, 230.370849609375, 230.37109375, 230.368408203125, 230.373291015625, 230.356689453125, 230.3502197265625, 230.3489990234375, 230.349365234375, 230.3399658203125, 230.3394775390625, 230.3201904296875, 230.30322265625, 230.293212890625, 230.296142578125, 230.2841796875, 230.2813720703125, 230.2796630859375, 230.27880859375, 230.268798828125, 230.2650146484375, 230.256103515625, 230.252197265625, 230.2445068359375, 230.2459716796875, 230.234619140625, 230.2320556640625, 230.2279052734375, 230.219482421875, 230.227294921875, 230.21875, 230.2091064453125, 230.2008056640625, 230.19140625, 230.1944580078125, 230.1885986328125, 230.1885986328125, 230.1737060546875, 230.1541748046875, 230.16796875, 230.1473388671875, 230.1517333984375, 230.1429443359375, 230.1334228515625, 230.1265869140625, 230.1329345703125, 230.1253662109375, 230.1136474609375, 230.1136474609375, 230.103515625, 230.0938720703125, 230.0911865234375, 230.0728759765625, 230.06396484375, 230.0496826171875, 230.0452880859375, 230.0533447265625, 230.0509033203125, 230.0494384765625, 230.0452880859375, 230.0438232421875, 230.0325927734375, 230.0244140625, 230.0250244140625, 230.01611328125, 230.0101318359375, 230.0059814453125, 230.0008544921875, 229.98681640625, 229.9888916015625, 229.9842529296875, 229.9913330078125, 229.9820556640625, 229.9649658203125, 229.9530029296875, 229.9561767578125, 229.9515380859375, 229.939453125, 229.9326171875, 229.9271240234375, 229.930419921875, 229.9227294921875, 229.9246826171875, 229.9105224609375, 229.896240234375, 229.898193359375, 229.8856201171875, 229.880615234375, 229.8685302734375, 229.8717041015625, 229.8597412109375, 229.8692626953125, 229.8563232421875, 229.8468017578125, 229.8382568359375, 229.852294921875, 229.830810546875, 229.8302001953125, 229.8226318359375, 229.8218994140625, 229.81103515625, 229.8182373046875, 229.816162109375, 229.7996826171875, 229.7862548828125, 229.79345703125, 229.7811279296875, 229.7742919921875, 229.7655029296875, 229.7694091796875, 229.7498779296875, 229.748291015625, 229.7421875, 229.7437744140625, 229.727783203125, 229.723876953125, 229.713134765625, 229.712158203125, 229.7103271484375, 229.68896484375, 229.6947021484375, 229.6885986328125, 229.6785888671875, 229.6812744140625, 229.6719970703125, 229.6768798828125, 229.656982421875, 229.6480712890625, 229.6556396484375, 229.6383056640625, 229.6334228515625, 229.635009765625, 229.62841796875, 229.6160888671875, 229.6246337890625, 229.6065673828125, 229.6029052734375, 229.59814453125, 229.590576171875, 229.5943603515625, 229.601806640625, 229.5714111328125, 229.5628662109375, 229.5601806640625, 229.5594482421875, 229.5516357421875, 229.547607421875, 229.53955078125, 229.5367431640625, 229.5294189453125, 229.528076171875, 229.5185546875, 229.5096435546875, 229.5025634765625, 229.4903564453125, 229.501220703125, 229.491455078125, 229.4820556640625, 229.4725341796875, 229.467529296875, 229.4610595703125, 229.4635009765625, 229.456298828125, 229.4498291015625, 229.433349609375, 229.4237060546875, 229.4217529296875, 229.4237060546875, 229.417724609375, 229.4102783203125, 229.4061279296875, 229.3974609375, 229.392333984375, 229.3861083984375, 229.368896484375, 229.370849609375, 229.3807373046875, 229.3582763671875, 229.3717041015625, 229.3450927734375, 229.3385009765625, 229.3267822265625, 229.3243408203125, 229.3243408203125, 229.32421875, 229.3218994140625, 229.30419921875, 229.3055419921875, 229.2919921875, 229.2833251953125, 229.2730712890625, 229.2769775390625, 229.2696533203125, 229.273193359375, 229.2552490234375, 229.2503662109375, 229.24853515625, 229.2384033203125]}
Warning: Cholesky failed, using eigendecomposition fallback
{'mse': 0.0793997272849083, 'rmse': 0.28177955746650696, 'test_ll': -1034194.875, 'total_test_ll': -25854871552.0}
/cluster/tufts/hugheslab/swilli26/stat-patt-final/gp_vs_sngp/results/hyperparam_search/GP/Friedman_1500_1001/logs
/cluster/tufts/hugheslab/swilli26/stat-patt-final/gp_vs_sngp/results/hyperparam_search/logs/GP_VS_SNGP_25028909.out
/cluster/tufts/hugheslab/swilli26/stat-patt-final/gp_vs_sngp/results/hyperparam_search/logs/GP_VS_SNGP_25028909.err
