Starting imports...
Importing argparse...
Importing torch...
Importing os...
Importing sngp.train and sngp.model...
Importing gaussian_process...
Importing dataset...
Importing json...
ALL IMPORTS COMPLETE!
Parsing arguments...
Arguments parsed! Running GP on Sin with N=1500
Checking CUDA availability...
Using CPU
Making Datasets...
Making Model...
Training Gaussian Process...
Iter   0 | Loss: -812.778 | lengthscale: 1.010 | outputscale: 1.010 | noise: 0.198
Iter  10 | Loss: -920.352 | lengthscale: 1.049 | outputscale: 1.115 | noise: 0.179
Iter  20 | Loss: -1017.237 | lengthscale: 1.084 | outputscale: 1.223 | noise: 0.163
Iter  30 | Loss: -1100.492 | lengthscale: 1.116 | outputscale: 1.327 | noise: 0.148
Iter  40 | Loss: -1167.764 | lengthscale: 1.142 | outputscale: 1.420 | noise: 0.135
Iter  50 | Loss: -1217.850 | lengthscale: 1.162 | outputscale: 1.500 | noise: 0.125
Iter  60 | Loss: -1251.289 | lengthscale: 1.178 | outputscale: 1.564 | noise: 0.117
Iter  70 | Loss: -1270.559 | lengthscale: 1.191 | outputscale: 1.615 | noise: 0.110
Iter  80 | Loss: -1279.766 | lengthscale: 1.199 | outputscale: 1.653 | noise: 0.106
Iter  90 | Loss: -1283.096 | lengthscale: 1.204 | outputscale: 1.680 | noise: 0.103
Iter 100 | Loss: -1283.930 | lengthscale: 1.208 | outputscale: 1.696 | noise: 0.101
Iter 110 | Loss: -1283.966 | lengthscale: 1.210 | outputscale: 1.708 | noise: 0.100
Iter 120 | Loss: -1283.930 | lengthscale: 1.215 | outputscale: 1.725 | noise: 0.100
Iter 130 | Loss: -1283.958 | lengthscale: 1.215 | outputscale: 1.740 | noise: 0.100
Iter 140 | Loss: -1283.866 | lengthscale: 1.219 | outputscale: 1.739 | noise: 0.100
Iter 150 | Loss: -1283.933 | lengthscale: 1.215 | outputscale: 1.733 | noise: 0.100
Iter 160 | Loss: -1283.951 | lengthscale: 1.215 | outputscale: 1.727 | noise: 0.100
Iter 170 | Loss: -1283.917 | lengthscale: 1.215 | outputscale: 1.734 | noise: 0.100
Iter 180 | Loss: -1283.930 | lengthscale: 1.217 | outputscale: 1.732 | noise: 0.100
Iter 190 | Loss: -1283.936 | lengthscale: 1.214 | outputscale: 1.733 | noise: 0.100
Iter 200 | Loss: -1283.943 | lengthscale: 1.215 | outputscale: 1.727 | noise: 0.100
Iter 210 | Loss: -1283.894 | lengthscale: 1.212 | outputscale: 1.714 | noise: 0.100
Iter 220 | Loss: -1283.973 | lengthscale: 1.212 | outputscale: 1.715 | noise: 0.100
Iter 230 | Loss: -1283.932 | lengthscale: 1.213 | outputscale: 1.723 | noise: 0.100
Iter 240 | Loss: -1283.867 | lengthscale: 1.215 | outputscale: 1.730 | noise: 0.100
Iter 250 | Loss: -1283.938 | lengthscale: 1.215 | outputscale: 1.728 | noise: 0.100
Iter 260 | Loss: -1283.879 | lengthscale: 1.215 | outputscale: 1.732 | noise: 0.100
Iter 270 | Loss: -1283.934 | lengthscale: 1.215 | outputscale: 1.732 | noise: 0.100
Iter 280 | Loss: -1283.933 | lengthscale: 1.217 | outputscale: 1.735 | noise: 0.100
Iter 290 | Loss: -1283.959 | lengthscale: 1.214 | outputscale: 1.723 | noise: 0.100
Iter 300 | Loss: -1283.875 | lengthscale: 1.214 | outputscale: 1.721 | noise: 0.100
Iter 310 | Loss: -1283.931 | lengthscale: 1.213 | outputscale: 1.718 | noise: 0.100
Iter 320 | Loss: -1283.965 | lengthscale: 1.210 | outputscale: 1.707 | noise: 0.100
Iter 330 | Loss: -1283.975 | lengthscale: 1.210 | outputscale: 1.706 | noise: 0.100
Iter 340 | Loss: -1283.940 | lengthscale: 1.215 | outputscale: 1.718 | noise: 0.100
Iter 350 | Loss: -1284.016 | lengthscale: 1.212 | outputscale: 1.724 | noise: 0.100
Iter 360 | Loss: -1283.921 | lengthscale: 1.214 | outputscale: 1.727 | noise: 0.100
Iter 370 | Loss: -1283.934 | lengthscale: 1.217 | outputscale: 1.730 | noise: 0.100
Iter 380 | Loss: -1283.924 | lengthscale: 1.215 | outputscale: 1.730 | noise: 0.100
Iter 390 | Loss: -1283.959 | lengthscale: 1.213 | outputscale: 1.723 | noise: 0.100
Iter 400 | Loss: -1283.985 | lengthscale: 1.213 | outputscale: 1.718 | noise: 0.100
Iter 410 | Loss: -1283.924 | lengthscale: 1.215 | outputscale: 1.723 | noise: 0.100
Iter 420 | Loss: -1283.956 | lengthscale: 1.212 | outputscale: 1.724 | noise: 0.100
Iter 430 | Loss: -1283.941 | lengthscale: 1.213 | outputscale: 1.721 | noise: 0.100
Iter 440 | Loss: -1283.963 | lengthscale: 1.213 | outputscale: 1.719 | noise: 0.100
Iter 450 | Loss: -1283.991 | lengthscale: 1.213 | outputscale: 1.717 | noise: 0.100
Iter 460 | Loss: -1283.933 | lengthscale: 1.213 | outputscale: 1.720 | noise: 0.100
Iter 470 | Loss: -1283.925 | lengthscale: 1.212 | outputscale: 1.710 | noise: 0.100
Iter 480 | Loss: -1283.935 | lengthscale: 1.211 | outputscale: 1.706 | noise: 0.100
Iter 490 | Loss: -1283.916 | lengthscale: 1.214 | outputscale: 1.716 | noise: 0.100
Iter 500 | Loss: -1283.974 | lengthscale: 1.212 | outputscale: 1.722 | noise: 0.100
Iter 510 | Loss: -1283.952 | lengthscale: 1.214 | outputscale: 1.725 | noise: 0.100
Iter 520 | Loss: -1283.957 | lengthscale: 1.214 | outputscale: 1.718 | noise: 0.100
Iter 530 | Loss: -1283.980 | lengthscale: 1.211 | outputscale: 1.707 | noise: 0.100
Iter 540 | Loss: -1283.939 | lengthscale: 1.212 | outputscale: 1.707 | noise: 0.100
Iter 550 | Loss: -1283.973 | lengthscale: 1.211 | outputscale: 1.712 | noise: 0.100
Iter 560 | Loss: -1283.957 | lengthscale: 1.211 | outputscale: 1.712 | noise: 0.100
Iter 570 | Loss: -1283.971 | lengthscale: 1.211 | outputscale: 1.710 | noise: 0.100
Iter 580 | Loss: -1283.943 | lengthscale: 1.211 | outputscale: 1.707 | noise: 0.100
Iter 590 | Loss: -1283.932 | lengthscale: 1.210 | outputscale: 1.705 | noise: 0.100
Iter 600 | Loss: -1284.011 | lengthscale: 1.212 | outputscale: 1.703 | noise: 0.100
Iter 610 | Loss: -1283.962 | lengthscale: 1.209 | outputscale: 1.697 | noise: 0.100
Iter 620 | Loss: -1283.911 | lengthscale: 1.207 | outputscale: 1.697 | noise: 0.100
Iter 630 | Loss: -1283.967 | lengthscale: 1.210 | outputscale: 1.713 | noise: 0.100
Iter 640 | Loss: -1283.905 | lengthscale: 1.216 | outputscale: 1.730 | noise: 0.100
Iter 650 | Loss: -1283.895 | lengthscale: 1.217 | outputscale: 1.737 | noise: 0.100
Iter 660 | Loss: -1283.936 | lengthscale: 1.210 | outputscale: 1.699 | noise: 0.100
Iter 670 | Loss: -1284.010 | lengthscale: 1.207 | outputscale: 1.680 | noise: 0.100
Iter 680 | Loss: -1283.986 | lengthscale: 1.209 | outputscale: 1.693 | noise: 0.100
Iter 690 | Loss: -1283.827 | lengthscale: 1.212 | outputscale: 1.711 | noise: 0.100
Iter 700 | Loss: -1284.004 | lengthscale: 1.210 | outputscale: 1.710 | noise: 0.100
Iter 710 | Loss: -1283.892 | lengthscale: 1.214 | outputscale: 1.714 | noise: 0.100
Iter 720 | Loss: -1283.973 | lengthscale: 1.211 | outputscale: 1.708 | noise: 0.100
Iter 730 | Loss: -1283.944 | lengthscale: 1.211 | outputscale: 1.703 | noise: 0.100
Iter 740 | Loss: -1283.927 | lengthscale: 1.212 | outputscale: 1.710 | noise: 0.100
Iter 750 | Loss: -1283.962 | lengthscale: 1.213 | outputscale: 1.718 | noise: 0.100
Iter 760 | Loss: -1283.914 | lengthscale: 1.213 | outputscale: 1.716 | noise: 0.100
Iter 770 | Loss: -1283.977 | lengthscale: 1.212 | outputscale: 1.725 | noise: 0.100
Iter 780 | Loss: -1283.941 | lengthscale: 1.214 | outputscale: 1.722 | noise: 0.100
Iter 790 | Loss: -1283.931 | lengthscale: 1.215 | outputscale: 1.736 | noise: 0.100
Iter 800 | Loss: -1283.898 | lengthscale: 1.213 | outputscale: 1.718 | noise: 0.100
Iter 810 | Loss: -1283.897 | lengthscale: 1.213 | outputscale: 1.711 | noise: 0.100
Iter 820 | Loss: -1283.953 | lengthscale: 1.212 | outputscale: 1.711 | noise: 0.100
Iter 830 | Loss: -1284.036 | lengthscale: 1.211 | outputscale: 1.709 | noise: 0.100
Iter 840 | Loss: -1283.953 | lengthscale: 1.212 | outputscale: 1.724 | noise: 0.100
Iter 850 | Loss: -1283.948 | lengthscale: 1.214 | outputscale: 1.726 | noise: 0.100
Iter 860 | Loss: -1283.926 | lengthscale: 1.216 | outputscale: 1.724 | noise: 0.100
Iter 870 | Loss: -1283.986 | lengthscale: 1.212 | outputscale: 1.710 | noise: 0.100
Iter 880 | Loss: -1283.939 | lengthscale: 1.213 | outputscale: 1.720 | noise: 0.100
Iter 890 | Loss: -1283.936 | lengthscale: 1.215 | outputscale: 1.722 | noise: 0.100
Iter 900 | Loss: -1283.935 | lengthscale: 1.210 | outputscale: 1.705 | noise: 0.100
Iter 910 | Loss: -1283.931 | lengthscale: 1.212 | outputscale: 1.714 | noise: 0.100
Iter 920 | Loss: -1283.974 | lengthscale: 1.211 | outputscale: 1.710 | noise: 0.100
Iter 930 | Loss: -1283.998 | lengthscale: 1.210 | outputscale: 1.716 | noise: 0.100
Iter 940 | Loss: -1283.898 | lengthscale: 1.213 | outputscale: 1.727 | noise: 0.100
Iter 950 | Loss: -1283.918 | lengthscale: 1.211 | outputscale: 1.715 | noise: 0.100
Iter 960 | Loss: -1283.954 | lengthscale: 1.212 | outputscale: 1.710 | noise: 0.100
Iter 970 | Loss: -1283.941 | lengthscale: 1.214 | outputscale: 1.722 | noise: 0.100
Iter 980 | Loss: -1283.946 | lengthscale: 1.212 | outputscale: 1.717 | noise: 0.100
Iter 990 | Loss: -1283.963 | lengthscale: 1.211 | outputscale: 1.713 | noise: 0.100
Iter 1000 | Loss: -1283.947 | lengthscale: 1.213 | outputscale: 1.711 | noise: 0.100
Iter 1010 | Loss: -1283.964 | lengthscale: 1.213 | outputscale: 1.709 | noise: 0.100
Iter 1020 | Loss: -1283.949 | lengthscale: 1.214 | outputscale: 1.711 | noise: 0.100
Iter 1030 | Loss: -1283.949 | lengthscale: 1.211 | outputscale: 1.720 | noise: 0.100
Iter 1040 | Loss: -1283.967 | lengthscale: 1.215 | outputscale: 1.737 | noise: 0.100
Iter 1050 | Loss: -1283.881 | lengthscale: 1.215 | outputscale: 1.736 | noise: 0.100
Iter 1060 | Loss: -1283.900 | lengthscale: 1.214 | outputscale: 1.728 | noise: 0.100
Iter 1070 | Loss: -1283.932 | lengthscale: 1.209 | outputscale: 1.694 | noise: 0.100
Iter 1080 | Loss: -1283.939 | lengthscale: 1.212 | outputscale: 1.707 | noise: 0.100
Iter 1090 | Loss: -1283.924 | lengthscale: 1.214 | outputscale: 1.723 | noise: 0.100
Iter 1100 | Loss: -1283.992 | lengthscale: 1.211 | outputscale: 1.708 | noise: 0.100
Iter 1110 | Loss: -1284.005 | lengthscale: 1.206 | outputscale: 1.685 | noise: 0.100
Iter 1120 | Loss: -1283.978 | lengthscale: 1.210 | outputscale: 1.700 | noise: 0.100
Iter 1130 | Loss: -1283.944 | lengthscale: 1.216 | outputscale: 1.738 | noise: 0.100
Iter 1140 | Loss: -1283.946 | lengthscale: 1.214 | outputscale: 1.731 | noise: 0.100
Iter 1150 | Loss: -1284.003 | lengthscale: 1.212 | outputscale: 1.721 | noise: 0.100
Iter 1160 | Loss: -1283.956 | lengthscale: 1.216 | outputscale: 1.733 | noise: 0.100
Iter 1170 | Loss: -1283.906 | lengthscale: 1.213 | outputscale: 1.726 | noise: 0.100
Iter 1180 | Loss: -1283.965 | lengthscale: 1.210 | outputscale: 1.710 | noise: 0.100
Iter 1190 | Loss: -1283.948 | lengthscale: 1.216 | outputscale: 1.735 | noise: 0.100
Iter 1200 | Loss: -1283.910 | lengthscale: 1.221 | outputscale: 1.761 | noise: 0.100
Iter 1210 | Loss: -1283.949 | lengthscale: 1.215 | outputscale: 1.730 | noise: 0.100
Iter 1220 | Loss: -1283.986 | lengthscale: 1.207 | outputscale: 1.689 | noise: 0.100
Iter 1230 | Loss: -1283.998 | lengthscale: 1.207 | outputscale: 1.692 | noise: 0.100
Iter 1240 | Loss: -1283.932 | lengthscale: 1.212 | outputscale: 1.714 | noise: 0.100
Iter 1250 | Loss: -1283.882 | lengthscale: 1.214 | outputscale: 1.718 | noise: 0.100
Iter 1260 | Loss: -1283.962 | lengthscale: 1.212 | outputscale: 1.714 | noise: 0.100
Iter 1270 | Loss: -1283.994 | lengthscale: 1.211 | outputscale: 1.707 | noise: 0.100
Iter 1280 | Loss: -1283.962 | lengthscale: 1.211 | outputscale: 1.711 | noise: 0.100
Iter 1290 | Loss: -1283.863 | lengthscale: 1.210 | outputscale: 1.707 | noise: 0.100
Iter 1300 | Loss: -1283.969 | lengthscale: 1.211 | outputscale: 1.709 | noise: 0.100
Iter 1310 | Loss: -1284.002 | lengthscale: 1.212 | outputscale: 1.712 | noise: 0.100
Iter 1320 | Loss: -1283.953 | lengthscale: 1.211 | outputscale: 1.712 | noise: 0.100
Iter 1330 | Loss: -1283.924 | lengthscale: 1.212 | outputscale: 1.715 | noise: 0.100
Iter 1340 | Loss: -1283.931 | lengthscale: 1.217 | outputscale: 1.732 | noise: 0.100
Iter 1350 | Loss: -1283.943 | lengthscale: 1.213 | outputscale: 1.720 | noise: 0.100
Iter 1360 | Loss: -1283.893 | lengthscale: 1.211 | outputscale: 1.711 | noise: 0.100
Iter 1370 | Loss: -1283.956 | lengthscale: 1.211 | outputscale: 1.703 | noise: 0.100
Iter 1380 | Loss: -1283.928 | lengthscale: 1.216 | outputscale: 1.721 | noise: 0.100
Iter 1390 | Loss: -1283.926 | lengthscale: 1.221 | outputscale: 1.749 | noise: 0.100
Iter 1400 | Loss: -1284.005 | lengthscale: 1.213 | outputscale: 1.718 | noise: 0.100
Iter 1410 | Loss: -1283.987 | lengthscale: 1.207 | outputscale: 1.686 | noise: 0.100
Iter 1420 | Loss: -1283.955 | lengthscale: 1.207 | outputscale: 1.700 | noise: 0.100
Iter 1430 | Loss: -1283.963 | lengthscale: 1.213 | outputscale: 1.728 | noise: 0.100
Iter 1440 | Loss: -1283.924 | lengthscale: 1.213 | outputscale: 1.733 | noise: 0.100
Iter 1450 | Loss: -1283.858 | lengthscale: 1.212 | outputscale: 1.722 | noise: 0.100
Iter 1460 | Loss: -1283.966 | lengthscale: 1.212 | outputscale: 1.717 | noise: 0.100
Iter 1470 | Loss: -1283.952 | lengthscale: 1.215 | outputscale: 1.731 | noise: 0.100
Iter 1480 | Loss: -1283.915 | lengthscale: 1.212 | outputscale: 1.708 | noise: 0.100
Iter 1490 | Loss: -1283.970 | lengthscale: 1.207 | outputscale: 1.683 | noise: 0.100
Iter 1500 | Loss: -1283.958 | lengthscale: 1.212 | outputscale: 1.711 | noise: 0.100
Iter 1510 | Loss: -1283.952 | lengthscale: 1.213 | outputscale: 1.716 | noise: 0.100
Iter 1520 | Loss: -1283.971 | lengthscale: 1.211 | outputscale: 1.708 | noise: 0.100
Iter 1530 | Loss: -1283.853 | lengthscale: 1.208 | outputscale: 1.702 | noise: 0.100
Iter 1540 | Loss: -1283.926 | lengthscale: 1.210 | outputscale: 1.708 | noise: 0.100
Iter 1550 | Loss: -1283.922 | lengthscale: 1.212 | outputscale: 1.705 | noise: 0.100
Iter 1560 | Loss: -1283.902 | lengthscale: 1.208 | outputscale: 1.690 | noise: 0.100
Iter 1570 | Loss: -1283.960 | lengthscale: 1.213 | outputscale: 1.720 | noise: 0.100
Iter 1580 | Loss: -1283.892 | lengthscale: 1.221 | outputscale: 1.767 | noise: 0.100
Iter 1590 | Loss: -1283.866 | lengthscale: 1.215 | outputscale: 1.723 | noise: 0.100
Iter 1600 | Loss: -1284.010 | lengthscale: 1.213 | outputscale: 1.711 | noise: 0.100
Iter 1610 | Loss: -1283.922 | lengthscale: 1.216 | outputscale: 1.734 | noise: 0.100
Iter 1620 | Loss: -1283.965 | lengthscale: 1.215 | outputscale: 1.736 | noise: 0.100
Iter 1630 | Loss: -1283.960 | lengthscale: 1.211 | outputscale: 1.714 | noise: 0.100
Iter 1640 | Loss: -1284.010 | lengthscale: 1.209 | outputscale: 1.702 | noise: 0.100
Iter 1650 | Loss: -1283.977 | lengthscale: 1.210 | outputscale: 1.708 | noise: 0.100
Iter 1660 | Loss: -1283.962 | lengthscale: 1.211 | outputscale: 1.708 | noise: 0.100
Iter 1670 | Loss: -1283.947 | lengthscale: 1.213 | outputscale: 1.716 | noise: 0.100
Iter 1680 | Loss: -1283.898 | lengthscale: 1.214 | outputscale: 1.719 | noise: 0.100
Iter 1690 | Loss: -1283.937 | lengthscale: 1.209 | outputscale: 1.691 | noise: 0.100
Iter 1700 | Loss: -1283.929 | lengthscale: 1.213 | outputscale: 1.711 | noise: 0.100
Iter 1710 | Loss: -1283.956 | lengthscale: 1.214 | outputscale: 1.721 | noise: 0.100
Iter 1720 | Loss: -1283.954 | lengthscale: 1.212 | outputscale: 1.728 | noise: 0.100
Iter 1730 | Loss: -1283.979 | lengthscale: 1.210 | outputscale: 1.708 | noise: 0.100
Iter 1740 | Loss: -1283.922 | lengthscale: 1.211 | outputscale: 1.704 | noise: 0.100
Iter 1750 | Loss: -1283.895 | lengthscale: 1.211 | outputscale: 1.709 | noise: 0.100
Iter 1760 | Loss: -1283.901 | lengthscale: 1.210 | outputscale: 1.710 | noise: 0.100
Iter 1770 | Loss: -1283.921 | lengthscale: 1.212 | outputscale: 1.720 | noise: 0.100
Iter 1780 | Loss: -1283.847 | lengthscale: 1.214 | outputscale: 1.724 | noise: 0.100
Iter 1790 | Loss: -1283.932 | lengthscale: 1.216 | outputscale: 1.725 | noise: 0.100
Iter 1800 | Loss: -1283.869 | lengthscale: 1.217 | outputscale: 1.732 | noise: 0.100
Iter 1810 | Loss: -1283.923 | lengthscale: 1.213 | outputscale: 1.718 | noise: 0.100
Iter 1820 | Loss: -1283.907 | lengthscale: 1.211 | outputscale: 1.711 | noise: 0.100
Iter 1830 | Loss: -1283.912 | lengthscale: 1.215 | outputscale: 1.733 | noise: 0.100
Iter 1840 | Loss: -1283.890 | lengthscale: 1.214 | outputscale: 1.725 | noise: 0.100
Iter 1850 | Loss: -1283.941 | lengthscale: 1.216 | outputscale: 1.734 | noise: 0.100
Iter 1860 | Loss: -1283.903 | lengthscale: 1.217 | outputscale: 1.736 | noise: 0.100
Iter 1870 | Loss: -1283.837 | lengthscale: 1.216 | outputscale: 1.728 | noise: 0.100
Iter 1880 | Loss: -1283.961 | lengthscale: 1.211 | outputscale: 1.701 | noise: 0.100
Iter 1890 | Loss: -1283.922 | lengthscale: 1.213 | outputscale: 1.713 | noise: 0.100
Iter 1900 | Loss: -1283.895 | lengthscale: 1.214 | outputscale: 1.719 | noise: 0.100
Iter 1910 | Loss: -1283.940 | lengthscale: 1.211 | outputscale: 1.694 | noise: 0.100
Iter 1920 | Loss: -1283.953 | lengthscale: 1.210 | outputscale: 1.699 | noise: 0.100
Iter 1930 | Loss: -1283.965 | lengthscale: 1.211 | outputscale: 1.709 | noise: 0.100
Iter 1940 | Loss: -1283.989 | lengthscale: 1.214 | outputscale: 1.728 | noise: 0.100
Iter 1950 | Loss: -1283.919 | lengthscale: 1.218 | outputscale: 1.751 | noise: 0.100
Iter 1960 | Loss: -1283.870 | lengthscale: 1.217 | outputscale: 1.744 | noise: 0.100
Iter 1970 | Loss: -1283.899 | lengthscale: 1.213 | outputscale: 1.716 | noise: 0.100
Iter 1980 | Loss: -1283.966 | lengthscale: 1.210 | outputscale: 1.697 | noise: 0.100
Iter 1990 | Loss: -1283.952 | lengthscale: 1.212 | outputscale: 1.710 | noise: 0.100
Iter 2000 | Loss: -1283.930 | lengthscale: 1.216 | outputscale: 1.736 | noise: 0.100
Iter 2010 | Loss: -1283.923 | lengthscale: 1.215 | outputscale: 1.732 | noise: 0.100
Iter 2020 | Loss: -1283.949 | lengthscale: 1.211 | outputscale: 1.710 | noise: 0.100
Iter 2030 | Loss: -1283.909 | lengthscale: 1.212 | outputscale: 1.711 | noise: 0.100
Iter 2040 | Loss: -1283.891 | lengthscale: 1.212 | outputscale: 1.712 | noise: 0.100
Iter 2050 | Loss: -1284.010 | lengthscale: 1.213 | outputscale: 1.723 | noise: 0.100
Iter 2060 | Loss: -1283.935 | lengthscale: 1.214 | outputscale: 1.726 | noise: 0.100
Iter 2070 | Loss: -1283.941 | lengthscale: 1.213 | outputscale: 1.717 | noise: 0.100
Iter 2080 | Loss: -1284.013 | lengthscale: 1.215 | outputscale: 1.722 | noise: 0.100
Iter 2090 | Loss: -1284.005 | lengthscale: 1.206 | outputscale: 1.682 | noise: 0.100
Iter 2100 | Loss: -1283.931 | lengthscale: 1.214 | outputscale: 1.726 | noise: 0.100
Iter 2110 | Loss: -1283.946 | lengthscale: 1.216 | outputscale: 1.742 | noise: 0.100
Iter 2120 | Loss: -1283.989 | lengthscale: 1.210 | outputscale: 1.703 | noise: 0.100
Iter 2130 | Loss: -1283.936 | lengthscale: 1.215 | outputscale: 1.722 | noise: 0.100
Iter 2140 | Loss: -1283.919 | lengthscale: 1.218 | outputscale: 1.739 | noise: 0.100
Iter 2150 | Loss: -1283.987 | lengthscale: 1.213 | outputscale: 1.713 | noise: 0.100
Iter 2160 | Loss: -1283.942 | lengthscale: 1.213 | outputscale: 1.707 | noise: 0.100
Iter 2170 | Loss: -1283.955 | lengthscale: 1.218 | outputscale: 1.746 | noise: 0.100
Iter 2180 | Loss: -1283.913 | lengthscale: 1.214 | outputscale: 1.729 | noise: 0.100
Iter 2190 | Loss: -1283.984 | lengthscale: 1.210 | outputscale: 1.707 | noise: 0.100
Iter 2200 | Loss: -1283.997 | lengthscale: 1.215 | outputscale: 1.725 | noise: 0.100
Iter 2210 | Loss: -1283.866 | lengthscale: 1.214 | outputscale: 1.723 | noise: 0.100
Iter 2220 | Loss: -1283.843 | lengthscale: 1.213 | outputscale: 1.717 | noise: 0.100
Iter 2230 | Loss: -1283.906 | lengthscale: 1.214 | outputscale: 1.722 | noise: 0.100
Iter 2240 | Loss: -1284.000 | lengthscale: 1.211 | outputscale: 1.713 | noise: 0.100
Iter 2250 | Loss: -1283.921 | lengthscale: 1.214 | outputscale: 1.724 | noise: 0.100
Iter 2260 | Loss: -1283.933 | lengthscale: 1.212 | outputscale: 1.711 | noise: 0.100
Iter 2270 | Loss: -1283.941 | lengthscale: 1.215 | outputscale: 1.733 | noise: 0.100
Iter 2280 | Loss: -1283.970 | lengthscale: 1.212 | outputscale: 1.716 | noise: 0.100
Iter 2290 | Loss: -1283.920 | lengthscale: 1.211 | outputscale: 1.713 | noise: 0.100
Iter 2300 | Loss: -1283.899 | lengthscale: 1.206 | outputscale: 1.689 | noise: 0.100
Iter 2310 | Loss: -1283.944 | lengthscale: 1.214 | outputscale: 1.721 | noise: 0.100
Iter 2320 | Loss: -1283.945 | lengthscale: 1.218 | outputscale: 1.748 | noise: 0.100
Iter 2330 | Loss: -1283.906 | lengthscale: 1.212 | outputscale: 1.720 | noise: 0.100
Iter 2340 | Loss: -1283.964 | lengthscale: 1.207 | outputscale: 1.687 | noise: 0.100
Iter 2350 | Loss: -1283.942 | lengthscale: 1.211 | outputscale: 1.708 | noise: 0.100
Iter 2360 | Loss: -1283.976 | lengthscale: 1.217 | outputscale: 1.743 | noise: 0.100
Iter 2370 | Loss: -1283.901 | lengthscale: 1.219 | outputscale: 1.756 | noise: 0.100
Iter 2380 | Loss: -1283.939 | lengthscale: 1.210 | outputscale: 1.702 | noise: 0.100
Iter 2390 | Loss: -1283.932 | lengthscale: 1.207 | outputscale: 1.691 | noise: 0.100
Iter 2400 | Loss: -1283.971 | lengthscale: 1.214 | outputscale: 1.725 | noise: 0.100
Iter 2410 | Loss: -1283.896 | lengthscale: 1.215 | outputscale: 1.725 | noise: 0.100
Iter 2420 | Loss: -1283.949 | lengthscale: 1.215 | outputscale: 1.728 | noise: 0.100
Iter 2430 | Loss: -1283.979 | lengthscale: 1.209 | outputscale: 1.703 | noise: 0.100
Iter 2440 | Loss: -1283.942 | lengthscale: 1.207 | outputscale: 1.692 | noise: 0.100
Iter 2450 | Loss: -1283.918 | lengthscale: 1.214 | outputscale: 1.715 | noise: 0.100
Iter 2460 | Loss: -1283.865 | lengthscale: 1.217 | outputscale: 1.740 | noise: 0.100
Iter 2470 | Loss: -1283.963 | lengthscale: 1.208 | outputscale: 1.689 | noise: 0.100
Iter 2480 | Loss: -1283.944 | lengthscale: 1.215 | outputscale: 1.724 | noise: 0.100
Iter 2490 | Loss: -1283.959 | lengthscale: 1.218 | outputscale: 1.746 | noise: 0.100
Iter 2499 | Loss: -1283.973 | lengthscale: 1.213 | outputscale: 1.718 | noise: 0.100
Learned Hyperparams:  {'lengthscale': 1.2131197452545166, 'outputscale': 1.7179574966430664, 'noise': 0.10034996271133423, 'marginal_likelihood_loss_history': [-812.7784423828125, -823.9351806640625, -835.0096435546875, -845.9989013671875, -856.9000244140625, -867.7144775390625, -878.4381103515625, -889.0635986328125, -899.5928955078125, -910.0238037109375, -920.3521728515625, -930.5694580078125, -940.6817626953125, -950.6727294921875, -960.5570068359375, -970.3177490234375, -979.9554443359375, -989.4698486328125, -998.8553466796875, -1008.1177978515625, -1017.2366943359375, -1026.2166748046875, -1035.0592041015625, -1043.7603759765625, -1052.3226318359375, -1060.7384033203125, -1068.9935302734375, -1077.1068115234375, -1085.0623779296875, -1092.8626708984375, -1100.4915771484375, -1107.9754638671875, -1115.2906494140625, -1122.4410400390625, -1129.4246826171875, -1136.2327880859375, -1142.8870849609375, -1149.3489990234375, -1155.6646728515625, -1161.7987060546875, -1167.7640380859375, -1173.5550537109375, -1179.1695556640625, -1184.6072998046875, -1189.8734130859375, -1194.9456787109375, -1199.8563232421875, -1204.6273193359375, -1209.1964111328125, -1213.6229248046875, -1217.8502197265625, -1221.9158935546875, -1225.7855224609375, -1229.5335693359375, -1233.1392822265625, -1236.5472412109375, -1239.7742919921875, -1242.8470458984375, -1245.8323974609375, -1248.6668701171875, -1251.2891845703125, -1253.7855224609375, -1256.1763916015625, -1258.4110107421875, -1260.4991455078125, -1262.4822998046875, -1264.3314208984375, -1266.0689697265625, -1267.6363525390625, -1269.1832275390625, -1270.5594482421875, -1271.8826904296875, -1273.0965576171875, -1274.1737060546875, -1275.2022705078125, -1276.1282958984375, -1277.0299072265625, -1277.8087158203125, -1278.5091552734375, -1279.2069091796875, -1279.7655029296875, -1280.2830810546875, -1280.7384033203125, -1281.1370849609375, -1281.5152587890625, -1281.9007568359375, -1282.1864013671875, -1282.4617919921875, -1282.6524658203125, -1282.8699951171875, -1283.0960693359375, -1283.2349853515625, -1283.3953857421875, -1283.4398193359375, -1283.5189208984375, -1283.6204833984375, -1283.7142333984375, -1283.6990966796875, -1283.8214111328125, -1283.7703857421875, -1283.9295654296875, -1283.9490966796875, -1283.9224853515625, -1283.9132080078125, -1283.9720458984375, -1283.9979248046875, -1283.9527587890625, -1283.9285888671875, -1283.9329833984375, -1283.8819580078125, -1283.9661865234375, -1283.9544677734375, -1283.9779052734375, -1283.9925537109375, -1283.9190673828125, -1283.9080810546875, -1283.8638916015625, -1283.8790283203125, -1283.9217529296875, -1283.9383544921875, -1283.9300537109375, -1283.9342041015625, -1283.8665771484375, -1283.9398193359375, -1283.9168701171875, -1283.9532470703125, -1283.9647216796875, -1283.9102783203125, -1283.8768310546875, -1283.9205322265625, -1283.9581298828125, -1283.9542236328125, -1283.9112548828125, -1283.8892822265625, -1283.8797607421875, -1283.9427490234375, -1283.9149169921875, -1283.8665771484375, -1283.9354248046875, -1283.9051513671875, -1283.8663330078125, -1283.9124755859375, -1283.9561767578125, -1283.8861083984375, -1283.9163818359375, -1283.9549560546875, -1283.8504638671875, -1283.9234619140625, -1283.9132080078125, -1283.9346923828125, -1283.9334716796875, -1283.8841552734375, -1283.9056396484375, -1283.9510498046875, -1283.9281005859375, -1283.8870849609375, -1283.8856201171875, -1283.9395751953125, -1283.9320068359375, -1283.9730224609375, -1283.9505615234375, -1283.9095458984375, -1283.8663330078125, -1283.9447021484375, -1283.9041748046875, -1283.9569091796875, -1283.9320068359375, -1283.8797607421875, -1283.8851318359375, -1283.9207763671875, -1283.9166259765625, -1283.8968505859375, -1283.9368896484375, -1283.9337158203125, -1283.8597412109375, -1283.9471435546875, -1283.9801025390625, -1283.9078369140625, -1283.9759521484375, -1283.9979248046875, -1283.9295654296875, -1283.9498291015625, -1283.9451904296875, -1283.9073486328125, -1283.8699951171875, -1283.9385986328125, -1283.9053955078125, -1283.8870849609375, -1283.9039306640625, -1283.9718017578125, -1283.9356689453125, -1283.9698486328125, -1283.9244384765625, -1283.8956298828125, -1283.9359130859375, -1283.9632568359375, -1283.9158935546875, -1283.8983154296875, -1283.9708251953125, -1283.9417724609375, -1283.9427490234375, -1283.8416748046875, -1283.9437255859375, -1283.9417724609375, -1283.9324951171875, -1283.9490966796875, -1283.9320068359375, -1283.9739990234375, -1283.8905029296875, -1283.9603271484375, -1283.8944091796875, -1283.8868408203125, -1283.9232177734375, -1283.9334716796875, -1283.9154052734375, -1283.9334716796875, -1283.9571533203125, -1283.9425048828125, -1283.9302978515625, -1283.9031982421875, -1283.9725341796875, -1283.9898681640625, -1283.9556884765625, -1283.9554443359375, -1283.9476318359375, -1283.9063720703125, -1283.9320068359375, -1283.9276123046875, -1283.9368896484375, -1283.9093017578125, -1283.9324951171875, -1283.9376220703125, -1283.9676513671875, -1283.9202880859375, -1283.9144287109375, -1283.8870849609375, -1283.9007568359375, -1283.9263916015625, -1283.9031982421875, -1283.9478759765625, -1283.8665771484375, -1283.8861083984375, -1283.9381103515625, -1283.8646240234375, -1283.8658447265625, -1283.9312744140625, -1283.9359130859375, -1283.9300537109375, -1283.9368896484375, -1283.9212646484375, -1283.9378662109375, -1283.9466552734375, -1283.9532470703125, -1283.9310302734375, -1283.9212646484375, -1283.8988037109375, -1283.9659423828125, -1283.8775634765625, -1283.8800048828125, -1283.9193115234375, -1283.8792724609375, -1283.9490966796875, -1283.9146728515625, -1283.9656982421875, -1283.9039306640625, -1283.9158935546875, -1283.9693603515625, -1283.9468994140625, -1283.9073486328125, -1283.9771728515625, -1283.9339599609375, -1283.9422607421875, -1283.9027099609375, -1283.8973388671875, -1283.8992919921875, -1283.9090576171875, -1283.9564208984375, -1283.9283447265625, -1283.9727783203125, -1283.8936767578125, -1283.9329833984375, -1283.9571533203125, -1283.9532470703125, -1283.9183349609375, -1283.9339599609375, -1283.9193115234375, -1283.9881591796875, -1283.8812255859375, -1283.8909912109375, -1283.9158935546875, -1283.9593505859375, -1283.9246826171875, -1283.9361572265625, -1283.9237060546875, -1283.9598388671875, -1283.9149169921875, -1283.9598388671875, -1283.9486083984375, -1283.9581298828125, -1283.9447021484375, -1283.8746337890625, -1283.9766845703125, -1283.9583740234375, -1284.0069580078125, -1284.0008544921875, -1283.9739990234375, -1283.8746337890625, -1283.9569091796875, -1283.9144287109375, -1283.9317626953125, -1283.9307861328125, -1283.9744873046875, -1283.9254150390625, -1283.9154052734375, -1283.9720458984375, -1283.9339599609375, -1283.9639892578125, -1283.9066162109375, -1283.9112548828125, -1283.9176025390625, -1283.9649658203125, -1284.0360107421875, -1283.9522705078125, -1283.9259033203125, -1283.9705810546875, -1283.9439697265625, -1283.9862060546875, -1283.9739990234375, -1283.9661865234375, -1283.9383544921875, -1283.9752197265625, -1283.9818115234375, -1283.9908447265625, -1283.9378662109375, -1283.9859619140625, -1283.9588623046875, -1283.8734130859375, -1283.9139404296875, -1283.9390869140625, -1284.0081787109375, -1283.9403076171875, -1283.9632568359375, -1283.9656982421875, -1283.9315185546875, -1283.9061279296875, -1283.9488525390625, -1283.8812255859375, -1283.9190673828125, -1283.8997802734375, -1283.9276123046875, -1284.0159912109375, -1283.9876708984375, -1283.9305419921875, -1283.9090576171875, -1283.9437255859375, -1283.9481201171875, -1283.9412841796875, -1283.9862060546875, -1283.9366455078125, -1283.9312744140625, -1283.9207763671875, -1283.9454345703125, -1284.0301513671875, -1284.0174560546875, -1283.9461669921875, -1283.9703369140625, -1283.9500732421875, -1283.9549560546875, -1283.9293212890625, -1283.9735107421875, -1283.9344482421875, -1284.0189208984375, -1283.9373779296875, -1283.9403076171875, -1283.9100341796875, -1283.9603271484375, -1283.9237060546875, -1283.9757080078125, -1283.8795166015625, -1283.9315185546875, -1283.9237060546875, -1283.9334716796875, -1283.9051513671875, -1283.8780517578125, -1284.0072021484375, -1283.9305419921875, -1283.9705810546875, -1283.8687744140625, -1283.8980712890625, -1283.9503173828125, -1283.9591064453125, -1283.9659423828125, -1283.9708251953125, -1283.8763427734375, -1283.8851318359375, -1283.9244384765625, -1283.9566650390625, -1283.9537353515625, -1283.9281005859375, -1283.9705810546875, -1283.9854736328125, -1283.9447021484375, -1283.9456787109375, -1283.9075927734375, -1283.9901123046875, -1283.9632568359375, -1283.9417724609375, -1283.9827880859375, -1283.8997802734375, -1283.9617919921875, -1283.9241943359375, -1283.9041748046875, -1283.8677978515625, -1283.9124755859375, -1283.9803466796875, -1284.0272216796875, -1283.9053955078125, -1283.8670654296875, -1283.8966064453125, -1283.8079833984375, -1283.9561767578125, -1283.9515380859375, -1283.9068603515625, -1283.8690185546875, -1283.8812255859375, -1283.9935302734375, -1283.9022216796875, -1283.8890380859375, -1283.9454345703125, -1283.9241943359375, -1283.9412841796875, -1283.9490966796875, -1283.9290771484375, -1283.9525146484375, -1283.9317626953125, -1283.8995361328125, -1283.9471435546875, -1283.8905029296875, -1283.9627685546875, -1283.9405517578125, -1283.9625244140625, -1283.9083251953125, -1283.9129638671875, -1283.9869384765625, -1283.9554443359375, -1283.9393310546875, -1283.8997802734375, -1283.9759521484375, -1283.9000244140625, -1283.9183349609375, -1283.9910888671875, -1283.9759521484375, -1283.9769287109375, -1283.9832763671875, -1283.9647216796875, -1283.9119873046875, -1283.9066162109375, -1283.9310302734375, -1283.9891357421875, -1283.9388427734375, -1283.9329833984375, -1283.9505615234375, -1283.9639892578125, -1283.9744873046875, -1283.9678955078125, -1283.9317626953125, -1283.9390869140625, -1283.9742431640625, -1283.9739990234375, -1283.8758544921875, -1283.9251708984375, -1283.9520263671875, -1283.9593505859375, -1283.9739990234375, -1283.9925537109375, -1283.9029541015625, -1283.9061279296875, -1283.9407958984375, -1283.9383544921875, -1283.9139404296875, -1283.9349365234375, -1283.9136962890625, -1283.9788818359375, -1283.9576416015625, -1283.9952392578125, -1283.9527587890625, -1283.9564208984375, -1283.9332275390625, -1283.9324951171875, -1284.0106201171875, -1283.9163818359375, -1283.8558349609375, -1283.9298095703125, -1283.9290771484375, -1283.9510498046875, -1283.9503173828125, -1283.9005126953125, -1283.9056396484375, -1283.9241943359375, -1283.9959716796875, -1283.9744873046875, -1283.9720458984375, -1283.9808349609375, -1283.8885498046875, -1284.0001220703125, -1283.9300537109375, -1283.9671630859375, -1283.9312744140625, -1283.8939208984375, -1283.8907470703125, -1283.9522705078125, -1283.9400634765625, -1284.0247802734375, -1283.9124755859375, -1283.9407958984375, -1283.8961181640625, -1283.9586181640625, -1283.9539794921875, -1283.9605712890625, -1283.9002685546875, -1283.9566650390625, -1283.8817138671875, -1283.9036865234375, -1283.9400634765625, -1284.0155029296875, -1283.9232177734375, -1283.9459228515625, -1283.9595947265625, -1283.9407958984375, -1283.9573974609375, -1283.9801025390625, -1283.9290771484375, -1283.8914794921875, -1283.9815673828125, -1283.9730224609375, -1283.9735107421875, -1283.9481201171875, -1283.9298095703125, -1283.9437255859375, -1283.8924560546875, -1283.9390869140625, -1283.9481201171875, -1283.9422607421875, -1283.9888916015625, -1283.9798583984375, -1283.9952392578125, -1283.9107666015625, -1283.9044189453125, -1283.9351806640625, -1283.9661865234375, -1283.9727783203125, -1283.9510498046875, -1283.9532470703125, -1283.9644775390625, -1283.9232177734375, -1283.9881591796875, -1283.9417724609375, -1283.9156494140625, -1283.9368896484375, -1283.9259033203125, -1283.9573974609375, -1283.9901123046875, -1283.9339599609375, -1283.9559326171875, -1283.9097900390625, -1283.9227294921875, -1283.9730224609375, -1283.9659423828125, -1283.9403076171875, -1283.9337158203125, -1283.9705810546875, -1283.9266357421875, -1283.8609619140625, -1283.9381103515625, -1283.9095458984375, -1283.9254150390625, -1283.9395751953125, -1283.9783935546875, -1283.9822998046875, -1283.9141845703125, -1283.9427490234375, -1283.9549560546875, -1283.9385986328125, -1283.9569091796875, -1283.9884033203125, -1283.9544677734375, -1283.9603271484375, -1284.0086669921875, -1283.9718017578125, -1283.9342041015625, -1283.9315185546875, -1283.9808349609375, -1283.9437255859375, -1284.0028076171875, -1284.0003662109375, -1283.9559326171875, -1283.9552001953125, -1283.9078369140625, -1283.9588623046875, -1283.9940185546875, -1284.0111083984375, -1283.8670654296875, -1283.9432373046875, -1283.9710693359375, -1283.9481201171875, -1283.9090576171875, -1283.9915771484375, -1283.9837646484375, -1283.9317626953125, -1283.9500732421875, -1283.9620361328125, -1283.9852294921875, -1283.9119873046875, -1283.8868408203125, -1283.9918212890625, -1283.9281005859375, -1284.0169677734375, -1283.9625244140625, -1283.9735107421875, -1283.9759521484375, -1283.9110107421875, -1284.0037841796875, -1283.9456787109375, -1283.9573974609375, -1283.9520263671875, -1283.9315185546875, -1283.9783935546875, -1283.9827880859375, -1283.8739013671875, -1283.9666748046875, -1283.9674072265625, -1283.9471435546875, -1283.9815673828125, -1283.9163818359375, -1283.9154052734375, -1283.9117431640625, -1283.9520263671875, -1283.9691162109375, -1283.9549560546875, -1283.9608154296875, -1283.9046630859375, -1284.0203857421875, -1283.9451904296875, -1283.9163818359375, -1283.9031982421875, -1283.9534912109375, -1283.9276123046875, -1283.8853759765625, -1283.9149169921875, -1283.8880615234375, -1283.8951416015625, -1283.9859619140625, -1283.8697509765625, -1283.8653564453125, -1283.9583740234375, -1283.9158935546875, -1283.9344482421875, -1283.9698486328125, -1283.9222412109375, -1283.9989013671875, -1283.9356689453125, -1284.0037841796875, -1283.9915771484375, -1283.9642333984375, -1283.9876708984375, -1283.9927978515625, -1283.9534912109375, -1283.9808349609375, -1283.9605712890625, -1283.9295654296875, -1284.0101318359375, -1283.9493408203125, -1283.9388427734375, -1283.8865966796875, -1283.9554443359375, -1283.9569091796875, -1283.9315185546875, -1283.9888916015625, -1283.9544677734375, -1283.9256591796875, -1283.9862060546875, -1283.9576416015625, -1283.9700927734375, -1283.9627685546875, -1283.9139404296875, -1283.9122314453125, -1283.9573974609375, -1283.9339599609375, -1283.9329833984375, -1283.9354248046875, -1283.8265380859375, -1283.9442138671875, -1283.9852294921875, -1284.0338134765625, -1283.9268798828125, -1283.8663330078125, -1283.9390869140625, -1283.9466552734375, -1283.9346923828125, -1283.9749755859375, -1284.0037841796875, -1283.9200439453125, -1283.9691162109375, -1283.9276123046875, -1283.9605712890625, -1283.9742431640625, -1283.9842529296875, -1283.9906005859375, -1283.9927978515625, -1283.9263916015625, -1283.8924560546875, -1283.9464111328125, -1283.9058837890625, -1283.8958740234375, -1284.0003662109375, -1283.9639892578125, -1283.9141845703125, -1283.8951416015625, -1283.9085693359375, -1283.9241943359375, -1283.9727783203125, -1283.8948974609375, -1283.9241943359375, -1283.9185791015625, -1283.9486083984375, -1283.9588623046875, -1283.9647216796875, -1283.9290771484375, -1283.9256591796875, -1283.9959716796875, -1283.9442138671875, -1283.9237060546875, -1283.9288330078125, -1283.9556884765625, -1283.9605712890625, -1283.9439697265625, -1283.9351806640625, -1283.9788818359375, -1283.9686279296875, -1283.9471435546875, -1283.9271240234375, -1283.9171142578125, -1283.8975830078125, -1283.9366455078125, -1283.9295654296875, -1283.9547119140625, -1284.0260009765625, -1283.9666748046875, -1283.9813232421875, -1283.9532470703125, -1283.9617919921875, -1283.9581298828125, -1283.9422607421875, -1283.9158935546875, -1283.9451904296875, -1283.9117431640625, -1283.9339599609375, -1283.9632568359375, -1283.9217529296875, -1283.9300537109375, -1283.9144287109375, -1283.8941650390625, -1284.0228271484375, -1283.9578857421875, -1283.9273681640625, -1283.9490966796875, -1283.8917236328125, -1283.9569091796875, -1283.9486083984375, -1283.9197998046875, -1283.9769287109375, -1283.9820556640625, -1283.9822998046875, -1284.0142822265625, -1284.0147705078125, -1283.9686279296875, -1283.9571533203125, -1283.9251708984375, -1283.9769287109375, -1283.9744873046875, -1283.9412841796875, -1283.8880615234375, -1283.9066162109375, -1283.9598388671875, -1283.9183349609375, -1283.9617919921875, -1283.8980712890625, -1283.8865966796875, -1283.9139404296875, -1283.9288330078125, -1283.9305419921875, -1283.9393310546875, -1283.9176025390625, -1283.9378662109375, -1283.8651123046875, -1283.9295654296875, -1283.9661865234375, -1283.9500732421875, -1283.9415283203125, -1283.9432373046875, -1283.8975830078125, -1283.9862060546875, -1283.9989013671875, -1283.9876708984375, -1283.9437255859375, -1283.9429931640625, -1283.9425048828125, -1283.8834228515625, -1283.9578857421875, -1283.9329833984375, -1283.8973388671875, -1283.8978271484375, -1283.9971923828125, -1283.9405517578125, -1283.9447021484375, -1283.9000244140625, -1283.9447021484375, -1283.9456787109375, -1283.8555908203125, -1283.9847412109375, -1283.9534912109375, -1283.9244384765625, -1283.9046630859375, -1283.9403076171875, -1283.9896240234375, -1283.9906005859375, -1283.9898681640625, -1283.9049072265625, -1283.9537353515625, -1284.0069580078125, -1284.0355224609375, -1283.9505615234375, -1283.9144287109375, -1283.9659423828125, -1283.8851318359375, -1283.9700927734375, -1283.9876708984375, -1283.9259033203125, -1283.8963623046875, -1283.9312744140625, -1283.9525146484375, -1283.9737548828125, -1284.0208740234375, -1283.9796142578125, -1283.9107666015625, -1283.9061279296875, -1283.9080810546875, -1283.9671630859375, -1283.9058837890625, -1283.9583740234375, -1283.9481201171875, -1283.9678955078125, -1284.0186767578125, -1283.9583740234375, -1283.9058837890625, -1283.9588623046875, -1283.9285888671875, -1283.9696044921875, -1283.9832763671875, -1283.9329833984375, -1283.9261474609375, -1283.8992919921875, -1283.9095458984375, -1283.8927001953125, -1283.9351806640625, -1283.9818115234375, -1283.9075927734375, -1283.8631591796875, -1283.9793701171875, -1283.9329833984375, -1283.9862060546875, -1283.9503173828125, -1283.9268798828125, -1283.8922119140625, -1283.9185791015625, -1283.9232177734375, -1283.9234619140625, -1283.9539794921875, -1283.9656982421875, -1283.8995361328125, -1283.9385986328125, -1283.9361572265625, -1283.9505615234375, -1283.9171142578125, -1283.9058837890625, -1283.9007568359375, -1283.9046630859375, -1283.9320068359375, -1283.9666748046875, -1283.9625244140625, -1283.9359130859375, -1283.8870849609375, -1283.9288330078125, -1283.9837646484375, -1283.9239501953125, -1283.9329833984375, -1283.9307861328125, -1283.9466552734375, -1284.0047607421875, -1283.9754638671875, -1283.9351806640625, -1283.9217529296875, -1283.9935302734375, -1284.0360107421875, -1283.9425048828125, -1283.9229736328125, -1283.9569091796875, -1283.9346923828125, -1283.9852294921875, -1283.9371337890625, -1283.9305419921875, -1283.9547119140625, -1283.9561767578125, -1283.9500732421875, -1283.9625244140625, -1283.9581298828125, -1283.9361572265625, -1283.8704833984375, -1283.9080810546875, -1283.9730224609375, -1283.9744873046875, -1283.9954833984375, -1283.9041748046875, -1283.9207763671875, -1283.9556884765625, -1283.9840087890625, -1284.0040283203125, -1283.9085693359375, -1283.9029541015625, -1283.9725341796875, -1283.9979248046875, -1283.9896240234375, -1283.9310302734375, -1283.9466552734375, -1283.9364013671875, -1283.9959716796875, -1283.9539794921875, -1283.9344482421875, -1283.9852294921875, -1283.9730224609375, -1283.8983154296875, -1283.9315185546875, -1284.0130615234375, -1283.8402099609375, -1284.0040283203125, -1283.9420166015625, -1283.9158935546875, -1284.0303955078125, -1283.8858642578125, -1283.9505615234375, -1283.9180908203125, -1283.9197998046875, -1283.9454345703125, -1283.9119873046875, -1283.9007568359375, -1283.9075927734375, -1284.0135498046875, -1283.9268798828125, -1283.9420166015625, -1283.9783935546875, -1283.9544677734375, -1283.8890380859375, -1283.9593505859375, -1283.9486083984375, -1283.9095458984375, -1283.9583740234375, -1283.9017333984375, -1283.8717041015625, -1283.9344482421875, -1283.9671630859375, -1283.9410400390625, -1283.9295654296875, -1283.9031982421875, -1283.9027099609375, -1283.9383544921875, -1283.9368896484375, -1283.9232177734375, -1283.9080810546875, -1283.9442138671875, -1283.9674072265625, -1283.9461669921875, -1283.9871826171875, -1283.9537353515625, -1283.9158935546875, -1283.9339599609375, -1283.9639892578125, -1283.9012451171875, -1283.9730224609375, -1283.8853759765625, -1283.8939208984375, -1283.9632568359375, -1283.9398193359375, -1283.9959716796875, -1283.9317626953125, -1283.9171142578125, -1283.9244384765625, -1283.9383544921875, -1283.9476318359375, -1283.9281005859375, -1283.9788818359375, -1283.9471435546875, -1283.9656982421875, -1283.9217529296875, -1283.9681396484375, -1283.9547119140625, -1283.9608154296875, -1283.9261474609375, -1283.9669189453125, -1283.9669189453125, -1283.9820556640625, -1283.9639892578125, -1283.8804931640625, -1283.9886474609375, -1283.9610595703125, -1283.9910888671875, -1283.9434814453125, -1283.9754638671875, -1283.8870849609375, -1283.9622802734375, -1283.9710693359375, -1283.9490966796875, -1283.9163818359375, -1283.8551025390625, -1283.9261474609375, -1284.0101318359375, -1283.9644775390625, -1283.9315185546875, -1283.9559326171875, -1283.8743896484375, -1283.9354248046875, -1283.9490966796875, -1283.9398193359375, -1283.9168701171875, -1283.9427490234375, -1283.9420166015625, -1283.9732666015625, -1283.9642333984375, -1283.9268798828125, -1283.9354248046875, -1283.9185791015625, -1283.9666748046875, -1284.0028076171875, -1283.9515380859375, -1283.8858642578125, -1283.9344482421875, -1283.9212646484375, -1283.9327392578125, -1283.9544677734375, -1283.9671630859375, -1283.8577880859375, -1283.8807373046875, -1283.9134521484375, -1283.8719482421875, -1283.9378662109375, -1283.8441162109375, -1283.8800048828125, -1283.8919677734375, -1283.8919677734375, -1283.9097900390625, -1283.8802490234375, -1283.9000244140625, -1283.9339599609375, -1283.9488525390625, -1283.9642333984375, -1283.9207763671875, -1283.9090576171875, -1283.9193115234375, -1283.9124755859375, -1283.9432373046875, -1283.9744873046875, -1283.9317626953125, -1283.9246826171875, -1283.9437255859375, -1283.9813232421875, -1283.9200439453125, -1283.9593505859375, -1283.9405517578125, -1283.9107666015625, -1283.9449462890625, -1283.9085693359375, -1283.9388427734375, -1283.9569091796875, -1283.9969482421875, -1283.9075927734375, -1283.9481201171875, -1283.9305419921875, -1283.9471435546875, -1283.9454345703125, -1283.8936767578125, -1283.9285888671875, -1283.9244384765625, -1283.8995361328125, -1283.9566650390625, -1283.9581298828125, -1283.8826904296875, -1283.9324951171875, -1283.9395751953125, -1283.9434814453125, -1283.8946533203125, -1284.0203857421875, -1283.9915771484375, -1284.0059814453125, -1283.9388427734375, -1283.9442138671875, -1284.0018310546875, -1283.9749755859375, -1283.9764404296875, -1283.9349365234375, -1283.9866943359375, -1283.9307861328125, -1284.0047607421875, -1284.0018310546875, -1283.9515380859375, -1283.9410400390625, -1284.0350341796875, -1283.9749755859375, -1283.9683837890625, -1283.9669189453125, -1283.9847412109375, -1283.9632568359375, -1283.9781494140625, -1283.9388427734375, -1283.9559326171875, -1283.9427490234375, -1283.8924560546875, -1283.9459228515625, -1283.9910888671875, -1283.9093017578125, -1283.9622802734375, -1283.9154052734375, -1283.9442138671875, -1283.9195556640625, -1283.8873291015625, -1283.9110107421875, -1283.9276123046875, -1283.9041748046875, -1283.8638916015625, -1283.9986572265625, -1283.9398193359375, -1283.9049072265625, -1283.9459228515625, -1283.9573974609375, -1283.8802490234375, -1284.0159912109375, -1283.8695068359375, -1283.9412841796875, -1283.9808349609375, -1283.9324951171875, -1283.8970947265625, -1283.9376220703125, -1284.0028076171875, -1283.9486083984375, -1283.9298095703125, -1283.8646240234375, -1283.9405517578125, -1283.8687744140625, -1283.9080810546875, -1283.9403076171875, -1283.9197998046875, -1283.8851318359375, -1283.9559326171875, -1283.8973388671875, -1283.9559326171875, -1283.9520263671875, -1283.9002685546875, -1283.9327392578125, -1283.9027099609375, -1283.8917236328125, -1283.8924560546875, -1283.8939208984375, -1283.9061279296875, -1283.9324951171875, -1283.9405517578125, -1283.9715576171875, -1283.9334716796875, -1283.9989013671875, -1283.9193115234375, -1283.9012451171875, -1283.9019775390625, -1283.9200439453125, -1283.9652099609375, -1283.9617919921875, -1283.8763427734375, -1284.0164794921875, -1283.9068603515625, -1284.0008544921875, -1283.9798583984375, -1283.8966064453125, -1283.9766845703125, -1283.9842529296875, -1283.9483642578125, -1283.8719482421875, -1283.9368896484375, -1283.8941650390625, -1283.9761962890625, -1283.9508056640625, -1283.9503173828125, -1283.9993896484375, -1283.9127197265625, -1283.9532470703125, -1283.9097900390625, -1283.9483642578125, -1283.9044189453125, -1283.9627685546875, -1284.0030517578125, -1283.9617919921875, -1283.9637451171875, -1283.9454345703125, -1284.0008544921875, -1283.9244384765625, -1283.9493408203125, -1283.8780517578125, -1283.9349365234375, -1283.9215087890625, -1283.9393310546875, -1283.9197998046875, -1283.9705810546875, -1283.9737548828125, -1284.0037841796875, -1283.9820556640625, -1283.9864501953125, -1284.0238037109375, -1283.9869384765625, -1283.9237060546875, -1283.9627685546875, -1283.9556884765625, -1284.0069580078125, -1283.9432373046875, -1283.9573974609375, -1283.9244384765625, -1283.9979248046875, -1283.9639892578125, -1283.9730224609375, -1283.9656982421875, -1283.9866943359375, -1283.8765869140625, -1283.9603271484375, -1283.9190673828125, -1283.9014892578125, -1283.9500732421875, -1283.9315185546875, -1283.9100341796875, -1283.9373779296875, -1283.8912353515625, -1283.9166259765625, -1283.9432373046875, -1283.9322509765625, -1283.9754638671875, -1283.9920654296875, -1283.9769287109375, -1283.8822021484375, -1283.9857177734375, -1283.9739990234375, -1283.9835205078125, -1283.9573974609375, -1283.9525146484375, -1283.9569091796875, -1283.9205322265625, -1283.9261474609375, -1283.9503173828125, -1283.9617919921875, -1283.9896240234375, -1283.9290771484375, -1283.9515380859375, -1283.9881591796875, -1284.0125732421875, -1283.9830322265625, -1283.9217529296875, -1283.9483642578125, -1283.9222412109375, -1283.9940185546875, -1283.9764404296875, -1283.9351806640625, -1283.9158935546875, -1283.9542236328125, -1283.9119873046875, -1283.9630126953125, -1283.9403076171875, -1283.9222412109375, -1283.9437255859375, -1283.9620361328125, -1283.9993896484375, -1283.9532470703125, -1283.9771728515625, -1283.8983154296875, -1283.9495849609375, -1284.0089111328125, -1284.0020751953125, -1283.9036865234375, -1283.9398193359375, -1283.8631591796875, -1283.9969482421875, -1283.9215087890625, -1283.9505615234375, -1283.9471435546875, -1283.9591064453125, -1283.9600830078125, -1283.9564208984375, -1283.9598388671875, -1283.9305419921875, -1283.9693603515625, -1283.9327392578125, -1283.9349365234375, -1283.9561767578125, -1284.0286865234375, -1283.9219970703125, -1283.9300537109375, -1283.9002685546875, -1283.9329833984375, -1283.9478759765625, -1284.0023193359375, -1283.9368896484375, -1283.9324951171875, -1283.9327392578125, -1283.9835205078125, -1283.9617919921875, -1283.9346923828125, -1283.9627685546875, -1283.9293212890625, -1283.9337158203125, -1283.9534912109375, -1283.9752197265625, -1283.9085693359375, -1283.9027099609375, -1283.9449462890625, -1283.9532470703125, -1284.0032958984375, -1283.9320068359375, -1283.9403076171875, -1283.9237060546875, -1283.9237060546875, -1283.9725341796875, -1283.9984130859375, -1283.9132080078125, -1283.9271240234375, -1283.8204345703125, -1283.8934326171875, -1283.9222412109375, -1284.0511474609375, -1283.9056396484375, -1283.9307861328125, -1283.9869384765625, -1283.9127197265625, -1283.9525146484375, -1283.9739990234375, -1283.9334716796875, -1283.9361572265625, -1283.9305419921875, -1283.8958740234375, -1283.9237060546875, -1283.9429931640625, -1283.9578857421875, -1283.9083251953125, -1283.9605712890625, -1283.9251708984375, -1283.9383544921875, -1283.9593505859375, -1283.9605712890625, -1283.9383544921875, -1283.9122314453125, -1283.8929443359375, -1283.9434814453125, -1284.0198974609375, -1283.9224853515625, -1283.9588623046875, -1283.9385986328125, -1283.9442138671875, -1283.9466552734375, -1283.9803466796875, -1283.9434814453125, -1283.9559326171875, -1283.9095458984375, -1284.0159912109375, -1283.9749755859375, -1283.9322509765625, -1283.9132080078125, -1283.9195556640625, -1283.8948974609375, -1284.0494384765625, -1283.8951416015625, -1283.9281005859375, -1283.9588623046875, -1283.9425048828125, -1283.9825439453125, -1283.9456787109375, -1283.9122314453125, -1283.9298095703125, -1283.9271240234375, -1283.9298095703125, -1283.9827880859375, -1283.9259033203125, -1283.8590087890625, -1283.8494873046875, -1283.9583740234375, -1283.9007568359375, -1283.9090576171875, -1283.9329833984375, -1284.0006103515625, -1283.9764404296875, -1283.9554443359375, -1284.0052490234375, -1283.9334716796875, -1283.9163818359375, -1283.9776611328125, -1283.9320068359375, -1283.9515380859375, -1283.9305419921875, -1283.9268798828125, -1283.9581298828125, -1283.9686279296875, -1283.9869384765625, -1283.9691162109375, -1283.9757080078125, -1283.9466552734375, -1283.9666748046875, -1283.9854736328125, -1283.9847412109375, -1284.0030517578125, -1283.9642333984375, -1283.9871826171875, -1283.9549560546875, -1283.9671630859375, -1284.0023193359375, -1283.9071044921875, -1283.9102783203125, -1283.9495849609375, -1283.9561767578125, -1283.9251708984375, -1283.9805908203125, -1283.9759521484375, -1283.9625244140625, -1283.9154052734375, -1283.9739990234375, -1283.8634033203125, -1283.9171142578125, -1283.9869384765625, -1283.9017333984375, -1283.9569091796875, -1283.9791259765625, -1283.9915771484375, -1283.9244384765625, -1283.9393310546875, -1283.9539794921875, -1283.8978271484375, -1284.0106201171875, -1283.9202880859375, -1284.0093994140625, -1283.9613037109375, -1283.9444580078125, -1283.9788818359375, -1283.8580322265625, -1284.0228271484375, -1283.9998779296875, -1284.0023193359375, -1283.9080810546875, -1283.8411865234375, -1283.9515380859375, -1283.9447021484375, -1283.9549560546875, -1283.9356689453125, -1283.9664306640625, -1283.8870849609375, -1283.9549560546875, -1283.9552001953125, -1283.9844970703125, -1283.9539794921875, -1283.9188232421875, -1283.8941650390625, -1283.9710693359375, -1283.9744873046875, -1283.9522705078125, -1283.9161376953125, -1283.9637451171875, -1283.8885498046875, -1283.9224853515625, -1283.9154052734375, -1283.9385986328125, -1283.9193115234375, -1283.9271240234375, -1283.9442138671875, -1283.9154052734375, -1283.9300537109375, -1283.9656982421875, -1283.9632568359375, -1283.9754638671875, -1284.0057373046875, -1283.9298095703125, -1283.9500732421875, -1283.9764404296875, -1283.9241943359375, -1283.9700927734375, -1283.9842529296875, -1283.9461669921875, -1283.9031982421875, -1284.0130615234375, -1283.9412841796875, -1283.9083251953125, -1283.9464111328125, -1283.9625244140625, -1283.9588623046875, -1283.9583740234375, -1283.9693603515625, -1283.9869384765625, -1283.9442138671875, -1283.9183349609375, -1283.9798583984375, -1283.9486083984375, -1283.9490966796875, -1283.9432373046875, -1283.9881591796875, -1283.9515380859375, -1283.8909912109375, -1283.9481201171875, -1284.0135498046875, -1283.9058837890625, -1283.9693603515625, -1283.9625244140625, -1283.9212646484375, -1283.9085693359375, -1283.9329833984375, -1283.9705810546875, -1283.9420166015625, -1283.9588623046875, -1283.9478759765625, -1283.9407958984375, -1283.9495849609375, -1283.9676513671875, -1284.0079345703125, -1283.9603271484375, -1283.9442138671875, -1283.8533935546875, -1283.9095458984375, -1283.9134521484375, -1283.9261474609375, -1283.9554443359375, -1283.9227294921875, -1283.9471435546875, -1283.9876708984375, -1283.9395751953125, -1283.9246826171875, -1283.9256591796875, -1283.9217529296875, -1283.9747314453125, -1283.9263916015625, -1283.9407958984375, -1283.9095458984375, -1283.9315185546875, -1283.9305419921875, -1283.9351806640625, -1283.9427490234375, -1283.9222412109375, -1283.9564208984375, -1283.9862060546875, -1283.8948974609375, -1283.9124755859375, -1283.8934326171875, -1283.9749755859375, -1283.9127197265625, -1283.9259033203125, -1283.9984130859375, -1283.9017333984375, -1284.0218505859375, -1283.9708251953125, -1283.9515380859375, -1283.9307861328125, -1283.9974365234375, -1283.9378662109375, -1283.9783935546875, -1283.9544677734375, -1283.9100341796875, -1283.9595947265625, -1283.9349365234375, -1283.8885498046875, -1283.8367919921875, -1283.9368896484375, -1283.8765869140625, -1283.8758544921875, -1283.9339599609375, -1283.9263916015625, -1283.8941650390625, -1283.8919677734375, -1283.9744873046875, -1283.9046630859375, -1283.9454345703125, -1283.9727783203125, -1283.9559326171875, -1284.0045166015625, -1283.9107666015625, -1283.9224853515625, -1283.8909912109375, -1283.8656005859375, -1283.9886474609375, -1283.9532470703125, -1283.9583740234375, -1283.9403076171875, -1283.9739990234375, -1283.9168701171875, -1283.8990478515625, -1283.9986572265625, -1283.9432373046875, -1284.0101318359375, -1283.9827880859375, -1283.8870849609375, -1283.9097900390625, -1283.9432373046875, -1283.9217529296875, -1283.9329833984375, -1283.9410400390625, -1283.8985595703125, -1283.9134521484375, -1283.9222412109375, -1283.8731689453125, -1283.9554443359375, -1284.0169677734375, -1283.8914794921875, -1283.8724365234375, -1283.8870849609375, -1283.8948974609375, -1283.9610595703125, -1283.8885498046875, -1283.9652099609375, -1283.8729248046875, -1283.9671630859375, -1283.9708251953125, -1283.9075927734375, -1283.9271240234375, -1283.9417724609375, -1283.8853759765625, -1283.8922119140625, -1283.9818115234375, -1283.9598388671875, -1283.9427490234375, -1283.9134521484375, -1283.9217529296875, -1283.9129638671875, -1283.9927978515625, -1283.9307861328125, -1283.9024658203125, -1283.9910888671875, -1283.9517822265625, -1284.0096435546875, -1284.0074462890625, -1283.9368896484375, -1283.9586181640625, -1283.9718017578125, -1283.9346923828125, -1283.9478759765625, -1283.9427490234375, -1283.9720458984375, -1283.9005126953125, -1283.9774169921875, -1283.9300537109375, -1283.9420166015625, -1283.9139404296875, -1283.9454345703125, -1283.8924560546875, -1284.0267333984375, -1283.9698486328125, -1283.9525146484375, -1283.9769287109375, -1283.9622802734375, -1283.9266357421875, -1283.9598388671875, -1283.9935302734375, -1283.9539794921875, -1283.9180908203125, -1283.9476318359375, -1283.9510498046875, -1283.9703369140625, -1283.9678955078125, -1283.9471435546875, -1284.0076904296875, -1283.9554443359375, -1283.9503173828125, -1283.9595947265625, -1283.9290771484375, -1283.8712158203125, -1284.0072021484375, -1283.9530029296875, -1283.9471435546875, -1283.8983154296875, -1283.8460693359375, -1283.9969482421875, -1283.9918212890625, -1283.9527587890625, -1283.9437255859375, -1283.9364013671875, -1283.9857177734375, -1284.0072021484375, -1283.9202880859375, -1283.9368896484375, -1283.9588623046875, -1283.9573974609375, -1283.9495849609375, -1283.9527587890625, -1283.9464111328125, -1283.9661865234375, -1283.9879150390625, -1283.9566650390625, -1283.9954833984375, -1283.9290771484375, -1283.9534912109375, -1283.9405517578125, -1283.9808349609375, -1284.0155029296875, -1283.9110107421875, -1283.9686279296875, -1283.9388427734375, -1283.9471435546875, -1283.9710693359375, -1283.9564208984375, -1283.8973388671875, -1283.8812255859375, -1283.8951416015625, -1283.9351806640625, -1283.9334716796875, -1283.9613037109375, -1283.8988037109375, -1283.9696044921875, -1283.9617919921875, -1283.9544677734375, -1283.9881591796875, -1283.9398193359375, -1283.9176025390625, -1283.8868408203125, -1283.9158935546875, -1283.9212646484375, -1283.9573974609375, -1283.9229736328125, -1283.8858642578125, -1283.9788818359375, -1283.9510498046875, -1283.9588623046875, -1283.9747314453125, -1283.9351806640625, -1283.9298095703125, -1283.9158935546875, -1283.9320068359375, -1283.9344482421875, -1283.9947509765625, -1283.9215087890625, -1283.9344482421875, -1283.9366455078125, -1284.0001220703125, -1283.9351806640625, -1283.9503173828125, -1283.9117431640625, -1283.9310302734375, -1283.9317626953125, -1283.9490966796875, -1283.8946533203125, -1283.9259033203125, -1283.9910888671875, -1283.9041748046875, -1283.9583740234375, -1283.9390869140625, -1283.9801025390625, -1283.8641357421875, -1283.9129638671875, -1283.9036865234375, -1283.9007568359375, -1283.9725341796875, -1283.9544677734375, -1283.9852294921875, -1283.9334716796875, -1283.9456787109375, -1283.9898681640625, -1283.9149169921875, -1283.9229736328125, -1283.9534912109375, -1283.9207763671875, -1283.9354248046875, -1284.0125732421875, -1283.9344482421875, -1283.9310302734375, -1283.8966064453125, -1283.9715576171875, -1283.9437255859375, -1283.9832763671875, -1283.8760986328125, -1283.8465576171875, -1283.9698486328125, -1283.9969482421875, -1283.9298095703125, -1283.8736572265625, -1283.9566650390625, -1283.9383544921875, -1284.0101318359375, -1283.9500732421875, -1283.9359130859375, -1283.9324951171875, -1283.8848876953125, -1283.9246826171875, -1283.9935302734375, -1283.9195556640625, -1283.9158935546875, -1283.9219970703125, -1283.8890380859375, -1283.9207763671875, -1283.9256591796875, -1283.8690185546875, -1283.9588623046875, -1283.9202880859375, -1283.9017333984375, -1283.9940185546875, -1283.8912353515625, -1283.9102783203125, -1283.9227294921875, -1283.9730224609375, -1283.9564208984375, -1283.9234619140625, -1283.9149169921875, -1283.9495849609375, -1283.9803466796875, -1283.8841552734375, -1283.9622802734375, -1283.9722900390625, -1283.9759521484375, -1283.9488525390625, -1283.9757080078125, -1283.9066162109375, -1283.9466552734375, -1283.9818115234375, -1283.9407958984375, -1283.9271240234375, -1283.9798583984375, -1283.9295654296875, -1283.9490966796875, -1283.9110107421875, -1283.9349365234375, -1283.9124755859375, -1283.9149169921875, -1283.9132080078125, -1283.9403076171875, -1283.8856201171875, -1283.8665771484375, -1283.9178466796875, -1283.8961181640625, -1283.9652099609375, -1283.8970947265625, -1283.8900146484375, -1283.9373779296875, -1283.8956298828125, -1283.9451904296875, -1283.9254150390625, -1283.9476318359375, -1283.9354248046875, -1283.8516845703125, -1283.9417724609375, -1283.8929443359375, -1283.9405517578125, -1283.9207763671875, -1283.9346923828125, -1283.9061279296875, -1283.9434814453125, -1283.9261474609375, -1283.9525146484375, -1283.9400634765625, -1283.9183349609375, -1283.9251708984375, -1283.9027099609375, -1283.9266357421875, -1283.9171142578125, -1283.9356689453125, -1283.9000244140625, -1283.9527587890625, -1283.9852294921875, -1283.9158935546875, -1283.9913330078125, -1283.8924560546875, -1283.8372802734375, -1283.9302978515625, -1283.9378662109375, -1283.9581298828125, -1283.9903564453125, -1283.9051513671875, -1283.9273681640625, -1283.9959716796875, -1283.9720458984375, -1283.9720458984375, -1283.9610595703125, -1283.9210205078125, -1283.9427490234375, -1283.9578857421875, -1283.9693603515625, -1283.8702392578125, -1283.9556884765625, -1283.9468994140625, -1283.9288330078125, -1284.0072021484375, -1283.9224853515625, -1283.9530029296875, -1283.9251708984375, -1283.9564208984375, -1283.9620361328125, -1283.8477783203125, -1283.8685302734375, -1283.9678955078125, -1283.9561767578125, -1283.9544677734375, -1283.8951416015625, -1283.9422607421875, -1283.9405517578125, -1283.9359130859375, -1283.9373779296875, -1283.9747314453125, -1283.9305419921875, -1283.9261474609375, -1284.0069580078125, -1283.9771728515625, -1283.9398193359375, -1283.9700927734375, -1283.9644775390625, -1283.8963623046875, -1283.9237060546875, -1283.9176025390625, -1283.9608154296875, -1283.9583740234375, -1284.0018310546875, -1283.9598388671875, -1283.9525146484375, -1283.9691162109375, -1283.9686279296875, -1283.9327392578125, -1283.9530029296875, -1284.0037841796875, -1283.9644775390625, -1283.9573974609375, -1283.9671630859375, -1283.9666748046875, -1283.9654541015625, -1283.9412841796875, -1283.9161376953125, -1283.9810791015625, -1283.9615478515625, -1283.9422607421875, -1283.9058837890625, -1283.9625244140625, -1283.9571533203125, -1283.9288330078125, -1283.9893798828125, -1283.9158935546875, -1283.8773193359375, -1283.9810791015625, -1283.8792724609375, -1283.9329833984375, -1283.8804931640625, -1283.9073486328125, -1283.9295654296875, -1283.9620361328125, -1283.9188232421875, -1283.8978271484375, -1283.9193115234375, -1283.9227294921875, -1283.8751220703125, -1283.8839111328125, -1283.9212646484375, -1283.9359130859375, -1283.9678955078125, -1283.9503173828125, -1283.8702392578125, -1283.8660888671875, -1283.9456787109375, -1283.9556884765625, -1283.9490966796875, -1284.0306396484375, -1283.9273681640625, -1283.9493408203125, -1283.9447021484375, -1283.9466552734375, -1283.8990478515625, -1283.9769287109375, -1283.9207763671875, -1283.9398193359375, -1283.9569091796875, -1283.9498291015625, -1283.9017333984375, -1283.9569091796875, -1283.9783935546875, -1283.8924560546875, -1283.9656982421875, -1283.9588623046875, -1283.9666748046875, -1283.9854736328125, -1284.0364990234375, -1283.9901123046875, -1283.9698486328125, -1283.9468994140625, -1283.8673095703125, -1283.9801025390625, -1283.9515380859375, -1283.8760986328125, -1283.9342041015625, -1283.9571533203125, -1283.9376220703125, -1283.9510498046875, -1283.9285888671875, -1283.8753662109375, -1283.8704833984375, -1283.9237060546875, -1283.9295654296875, -1283.9444580078125, -1283.9730224609375, -1283.9525146484375, -1283.9222412109375, -1283.9525146484375, -1283.9671630859375, -1284.0064697265625, -1283.9102783203125, -1283.8907470703125, -1283.9232177734375, -1283.9744873046875, -1283.9412841796875, -1283.9053955078125, -1283.9520263671875, -1283.9444580078125, -1283.8529052734375, -1283.9344482421875, -1283.8846435546875, -1283.9034423828125, -1283.9490966796875, -1283.9737548828125, -1283.9364013671875, -1283.9334716796875, -1283.9849853515625, -1283.9195556640625, -1284.0186767578125, -1283.9061279296875, -1283.9295654296875, -1283.9332275390625, -1283.9085693359375, -1283.8880615234375, -1283.9237060546875, -1283.9910888671875, -1283.9859619140625, -1283.9573974609375, -1283.9544677734375, -1283.8963623046875, -1283.9217529296875, -1283.9346923828125, -1283.8914794921875, -1283.9193115234375, -1283.9229736328125, -1283.8995361328125, -1283.9730224609375, -1283.9998779296875, -1284.0340576171875, -1283.9100341796875, -1283.9022216796875, -1283.9652099609375, -1284.0101318359375, -1283.9046630859375, -1283.9608154296875, -1283.9591064453125, -1283.8929443359375, -1283.9520263671875, -1283.9534912109375, -1283.9171142578125, -1283.9451904296875, -1283.9334716796875, -1283.9354248046875, -1283.9263916015625, -1284.0218505859375, -1283.9671630859375, -1283.9168701171875, -1283.9039306640625, -1283.9012451171875, -1284.0032958984375, -1283.8865966796875, -1283.9559326171875, -1283.9412841796875, -1283.9791259765625, -1283.9417724609375, -1283.9210205078125, -1283.9151611328125, -1283.9747314453125, -1283.9613037109375, -1283.9114990234375, -1283.8843994140625, -1283.9415283203125, -1284.0130615234375, -1283.8699951171875, -1283.9053955078125, -1283.9107666015625, -1283.9503173828125, -1283.9447021484375, -1283.9022216796875, -1283.9803466796875, -1283.9068603515625, -1284.0040283203125, -1284.0050048828125, -1283.9212646484375, -1283.9791259765625, -1284.0262451171875, -1283.9652099609375, -1283.8851318359375, -1283.9671630859375, -1283.9918212890625, -1284.0006103515625, -1283.9205322265625, -1283.9305419921875, -1283.9617919921875, -1283.9503173828125, -1283.9014892578125, -1283.8731689453125, -1283.9815673828125, -1283.9857177734375, -1283.9178466796875, -1283.8983154296875, -1283.9539794921875, -1283.9459228515625, -1283.9515380859375, -1283.8719482421875, -1283.8995361328125, -1283.9935302734375, -1283.9080810546875, -1283.9119873046875, -1283.9656982421875, -1283.9315185546875, -1283.8973388671875, -1283.9891357421875, -1283.9344482421875, -1283.9530029296875, -1283.9305419921875, -1283.9561767578125, -1283.9320068359375, -1283.9688720703125, -1283.9847412109375, -1283.9461669921875, -1283.9246826171875, -1283.9361572265625, -1283.8822021484375, -1283.9310302734375, -1283.9544677734375, -1283.9256591796875, -1283.9349365234375, -1284.0198974609375, -1283.9522705078125, -1283.8599853515625, -1283.9727783203125, -1283.9185791015625, -1283.9359130859375, -1283.9847412109375, -1283.9993896484375, -1283.8936767578125, -1283.9158935546875, -1283.9351806640625, -1283.9246826171875, -1283.9864501953125, -1283.9671630859375, -1283.9866943359375, -1283.9554443359375, -1283.9197998046875, -1283.9739990234375, -1283.9249267578125, -1283.9837646484375, -1283.9476318359375, -1283.9827880859375, -1283.9945068359375, -1283.9749755859375, -1283.9417724609375, -1283.9595947265625, -1283.9781494140625, -1283.9227294921875, -1283.9495849609375, -1283.8963623046875, -1283.8983154296875, -1283.9774169921875, -1283.8582763671875, -1283.9158935546875, -1283.9554443359375, -1283.9486083984375, -1283.8953857421875, -1284.0020751953125, -1283.9671630859375, -1283.9908447265625, -1283.9620361328125, -1283.9085693359375, -1283.9569091796875, -1283.9473876953125, -1283.9134521484375, -1283.9876708984375, -1284.0545654296875, -1283.9617919921875, -1283.9644775390625, -1283.9544677734375, -1283.9593505859375, -1283.9769287109375, -1283.9918212890625, -1283.9696044921875, -1283.9840087890625, -1283.9852294921875, -1283.9798583984375, -1283.8946533203125, -1283.9207763671875, -1283.9217529296875, -1283.9193115234375, -1283.9534912109375, -1283.9288330078125, -1283.9005126953125, -1283.9967041015625, -1283.9288330078125, -1283.9481201171875, -1283.9769287109375, -1283.9549560546875, -1283.8868408203125, -1283.9200439453125, -1283.9544677734375, -1283.9483642578125, -1283.9815673828125, -1283.8660888671875, -1283.9100341796875, -1283.9129638671875, -1283.9700927734375, -1283.9012451171875, -1283.9293212890625, -1283.8739013671875, -1283.8878173828125, -1283.9739990234375, -1283.9188232421875, -1283.8431396484375, -1283.9654541015625, -1283.9979248046875, -1283.9261474609375, -1283.9285888671875, -1283.9603271484375, -1283.9271240234375, -1283.9637451171875, -1283.9461669921875, -1283.9390869140625, -1283.9061279296875, -1283.9417724609375, -1283.9481201171875, -1283.9803466796875, -1283.9945068359375, -1283.9544677734375, -1283.8743896484375, -1283.8997802734375, -1283.8748779296875, -1283.9237060546875, -1284.0003662109375, -1283.9862060546875, -1283.9544677734375, -1283.9554443359375, -1283.9320068359375, -1283.9852294921875, -1283.9349365234375, -1283.9486083984375, -1283.9149169921875, -1283.9373779296875, -1283.9207763671875, -1283.9810791015625, -1283.9337158203125, -1283.9324951171875, -1283.9820556640625, -1283.9295654296875, -1283.9881591796875, -1283.9620361328125, -1283.9349365234375, -1283.9278564453125, -1283.9334716796875, -1283.8900146484375, -1283.9381103515625, -1283.9085693359375, -1283.9271240234375, -1283.9508056640625, -1283.9232177734375, -1283.9698486328125, -1283.9166259765625, -1283.9564208984375, -1283.9412841796875, -1283.9119873046875, -1283.9022216796875, -1283.9293212890625, -1283.9393310546875, -1283.9451904296875, -1283.9024658203125, -1283.9017333984375, -1283.8431396484375, -1283.9361572265625, -1283.9698486328125, -1283.9979248046875, -1283.9354248046875, -1283.9825439453125, -1283.9954833984375, -1283.9749755859375, -1283.9686279296875, -1283.9136962890625, -1283.9141845703125, -1283.9263916015625, -1283.9197998046875, -1283.9036865234375, -1283.9686279296875, -1283.9241943359375, -1283.9901123046875, -1283.9608154296875, -1283.9693603515625, -1283.9180908203125, -1283.9483642578125, -1284.0142822265625, -1283.8988037109375, -1283.9691162109375, -1283.9949951171875, -1283.9322509765625, -1283.9117431640625, -1283.9705810546875, -1283.9012451171875, -1283.9505615234375, -1283.9593505859375, -1283.9610595703125, -1283.9444580078125, -1283.9810791015625, -1283.9886474609375, -1283.9456787109375, -1283.9237060546875, -1283.9515380859375, -1283.9351806640625, -1283.9066162109375, -1283.9237060546875, -1283.9720458984375, -1283.9449462890625, -1283.9346923828125, -1283.9071044921875, -1283.9666748046875, -1283.9818115234375, -1283.9754638671875, -1283.8927001953125, -1283.9862060546875, -1283.9774169921875, -1283.8900146484375, -1283.9056396484375, -1283.9205322265625, -1283.9627685546875, -1283.9356689453125, -1283.9283447265625, -1283.9305419921875, -1283.9610595703125, -1283.9671630859375, -1283.9517822265625, -1283.9617919921875, -1283.9642333984375, -1283.9403076171875, -1283.9647216796875, -1283.9403076171875, -1283.9630126953125, -1283.9910888671875, -1284.0101318359375, -1283.9720458984375, -1283.9854736328125, -1284.0018310546875, -1283.9417724609375, -1283.9237060546875, -1283.9049072265625, -1283.9246826171875, -1283.9874267578125, -1283.9454345703125, -1283.9224853515625, -1283.9686279296875, -1283.9808349609375, -1283.9000244140625, -1283.9764404296875, -1283.9434814453125, -1283.9891357421875, -1283.9237060546875, -1284.0062255859375, -1283.9554443359375, -1283.9500732421875, -1283.9017333984375, -1283.9483642578125, -1283.8895263671875, -1283.9005126953125, -1283.9251708984375, -1283.9801025390625, -1283.9901123046875, -1283.9227294921875, -1283.9161376953125, -1283.9317626953125, -1283.9305419921875, -1283.9696044921875, -1283.9266357421875, -1283.9393310546875, -1283.9073486328125, -1283.9349365234375, -1283.9100341796875, -1283.9378662109375, -1283.9625244140625, -1283.9451904296875, -1283.9508056640625, -1283.9786376953125, -1283.9791259765625, -1283.9320068359375, -1284.0006103515625, -1283.9515380859375, -1283.9515380859375, -1283.9534912109375, -1283.9583740234375, -1283.9754638671875, -1283.9803466796875, -1283.9144287109375, -1283.9425048828125, -1283.9710693359375, -1283.8426513671875, -1283.8826904296875, -1283.9561767578125, -1283.9349365234375, -1283.9757080078125, -1283.8516845703125, -1283.9051513671875, -1283.9510498046875, -1283.9075927734375, -1283.8963623046875, -1283.9547119140625, -1283.8822021484375, -1283.8883056640625, -1283.9720458984375, -1283.9180908203125, -1283.9114990234375, -1283.9471435546875, -1283.9136962890625, -1283.8802490234375, -1283.9488525390625, -1283.8890380859375, -1283.9383544921875, -1283.8953857421875, -1283.9134521484375, -1283.8956298828125, -1283.9764404296875, -1283.9278564453125, -1283.9066162109375, -1283.9293212890625, -1283.9786376953125, -1283.9451904296875, -1283.9246826171875, -1283.9459228515625, -1283.9134521484375, -1283.9744873046875, -1283.9949951171875, -1283.9290771484375, -1283.9322509765625, -1283.9532470703125, -1283.9420166015625, -1283.9664306640625, -1283.9622802734375, -1283.8812255859375, -1283.8992919921875, -1283.9764404296875, -1284.0235595703125, -1283.9718017578125, -1283.9505615234375, -1283.9410400390625, -1283.9176025390625, -1283.9373779296875, -1284.0150146484375, -1283.9725341796875, -1283.9290771484375, -1283.8743896484375, -1283.9085693359375, -1283.9449462890625, -1283.9737548828125, -1283.9349365234375, -1283.8651123046875, -1283.9122314453125, -1283.9700927734375, -1283.8875732421875, -1283.9324951171875, -1283.9173583984375, -1283.9578857421875, -1283.9219970703125, -1283.9239501953125, -1283.9930419921875, -1283.9625244140625, -1283.9459228515625, -1283.9627685546875, -1283.9857177734375, -1283.8817138671875, -1283.9500732421875, -1283.8870849609375, -1283.9613037109375, -1283.9539794921875, -1283.9439697265625, -1283.9439697265625, -1283.9085693359375, -1283.9422607421875, -1283.9202880859375, -1283.9112548828125, -1283.9334716796875, -1283.9036865234375, -1283.9530029296875, -1283.9359130859375, -1283.9515380859375, -1283.9586181640625, -1283.9710693359375, -1283.9007568359375, -1283.8914794921875, -1283.8685302734375, -1283.9200439453125, -1283.9281005859375, -1283.9825439453125, -1283.9095458984375, -1283.9725341796875]}
Warning: Cholesky failed, using eigendecomposition fallback
{'mse': 0.009935902431607246, 'rmse': 0.09967899322509766, 'test_ll': -245137.640625, 'total_test_ll': -6128440832.0}
/cluster/tufts/hugheslab/swilli26/stat-patt-final/gp_vs_sngp/results/hyperparam_search/GP/Sin_1500_7001/logs
/cluster/tufts/hugheslab/swilli26/stat-patt-final/gp_vs_sngp/results/hyperparam_search/logs/GP_VS_SNGP_25028891.out
/cluster/tufts/hugheslab/swilli26/stat-patt-final/gp_vs_sngp/results/hyperparam_search/logs/GP_VS_SNGP_25028891.err
