Starting imports...
Importing argparse...
Importing torch...
Importing os...
Importing sngp.train and sngp.model...
Importing gaussian_process...
Importing dataset...
Importing json...
ALL IMPORTS COMPLETE!
Parsing arguments...
Arguments parsed! Running GP on Friedman with N=1500
Checking CUDA availability...
Using CPU
Making Datasets...
Making Model...
Training Gaussian Process...
Iter   0 | Loss: 2733.716 | lengthscale: 1.010 | outputscale: 1.010 | noise: 0.202
Iter  10 | Loss: 2637.810 | lengthscale: 1.116 | outputscale: 1.113 | noise: 0.223
Iter  20 | Loss: 2589.111 | lengthscale: 1.232 | outputscale: 1.211 | noise: 0.242
Iter  30 | Loss: 2569.424 | lengthscale: 1.364 | outputscale: 1.286 | noise: 0.256
Iter  40 | Loss: 2560.003 | lengthscale: 1.520 | outputscale: 1.329 | noise: 0.263
Iter  50 | Loss: 2549.088 | lengthscale: 1.712 | outputscale: 1.341 | noise: 0.262
Iter  60 | Loss: 2531.174 | lengthscale: 1.958 | outputscale: 1.333 | noise: 0.256
Iter  70 | Loss: 2502.184 | lengthscale: 2.276 | outputscale: 1.314 | noise: 0.247
Iter  80 | Loss: 2455.889 | lengthscale: 2.687 | outputscale: 1.290 | noise: 0.234
Iter  90 | Loss: 2382.827 | lengthscale: 3.219 | outputscale: 1.262 | noise: 0.218
Iter 100 | Loss: 2271.541 | lengthscale: 3.899 | outputscale: 1.225 | noise: 0.198
Iter 110 | Loss: 2112.551 | lengthscale: 4.759 | outputscale: 1.173 | noise: 0.177
Iter 120 | Loss: 1905.953 | lengthscale: 5.827 | outputscale: 1.107 | noise: 0.156
Iter 130 | Loss: 1674.245 | lengthscale: 7.116 | outputscale: 1.033 | noise: 0.141
Iter 140 | Loss: 1464.881 | lengthscale: 8.584 | outputscale: 0.968 | noise: 0.145
Iter 150 | Loss: 1289.661 | lengthscale: 10.131 | outputscale: 0.922 | noise: 0.176
Iter 160 | Loss: 1137.233 | lengthscale: 11.735 | outputscale: 0.886 | noise: 0.222
Iter 170 | Loss: 1017.651 | lengthscale: 13.447 | outputscale: 0.851 | noise: 0.255
Iter 180 | Loss:  920.535 | lengthscale: 15.246 | outputscale: 0.820 | noise: 0.258
Iter 190 | Loss:  844.953 | lengthscale: 17.059 | outputscale: 0.795 | noise: 0.262
Iter 200 | Loss:  785.190 | lengthscale: 18.855 | outputscale: 0.777 | noise: 0.272
Iter 210 | Loss:  736.410 | lengthscale: 20.647 | outputscale: 0.764 | noise: 0.275
Iter 220 | Loss:  695.280 | lengthscale: 22.446 | outputscale: 0.753 | noise: 0.278
Iter 230 | Loss:  660.040 | lengthscale: 24.258 | outputscale: 0.744 | noise: 0.280
Iter 240 | Loss:  629.544 | lengthscale: 26.086 | outputscale: 0.738 | noise: 0.281
Iter 250 | Loss:  603.032 | lengthscale: 27.926 | outputscale: 0.732 | noise: 0.283
Iter 260 | Loss:  579.977 | lengthscale: 29.774 | outputscale: 0.728 | noise: 0.284
Iter 270 | Loss:  559.905 | lengthscale: 31.623 | outputscale: 0.725 | noise: 0.284
Iter 280 | Loss:  542.329 | lengthscale: 33.470 | outputscale: 0.722 | noise: 0.285
Iter 290 | Loss:  526.763 | lengthscale: 35.316 | outputscale: 0.720 | noise: 0.286
Iter 300 | Loss:  512.778 | lengthscale: 37.169 | outputscale: 0.718 | noise: 0.286
Iter 310 | Loss:  500.053 | lengthscale: 39.037 | outputscale: 0.717 | noise: 0.287
Iter 320 | Loss:  488.402 | lengthscale: 40.925 | outputscale: 0.716 | noise: 0.287
Iter 330 | Loss:  477.741 | lengthscale: 42.830 | outputscale: 0.715 | noise: 0.287
Iter 340 | Loss:  468.022 | lengthscale: 44.747 | outputscale: 0.715 | noise: 0.287
Iter 350 | Loss:  459.182 | lengthscale: 46.671 | outputscale: 0.715 | noise: 0.287
Iter 360 | Loss:  451.137 | lengthscale: 48.596 | outputscale: 0.715 | noise: 0.288
Iter 370 | Loss:  443.789 | lengthscale: 50.523 | outputscale: 0.716 | noise: 0.288
Iter 380 | Loss:  437.045 | lengthscale: 52.452 | outputscale: 0.717 | noise: 0.288
Iter 390 | Loss:  430.828 | lengthscale: 54.384 | outputscale: 0.718 | noise: 0.288
Iter 400 | Loss:  425.079 | lengthscale: 56.322 | outputscale: 0.719 | noise: 0.288
Iter 410 | Loss:  419.748 | lengthscale: 58.264 | outputscale: 0.721 | noise: 0.288
Iter 420 | Loss:  414.796 | lengthscale: 60.212 | outputscale: 0.723 | noise: 0.288
Iter 430 | Loss:  410.189 | lengthscale: 62.163 | outputscale: 0.725 | noise: 0.288
Iter 440 | Loss:  405.898 | lengthscale: 64.118 | outputscale: 0.728 | noise: 0.288
Iter 450 | Loss:  401.899 | lengthscale: 66.075 | outputscale: 0.730 | noise: 0.288
Iter 460 | Loss:  398.176 | lengthscale: 68.033 | outputscale: 0.733 | noise: 0.288
Iter 470 | Loss:  394.711 | lengthscale: 69.987 | outputscale: 0.736 | noise: 0.288
Iter 480 | Loss:  391.486 | lengthscale: 71.937 | outputscale: 0.738 | noise: 0.288
Iter 490 | Loss:  388.480 | lengthscale: 73.882 | outputscale: 0.741 | noise: 0.288
Iter 500 | Loss:  385.667 | lengthscale: 75.822 | outputscale: 0.745 | noise: 0.288
Iter 510 | Loss:  383.024 | lengthscale: 77.760 | outputscale: 0.748 | noise: 0.289
Iter 520 | Loss:  380.526 | lengthscale: 79.701 | outputscale: 0.751 | noise: 0.289
Iter 530 | Loss:  378.153 | lengthscale: 81.648 | outputscale: 0.754 | noise: 0.289
Iter 540 | Loss:  375.885 | lengthscale: 83.605 | outputscale: 0.758 | noise: 0.289
Iter 550 | Loss:  373.714 | lengthscale: 85.576 | outputscale: 0.761 | noise: 0.289
Iter 560 | Loss:  371.632 | lengthscale: 87.561 | outputscale: 0.764 | noise: 0.289
Iter 570 | Loss:  369.634 | lengthscale: 89.561 | outputscale: 0.768 | noise: 0.289
Iter 580 | Loss:  367.719 | lengthscale: 91.574 | outputscale: 0.771 | noise: 0.289
Iter 590 | Loss:  365.885 | lengthscale: 93.599 | outputscale: 0.775 | noise: 0.289
Iter 600 | Loss:  364.130 | lengthscale: 95.633 | outputscale: 0.778 | noise: 0.289
Iter 610 | Loss:  362.453 | lengthscale: 97.675 | outputscale: 0.782 | noise: 0.289
Iter 620 | Loss:  360.848 | lengthscale: 99.724 | outputscale: 0.785 | noise: 0.289
Iter 630 | Loss:  359.311 | lengthscale: 101.781 | outputscale: 0.789 | noise: 0.289
Iter 640 | Loss:  357.835 | lengthscale: 103.846 | outputscale: 0.792 | noise: 0.289
Iter 650 | Loss:  356.415 | lengthscale: 105.923 | outputscale: 0.796 | noise: 0.289
Iter 660 | Loss:  355.044 | lengthscale: 108.011 | outputscale: 0.800 | noise: 0.289
Iter 670 | Loss:  353.722 | lengthscale: 110.115 | outputscale: 0.803 | noise: 0.289
Iter 680 | Loss:  352.439 | lengthscale: 112.234 | outputscale: 0.807 | noise: 0.289
Iter 690 | Loss:  351.196 | lengthscale: 114.371 | outputscale: 0.810 | noise: 0.289
Iter 700 | Loss:  349.994 | lengthscale: 116.523 | outputscale: 0.814 | noise: 0.289
Iter 710 | Loss:  348.829 | lengthscale: 118.691 | outputscale: 0.817 | noise: 0.289
Iter 720 | Loss:  347.703 | lengthscale: 120.873 | outputscale: 0.821 | noise: 0.289
Iter 730 | Loss:  346.615 | lengthscale: 123.066 | outputscale: 0.824 | noise: 0.289
Iter 740 | Loss:  345.567 | lengthscale: 125.269 | outputscale: 0.828 | noise: 0.290
Iter 750 | Loss:  344.558 | lengthscale: 127.478 | outputscale: 0.831 | noise: 0.290
Iter 760 | Loss:  343.588 | lengthscale: 129.691 | outputscale: 0.835 | noise: 0.290
Iter 770 | Loss:  342.658 | lengthscale: 131.907 | outputscale: 0.839 | noise: 0.290
Iter 780 | Loss:  341.764 | lengthscale: 134.123 | outputscale: 0.842 | noise: 0.290
Iter 790 | Loss:  340.908 | lengthscale: 136.339 | outputscale: 0.846 | noise: 0.290
Iter 800 | Loss:  340.085 | lengthscale: 138.553 | outputscale: 0.850 | noise: 0.290
Iter 810 | Loss:  339.294 | lengthscale: 140.766 | outputscale: 0.853 | noise: 0.290
Iter 820 | Loss:  338.536 | lengthscale: 142.979 | outputscale: 0.857 | noise: 0.290
Iter 830 | Loss:  337.806 | lengthscale: 145.191 | outputscale: 0.861 | noise: 0.290
Iter 840 | Loss:  337.102 | lengthscale: 147.404 | outputscale: 0.865 | noise: 0.290
Iter 850 | Loss:  336.422 | lengthscale: 149.621 | outputscale: 0.869 | noise: 0.290
Iter 860 | Loss:  335.763 | lengthscale: 151.840 | outputscale: 0.873 | noise: 0.290
Iter 870 | Loss:  335.127 | lengthscale: 154.065 | outputscale: 0.877 | noise: 0.290
Iter 880 | Loss:  334.508 | lengthscale: 156.296 | outputscale: 0.881 | noise: 0.290
Iter 890 | Loss:  333.909 | lengthscale: 158.533 | outputscale: 0.884 | noise: 0.290
Iter 900 | Loss:  333.328 | lengthscale: 160.775 | outputscale: 0.888 | noise: 0.290
Iter 910 | Loss:  332.763 | lengthscale: 163.024 | outputscale: 0.892 | noise: 0.290
Iter 920 | Loss:  332.217 | lengthscale: 165.277 | outputscale: 0.896 | noise: 0.290
Iter 930 | Loss:  331.685 | lengthscale: 167.533 | outputscale: 0.900 | noise: 0.290
Iter 940 | Loss:  331.173 | lengthscale: 169.793 | outputscale: 0.905 | noise: 0.290
Iter 950 | Loss:  330.677 | lengthscale: 172.054 | outputscale: 0.909 | noise: 0.290
Iter 960 | Loss:  330.196 | lengthscale: 174.315 | outputscale: 0.913 | noise: 0.290
Iter 970 | Loss:  329.728 | lengthscale: 176.577 | outputscale: 0.917 | noise: 0.290
Iter 980 | Loss:  329.276 | lengthscale: 178.838 | outputscale: 0.921 | noise: 0.290
Iter 990 | Loss:  328.841 | lengthscale: 181.099 | outputscale: 0.925 | noise: 0.290
Iter 1000 | Loss:  328.417 | lengthscale: 183.359 | outputscale: 0.930 | noise: 0.290
Iter 1010 | Loss:  328.006 | lengthscale: 185.618 | outputscale: 0.934 | noise: 0.290
Iter 1020 | Loss:  327.609 | lengthscale: 187.876 | outputscale: 0.938 | noise: 0.290
Iter 1030 | Loss:  327.223 | lengthscale: 190.135 | outputscale: 0.943 | noise: 0.290
Iter 1040 | Loss:  326.846 | lengthscale: 192.394 | outputscale: 0.947 | noise: 0.290
Iter 1050 | Loss:  326.483 | lengthscale: 194.655 | outputscale: 0.952 | noise: 0.290
Iter 1060 | Loss:  326.127 | lengthscale: 196.916 | outputscale: 0.957 | noise: 0.290
Iter 1070 | Loss:  325.781 | lengthscale: 199.180 | outputscale: 0.961 | noise: 0.290
Iter 1080 | Loss:  325.443 | lengthscale: 201.447 | outputscale: 0.966 | noise: 0.290
Iter 1090 | Loss:  325.117 | lengthscale: 203.716 | outputscale: 0.971 | noise: 0.290
Iter 1100 | Loss:  324.793 | lengthscale: 205.989 | outputscale: 0.975 | noise: 0.290
Iter 1110 | Loss:  324.483 | lengthscale: 208.266 | outputscale: 0.980 | noise: 0.290
Iter 1120 | Loss:  324.177 | lengthscale: 210.547 | outputscale: 0.985 | noise: 0.290
Iter 1130 | Loss:  323.877 | lengthscale: 212.831 | outputscale: 0.990 | noise: 0.290
Iter 1140 | Loss:  323.587 | lengthscale: 215.120 | outputscale: 0.995 | noise: 0.290
Iter 1150 | Loss:  323.304 | lengthscale: 217.412 | outputscale: 1.000 | noise: 0.290
Iter 1160 | Loss:  323.023 | lengthscale: 219.708 | outputscale: 1.005 | noise: 0.290
Iter 1170 | Loss:  322.753 | lengthscale: 222.006 | outputscale: 1.010 | noise: 0.290
Iter 1180 | Loss:  322.488 | lengthscale: 224.305 | outputscale: 1.015 | noise: 0.290
Iter 1190 | Loss:  322.227 | lengthscale: 226.606 | outputscale: 1.020 | noise: 0.290
Iter 1200 | Loss:  321.978 | lengthscale: 228.906 | outputscale: 1.025 | noise: 0.290
Iter 1210 | Loss:  321.734 | lengthscale: 231.204 | outputscale: 1.031 | noise: 0.290
Iter 1220 | Loss:  321.493 | lengthscale: 233.499 | outputscale: 1.036 | noise: 0.290
Iter 1230 | Loss:  321.259 | lengthscale: 235.790 | outputscale: 1.042 | noise: 0.290
Iter 1240 | Loss:  321.033 | lengthscale: 238.076 | outputscale: 1.047 | noise: 0.290
Iter 1250 | Loss:  320.811 | lengthscale: 240.356 | outputscale: 1.053 | noise: 0.291
Iter 1260 | Loss:  320.600 | lengthscale: 242.629 | outputscale: 1.058 | noise: 0.291
Iter 1270 | Loss:  320.393 | lengthscale: 244.895 | outputscale: 1.064 | noise: 0.291
Iter 1280 | Loss:  320.186 | lengthscale: 247.153 | outputscale: 1.070 | noise: 0.291
Iter 1290 | Loss:  319.993 | lengthscale: 249.404 | outputscale: 1.076 | noise: 0.291
Iter 1300 | Loss:  319.798 | lengthscale: 251.647 | outputscale: 1.082 | noise: 0.291
Iter 1310 | Loss:  319.614 | lengthscale: 253.885 | outputscale: 1.088 | noise: 0.291
Iter 1320 | Loss:  319.431 | lengthscale: 256.117 | outputscale: 1.094 | noise: 0.291
Iter 1330 | Loss:  319.252 | lengthscale: 258.345 | outputscale: 1.100 | noise: 0.291
Iter 1340 | Loss:  319.081 | lengthscale: 260.571 | outputscale: 1.106 | noise: 0.291
Iter 1350 | Loss:  318.909 | lengthscale: 262.797 | outputscale: 1.112 | noise: 0.291
Iter 1360 | Loss:  318.743 | lengthscale: 265.024 | outputscale: 1.118 | noise: 0.291
Iter 1370 | Loss:  318.575 | lengthscale: 267.255 | outputscale: 1.125 | noise: 0.291
Iter 1380 | Loss:  318.414 | lengthscale: 269.492 | outputscale: 1.131 | noise: 0.291
Iter 1390 | Loss:  318.257 | lengthscale: 271.737 | outputscale: 1.138 | noise: 0.291
Iter 1400 | Loss:  318.096 | lengthscale: 273.993 | outputscale: 1.144 | noise: 0.291
Iter 1410 | Loss:  317.937 | lengthscale: 276.263 | outputscale: 1.150 | noise: 0.291
Iter 1420 | Loss:  317.779 | lengthscale: 278.549 | outputscale: 1.157 | noise: 0.291
Iter 1430 | Loss:  317.630 | lengthscale: 280.854 | outputscale: 1.164 | noise: 0.291
Iter 1440 | Loss:  317.477 | lengthscale: 283.179 | outputscale: 1.170 | noise: 0.291
Iter 1450 | Loss:  317.325 | lengthscale: 285.527 | outputscale: 1.177 | noise: 0.291
Iter 1460 | Loss:  317.168 | lengthscale: 287.901 | outputscale: 1.184 | noise: 0.291
Iter 1470 | Loss:  317.020 | lengthscale: 290.301 | outputscale: 1.190 | noise: 0.291
Iter 1480 | Loss:  316.863 | lengthscale: 292.731 | outputscale: 1.197 | noise: 0.291
Iter 1490 | Loss:  316.714 | lengthscale: 295.190 | outputscale: 1.204 | noise: 0.291
Iter 1500 | Loss:  316.560 | lengthscale: 297.681 | outputscale: 1.211 | noise: 0.291
Iter 1510 | Loss:  316.406 | lengthscale: 300.205 | outputscale: 1.218 | noise: 0.291
Iter 1520 | Loss:  316.248 | lengthscale: 302.760 | outputscale: 1.224 | noise: 0.291
Iter 1530 | Loss:  316.099 | lengthscale: 305.348 | outputscale: 1.231 | noise: 0.291
Iter 1540 | Loss:  315.945 | lengthscale: 307.969 | outputscale: 1.238 | noise: 0.291
Iter 1550 | Loss:  315.790 | lengthscale: 310.620 | outputscale: 1.246 | noise: 0.291
Iter 1560 | Loss:  315.637 | lengthscale: 313.302 | outputscale: 1.253 | noise: 0.291
Iter 1570 | Loss:  315.484 | lengthscale: 316.012 | outputscale: 1.260 | noise: 0.291
Iter 1580 | Loss:  315.329 | lengthscale: 318.749 | outputscale: 1.267 | noise: 0.291
Iter 1590 | Loss:  315.178 | lengthscale: 321.510 | outputscale: 1.275 | noise: 0.291
Iter 1600 | Loss:  315.028 | lengthscale: 324.293 | outputscale: 1.282 | noise: 0.291
Iter 1610 | Loss:  314.880 | lengthscale: 327.094 | outputscale: 1.290 | noise: 0.291
Iter 1620 | Loss:  314.727 | lengthscale: 329.910 | outputscale: 1.298 | noise: 0.291
Iter 1630 | Loss:  314.586 | lengthscale: 332.739 | outputscale: 1.305 | noise: 0.291
Iter 1640 | Loss:  314.436 | lengthscale: 335.577 | outputscale: 1.313 | noise: 0.291
Iter 1650 | Loss:  314.294 | lengthscale: 338.421 | outputscale: 1.322 | noise: 0.291
Iter 1660 | Loss:  314.151 | lengthscale: 341.267 | outputscale: 1.330 | noise: 0.291
Iter 1670 | Loss:  314.014 | lengthscale: 344.113 | outputscale: 1.338 | noise: 0.291
Iter 1680 | Loss:  313.879 | lengthscale: 346.956 | outputscale: 1.347 | noise: 0.291
Iter 1690 | Loss:  313.744 | lengthscale: 349.794 | outputscale: 1.356 | noise: 0.291
Iter 1700 | Loss:  313.613 | lengthscale: 352.625 | outputscale: 1.365 | noise: 0.291
Iter 1710 | Loss:  313.486 | lengthscale: 355.446 | outputscale: 1.374 | noise: 0.291
Iter 1720 | Loss:  313.356 | lengthscale: 358.257 | outputscale: 1.383 | noise: 0.291
Iter 1730 | Loss:  313.236 | lengthscale: 361.057 | outputscale: 1.393 | noise: 0.291
Iter 1740 | Loss:  313.111 | lengthscale: 363.845 | outputscale: 1.403 | noise: 0.291
Iter 1750 | Loss:  312.990 | lengthscale: 366.620 | outputscale: 1.413 | noise: 0.291
Iter 1760 | Loss:  312.879 | lengthscale: 369.383 | outputscale: 1.423 | noise: 0.291
Iter 1770 | Loss:  312.758 | lengthscale: 372.133 | outputscale: 1.433 | noise: 0.291
Iter 1780 | Loss:  312.648 | lengthscale: 374.872 | outputscale: 1.444 | noise: 0.291
Iter 1790 | Loss:  312.534 | lengthscale: 377.599 | outputscale: 1.455 | noise: 0.291
Iter 1800 | Loss:  312.425 | lengthscale: 380.315 | outputscale: 1.466 | noise: 0.291
Iter 1810 | Loss:  312.324 | lengthscale: 383.022 | outputscale: 1.477 | noise: 0.291
Iter 1820 | Loss:  312.207 | lengthscale: 385.720 | outputscale: 1.489 | noise: 0.291
Iter 1830 | Loss:  312.103 | lengthscale: 388.409 | outputscale: 1.501 | noise: 0.291
Iter 1840 | Loss:  311.998 | lengthscale: 391.092 | outputscale: 1.513 | noise: 0.291
Iter 1850 | Loss:  311.893 | lengthscale: 393.770 | outputscale: 1.525 | noise: 0.291
Iter 1860 | Loss:  311.795 | lengthscale: 396.443 | outputscale: 1.538 | noise: 0.291
Iter 1870 | Loss:  311.684 | lengthscale: 399.113 | outputscale: 1.551 | noise: 0.291
Iter 1880 | Loss:  311.580 | lengthscale: 401.779 | outputscale: 1.564 | noise: 0.291
Iter 1890 | Loss:  311.485 | lengthscale: 404.445 | outputscale: 1.577 | noise: 0.291
Iter 1900 | Loss:  311.383 | lengthscale: 407.110 | outputscale: 1.591 | noise: 0.291
Iter 1910 | Loss:  311.280 | lengthscale: 409.777 | outputscale: 1.605 | noise: 0.291
Iter 1920 | Loss:  311.178 | lengthscale: 412.444 | outputscale: 1.619 | noise: 0.291
Iter 1930 | Loss:  311.080 | lengthscale: 415.113 | outputscale: 1.634 | noise: 0.291
Iter 1940 | Loss:  310.981 | lengthscale: 417.786 | outputscale: 1.649 | noise: 0.291
Iter 1950 | Loss:  310.882 | lengthscale: 420.463 | outputscale: 1.664 | noise: 0.291
Iter 1960 | Loss:  310.784 | lengthscale: 423.143 | outputscale: 1.680 | noise: 0.291
Iter 1970 | Loss:  310.677 | lengthscale: 425.827 | outputscale: 1.696 | noise: 0.291
Iter 1980 | Loss:  310.577 | lengthscale: 428.515 | outputscale: 1.713 | noise: 0.291
Iter 1990 | Loss:  310.479 | lengthscale: 431.209 | outputscale: 1.730 | noise: 0.291
Iter 2000 | Loss:  310.368 | lengthscale: 433.908 | outputscale: 1.747 | noise: 0.291
Iter 2010 | Loss:  310.260 | lengthscale: 436.612 | outputscale: 1.765 | noise: 0.290
Iter 2020 | Loss:  310.178 | lengthscale: 439.321 | outputscale: 1.783 | noise: 0.290
Iter 2030 | Loss:  310.072 | lengthscale: 442.036 | outputscale: 1.802 | noise: 0.290
Iter 2040 | Loss:  309.961 | lengthscale: 444.756 | outputscale: 1.821 | noise: 0.290
Iter 2050 | Loss:  309.857 | lengthscale: 447.480 | outputscale: 1.841 | noise: 0.290
Iter 2060 | Loss:  309.744 | lengthscale: 450.207 | outputscale: 1.862 | noise: 0.290
Iter 2070 | Loss:  309.636 | lengthscale: 452.938 | outputscale: 1.883 | noise: 0.290
Iter 2080 | Loss:  309.526 | lengthscale: 455.673 | outputscale: 1.905 | noise: 0.290
Iter 2090 | Loss:  309.421 | lengthscale: 458.410 | outputscale: 1.927 | noise: 0.290
Iter 2100 | Loss:  309.312 | lengthscale: 461.148 | outputscale: 1.951 | noise: 0.290
Iter 2110 | Loss:  309.192 | lengthscale: 463.885 | outputscale: 1.975 | noise: 0.290
Iter 2120 | Loss:  309.073 | lengthscale: 466.621 | outputscale: 2.000 | noise: 0.290
Iter 2130 | Loss:  308.962 | lengthscale: 469.354 | outputscale: 2.026 | noise: 0.290
Iter 2140 | Loss:  308.842 | lengthscale: 472.082 | outputscale: 2.053 | noise: 0.290
Iter 2150 | Loss:  308.722 | lengthscale: 474.803 | outputscale: 2.081 | noise: 0.290
Iter 2160 | Loss:  308.585 | lengthscale: 477.516 | outputscale: 2.110 | noise: 0.290
Iter 2170 | Loss:  308.445 | lengthscale: 480.217 | outputscale: 2.140 | noise: 0.290
Iter 2180 | Loss:  308.325 | lengthscale: 482.906 | outputscale: 2.172 | noise: 0.290
Iter 2190 | Loss:  308.181 | lengthscale: 485.578 | outputscale: 2.205 | noise: 0.290
Iter 2200 | Loss:  308.040 | lengthscale: 488.231 | outputscale: 2.239 | noise: 0.290
Iter 2210 | Loss:  307.911 | lengthscale: 490.860 | outputscale: 2.276 | noise: 0.290
Iter 2220 | Loss:  307.752 | lengthscale: 493.462 | outputscale: 2.314 | noise: 0.290
Iter 2230 | Loss:  307.579 | lengthscale: 496.032 | outputscale: 2.354 | noise: 0.290
Iter 2240 | Loss:  307.421 | lengthscale: 498.564 | outputscale: 2.397 | noise: 0.290
Iter 2250 | Loss:  307.243 | lengthscale: 501.053 | outputscale: 2.442 | noise: 0.289
Iter 2260 | Loss:  307.021 | lengthscale: 503.490 | outputscale: 2.490 | noise: 0.289
Iter 2270 | Loss:  306.839 | lengthscale: 505.868 | outputscale: 2.542 | noise: 0.289
Iter 2280 | Loss:  306.642 | lengthscale: 508.177 | outputscale: 2.596 | noise: 0.289
Iter 2290 | Loss:  306.415 | lengthscale: 510.407 | outputscale: 2.655 | noise: 0.289
Iter 2300 | Loss:  306.141 | lengthscale: 512.548 | outputscale: 2.718 | noise: 0.289
Iter 2310 | Loss:  305.860 | lengthscale: 514.582 | outputscale: 2.787 | noise: 0.289
Iter 2320 | Loss:  305.557 | lengthscale: 516.491 | outputscale: 2.862 | noise: 0.289
Iter 2330 | Loss:  305.220 | lengthscale: 518.255 | outputscale: 2.943 | noise: 0.288
Iter 2340 | Loss:  304.858 | lengthscale: 519.849 | outputscale: 3.033 | noise: 0.288
Iter 2350 | Loss:  304.430 | lengthscale: 521.241 | outputscale: 3.133 | noise: 0.288
Iter 2360 | Loss:  303.852 | lengthscale: 522.393 | outputscale: 3.245 | noise: 0.288
Iter 2370 | Loss:  303.265 | lengthscale: 523.251 | outputscale: 3.372 | noise: 0.287
Iter 2380 | Loss:  302.525 | lengthscale: 523.757 | outputscale: 3.516 | noise: 0.287
Iter 2390 | Loss:  301.664 | lengthscale: 523.827 | outputscale: 3.683 | noise: 0.286
Iter 2400 | Loss:  300.540 | lengthscale: 523.354 | outputscale: 3.880 | noise: 0.286
Iter 2410 | Loss:  299.017 | lengthscale: 522.189 | outputscale: 4.115 | noise: 0.285
Iter 2420 | Loss:  297.058 | lengthscale: 520.125 | outputscale: 4.403 | noise: 0.284
Iter 2430 | Loss:  294.317 | lengthscale: 516.869 | outputscale: 4.767 | noise: 0.282
Iter 2440 | Loss:  290.134 | lengthscale: 511.963 | outputscale: 5.244 | noise: 0.280
Iter 2450 | Loss:  283.471 | lengthscale: 504.671 | outputscale: 5.902 | noise: 0.277
Iter 2460 | Loss:  272.051 | lengthscale: 493.751 | outputscale: 6.876 | noise: 0.272
Iter 2470 | Loss:  248.062 | lengthscale: 476.977 | outputscale: 8.462 | noise: 0.262
Iter 2480 | Loss:  194.243 | lengthscale: 450.356 | outputscale: 11.351 | noise: 0.243
Iter 2490 | Loss:   89.375 | lengthscale: 410.945 | outputscale: 16.794 | noise: 0.221
Iter 2499 | Loss:    8.672 | lengthscale: 376.488 | outputscale: 24.051 | noise: 0.218
Learned Hyperparams:  {'lengthscale': 376.4884033203125, 'outputscale': 24.051416397094727, 'noise': 0.21756596863269806, 'marginal_likelihood_loss_history': [2733.715576171875, 2721.66796875, 2710.18115234375, 2699.25244140625, 2688.877197265625, 2679.04931640625, 2669.76123046875, 2661.00439453125, 2652.76806640625, 2645.041015625, 2637.8095703125, 2631.06005859375, 2624.776611328125, 2618.9423828125, 2613.540283203125, 2608.55126953125, 2603.95654296875, 2599.73583984375, 2595.86865234375, 2592.333984375, 2589.11083984375, 2586.177978515625, 2583.51416015625, 2581.097900390625, 2578.90869140625, 2576.92578125, 2575.12890625, 2573.4990234375, 2572.0166015625, 2570.6640625, 2569.423583984375, 2568.27880859375, 2567.21435546875, 2566.21533203125, 2565.267578125, 2564.3583984375, 2563.47607421875, 2562.609130859375, 2561.74755859375, 2560.8818359375, 2560.00341796875, 2559.1044921875, 2558.177734375, 2557.216796875, 2556.2158203125, 2555.1689453125, 2554.0712890625, 2552.9189453125, 2551.70654296875, 2550.4306640625, 2549.087890625, 2547.673828125, 2546.185546875, 2544.619384765625, 2542.9716796875, 2541.2392578125, 2539.41845703125, 2537.50537109375, 2535.49609375, 2533.38720703125, 2531.174072265625, 2528.85205078125, 2526.41650390625, 2523.86279296875, 2521.18505859375, 2518.37841796875, 2515.43603515625, 2512.352294921875, 2509.1201171875, 2505.7333984375, 2502.18359375, 2498.4638671875, 2494.56591796875, 2490.4814453125, 2486.20166015625, 2481.717529296875, 2477.01953125, 2472.097900390625, 2466.9423828125, 2461.54296875, 2455.888916015625, 2449.96923828125, 2443.77197265625, 2437.287109375, 2430.501953125, 2423.4052734375, 2415.98486328125, 2408.22900390625, 2400.12548828125, 2391.662109375, 2382.827392578125, 2373.609130859375, 2363.99560546875, 2353.97509765625, 2343.53662109375, 2332.6689453125, 2321.361328125, 2309.604248046875, 2297.3876953125, 2284.70263671875, 2271.540771484375, 2257.89453125, 2243.75732421875, 2229.12353515625, 2213.98876953125, 2198.3486328125, 2182.20166015625, 2165.546630859375, 2148.384765625, 2130.7177734375, 2112.55078125, 2093.889404296875, 2074.7421875, 2055.1201171875, 2035.036376953125, 2014.5069580078125, 1993.55078125, 1972.190185546875, 1950.4505615234375, 1928.360595703125, 1905.952880859375, 1883.2635498046875, 1860.333251953125, 1837.205810546875, 1813.92919921875, 1790.5556640625, 1767.139892578125, 1743.73974609375, 1720.4163818359375, 1697.2305908203125, 1674.2445068359375, 1651.5177001953125, 1629.1063232421875, 1607.06005859375, 1585.4200439453125, 1564.216552734375, 1543.466552734375, 1523.173095703125, 1503.32666015625, 1483.90576171875, 1464.8807373046875, 1446.2166748046875, 1427.877685546875, 1409.828857421875, 1392.039306640625, 1374.4825439453125, 1357.13818359375, 1339.989990234375, 1323.0294189453125, 1306.25244140625, 1289.6607666015625, 1273.26171875, 1257.06640625, 1241.091064453125, 1225.3555908203125, 1209.881591796875, 1194.6927490234375, 1179.812744140625, 1165.26416015625, 1151.0657958984375, 1137.232666015625, 1123.7744140625, 1110.6927490234375, 1097.982666015625, 1085.631103515625, 1073.617919921875, 1061.9173583984375, 1050.499755859375, 1039.334716796875, 1028.393310546875, 1017.6512451171875, 1007.0906982421875, 996.7019653320312, 986.4826049804688, 976.43798828125, 966.5784301757812, 956.9176025390625, 947.470947265625, 938.2520141601562, 929.271240234375, 920.5347900390625, 912.0428466796875, 903.790771484375, 895.769287109375, 887.9652099609375, 880.3640747070312, 872.950439453125, 865.7118530273438, 858.6375122070312, 851.7196044921875, 844.9534912109375, 838.3370361328125, 831.8687133789062, 825.5487060546875, 819.3754272460938, 813.346923828125, 807.4590454101562, 801.7066650390625, 796.0826416015625, 790.5797119140625, 785.190185546875, 779.90625, 774.7217407226562, 769.6314697265625, 764.6312255859375, 759.71875, 754.8914794921875, 750.1483764648438, 745.4880981445312, 740.909423828125, 736.4102783203125, 731.988525390625, 727.641845703125, 723.3673095703125, 719.162353515625, 715.0248413085938, 710.9520874023438, 706.9424438476562, 702.99462890625, 699.107666015625, 695.2799072265625, 691.510986328125, 687.7999877929688, 684.1456298828125, 680.5464477539062, 677.0015869140625, 673.5091552734375, 670.0682373046875, 666.6768798828125, 663.3346557617188, 660.039794921875, 656.7919921875, 653.5899047851562, 650.433349609375, 647.3212890625, 644.2528076171875, 641.2279052734375, 638.2451782226562, 635.30419921875, 632.404052734375, 629.544189453125, 626.7237548828125, 623.9425048828125, 621.1993408203125, 618.494140625, 615.826416015625, 613.1956787109375, 610.6011962890625, 608.0431518554688, 605.520263671875, 603.032470703125, 600.5792236328125, 598.16015625, 595.7745361328125, 593.422119140625, 591.1021728515625, 588.8146362304688, 586.5587158203125, 584.3341064453125, 582.1405639648438, 579.97705078125, 577.8433837890625, 575.7394409179688, 573.6640625, 571.617431640625, 569.5985107421875, 567.6070556640625, 565.6425170898438, 563.7044677734375, 561.792236328125, 559.9053955078125, 558.043701171875, 556.20654296875, 554.39306640625, 552.6029663085938, 550.836181640625, 549.0916748046875, 547.369384765625, 545.6683349609375, 543.9884643554688, 542.3289794921875, 540.6898193359375, 539.0698852539062, 537.4692993164062, 535.8873901367188, 534.3236083984375, 532.7777099609375, 531.2490234375, 529.7374267578125, 528.242431640625, 526.763427734375, 525.300048828125, 523.85205078125, 522.4189453125, 521.000732421875, 519.5965576171875, 518.2060546875, 516.8294677734375, 515.4661865234375, 514.1162109375, 512.7784423828125, 511.453125, 510.1402587890625, 508.83935546875, 507.5504150390625, 506.2724609375, 505.0067138671875, 503.751953125, 502.5078125, 501.2752685546875, 500.05291748046875, 498.84130859375, 497.64068603515625, 496.4503173828125, 495.2698974609375, 494.10009765625, 492.940185546875, 491.79083251953125, 490.651123046875, 489.521484375, 488.4019775390625, 487.2921142578125, 486.19232177734375, 485.10211181640625, 484.021728515625, 482.95098876953125, 481.89013671875, 480.83837890625, 479.7962646484375, 478.76446533203125, 477.7413330078125, 476.72760009765625, 475.723876953125, 474.72900390625, 473.74346923828125, 472.76708984375, 471.79986572265625, 470.842041015625, 469.892822265625, 468.9525146484375, 468.0218505859375, 467.0994873046875, 466.18585205078125, 465.2808837890625, 464.38470458984375, 463.49676513671875, 462.61749267578125, 461.746337890625, 460.88336181640625, 460.02880859375, 459.1822509765625, 458.34356689453125, 457.5125732421875, 456.6895751953125, 455.8741455078125, 455.0665283203125, 454.26617431640625, 453.47332763671875, 452.6873779296875, 451.9085693359375, 451.13714599609375, 450.3724365234375, 449.61468505859375, 448.86370849609375, 448.11962890625, 447.38189697265625, 446.6507568359375, 445.9259033203125, 445.20721435546875, 444.49505615234375, 443.788818359375, 443.0887451171875, 442.3944091796875, 441.7060546875, 441.023681640625, 440.34649658203125, 439.6754150390625, 439.0096435546875, 438.34954833984375, 437.6943359375, 437.04498291015625, 436.400634765625, 435.76153564453125, 435.12774658203125, 434.49871826171875, 433.87481689453125, 433.2557373046875, 432.64215087890625, 432.03271484375, 431.42779541015625, 430.82806396484375, 430.233154296875, 429.642578125, 429.0567626953125, 428.475341796875, 427.8983154296875, 427.325927734375, 426.7574462890625, 426.193603515625, 425.6337890625, 425.07861328125, 424.5272216796875, 423.97998046875, 423.437744140625, 422.8983154296875, 422.3636474609375, 421.8323974609375, 421.30548095703125, 420.78271484375, 420.2633056640625, 419.748291015625, 419.23651123046875, 418.728515625, 418.2242431640625, 417.72357177734375, 417.22705078125, 416.73358154296875, 416.244384765625, 415.7578125, 415.275634765625, 414.7962646484375, 414.320556640625, 413.848388671875, 413.3795166015625, 412.9136962890625, 412.45166015625, 411.9923095703125, 411.5369873046875, 411.08404541015625, 410.635009765625, 410.189208984375, 409.74566650390625, 409.30609130859375, 408.86920166015625, 408.43572998046875, 408.00537109375, 407.5780029296875, 407.15362548828125, 406.73199462890625, 406.31329345703125, 405.897705078125, 405.4847412109375, 405.0753173828125, 404.66796875, 404.2642822265625, 403.863037109375, 403.46429443359375, 403.0694580078125, 402.6768798828125, 402.2862548828125, 401.899169921875, 401.51470947265625, 401.133056640625, 400.7542724609375, 400.3779296875, 400.00439453125, 399.63330078125, 399.2650146484375, 398.899658203125, 398.53662109375, 398.1763916015625, 397.8182373046875, 397.46295166015625, 397.1099853515625, 396.760498046875, 396.412353515625, 396.0673828125, 395.72442626953125, 395.384033203125, 395.04669189453125, 394.7113037109375, 394.3780517578125, 394.04766845703125, 393.71905517578125, 393.3931884765625, 393.06982421875, 392.7484130859375, 392.4295654296875, 392.1123046875, 391.79791259765625, 391.4859619140625, 391.1761474609375, 390.8675537109375, 390.56207275390625, 390.2586669921875, 389.9566650390625, 389.657470703125, 389.35986328125, 389.06396484375, 388.7708740234375, 388.4796142578125, 388.189453125, 387.90234375, 387.61663818359375, 387.3328857421875, 387.05078125, 386.7705078125, 386.49237060546875, 386.2152099609375, 385.940673828125, 385.66693115234375, 385.3961181640625, 385.12591552734375, 384.85784912109375, 384.5909423828125, 384.3262939453125, 384.0631103515625, 383.80120849609375, 383.540771484375, 383.281494140625, 383.02447509765625, 382.7681884765625, 382.51373291015625, 382.2608642578125, 382.0089111328125, 381.75872802734375, 381.50970458984375, 381.2615966796875, 381.0157470703125, 380.7708740234375, 380.5262451171875, 380.2835693359375, 380.0423583984375, 379.80224609375, 379.5623779296875, 379.32470703125, 379.08837890625, 378.8519287109375, 378.6187744140625, 378.3843994140625, 378.152587890625, 377.9210205078125, 377.69061279296875, 377.461669921875, 377.2333984375, 377.006103515625, 376.781005859375, 376.55517578125, 376.3310546875, 376.1077880859375, 375.885498046875, 375.66455078125, 375.44366455078125, 375.22454833984375, 375.00628662109375, 374.78875732421875, 374.5718994140625, 374.356689453125, 374.1417236328125, 373.92822265625, 373.71441650390625, 373.5020751953125, 373.29150390625, 373.081298828125, 372.87091064453125, 372.6629638671875, 372.4547119140625, 372.24810791015625, 372.04156494140625, 371.8365478515625, 371.63232421875, 371.42919921875, 371.2259521484375, 371.02398681640625, 370.82354736328125, 370.623046875, 370.423095703125, 370.22430419921875, 370.0274658203125, 369.83050537109375, 369.63427734375, 369.439453125, 369.24468994140625, 369.0511474609375, 368.8587646484375, 368.6669921875, 368.4754638671875, 368.28533935546875, 368.0955810546875, 367.906494140625, 367.71893310546875, 367.5325927734375, 367.3458251953125, 367.16064453125, 366.9761962890625, 366.7918701171875, 366.608642578125, 366.4273681640625, 366.2454833984375, 366.0643310546875, 365.885009765625, 365.70599365234375, 365.527587890625, 365.350341796875, 365.17449951171875, 364.998046875, 364.8228759765625, 364.64849853515625, 364.47509765625, 364.30242919921875, 364.13037109375, 363.9595947265625, 363.789306640625, 363.6195068359375, 363.44976806640625, 363.281982421875, 363.11456298828125, 362.94830322265625, 362.78271484375, 362.6173095703125, 362.4527587890625, 362.2894287109375, 362.12646484375, 361.96405029296875, 361.8028564453125, 361.64178466796875, 361.48193359375, 361.3226318359375, 361.16357421875, 361.00537109375, 360.84771728515625, 360.6920166015625, 360.53515625, 360.37969970703125, 360.2252197265625, 360.0716552734375, 359.91748046875, 359.76519775390625, 359.61273193359375, 359.46148681640625, 359.31072998046875, 359.1612548828125, 359.0106201171875, 358.861083984375, 358.712890625, 358.5665283203125, 358.41845703125, 358.271484375, 358.12548828125, 357.98028564453125, 357.83489990234375, 357.690673828125, 357.547119140625, 357.40380859375, 357.26123046875, 357.11834716796875, 356.9766845703125, 356.835693359375, 356.6947021484375, 356.5548095703125, 356.415283203125, 356.277099609375, 356.13751220703125, 355.9991455078125, 355.8616943359375, 355.7244873046875, 355.5877685546875, 355.4505615234375, 355.3157958984375, 355.1806640625, 355.04443359375, 354.9111328125, 354.77679443359375, 354.64361572265625, 354.5111083984375, 354.3778076171875, 354.2454833984375, 354.114501953125, 353.981201171875, 353.851806640625, 353.7215576171875, 353.5924072265625, 353.4613037109375, 353.3316650390625, 353.2041015625, 353.0743408203125, 352.9471435546875, 352.8199462890625, 352.6934814453125, 352.5657958984375, 352.4390869140625, 352.3143310546875, 352.1881103515625, 352.06298828125, 351.9384765625, 351.8128662109375, 351.688720703125, 351.5654296875, 351.4417724609375, 351.3197021484375, 351.1964111328125, 351.0750732421875, 350.95361328125, 350.8316650390625, 350.710205078125, 350.59033203125, 350.471435546875, 350.351318359375, 350.2315673828125, 350.1129150390625, 349.993896484375, 349.8753662109375, 349.7578125, 349.6407470703125, 349.5235595703125, 349.406982421875, 349.2906494140625, 349.17431640625, 349.05859375, 348.9437255859375, 348.8292236328125, 348.7147216796875, 348.6015625, 348.487060546875, 348.37353515625, 348.2603759765625, 348.1488037109375, 348.0360107421875, 347.92529296875, 347.8133544921875, 347.703125, 347.590576171875, 347.4825439453125, 347.3717041015625, 347.263671875, 347.1531982421875, 347.0450439453125, 346.9364013671875, 346.827880859375, 346.7220458984375, 346.6151123046875, 346.509033203125, 346.4022216796875, 346.296142578125, 346.19140625, 346.08642578125, 345.9813232421875, 345.8765869140625, 345.7734375, 345.6695556640625, 345.5670166015625, 345.4638671875, 345.3619384765625, 345.2601318359375, 345.1593017578125, 345.057861328125, 344.9564208984375, 344.8570556640625, 344.755859375, 344.6572265625, 344.558349609375, 344.4588623046875, 344.3599853515625, 344.2626953125, 344.1651611328125, 344.0687255859375, 343.9722900390625, 343.8751220703125, 343.7781982421875, 343.683349609375, 343.5880126953125, 343.49267578125, 343.399658203125, 343.3037109375, 343.2110595703125, 343.1175537109375, 343.0247802734375, 342.9320068359375, 342.8411865234375, 342.749267578125, 342.657958984375, 342.565673828125, 342.4755859375, 342.3856201171875, 342.296142578125, 342.2049560546875, 342.1182861328125, 342.02880859375, 341.9400634765625, 341.8521728515625, 341.7637939453125, 341.67724609375, 341.58837890625, 341.502685546875, 341.417724609375, 341.330078125, 341.246337890625, 341.1595458984375, 341.0751953125, 340.9913330078125, 340.9075927734375, 340.8226318359375, 340.7410888671875, 340.65673828125, 340.574951171875, 340.4925537109375, 340.4100341796875, 340.3277587890625, 340.2469482421875, 340.1646728515625, 340.0850830078125, 340.003662109375, 339.9249267578125, 339.8446044921875, 339.763671875, 339.685791015625, 339.6082763671875, 339.529052734375, 339.4500732421875, 339.3731689453125, 339.29443359375, 339.2183837890625, 339.140380859375, 339.0640869140625, 338.9864501953125, 338.9107666015625, 338.8360595703125, 338.7606201171875, 338.6844482421875, 338.6114501953125, 338.5362548828125, 338.4630126953125, 338.387451171875, 338.3128662109375, 338.2410888671875, 338.1666259765625, 338.09423828125, 338.02197265625, 337.949462890625, 337.87890625, 337.8057861328125, 337.7340087890625, 337.664306640625, 337.59130859375, 337.5213623046875, 337.4515380859375, 337.37890625, 337.3101806640625, 337.23974609375, 337.1715087890625, 337.10205078125, 337.0318603515625, 336.96337890625, 336.894287109375, 336.8265380859375, 336.758056640625, 336.6904296875, 336.6231689453125, 336.5557861328125, 336.4879150390625, 336.421630859375, 336.3548583984375, 336.286865234375, 336.2210693359375, 336.1551513671875, 336.08984375, 336.0233154296875, 335.9591064453125, 335.8929443359375, 335.828125, 335.7625732421875, 335.6983642578125, 335.6346435546875, 335.5689697265625, 335.5064697265625, 335.4407958984375, 335.37744140625, 335.314697265625, 335.252685546875, 335.189208984375, 335.1273193359375, 335.064208984375, 335.001220703125, 334.9393310546875, 334.8753662109375, 334.8153076171875, 334.75341796875, 334.6920166015625, 334.6302490234375, 334.5689697265625, 334.50830078125, 334.4459228515625, 334.38623046875, 334.325439453125, 334.26611328125, 334.205322265625, 334.145751953125, 334.0860595703125, 334.0264892578125, 333.9683837890625, 333.9091796875, 333.850830078125, 333.7916259765625, 333.7325439453125, 333.6732177734375, 333.614990234375, 333.5594482421875, 333.4991455078125, 333.4420166015625, 333.3826904296875, 333.3284912109375, 333.2706298828125, 333.2142333984375, 333.15869140625, 333.0997314453125, 333.0430908203125, 332.9866943359375, 332.929931640625, 332.8751220703125, 332.8194580078125, 332.763427734375, 332.7078857421875, 332.6527099609375, 332.596923828125, 332.542236328125, 332.4886474609375, 332.4334716796875, 332.37939453125, 332.3260498046875, 332.2698974609375, 332.2166748046875, 332.16357421875, 332.1099853515625, 332.0565185546875, 332.0040283203125, 331.9503173828125, 331.896240234375, 331.8436279296875, 331.7916259765625, 331.7391357421875, 331.6854248046875, 331.635009765625, 331.5831298828125, 331.5303955078125, 331.4781494140625, 331.4281005859375, 331.3756103515625, 331.32568359375, 331.27490234375, 331.2230224609375, 331.1727294921875, 331.1229248046875, 331.0731201171875, 331.0216064453125, 330.974365234375, 330.9228515625, 330.8734130859375, 330.82421875, 330.7742919921875, 330.7254638671875, 330.6767578125, 330.6270751953125, 330.5792236328125, 330.5296630859375, 330.4840087890625, 330.4337158203125, 330.384033203125, 330.3370361328125, 330.2896728515625, 330.2413330078125, 330.1956787109375, 330.1483154296875, 330.0985107421875, 330.05322265625, 330.0050048828125, 329.95849609375, 329.9129638671875, 329.8675537109375, 329.8204345703125, 329.775390625, 329.72802734375, 329.6832275390625, 329.635986328125, 329.589599609375, 329.5458984375, 329.5003662109375, 329.4552001953125, 329.4112548828125, 329.36572265625, 329.3211669921875, 329.2764892578125, 329.2330322265625, 329.188720703125, 329.14453125, 329.0999755859375, 329.056640625, 329.012451171875, 328.9703369140625, 328.9276123046875, 328.8831787109375, 328.8414306640625, 328.7979736328125, 328.755126953125, 328.7122802734375, 328.669921875, 328.626953125, 328.5858154296875, 328.5438232421875, 328.501708984375, 328.4600830078125, 328.4168701171875, 328.3760986328125, 328.3343505859375, 328.29296875, 328.25048828125, 328.2108154296875, 328.1695556640625, 328.129638671875, 328.0892333984375, 328.0487060546875, 328.00634765625, 327.96728515625, 327.9261474609375, 327.885498046875, 327.8455810546875, 327.8062744140625, 327.7674560546875, 327.7271728515625, 327.6895751953125, 327.64697265625, 327.6085205078125, 327.5684814453125, 327.53125, 327.4915771484375, 327.451904296875, 327.413818359375, 327.3758544921875, 327.335205078125, 327.2987060546875, 327.2593994140625, 327.2230224609375, 327.184326171875, 327.14599609375, 327.1082763671875, 327.0709228515625, 327.0335693359375, 326.9949951171875, 326.9588623046875, 326.921630859375, 326.8834228515625, 326.845703125, 326.8106689453125, 326.7723388671875, 326.7359619140625, 326.698974609375, 326.6634521484375, 326.6275634765625, 326.5899658203125, 326.5538330078125, 326.5181884765625, 326.4830322265625, 326.44677734375, 326.4085693359375, 326.3726806640625, 326.337890625, 326.3026123046875, 326.265869140625, 326.23291015625, 326.1971435546875, 326.16259765625, 326.1265869140625, 326.091064453125, 326.057373046875, 326.0213623046875, 325.9866943359375, 325.9517822265625, 325.9190673828125, 325.883544921875, 325.8504638671875, 325.8150634765625, 325.7806396484375, 325.7471923828125, 325.7135009765625, 325.677734375, 325.6455078125, 325.6116943359375, 325.5770263671875, 325.5450439453125, 325.510498046875, 325.4776611328125, 325.443359375, 325.40966796875, 325.3782958984375, 325.3458251953125, 325.3123779296875, 325.2801513671875, 325.2476806640625, 325.2144775390625, 325.1822509765625, 325.14892578125, 325.1168212890625, 325.083251953125, 325.052490234375, 325.0189208984375, 324.987060546875, 324.95361328125, 324.9212646484375, 324.8895263671875, 324.857421875, 324.8255615234375, 324.793212890625, 324.7613525390625, 324.7303466796875, 324.7012939453125, 324.6695556640625, 324.63623046875, 324.6053466796875, 324.575439453125, 324.5433349609375, 324.5142822265625, 324.4827880859375, 324.4530029296875, 324.4205322265625, 324.3902587890625, 324.360107421875, 324.32763671875, 324.2977294921875, 324.2672119140625, 324.2342529296875, 324.20751953125, 324.1768798828125, 324.1461181640625, 324.116943359375, 324.0870361328125, 324.0565185546875, 324.02783203125, 323.9962158203125, 323.9661865234375, 323.9373779296875, 323.9078369140625, 323.87744140625, 323.8504638671875, 323.81982421875, 323.7911376953125, 323.7626953125, 323.732421875, 323.7032470703125, 323.6759033203125, 323.644287109375, 323.61572265625, 323.587158203125, 323.554931640625, 323.5289306640625, 323.4991455078125, 323.4722900390625, 323.4432373046875, 323.4150390625, 323.38818359375, 323.358642578125, 323.3323974609375, 323.3035888671875, 323.2718505859375, 323.24609375, 323.2186279296875, 323.190185546875, 323.1627197265625, 323.13427734375, 323.1063232421875, 323.076904296875, 323.0528564453125, 323.0233154296875, 322.9962158203125, 322.9693603515625, 322.940673828125, 322.9136962890625, 322.8861083984375, 322.8597412109375, 322.83349609375, 322.8060302734375, 322.7794189453125, 322.7530517578125, 322.7252197265625, 322.6973876953125, 322.6710205078125, 322.6455078125, 322.61962890625, 322.592041015625, 322.56591796875, 322.5406494140625, 322.514892578125, 322.4884033203125, 322.460693359375, 322.4356689453125, 322.4080810546875, 322.38330078125, 322.3592529296875, 322.3299560546875, 322.3040771484375, 322.2774658203125, 322.2540283203125, 322.2274169921875, 322.2030029296875, 322.1771240234375, 322.152587890625, 322.129638671875, 322.1025390625, 322.0772705078125, 322.0517578125, 322.027099609375, 322.0045166015625, 321.9776611328125, 321.9542236328125, 321.9305419921875, 321.9029541015625, 321.8775634765625, 321.8529052734375, 321.828125, 321.8045654296875, 321.7808837890625, 321.7569580078125, 321.7342529296875, 321.707763671875, 321.6834716796875, 321.660888671875, 321.6383056640625, 321.6099853515625, 321.5855712890625, 321.565673828125, 321.5401611328125, 321.5172119140625, 321.4925537109375, 321.4681396484375, 321.4447021484375, 321.4232177734375, 321.400634765625, 321.3740234375, 321.352294921875, 321.3297119140625, 321.303955078125, 321.2808837890625, 321.2589111328125, 321.2335205078125, 321.2147216796875, 321.1888427734375, 321.1693115234375, 321.1488037109375, 321.125732421875, 321.103759765625, 321.0760498046875, 321.0560302734375, 321.0328369140625, 321.00830078125, 320.987060546875, 320.9635009765625, 320.9427490234375, 320.9229736328125, 320.8988037109375, 320.8775634765625, 320.8551025390625, 320.8350830078125, 320.811279296875, 320.793212890625, 320.768310546875, 320.7486572265625, 320.723388671875, 320.70458984375, 320.6807861328125, 320.662841796875, 320.6405029296875, 320.619140625, 320.5997314453125, 320.5775146484375, 320.556396484375, 320.536865234375, 320.514404296875, 320.4947509765625, 320.471923828125, 320.4517822265625, 320.4312744140625, 320.4139404296875, 320.3927001953125, 320.3692626953125, 320.3514404296875, 320.3304443359375, 320.31201171875, 320.2886962890625, 320.2703857421875, 320.250244140625, 320.2305908203125, 320.2081298828125, 320.1861572265625, 320.1683349609375, 320.149658203125, 320.12841796875, 320.1070556640625, 320.088623046875, 320.0694580078125, 320.0526123046875, 320.0325927734375, 320.0123291015625, 319.9925537109375, 319.97119140625, 319.9508056640625, 319.9306640625, 319.9144287109375, 319.89501953125, 319.8731689453125, 319.8560791015625, 319.83642578125, 319.818603515625, 319.7982177734375, 319.778076171875, 319.761962890625, 319.742431640625, 319.723876953125, 319.7054443359375, 319.6888427734375, 319.6658935546875, 319.6495361328125, 319.63037109375, 319.6143798828125, 319.595458984375, 319.5743408203125, 319.5584716796875, 319.5380859375, 319.5208740234375, 319.501708984375, 319.4859619140625, 319.4700927734375, 319.4498291015625, 319.43115234375, 319.4122314453125, 319.3961181640625, 319.3748779296875, 319.3553466796875, 319.3419189453125, 319.32470703125, 319.3089599609375, 319.2894287109375, 319.27099609375, 319.2523193359375, 319.2388916015625, 319.2208251953125, 319.2000732421875, 319.1861572265625, 319.168212890625, 319.150634765625, 319.1326904296875, 319.1158447265625, 319.09521484375, 319.0811767578125, 319.0614013671875, 319.0460205078125, 319.0252685546875, 319.0145263671875, 318.995849609375, 318.97705078125, 318.961669921875, 318.94091796875, 318.9254150390625, 318.9090576171875, 318.89306640625, 318.8743896484375, 318.8533935546875, 318.8404541015625, 318.8250732421875, 318.805419921875, 318.7935791015625, 318.7752685546875, 318.75830078125, 318.7430419921875, 318.7264404296875, 318.7110595703125, 318.6895751953125, 318.6751708984375, 318.6578369140625, 318.6380615234375, 318.6236572265625, 318.6092529296875, 318.5936279296875, 318.5745849609375, 318.5633544921875, 318.5408935546875, 318.5272216796875, 318.5123291015625, 318.4935302734375, 318.4775390625, 318.4578857421875, 318.4461669921875, 318.43310546875, 318.4141845703125, 318.3985595703125, 318.381103515625, 318.3656005859375, 318.3497314453125, 318.33642578125, 318.315673828125, 318.3011474609375, 318.28125, 318.2728271484375, 318.2572021484375, 318.24072265625, 318.222900390625, 318.2056884765625, 318.1920166015625, 318.174072265625, 318.159912109375, 318.1436767578125, 318.1260986328125, 318.1114501953125, 318.0958251953125, 318.0821533203125, 318.0657958984375, 318.049560546875, 318.03564453125, 318.0194091796875, 318.0030517578125, 317.9857177734375, 317.9676513671875, 317.95556640625, 317.9373779296875, 317.9189453125, 317.9083251953125, 317.8951416015625, 317.8775634765625, 317.8614501953125, 317.8465576171875, 317.832763671875, 317.8153076171875, 317.7977294921875, 317.7789306640625, 317.7691650390625, 317.753662109375, 317.7357177734375, 317.7213134765625, 317.707275390625, 317.6883544921875, 317.675537109375, 317.6595458984375, 317.6468505859375, 317.63037109375, 317.61474609375, 317.5997314453125, 317.5838623046875, 317.5672607421875, 317.55029296875, 317.537109375, 317.5225830078125, 317.5086669921875, 317.4931640625, 317.477294921875, 317.4639892578125, 317.4495849609375, 317.4345703125, 317.4156494140625, 317.400146484375, 317.384033203125, 317.3720703125, 317.3565673828125, 317.3428955078125, 317.325439453125, 317.3092041015625, 317.2950439453125, 317.2779541015625, 317.2635498046875, 317.2481689453125, 317.2318115234375, 317.2197265625, 317.2017822265625, 317.1845703125, 317.1680908203125, 317.1552734375, 317.138916015625, 317.12646484375, 317.1097412109375, 317.093994140625, 317.0787353515625, 317.063720703125, 317.0494384765625, 317.0330810546875, 317.02001953125, 317.0013427734375, 316.9818115234375, 316.969970703125, 316.960205078125, 316.9385986328125, 316.9263916015625, 316.91064453125, 316.896484375, 316.8780517578125, 316.863037109375, 316.84912109375, 316.8358154296875, 316.8177490234375, 316.8082275390625, 316.79150390625, 316.77685546875, 316.7615966796875, 316.744873046875, 316.728515625, 316.713623046875, 316.69775390625, 316.688232421875, 316.6710205078125, 316.6492919921875, 316.6358642578125, 316.621826171875, 316.605224609375, 316.5914306640625, 316.5794677734375, 316.5604248046875, 316.5452880859375, 316.5255126953125, 316.5150146484375, 316.5008544921875, 316.4840087890625, 316.4644775390625, 316.4521484375, 316.4381103515625, 316.421142578125, 316.406005859375, 316.390869140625, 316.3802490234375, 316.364013671875, 316.34814453125, 316.3343505859375, 316.3160400390625, 316.29833984375, 316.283203125, 316.2696533203125, 316.2481689453125, 316.2401123046875, 316.22412109375, 316.20458984375, 316.19091796875, 316.177978515625, 316.1583251953125, 316.1446533203125, 316.1336669921875, 316.1097412109375, 316.0994873046875, 316.0830078125, 316.06591796875, 316.052978515625, 316.0426025390625, 316.0206298828125, 316.0047607421875, 315.994140625, 315.9732666015625, 315.9613037109375, 315.94482421875, 315.9327392578125, 315.9163818359375, 315.8931884765625, 315.8856201171875, 315.8673095703125, 315.849609375, 315.8355712890625, 315.8206787109375, 315.8094482421875, 315.7899169921875, 315.7760009765625, 315.7630615234375, 315.74609375, 315.7281494140625, 315.7138671875, 315.7003173828125, 315.685791015625, 315.6695556640625, 315.654296875, 315.6365966796875, 315.6226806640625, 315.6063232421875, 315.5931396484375, 315.57080078125, 315.5633544921875, 315.5465087890625, 315.5284423828125, 315.52001953125, 315.4974365234375, 315.483642578125, 315.4725341796875, 315.4561767578125, 315.43701171875, 315.4251708984375, 315.4100341796875, 315.3916015625, 315.3778076171875, 315.3594970703125, 315.3502197265625, 315.3294677734375, 315.3150634765625, 315.3006591796875, 315.2845458984375, 315.2725830078125, 315.254150390625, 315.24169921875, 315.22509765625, 315.2100830078125, 315.194580078125, 315.1783447265625, 315.1676025390625, 315.1510009765625, 315.1341552734375, 315.1185302734375, 315.1014404296875, 315.08642578125, 315.0738525390625, 315.059326171875, 315.040771484375, 315.0279541015625, 315.0120849609375, 314.9967041015625, 314.9871826171875, 314.9649658203125, 314.9500732421875, 314.938232421875, 314.9215087890625, 314.9049072265625, 314.8941650390625, 314.8804931640625, 314.8597412109375, 314.8448486328125, 314.8355712890625, 314.8194580078125, 314.8045654296875, 314.7952880859375, 314.77490234375, 314.7589111328125, 314.7432861328125, 314.7274169921875, 314.711669921875, 314.703369140625, 314.686767578125, 314.66796875, 314.6551513671875, 314.6363525390625, 314.6324462890625, 314.6060791015625, 314.5946044921875, 314.58642578125, 314.5731201171875, 314.5565185546875, 314.5391845703125, 314.5230712890625, 314.5054931640625, 314.4930419921875, 314.481689453125, 314.46484375, 314.4459228515625, 314.4364013671875, 314.424072265625, 314.406005859375, 314.39453125, 314.3753662109375, 314.3663330078125, 314.3538818359375, 314.3397216796875, 314.3275146484375, 314.3052978515625, 314.2939453125, 314.2838134765625, 314.2650146484375, 314.2471923828125, 314.2421875, 314.224365234375, 314.21240234375, 314.1990966796875, 314.1812744140625, 314.1651611328125, 314.1513671875, 314.13818359375, 314.1270751953125, 314.113525390625, 314.102294921875, 314.0838623046875, 314.07177734375, 314.0538330078125, 314.041259765625, 314.0301513671875, 314.0137939453125, 313.9949951171875, 313.984130859375, 313.9761962890625, 313.9613037109375, 313.9453125, 313.931640625, 313.9207763671875, 313.9044189453125, 313.89501953125, 313.879150390625, 313.8621826171875, 313.8521728515625, 313.83740234375, 313.8275146484375, 313.8065185546875, 313.7935791015625, 313.78369140625, 313.7686767578125, 313.7586669921875, 313.744384765625, 313.7303466796875, 313.7154541015625, 313.7041015625, 313.69091796875, 313.6715087890625, 313.6666259765625, 313.6507568359375, 313.6346435546875, 313.6221923828125, 313.61279296875, 313.600830078125, 313.58984375, 313.5751953125, 313.5595703125, 313.5482177734375, 313.5352783203125, 313.5225830078125, 313.509521484375, 313.5023193359375, 313.4857177734375, 313.4757080078125, 313.4600830078125, 313.4478759765625, 313.4361572265625, 313.4229736328125, 313.4097900390625, 313.397705078125, 313.3831787109375, 313.36767578125, 313.3558349609375, 313.3426513671875, 313.3323974609375, 313.3212890625, 313.3109130859375, 313.2984619140625, 313.2822265625, 313.2750244140625, 313.2562255859375, 313.2476806640625, 313.2357177734375, 313.2225341796875, 313.21240234375, 313.19775390625, 313.1827392578125, 313.17724609375, 313.16064453125, 313.1436767578125, 313.1324462890625, 313.125732421875, 313.1114501953125, 313.099853515625, 313.0889892578125, 313.0819091796875, 313.0631103515625, 313.0526123046875, 313.044677734375, 313.0296630859375, 313.017578125, 313.0045166015625, 312.989990234375, 312.9796142578125, 312.9656982421875, 312.9561767578125, 312.9478759765625, 312.937255859375, 312.9222412109375, 312.91162109375, 312.9068603515625, 312.8922119140625, 312.87890625, 312.8658447265625, 312.853271484375, 312.8377685546875, 312.8331298828125, 312.8165283203125, 312.8055419921875, 312.793212890625, 312.7860107421875, 312.777099609375, 312.7576904296875, 312.7476806640625, 312.73681640625, 312.7279052734375, 312.71484375, 312.697509765625, 312.690673828125, 312.6776123046875, 312.6700439453125, 312.656494140625, 312.6480712890625, 312.632080078125, 312.6199951171875, 312.60888671875, 312.6021728515625, 312.584228515625, 312.5750732421875, 312.566162109375, 312.552734375, 312.5479736328125, 312.5340576171875, 312.5233154296875, 312.5186767578125, 312.501220703125, 312.492919921875, 312.4801025390625, 312.468994140625, 312.4639892578125, 312.4539794921875, 312.4404296875, 312.4251708984375, 312.4151611328125, 312.40185546875, 312.3990478515625, 312.379638671875, 312.37158203125, 312.3603515625, 312.3458251953125, 312.3406982421875, 312.3262939453125, 312.3238525390625, 312.3028564453125, 312.2952880859375, 312.2774658203125, 312.2738037109375, 312.261962890625, 312.2525634765625, 312.2396240234375, 312.2308349609375, 312.2191162109375, 312.2069091796875, 312.1968994140625, 312.1790771484375, 312.174560546875, 312.1622314453125, 312.1507568359375, 312.13623046875, 312.1328125, 312.12353515625, 312.114013671875, 312.1026611328125, 312.0924072265625, 312.0855712890625, 312.0721435546875, 312.0560302734375, 312.0469970703125, 312.031982421875, 312.025146484375, 312.0118408203125, 311.9989013671875, 311.9979248046875, 311.981201171875, 311.9747314453125, 311.9658203125, 311.9522705078125, 311.9417724609375, 311.9315185546875, 311.9234619140625, 311.9111328125, 311.9024658203125, 311.8931884765625, 311.874755859375, 311.8681640625, 311.8592529296875, 311.84814453125, 311.83740234375, 311.8245849609375, 311.8240966796875, 311.8082275390625, 311.791748046875, 311.7945556640625, 311.778564453125, 311.7686767578125, 311.76171875, 311.7445068359375, 311.7288818359375, 311.7213134765625, 311.7130126953125, 311.703857421875, 311.6932373046875, 311.683837890625, 311.6749267578125, 311.6773681640625, 311.6507568359375, 311.65087890625, 311.6351318359375, 311.62060546875, 311.6163330078125, 311.5997314453125, 311.595703125, 311.5799560546875, 311.5716552734375, 311.5611572265625, 311.5543212890625, 311.5404052734375, 311.5330810546875, 311.5186767578125, 311.508544921875, 311.4935302734375, 311.4903564453125, 311.4847412109375, 311.4720458984375, 311.459716796875, 311.4541015625, 311.4434814453125, 311.4381103515625, 311.427001953125, 311.4180908203125, 311.4088134765625, 311.39453125, 311.3828125, 311.3648681640625, 311.3675537109375, 311.3463134765625, 311.3297119140625, 311.3216552734375, 311.3145751953125, 311.3074951171875, 311.29150390625, 311.2933349609375, 311.279541015625, 311.2684326171875, 311.264892578125, 311.2554931640625, 311.240478515625, 311.2259521484375, 311.220703125, 311.2098388671875, 311.2010498046875, 311.195556640625, 311.177978515625, 311.1715087890625, 311.162109375, 311.14599609375, 311.14111328125, 311.1248779296875, 311.119140625, 311.109375, 311.1002197265625, 311.0848388671875, 311.080322265625, 311.0657958984375, 311.060791015625, 311.040771484375, 311.04736328125, 311.0343017578125, 311.0264892578125, 311.0123291015625, 311.0045166015625, 310.9931640625, 310.9810791015625, 310.97705078125, 310.9534912109375, 310.946044921875, 310.9400634765625, 310.9171142578125, 310.921875, 310.9085693359375, 310.8919677734375, 310.893798828125, 310.8819580078125, 310.8724365234375, 310.8570556640625, 310.8533935546875, 310.8389892578125, 310.830078125, 310.8172607421875, 310.80908203125, 310.7979736328125, 310.7918701171875, 310.7843017578125, 310.7650146484375, 310.760498046875, 310.7508544921875, 310.7320556640625, 310.736572265625, 310.7215576171875, 310.7138671875, 310.6956787109375, 310.698974609375, 310.6768798828125, 310.669189453125, 310.6605224609375, 310.6494140625, 310.63525390625, 310.6258544921875, 310.6163330078125, 310.6007080078125, 310.5980224609375, 310.5914306640625, 310.5767822265625, 310.566650390625, 310.562744140625, 310.5457763671875, 310.5260009765625, 310.5255126953125, 310.5115966796875, 310.509521484375, 310.4967041015625, 310.4866943359375, 310.4794921875, 310.4739990234375, 310.4498291015625, 310.4432373046875, 310.4320068359375, 310.42822265625, 310.411865234375, 310.402099609375, 310.3978271484375, 310.3846435546875, 310.3680419921875, 310.3555908203125, 310.351318359375, 310.3507080078125, 310.33349609375, 310.336181640625, 310.3133544921875, 310.2977294921875, 310.2958984375, 310.277587890625, 310.2598876953125, 310.2576904296875, 310.2503662109375, 310.2281494140625, 310.2313232421875, 310.218505859375, 310.2086181640625, 310.1920166015625, 310.1837158203125, 310.1856689453125, 310.177978515625, 310.17041015625, 310.152099609375, 310.14404296875, 310.115478515625, 310.1131591796875, 310.093994140625, 310.1051025390625, 310.0889892578125, 310.0762939453125, 310.0723876953125, 310.0626220703125, 310.048828125, 310.0372314453125, 310.0396728515625, 310.0220947265625, 310.005859375, 309.9957275390625, 309.9844970703125, 309.9730224609375, 309.960693359375, 309.950439453125, 309.939208984375, 309.9381103515625, 309.9312744140625, 309.9132080078125, 309.9044189453125, 309.8927001953125, 309.8782958984375, 309.8609619140625, 309.8570556640625, 309.8421630859375, 309.8358154296875, 309.8172607421875, 309.8067626953125, 309.80908203125, 309.7847900390625, 309.773193359375, 309.7657470703125, 309.75048828125, 309.7440185546875, 309.7327880859375, 309.72900390625, 309.713134765625, 309.7135009765625, 309.6895751953125, 309.6766357421875, 309.6640625, 309.6563720703125, 309.655517578125, 309.6361083984375, 309.6370849609375, 309.6112060546875, 309.6024169921875, 309.60888671875, 309.587646484375, 309.566162109375, 309.56689453125, 309.543701171875, 309.5377197265625, 309.5264892578125, 309.5101318359375, 309.512451171875, 309.4862060546875, 309.4774169921875, 309.46875, 309.4652099609375, 309.4444580078125, 309.4412841796875, 309.4344482421875, 309.4207763671875, 309.4083251953125, 309.392333984375, 309.381591796875, 309.37939453125, 309.360107421875, 309.3468017578125, 309.3336181640625, 309.3226318359375, 309.323486328125, 309.3115234375, 309.3026123046875, 309.281982421875, 309.2755126953125, 309.256591796875, 309.2518310546875, 309.2376708984375, 309.224609375, 309.2137451171875, 309.2127685546875, 309.192138671875, 309.1849365234375, 309.175537109375, 309.157470703125, 309.1414794921875, 309.133056640625, 309.1104736328125, 309.114013671875, 309.1058349609375, 309.0887451171875, 309.0726318359375, 309.0504150390625, 309.0572509765625, 309.0347900390625, 309.0185546875, 309.0220947265625, 309.0172119140625, 309.0062255859375, 308.9869384765625, 308.9832763671875, 308.9619140625, 308.9569091796875, 308.93408203125, 308.9288330078125, 308.92138671875, 308.8985595703125, 308.8836669921875, 308.86572265625, 308.8560791015625, 308.8468017578125, 308.84228515625, 308.8096923828125, 308.808837890625, 308.800537109375, 308.7786865234375, 308.7696533203125, 308.7685546875, 308.750732421875, 308.743896484375, 308.7349853515625, 308.7215576171875, 308.70068359375, 308.6761474609375, 308.6690673828125, 308.6724853515625, 308.65673828125, 308.633544921875, 308.6214599609375, 308.6116943359375, 308.5830078125, 308.5853271484375, 308.5712890625, 308.560302734375, 308.53076171875, 308.5404052734375, 308.5185546875, 308.4932861328125, 308.4964599609375, 308.4727783203125, 308.4652099609375, 308.4454345703125, 308.440673828125, 308.4195556640625, 308.4134521484375, 308.3814697265625, 308.3780517578125, 308.3851318359375, 308.37158203125, 308.3477783203125, 308.325439453125, 308.324951171875, 308.3055419921875, 308.2806396484375, 308.2830810546875, 308.2738037109375, 308.2696533203125, 308.25, 308.2320556640625, 308.22265625, 308.2239990234375, 308.1805419921875, 308.1806640625, 308.1649169921875, 308.1337890625, 308.1480712890625, 308.12255859375, 308.1051025390625, 308.090087890625, 308.0828857421875, 308.0577392578125, 308.03955078125, 308.0294189453125, 308.0098876953125, 307.9951171875, 307.9720458984375, 307.9530029296875, 307.9429931640625, 307.9359130859375, 307.932373046875, 307.92431640625, 307.91064453125, 307.890625, 307.8704833984375, 307.843994140625, 307.83642578125, 307.839599609375, 307.791748046875, 307.7852783203125, 307.7735595703125, 307.758544921875, 307.7520751953125, 307.708984375, 307.7158203125, 307.689453125, 307.681884765625, 307.6568603515625, 307.6671142578125, 307.639404296875, 307.6280517578125, 307.6033935546875, 307.579345703125, 307.556884765625, 307.5357666015625, 307.5340576171875, 307.5281982421875, 307.5128173828125, 307.4825439453125, 307.4595947265625, 307.448974609375, 307.4461669921875, 307.4207763671875, 307.3951416015625, 307.379638671875, 307.366943359375, 307.343505859375, 307.3465576171875, 307.3165283203125, 307.29296875, 307.2860107421875, 307.2667236328125, 307.2425537109375, 307.224609375, 307.1990966796875, 307.1829833984375, 307.1865234375, 307.1514892578125, 307.1380615234375, 307.1207275390625, 307.09814453125, 307.0567626953125, 307.02099609375, 307.0357666015625, 307.0098876953125, 306.9891357421875, 306.9569091796875, 306.9429931640625, 306.923095703125, 306.914306640625, 306.89794921875, 306.8709716796875, 306.8385009765625, 306.8389892578125, 306.8133544921875, 306.79638671875, 306.77001953125, 306.754638671875, 306.7130126953125, 306.7041015625, 306.6942138671875, 306.6805419921875, 306.6419677734375, 306.6026611328125, 306.590576171875, 306.572998046875, 306.5272216796875, 306.532958984375, 306.488525390625, 306.4700927734375, 306.4429931640625, 306.4259033203125, 306.4154052734375, 306.3690185546875, 306.3458251953125, 306.339111328125, 306.319580078125, 306.2872314453125, 306.259033203125, 306.227783203125, 306.197265625, 306.1685791015625, 306.1414794921875, 306.11083984375, 306.1048583984375, 306.0660400390625, 306.024658203125, 306.0128173828125, 305.9735107421875, 305.950927734375, 305.933349609375, 305.8895263671875, 305.8597412109375, 305.8538818359375, 305.81103515625, 305.779296875, 305.7586669921875, 305.753173828125, 305.68115234375, 305.6585693359375, 305.624267578125, 305.5968017578125, 305.556884765625, 305.535400390625, 305.5006103515625, 305.4542236328125, 305.4117431640625, 305.3963623046875, 305.3653564453125, 305.3385009765625, 305.3157958984375, 305.2772216796875, 305.220458984375, 305.155029296875, 305.1715087890625, 305.125732421875, 305.0423583984375, 304.9910888671875, 304.9991455078125, 304.9483642578125, 304.9393310546875, 304.8734130859375, 304.858154296875, 304.824951171875, 304.7373046875, 304.6844482421875, 304.6724853515625, 304.6529541015625, 304.5931396484375, 304.4981689453125, 304.48291015625, 304.4747314453125, 304.4298095703125, 304.34619140625, 304.3165283203125, 304.259521484375, 304.2216796875, 304.1851806640625, 304.1182861328125, 304.0771484375, 303.9598388671875, 303.93212890625, 303.8524169921875, 303.7896728515625, 303.7591552734375, 303.704833984375, 303.6248779296875, 303.589111328125, 303.4908447265625, 303.4547119140625, 303.4111328125, 303.3533935546875, 303.2647705078125, 303.1876220703125, 303.1087646484375, 303.08056640625, 302.9678955078125, 302.8714599609375, 302.8453369140625, 302.7449951171875, 302.6878662109375, 302.615966796875, 302.525390625, 302.4417724609375, 302.3826904296875, 302.2935791015625, 302.197998046875, 302.1302490234375, 302.0435791015625, 301.9490966796875, 301.790283203125, 301.7208251953125, 301.6639404296875, 301.5594482421875, 301.4757080078125, 301.3411865234375, 301.1876220703125, 301.0667724609375, 301.0040283203125, 300.8736572265625, 300.7734375, 300.6595458984375, 300.5400390625, 300.417236328125, 300.2481689453125, 300.1302490234375, 299.9739990234375, 299.822998046875, 299.735595703125, 299.5322265625, 299.405517578125, 299.2540283203125, 299.0169677734375, 298.8372802734375, 298.6607666015625, 298.5137939453125, 298.308837890625, 298.0882568359375, 297.87841796875, 297.7305908203125, 297.5556640625, 297.3271484375, 297.0579833984375, 296.8416748046875, 296.6103515625, 296.318359375, 296.1307373046875, 295.7974853515625, 295.5601806640625, 295.2586669921875, 294.9337158203125, 294.6859130859375, 294.3172607421875, 293.9676513671875, 293.579345703125, 293.210693359375, 292.852294921875, 292.3145751953125, 291.993408203125, 291.5035400390625, 291.1729736328125, 290.6715087890625, 290.1343994140625, 289.6268310546875, 289.0357666015625, 288.5250244140625, 287.9984130859375, 287.2947998046875, 286.5767822265625, 285.9349365234375, 285.115966796875, 284.437255859375, 283.471435546875, 282.60107421875, 281.7440185546875, 280.71826171875, 279.8084716796875, 278.6834716796875, 277.4224853515625, 276.1866455078125, 274.9564208984375, 273.4383544921875, 272.0509033203125, 270.2403564453125, 268.3934326171875, 266.4560546875, 264.6051025390625, 262.2147216796875, 259.8128662109375, 257.4525146484375, 254.457275390625, 251.786865234375, 248.0618896484375, 244.63525390625, 240.781005859375, 236.7427978515625, 232.4847412109375, 226.7686767578125, 221.117919921875, 215.6522216796875, 208.665283203125, 202.12353515625, 194.2427978515625, 185.8326416015625, 177.28173828125, 168.426513671875, 158.8446044921875, 147.3807373046875, 136.3494873046875, 124.6551513671875, 113.21435546875, 101.1806640625, 89.3751220703125, 77.6268310546875, 67.5633544921875, 55.2325439453125, 45.2008056640625, 36.412109375, 27.0552978515625, 20.972900390625, 14.0035400390625, 8.6722412109375]}
Warning: Cholesky failed, using eigendecomposition fallback
{'mse': 0.04614515230059624, 'rmse': 0.214814230799675, 'test_ll': -1164564.5, 'total_test_ll': -29114114048.0}
/cluster/tufts/hugheslab/swilli26/stat-patt-final/gp_vs_sngp/results/hyperparam_search/GP/Friedman_1500_8001/logs
/cluster/tufts/hugheslab/swilli26/stat-patt-final/gp_vs_sngp/results/hyperparam_search/logs/GP_VS_SNGP_25028916.out
/cluster/tufts/hugheslab/swilli26/stat-patt-final/gp_vs_sngp/results/hyperparam_search/logs/GP_VS_SNGP_25028916.err
