Starting imports...
Importing argparse...
Importing torch...
Importing os...
Importing sngp.train and sngp.model...
Importing gaussian_process...
Importing dataset...
Importing json...
ALL IMPORTS COMPLETE!
Parsing arguments...
Arguments parsed! Running GP on Sin with N=1500
Checking CUDA availability...
Using CPU
Making Datasets...
Making Model...
Training Gaussian Process...
Iter   0 | Loss: -808.297 | lengthscale: 1.010 | outputscale: 1.010 | noise: 0.198
Iter  10 | Loss: -914.861 | lengthscale: 1.049 | outputscale: 1.116 | noise: 0.179
Iter  20 | Loss: -1010.493 | lengthscale: 1.086 | outputscale: 1.224 | noise: 0.163
Iter  30 | Loss: -1092.223 | lengthscale: 1.118 | outputscale: 1.328 | noise: 0.148
Iter  40 | Loss: -1157.677 | lengthscale: 1.143 | outputscale: 1.423 | noise: 0.135
Iter  50 | Loss: -1205.774 | lengthscale: 1.163 | outputscale: 1.506 | noise: 0.125
Iter  60 | Loss: -1237.295 | lengthscale: 1.179 | outputscale: 1.576 | noise: 0.117
Iter  70 | Loss: -1255.034 | lengthscale: 1.193 | outputscale: 1.634 | noise: 0.111
Iter  80 | Loss: -1263.036 | lengthscale: 1.203 | outputscale: 1.681 | noise: 0.106
Iter  90 | Loss: -1265.785 | lengthscale: 1.212 | outputscale: 1.722 | noise: 0.103
Iter 100 | Loss: -1266.349 | lengthscale: 1.217 | outputscale: 1.748 | noise: 0.102
Iter 110 | Loss: -1266.345 | lengthscale: 1.221 | outputscale: 1.768 | noise: 0.101
Iter 120 | Loss: -1266.296 | lengthscale: 1.223 | outputscale: 1.787 | noise: 0.101
Iter 130 | Loss: -1266.437 | lengthscale: 1.227 | outputscale: 1.798 | noise: 0.101
Iter 140 | Loss: -1266.440 | lengthscale: 1.227 | outputscale: 1.801 | noise: 0.101
Iter 150 | Loss: -1266.465 | lengthscale: 1.228 | outputscale: 1.807 | noise: 0.101
Iter 160 | Loss: -1266.434 | lengthscale: 1.228 | outputscale: 1.802 | noise: 0.102
Iter 170 | Loss: -1266.419 | lengthscale: 1.227 | outputscale: 1.803 | noise: 0.102
Iter 180 | Loss: -1266.360 | lengthscale: 1.226 | outputscale: 1.798 | noise: 0.102
Iter 190 | Loss: -1266.400 | lengthscale: 1.227 | outputscale: 1.803 | noise: 0.102
Iter 200 | Loss: -1266.385 | lengthscale: 1.224 | outputscale: 1.797 | noise: 0.102
Iter 210 | Loss: -1266.438 | lengthscale: 1.227 | outputscale: 1.789 | noise: 0.102
Iter 220 | Loss: -1266.439 | lengthscale: 1.224 | outputscale: 1.798 | noise: 0.102
Iter 230 | Loss: -1266.420 | lengthscale: 1.228 | outputscale: 1.804 | noise: 0.102
Iter 240 | Loss: -1266.373 | lengthscale: 1.227 | outputscale: 1.805 | noise: 0.102
Iter 250 | Loss: -1266.443 | lengthscale: 1.227 | outputscale: 1.798 | noise: 0.102
Iter 260 | Loss: -1266.409 | lengthscale: 1.223 | outputscale: 1.786 | noise: 0.102
Iter 270 | Loss: -1266.404 | lengthscale: 1.223 | outputscale: 1.777 | noise: 0.102
Iter 280 | Loss: -1266.387 | lengthscale: 1.223 | outputscale: 1.777 | noise: 0.102
Iter 290 | Loss: -1266.415 | lengthscale: 1.225 | outputscale: 1.794 | noise: 0.102
Iter 300 | Loss: -1266.397 | lengthscale: 1.229 | outputscale: 1.815 | noise: 0.102
Iter 310 | Loss: -1266.430 | lengthscale: 1.230 | outputscale: 1.816 | noise: 0.102
Iter 320 | Loss: -1266.425 | lengthscale: 1.226 | outputscale: 1.804 | noise: 0.102
Iter 330 | Loss: -1266.400 | lengthscale: 1.229 | outputscale: 1.805 | noise: 0.102
Iter 340 | Loss: -1266.465 | lengthscale: 1.226 | outputscale: 1.809 | noise: 0.102
Iter 350 | Loss: -1266.390 | lengthscale: 1.230 | outputscale: 1.815 | noise: 0.102
Iter 360 | Loss: -1266.374 | lengthscale: 1.232 | outputscale: 1.825 | noise: 0.102
Iter 370 | Loss: -1266.438 | lengthscale: 1.228 | outputscale: 1.820 | noise: 0.102
Iter 380 | Loss: -1266.417 | lengthscale: 1.228 | outputscale: 1.805 | noise: 0.102
Iter 390 | Loss: -1266.410 | lengthscale: 1.225 | outputscale: 1.793 | noise: 0.102
Iter 400 | Loss: -1266.395 | lengthscale: 1.221 | outputscale: 1.783 | noise: 0.102
Iter 410 | Loss: -1266.458 | lengthscale: 1.225 | outputscale: 1.787 | noise: 0.102
Iter 420 | Loss: -1266.358 | lengthscale: 1.227 | outputscale: 1.796 | noise: 0.102
Iter 430 | Loss: -1266.400 | lengthscale: 1.224 | outputscale: 1.793 | noise: 0.102
Iter 440 | Loss: -1266.382 | lengthscale: 1.224 | outputscale: 1.787 | noise: 0.102
Iter 450 | Loss: -1266.384 | lengthscale: 1.224 | outputscale: 1.789 | noise: 0.102
Iter 460 | Loss: -1266.382 | lengthscale: 1.224 | outputscale: 1.787 | noise: 0.102
Iter 470 | Loss: -1266.374 | lengthscale: 1.227 | outputscale: 1.794 | noise: 0.102
Iter 480 | Loss: -1266.368 | lengthscale: 1.225 | outputscale: 1.801 | noise: 0.102
Iter 490 | Loss: -1266.366 | lengthscale: 1.225 | outputscale: 1.790 | noise: 0.102
Iter 500 | Loss: -1266.359 | lengthscale: 1.222 | outputscale: 1.779 | noise: 0.102
Iter 510 | Loss: -1266.445 | lengthscale: 1.222 | outputscale: 1.772 | noise: 0.102
Iter 520 | Loss: -1266.374 | lengthscale: 1.222 | outputscale: 1.776 | noise: 0.102
Iter 530 | Loss: -1266.469 | lengthscale: 1.224 | outputscale: 1.788 | noise: 0.102
Iter 540 | Loss: -1266.440 | lengthscale: 1.229 | outputscale: 1.803 | noise: 0.102
Iter 550 | Loss: -1266.500 | lengthscale: 1.233 | outputscale: 1.824 | noise: 0.102
Iter 560 | Loss: -1266.423 | lengthscale: 1.231 | outputscale: 1.827 | noise: 0.102
Iter 570 | Loss: -1266.388 | lengthscale: 1.230 | outputscale: 1.814 | noise: 0.102
Iter 580 | Loss: -1266.383 | lengthscale: 1.229 | outputscale: 1.812 | noise: 0.102
Iter 590 | Loss: -1266.402 | lengthscale: 1.225 | outputscale: 1.797 | noise: 0.102
Iter 600 | Loss: -1266.434 | lengthscale: 1.223 | outputscale: 1.782 | noise: 0.102
Iter 610 | Loss: -1266.407 | lengthscale: 1.224 | outputscale: 1.785 | noise: 0.102
Iter 620 | Loss: -1266.396 | lengthscale: 1.227 | outputscale: 1.796 | noise: 0.102
Iter 630 | Loss: -1266.400 | lengthscale: 1.230 | outputscale: 1.813 | noise: 0.102
Iter 640 | Loss: -1266.454 | lengthscale: 1.231 | outputscale: 1.830 | noise: 0.102
Iter 650 | Loss: -1266.310 | lengthscale: 1.233 | outputscale: 1.827 | noise: 0.102
Iter 660 | Loss: -1266.439 | lengthscale: 1.230 | outputscale: 1.812 | noise: 0.102
Iter 670 | Loss: -1266.401 | lengthscale: 1.225 | outputscale: 1.809 | noise: 0.102
Iter 680 | Loss: -1266.402 | lengthscale: 1.227 | outputscale: 1.803 | noise: 0.102
Iter 690 | Loss: -1266.402 | lengthscale: 1.228 | outputscale: 1.802 | noise: 0.102
Iter 700 | Loss: -1266.379 | lengthscale: 1.227 | outputscale: 1.803 | noise: 0.102
Iter 710 | Loss: -1266.365 | lengthscale: 1.227 | outputscale: 1.805 | noise: 0.102
Iter 720 | Loss: -1266.395 | lengthscale: 1.226 | outputscale: 1.807 | noise: 0.102
Iter 730 | Loss: -1266.431 | lengthscale: 1.229 | outputscale: 1.806 | noise: 0.102
Iter 740 | Loss: -1266.383 | lengthscale: 1.228 | outputscale: 1.805 | noise: 0.102
Iter 750 | Loss: -1266.353 | lengthscale: 1.226 | outputscale: 1.805 | noise: 0.102
Iter 760 | Loss: -1266.381 | lengthscale: 1.226 | outputscale: 1.796 | noise: 0.102
Iter 770 | Loss: -1266.410 | lengthscale: 1.230 | outputscale: 1.810 | noise: 0.102
Iter 780 | Loss: -1266.359 | lengthscale: 1.229 | outputscale: 1.815 | noise: 0.102
Iter 790 | Loss: -1266.436 | lengthscale: 1.229 | outputscale: 1.814 | noise: 0.102
Iter 800 | Loss: -1266.396 | lengthscale: 1.225 | outputscale: 1.793 | noise: 0.102
Iter 810 | Loss: -1266.476 | lengthscale: 1.225 | outputscale: 1.784 | noise: 0.102
Iter 820 | Loss: -1266.386 | lengthscale: 1.227 | outputscale: 1.794 | noise: 0.102
Iter 830 | Loss: -1266.433 | lengthscale: 1.230 | outputscale: 1.821 | noise: 0.102
Iter 840 | Loss: -1266.391 | lengthscale: 1.229 | outputscale: 1.823 | noise: 0.102
Iter 850 | Loss: -1266.401 | lengthscale: 1.227 | outputscale: 1.809 | noise: 0.102
Iter 860 | Loss: -1266.444 | lengthscale: 1.224 | outputscale: 1.784 | noise: 0.102
Iter 870 | Loss: -1266.372 | lengthscale: 1.224 | outputscale: 1.790 | noise: 0.102
Iter 880 | Loss: -1266.424 | lengthscale: 1.227 | outputscale: 1.801 | noise: 0.102
Iter 890 | Loss: -1266.420 | lengthscale: 1.226 | outputscale: 1.802 | noise: 0.102
Iter 900 | Loss: -1266.438 | lengthscale: 1.228 | outputscale: 1.810 | noise: 0.102
Iter 910 | Loss: -1266.336 | lengthscale: 1.228 | outputscale: 1.798 | noise: 0.102
Iter 920 | Loss: -1266.369 | lengthscale: 1.225 | outputscale: 1.796 | noise: 0.102
Iter 930 | Loss: -1266.402 | lengthscale: 1.225 | outputscale: 1.799 | noise: 0.102
Iter 940 | Loss: -1266.353 | lengthscale: 1.227 | outputscale: 1.805 | noise: 0.102
Iter 950 | Loss: -1266.384 | lengthscale: 1.228 | outputscale: 1.803 | noise: 0.102
Iter 960 | Loss: -1266.411 | lengthscale: 1.224 | outputscale: 1.788 | noise: 0.102
Iter 970 | Loss: -1266.422 | lengthscale: 1.226 | outputscale: 1.786 | noise: 0.102
Iter 980 | Loss: -1266.277 | lengthscale: 1.223 | outputscale: 1.778 | noise: 0.102
Iter 990 | Loss: -1266.361 | lengthscale: 1.223 | outputscale: 1.787 | noise: 0.102
Iter 1000 | Loss: -1266.430 | lengthscale: 1.225 | outputscale: 1.799 | noise: 0.102
Iter 1010 | Loss: -1266.424 | lengthscale: 1.231 | outputscale: 1.821 | noise: 0.102
Iter 1020 | Loss: -1266.388 | lengthscale: 1.230 | outputscale: 1.818 | noise: 0.102
Iter 1030 | Loss: -1266.462 | lengthscale: 1.227 | outputscale: 1.811 | noise: 0.102
Iter 1040 | Loss: -1266.448 | lengthscale: 1.226 | outputscale: 1.793 | noise: 0.102
Iter 1050 | Loss: -1266.435 | lengthscale: 1.227 | outputscale: 1.804 | noise: 0.102
Iter 1060 | Loss: -1266.432 | lengthscale: 1.226 | outputscale: 1.801 | noise: 0.102
Iter 1070 | Loss: -1266.368 | lengthscale: 1.229 | outputscale: 1.804 | noise: 0.102
Iter 1080 | Loss: -1266.426 | lengthscale: 1.229 | outputscale: 1.803 | noise: 0.102
Iter 1090 | Loss: -1266.377 | lengthscale: 1.226 | outputscale: 1.805 | noise: 0.102
Iter 1100 | Loss: -1266.448 | lengthscale: 1.227 | outputscale: 1.800 | noise: 0.102
Iter 1110 | Loss: -1266.397 | lengthscale: 1.230 | outputscale: 1.805 | noise: 0.102
Iter 1120 | Loss: -1266.382 | lengthscale: 1.228 | outputscale: 1.805 | noise: 0.102
Iter 1130 | Loss: -1266.420 | lengthscale: 1.227 | outputscale: 1.799 | noise: 0.102
Iter 1140 | Loss: -1266.393 | lengthscale: 1.227 | outputscale: 1.810 | noise: 0.102
Iter 1150 | Loss: -1266.392 | lengthscale: 1.228 | outputscale: 1.809 | noise: 0.102
Iter 1160 | Loss: -1266.434 | lengthscale: 1.229 | outputscale: 1.810 | noise: 0.102
Iter 1170 | Loss: -1266.446 | lengthscale: 1.223 | outputscale: 1.784 | noise: 0.102
Iter 1180 | Loss: -1266.424 | lengthscale: 1.221 | outputscale: 1.765 | noise: 0.102
Iter 1190 | Loss: -1266.403 | lengthscale: 1.226 | outputscale: 1.794 | noise: 0.102
Iter 1200 | Loss: -1266.389 | lengthscale: 1.232 | outputscale: 1.833 | noise: 0.102
Iter 1210 | Loss: -1266.407 | lengthscale: 1.231 | outputscale: 1.831 | noise: 0.102
Iter 1220 | Loss: -1266.453 | lengthscale: 1.231 | outputscale: 1.816 | noise: 0.102
Iter 1230 | Loss: -1266.434 | lengthscale: 1.223 | outputscale: 1.778 | noise: 0.102
Iter 1240 | Loss: -1266.390 | lengthscale: 1.223 | outputscale: 1.780 | noise: 0.102
Iter 1250 | Loss: -1266.428 | lengthscale: 1.227 | outputscale: 1.808 | noise: 0.102
Iter 1260 | Loss: -1266.442 | lengthscale: 1.229 | outputscale: 1.813 | noise: 0.102
Iter 1270 | Loss: -1266.447 | lengthscale: 1.231 | outputscale: 1.818 | noise: 0.102
Iter 1280 | Loss: -1266.353 | lengthscale: 1.225 | outputscale: 1.803 | noise: 0.102
Iter 1290 | Loss: -1266.361 | lengthscale: 1.219 | outputscale: 1.764 | noise: 0.102
Iter 1300 | Loss: -1266.388 | lengthscale: 1.222 | outputscale: 1.779 | noise: 0.102
Iter 1310 | Loss: -1266.418 | lengthscale: 1.227 | outputscale: 1.796 | noise: 0.102
Iter 1320 | Loss: -1266.401 | lengthscale: 1.229 | outputscale: 1.810 | noise: 0.102
Iter 1330 | Loss: -1266.386 | lengthscale: 1.224 | outputscale: 1.798 | noise: 0.102
Iter 1340 | Loss: -1266.422 | lengthscale: 1.223 | outputscale: 1.786 | noise: 0.102
Iter 1350 | Loss: -1266.374 | lengthscale: 1.223 | outputscale: 1.772 | noise: 0.102
Iter 1360 | Loss: -1266.370 | lengthscale: 1.222 | outputscale: 1.785 | noise: 0.102
Iter 1370 | Loss: -1266.418 | lengthscale: 1.225 | outputscale: 1.785 | noise: 0.102
Iter 1380 | Loss: -1266.324 | lengthscale: 1.223 | outputscale: 1.777 | noise: 0.102
Iter 1390 | Loss: -1266.402 | lengthscale: 1.220 | outputscale: 1.780 | noise: 0.102
Iter 1400 | Loss: -1266.380 | lengthscale: 1.229 | outputscale: 1.805 | noise: 0.102
Iter 1410 | Loss: -1266.401 | lengthscale: 1.232 | outputscale: 1.827 | noise: 0.102
Iter 1420 | Loss: -1266.441 | lengthscale: 1.229 | outputscale: 1.820 | noise: 0.102
Iter 1430 | Loss: -1266.386 | lengthscale: 1.226 | outputscale: 1.808 | noise: 0.102
Iter 1440 | Loss: -1266.461 | lengthscale: 1.224 | outputscale: 1.788 | noise: 0.102
Iter 1450 | Loss: -1266.377 | lengthscale: 1.226 | outputscale: 1.782 | noise: 0.102
Iter 1460 | Loss: -1266.368 | lengthscale: 1.220 | outputscale: 1.768 | noise: 0.102
Iter 1470 | Loss: -1266.372 | lengthscale: 1.221 | outputscale: 1.784 | noise: 0.102
Iter 1480 | Loss: -1266.324 | lengthscale: 1.231 | outputscale: 1.832 | noise: 0.102
Iter 1490 | Loss: -1266.339 | lengthscale: 1.235 | outputscale: 1.837 | noise: 0.102
Iter 1500 | Loss: -1266.417 | lengthscale: 1.227 | outputscale: 1.797 | noise: 0.102
Iter 1510 | Loss: -1266.343 | lengthscale: 1.220 | outputscale: 1.759 | noise: 0.102
Iter 1520 | Loss: -1266.357 | lengthscale: 1.218 | outputscale: 1.759 | noise: 0.102
Iter 1530 | Loss: -1266.455 | lengthscale: 1.229 | outputscale: 1.815 | noise: 0.102
Iter 1540 | Loss: -1266.421 | lengthscale: 1.231 | outputscale: 1.816 | noise: 0.102
Iter 1550 | Loss: -1266.411 | lengthscale: 1.224 | outputscale: 1.785 | noise: 0.102
Iter 1560 | Loss: -1266.454 | lengthscale: 1.227 | outputscale: 1.794 | noise: 0.102
Iter 1570 | Loss: -1266.387 | lengthscale: 1.222 | outputscale: 1.764 | noise: 0.102
Iter 1580 | Loss: -1266.333 | lengthscale: 1.220 | outputscale: 1.759 | noise: 0.102
Iter 1590 | Loss: -1266.424 | lengthscale: 1.224 | outputscale: 1.786 | noise: 0.102
Iter 1600 | Loss: -1266.370 | lengthscale: 1.228 | outputscale: 1.802 | noise: 0.102
Iter 1610 | Loss: -1266.451 | lengthscale: 1.227 | outputscale: 1.804 | noise: 0.102
Iter 1620 | Loss: -1266.450 | lengthscale: 1.229 | outputscale: 1.813 | noise: 0.102
Iter 1630 | Loss: -1266.421 | lengthscale: 1.228 | outputscale: 1.805 | noise: 0.102
Iter 1640 | Loss: -1266.424 | lengthscale: 1.227 | outputscale: 1.799 | noise: 0.102
Iter 1650 | Loss: -1266.413 | lengthscale: 1.226 | outputscale: 1.792 | noise: 0.102
Iter 1660 | Loss: -1266.410 | lengthscale: 1.225 | outputscale: 1.785 | noise: 0.102
Iter 1670 | Loss: -1266.410 | lengthscale: 1.224 | outputscale: 1.798 | noise: 0.102
Iter 1680 | Loss: -1266.367 | lengthscale: 1.227 | outputscale: 1.796 | noise: 0.102
Iter 1690 | Loss: -1266.362 | lengthscale: 1.227 | outputscale: 1.790 | noise: 0.102
Iter 1700 | Loss: -1266.419 | lengthscale: 1.226 | outputscale: 1.795 | noise: 0.102
Iter 1710 | Loss: -1266.458 | lengthscale: 1.227 | outputscale: 1.804 | noise: 0.102
Iter 1720 | Loss: -1266.441 | lengthscale: 1.221 | outputscale: 1.772 | noise: 0.102
Iter 1730 | Loss: -1266.422 | lengthscale: 1.224 | outputscale: 1.782 | noise: 0.102
Iter 1740 | Loss: -1266.431 | lengthscale: 1.230 | outputscale: 1.814 | noise: 0.102
Iter 1750 | Loss: -1266.404 | lengthscale: 1.226 | outputscale: 1.798 | noise: 0.102
Iter 1760 | Loss: -1266.380 | lengthscale: 1.222 | outputscale: 1.775 | noise: 0.102
Iter 1770 | Loss: -1266.328 | lengthscale: 1.220 | outputscale: 1.762 | noise: 0.102
Iter 1780 | Loss: -1266.395 | lengthscale: 1.227 | outputscale: 1.798 | noise: 0.102
Iter 1790 | Loss: -1266.427 | lengthscale: 1.232 | outputscale: 1.828 | noise: 0.102
Iter 1800 | Loss: -1266.367 | lengthscale: 1.227 | outputscale: 1.814 | noise: 0.102
Iter 1810 | Loss: -1266.426 | lengthscale: 1.222 | outputscale: 1.773 | noise: 0.102
Iter 1820 | Loss: -1266.352 | lengthscale: 1.220 | outputscale: 1.764 | noise: 0.102
Iter 1830 | Loss: -1266.405 | lengthscale: 1.232 | outputscale: 1.818 | noise: 0.102
Iter 1840 | Loss: -1266.455 | lengthscale: 1.235 | outputscale: 1.836 | noise: 0.102
Iter 1850 | Loss: -1266.374 | lengthscale: 1.234 | outputscale: 1.852 | noise: 0.102
Iter 1860 | Loss: -1266.457 | lengthscale: 1.222 | outputscale: 1.784 | noise: 0.102
Iter 1870 | Loss: -1266.346 | lengthscale: 1.218 | outputscale: 1.733 | noise: 0.102
Iter 1880 | Loss: -1266.370 | lengthscale: 1.222 | outputscale: 1.767 | noise: 0.102
Iter 1890 | Loss: -1266.392 | lengthscale: 1.229 | outputscale: 1.828 | noise: 0.102
Iter 1900 | Loss: -1266.439 | lengthscale: 1.237 | outputscale: 1.855 | noise: 0.102
Iter 1910 | Loss: -1266.449 | lengthscale: 1.234 | outputscale: 1.833 | noise: 0.102
Iter 1920 | Loss: -1266.375 | lengthscale: 1.224 | outputscale: 1.788 | noise: 0.102
Iter 1930 | Loss: -1266.452 | lengthscale: 1.224 | outputscale: 1.784 | noise: 0.102
Iter 1940 | Loss: -1266.377 | lengthscale: 1.226 | outputscale: 1.795 | noise: 0.102
Iter 1950 | Loss: -1266.390 | lengthscale: 1.226 | outputscale: 1.793 | noise: 0.102
Iter 1960 | Loss: -1266.439 | lengthscale: 1.224 | outputscale: 1.778 | noise: 0.102
Iter 1970 | Loss: -1266.332 | lengthscale: 1.219 | outputscale: 1.765 | noise: 0.102
Iter 1980 | Loss: -1266.383 | lengthscale: 1.225 | outputscale: 1.789 | noise: 0.102
Iter 1990 | Loss: -1266.404 | lengthscale: 1.229 | outputscale: 1.815 | noise: 0.102
Iter 2000 | Loss: -1266.420 | lengthscale: 1.228 | outputscale: 1.811 | noise: 0.102
Iter 2010 | Loss: -1266.393 | lengthscale: 1.228 | outputscale: 1.804 | noise: 0.102
Iter 2020 | Loss: -1266.390 | lengthscale: 1.236 | outputscale: 1.844 | noise: 0.102
Iter 2030 | Loss: -1266.430 | lengthscale: 1.226 | outputscale: 1.800 | noise: 0.102
Iter 2040 | Loss: -1266.383 | lengthscale: 1.219 | outputscale: 1.769 | noise: 0.102
Iter 2050 | Loss: -1266.417 | lengthscale: 1.226 | outputscale: 1.788 | noise: 0.102
Iter 2060 | Loss: -1266.366 | lengthscale: 1.230 | outputscale: 1.814 | noise: 0.102
Iter 2070 | Loss: -1266.412 | lengthscale: 1.228 | outputscale: 1.821 | noise: 0.102
Iter 2080 | Loss: -1266.432 | lengthscale: 1.228 | outputscale: 1.809 | noise: 0.102
Iter 2090 | Loss: -1266.411 | lengthscale: 1.228 | outputscale: 1.813 | noise: 0.102
Iter 2100 | Loss: -1266.346 | lengthscale: 1.220 | outputscale: 1.761 | noise: 0.102
Iter 2110 | Loss: -1266.380 | lengthscale: 1.220 | outputscale: 1.760 | noise: 0.102
Iter 2120 | Loss: -1266.401 | lengthscale: 1.227 | outputscale: 1.809 | noise: 0.102
Iter 2130 | Loss: -1266.389 | lengthscale: 1.229 | outputscale: 1.816 | noise: 0.102
Iter 2140 | Loss: -1266.407 | lengthscale: 1.222 | outputscale: 1.776 | noise: 0.102
Iter 2150 | Loss: -1266.487 | lengthscale: 1.223 | outputscale: 1.779 | noise: 0.102
Iter 2160 | Loss: -1266.454 | lengthscale: 1.231 | outputscale: 1.822 | noise: 0.102
Iter 2170 | Loss: -1266.319 | lengthscale: 1.231 | outputscale: 1.831 | noise: 0.102
Iter 2180 | Loss: -1266.461 | lengthscale: 1.230 | outputscale: 1.829 | noise: 0.102
Iter 2190 | Loss: -1266.364 | lengthscale: 1.233 | outputscale: 1.831 | noise: 0.102
Iter 2200 | Loss: -1266.495 | lengthscale: 1.229 | outputscale: 1.816 | noise: 0.102
Iter 2210 | Loss: -1266.336 | lengthscale: 1.224 | outputscale: 1.792 | noise: 0.102
Iter 2220 | Loss: -1266.436 | lengthscale: 1.225 | outputscale: 1.794 | noise: 0.102
Iter 2230 | Loss: -1266.427 | lengthscale: 1.225 | outputscale: 1.788 | noise: 0.102
Iter 2240 | Loss: -1266.428 | lengthscale: 1.228 | outputscale: 1.806 | noise: 0.102
Iter 2250 | Loss: -1266.442 | lengthscale: 1.228 | outputscale: 1.813 | noise: 0.102
Iter 2260 | Loss: -1266.376 | lengthscale: 1.225 | outputscale: 1.789 | noise: 0.102
Iter 2270 | Loss: -1266.422 | lengthscale: 1.230 | outputscale: 1.813 | noise: 0.102
Iter 2280 | Loss: -1266.360 | lengthscale: 1.231 | outputscale: 1.817 | noise: 0.102
Iter 2290 | Loss: -1266.407 | lengthscale: 1.228 | outputscale: 1.808 | noise: 0.102
Iter 2300 | Loss: -1266.436 | lengthscale: 1.229 | outputscale: 1.812 | noise: 0.102
Iter 2310 | Loss: -1266.396 | lengthscale: 1.220 | outputscale: 1.773 | noise: 0.102
Iter 2320 | Loss: -1266.459 | lengthscale: 1.226 | outputscale: 1.787 | noise: 0.102
Iter 2330 | Loss: -1266.413 | lengthscale: 1.223 | outputscale: 1.783 | noise: 0.102
Iter 2340 | Loss: -1266.409 | lengthscale: 1.223 | outputscale: 1.779 | noise: 0.102
Iter 2350 | Loss: -1266.398 | lengthscale: 1.225 | outputscale: 1.782 | noise: 0.102
Iter 2360 | Loss: -1266.479 | lengthscale: 1.230 | outputscale: 1.818 | noise: 0.102
Iter 2370 | Loss: -1266.408 | lengthscale: 1.230 | outputscale: 1.821 | noise: 0.102
Iter 2380 | Loss: -1266.444 | lengthscale: 1.229 | outputscale: 1.812 | noise: 0.102
Iter 2390 | Loss: -1266.438 | lengthscale: 1.225 | outputscale: 1.798 | noise: 0.102
Iter 2400 | Loss: -1266.434 | lengthscale: 1.228 | outputscale: 1.809 | noise: 0.102
Iter 2410 | Loss: -1266.407 | lengthscale: 1.230 | outputscale: 1.809 | noise: 0.102
Iter 2420 | Loss: -1266.381 | lengthscale: 1.223 | outputscale: 1.771 | noise: 0.102
Iter 2430 | Loss: -1266.458 | lengthscale: 1.228 | outputscale: 1.814 | noise: 0.102
Iter 2440 | Loss: -1266.423 | lengthscale: 1.227 | outputscale: 1.804 | noise: 0.102
Iter 2450 | Loss: -1266.405 | lengthscale: 1.221 | outputscale: 1.773 | noise: 0.102
Iter 2460 | Loss: -1266.391 | lengthscale: 1.222 | outputscale: 1.779 | noise: 0.102
Iter 2470 | Loss: -1266.411 | lengthscale: 1.230 | outputscale: 1.814 | noise: 0.102
Iter 2480 | Loss: -1266.377 | lengthscale: 1.231 | outputscale: 1.823 | noise: 0.102
Iter 2490 | Loss: -1266.399 | lengthscale: 1.223 | outputscale: 1.782 | noise: 0.102
Iter 2499 | Loss: -1266.362 | lengthscale: 1.219 | outputscale: 1.761 | noise: 0.102
Learned Hyperparams:  {'lengthscale': 1.2187767028808594, 'outputscale': 1.7607907056808472, 'noise': 0.10153070092201233, 'marginal_likelihood_loss_history': [-808.2967529296875, -819.3653564453125, -830.3448486328125, -841.2376708984375, -852.0401611328125, -862.7545166015625, -873.3765869140625, -883.9014892578125, -894.3262939453125, -904.6466064453125, -914.8609619140625, -924.9627685546875, -934.9591064453125, -944.8402099609375, -954.5987548828125, -964.2342529296875, -973.7506103515625, -983.1312255859375, -992.3841552734375, -1001.5052490234375, -1010.4925537109375, -1019.3350830078125, -1028.0394287109375, -1036.5970458984375, -1045.0030517578125, -1053.2625732421875, -1061.3726806640625, -1069.3162841796875, -1077.1116943359375, -1084.7415771484375, -1092.2232666015625, -1099.5238037109375, -1106.6705322265625, -1113.6470947265625, -1120.4361572265625, -1127.0714111328125, -1133.5443115234375, -1139.8387451171875, -1145.9617919921875, -1151.9090576171875, -1157.6773681640625, -1163.2691650390625, -1168.7034912109375, -1173.9381103515625, -1179.0096435546875, -1183.8944091796875, -1188.6190185546875, -1193.1839599609375, -1197.5538330078125, -1201.7388916015625, -1205.7735595703125, -1209.6546630859375, -1213.3367919921875, -1216.8858642578125, -1220.2567138671875, -1223.4849853515625, -1226.5892333984375, -1229.4827880859375, -1232.2435302734375, -1234.8182373046875, -1237.2945556640625, -1239.6339111328125, -1241.8006591796875, -1243.8729248046875, -1245.8333740234375, -1247.6553955078125, -1249.3453369140625, -1250.9351806640625, -1252.3973388671875, -1253.8026123046875, -1255.0335693359375, -1256.1981201171875, -1257.2735595703125, -1258.2640380859375, -1259.1605224609375, -1259.9237060546875, -1260.7430419921875, -1261.4156494140625, -1262.0513916015625, -1262.5430908203125, -1263.0364990234375, -1263.5296630859375, -1263.8953857421875, -1264.3284912109375, -1264.6390380859375, -1264.9608154296875, -1265.1512451171875, -1265.3763427734375, -1265.5386962890625, -1265.7215576171875, -1265.7845458984375, -1265.8978271484375, -1266.0032958984375, -1266.0780029296875, -1266.1915283203125, -1266.2591552734375, -1266.2825927734375, -1266.2806396484375, -1266.3106689453125, -1266.3260498046875, -1266.3494873046875, -1266.3179931640625, -1266.3646240234375, -1266.4490966796875, -1266.3387451171875, -1266.3802490234375, -1266.3092041015625, -1266.3612060546875, -1266.3084716796875, -1266.3863525390625, -1266.3446044921875, -1266.3206787109375, -1266.2940673828125, -1266.4002685546875, -1266.4034423828125, -1266.3211669921875, -1266.4146728515625, -1266.3270263671875, -1266.3680419921875, -1266.2772216796875, -1266.2960205078125, -1266.3074951171875, -1266.3843994140625, -1266.4139404296875, -1266.4583740234375, -1266.3978271484375, -1266.3626708984375, -1266.3353271484375, -1266.4031982421875, -1266.3343505859375, -1266.4366455078125, -1266.4454345703125, -1266.4534912109375, -1266.3660888671875, -1266.3934326171875, -1266.3843994140625, -1266.3885498046875, -1266.3951416015625, -1266.3853759765625, -1266.3211669921875, -1266.4395751953125, -1266.4730224609375, -1266.4549560546875, -1266.3900146484375, -1266.4530029296875, -1266.3372802734375, -1266.3826904296875, -1266.4010009765625, -1266.4224853515625, -1266.4302978515625, -1266.4652099609375, -1266.3641357421875, -1266.4307861328125, -1266.4080810546875, -1266.4403076171875, -1266.4178466796875, -1266.3961181640625, -1266.4349365234375, -1266.4053955078125, -1266.3897705078125, -1266.4337158203125, -1266.3592529296875, -1266.4241943359375, -1266.3831787109375, -1266.4376220703125, -1266.4156494140625, -1266.4119873046875, -1266.4124755859375, -1266.4432373046875, -1266.3431396484375, -1266.4190673828125, -1266.4315185546875, -1266.3773193359375, -1266.3983154296875, -1266.3695068359375, -1266.4354248046875, -1266.3912353515625, -1266.3983154296875, -1266.4283447265625, -1266.4407958984375, -1266.3602294921875, -1266.4075927734375, -1266.3594970703125, -1266.4178466796875, -1266.4403076171875, -1266.4095458984375, -1266.4593505859375, -1266.4573974609375, -1266.4366455078125, -1266.4622802734375, -1266.3995361328125, -1266.4100341796875, -1266.4305419921875, -1266.4495849609375, -1266.4490966796875, -1266.3924560546875, -1266.3939208984375, -1266.4620361328125, -1266.3680419921875, -1266.4334716796875, -1266.3846435546875, -1266.3763427734375, -1266.3768310546875, -1266.4642333984375, -1266.4383544921875, -1266.4100341796875, -1266.4290771484375, -1266.3751220703125, -1266.3746337890625, -1266.4266357421875, -1266.4381103515625, -1266.4376220703125, -1266.3421630859375, -1266.3973388671875, -1266.3795166015625, -1266.4154052734375, -1266.4129638671875, -1266.4288330078125, -1266.4583740234375, -1266.4090576171875, -1266.4393310546875, -1266.3385009765625, -1266.3909912109375, -1266.4251708984375, -1266.4173583984375, -1266.4346923828125, -1266.3905029296875, -1266.4376220703125, -1266.3748779296875, -1266.4124755859375, -1266.4202880859375, -1266.3739013671875, -1266.3992919921875, -1266.3873291015625, -1266.4197998046875, -1266.4598388671875, -1266.3956298828125, -1266.4405517578125, -1266.4012451171875, -1266.3663330078125, -1266.3729248046875, -1266.4398193359375, -1266.4344482421875, -1266.4002685546875, -1266.3868408203125, -1266.4647216796875, -1266.4149169921875, -1266.4019775390625, -1266.4385986328125, -1266.4212646484375, -1266.4432373046875, -1266.3856201171875, -1266.4217529296875, -1266.3529052734375, -1266.4041748046875, -1266.3746337890625, -1266.4515380859375, -1266.4107666015625, -1266.3927001953125, -1266.4268798828125, -1266.4088134765625, -1266.4000244140625, -1266.3131103515625, -1266.3883056640625, -1266.4114990234375, -1266.3670654296875, -1266.3836669921875, -1266.4007568359375, -1266.3782958984375, -1266.3990478515625, -1266.4036865234375, -1266.4227294921875, -1266.4283447265625, -1266.3504638671875, -1266.3587646484375, -1266.4288330078125, -1266.4332275390625, -1266.3475341796875, -1266.3475341796875, -1266.3748779296875, -1266.3873291015625, -1266.4071044921875, -1266.4012451171875, -1266.4583740234375, -1266.4324951171875, -1266.3514404296875, -1266.3680419921875, -1266.3914794921875, -1266.3572998046875, -1266.4244384765625, -1266.4154052734375, -1266.4373779296875, -1266.3890380859375, -1266.4019775390625, -1266.4578857421875, -1266.4266357421875, -1266.3839111328125, -1266.4176025390625, -1266.3958740234375, -1266.3392333984375, -1266.3968505859375, -1266.4515380859375, -1266.4681396484375, -1266.4193115234375, -1266.4278564453125, -1266.4393310546875, -1266.3646240234375, -1266.3665771484375, -1266.4635009765625, -1266.4359130859375, -1266.4295654296875, -1266.4334716796875, -1266.4290771484375, -1266.4407958984375, -1266.4617919921875, -1266.3236083984375, -1266.4124755859375, -1266.3709716796875, -1266.3807373046875, -1266.3411865234375, -1266.4246826171875, -1266.4383544921875, -1266.4085693359375, -1266.4305419921875, -1266.4256591796875, -1266.4102783203125, -1266.3721923828125, -1266.4232177734375, -1266.4022216796875, -1266.4129638671875, -1266.4002685546875, -1266.4022216796875, -1266.4097900390625, -1266.4129638671875, -1266.4393310546875, -1266.3807373046875, -1266.3997802734375, -1266.3778076171875, -1266.4217529296875, -1266.4422607421875, -1266.4652099609375, -1266.4193115234375, -1266.3946533203125, -1266.3856201171875, -1266.4432373046875, -1266.4544677734375, -1266.4259033203125, -1266.3829345703125, -1266.4239501953125, -1266.4139404296875, -1266.3902587890625, -1266.3880615234375, -1266.4232177734375, -1266.3941650390625, -1266.4527587890625, -1266.4591064453125, -1266.4088134765625, -1266.3826904296875, -1266.4202880859375, -1266.4564208984375, -1266.3739013671875, -1266.4031982421875, -1266.4078369140625, -1266.4139404296875, -1266.4139404296875, -1266.4114990234375, -1266.4334716796875, -1266.3670654296875, -1266.3438720703125, -1266.4051513671875, -1266.4376220703125, -1266.4068603515625, -1266.3900146484375, -1266.4400634765625, -1266.4254150390625, -1266.4532470703125, -1266.4381103515625, -1266.4212646484375, -1266.3995361328125, -1266.4168701171875, -1266.4173583984375, -1266.4071044921875, -1266.4178466796875, -1266.3734130859375, -1266.3504638671875, -1266.4036865234375, -1266.4222412109375, -1266.4224853515625, -1266.3973388671875, -1266.3944091796875, -1266.4100341796875, -1266.4112548828125, -1266.4071044921875, -1266.4146728515625, -1266.3446044921875, -1266.3338623046875, -1266.4691162109375, -1266.4281005859375, -1266.4127197265625, -1266.4544677734375, -1266.3953857421875, -1266.3602294921875, -1266.3138427734375, -1266.4202880859375, -1266.4266357421875, -1266.3836669921875, -1266.4007568359375, -1266.3917236328125, -1266.3553466796875, -1266.4046630859375, -1266.4576416015625, -1266.3878173828125, -1266.3734130859375, -1266.3819580078125, -1266.3978271484375, -1266.4246826171875, -1266.4263916015625, -1266.4510498046875, -1266.4183349609375, -1266.3905029296875, -1266.3577880859375, -1266.4456787109375, -1266.4188232421875, -1266.4310302734375, -1266.4241943359375, -1266.3763427734375, -1266.3934326171875, -1266.4193115234375, -1266.4031982421875, -1266.4188232421875, -1266.4002685546875, -1266.3504638671875, -1266.4542236328125, -1266.4290771484375, -1266.3883056640625, -1266.4320068359375, -1266.3455810546875, -1266.4149169921875, -1266.4339599609375, -1266.3426513671875, -1266.3822021484375, -1266.3636474609375, -1266.4381103515625, -1266.3370361328125, -1266.3831787109375, -1266.3543701171875, -1266.3800048828125, -1266.4520263671875, -1266.3936767578125, -1266.3739013671875, -1266.3836669921875, -1266.4427490234375, -1266.4251708984375, -1266.4344482421875, -1266.3785400390625, -1266.4178466796875, -1266.4327392578125, -1266.3875732421875, -1266.4066162109375, -1266.4283447265625, -1266.3817138671875, -1266.3590087890625, -1266.3538818359375, -1266.4093017578125, -1266.4329833984375, -1266.3695068359375, -1266.4197998046875, -1266.4246826171875, -1266.3607177734375, -1266.3909912109375, -1266.3736572265625, -1266.4012451171875, -1266.4466552734375, -1266.4122314453125, -1266.3538818359375, -1266.3768310546875, -1266.3773193359375, -1266.3704833984375, -1266.4237060546875, -1266.4437255859375, -1266.3680419921875, -1266.3919677734375, -1266.4273681640625, -1266.4012451171875, -1266.4173583984375, -1266.4342041015625, -1266.3758544921875, -1266.3963623046875, -1266.4346923828125, -1266.4276123046875, -1266.3656005859375, -1266.4564208984375, -1266.3758544921875, -1266.3751220703125, -1266.3851318359375, -1266.4139404296875, -1266.4212646484375, -1266.4139404296875, -1266.3975830078125, -1266.3873291015625, -1266.3592529296875, -1266.3856201171875, -1266.4163818359375, -1266.4310302734375, -1266.4244384765625, -1266.4097900390625, -1266.3504638671875, -1266.3680419921875, -1266.3690185546875, -1266.4342041015625, -1266.4451904296875, -1266.4046630859375, -1266.3294677734375, -1266.2725830078125, -1266.3504638671875, -1266.4447021484375, -1266.3900146484375, -1266.4044189453125, -1266.3551025390625, -1266.3604736328125, -1266.3741455078125, -1266.3753662109375, -1266.4154052734375, -1266.4095458984375, -1266.4266357421875, -1266.3724365234375, -1266.3582763671875, -1266.3724365234375, -1266.4024658203125, -1266.4432373046875, -1266.4691162109375, -1266.3448486328125, -1266.3914794921875, -1266.3934326171875, -1266.4017333984375, -1266.3621826171875, -1266.4071044921875, -1266.4112548828125, -1266.3729248046875, -1266.4190673828125, -1266.4398193359375, -1266.4100341796875, -1266.4188232421875, -1266.4266357421875, -1266.4537353515625, -1266.4442138671875, -1266.3983154296875, -1266.4422607421875, -1266.4237060546875, -1266.4378662109375, -1266.5001220703125, -1266.3736572265625, -1266.4356689453125, -1266.4156494140625, -1266.3641357421875, -1266.3851318359375, -1266.3702392578125, -1266.4466552734375, -1266.3961181640625, -1266.3753662109375, -1266.4232177734375, -1266.4537353515625, -1266.4354248046875, -1266.3778076171875, -1266.4075927734375, -1266.4136962890625, -1266.4154052734375, -1266.4259033203125, -1266.4378662109375, -1266.3875732421875, -1266.3878173828125, -1266.3875732421875, -1266.4478759765625, -1266.4261474609375, -1266.4598388671875, -1266.4039306640625, -1266.3817138671875, -1266.3948974609375, -1266.4515380859375, -1266.4378662109375, -1266.3826904296875, -1266.4100341796875, -1266.4361572265625, -1266.4459228515625, -1266.3929443359375, -1266.3734130859375, -1266.4158935546875, -1266.4398193359375, -1266.4442138671875, -1266.3873291015625, -1266.4022216796875, -1266.3739013671875, -1266.4390869140625, -1266.4683837890625, -1266.4329833984375, -1266.4329833984375, -1266.4019775390625, -1266.3502197265625, -1266.4334716796875, -1266.4051513671875, -1266.4344482421875, -1266.4036865234375, -1266.3741455078125, -1266.3992919921875, -1266.4207763671875, -1266.3992919921875, -1266.4525146484375, -1266.4393310546875, -1266.3792724609375, -1266.3853759765625, -1266.4071044921875, -1266.4754638671875, -1266.3804931640625, -1266.3819580078125, -1266.4564208984375, -1266.4197998046875, -1266.4075927734375, -1266.3492431640625, -1266.3621826171875, -1266.4166259765625, -1266.3963623046875, -1266.4197998046875, -1266.4112548828125, -1266.3973388671875, -1266.4427490234375, -1266.3875732421875, -1266.4415283203125, -1266.3470458984375, -1266.3677978515625, -1266.3909912109375, -1266.4002685546875, -1266.3529052734375, -1266.4791259765625, -1266.4041748046875, -1266.3936767578125, -1266.4246826171875, -1266.4569091796875, -1266.4410400390625, -1266.3878173828125, -1266.3665771484375, -1266.4537353515625, -1266.3851318359375, -1266.4505615234375, -1266.4036865234375, -1266.4295654296875, -1266.4168701171875, -1266.4261474609375, -1266.4239501953125, -1266.4373779296875, -1266.4171142578125, -1266.3104248046875, -1266.4442138671875, -1266.4154052734375, -1266.3934326171875, -1266.4512939453125, -1266.3968505859375, -1266.3626708984375, -1266.4241943359375, -1266.3695068359375, -1266.3470458984375, -1266.4390869140625, -1266.4432373046875, -1266.3946533203125, -1266.4449462890625, -1266.3709716796875, -1266.3616943359375, -1266.4718017578125, -1266.3968505859375, -1266.5155029296875, -1266.4329833984375, -1266.4012451171875, -1266.3905029296875, -1266.3773193359375, -1266.3909912109375, -1266.4022216796875, -1266.4310302734375, -1266.3660888671875, -1266.3609619140625, -1266.4110107421875, -1266.4156494140625, -1266.4017333984375, -1266.4429931640625, -1266.4244384765625, -1266.4527587890625, -1266.3753662109375, -1266.4012451171875, -1266.3880615234375, -1266.4190673828125, -1266.4364013671875, -1266.4617919921875, -1266.4017333984375, -1266.4222412109375, -1266.4056396484375, -1266.4490966796875, -1266.4205322265625, -1266.4036865234375, -1266.4647216796875, -1266.4522705078125, -1266.4188232421875, -1266.4007568359375, -1266.3785400390625, -1266.4210205078125, -1266.4285888671875, -1266.3568115234375, -1266.4002685546875, -1266.4241943359375, -1266.4285888671875, -1266.4073486328125, -1266.4083251953125, -1266.4100341796875, -1266.3646240234375, -1266.3946533203125, -1266.4031982421875, -1266.3863525390625, -1266.4305419921875, -1266.4571533203125, -1266.3768310546875, -1266.4327392578125, -1266.4095458984375, -1266.4273681640625, -1266.3946533203125, -1266.4254150390625, -1266.4105224609375, -1266.3880615234375, -1266.4246826171875, -1266.4517822265625, -1266.4193115234375, -1266.4503173828125, -1266.4422607421875, -1266.3875732421875, -1266.4305419921875, -1266.4168701171875, -1266.4022216796875, -1266.4066162109375, -1266.4334716796875, -1266.4632568359375, -1266.3912353515625, -1266.4385986328125, -1266.4010009765625, -1266.3699951171875, -1266.3834228515625, -1266.4403076171875, -1266.3873291015625, -1266.4503173828125, -1266.3944091796875, -1266.3922119140625, -1266.4080810546875, -1266.3826904296875, -1266.3985595703125, -1266.3651123046875, -1266.3526611328125, -1266.4080810546875, -1266.4053955078125, -1266.4669189453125, -1266.4647216796875, -1266.3568115234375, -1266.3673095703125, -1266.4022216796875, -1266.3905029296875, -1266.4158935546875, -1266.3807373046875, -1266.4173583984375, -1266.3531494140625, -1266.3284912109375, -1266.4066162109375, -1266.4383544921875, -1266.4193115234375, -1266.3924560546875, -1266.3980712890625, -1266.3656005859375, -1266.4100341796875, -1266.3944091796875, -1266.4158935546875, -1266.4412841796875, -1266.4459228515625, -1266.4544677734375, -1266.4312744140625, -1266.4727783203125, -1266.3721923828125, -1266.4095458984375, -1266.3585205078125, -1266.4332275390625, -1266.4173583984375, -1266.3873291015625, -1266.4273681640625, -1266.3763427734375, -1266.4456787109375, -1266.3948974609375, -1266.3902587890625, -1266.4471435546875, -1266.4359130859375, -1266.4127197265625, -1266.3892822265625, -1266.3792724609375, -1266.3487548828125, -1266.4129638671875, -1266.3826904296875, -1266.4224853515625, -1266.3924560546875, -1266.4205322265625, -1266.3961181640625, -1266.3773193359375, -1266.3697509765625, -1266.4154052734375, -1266.3699951171875, -1266.4188232421875, -1266.4017333984375, -1266.3450927734375, -1266.4049072265625, -1266.3826904296875, -1266.4759521484375, -1266.4178466796875, -1266.3905029296875, -1266.4163818359375, -1266.3865966796875, -1266.4002685546875, -1266.4281005859375, -1266.3487548828125, -1266.3875732421875, -1266.3289794921875, -1266.3858642578125, -1266.4415283203125, -1266.4190673828125, -1266.3729248046875, -1266.4197998046875, -1266.4371337890625, -1266.4364013671875, -1266.4295654296875, -1266.4173583984375, -1266.4537353515625, -1266.4334716796875, -1266.4197998046875, -1266.4139404296875, -1266.4259033203125, -1266.4080810546875, -1266.3643798828125, -1266.4503173828125, -1266.4083251953125, -1266.3768310546875, -1266.4520263671875, -1266.3912353515625, -1266.4652099609375, -1266.4801025390625, -1266.4686279296875, -1266.3394775390625, -1266.3975830078125, -1266.4066162109375, -1266.4095458984375, -1266.4058837890625, -1266.3538818359375, -1266.4007568359375, -1266.3900146484375, -1266.3802490234375, -1266.4288330078125, -1266.4097900390625, -1266.4093017578125, -1266.4263916015625, -1266.4202880859375, -1266.4061279296875, -1266.4075927734375, -1266.4437255859375, -1266.3983154296875, -1266.4681396484375, -1266.3609619140625, -1266.4249267578125, -1266.4676513671875, -1266.3914794921875, -1266.4176025390625, -1266.4183349609375, -1266.4466552734375, -1266.3721923828125, -1266.4027099609375, -1266.4039306640625, -1266.4527587890625, -1266.3970947265625, -1266.3900146484375, -1266.4195556640625, -1266.4324951171875, -1266.4210205078125, -1266.3538818359375, -1266.4239501953125, -1266.4300537109375, -1266.3717041015625, -1266.3817138671875, -1266.4093017578125, -1266.4447021484375, -1266.3997802734375, -1266.4688720703125, -1266.3494873046875, -1266.3983154296875, -1266.4197998046875, -1266.3680419921875, -1266.4681396484375, -1266.4034423828125, -1266.3685302734375, -1266.4429931640625, -1266.4439697265625, -1266.3961181640625, -1266.4451904296875, -1266.3739013671875, -1266.4383544921875, -1266.3670654296875, -1266.4256591796875, -1266.3939208984375, -1266.3961181640625, -1266.3511962890625, -1266.3992919921875, -1266.4027099609375, -1266.4432373046875, -1266.4837646484375, -1266.3355712890625, -1266.4234619140625, -1266.3790283203125, -1266.3936767578125, -1266.3514404296875, -1266.3538818359375, -1266.4627685546875, -1266.4114990234375, -1266.4525146484375, -1266.3822021484375, -1266.3690185546875, -1266.3372802734375, -1266.4520263671875, -1266.4227294921875, -1266.4073486328125, -1266.3280029296875, -1266.4014892578125, -1266.4324951171875, -1266.4544677734375, -1266.3787841796875, -1266.4017333984375, -1266.4339599609375, -1266.4031982421875, -1266.4476318359375, -1266.4012451171875, -1266.4705810546875, -1266.4483642578125, -1266.3685302734375, -1266.3797607421875, -1266.4119873046875, -1266.3533935546875, -1266.3951416015625, -1266.4366455078125, -1266.4178466796875, -1266.4073486328125, -1266.3822021484375, -1266.4010009765625, -1266.3797607421875, -1266.3839111328125, -1266.4564208984375, -1266.3836669921875, -1266.4271240234375, -1266.3929443359375, -1266.4554443359375, -1266.3636474609375, -1266.3858642578125, -1266.4085693359375, -1266.4281005859375, -1266.3929443359375, -1266.3670654296875, -1266.4110107421875, -1266.4168701171875, -1266.3846435546875, -1266.3978271484375, -1266.3541259765625, -1266.3934326171875, -1266.3638916015625, -1266.3927001953125, -1266.3455810546875, -1266.3612060546875, -1266.4217529296875, -1266.4007568359375, -1266.4456787109375, -1266.3729248046875, -1266.3211669921875, -1266.3612060546875, -1266.4310302734375, -1266.4417724609375, -1266.4114990234375, -1266.3480224609375, -1266.2772216796875, -1266.4549560546875, -1266.4197998046875, -1266.3865966796875, -1266.4124755859375, -1266.3489990234375, -1266.4134521484375, -1266.4241943359375, -1266.3988037109375, -1266.4124755859375, -1266.3612060546875, -1266.3363037109375, -1266.4698486328125, -1266.4053955078125, -1266.3636474609375, -1266.3626708984375, -1266.4227294921875, -1266.3822021484375, -1266.4017333984375, -1266.4488525390625, -1266.4295654296875, -1266.4197998046875, -1266.3958740234375, -1266.3804931640625, -1266.4154052734375, -1266.4249267578125, -1266.4320068359375, -1266.3890380859375, -1266.4315185546875, -1266.4676513671875, -1266.4244384765625, -1266.3985595703125, -1266.4442138671875, -1266.3792724609375, -1266.4215087890625, -1266.3875732421875, -1266.4049072265625, -1266.3934326171875, -1266.4473876953125, -1266.4071044921875, -1266.3875732421875, -1266.3953857421875, -1266.3616943359375, -1266.3741455078125, -1266.4625244140625, -1266.3907470703125, -1266.4368896484375, -1266.3880615234375, -1266.4119873046875, -1266.3870849609375, -1266.4622802734375, -1266.3594970703125, -1266.3829345703125, -1266.4412841796875, -1266.4595947265625, -1266.4044189453125, -1266.3966064453125, -1266.3580322265625, -1266.3802490234375, -1266.4410400390625, -1266.4478759765625, -1266.3968505859375, -1266.3851318359375, -1266.3773193359375, -1266.3377685546875, -1266.4012451171875, -1266.4603271484375, -1266.4176025390625, -1266.4241943359375, -1266.4197998046875, -1266.4354248046875, -1266.4798583984375, -1266.4454345703125, -1266.4322509765625, -1266.4415283203125, -1266.3988037109375, -1266.4066162109375, -1266.4398193359375, -1266.4012451171875, -1266.4288330078125, -1266.4324951171875, -1266.4241943359375, -1266.4193115234375, -1266.4007568359375, -1266.3607177734375, -1266.4417724609375, -1266.4129638671875, -1266.3719482421875, -1266.4217529296875, -1266.4193115234375, -1266.3675537109375, -1266.4298095703125, -1266.4075927734375, -1266.3909912109375, -1266.3756103515625, -1266.4249267578125, -1266.4017333984375, -1266.4566650390625, -1266.3487548828125, -1266.3909912109375, -1266.4256591796875, -1266.4163818359375, -1266.4180908203125, -1266.4493408203125, -1266.3895263671875, -1266.3905029296875, -1266.3865966796875, -1266.4737548828125, -1266.4324951171875, -1266.4605712890625, -1266.3765869140625, -1266.3912353515625, -1266.3836669921875, -1266.4268798828125, -1266.4002685546875, -1266.4693603515625, -1266.3839111328125, -1266.4129638671875, -1266.4075927734375, -1266.3675537109375, -1266.4483642578125, -1266.3856201171875, -1266.4383544921875, -1266.4136962890625, -1266.3856201171875, -1266.4693603515625, -1266.4569091796875, -1266.4237060546875, -1266.3912353515625, -1266.3487548828125, -1266.3973388671875, -1266.3802490234375, -1266.4364013671875, -1266.4207763671875, -1266.3543701171875, -1266.4041748046875, -1266.4188232421875, -1266.3775634765625, -1266.3739013671875, -1266.3638916015625, -1266.3817138671875, -1266.4180908203125, -1266.4144287109375, -1266.4185791015625, -1266.4012451171875, -1266.3758544921875, -1266.4202880859375, -1266.4935302734375, -1266.4505615234375, -1266.4305419921875, -1266.4195556640625, -1266.3939208984375, -1266.4671630859375, -1266.3846435546875, -1266.4163818359375, -1266.3992919921875, -1266.4075927734375, -1266.4715576171875, -1266.3836669921875, -1266.3448486328125, -1266.3934326171875, -1266.3570556640625, -1266.4329833984375, -1266.4144287109375, -1266.4173583984375, -1266.4803466796875, -1266.3846435546875, -1266.4173583984375, -1266.4061279296875, -1266.4351806640625, -1266.3917236328125, -1266.3985595703125, -1266.3865966796875, -1266.4217529296875, -1266.4010009765625, -1266.3602294921875, -1266.4278564453125, -1266.4935302734375, -1266.4049072265625, -1266.4422607421875, -1266.4344482421875, -1266.3968505859375, -1266.4481201171875, -1266.4202880859375, -1266.4234619140625, -1266.4041748046875, -1266.4012451171875, -1266.4154052734375, -1266.3831787109375, -1266.3939208984375, -1266.4461669921875, -1266.4317626953125, -1266.3514404296875, -1266.3621826171875, -1266.4769287109375, -1266.3680419921875, -1266.3597412109375, -1266.3497314453125, -1266.3656005859375, -1266.3175048828125, -1266.4244384765625, -1266.4031982421875, -1266.4266357421875, -1266.4049072265625, -1266.4022216796875, -1266.4163818359375, -1266.3392333984375, -1266.3653564453125, -1266.4083251953125, -1266.4334716796875, -1266.4034423828125, -1266.4107666015625, -1266.4266357421875, -1266.4461669921875, -1266.4417724609375, -1266.4786376953125, -1266.3631591796875, -1266.4119873046875, -1266.3963623046875, -1266.3775634765625, -1266.3890380859375, -1266.3905029296875, -1266.3333740234375, -1266.3809814453125, -1266.3118896484375, -1266.3878173828125, -1266.4005126953125, -1266.3736572265625, -1266.4508056640625, -1266.3990478515625, -1266.4068603515625, -1266.3907470703125, -1266.3885498046875, -1266.3709716796875, -1266.4014892578125, -1266.3746337890625, -1266.3851318359375, -1266.4044189453125, -1266.4261474609375, -1266.4600830078125, -1266.4530029296875, -1266.3660888671875, -1266.4329833984375, -1266.4188232421875, -1266.3704833984375, -1266.4075927734375, -1266.4124755859375, -1266.4114990234375, -1266.3651123046875, -1266.3529052734375, -1266.4339599609375, -1266.4403076171875, -1266.3929443359375, -1266.3470458984375, -1266.3629150390625, -1266.3673095703125, -1266.4324951171875, -1266.4202880859375, -1266.4207763671875, -1266.3765869140625, -1266.3900146484375, -1266.4107666015625, -1266.4512939453125, -1266.4149169921875, -1266.4156494140625, -1266.4019775390625, -1266.3736572265625, -1266.3919677734375, -1266.4356689453125, -1266.4244384765625, -1266.4281005859375, -1266.4232177734375, -1266.3621826171875, -1266.4627685546875, -1266.4329833984375, -1266.3963623046875, -1266.4063720703125, -1266.4310302734375, -1266.4581298828125, -1266.3929443359375, -1266.4415283203125, -1266.4307861328125, -1266.4500732421875, -1266.3153076171875, -1266.4578857421875, -1266.3885498046875, -1266.3470458984375, -1266.4012451171875, -1266.3597412109375, -1266.4698486328125, -1266.4466552734375, -1266.3509521484375, -1266.3665771484375, -1266.4197998046875, -1266.4530029296875, -1266.4215087890625, -1266.4376220703125, -1266.4263916015625, -1266.4012451171875, -1266.3875732421875, -1266.3529052734375, -1266.3973388671875, -1266.4334716796875, -1266.3975830078125, -1266.4185791015625, -1266.3455810546875, -1266.4163818359375, -1266.3917236328125, -1266.3765869140625, -1266.4395751953125, -1266.3614501953125, -1266.2977294921875, -1266.3551025390625, -1266.3807373046875, -1266.4183349609375, -1266.4031982421875, -1266.4246826171875, -1266.4080810546875, -1266.4559326171875, -1266.4471435546875, -1266.3883056640625, -1266.4251708984375, -1266.3743896484375, -1266.4061279296875, -1266.4417724609375, -1266.4227294921875, -1266.4110107421875, -1266.4722900390625, -1266.3875732421875, -1266.3326416015625, -1266.4180908203125, -1266.4390869140625, -1266.4437255859375, -1266.4730224609375, -1266.3382568359375, -1266.4251708984375, -1266.4129638671875, -1266.4327392578125, -1266.4066162109375, -1266.4627685546875, -1266.4014892578125, -1266.3802490234375, -1266.4534912109375, -1266.3865966796875, -1266.3834228515625, -1266.4315185546875, -1266.4027099609375, -1266.3922119140625, -1266.3602294921875, -1266.4603271484375, -1266.3861083984375, -1266.4022216796875, -1266.3992919921875, -1266.4129638671875, -1266.4559326171875, -1266.4066162109375, -1266.3743896484375, -1266.3663330078125, -1266.4376220703125, -1266.3948974609375, -1266.4224853515625, -1266.3487548828125, -1266.3472900390625, -1266.3568115234375, -1266.4249267578125, -1266.4010009765625, -1266.4193115234375, -1266.3997802734375, -1266.3970947265625, -1266.2977294921875, -1266.3743896484375, -1266.4051513671875, -1266.4144287109375, -1266.4539794921875, -1266.3521728515625, -1266.3304443359375, -1266.3680419921875, -1266.4071044921875, -1266.4246826171875, -1266.3321533203125, -1266.3704833984375, -1266.3624267578125, -1266.4315185546875, -1266.4237060546875, -1266.4232177734375, -1266.4412841796875, -1266.3636474609375, -1266.3753662109375, -1266.3831787109375, -1266.4359130859375, -1266.4180908203125, -1266.3914794921875, -1266.3699951171875, -1266.3822021484375, -1266.3123779296875, -1266.4251708984375, -1266.4117431640625, -1266.4454345703125, -1266.4124755859375, -1266.4061279296875, -1266.3243408203125, -1266.3841552734375, -1266.4090576171875, -1266.4329833984375, -1266.3509521484375, -1266.3580322265625, -1266.3306884765625, -1266.4112548828125, -1266.4163818359375, -1266.4251708984375, -1266.4017333984375, -1266.4095458984375, -1266.3231201171875, -1266.3961181640625, -1266.4173583984375, -1266.4368896484375, -1266.3782958984375, -1266.4017333984375, -1266.4610595703125, -1266.4659423828125, -1266.3800048828125, -1266.4730224609375, -1266.3807373046875, -1266.3370361328125, -1266.4212646484375, -1266.3988037109375, -1266.4034423828125, -1266.4144287109375, -1266.3834228515625, -1266.3992919921875, -1266.4007568359375, -1266.4451904296875, -1266.4263916015625, -1266.3612060546875, -1266.3963623046875, -1266.4415283203125, -1266.3524169921875, -1266.4066162109375, -1266.4066162109375, -1266.4500732421875, -1266.4405517578125, -1266.4129638671875, -1266.3707275390625, -1266.4019775390625, -1266.3658447265625, -1266.3997802734375, -1266.3905029296875, -1266.4300537109375, -1266.4114990234375, -1266.4486083984375, -1266.3856201171875, -1266.4090576171875, -1266.4102783203125, -1266.4100341796875, -1266.4051513671875, -1266.4715576171875, -1266.4088134765625, -1266.4376220703125, -1266.4200439453125, -1266.4290771484375, -1266.4608154296875, -1266.3653564453125, -1266.3846435546875, -1266.3350830078125, -1266.3843994140625, -1266.4276123046875, -1266.4320068359375, -1266.3802490234375, -1266.3319091796875, -1266.3804931640625, -1266.3773193359375, -1266.4246826171875, -1266.3973388671875, -1266.3944091796875, -1266.3209228515625, -1266.3948974609375, -1266.4407958984375, -1266.4483642578125, -1266.4119873046875, -1266.3187255859375, -1266.3680419921875, -1266.4173583984375, -1266.4168701171875, -1266.3675537109375, -1266.4276123046875, -1266.3397216796875, -1266.3284912109375, -1266.3956298828125, -1266.3746337890625, -1266.4180908203125, -1266.3724365234375, -1266.3460693359375, -1266.3934326171875, -1266.4781494140625, -1266.4302978515625, -1266.4002685546875, -1266.3875732421875, -1266.4305419921875, -1266.3978271484375, -1266.3846435546875, -1266.3243408203125, -1266.4139404296875, -1266.4620361328125, -1266.4180908203125, -1266.3695068359375, -1266.3489990234375, -1266.3814697265625, -1266.3563232421875, -1266.3973388671875, -1266.3592529296875, -1266.3394775390625, -1266.3966064453125, -1266.4442138671875, -1266.4329833984375, -1266.4368896484375, -1266.3934326171875, -1266.4368896484375, -1266.3948974609375, -1266.3529052734375, -1266.4061279296875, -1266.4173583984375, -1266.4027099609375, -1266.4781494140625, -1266.3787841796875, -1266.3992919921875, -1266.4105224609375, -1266.3880615234375, -1266.3670654296875, -1266.3895263671875, -1266.3385009765625, -1266.3426513671875, -1266.3726806640625, -1266.4058837890625, -1266.3050537109375, -1266.3416748046875, -1266.3878173828125, -1266.3443603515625, -1266.4044189453125, -1266.4329833984375, -1266.3426513671875, -1266.3565673828125, -1266.3406982421875, -1266.3753662109375, -1266.3948974609375, -1266.4278564453125, -1266.4085693359375, -1266.3870849609375, -1266.4197998046875, -1266.3782958984375, -1266.4217529296875, -1266.4549560546875, -1266.4578857421875, -1266.3841552734375, -1266.4510498046875, -1266.3929443359375, -1266.4078369140625, -1266.3817138671875, -1266.3873291015625, -1266.4490966796875, -1266.4420166015625, -1266.4212646484375, -1266.3807373046875, -1266.4041748046875, -1266.4422607421875, -1266.3846435546875, -1266.3375244140625, -1266.4410400390625, -1266.4117431640625, -1266.4420166015625, -1266.3885498046875, -1266.4105224609375, -1266.3958740234375, -1266.3812255859375, -1266.4097900390625, -1266.4132080078125, -1266.3792724609375, -1266.3958740234375, -1266.3919677734375, -1266.3675537109375, -1266.4283447265625, -1266.4542236328125, -1266.4447021484375, -1266.4195556640625, -1266.4158935546875, -1266.4046630859375, -1266.3948974609375, -1266.3724365234375, -1266.3907470703125, -1266.3548583984375, -1266.3389892578125, -1266.3870849609375, -1266.3712158203125, -1266.3875732421875, -1266.3499755859375, -1266.3663330078125, -1266.3680419921875, -1266.4266357421875, -1266.3695068359375, -1266.4305419921875, -1266.3187255859375, -1266.3328857421875, -1266.3280029296875, -1266.3970947265625, -1266.4320068359375, -1266.3338623046875, -1266.3465576171875, -1266.3941650390625, -1266.4227294921875, -1266.3914794921875, -1266.3284912109375, -1266.4237060546875, -1266.3726806640625, -1266.4188232421875, -1266.4234619140625, -1266.4046630859375, -1266.3575439453125, -1266.4002685546875, -1266.3914794921875, -1266.4173583984375, -1266.4090576171875, -1266.3699951171875, -1266.3944091796875, -1266.3958740234375, -1266.4495849609375, -1266.3909912109375, -1266.4356689453125, -1266.4498291015625, -1266.4398193359375, -1266.4556884765625, -1266.4305419921875, -1266.4505615234375, -1266.4268798828125, -1266.3782958984375, -1266.4361572265625, -1266.3846435546875, -1266.4112548828125, -1266.4876708984375, -1266.4713134765625, -1266.4114990234375, -1266.4256591796875, -1266.4500732421875, -1266.4031982421875, -1266.3822021484375, -1266.4476318359375, -1266.4197998046875, -1266.4298095703125, -1266.4105224609375, -1266.4571533203125, -1266.4942626953125, -1266.4232177734375, -1266.4205322265625, -1266.4730224609375, -1266.3856201171875, -1266.4412841796875, -1266.3201904296875, -1266.3616943359375, -1266.4090576171875, -1266.4010009765625, -1266.4095458984375, -1266.3760986328125, -1266.4244384765625, -1266.4149169921875, -1266.4039306640625, -1266.4071044921875, -1266.3568115234375, -1266.3988037109375, -1266.4036865234375, -1266.3948974609375, -1266.3980712890625, -1266.3514404296875, -1266.4129638671875, -1266.4195556640625, -1266.4136962890625, -1266.4215087890625, -1266.4481201171875, -1266.4163818359375, -1266.4407958984375, -1266.4339599609375, -1266.3919677734375, -1266.4022216796875, -1266.4097900390625, -1266.3905029296875, -1266.4429931640625, -1266.3946533203125, -1266.4329833984375, -1266.3509521484375, -1266.3902587890625, -1266.4227294921875, -1266.4276123046875, -1266.4373779296875, -1266.4095458984375, -1266.3909912109375, -1266.4088134765625, -1266.4149169921875, -1266.4156494140625, -1266.4090576171875, -1266.4310302734375, -1266.3450927734375, -1266.3582763671875, -1266.4559326171875, -1266.3665771484375, -1266.4056396484375, -1266.3919677734375, -1266.3380126953125, -1266.3802490234375, -1266.4010009765625, -1266.4432373046875, -1266.3328857421875, -1266.4320068359375, -1266.3861083984375, -1266.3621826171875, -1266.3963623046875, -1266.4114990234375, -1266.3831787109375, -1266.3880615234375, -1266.3763427734375, -1266.3968505859375, -1266.4534912109375, -1266.3616943359375, -1266.3980712890625, -1266.4188232421875, -1266.4171142578125, -1266.4090576171875, -1266.3736572265625, -1266.3834228515625, -1266.4461669921875, -1266.4117431640625, -1266.3978271484375, -1266.4578857421875, -1266.3885498046875, -1266.4583740234375, -1266.4293212890625, -1266.3966064453125, -1266.4632568359375, -1266.4139404296875, -1266.3426513671875, -1266.3831787109375, -1266.3978271484375, -1266.4327392578125, -1266.4307861328125, -1266.4410400390625, -1266.3255615234375, -1266.3704833984375, -1266.3131103515625, -1266.3895263671875, -1266.3748779296875, -1266.4466552734375, -1266.3221435546875, -1266.3787841796875, -1266.3634033203125, -1266.4222412109375, -1266.4625244140625, -1266.4351806640625, -1266.3699951171875, -1266.4178466796875, -1266.4102783203125, -1266.4149169921875, -1266.4095458984375, -1266.4254150390625, -1266.3924560546875, -1266.4310302734375, -1266.4425048828125, -1266.4327392578125, -1266.4554443359375, -1266.4439697265625, -1266.3787841796875, -1266.4388427734375, -1266.4134521484375, -1266.4610595703125, -1266.3917236328125, -1266.4036865234375, -1266.4349365234375, -1266.4251708984375, -1266.4163818359375, -1266.3831787109375, -1266.3992919921875, -1266.3768310546875, -1266.3743896484375, -1266.4464111328125, -1266.4432373046875, -1266.3797607421875, -1266.3543701171875, -1266.3695068359375, -1266.4002685546875, -1266.3504638671875, -1266.3546142578125, -1266.3909912109375, -1266.3800048828125, -1266.3917236328125, -1266.3826904296875, -1266.3284912109375, -1266.3690185546875, -1266.3983154296875, -1266.3743896484375, -1266.3768310546875, -1266.3572998046875, -1266.3880615234375, -1266.3858642578125, -1266.4027099609375, -1266.3963623046875, -1266.3948974609375, -1266.4300537109375, -1266.4251708984375, -1266.4039306640625, -1266.4354248046875, -1266.4234619140625, -1266.4427490234375, -1266.3856201171875, -1266.3902587890625, -1266.4595947265625, -1266.4266357421875, -1266.3714599609375, -1266.3861083984375, -1266.3907470703125, -1266.3848876953125, -1266.4251708984375, -1266.4158935546875, -1266.4168701171875, -1266.4005126953125, -1266.4075927734375, -1266.3665771484375, -1266.4290771484375, -1266.4344482421875, -1266.3602294921875, -1266.4344482421875, -1266.4520263671875, -1266.3973388671875, -1266.3944091796875, -1266.3402099609375, -1266.4190673828125, -1266.4256591796875, -1266.4246826171875, -1266.2957763671875, -1266.3192138671875, -1266.3182373046875, -1266.4075927734375, -1266.3482666015625, -1266.3453369140625, -1266.3797607421875, -1266.3297119140625, -1266.3521728515625, -1266.4105224609375, -1266.3634033203125, -1266.3524169921875, -1266.3795166015625, -1266.4400634765625, -1266.4703369140625, -1266.3782958984375, -1266.4100341796875, -1266.3790283203125, -1266.4046630859375, -1266.4197998046875, -1266.4488525390625, -1266.3638916015625, -1266.3951416015625, -1266.4305419921875, -1266.4019775390625, -1266.4881591796875, -1266.3841552734375, -1266.4505615234375, -1266.4547119140625, -1266.3177490234375, -1266.3272705078125, -1266.4429931640625, -1266.4364013671875, -1266.3980712890625, -1266.4400634765625, -1266.3470458984375, -1266.3502197265625, -1266.3314208984375, -1266.3743896484375, -1266.3763427734375, -1266.4283447265625, -1266.3489990234375, -1266.3753662109375, -1266.3868408203125, -1266.4371337890625, -1266.4312744140625, -1266.3948974609375, -1266.3968505859375, -1266.4569091796875, -1266.3538818359375, -1266.3433837890625, -1266.3572998046875, -1266.3773193359375, -1266.4522705078125, -1266.3966064453125, -1266.4114990234375, -1266.3192138671875, -1266.3717041015625, -1266.3458251953125, -1266.4144287109375, -1266.3114013671875, -1266.3875732421875, -1266.3927001953125, -1266.3348388671875, -1266.3682861328125, -1266.3704833984375, -1266.3245849609375, -1266.4432373046875, -1266.3695068359375, -1266.3826904296875, -1266.4517822265625, -1266.4049072265625, -1266.4437255859375, -1266.3211669921875, -1266.4197998046875, -1266.4359130859375, -1266.4295654296875, -1266.4163818359375, -1266.3919677734375, -1266.3758544921875, -1266.4124755859375, -1266.4156494140625, -1266.4049072265625, -1266.3719482421875, -1266.3475341796875, -1266.4573974609375, -1266.3851318359375, -1266.3499755859375, -1266.4393310546875, -1266.4300537109375, -1266.4154052734375, -1266.3985595703125, -1266.3626708984375, -1266.3170166015625, -1266.4071044921875, -1266.3770751953125, -1266.3924560546875, -1266.4149169921875, -1266.4490966796875, -1266.4036865234375, -1266.3934326171875, -1266.4246826171875, -1266.4276123046875, -1266.4185791015625, -1266.4024658203125, -1266.4000244140625, -1266.4254150390625, -1266.4324951171875, -1266.3748779296875, -1266.4029541015625, -1266.4156494140625, -1266.4100341796875, -1266.4329833984375, -1266.3883056640625, -1266.3494873046875, -1266.3900146484375, -1266.3909912109375, -1266.4725341796875, -1266.4520263671875, -1266.4278564453125, -1266.3465576171875, -1266.3209228515625, -1266.3624267578125, -1266.4139404296875, -1266.4085693359375, -1266.3870849609375, -1266.4019775390625, -1266.3687744140625, -1266.3770751953125, -1266.4405517578125, -1266.3831787109375, -1266.4237060546875, -1266.4171142578125, -1266.4271240234375, -1266.3409423828125, -1266.3997802734375, -1266.3956298828125, -1266.4071044921875, -1266.3902587890625, -1266.4119873046875, -1266.3238525390625, -1266.3719482421875, -1266.3826904296875, -1266.4000244140625, -1266.4310302734375, -1266.3631591796875, -1266.3387451171875, -1266.3709716796875, -1266.4393310546875, -1266.4149169921875, -1266.3853759765625, -1266.4241943359375, -1266.3402099609375, -1266.3682861328125, -1266.3695068359375, -1266.3865966796875, -1266.4310302734375, -1266.3680419921875, -1266.3319091796875, -1266.3367919921875, -1266.3580322265625, -1266.3741455078125, -1266.3900146484375, -1266.3543701171875, -1266.3194580078125, -1266.3370361328125, -1266.3917236328125, -1266.4591064453125, -1266.3826904296875, -1266.4046630859375, -1266.4224853515625, -1266.4122314453125, -1266.4300537109375, -1266.4007568359375, -1266.4215087890625, -1266.4407958984375, -1266.3665771484375, -1266.4268798828125, -1266.4041748046875, -1266.4344482421875, -1266.4173583984375, -1266.3817138671875, -1266.4119873046875, -1266.4776611328125, -1266.4473876953125, -1266.4427490234375, -1266.3968505859375, -1266.4139404296875, -1266.4195556640625, -1266.3636474609375, -1266.4527587890625, -1266.3792724609375, -1266.3919677734375, -1266.4207763671875, -1266.4017333984375, -1266.3812255859375, -1266.3922119140625, -1266.4193115234375, -1266.3927001953125, -1266.3858642578125, -1266.4505615234375, -1266.4046630859375, -1266.4315185546875, -1266.4342041015625, -1266.3851318359375, -1266.4105224609375, -1266.4442138671875, -1266.3900146484375, -1266.3897705078125, -1266.3597412109375, -1266.3204345703125, -1266.4622802734375, -1266.4383544921875, -1266.4486083984375, -1266.3973388671875, -1266.4129638671875, -1266.3875732421875, -1266.4390869140625, -1266.4295654296875, -1266.4183349609375, -1266.4278564453125, -1266.4031982421875, -1266.3704833984375, -1266.3609619140625, -1266.3470458984375, -1266.3785400390625, -1266.4097900390625, -1266.4085693359375, -1266.3826904296875, -1266.3463134765625, -1266.3697509765625, -1266.3336181640625, -1266.3814697265625, -1266.4080810546875, -1266.4234619140625, -1266.3978271484375, -1266.3822021484375, -1266.4364013671875, -1266.4173583984375, -1266.4515380859375, -1266.4056396484375, -1266.3919677734375, -1266.4620361328125, -1266.3453369140625, -1266.4080810546875, -1266.4298095703125, -1266.3934326171875, -1266.3243408203125, -1266.3656005859375, -1266.4205322265625, -1266.4044189453125, -1266.4315185546875, -1266.4217529296875, -1266.4403076171875, -1266.3521728515625, -1266.3297119140625, -1266.3599853515625, -1266.4105224609375, -1266.4119873046875, -1266.4156494140625, -1266.4351806640625, -1266.4141845703125, -1266.3907470703125, -1266.3985595703125, -1266.4178466796875, -1266.3924560546875, -1266.3480224609375, -1266.4168701171875, -1266.4324951171875, -1266.3897705078125, -1266.3636474609375, -1266.4034423828125, -1266.4324951171875, -1266.4168701171875, -1266.4056396484375, -1266.3912353515625, -1266.4188232421875, -1266.4603271484375, -1266.4112548828125, -1266.5135498046875, -1266.3914794921875, -1266.4061279296875, -1266.4466552734375, -1266.3406982421875, -1266.3944091796875, -1266.3787841796875, -1266.3702392578125, -1266.3912353515625, -1266.3455810546875, -1266.3663330078125, -1266.3646240234375, -1266.3734130859375, -1266.3438720703125, -1266.2957763671875, -1266.2728271484375, -1266.3682861328125, -1266.3765869140625, -1266.3875732421875, -1266.3797607421875, -1266.3836669921875, -1266.3863525390625, -1266.3450927734375, -1266.4302978515625, -1266.3978271484375, -1266.4129638671875, -1266.4522705078125, -1266.3680419921875, -1266.3880615234375, -1266.4012451171875, -1266.3629150390625, -1266.3421630859375, -1266.3629150390625, -1266.4539794921875, -1266.3875732421875, -1266.4149169921875, -1266.4215087890625, -1266.4300537109375, -1266.4183349609375, -1266.3890380859375, -1266.4620361328125, -1266.4683837890625, -1266.4871826171875, -1266.4259033203125, -1266.3367919921875, -1266.4022216796875, -1266.4271240234375, -1266.4283447265625, -1266.3826904296875, -1266.4068603515625, -1266.3240966796875, -1266.3909912109375, -1266.3988037109375, -1266.4271240234375, -1266.3692626953125, -1266.3936767578125, -1266.3487548828125, -1266.3680419921875, -1266.4302978515625, -1266.4871826171875, -1266.4215087890625, -1266.4071044921875, -1266.3634033203125, -1266.4261474609375, -1266.3968505859375, -1266.4044189453125, -1266.4100341796875, -1266.3787841796875, -1266.4193115234375, -1266.4542236328125, -1266.4102783203125, -1266.3900146484375, -1266.4554443359375, -1266.4207763671875, -1266.3582763671875, -1266.4278564453125, -1266.3746337890625, -1266.3280029296875, -1266.3995361328125, -1266.3194580078125, -1266.3677978515625, -1266.4212646484375, -1266.3597412109375, -1266.4061279296875, -1266.3494873046875, -1266.4373779296875, -1266.4124755859375, -1266.3875732421875, -1266.4031982421875, -1266.4608154296875, -1266.3836669921875, -1266.3782958984375, -1266.4124755859375, -1266.3802490234375, -1266.3953857421875, -1266.4100341796875, -1266.3829345703125, -1266.4146728515625, -1266.4022216796875, -1266.3638916015625, -1266.4068603515625, -1266.4237060546875, -1266.4259033203125, -1266.3568115234375, -1266.3905029296875, -1266.3616943359375, -1266.3621826171875, -1266.4735107421875, -1266.4339599609375, -1266.4945068359375, -1266.4700927734375, -1266.4495849609375, -1266.4949951171875, -1266.4090576171875, -1266.3768310546875, -1266.4237060546875, -1266.4361572265625, -1266.4268798828125, -1266.4249267578125, -1266.3363037109375, -1266.3812255859375, -1266.3880615234375, -1266.3670654296875, -1266.3963623046875, -1266.3953857421875, -1266.3541259765625, -1266.3746337890625, -1266.3594970703125, -1266.4178466796875, -1266.4356689453125, -1266.3880615234375, -1266.3812255859375, -1266.3055419921875, -1266.4046630859375, -1266.3719482421875, -1266.4151611328125, -1266.3912353515625, -1266.4005126953125, -1266.3704833984375, -1266.4266357421875, -1266.3656005859375, -1266.4080810546875, -1266.3970947265625, -1266.3541259765625, -1266.3958740234375, -1266.4945068359375, -1266.4661865234375, -1266.4322509765625, -1266.3951416015625, -1266.4281005859375, -1266.3748779296875, -1266.4505615234375, -1266.3870849609375, -1266.4114990234375, -1266.4390869140625, -1266.4110107421875, -1266.3607177734375, -1266.4722900390625, -1266.4449462890625, -1266.4422607421875, -1266.4388427734375, -1266.4300537109375, -1266.4139404296875, -1266.4056396484375, -1266.3489990234375, -1266.3934326171875, -1266.3975830078125, -1266.4022216796875, -1266.4786376953125, -1266.3760986328125, -1266.3961181640625, -1266.4144287109375, -1266.4041748046875, -1266.4176025390625, -1266.3853759765625, -1266.3953857421875, -1266.3729248046875, -1266.4527587890625, -1266.4205322265625, -1266.4222412109375, -1266.3636474609375, -1266.3814697265625, -1266.4276123046875, -1266.4273681640625, -1266.4398193359375, -1266.3760986328125, -1266.3673095703125, -1266.4503173828125, -1266.4285888671875, -1266.3599853515625, -1266.3887939453125, -1266.4315185546875, -1266.4466552734375, -1266.3975830078125, -1266.4495849609375, -1266.4124755859375, -1266.4403076171875, -1266.3973388671875, -1266.3543701171875, -1266.4071044921875, -1266.4639892578125, -1266.4315185546875, -1266.3990478515625, -1266.4168701171875, -1266.4490966796875, -1266.3853759765625, -1266.3646240234375, -1266.4732666015625, -1266.3905029296875, -1266.4364013671875, -1266.4320068359375, -1266.3636474609375, -1266.4866943359375, -1266.3966064453125, -1266.4483642578125, -1266.3797607421875, -1266.3875732421875, -1266.4188232421875, -1266.4613037109375, -1266.3963623046875, -1266.3536376953125, -1266.3778076171875, -1266.3668212890625, -1266.4022216796875, -1266.4334716796875, -1266.4075927734375, -1266.3572998046875, -1266.3790283203125, -1266.3905029296875, -1266.4593505859375, -1266.4161376953125, -1266.3917236328125, -1266.3077392578125, -1266.3770751953125, -1266.4014892578125, -1266.4515380859375, -1266.4149169921875, -1266.3905029296875, -1266.3350830078125, -1266.4134521484375, -1266.4080810546875, -1266.3978271484375, -1266.3695068359375, -1266.4090576171875, -1266.3831787109375, -1266.4024658203125, -1266.4383544921875, -1266.3179931640625, -1266.3973388671875, -1266.4090576171875, -1266.3841552734375, -1266.3931884765625, -1266.3084716796875, -1266.4510498046875, -1266.3817138671875, -1266.4117431640625, -1266.4263916015625, -1266.3568115234375, -1266.4149169921875, -1266.3978271484375, -1266.4110107421875, -1266.4266357421875, -1266.3731689453125, -1266.3724365234375, -1266.3995361328125, -1266.4183349609375, -1266.4261474609375, -1266.4281005859375, -1266.3997802734375, -1266.4786376953125, -1266.3992919921875, -1266.4110107421875, -1266.4495849609375, -1266.4866943359375, -1266.4332275390625, -1266.4974365234375, -1266.4166259765625, -1266.4503173828125, -1266.4281005859375, -1266.4080810546875, -1266.4481201171875, -1266.4093017578125, -1266.4134521484375, -1266.4390869140625, -1266.3973388671875, -1266.4027099609375, -1266.3646240234375, -1266.3907470703125, -1266.4290771484375, -1266.4439697265625, -1266.4407958984375, -1266.3892822265625, -1266.4490966796875, -1266.4268798828125, -1266.3575439453125, -1266.4068603515625, -1266.4056396484375, -1266.4437255859375, -1266.4227294921875, -1266.4383544921875, -1266.3892822265625, -1266.3763427734375, -1266.4056396484375, -1266.3240966796875, -1266.4383544921875, -1266.4378662109375, -1266.3682861328125, -1266.3792724609375, -1266.4222412109375, -1266.4342041015625, -1266.4110107421875, -1266.3729248046875, -1266.4383544921875, -1266.3946533203125, -1266.3995361328125, -1266.3875732421875, -1266.4515380859375, -1266.3988037109375, -1266.4085693359375, -1266.4066162109375, -1266.4293212890625, -1266.4259033203125, -1266.3780517578125, -1266.3619384765625, -1266.4578857421875, -1266.4056396484375, -1266.3800048828125, -1266.3416748046875, -1266.3607177734375, -1266.3807373046875, -1266.4266357421875, -1266.3646240234375, -1266.3636474609375, -1266.3494873046875, -1266.3739013671875, -1266.4193115234375, -1266.4342041015625, -1266.3914794921875, -1266.4281005859375, -1266.4583740234375, -1266.4429931640625, -1266.4359130859375, -1266.4251708984375, -1266.4376220703125, -1266.4505615234375, -1266.4603271484375, -1266.4281005859375, -1266.4356689453125, -1266.4515380859375, -1266.4227294921875, -1266.3541259765625, -1266.4403076171875, -1266.3646240234375, -1266.4332275390625, -1266.4241943359375, -1266.3988037109375, -1266.3331298828125, -1266.4495849609375, -1266.4364013671875, -1266.4049072265625, -1266.3551025390625, -1266.3502197265625, -1266.4000244140625, -1266.3931884765625, -1266.3553466796875, -1266.3841552734375, -1266.4149169921875, -1266.4124755859375, -1266.4256591796875, -1266.3914794921875, -1266.3668212890625, -1266.3836669921875, -1266.3883056640625, -1266.4071044921875, -1266.3958740234375, -1266.4093017578125, -1266.4364013671875, -1266.3529052734375, -1266.3963623046875, -1266.4114990234375, -1266.3797607421875, -1266.4041748046875, -1266.4071044921875, -1266.3868408203125, -1266.4449462890625, -1266.3924560546875, -1266.4444580078125, -1266.3963623046875, -1266.3868408203125, -1266.3773193359375, -1266.4554443359375, -1266.4317626953125, -1266.4071044921875, -1266.4046630859375, -1266.4039306640625, -1266.3861083984375, -1266.4547119140625, -1266.4031982421875, -1266.3853759765625, -1266.3992919921875, -1266.4146728515625, -1266.4185791015625, -1266.3753662109375, -1266.3692626953125, -1266.3582763671875, -1266.3717041015625, -1266.3853759765625, -1266.3675537109375, -1266.3619384765625]}
Warning: Cholesky failed, using eigendecomposition fallback
{'mse': 0.010108008980751038, 'rmse': 0.10053859651088715, 'test_ll': -248444.3125, 'total_test_ll': -6211107840.0}
/cluster/tufts/hugheslab/swilli26/stat-patt-final/gp_vs_sngp/results/hyperparam_search/GP/Sin_1500_42/logs
/cluster/tufts/hugheslab/swilli26/stat-patt-final/gp_vs_sngp/results/hyperparam_search/logs/GP_VS_SNGP_25028884.out
/cluster/tufts/hugheslab/swilli26/stat-patt-final/gp_vs_sngp/results/hyperparam_search/logs/GP_VS_SNGP_25028884.err
