Starting imports...
Parsing arguments...
Arguments parsed! Running GP on CrazySin with N=10000
EXPERIMENT SUMMARY
===================
  - Model Training for SNGP and GP on Regression Tasks
  - modelName: GP
  - dataset: CrazySin
  - num_examples: 10000
  - seed: 1001
  - rank (for SNGP): 10000
  - lengthscale: 0.276328
  - outputscale: 2.735109
  - noise: 0.099198
===================
Checking CUDA availability...
Using CPU
Making Datasets...
Making Model...
Training Gaussian Process...
Fitting to data...
Model saved to /cluster/tufts/hugheslab/swilli26/stat-patt-final/gp_vs_sngp/results/primary_sngp/GP/CrazySin_10000_1001/model.pt
Warning: Cholesky failed, using eigendecomposition fallback
TEST LOG LIKELIHOOD SCORE:  0.2272595775542239
TEST MSE:  0.010118730366230011
TEST RMSE:  0.10059189796447754
/cluster/tufts/hugheslab/swilli26/stat-patt-final/gp_vs_sngp/results/primary_sngp/GP/CrazySin_10000_1001/logs
/cluster/tufts/hugheslab/swilli26/stat-patt-final/gp_vs_sngp/results/primary_sngp/logs/GP_VS_SNGP_25079632.out
/cluster/tufts/hugheslab/swilli26/stat-patt-final/gp_vs_sngp/results/primary_sngp/logs/GP_VS_SNGP_25079632.err
