Starting imports...
Parsing arguments...
Arguments parsed! Running SNGP on Sin with N=5000
EXPERIMENT SUMMARY
===================
  - Model Training for SNGP and GP on Regression Tasks
  - modelName: SNGP
  - dataset: Sin
  - num_examples: 5000
  - seed: 1001
  - rank (for SNGP): 5000
  - lengthscale: 1.226761
  - outputscale: 1.805912
  - noise: 0.100047
===================
Checking CUDA availability...
Using CPU
Making Datasets...
Making Model...
Training SNGP Model...
Stopped early.
Finished after epoch 327, best epoch=312
Model saved to /cluster/tufts/hugheslab/swilli26/stat-patt-final/gp_vs_sngp/results/primary_sngp/SNGP/SNGP_R5000_LS1.23_OS1.81_5000Sin/model.pt
TEST LOG LIKELIHOOD SCORE:  0.8413673283034204
TEST MSE:  0.010968899354338646
TEST RMSE:  0.10473251342773438
/cluster/tufts/hugheslab/swilli26/stat-patt-final/gp_vs_sngp/results/primary_sngp/GP/Sin_5000_1001/logs
/cluster/tufts/hugheslab/swilli26/stat-patt-final/gp_vs_sngp/results/primary_sngp/logs/GP_VS_SNGP_25108158.out
/cluster/tufts/hugheslab/swilli26/stat-patt-final/gp_vs_sngp/results/primary_sngp/logs/GP_VS_SNGP_25108158.err
