Starting imports...
Importing argparse...
Importing torch...
Importing os...
Importing sngp.train and sngp.model...
Importing gaussian_process...
Importing dataset...
Importing json...
ALL IMPORTS COMPLETE!
Parsing arguments...
Arguments parsed! Running GP on Sin with N=1500
Checking CUDA availability...
Using CPU
Making Datasets...
Making Model...
Training Gaussian Process...
Iter   0 | Loss: -810.787 | lengthscale: 1.010 | outputscale: 1.010 | noise: 0.198
Iter  10 | Loss: -917.955 | lengthscale: 1.073 | outputscale: 1.117 | noise: 0.179
Iter  20 | Loss: -1014.304 | lengthscale: 1.106 | outputscale: 1.229 | noise: 0.163
Iter  30 | Loss: -1096.901 | lengthscale: 1.138 | outputscale: 1.339 | noise: 0.148
Iter  40 | Loss: -1163.393 | lengthscale: 1.172 | outputscale: 1.445 | noise: 0.135
Iter  50 | Loss: -1212.651 | lengthscale: 1.196 | outputscale: 1.546 | noise: 0.125
Iter  60 | Loss: -1245.272 | lengthscale: 1.217 | outputscale: 1.640 | noise: 0.117
Iter  70 | Loss: -1263.956 | lengthscale: 1.236 | outputscale: 1.726 | noise: 0.110
Iter  80 | Loss: -1272.557 | lengthscale: 1.253 | outputscale: 1.805 | noise: 0.106
Iter  90 | Loss: -1275.727 | lengthscale: 1.268 | outputscale: 1.877 | noise: 0.103
Iter 100 | Loss: -1276.296 | lengthscale: 1.279 | outputscale: 1.937 | noise: 0.101
Iter 110 | Loss: -1276.446 | lengthscale: 1.289 | outputscale: 1.988 | noise: 0.101
Iter 120 | Loss: -1276.352 | lengthscale: 1.297 | outputscale: 2.035 | noise: 0.100
Iter 130 | Loss: -1276.408 | lengthscale: 1.303 | outputscale: 2.064 | noise: 0.100
Iter 140 | Loss: -1276.403 | lengthscale: 1.306 | outputscale: 2.086 | noise: 0.101
Iter 150 | Loss: -1276.444 | lengthscale: 1.307 | outputscale: 2.099 | noise: 0.101
Iter 160 | Loss: -1276.333 | lengthscale: 1.307 | outputscale: 2.100 | noise: 0.101
Iter 170 | Loss: -1276.516 | lengthscale: 1.307 | outputscale: 2.106 | noise: 0.101
Iter 180 | Loss: -1276.525 | lengthscale: 1.307 | outputscale: 2.109 | noise: 0.101
Iter 190 | Loss: -1276.434 | lengthscale: 1.307 | outputscale: 2.108 | noise: 0.101
Iter 200 | Loss: -1276.411 | lengthscale: 1.308 | outputscale: 2.107 | noise: 0.101
Iter 210 | Loss: -1276.430 | lengthscale: 1.306 | outputscale: 2.106 | noise: 0.101
Iter 220 | Loss: -1276.473 | lengthscale: 1.305 | outputscale: 2.102 | noise: 0.101
Iter 230 | Loss: -1276.385 | lengthscale: 1.307 | outputscale: 2.103 | noise: 0.101
Iter 240 | Loss: -1276.386 | lengthscale: 1.306 | outputscale: 2.102 | noise: 0.101
Iter 250 | Loss: -1276.412 | lengthscale: 1.303 | outputscale: 2.098 | noise: 0.101
Iter 260 | Loss: -1276.448 | lengthscale: 1.307 | outputscale: 2.100 | noise: 0.101
Iter 270 | Loss: -1276.454 | lengthscale: 1.308 | outputscale: 2.124 | noise: 0.101
Iter 280 | Loss: -1276.488 | lengthscale: 1.310 | outputscale: 2.126 | noise: 0.101
Iter 290 | Loss: -1276.493 | lengthscale: 1.312 | outputscale: 2.129 | noise: 0.101
Iter 300 | Loss: -1276.507 | lengthscale: 1.311 | outputscale: 2.131 | noise: 0.101
Iter 310 | Loss: -1276.468 | lengthscale: 1.309 | outputscale: 2.122 | noise: 0.101
Iter 320 | Loss: -1276.398 | lengthscale: 1.309 | outputscale: 2.106 | noise: 0.101
Iter 330 | Loss: -1276.416 | lengthscale: 1.306 | outputscale: 2.088 | noise: 0.101
Iter 340 | Loss: -1276.471 | lengthscale: 1.306 | outputscale: 2.100 | noise: 0.101
Iter 350 | Loss: -1276.426 | lengthscale: 1.306 | outputscale: 2.093 | noise: 0.101
Iter 360 | Loss: -1276.462 | lengthscale: 1.306 | outputscale: 2.091 | noise: 0.101
Iter 370 | Loss: -1276.403 | lengthscale: 1.302 | outputscale: 2.086 | noise: 0.101
Iter 380 | Loss: -1276.403 | lengthscale: 1.305 | outputscale: 2.093 | noise: 0.101
Iter 390 | Loss: -1276.442 | lengthscale: 1.307 | outputscale: 2.093 | noise: 0.101
Iter 400 | Loss: -1276.437 | lengthscale: 1.302 | outputscale: 2.092 | noise: 0.101
Iter 410 | Loss: -1276.278 | lengthscale: 1.306 | outputscale: 2.095 | noise: 0.101
Iter 420 | Loss: -1276.411 | lengthscale: 1.305 | outputscale: 2.089 | noise: 0.101
Iter 430 | Loss: -1276.458 | lengthscale: 1.307 | outputscale: 2.099 | noise: 0.101
Iter 440 | Loss: -1276.432 | lengthscale: 1.306 | outputscale: 2.108 | noise: 0.101
Iter 450 | Loss: -1276.433 | lengthscale: 1.309 | outputscale: 2.119 | noise: 0.101
Iter 460 | Loss: -1276.458 | lengthscale: 1.311 | outputscale: 2.121 | noise: 0.101
Iter 470 | Loss: -1276.397 | lengthscale: 1.308 | outputscale: 2.115 | noise: 0.101
Iter 480 | Loss: -1276.544 | lengthscale: 1.314 | outputscale: 2.135 | noise: 0.101
Iter 490 | Loss: -1276.544 | lengthscale: 1.312 | outputscale: 2.143 | noise: 0.101
Iter 500 | Loss: -1276.512 | lengthscale: 1.315 | outputscale: 2.140 | noise: 0.101
Iter 510 | Loss: -1276.458 | lengthscale: 1.312 | outputscale: 2.151 | noise: 0.101
Iter 520 | Loss: -1276.471 | lengthscale: 1.313 | outputscale: 2.128 | noise: 0.101
Iter 530 | Loss: -1276.428 | lengthscale: 1.309 | outputscale: 2.120 | noise: 0.101
Iter 540 | Loss: -1276.476 | lengthscale: 1.311 | outputscale: 2.125 | noise: 0.101
Iter 550 | Loss: -1276.370 | lengthscale: 1.311 | outputscale: 2.124 | noise: 0.101
Iter 560 | Loss: -1276.414 | lengthscale: 1.312 | outputscale: 2.140 | noise: 0.101
Iter 570 | Loss: -1276.523 | lengthscale: 1.311 | outputscale: 2.139 | noise: 0.101
Iter 580 | Loss: -1276.538 | lengthscale: 1.317 | outputscale: 2.148 | noise: 0.101
Iter 590 | Loss: -1276.453 | lengthscale: 1.311 | outputscale: 2.132 | noise: 0.101
Iter 600 | Loss: -1276.552 | lengthscale: 1.308 | outputscale: 2.115 | noise: 0.101
Iter 610 | Loss: -1276.378 | lengthscale: 1.309 | outputscale: 2.121 | noise: 0.101
Iter 620 | Loss: -1276.486 | lengthscale: 1.310 | outputscale: 2.112 | noise: 0.101
Iter 630 | Loss: -1276.465 | lengthscale: 1.306 | outputscale: 2.099 | noise: 0.101
Iter 640 | Loss: -1276.495 | lengthscale: 1.307 | outputscale: 2.105 | noise: 0.101
Iter 650 | Loss: -1276.398 | lengthscale: 1.306 | outputscale: 2.106 | noise: 0.101
Iter 660 | Loss: -1276.488 | lengthscale: 1.306 | outputscale: 2.092 | noise: 0.101
Iter 670 | Loss: -1276.524 | lengthscale: 1.310 | outputscale: 2.128 | noise: 0.101
Iter 680 | Loss: -1276.542 | lengthscale: 1.316 | outputscale: 2.144 | noise: 0.101
Iter 690 | Loss: -1276.514 | lengthscale: 1.312 | outputscale: 2.137 | noise: 0.101
Iter 700 | Loss: -1276.561 | lengthscale: 1.311 | outputscale: 2.110 | noise: 0.101
Iter 710 | Loss: -1276.506 | lengthscale: 1.306 | outputscale: 2.103 | noise: 0.101
Iter 720 | Loss: -1276.305 | lengthscale: 1.307 | outputscale: 2.113 | noise: 0.101
Iter 730 | Loss: -1276.492 | lengthscale: 1.314 | outputscale: 2.141 | noise: 0.101
Iter 740 | Loss: -1276.495 | lengthscale: 1.318 | outputscale: 2.177 | noise: 0.101
Iter 750 | Loss: -1276.462 | lengthscale: 1.312 | outputscale: 2.140 | noise: 0.101
Iter 760 | Loss: -1276.302 | lengthscale: 1.309 | outputscale: 2.115 | noise: 0.101
Iter 770 | Loss: -1276.366 | lengthscale: 1.308 | outputscale: 2.105 | noise: 0.101
Iter 780 | Loss: -1276.379 | lengthscale: 1.306 | outputscale: 2.108 | noise: 0.101
Iter 790 | Loss: -1276.503 | lengthscale: 1.314 | outputscale: 2.141 | noise: 0.101
Iter 800 | Loss: -1276.541 | lengthscale: 1.312 | outputscale: 2.141 | noise: 0.101
Iter 810 | Loss: -1276.466 | lengthscale: 1.311 | outputscale: 2.140 | noise: 0.101
Iter 820 | Loss: -1276.531 | lengthscale: 1.315 | outputscale: 2.144 | noise: 0.101
Iter 830 | Loss: -1276.520 | lengthscale: 1.312 | outputscale: 2.142 | noise: 0.101
Iter 840 | Loss: -1276.433 | lengthscale: 1.312 | outputscale: 2.131 | noise: 0.101
Iter 850 | Loss: -1276.424 | lengthscale: 1.304 | outputscale: 2.081 | noise: 0.101
Iter 860 | Loss: -1276.396 | lengthscale: 1.299 | outputscale: 2.058 | noise: 0.101
Iter 870 | Loss: -1276.398 | lengthscale: 1.304 | outputscale: 2.075 | noise: 0.101
Iter 880 | Loss: -1276.419 | lengthscale: 1.304 | outputscale: 2.095 | noise: 0.101
Iter 890 | Loss: -1276.432 | lengthscale: 1.306 | outputscale: 2.107 | noise: 0.101
Iter 900 | Loss: -1276.424 | lengthscale: 1.313 | outputscale: 2.129 | noise: 0.101
Iter 910 | Loss: -1276.435 | lengthscale: 1.310 | outputscale: 2.124 | noise: 0.101
Iter 920 | Loss: -1276.398 | lengthscale: 1.308 | outputscale: 2.099 | noise: 0.101
Iter 930 | Loss: -1276.460 | lengthscale: 1.305 | outputscale: 2.095 | noise: 0.101
Iter 940 | Loss: -1276.464 | lengthscale: 1.308 | outputscale: 2.110 | noise: 0.101
Iter 950 | Loss: -1276.462 | lengthscale: 1.314 | outputscale: 2.147 | noise: 0.101
Iter 960 | Loss: -1276.465 | lengthscale: 1.311 | outputscale: 2.132 | noise: 0.101
Iter 970 | Loss: -1276.461 | lengthscale: 1.310 | outputscale: 2.114 | noise: 0.101
Iter 980 | Loss: -1276.470 | lengthscale: 1.304 | outputscale: 2.096 | noise: 0.101
Iter 990 | Loss: -1276.543 | lengthscale: 1.305 | outputscale: 2.089 | noise: 0.101
Iter 1000 | Loss: -1276.504 | lengthscale: 1.305 | outputscale: 2.101 | noise: 0.101
Iter 1010 | Loss: -1276.422 | lengthscale: 1.310 | outputscale: 2.106 | noise: 0.101
Iter 1020 | Loss: -1276.453 | lengthscale: 1.306 | outputscale: 2.106 | noise: 0.101
Iter 1030 | Loss: -1276.473 | lengthscale: 1.312 | outputscale: 2.130 | noise: 0.101
Iter 1040 | Loss: -1276.498 | lengthscale: 1.312 | outputscale: 2.132 | noise: 0.101
Iter 1050 | Loss: -1276.388 | lengthscale: 1.308 | outputscale: 2.123 | noise: 0.101
Iter 1060 | Loss: -1276.602 | lengthscale: 1.312 | outputscale: 2.124 | noise: 0.101
Iter 1070 | Loss: -1276.461 | lengthscale: 1.309 | outputscale: 2.118 | noise: 0.101
Iter 1080 | Loss: -1276.447 | lengthscale: 1.311 | outputscale: 2.122 | noise: 0.101
Iter 1090 | Loss: -1276.349 | lengthscale: 1.312 | outputscale: 2.134 | noise: 0.101
Iter 1100 | Loss: -1276.480 | lengthscale: 1.306 | outputscale: 2.100 | noise: 0.101
Iter 1110 | Loss: -1276.466 | lengthscale: 1.301 | outputscale: 2.069 | noise: 0.101
Iter 1120 | Loss: -1276.474 | lengthscale: 1.302 | outputscale: 2.071 | noise: 0.101
Iter 1130 | Loss: -1276.485 | lengthscale: 1.308 | outputscale: 2.112 | noise: 0.101
Iter 1140 | Loss: -1276.626 | lengthscale: 1.314 | outputscale: 2.146 | noise: 0.101
Iter 1150 | Loss: -1276.453 | lengthscale: 1.316 | outputscale: 2.162 | noise: 0.101
Iter 1160 | Loss: -1276.362 | lengthscale: 1.311 | outputscale: 2.126 | noise: 0.101
Iter 1170 | Loss: -1276.330 | lengthscale: 1.309 | outputscale: 2.127 | noise: 0.101
Iter 1180 | Loss: -1276.485 | lengthscale: 1.308 | outputscale: 2.094 | noise: 0.101
Iter 1190 | Loss: -1276.470 | lengthscale: 1.300 | outputscale: 2.070 | noise: 0.101
Iter 1200 | Loss: -1276.432 | lengthscale: 1.303 | outputscale: 2.078 | noise: 0.101
Iter 1210 | Loss: -1276.508 | lengthscale: 1.305 | outputscale: 2.098 | noise: 0.101
Iter 1220 | Loss: -1276.423 | lengthscale: 1.306 | outputscale: 2.107 | noise: 0.101
Iter 1230 | Loss: -1276.413 | lengthscale: 1.311 | outputscale: 2.121 | noise: 0.101
Iter 1240 | Loss: -1276.452 | lengthscale: 1.307 | outputscale: 2.116 | noise: 0.101
Iter 1250 | Loss: -1276.456 | lengthscale: 1.313 | outputscale: 2.137 | noise: 0.101
Iter 1260 | Loss: -1276.412 | lengthscale: 1.312 | outputscale: 2.139 | noise: 0.101
Iter 1270 | Loss: -1276.383 | lengthscale: 1.314 | outputscale: 2.137 | noise: 0.101
Iter 1280 | Loss: -1276.449 | lengthscale: 1.311 | outputscale: 2.134 | noise: 0.101
Iter 1290 | Loss: -1276.482 | lengthscale: 1.310 | outputscale: 2.119 | noise: 0.101
Iter 1300 | Loss: -1276.407 | lengthscale: 1.306 | outputscale: 2.104 | noise: 0.101
Iter 1310 | Loss: -1276.418 | lengthscale: 1.302 | outputscale: 2.068 | noise: 0.101
Iter 1320 | Loss: -1276.353 | lengthscale: 1.304 | outputscale: 2.093 | noise: 0.101
Iter 1330 | Loss: -1276.404 | lengthscale: 1.312 | outputscale: 2.131 | noise: 0.101
Iter 1340 | Loss: -1276.503 | lengthscale: 1.308 | outputscale: 2.112 | noise: 0.101
Iter 1350 | Loss: -1276.459 | lengthscale: 1.304 | outputscale: 2.078 | noise: 0.101
Iter 1360 | Loss: -1276.565 | lengthscale: 1.308 | outputscale: 2.111 | noise: 0.101
Iter 1370 | Loss: -1276.510 | lengthscale: 1.311 | outputscale: 2.150 | noise: 0.101
Iter 1380 | Loss: -1276.501 | lengthscale: 1.315 | outputscale: 2.140 | noise: 0.101
Iter 1390 | Loss: -1276.430 | lengthscale: 1.310 | outputscale: 2.121 | noise: 0.101
Iter 1400 | Loss: -1276.512 | lengthscale: 1.313 | outputscale: 2.143 | noise: 0.101
Iter 1410 | Loss: -1276.543 | lengthscale: 1.316 | outputscale: 2.155 | noise: 0.101
Iter 1420 | Loss: -1276.462 | lengthscale: 1.314 | outputscale: 2.164 | noise: 0.101
Iter 1430 | Loss: -1276.526 | lengthscale: 1.318 | outputscale: 2.156 | noise: 0.101
Iter 1440 | Loss: -1276.525 | lengthscale: 1.314 | outputscale: 2.147 | noise: 0.101
Iter 1450 | Loss: -1276.417 | lengthscale: 1.308 | outputscale: 2.112 | noise: 0.101
Iter 1460 | Loss: -1276.591 | lengthscale: 1.305 | outputscale: 2.084 | noise: 0.101
Iter 1470 | Loss: -1276.369 | lengthscale: 1.309 | outputscale: 2.110 | noise: 0.101
Iter 1480 | Loss: -1276.411 | lengthscale: 1.310 | outputscale: 2.143 | noise: 0.101
Iter 1490 | Loss: -1276.374 | lengthscale: 1.312 | outputscale: 2.134 | noise: 0.101
Iter 1500 | Loss: -1276.466 | lengthscale: 1.310 | outputscale: 2.129 | noise: 0.101
Iter 1510 | Loss: -1276.370 | lengthscale: 1.311 | outputscale: 2.125 | noise: 0.101
Iter 1520 | Loss: -1276.419 | lengthscale: 1.320 | outputscale: 2.170 | noise: 0.101
Iter 1530 | Loss: -1276.394 | lengthscale: 1.325 | outputscale: 2.220 | noise: 0.101
Iter 1540 | Loss: -1276.554 | lengthscale: 1.322 | outputscale: 2.193 | noise: 0.101
Iter 1550 | Loss: -1276.423 | lengthscale: 1.313 | outputscale: 2.136 | noise: 0.101
Iter 1560 | Loss: -1276.333 | lengthscale: 1.307 | outputscale: 2.105 | noise: 0.101
Iter 1570 | Loss: -1276.420 | lengthscale: 1.303 | outputscale: 2.077 | noise: 0.101
Iter 1580 | Loss: -1276.360 | lengthscale: 1.305 | outputscale: 2.092 | noise: 0.101
Iter 1590 | Loss: -1276.460 | lengthscale: 1.309 | outputscale: 2.110 | noise: 0.101
Iter 1600 | Loss: -1276.450 | lengthscale: 1.312 | outputscale: 2.129 | noise: 0.101
Iter 1610 | Loss: -1276.409 | lengthscale: 1.308 | outputscale: 2.116 | noise: 0.101
Iter 1620 | Loss: -1276.505 | lengthscale: 1.313 | outputscale: 2.133 | noise: 0.101
Iter 1630 | Loss: -1276.434 | lengthscale: 1.302 | outputscale: 2.093 | noise: 0.101
Iter 1640 | Loss: -1276.429 | lengthscale: 1.303 | outputscale: 2.078 | noise: 0.101
Iter 1650 | Loss: -1276.417 | lengthscale: 1.308 | outputscale: 2.102 | noise: 0.101
Iter 1660 | Loss: -1276.496 | lengthscale: 1.311 | outputscale: 2.124 | noise: 0.101
Iter 1670 | Loss: -1276.332 | lengthscale: 1.306 | outputscale: 2.109 | noise: 0.101
Iter 1680 | Loss: -1276.420 | lengthscale: 1.310 | outputscale: 2.105 | noise: 0.101
Iter 1690 | Loss: -1276.495 | lengthscale: 1.312 | outputscale: 2.149 | noise: 0.101
Iter 1700 | Loss: -1276.408 | lengthscale: 1.314 | outputscale: 2.141 | noise: 0.101
Iter 1710 | Loss: -1276.483 | lengthscale: 1.308 | outputscale: 2.112 | noise: 0.101
Iter 1720 | Loss: -1276.521 | lengthscale: 1.306 | outputscale: 2.101 | noise: 0.101
Iter 1730 | Loss: -1276.460 | lengthscale: 1.314 | outputscale: 2.138 | noise: 0.101
Iter 1740 | Loss: -1276.373 | lengthscale: 1.313 | outputscale: 2.139 | noise: 0.101
Iter 1750 | Loss: -1276.475 | lengthscale: 1.314 | outputscale: 2.150 | noise: 0.101
Iter 1760 | Loss: -1276.411 | lengthscale: 1.311 | outputscale: 2.126 | noise: 0.101
Iter 1770 | Loss: -1276.413 | lengthscale: 1.308 | outputscale: 2.121 | noise: 0.101
Iter 1780 | Loss: -1276.418 | lengthscale: 1.309 | outputscale: 2.119 | noise: 0.101
Iter 1790 | Loss: -1276.383 | lengthscale: 1.313 | outputscale: 2.137 | noise: 0.101
Iter 1800 | Loss: -1276.454 | lengthscale: 1.311 | outputscale: 2.138 | noise: 0.101
Iter 1810 | Loss: -1276.449 | lengthscale: 1.304 | outputscale: 2.087 | noise: 0.101
Iter 1820 | Loss: -1276.397 | lengthscale: 1.299 | outputscale: 2.058 | noise: 0.101
Iter 1830 | Loss: -1276.456 | lengthscale: 1.300 | outputscale: 2.064 | noise: 0.101
Iter 1840 | Loss: -1276.478 | lengthscale: 1.306 | outputscale: 2.097 | noise: 0.101
Iter 1850 | Loss: -1276.351 | lengthscale: 1.305 | outputscale: 2.091 | noise: 0.101
Iter 1860 | Loss: -1276.446 | lengthscale: 1.304 | outputscale: 2.078 | noise: 0.101
Iter 1870 | Loss: -1276.377 | lengthscale: 1.302 | outputscale: 2.076 | noise: 0.101
Iter 1880 | Loss: -1276.434 | lengthscale: 1.308 | outputscale: 2.108 | noise: 0.101
Iter 1890 | Loss: -1276.426 | lengthscale: 1.310 | outputscale: 2.129 | noise: 0.101
Iter 1900 | Loss: -1276.478 | lengthscale: 1.311 | outputscale: 2.130 | noise: 0.101
Iter 1910 | Loss: -1276.445 | lengthscale: 1.309 | outputscale: 2.108 | noise: 0.101
Iter 1920 | Loss: -1276.423 | lengthscale: 1.301 | outputscale: 2.087 | noise: 0.101
Iter 1930 | Loss: -1276.453 | lengthscale: 1.296 | outputscale: 2.034 | noise: 0.101
Iter 1940 | Loss: -1276.356 | lengthscale: 1.301 | outputscale: 2.075 | noise: 0.101
Iter 1950 | Loss: -1276.473 | lengthscale: 1.312 | outputscale: 2.127 | noise: 0.101
Iter 1960 | Loss: -1276.424 | lengthscale: 1.317 | outputscale: 2.166 | noise: 0.101
Iter 1970 | Loss: -1276.554 | lengthscale: 1.318 | outputscale: 2.172 | noise: 0.101
Iter 1980 | Loss: -1276.511 | lengthscale: 1.310 | outputscale: 2.132 | noise: 0.101
Iter 1990 | Loss: -1276.507 | lengthscale: 1.307 | outputscale: 2.097 | noise: 0.101
Iter 2000 | Loss: -1276.478 | lengthscale: 1.303 | outputscale: 2.096 | noise: 0.101
Iter 2010 | Loss: -1276.451 | lengthscale: 1.308 | outputscale: 2.104 | noise: 0.101
Iter 2020 | Loss: -1276.386 | lengthscale: 1.313 | outputscale: 2.153 | noise: 0.101
Iter 2030 | Loss: -1276.557 | lengthscale: 1.312 | outputscale: 2.137 | noise: 0.101
Iter 2040 | Loss: -1276.495 | lengthscale: 1.306 | outputscale: 2.085 | noise: 0.101
Iter 2050 | Loss: -1276.342 | lengthscale: 1.300 | outputscale: 2.066 | noise: 0.101
Iter 2060 | Loss: -1276.373 | lengthscale: 1.302 | outputscale: 2.067 | noise: 0.101
Iter 2070 | Loss: -1276.320 | lengthscale: 1.304 | outputscale: 2.095 | noise: 0.101
Iter 2080 | Loss: -1276.522 | lengthscale: 1.314 | outputscale: 2.143 | noise: 0.101
Iter 2090 | Loss: -1276.361 | lengthscale: 1.314 | outputscale: 2.146 | noise: 0.101
Iter 2100 | Loss: -1276.425 | lengthscale: 1.309 | outputscale: 2.122 | noise: 0.101
Iter 2110 | Loss: -1276.374 | lengthscale: 1.311 | outputscale: 2.127 | noise: 0.101
Iter 2120 | Loss: -1276.402 | lengthscale: 1.303 | outputscale: 2.089 | noise: 0.101
Iter 2130 | Loss: -1276.378 | lengthscale: 1.308 | outputscale: 2.111 | noise: 0.101
Iter 2140 | Loss: -1276.411 | lengthscale: 1.308 | outputscale: 2.117 | noise: 0.101
Iter 2150 | Loss: -1276.536 | lengthscale: 1.307 | outputscale: 2.104 | noise: 0.101
Iter 2160 | Loss: -1276.593 | lengthscale: 1.315 | outputscale: 2.147 | noise: 0.101
Iter 2170 | Loss: -1276.531 | lengthscale: 1.313 | outputscale: 2.153 | noise: 0.101
Iter 2180 | Loss: -1276.431 | lengthscale: 1.313 | outputscale: 2.140 | noise: 0.101
Iter 2190 | Loss: -1276.415 | lengthscale: 1.314 | outputscale: 2.125 | noise: 0.101
Iter 2200 | Loss: -1276.357 | lengthscale: 1.302 | outputscale: 2.090 | noise: 0.101
Iter 2210 | Loss: -1276.417 | lengthscale: 1.300 | outputscale: 2.050 | noise: 0.101
Iter 2220 | Loss: -1276.512 | lengthscale: 1.307 | outputscale: 2.097 | noise: 0.101
Iter 2230 | Loss: -1276.505 | lengthscale: 1.309 | outputscale: 2.117 | noise: 0.101
Iter 2240 | Loss: -1276.461 | lengthscale: 1.313 | outputscale: 2.133 | noise: 0.101
Iter 2250 | Loss: -1276.473 | lengthscale: 1.310 | outputscale: 2.130 | noise: 0.101
Iter 2260 | Loss: -1276.485 | lengthscale: 1.311 | outputscale: 2.134 | noise: 0.101
Iter 2270 | Loss: -1276.477 | lengthscale: 1.320 | outputscale: 2.187 | noise: 0.101
Iter 2280 | Loss: -1276.447 | lengthscale: 1.326 | outputscale: 2.229 | noise: 0.101
Iter 2290 | Loss: -1276.567 | lengthscale: 1.326 | outputscale: 2.229 | noise: 0.101
Iter 2300 | Loss: -1276.391 | lengthscale: 1.317 | outputscale: 2.150 | noise: 0.101
Iter 2310 | Loss: -1276.450 | lengthscale: 1.298 | outputscale: 2.071 | noise: 0.101
Iter 2320 | Loss: -1276.426 | lengthscale: 1.291 | outputscale: 2.003 | noise: 0.101
Iter 2330 | Loss: -1276.489 | lengthscale: 1.292 | outputscale: 2.021 | noise: 0.101
Iter 2340 | Loss: -1276.392 | lengthscale: 1.307 | outputscale: 2.095 | noise: 0.101
Iter 2350 | Loss: -1276.428 | lengthscale: 1.307 | outputscale: 2.104 | noise: 0.101
Iter 2360 | Loss: -1276.459 | lengthscale: 1.310 | outputscale: 2.115 | noise: 0.101
Iter 2370 | Loss: -1276.392 | lengthscale: 1.305 | outputscale: 2.092 | noise: 0.101
Iter 2380 | Loss: -1276.378 | lengthscale: 1.310 | outputscale: 2.115 | noise: 0.101
Iter 2390 | Loss: -1276.481 | lengthscale: 1.312 | outputscale: 2.144 | noise: 0.101
Iter 2400 | Loss: -1276.377 | lengthscale: 1.309 | outputscale: 2.115 | noise: 0.101
Iter 2410 | Loss: -1276.419 | lengthscale: 1.299 | outputscale: 2.055 | noise: 0.101
Iter 2420 | Loss: -1276.396 | lengthscale: 1.300 | outputscale: 2.069 | noise: 0.101
Iter 2430 | Loss: -1276.421 | lengthscale: 1.314 | outputscale: 2.135 | noise: 0.101
Iter 2440 | Loss: -1276.516 | lengthscale: 1.313 | outputscale: 2.153 | noise: 0.101
Iter 2450 | Loss: -1276.476 | lengthscale: 1.320 | outputscale: 2.172 | noise: 0.101
Iter 2460 | Loss: -1276.457 | lengthscale: 1.311 | outputscale: 2.131 | noise: 0.101
Iter 2470 | Loss: -1276.416 | lengthscale: 1.305 | outputscale: 2.090 | noise: 0.101
Iter 2480 | Loss: -1276.424 | lengthscale: 1.311 | outputscale: 2.109 | noise: 0.101
Iter 2490 | Loss: -1276.343 | lengthscale: 1.305 | outputscale: 2.098 | noise: 0.101
Iter 2499 | Loss: -1276.454 | lengthscale: 1.311 | outputscale: 2.123 | noise: 0.101
Learned Hyperparams:  {'lengthscale': 1.3107184171676636, 'outputscale': 2.1226909160614014, 'noise': 0.10084759443998337, 'marginal_likelihood_loss_history': [-810.7869873046875, -821.9105224609375, -832.9525146484375, -843.9097900390625, -854.7723388671875, -865.5469970703125, -876.2215576171875, -886.8026123046875, -897.2894287109375, -907.6751708984375, -917.9554443359375, -928.1263427734375, -938.1854248046875, -948.1331787109375, -957.9605712890625, -967.6656494140625, -977.2501220703125, -986.7115478515625, -996.0382080078125, -1005.2401123046875, -1014.3043212890625, -1023.2279052734375, -1032.0101318359375, -1040.6446533203125, -1049.1453857421875, -1057.4920654296875, -1065.6864013671875, -1073.7279052734375, -1081.6104736328125, -1089.3465576171875, -1096.9012451171875, -1104.3055419921875, -1111.5521240234375, -1118.6302490234375, -1125.5228271484375, -1132.2740478515625, -1138.8460693359375, -1145.2435302734375, -1151.4681396484375, -1157.5145263671875, -1163.3929443359375, -1169.1070556640625, -1174.6422119140625, -1180.0045166015625, -1185.1751708984375, -1190.1756591796875, -1195.0281982421875, -1199.6590576171875, -1204.1719970703125, -1208.4705810546875, -1212.6507568359375, -1216.5985107421875, -1220.4539794921875, -1224.0826416015625, -1227.5760498046875, -1230.9056396484375, -1234.0926513671875, -1237.1038818359375, -1239.9520263671875, -1242.6939697265625, -1245.2718505859375, -1247.6995849609375, -1249.9769287109375, -1252.1383056640625, -1254.1756591796875, -1256.0872802734375, -1257.8609619140625, -1259.5286865234375, -1261.1248779296875, -1262.5965576171875, -1263.9556884765625, -1265.1519775390625, -1266.3389892578125, -1267.3431396484375, -1268.3865966796875, -1269.2098388671875, -1270.0545654296875, -1270.8255615234375, -1271.5738525390625, -1272.0789794921875, -1272.5572509765625, -1273.0999755859375, -1273.4874267578125, -1273.9080810546875, -1274.2991943359375, -1274.5894775390625, -1274.8673095703125, -1275.1722412109375, -1275.3228759765625, -1275.5579833984375, -1275.7266845703125, -1275.8038330078125, -1275.8966064453125, -1275.9508056640625, -1276.1007080078125, -1276.1944580078125, -1276.1375732421875, -1276.2374267578125, -1276.3406982421875, -1276.3302001953125, -1276.2962646484375, -1276.4124755859375, -1276.3753662109375, -1276.4764404296875, -1276.3602294921875, -1276.4361572265625, -1276.3763427734375, -1276.5250244140625, -1276.4827880859375, -1276.4468994140625, -1276.4456787109375, -1276.3541259765625, -1276.4461669921875, -1276.4305419921875, -1276.3082275390625, -1276.4171142578125, -1276.3460693359375, -1276.4010009765625, -1276.3399658203125, -1276.3988037109375, -1276.3524169921875, -1276.3363037109375, -1276.4620361328125, -1276.4417724609375, -1276.4144287109375, -1276.5086669921875, -1276.4263916015625, -1276.5755615234375, -1276.4676513671875, -1276.3807373046875, -1276.4078369140625, -1276.3836669921875, -1276.4464111328125, -1276.4193115234375, -1276.3289794921875, -1276.4246826171875, -1276.4061279296875, -1276.3726806640625, -1276.4505615234375, -1276.4151611328125, -1276.4029541015625, -1276.4178466796875, -1276.4610595703125, -1276.4075927734375, -1276.3238525390625, -1276.3248291015625, -1276.4371337890625, -1276.4002685546875, -1276.4342041015625, -1276.4344482421875, -1276.4442138671875, -1276.4593505859375, -1276.3856201171875, -1276.4141845703125, -1276.5115966796875, -1276.4429931640625, -1276.4112548828125, -1276.4051513671875, -1276.4771728515625, -1276.4249267578125, -1276.3326416015625, -1276.4710693359375, -1276.6094970703125, -1276.5174560546875, -1276.5074462890625, -1276.5406494140625, -1276.4547119140625, -1276.4168701171875, -1276.4798583984375, -1276.3956298828125, -1276.5164794921875, -1276.4022216796875, -1276.5274658203125, -1276.3177490234375, -1276.3797607421875, -1276.4422607421875, -1276.4490966796875, -1276.4727783203125, -1276.4698486328125, -1276.3895263671875, -1276.5252685546875, -1276.4774169921875, -1276.4300537109375, -1276.4132080078125, -1276.4644775390625, -1276.4439697265625, -1276.5013427734375, -1276.4215087890625, -1276.4136962890625, -1276.4561767578125, -1276.4342041015625, -1276.4739990234375, -1276.3948974609375, -1276.5472412109375, -1276.4676513671875, -1276.3280029296875, -1276.4012451171875, -1276.4718017578125, -1276.4466552734375, -1276.4757080078125, -1276.4110107421875, -1276.4383544921875, -1276.3477783203125, -1276.3809814453125, -1276.4808349609375, -1276.4532470703125, -1276.4635009765625, -1276.4530029296875, -1276.4439697265625, -1276.4129638671875, -1276.4295654296875, -1276.4525146484375, -1276.4295654296875, -1276.4407958984375, -1276.4708251953125, -1276.4188232421875, -1276.4095458984375, -1276.3470458984375, -1276.4364013671875, -1276.5433349609375, -1276.4730224609375, -1276.4066162109375, -1276.5311279296875, -1276.4515380859375, -1276.3526611328125, -1276.4818115234375, -1276.4901123046875, -1276.5438232421875, -1276.4698486328125, -1276.4361572265625, -1276.3851318359375, -1276.3680419921875, -1276.4281005859375, -1276.5108642578125, -1276.5072021484375, -1276.5443115234375, -1276.3870849609375, -1276.4715576171875, -1276.4559326171875, -1276.4522705078125, -1276.3861083984375, -1276.4881591796875, -1276.3355712890625, -1276.4866943359375, -1276.4871826171875, -1276.4266357421875, -1276.4840087890625, -1276.4962158203125, -1276.3541259765625, -1276.5067138671875, -1276.4124755859375, -1276.3536376953125, -1276.3895263671875, -1276.4671630859375, -1276.4339599609375, -1276.4534912109375, -1276.4822998046875, -1276.4410400390625, -1276.4630126953125, -1276.5052490234375, -1276.4476318359375, -1276.4239501953125, -1276.4195556640625, -1276.4664306640625, -1276.5296630859375, -1276.4351806640625, -1276.3961181640625, -1276.4322509765625, -1276.3641357421875, -1276.4307861328125, -1276.4539794921875, -1276.4827880859375, -1276.4879150390625, -1276.4615478515625, -1276.3636474609375, -1276.4285888671875, -1276.4027099609375, -1276.4642333984375, -1276.4017333984375, -1276.4322509765625, -1276.4884033203125, -1276.4871826171875, -1276.3948974609375, -1276.4017333984375, -1276.4300537109375, -1276.5040283203125, -1276.4637451171875, -1276.5030517578125, -1276.5130615234375, -1276.4788818359375, -1276.4932861328125, -1276.4686279296875, -1276.4700927734375, -1276.4036865234375, -1276.4942626953125, -1276.4573974609375, -1276.3782958984375, -1276.4901123046875, -1276.4798583984375, -1276.4859619140625, -1276.5072021484375, -1276.3968505859375, -1276.5362548828125, -1276.4385986328125, -1276.4637451171875, -1276.3919677734375, -1276.4337158203125, -1276.4818115234375, -1276.5740966796875, -1276.4805908203125, -1276.4678955078125, -1276.4300537109375, -1276.4581298828125, -1276.4788818359375, -1276.3348388671875, -1276.5701904296875, -1276.4385986328125, -1276.3812255859375, -1276.3719482421875, -1276.4031982421875, -1276.3983154296875, -1276.3836669921875, -1276.4285888671875, -1276.5545654296875, -1276.4403076171875, -1276.4398193359375, -1276.4095458984375, -1276.3555908203125, -1276.3968505859375, -1276.4117431640625, -1276.4163818359375, -1276.4334716796875, -1276.4879150390625, -1276.3697509765625, -1276.4337158203125, -1276.4146728515625, -1276.3968505859375, -1276.5081787109375, -1276.4620361328125, -1276.3685302734375, -1276.4705810546875, -1276.3753662109375, -1276.3939208984375, -1276.3699951171875, -1276.4388427734375, -1276.4385986328125, -1276.4471435546875, -1276.5184326171875, -1276.4998779296875, -1276.3568115234375, -1276.4256591796875, -1276.4637451171875, -1276.4656982421875, -1276.4559326171875, -1276.3763427734375, -1276.5177001953125, -1276.4505615234375, -1276.3363037109375, -1276.4649658203125, -1276.4791259765625, -1276.4617919921875, -1276.5006103515625, -1276.3624267578125, -1276.3609619140625, -1276.4034423828125, -1276.3509521484375, -1276.3978271484375, -1276.4857177734375, -1276.4256591796875, -1276.4910888671875, -1276.4027099609375, -1276.3060302734375, -1276.4759521484375, -1276.4752197265625, -1276.4237060546875, -1276.3931884765625, -1276.4559326171875, -1276.4095458984375, -1276.5391845703125, -1276.4798583984375, -1276.4027099609375, -1276.4393310546875, -1276.4290771484375, -1276.3958740234375, -1276.4849853515625, -1276.4447021484375, -1276.3677978515625, -1276.3216552734375, -1276.4569091796875, -1276.3907470703125, -1276.4422607421875, -1276.4224853515625, -1276.4300537109375, -1276.4246826171875, -1276.4840087890625, -1276.4678955078125, -1276.5106201171875, -1276.4339599609375, -1276.4656982421875, -1276.4510498046875, -1276.4368896484375, -1276.4237060546875, -1276.4095458984375, -1276.4339599609375, -1276.3880615234375, -1276.5384521484375, -1276.4171142578125, -1276.5084228515625, -1276.3927001953125, -1276.4696044921875, -1276.2777099609375, -1276.5562744140625, -1276.3782958984375, -1276.4617919921875, -1276.4639892578125, -1276.3961181640625, -1276.3919677734375, -1276.4031982421875, -1276.4178466796875, -1276.4119873046875, -1276.4107666015625, -1276.4412841796875, -1276.3118896484375, -1276.3729248046875, -1276.3045654296875, -1276.4393310546875, -1276.4898681640625, -1276.4647216796875, -1276.3868408203125, -1276.4405517578125, -1276.4578857421875, -1276.3765869140625, -1276.4893798828125, -1276.4654541015625, -1276.3018798828125, -1276.3597412109375, -1276.3914794921875, -1276.4312744140625, -1276.5064697265625, -1276.5198974609375, -1276.4320068359375, -1276.4876708984375, -1276.4046630859375, -1276.3892822265625, -1276.4229736328125, -1276.4212646484375, -1276.4241943359375, -1276.4100341796875, -1276.5262451171875, -1276.4417724609375, -1276.4327392578125, -1276.4815673828125, -1276.3782958984375, -1276.4173583984375, -1276.4776611328125, -1276.4573974609375, -1276.4586181640625, -1276.4197998046875, -1276.5142822265625, -1276.5201416015625, -1276.4583740234375, -1276.4158935546875, -1276.4412841796875, -1276.4508056640625, -1276.5023193359375, -1276.4432373046875, -1276.5223388671875, -1276.3983154296875, -1276.4896240234375, -1276.3924560546875, -1276.3973388671875, -1276.5062255859375, -1276.4525146484375, -1276.4583740234375, -1276.5296630859375, -1276.4049072265625, -1276.4178466796875, -1276.4681396484375, -1276.5223388671875, -1276.4630126953125, -1276.5440673828125, -1276.4451904296875, -1276.4229736328125, -1276.5308837890625, -1276.4439697265625, -1276.4002685546875, -1276.4627685546875, -1276.5736083984375, -1276.5257568359375, -1276.5242919921875, -1276.5435791015625, -1276.4808349609375, -1276.4705810546875, -1276.3607177734375, -1276.5655517578125, -1276.4818115234375, -1276.4764404296875, -1276.3651123046875, -1276.4517822265625, -1276.5916748046875, -1276.5120849609375, -1276.4869384765625, -1276.5286865234375, -1276.4827880859375, -1276.4757080078125, -1276.4354248046875, -1276.4432373046875, -1276.5311279296875, -1276.5169677734375, -1276.4686279296875, -1276.4583740234375, -1276.4510498046875, -1276.4263916015625, -1276.5218505859375, -1276.4312744140625, -1276.5814208984375, -1276.4837646484375, -1276.4437255859375, -1276.5069580078125, -1276.5042724609375, -1276.4705810546875, -1276.4508056640625, -1276.4598388671875, -1276.4581298828125, -1276.3712158203125, -1276.4090576171875, -1276.3990478515625, -1276.3868408203125, -1276.4283447265625, -1276.5394287109375, -1276.4281005859375, -1276.4505615234375, -1276.4920654296875, -1276.4991455078125, -1276.4803466796875, -1276.4183349609375, -1276.4029541015625, -1276.4500732421875, -1276.4239501953125, -1276.3531494140625, -1276.4764404296875, -1276.3695068359375, -1276.3714599609375, -1276.4324951171875, -1276.3851318359375, -1276.4376220703125, -1276.4735107421875, -1276.4654541015625, -1276.4862060546875, -1276.4071044921875, -1276.3699951171875, -1276.4053955078125, -1276.4200439453125, -1276.5845947265625, -1276.5003662109375, -1276.3851318359375, -1276.4896240234375, -1276.4305419921875, -1276.3802490234375, -1276.4256591796875, -1276.4144287109375, -1276.4835205078125, -1276.4432373046875, -1276.5242919921875, -1276.3978271484375, -1276.4073486328125, -1276.4759521484375, -1276.4822998046875, -1276.4874267578125, -1276.5792236328125, -1276.5233154296875, -1276.4437255859375, -1276.4334716796875, -1276.4906005859375, -1276.5413818359375, -1276.5213623046875, -1276.5872802734375, -1276.5250244140625, -1276.4364013671875, -1276.5745849609375, -1276.5384521484375, -1276.4219970703125, -1276.4251708984375, -1276.5443115234375, -1276.4891357421875, -1276.4656982421875, -1276.3343505859375, -1276.4696044921875, -1276.4461669921875, -1276.4949951171875, -1276.4527587890625, -1276.4132080078125, -1276.4822998046875, -1276.4798583984375, -1276.4818115234375, -1276.4490966796875, -1276.5291748046875, -1276.5274658203125, -1276.4505615234375, -1276.4622802734375, -1276.5516357421875, -1276.4398193359375, -1276.4976806640625, -1276.4622802734375, -1276.3975830078125, -1276.3983154296875, -1276.5045166015625, -1276.4788818359375, -1276.4903564453125, -1276.4952392578125, -1276.3780517578125, -1276.5396728515625, -1276.4974365234375, -1276.4681396484375, -1276.5325927734375, -1276.4300537109375, -1276.4857177734375, -1276.4554443359375, -1276.5382080078125, -1276.5037841796875, -1276.4862060546875, -1276.4871826171875, -1276.4847412109375, -1276.4007568359375, -1276.3607177734375, -1276.4954833984375, -1276.4315185546875, -1276.4835205078125, -1276.4586181640625, -1276.3939208984375, -1276.4647216796875, -1276.5343017578125, -1276.3856201171875, -1276.4476318359375, -1276.4686279296875, -1276.4949951171875, -1276.3743896484375, -1276.4334716796875, -1276.4813232421875, -1276.4925537109375, -1276.4954833984375, -1276.4002685546875, -1276.4334716796875, -1276.4002685546875, -1276.4525146484375, -1276.5079345703125, -1276.3099365234375, -1276.4732666015625, -1276.4349365234375, -1276.3870849609375, -1276.3975830078125, -1276.4122314453125, -1276.4139404296875, -1276.5203857421875, -1276.4412841796875, -1276.4017333984375, -1276.4058837890625, -1276.4283447265625, -1276.4908447265625, -1276.4393310546875, -1276.4881591796875, -1276.4683837890625, -1276.4022216796875, -1276.4798583984375, -1276.4927978515625, -1276.3739013671875, -1276.4532470703125, -1276.4310302734375, -1276.4488525390625, -1276.5076904296875, -1276.5242919921875, -1276.5350341796875, -1276.4217529296875, -1276.3944091796875, -1276.5926513671875, -1276.5513916015625, -1276.4608154296875, -1276.4388427734375, -1276.4710693359375, -1276.4466552734375, -1276.5418701171875, -1276.4061279296875, -1276.5572509765625, -1276.5174560546875, -1276.4608154296875, -1276.4344482421875, -1276.3338623046875, -1276.4437255859375, -1276.5013427734375, -1276.5587158203125, -1276.5135498046875, -1276.3345947265625, -1276.4163818359375, -1276.4044189453125, -1276.4327392578125, -1276.4039306640625, -1276.4796142578125, -1276.4366455078125, -1276.4742431640625, -1276.4910888671875, -1276.5611572265625, -1276.4652099609375, -1276.4046630859375, -1276.3614501953125, -1276.4090576171875, -1276.3092041015625, -1276.3983154296875, -1276.4613037109375, -1276.4080810546875, -1276.4295654296875, -1276.5059814453125, -1276.4803466796875, -1276.3829345703125, -1276.3436279296875, -1276.5135498046875, -1276.5142822265625, -1276.3167724609375, -1276.4805908203125, -1276.4715576171875, -1276.2889404296875, -1276.3045654296875, -1276.4879150390625, -1276.3812255859375, -1276.4534912109375, -1276.4290771484375, -1276.4429931640625, -1276.5023193359375, -1276.5155029296875, -1276.4661865234375, -1276.4705810546875, -1276.4915771484375, -1276.5731201171875, -1276.4910888671875, -1276.4820556640625, -1276.4859619140625, -1276.5594482421875, -1276.5164794921875, -1276.5482177734375, -1276.4581298828125, -1276.6090087890625, -1276.4949951171875, -1276.4298095703125, -1276.5706787109375, -1276.5906982421875, -1276.4822998046875, -1276.5814208984375, -1276.5616455078125, -1276.4359130859375, -1276.4798583984375, -1276.5853271484375, -1276.4622802734375, -1276.4984130859375, -1276.3919677734375, -1276.3812255859375, -1276.3802490234375, -1276.4837646484375, -1276.5040283203125, -1276.6224365234375, -1276.4168701171875, -1276.3702392578125, -1276.3016357421875, -1276.4671630859375, -1276.4202880859375, -1276.4754638671875, -1276.4901123046875, -1276.5374755859375, -1276.5279541015625, -1276.4573974609375, -1276.4659423828125, -1276.5042724609375, -1276.3660888671875, -1276.5142822265625, -1276.4222412109375, -1276.3944091796875, -1276.3787841796875, -1276.4466552734375, -1276.4017333984375, -1276.4964599609375, -1276.4691162109375, -1276.5040283203125, -1276.3787841796875, -1276.3861083984375, -1276.3841552734375, -1276.5413818359375, -1276.3851318359375, -1276.4510498046875, -1276.3621826171875, -1276.4354248046875, -1276.4539794921875, -1276.5325927734375, -1276.5028076171875, -1276.5570068359375, -1276.5257568359375, -1276.4691162109375, -1276.3692626953125, -1276.4114990234375, -1276.3922119140625, -1276.4447021484375, -1276.4383544921875, -1276.5118408203125, -1276.5408935546875, -1276.4930419921875, -1276.3797607421875, -1276.4144287109375, -1276.4801025390625, -1276.4776611328125, -1276.4437255859375, -1276.4505615234375, -1276.4842529296875, -1276.5316162109375, -1276.4661865234375, -1276.5330810546875, -1276.3548583984375, -1276.5067138671875, -1276.4671630859375, -1276.3529052734375, -1276.5032958984375, -1276.4803466796875, -1276.4085693359375, -1276.4456787109375, -1276.5306396484375, -1276.4813232421875, -1276.4202880859375, -1276.4947509765625, -1276.5806884765625, -1276.4144287109375, -1276.4864501953125, -1276.4495849609375, -1276.4808349609375, -1276.4393310546875, -1276.5198974609375, -1276.5450439453125, -1276.5057373046875, -1276.5255126953125, -1276.5604248046875, -1276.3834228515625, -1276.4798583984375, -1276.4578857421875, -1276.4359130859375, -1276.4398193359375, -1276.4334716796875, -1276.4393310546875, -1276.3988037109375, -1276.4075927734375, -1276.3983154296875, -1276.2813720703125, -1276.4161376953125, -1276.3670654296875, -1276.4451904296875, -1276.5059814453125, -1276.4241943359375, -1276.5306396484375, -1276.4483642578125, -1276.5272216796875, -1276.4085693359375, -1276.3201904296875, -1276.4090576171875, -1276.4122314453125, -1276.3472900390625, -1276.3660888671875, -1276.3958740234375, -1276.3638916015625, -1276.3377685546875, -1276.3677978515625, -1276.3970947265625, -1276.4310302734375, -1276.4036865234375, -1276.3773193359375, -1276.5037841796875, -1276.3126220703125, -1276.3983154296875, -1276.4539794921875, -1276.4451904296875, -1276.5174560546875, -1276.3074951171875, -1276.3961181640625, -1276.3914794921875, -1276.4788818359375, -1276.3739013671875, -1276.4725341796875, -1276.4185791015625, -1276.4554443359375, -1276.4329833984375, -1276.3587646484375, -1276.4998779296875, -1276.4837646484375, -1276.4395751953125, -1276.3841552734375, -1276.4378662109375, -1276.4105224609375, -1276.4320068359375, -1276.3363037109375, -1276.4515380859375, -1276.4971923828125, -1276.4593505859375, -1276.3580322265625, -1276.4686279296875, -1276.3995361328125, -1276.3746337890625, -1276.4373779296875, -1276.4241943359375, -1276.4871826171875, -1276.3968505859375, -1276.4388427734375, -1276.4705810546875, -1276.4954833984375, -1276.4398193359375, -1276.4002685546875, -1276.4061279296875, -1276.4891357421875, -1276.4349365234375, -1276.4935302734375, -1276.4683837890625, -1276.4447021484375, -1276.3880615234375, -1276.3460693359375, -1276.5150146484375, -1276.4998779296875, -1276.4769287109375, -1276.5045166015625, -1276.3978271484375, -1276.4683837890625, -1276.4774169921875, -1276.5469970703125, -1276.3978271484375, -1276.3841552734375, -1276.3555908203125, -1276.4827880859375, -1276.4842529296875, -1276.3651123046875, -1276.4595947265625, -1276.5159912109375, -1276.5135498046875, -1276.4268798828125, -1276.5267333984375, -1276.4622802734375, -1276.5382080078125, -1276.4862060546875, -1276.4869384765625, -1276.5238037109375, -1276.4637451171875, -1276.4161376953125, -1276.4578857421875, -1276.4019775390625, -1276.3970947265625, -1276.4605712890625, -1276.4490966796875, -1276.4273681640625, -1276.4293212890625, -1276.5640869140625, -1276.4617919921875, -1276.5479736328125, -1276.5164794921875, -1276.4991455078125, -1276.4696044921875, -1276.4271240234375, -1276.4444580078125, -1276.3736572265625, -1276.4571533203125, -1276.4305419921875, -1276.4652099609375, -1276.4859619140625, -1276.4080810546875, -1276.4637451171875, -1276.4683837890625, -1276.4403076171875, -1276.5054931640625, -1276.4930419921875, -1276.5296630859375, -1276.4835205078125, -1276.4605712890625, -1276.4119873046875, -1276.4158935546875, -1276.3995361328125, -1276.3878173828125, -1276.4439697265625, -1276.4959716796875, -1276.4381103515625, -1276.3912353515625, -1276.3629150390625, -1276.4700927734375, -1276.3206787109375, -1276.3697509765625, -1276.4447021484375, -1276.4403076171875, -1276.4383544921875, -1276.3929443359375, -1276.4530029296875, -1276.4451904296875, -1276.4014892578125, -1276.5433349609375, -1276.5765380859375, -1276.4202880859375, -1276.2366943359375, -1276.4266357421875, -1276.3548583984375, -1276.4066162109375, -1276.4759521484375, -1276.4698486328125, -1276.5042724609375, -1276.5042724609375, -1276.3729248046875, -1276.5374755859375, -1276.4483642578125, -1276.4481201171875, -1276.4278564453125, -1276.4105224609375, -1276.3616943359375, -1276.4305419921875, -1276.4676513671875, -1276.4217529296875, -1276.5008544921875, -1276.4635009765625, -1276.4754638671875, -1276.3988037109375, -1276.3951416015625, -1276.4757080078125, -1276.4659423828125, -1276.3863525390625, -1276.4613037109375, -1276.4530029296875, -1276.4031982421875, -1276.4608154296875, -1276.4105224609375, -1276.3951416015625, -1276.5172119140625, -1276.4564208984375, -1276.4593505859375, -1276.5123291015625, -1276.4984130859375, -1276.4732666015625, -1276.3533935546875, -1276.4915771484375, -1276.5086669921875, -1276.4588623046875, -1276.4073486328125, -1276.4097900390625, -1276.3226318359375, -1276.5350341796875, -1276.5057373046875, -1276.4981689453125, -1276.5621337890625, -1276.5184326171875, -1276.4539794921875, -1276.5374755859375, -1276.3975830078125, -1276.3734130859375, -1276.3338623046875, -1276.3858642578125, -1276.4432373046875, -1276.3880615234375, -1276.4090576171875, -1276.4796142578125, -1276.5404052734375, -1276.4710693359375, -1276.4002685546875, -1276.4725341796875, -1276.4481201171875, -1276.5074462890625, -1276.4403076171875, -1276.6016845703125, -1276.5091552734375, -1276.3973388671875, -1276.4698486328125, -1276.4114990234375, -1276.5096435546875, -1276.4801025390625, -1276.4163818359375, -1276.4747314453125, -1276.3939208984375, -1276.4613037109375, -1276.3489990234375, -1276.4822998046875, -1276.3131103515625, -1276.3455810546875, -1276.4534912109375, -1276.4671630859375, -1276.4412841796875, -1276.3743896484375, -1276.4642333984375, -1276.4473876953125, -1276.5177001953125, -1276.3660888671875, -1276.5609130859375, -1276.4625244140625, -1276.3236083984375, -1276.4002685546875, -1276.4698486328125, -1276.4051513671875, -1276.5159912109375, -1276.3494873046875, -1276.4764404296875, -1276.4705810546875, -1276.4542236328125, -1276.4993896484375, -1276.4378662109375, -1276.4051513671875, -1276.4285888671875, -1276.4925537109375, -1276.3717041015625, -1276.4803466796875, -1276.5023193359375, -1276.4002685546875, -1276.4935302734375, -1276.3460693359375, -1276.3814697265625, -1276.4036865234375, -1276.4659423828125, -1276.3580322265625, -1276.4268798828125, -1276.4661865234375, -1276.4056396484375, -1276.4410400390625, -1276.4725341796875, -1276.4154052734375, -1276.4078369140625, -1276.4700927734375, -1276.3856201171875, -1276.3856201171875, -1276.3851318359375, -1276.4737548828125, -1276.3907470703125, -1276.3143310546875, -1276.3226318359375, -1276.3909912109375, -1276.4071044921875, -1276.4559326171875, -1276.4124755859375, -1276.5028076171875, -1276.4537353515625, -1276.4847412109375, -1276.3695068359375, -1276.4849853515625, -1276.5123291015625, -1276.5111083984375, -1276.4349365234375, -1276.3966064453125, -1276.4229736328125, -1276.5494384765625, -1276.4588623046875, -1276.6256103515625, -1276.5587158203125, -1276.4627685546875, -1276.4010009765625, -1276.4354248046875, -1276.4739990234375, -1276.5355224609375, -1276.3258056640625, -1276.5296630859375, -1276.5408935546875, -1276.4525146484375, -1276.5667724609375, -1276.4324951171875, -1276.3714599609375, -1276.4691162109375, -1276.5726318359375, -1276.4241943359375, -1276.4798583984375, -1276.4637451171875, -1276.4295654296875, -1276.3624267578125, -1276.4432373046875, -1276.4708251953125, -1276.3685302734375, -1276.4832763671875, -1276.4781494140625, -1276.3162841796875, -1276.4295654296875, -1276.4022216796875, -1276.4158935546875, -1276.3297119140625, -1276.4725341796875, -1276.3607177734375, -1276.3997802734375, -1276.4913330078125, -1276.4964599609375, -1276.3902587890625, -1276.4010009765625, -1276.3746337890625, -1276.4571533203125, -1276.4849853515625, -1276.3753662109375, -1276.4320068359375, -1276.3836669921875, -1276.4146728515625, -1276.3280029296875, -1276.3909912109375, -1276.3765869140625, -1276.4310302734375, -1276.5238037109375, -1276.4696044921875, -1276.4373779296875, -1276.3472900390625, -1276.3553466796875, -1276.3663330078125, -1276.4556884765625, -1276.3880615234375, -1276.3824462890625, -1276.4024658203125, -1276.3028564453125, -1276.4322509765625, -1276.4490966796875, -1276.5201416015625, -1276.3914794921875, -1276.4444580078125, -1276.4200439453125, -1276.3450927734375, -1276.5692138671875, -1276.4285888671875, -1276.4808349609375, -1276.5081787109375, -1276.5076904296875, -1276.4913330078125, -1276.4803466796875, -1276.4215087890625, -1276.4869384765625, -1276.3782958984375, -1276.4696044921875, -1276.4388427734375, -1276.3868408203125, -1276.4227294921875, -1276.4276123046875, -1276.3648681640625, -1276.4049072265625, -1276.3922119140625, -1276.4866943359375, -1276.4256591796875, -1276.4757080078125, -1276.4571533203125, -1276.4708251953125, -1276.4127197265625, -1276.4598388671875, -1276.4075927734375, -1276.4940185546875, -1276.5277099609375, -1276.4415283203125, -1276.4212646484375, -1276.3909912109375, -1276.4100341796875, -1276.4244384765625, -1276.4520263671875, -1276.3658447265625, -1276.4837646484375, -1276.4754638671875, -1276.3634033203125, -1276.4278564453125, -1276.4896240234375, -1276.4893798828125, -1276.4305419921875, -1276.4613037109375, -1276.4564208984375, -1276.5301513671875, -1276.3865966796875, -1276.4564208984375, -1276.4354248046875, -1276.4945068359375, -1276.4818115234375, -1276.5660400390625, -1276.5072021484375, -1276.3909912109375, -1276.4119873046875, -1276.4239501953125, -1276.4349365234375, -1276.4417724609375, -1276.4573974609375, -1276.5201416015625, -1276.5111083984375, -1276.4139404296875, -1276.4449462890625, -1276.4466552734375, -1276.3834228515625, -1276.4881591796875, -1276.4776611328125, -1276.5399169921875, -1276.5467529296875, -1276.4732666015625, -1276.3988037109375, -1276.3931884765625, -1276.5267333984375, -1276.4078369140625, -1276.4493408203125, -1276.3892822265625, -1276.4178466796875, -1276.5311279296875, -1276.5330810546875, -1276.4620361328125, -1276.4183349609375, -1276.4610595703125, -1276.5155029296875, -1276.4461669921875, -1276.4818115234375, -1276.4232177734375, -1276.4898681640625, -1276.5201416015625, -1276.4622802734375, -1276.4300537109375, -1276.4114990234375, -1276.4241943359375, -1276.4591064453125, -1276.5731201171875, -1276.4068603515625, -1276.4437255859375, -1276.4530029296875, -1276.3328857421875, -1276.4718017578125, -1276.4766845703125, -1276.4073486328125, -1276.4185791015625, -1276.4334716796875, -1276.4237060546875, -1276.4178466796875, -1276.4544677734375, -1276.4842529296875, -1276.4359130859375, -1276.4095458984375, -1276.3104248046875, -1276.3851318359375, -1276.4317626953125, -1276.5008544921875, -1276.5130615234375, -1276.3529052734375, -1276.4388427734375, -1276.3841552734375, -1276.3343505859375, -1276.4454345703125, -1276.4661865234375, -1276.4520263671875, -1276.5208740234375, -1276.4505615234375, -1276.5140380859375, -1276.4044189453125, -1276.4193115234375, -1276.3760986328125, -1276.4718017578125, -1276.3685302734375, -1276.4583740234375, -1276.4158935546875, -1276.5213623046875, -1276.5767822265625, -1276.4569091796875, -1276.5028076171875, -1276.4490966796875, -1276.4093017578125, -1276.3924560546875, -1276.3773193359375, -1276.5140380859375, -1276.4454345703125, -1276.3531494140625, -1276.4549560546875, -1276.4891357421875, -1276.4588623046875, -1276.5704345703125, -1276.4234619140625, -1276.4368896484375, -1276.3360595703125, -1276.5479736328125, -1276.4066162109375, -1276.4879150390625, -1276.4608154296875, -1276.3140869140625, -1276.5650634765625, -1276.4246826171875, -1276.5369873046875, -1276.4896240234375, -1276.4923095703125, -1276.3717041015625, -1276.5360107421875, -1276.4842529296875, -1276.5289306640625, -1276.5404052734375, -1276.5096435546875, -1276.4571533203125, -1276.4710693359375, -1276.6553955078125, -1276.5584716796875, -1276.5299072265625, -1276.4945068359375, -1276.4549560546875, -1276.5147705078125, -1276.4495849609375, -1276.5008544921875, -1276.3880615234375, -1276.4803466796875, -1276.5050048828125, -1276.4454345703125, -1276.5650634765625, -1276.5050048828125, -1276.4046630859375, -1276.4017333984375, -1276.5103759765625, -1276.4300537109375, -1276.4891357421875, -1276.3861083984375, -1276.4324951171875, -1276.4930419921875, -1276.4227294921875, -1276.4842529296875, -1276.5262451171875, -1276.4327392578125, -1276.4901123046875, -1276.5123291015625, -1276.4930419921875, -1276.5145263671875, -1276.5509033203125, -1276.4617919921875, -1276.5960693359375, -1276.4654541015625, -1276.5074462890625, -1276.4803466796875, -1276.5101318359375, -1276.5426025390625, -1276.4376220703125, -1276.4791259765625, -1276.4373779296875, -1276.4715576171875, -1276.5184326171875, -1276.4237060546875, -1276.3873291015625, -1276.4884033203125, -1276.3983154296875, -1276.4617919921875, -1276.4398193359375, -1276.5150146484375, -1276.6048583984375, -1276.3719482421875, -1276.4725341796875, -1276.5819091796875, -1276.4544677734375, -1276.5594482421875, -1276.4298095703125, -1276.5262451171875, -1276.4813232421875, -1276.5157470703125, -1276.5191650390625, -1276.6292724609375, -1276.5106201171875, -1276.5399169921875, -1276.5023193359375, -1276.4786376953125, -1276.5670166015625, -1276.5252685546875, -1276.5111083984375, -1276.4949951171875, -1276.5672607421875, -1276.4471435546875, -1276.6190185546875, -1276.4830322265625, -1276.4964599609375, -1276.5091552734375, -1276.4676513671875, -1276.4171142578125, -1276.4295654296875, -1276.5008544921875, -1276.4056396484375, -1276.4930419921875, -1276.4849853515625, -1276.3658447265625, -1276.4471435546875, -1276.5494384765625, -1276.4466552734375, -1276.5909423828125, -1276.4573974609375, -1276.3216552734375, -1276.4884033203125, -1276.3731689453125, -1276.4049072265625, -1276.3719482421875, -1276.4490966796875, -1276.4327392578125, -1276.4893798828125, -1276.3685302734375, -1276.3948974609375, -1276.5238037109375, -1276.3873291015625, -1276.4315185546875, -1276.4219970703125, -1276.4158935546875, -1276.5059814453125, -1276.5198974609375, -1276.3924560546875, -1276.4105224609375, -1276.4644775390625, -1276.4808349609375, -1276.5797119140625, -1276.5057373046875, -1276.4771728515625, -1276.4671630859375, -1276.4361572265625, -1276.4229736328125, -1276.4005126953125, -1276.3743896484375, -1276.4857177734375, -1276.4725341796875, -1276.5181884765625, -1276.4769287109375, -1276.3868408203125, -1276.4339599609375, -1276.4974365234375, -1276.4781494140625, -1276.4405517578125, -1276.4661865234375, -1276.5130615234375, -1276.4700927734375, -1276.4554443359375, -1276.5218505859375, -1276.4871826171875, -1276.5223388671875, -1276.3448486328125, -1276.4820556640625, -1276.4432373046875, -1276.3697509765625, -1276.4979248046875, -1276.4959716796875, -1276.3822021484375, -1276.4786376953125, -1276.4891357421875, -1276.4315185546875, -1276.5350341796875, -1276.4898681640625, -1276.4864501953125, -1276.4185791015625, -1276.4703369140625, -1276.4244384765625, -1276.4681396484375, -1276.5653076171875, -1276.4356689453125, -1276.5672607421875, -1276.4117431640625, -1276.4139404296875, -1276.4515380859375, -1276.3939208984375, -1276.4803466796875, -1276.4608154296875, -1276.4910888671875, -1276.2742919921875, -1276.4129638671875, -1276.5125732421875, -1276.4251708984375, -1276.3516845703125, -1276.4429931640625, -1276.5543212890625, -1276.3953857421875, -1276.4869384765625, -1276.4666748046875, -1276.4630126953125, -1276.6058349609375, -1276.5213623046875, -1276.5213623046875, -1276.5093994140625, -1276.5062255859375, -1276.4234619140625, -1276.5789794921875, -1276.5010986328125, -1276.3951416015625, -1276.4613037109375, -1276.4691162109375, -1276.4447021484375, -1276.4425048828125, -1276.4412841796875, -1276.4664306640625, -1276.3331298828125, -1276.4183349609375, -1276.4034423828125, -1276.4359130859375, -1276.5662841796875, -1276.3343505859375, -1276.3602294921875, -1276.3753662109375, -1276.4774169921875, -1276.4456787109375, -1276.4197998046875, -1276.4224853515625, -1276.3968505859375, -1276.3426513671875, -1276.4730224609375, -1276.6090087890625, -1276.4727783203125, -1276.5401611328125, -1276.4229736328125, -1276.3189697265625, -1276.3604736328125, -1276.4522705078125, -1276.3634033203125, -1276.4320068359375, -1276.4915771484375, -1276.3426513671875, -1276.4573974609375, -1276.2938232421875, -1276.4114990234375, -1276.5008544921875, -1276.4598388671875, -1276.4415283203125, -1276.4232177734375, -1276.4407958984375, -1276.3988037109375, -1276.5423583984375, -1276.3658447265625, -1276.4686279296875, -1276.3746337890625, -1276.4637451171875, -1276.4500732421875, -1276.3729248046875, -1276.5574951171875, -1276.4429931640625, -1276.5137939453125, -1276.4798583984375, -1276.3856201171875, -1276.4437255859375, -1276.4310302734375, -1276.4359130859375, -1276.4085693359375, -1276.5252685546875, -1276.4317626953125, -1276.4544677734375, -1276.4676513671875, -1276.5386962890625, -1276.4556884765625, -1276.4522705078125, -1276.4066162109375, -1276.3870849609375, -1276.5047607421875, -1276.6007080078125, -1276.4105224609375, -1276.4793701171875, -1276.4727783203125, -1276.3861083984375, -1276.4339599609375, -1276.4451904296875, -1276.4110107421875, -1276.3648681640625, -1276.4337158203125, -1276.3988037109375, -1276.4129638671875, -1276.3900146484375, -1276.4227294921875, -1276.4031982421875, -1276.4144287109375, -1276.3702392578125, -1276.2635498046875, -1276.4439697265625, -1276.4285888671875, -1276.4971923828125, -1276.4139404296875, -1276.4197998046875, -1276.4898681640625, -1276.3582763671875, -1276.3565673828125, -1276.3343505859375, -1276.4508056640625, -1276.5179443359375, -1276.4173583984375, -1276.5257568359375, -1276.4852294921875, -1276.4195556640625, -1276.4010009765625, -1276.4515380859375, -1276.4151611328125, -1276.4906005859375, -1276.4158935546875, -1276.4354248046875, -1276.4959716796875, -1276.3961181640625, -1276.4132080078125, -1276.4837646484375, -1276.4241943359375, -1276.4849853515625, -1276.4241943359375, -1276.4293212890625, -1276.4822998046875, -1276.4942626953125, -1276.3323974609375, -1276.3739013671875, -1276.3482666015625, -1276.4678955078125, -1276.4761962890625, -1276.4908447265625, -1276.4207763671875, -1276.4732666015625, -1276.3470458984375, -1276.5159912109375, -1276.4200439453125, -1276.3824462890625, -1276.3919677734375, -1276.3978271484375, -1276.4534912109375, -1276.4888916015625, -1276.5819091796875, -1276.4168701171875, -1276.4029541015625, -1276.4007568359375, -1276.4949951171875, -1276.4149169921875, -1276.5360107421875, -1276.4813232421875, -1276.4918212890625, -1276.6409912109375, -1276.5423583984375, -1276.3807373046875, -1276.4490966796875, -1276.4708251953125, -1276.4078369140625, -1276.5277099609375, -1276.4215087890625, -1276.4405517578125, -1276.4197998046875, -1276.4952392578125, -1276.4090576171875, -1276.5618896484375, -1276.4625244140625, -1276.4774169921875, -1276.4832763671875, -1276.4549560546875, -1276.4820556640625, -1276.4310302734375, -1276.4639892578125, -1276.4056396484375, -1276.3143310546875, -1276.5037841796875, -1276.4051513671875, -1276.5374755859375, -1276.5213623046875, -1276.5413818359375, -1276.4378662109375, -1276.5047607421875, -1276.4466552734375, -1276.4508056640625, -1276.4720458984375, -1276.4466552734375, -1276.4373779296875, -1276.4842529296875, -1276.4595947265625, -1276.4364013671875, -1276.4486083984375, -1276.4068603515625, -1276.3946533203125, -1276.3787841796875, -1276.4447021484375, -1276.4569091796875, -1276.5101318359375, -1276.4327392578125, -1276.3729248046875, -1276.4964599609375, -1276.4012451171875, -1276.4486083984375, -1276.5067138671875, -1276.4830322265625, -1276.5013427734375, -1276.5408935546875, -1276.5267333984375, -1276.4542236328125, -1276.4749755859375, -1276.5426025390625, -1276.5633544921875, -1276.5638427734375, -1276.4720458984375, -1276.4793701171875, -1276.4500732421875, -1276.4901123046875, -1276.4100341796875, -1276.4703369140625, -1276.4114990234375, -1276.4468994140625, -1276.4515380859375, -1276.5257568359375, -1276.4371337890625, -1276.5523681640625, -1276.4158935546875, -1276.4625244140625, -1276.4002685546875, -1276.4486083984375, -1276.4129638671875, -1276.4056396484375, -1276.3948974609375, -1276.4517822265625, -1276.5321044921875, -1276.4290771484375, -1276.4515380859375, -1276.3656005859375, -1276.4422607421875, -1276.4539794921875, -1276.4176025390625, -1276.4947509765625, -1276.4451904296875, -1276.4544677734375, -1276.4954833984375, -1276.4403076171875, -1276.4095458984375, -1276.5323486328125, -1276.4066162109375, -1276.4383544921875, -1276.3826904296875, -1276.5921630859375, -1276.5609130859375, -1276.4874267578125, -1276.4820556640625, -1276.4959716796875, -1276.5042724609375, -1276.5067138671875, -1276.4910888671875, -1276.4598388671875, -1276.4544677734375, -1276.3597412109375, -1276.5311279296875, -1276.4991455078125, -1276.4090576171875, -1276.4569091796875, -1276.5477294921875, -1276.4100341796875, -1276.5609130859375, -1276.4307861328125, -1276.4490966796875, -1276.4844970703125, -1276.4796142578125, -1276.4932861328125, -1276.5081787109375, -1276.4632568359375, -1276.2674560546875, -1276.4549560546875, -1276.4683837890625, -1276.3609619140625, -1276.3966064453125, -1276.3746337890625, -1276.3751220703125, -1276.4036865234375, -1276.3411865234375, -1276.4434814453125, -1276.3419189453125, -1276.4136962890625, -1276.3656005859375, -1276.3809814453125, -1276.4564208984375, -1276.4056396484375, -1276.3958740234375, -1276.4954833984375, -1276.4503173828125, -1276.3658447265625, -1276.3695068359375, -1276.3045654296875, -1276.4676513671875, -1276.4588623046875, -1276.4779052734375, -1276.4271240234375, -1276.5179443359375, -1276.3114013671875, -1276.3819580078125, -1276.5101318359375, -1276.5614013671875, -1276.4222412109375, -1276.4676513671875, -1276.3729248046875, -1276.3509521484375, -1276.3636474609375, -1276.4229736328125, -1276.4034423828125, -1276.4530029296875, -1276.4339599609375, -1276.3966064453125, -1276.3597412109375, -1276.4298095703125, -1276.4510498046875, -1276.4456787109375, -1276.4078369140625, -1276.4403076171875, -1276.3817138671875, -1276.4405517578125, -1276.4046630859375, -1276.4078369140625, -1276.4537353515625, -1276.4710693359375, -1276.3924560546875, -1276.3768310546875, -1276.3934326171875, -1276.2603759765625, -1276.4652099609375, -1276.3995361328125, -1276.4063720703125, -1276.3634033203125, -1276.3519287109375, -1276.4437255859375, -1276.4671630859375, -1276.4342041015625, -1276.5565185546875, -1276.4381103515625, -1276.3763427734375, -1276.5316162109375, -1276.4490966796875, -1276.4031982421875, -1276.4068603515625, -1276.4222412109375, -1276.4947509765625, -1276.4256591796875, -1276.3800048828125, -1276.4200439453125, -1276.4324951171875, -1276.4654541015625, -1276.4852294921875, -1276.4495849609375, -1276.3948974609375, -1276.4041748046875, -1276.4532470703125, -1276.4779052734375, -1276.4891357421875, -1276.5623779296875, -1276.4652099609375, -1276.5594482421875, -1276.4527587890625, -1276.4676513671875, -1276.4071044921875, -1276.4293212890625, -1276.3382568359375, -1276.4454345703125, -1276.5037841796875, -1276.4925537109375, -1276.3636474609375, -1276.4671630859375, -1276.4300537109375, -1276.4110107421875, -1276.4215087890625, -1276.4681396484375, -1276.4530029296875, -1276.4227294921875, -1276.5321044921875, -1276.4637451171875, -1276.4144287109375, -1276.4656982421875, -1276.5347900390625, -1276.3753662109375, -1276.3211669921875, -1276.4476318359375, -1276.4407958984375, -1276.4534912109375, -1276.5311279296875, -1276.4378662109375, -1276.3975830078125, -1276.3697509765625, -1276.4232177734375, -1276.4276123046875, -1276.3260498046875, -1276.3609619140625, -1276.3387451171875, -1276.3558349609375, -1276.4024658203125, -1276.4278564453125, -1276.4193115234375, -1276.4146728515625, -1276.5189208984375, -1276.3504638671875, -1276.4705810546875, -1276.4210205078125, -1276.5037841796875, -1276.4732666015625, -1276.4010009765625, -1276.4530029296875, -1276.6033935546875, -1276.3963623046875, -1276.4266357421875, -1276.4964599609375, -1276.4681396484375, -1276.4935302734375, -1276.4149169921875, -1276.4237060546875, -1276.5426025390625, -1276.4237060546875, -1276.5565185546875, -1276.5518798828125, -1276.5032958984375, -1276.5950927734375, -1276.5157470703125, -1276.4749755859375, -1276.6441650390625, -1276.5540771484375, -1276.4776611328125, -1276.4486083984375, -1276.4437255859375, -1276.5753173828125, -1276.5557861328125, -1276.5335693359375, -1276.5196533203125, -1276.4100341796875, -1276.4237060546875, -1276.5111083984375, -1276.3873291015625, -1276.4476318359375, -1276.4573974609375, -1276.4244384765625, -1276.4920654296875, -1276.4886474609375, -1276.4969482421875, -1276.3626708984375, -1276.3314208984375, -1276.5067138671875, -1276.3758544921875, -1276.3887939453125, -1276.5540771484375, -1276.4163818359375, -1276.3404541015625, -1276.3607177734375, -1276.4093017578125, -1276.4813232421875, -1276.4486083984375, -1276.4781494140625, -1276.4100341796875, -1276.4285888671875, -1276.4400634765625, -1276.4412841796875, -1276.4652099609375, -1276.4044189453125, -1276.3216552734375, -1276.4180908203125, -1276.3853759765625, -1276.4505615234375, -1276.3834228515625, -1276.3851318359375, -1276.4974365234375, -1276.4927978515625, -1276.4488525390625, -1276.4376220703125, -1276.5238037109375, -1276.5289306640625, -1276.4473876953125, -1276.3856201171875, -1276.4798583984375, -1276.5474853515625, -1276.5072021484375, -1276.4759521484375, -1276.3980712890625, -1276.3414306640625, -1276.3924560546875, -1276.5211181640625, -1276.5242919921875, -1276.5570068359375, -1276.4481201171875, -1276.4962158203125, -1276.5233154296875, -1276.4095458984375, -1276.4576416015625, -1276.5386962890625, -1276.3255615234375, -1276.4232177734375, -1276.4635009765625, -1276.4952392578125, -1276.4283447265625, -1276.4686279296875, -1276.3709716796875, -1276.4388427734375, -1276.4652099609375, -1276.3736572265625, -1276.3868408203125, -1276.3885498046875, -1276.4261474609375, -1276.3419189453125, -1276.4466552734375, -1276.3426513671875, -1276.3519287109375, -1276.3370361328125, -1276.4010009765625, -1276.4461669921875, -1276.3607177734375, -1276.3402099609375, -1276.3905029296875, -1276.3729248046875, -1276.4251708984375, -1276.4886474609375, -1276.4417724609375, -1276.3929443359375, -1276.3895263671875, -1276.4212646484375, -1276.5133056640625, -1276.4002685546875, -1276.4798583984375, -1276.3197021484375, -1276.3331298828125, -1276.3814697265625, -1276.4202880859375, -1276.4390869140625, -1276.5123291015625, -1276.5589599609375, -1276.3570556640625, -1276.4559326171875, -1276.5513916015625, -1276.5216064453125, -1276.5643310546875, -1276.5565185546875, -1276.4515380859375, -1276.4305419921875, -1276.5179443359375, -1276.4647216796875, -1276.4759521484375, -1276.5428466796875, -1276.5767822265625, -1276.3607177734375, -1276.5753173828125, -1276.4862060546875, -1276.4041748046875, -1276.4300537109375, -1276.4617919921875, -1276.4383544921875, -1276.4847412109375, -1276.4686279296875, -1276.3785400390625, -1276.4246826171875, -1276.5133056640625, -1276.4827880859375, -1276.4349365234375, -1276.4676513671875, -1276.4793701171875, -1276.4049072265625, -1276.4639892578125, -1276.4344482421875, -1276.4598388671875, -1276.3743896484375, -1276.4217529296875, -1276.3890380859375, -1276.3709716796875, -1276.4993896484375, -1276.4727783203125, -1276.3363037109375, -1276.4002685546875, -1276.4542236328125, -1276.4012451171875, -1276.4019775390625, -1276.3094482421875, -1276.5108642578125, -1276.5091552734375, -1276.4024658203125, -1276.4698486328125, -1276.4925537109375, -1276.4508056640625, -1276.3387451171875, -1276.3880615234375, -1276.3780517578125, -1276.4903564453125, -1276.5540771484375, -1276.4964599609375, -1276.5086669921875, -1276.4661865234375, -1276.4205322265625, -1276.4320068359375, -1276.4473876953125, -1276.5189208984375, -1276.4110107421875, -1276.4588623046875, -1276.4456787109375, -1276.5279541015625, -1276.3419189453125, -1276.4283447265625, -1276.4769287109375, -1276.5770263671875, -1276.4608154296875, -1276.4427490234375, -1276.5364990234375, -1276.4866943359375, -1276.5377197265625, -1276.3914794921875, -1276.5345458984375, -1276.4940185546875, -1276.4383544921875, -1276.4261474609375, -1276.4324951171875, -1276.4857177734375, -1276.5926513671875, -1276.4403076171875, -1276.4461669921875, -1276.4586181640625, -1276.4559326171875, -1276.5784912109375, -1276.5272216796875, -1276.5438232421875, -1276.6199951171875, -1276.5465087890625, -1276.5306396484375, -1276.4774169921875, -1276.5023193359375, -1276.4891357421875, -1276.4183349609375, -1276.5233154296875, -1276.5211181640625, -1276.5152587890625, -1276.4681396484375, -1276.4456787109375, -1276.4305419921875, -1276.4061279296875, -1276.4544677734375, -1276.5257568359375, -1276.4354248046875, -1276.4251708984375, -1276.3641357421875, -1276.4490966796875, -1276.4158935546875, -1276.4847412109375, -1276.4149169921875, -1276.3626708984375, -1276.4312744140625, -1276.4906005859375, -1276.4197998046875, -1276.4503173828125, -1276.4010009765625, -1276.4012451171875, -1276.4207763671875, -1276.5115966796875, -1276.3565673828125, -1276.4068603515625, -1276.3160400390625, -1276.3646240234375, -1276.4185791015625, -1276.3907470703125, -1276.4832763671875, -1276.3709716796875, -1276.4613037109375, -1276.4324951171875, -1276.4171142578125, -1276.4783935546875, -1276.3372802734375, -1276.3690185546875, -1276.4178466796875, -1276.3641357421875, -1276.4793701171875, -1276.4466552734375, -1276.4320068359375, -1276.4112548828125, -1276.5120849609375, -1276.4129638671875, -1276.4725341796875, -1276.4256591796875, -1276.4869384765625, -1276.3946533203125, -1276.4056396484375, -1276.4793701171875, -1276.4857177734375, -1276.4715576171875, -1276.5045166015625, -1276.5272216796875, -1276.3773193359375, -1276.4615478515625, -1276.5277099609375, -1276.4163818359375, -1276.4959716796875, -1276.4608154296875, -1276.4639892578125, -1276.4622802734375, -1276.4610595703125, -1276.4803466796875, -1276.4022216796875, -1276.5030517578125, -1276.3895263671875, -1276.4595947265625, -1276.3070068359375, -1276.5150146484375, -1276.4888916015625, -1276.4464111328125, -1276.4725341796875, -1276.4664306640625, -1276.4395751953125, -1276.3724365234375, -1276.4622802734375, -1276.4534912109375, -1276.4429931640625, -1276.4364013671875, -1276.3885498046875, -1276.4141845703125, -1276.4847412109375, -1276.3905029296875, -1276.4730224609375, -1276.4559326171875, -1276.4163818359375, -1276.4700927734375, -1276.4803466796875, -1276.4637451171875, -1276.5560302734375, -1276.5003662109375, -1276.4771728515625, -1276.4945068359375, -1276.4117431640625, -1276.5047607421875, -1276.6131591796875, -1276.4696044921875, -1276.3768310546875, -1276.4132080078125, -1276.5301513671875, -1276.4681396484375, -1276.4471435546875, -1276.4095458984375, -1276.4378662109375, -1276.5548095703125, -1276.5443115234375, -1276.4036865234375, -1276.5108642578125, -1276.3577880859375, -1276.4417724609375, -1276.5179443359375, -1276.5665283203125, -1276.3226318359375, -1276.4078369140625, -1276.4322509765625, -1276.4744873046875, -1276.4305419921875, -1276.4901123046875, -1276.5743408203125, -1276.4102783203125, -1276.5887451171875, -1276.3909912109375, -1276.4344482421875, -1276.5223388671875, -1276.4212646484375, -1276.3646240234375, -1276.4110107421875, -1276.3958740234375, -1276.4061279296875, -1276.4471435546875, -1276.3797607421875, -1276.4498291015625, -1276.5721435546875, -1276.3741455078125, -1276.4349365234375, -1276.4310302734375, -1276.3983154296875, -1276.4178466796875, -1276.4271240234375, -1276.3621826171875, -1276.4285888671875, -1276.4263916015625, -1276.4547119140625, -1276.3878173828125, -1276.4222412109375, -1276.4652099609375, -1276.3885498046875, -1276.3543701171875, -1276.3961181640625, -1276.3900146484375, -1276.4185791015625, -1276.4891357421875, -1276.4598388671875, -1276.4715576171875, -1276.4195556640625, -1276.3035888671875, -1276.3846435546875, -1276.4510498046875, -1276.3988037109375, -1276.3553466796875, -1276.4197998046875, -1276.3924560546875, -1276.4339599609375, -1276.4696044921875, -1276.4642333984375, -1276.4769287109375, -1276.4844970703125, -1276.5198974609375, -1276.4478759765625, -1276.4373779296875, -1276.5115966796875, -1276.4276123046875, -1276.4141845703125, -1276.4364013671875, -1276.4581298828125, -1276.4832763671875, -1276.4649658203125, -1276.3643798828125, -1276.3319091796875, -1276.5653076171875, -1276.4578857421875, -1276.4588623046875, -1276.4124755859375, -1276.5150146484375, -1276.3944091796875, -1276.3465576171875, -1276.3280029296875, -1276.4075927734375, -1276.4144287109375, -1276.4359130859375, -1276.4010009765625, -1276.3924560546875, -1276.3963623046875, -1276.4720458984375, -1276.4530029296875, -1276.5098876953125, -1276.5540771484375, -1276.3936767578125, -1276.4276123046875, -1276.4906005859375, -1276.5260009765625, -1276.3778076171875, -1276.4085693359375, -1276.4534912109375, -1276.5054931640625, -1276.5050048828125, -1276.4600830078125, -1276.4564208984375, -1276.4796142578125, -1276.4527587890625, -1276.4801025390625, -1276.4810791015625, -1276.5306396484375, -1276.4796142578125, -1276.4598388671875, -1276.4639892578125, -1276.5474853515625, -1276.5487060546875, -1276.4439697265625, -1276.4862060546875, -1276.4835205078125, -1276.3768310546875, -1276.4454345703125, -1276.4573974609375, -1276.4447021484375, -1276.4752197265625, -1276.5050048828125, -1276.4276123046875, -1276.4674072265625, -1276.3988037109375, -1276.4620361328125, -1276.4193115234375, -1276.2974853515625, -1276.4271240234375, -1276.3546142578125, -1276.3629150390625, -1276.4500732421875, -1276.4227294921875, -1276.3763427734375, -1276.4395751953125, -1276.4122314453125, -1276.3958740234375, -1276.3895263671875, -1276.3472900390625, -1276.4110107421875, -1276.4053955078125, -1276.4234619140625, -1276.4100341796875, -1276.4239501953125, -1276.4925537109375, -1276.4647216796875, -1276.4205322265625, -1276.5150146484375, -1276.4564208984375, -1276.4056396484375, -1276.4739990234375, -1276.4425048828125, -1276.4886474609375, -1276.4791259765625, -1276.5552978515625, -1276.5755615234375, -1276.5155029296875, -1276.4666748046875, -1276.5435791015625, -1276.4886474609375, -1276.4979248046875, -1276.5653076171875, -1276.4920654296875, -1276.6036376953125, -1276.4769287109375, -1276.4344482421875, -1276.4764404296875, -1276.4630126953125, -1276.4515380859375, -1276.5294189453125, -1276.5648193359375, -1276.4847412109375, -1276.4383544921875, -1276.4456787109375, -1276.4927978515625, -1276.4813232421875, -1276.4566650390625, -1276.4522705078125, -1276.4498291015625, -1276.4212646484375, -1276.4700927734375, -1276.4630126953125, -1276.3536376953125, -1276.4251708984375, -1276.4635009765625, -1276.4681396484375, -1276.4158935546875, -1276.4735107421875, -1276.3209228515625, -1276.2999267578125, -1276.4598388671875, -1276.4759521484375, -1276.4429931640625, -1276.4671630859375, -1276.3905029296875, -1276.2711181640625, -1276.4241943359375, -1276.4774169921875, -1276.5447998046875, -1276.4468994140625, -1276.3953857421875, -1276.4613037109375, -1276.3543701171875, -1276.5184326171875, -1276.4656982421875, -1276.3201904296875, -1276.3431396484375, -1276.5279541015625, -1276.4407958984375, -1276.4891357421875, -1276.3455810546875, -1276.4713134765625, -1276.4981689453125, -1276.4505615234375, -1276.4110107421875, -1276.4544677734375]}
Warning: Cholesky failed, using eigendecomposition fallback
{'mse': 0.009921535849571228, 'rmse': 0.09960690885782242, 'test_ll': -245780.34375, 'total_test_ll': -6144508416.0}
/cluster/tufts/hugheslab/swilli26/stat-patt-final/gp_vs_sngp/results/hyperparam_search/GP/Sin_1500_8001/logs
/cluster/tufts/hugheslab/swilli26/stat-patt-final/gp_vs_sngp/results/hyperparam_search/logs/GP_VS_SNGP_25028892.out
/cluster/tufts/hugheslab/swilli26/stat-patt-final/gp_vs_sngp/results/hyperparam_search/logs/GP_VS_SNGP_25028892.err
