Starting imports...
Importing argparse...
Importing torch...
Importing os...
Importing sngp.train and sngp.model...
Importing gaussian_process...
Importing dataset...
Importing json...
ALL IMPORTS COMPLETE!
Parsing arguments...
Arguments parsed! Running GP on CrazySin with N=1000
Checking CUDA availability...
Using CPU
Making Datasets...
Making Model...
Training Gaussian Process...
Iter   0 | Loss: 11340.042 | lengthscale: 0.990 | outputscale: 1.010 | noise: 0.202
Iter  10 | Loss: 9220.166 | lengthscale: 0.895 | outputscale: 1.117 | noise: 0.223
Iter  20 | Loss: 7507.349 | lengthscale: 0.803 | outputscale: 1.241 | noise: 0.245
Iter  30 | Loss: 5990.788 | lengthscale: 0.710 | outputscale: 1.398 | noise: 0.267
Iter  40 | Loss: 4076.411 | lengthscale: 0.617 | outputscale: 1.606 | noise: 0.288
Iter  50 | Loss: 2533.041 | lengthscale: 0.536 | outputscale: 1.851 | noise: 0.304
Iter  60 | Loss: 1865.766 | lengthscale: 0.480 | outputscale: 2.070 | noise: 0.316
Iter  70 | Loss: 1076.857 | lengthscale: 0.431 | outputscale: 2.288 | noise: 0.324
Iter  80 | Loss:  276.429 | lengthscale: 0.384 | outputscale: 2.546 | noise: 0.328
Iter  90 | Loss:   49.082 | lengthscale: 0.354 | outputscale: 2.758 | noise: 0.328
Iter  99 | Loss:   -2.265 | lengthscale: 0.339 | outputscale: 2.881 | noise: 0.326
Warning: Cholesky failed, using eigendecomposition fallback
{'mse': 0.011158191598951817, 'rmse': 0.10563234239816666, 'test_ll': -242864.765625, 'total_test_ll': -2428647680.0}
/cluster/tufts/hugheslab/swilli26/stat-patt-final/gp_vs_sngp/results/GP/CrazySin_1000/logs
/cluster/tufts/hugheslab/swilli26/stat-patt-final/gp_vs_sngp/results/logs/GP_VS_SNGP_25027633.out
/cluster/tufts/hugheslab/swilli26/stat-patt-final/gp_vs_sngp/results/logs/GP_VS_SNGP_25027633.err
