Starting imports...
Importing argparse...
Importing torch...
Importing os...
Importing sngp.train and sngp.model...
Importing gaussian_process...
Importing dataset...
Importing json...
ALL IMPORTS COMPLETE!
Parsing arguments...
Arguments parsed! Running GP on Sin with N=1500
Checking CUDA availability...
Using CPU
Making Datasets...
Making Model...
Training Gaussian Process...
Iter   0 | Loss: -819.870 | lengthscale: 1.010 | outputscale: 1.010 | noise: 0.198
Iter  10 | Loss: -929.041 | lengthscale: 1.055 | outputscale: 1.116 | noise: 0.179
Iter  20 | Loss: -1027.919 | lengthscale: 1.099 | outputscale: 1.226 | noise: 0.162
Iter  30 | Loss: -1113.651 | lengthscale: 1.131 | outputscale: 1.335 | noise: 0.148
Iter  40 | Loss: -1183.843 | lengthscale: 1.159 | outputscale: 1.440 | noise: 0.135
Iter  50 | Loss: -1237.107 | lengthscale: 1.185 | outputscale: 1.537 | noise: 0.125
Iter  60 | Loss: -1273.724 | lengthscale: 1.207 | outputscale: 1.626 | noise: 0.116
Iter  70 | Loss: -1295.865 | lengthscale: 1.226 | outputscale: 1.706 | noise: 0.109
Iter  80 | Loss: -1307.040 | lengthscale: 1.242 | outputscale: 1.778 | noise: 0.105
Iter  90 | Loss: -1311.515 | lengthscale: 1.256 | outputscale: 1.839 | noise: 0.101
Iter 100 | Loss: -1312.791 | lengthscale: 1.264 | outputscale: 1.888 | noise: 0.099
Iter 110 | Loss: -1313.033 | lengthscale: 1.273 | outputscale: 1.931 | noise: 0.098
Iter 120 | Loss: -1312.966 | lengthscale: 1.283 | outputscale: 1.968 | noise: 0.098
Iter 130 | Loss: -1312.973 | lengthscale: 1.287 | outputscale: 2.001 | noise: 0.098
Iter 140 | Loss: -1312.998 | lengthscale: 1.291 | outputscale: 2.030 | noise: 0.098
Iter 150 | Loss: -1313.063 | lengthscale: 1.292 | outputscale: 2.050 | noise: 0.098
Iter 160 | Loss: -1312.975 | lengthscale: 1.296 | outputscale: 2.052 | noise: 0.098
Iter 170 | Loss: -1313.050 | lengthscale: 1.296 | outputscale: 2.061 | noise: 0.098
Iter 180 | Loss: -1312.974 | lengthscale: 1.293 | outputscale: 2.060 | noise: 0.098
Iter 190 | Loss: -1313.106 | lengthscale: 1.295 | outputscale: 2.059 | noise: 0.098
Iter 200 | Loss: -1313.021 | lengthscale: 1.294 | outputscale: 2.049 | noise: 0.098
Iter 210 | Loss: -1313.006 | lengthscale: 1.293 | outputscale: 2.052 | noise: 0.098
Iter 220 | Loss: -1312.909 | lengthscale: 1.294 | outputscale: 2.053 | noise: 0.098
Iter 230 | Loss: -1312.961 | lengthscale: 1.295 | outputscale: 2.055 | noise: 0.098
Iter 240 | Loss: -1313.060 | lengthscale: 1.295 | outputscale: 2.050 | noise: 0.098
Iter 250 | Loss: -1313.113 | lengthscale: 1.293 | outputscale: 2.049 | noise: 0.098
Iter 260 | Loss: -1313.093 | lengthscale: 1.293 | outputscale: 2.057 | noise: 0.098
Iter 270 | Loss: -1313.025 | lengthscale: 1.295 | outputscale: 2.053 | noise: 0.098
Iter 280 | Loss: -1312.969 | lengthscale: 1.291 | outputscale: 2.038 | noise: 0.098
Iter 290 | Loss: -1312.888 | lengthscale: 1.290 | outputscale: 2.028 | noise: 0.098
Iter 300 | Loss: -1312.889 | lengthscale: 1.289 | outputscale: 2.023 | noise: 0.098
Iter 310 | Loss: -1313.064 | lengthscale: 1.289 | outputscale: 2.021 | noise: 0.098
Iter 320 | Loss: -1312.994 | lengthscale: 1.289 | outputscale: 2.032 | noise: 0.098
Iter 330 | Loss: -1312.932 | lengthscale: 1.293 | outputscale: 2.040 | noise: 0.098
Iter 340 | Loss: -1312.955 | lengthscale: 1.291 | outputscale: 2.039 | noise: 0.098
Iter 350 | Loss: -1313.114 | lengthscale: 1.292 | outputscale: 2.044 | noise: 0.098
Iter 360 | Loss: -1313.133 | lengthscale: 1.293 | outputscale: 2.052 | noise: 0.098
Iter 370 | Loss: -1312.924 | lengthscale: 1.298 | outputscale: 2.066 | noise: 0.098
Iter 380 | Loss: -1312.967 | lengthscale: 1.297 | outputscale: 2.062 | noise: 0.098
Iter 390 | Loss: -1313.065 | lengthscale: 1.294 | outputscale: 2.058 | noise: 0.098
Iter 400 | Loss: -1312.955 | lengthscale: 1.295 | outputscale: 2.052 | noise: 0.098
Iter 410 | Loss: -1312.920 | lengthscale: 1.291 | outputscale: 2.043 | noise: 0.098
Iter 420 | Loss: -1312.984 | lengthscale: 1.291 | outputscale: 2.033 | noise: 0.098
Iter 430 | Loss: -1313.108 | lengthscale: 1.293 | outputscale: 2.052 | noise: 0.098
Iter 440 | Loss: -1313.064 | lengthscale: 1.298 | outputscale: 2.062 | noise: 0.098
Iter 450 | Loss: -1313.038 | lengthscale: 1.294 | outputscale: 2.061 | noise: 0.098
Iter 460 | Loss: -1312.900 | lengthscale: 1.293 | outputscale: 2.043 | noise: 0.098
Iter 470 | Loss: -1312.993 | lengthscale: 1.289 | outputscale: 2.026 | noise: 0.098
Iter 480 | Loss: -1312.960 | lengthscale: 1.290 | outputscale: 2.021 | noise: 0.098
Iter 490 | Loss: -1313.085 | lengthscale: 1.290 | outputscale: 2.040 | noise: 0.098
Iter 500 | Loss: -1312.868 | lengthscale: 1.293 | outputscale: 2.043 | noise: 0.098
Iter 510 | Loss: -1312.973 | lengthscale: 1.293 | outputscale: 2.046 | noise: 0.098
Iter 520 | Loss: -1312.959 | lengthscale: 1.292 | outputscale: 2.040 | noise: 0.098
Iter 530 | Loss: -1312.925 | lengthscale: 1.293 | outputscale: 2.039 | noise: 0.098
Iter 540 | Loss: -1313.028 | lengthscale: 1.292 | outputscale: 2.036 | noise: 0.098
Iter 550 | Loss: -1312.990 | lengthscale: 1.291 | outputscale: 2.041 | noise: 0.098
Iter 560 | Loss: -1312.985 | lengthscale: 1.291 | outputscale: 2.030 | noise: 0.098
Iter 570 | Loss: -1313.083 | lengthscale: 1.289 | outputscale: 2.040 | noise: 0.098
Iter 580 | Loss: -1313.019 | lengthscale: 1.294 | outputscale: 2.046 | noise: 0.098
Iter 590 | Loss: -1312.929 | lengthscale: 1.297 | outputscale: 2.063 | noise: 0.098
Iter 600 | Loss: -1313.095 | lengthscale: 1.293 | outputscale: 2.052 | noise: 0.098
Iter 610 | Loss: -1313.026 | lengthscale: 1.288 | outputscale: 2.015 | noise: 0.098
Iter 620 | Loss: -1312.966 | lengthscale: 1.285 | outputscale: 2.012 | noise: 0.098
Iter 630 | Loss: -1312.981 | lengthscale: 1.293 | outputscale: 2.036 | noise: 0.098
Iter 640 | Loss: -1312.984 | lengthscale: 1.298 | outputscale: 2.075 | noise: 0.098
Iter 650 | Loss: -1313.008 | lengthscale: 1.302 | outputscale: 2.088 | noise: 0.098
Iter 660 | Loss: -1312.961 | lengthscale: 1.295 | outputscale: 2.065 | noise: 0.098
Iter 670 | Loss: -1312.994 | lengthscale: 1.295 | outputscale: 2.037 | noise: 0.098
Iter 680 | Loss: -1313.016 | lengthscale: 1.290 | outputscale: 2.032 | noise: 0.098
Iter 690 | Loss: -1312.931 | lengthscale: 1.293 | outputscale: 2.043 | noise: 0.098
Iter 700 | Loss: -1312.959 | lengthscale: 1.294 | outputscale: 2.050 | noise: 0.098
Iter 710 | Loss: -1312.939 | lengthscale: 1.297 | outputscale: 2.072 | noise: 0.098
Iter 720 | Loss: -1313.071 | lengthscale: 1.293 | outputscale: 2.043 | noise: 0.098
Iter 730 | Loss: -1313.049 | lengthscale: 1.290 | outputscale: 2.034 | noise: 0.098
Iter 740 | Loss: -1312.928 | lengthscale: 1.293 | outputscale: 2.044 | noise: 0.098
Iter 750 | Loss: -1312.986 | lengthscale: 1.289 | outputscale: 2.028 | noise: 0.098
Iter 760 | Loss: -1312.947 | lengthscale: 1.287 | outputscale: 2.008 | noise: 0.098
Iter 770 | Loss: -1313.042 | lengthscale: 1.287 | outputscale: 2.009 | noise: 0.098
Iter 780 | Loss: -1312.943 | lengthscale: 1.292 | outputscale: 2.051 | noise: 0.098
Iter 790 | Loss: -1312.924 | lengthscale: 1.303 | outputscale: 2.088 | noise: 0.098
Iter 800 | Loss: -1312.908 | lengthscale: 1.300 | outputscale: 2.091 | noise: 0.098
Iter 810 | Loss: -1312.944 | lengthscale: 1.298 | outputscale: 2.078 | noise: 0.098
Iter 820 | Loss: -1313.043 | lengthscale: 1.298 | outputscale: 2.068 | noise: 0.098
Iter 830 | Loss: -1312.891 | lengthscale: 1.295 | outputscale: 2.067 | noise: 0.098
Iter 840 | Loss: -1312.953 | lengthscale: 1.291 | outputscale: 2.028 | noise: 0.098
Iter 850 | Loss: -1313.030 | lengthscale: 1.286 | outputscale: 2.009 | noise: 0.098
Iter 860 | Loss: -1312.947 | lengthscale: 1.291 | outputscale: 2.020 | noise: 0.098
Iter 870 | Loss: -1313.037 | lengthscale: 1.289 | outputscale: 2.038 | noise: 0.098
Iter 880 | Loss: -1312.953 | lengthscale: 1.294 | outputscale: 2.039 | noise: 0.098
Iter 890 | Loss: -1312.897 | lengthscale: 1.290 | outputscale: 2.032 | noise: 0.098
Iter 900 | Loss: -1312.950 | lengthscale: 1.290 | outputscale: 2.034 | noise: 0.098
Iter 910 | Loss: -1312.915 | lengthscale: 1.292 | outputscale: 2.033 | noise: 0.098
Iter 920 | Loss: -1313.034 | lengthscale: 1.293 | outputscale: 2.045 | noise: 0.098
Iter 930 | Loss: -1313.032 | lengthscale: 1.292 | outputscale: 2.052 | noise: 0.098
Iter 940 | Loss: -1312.999 | lengthscale: 1.295 | outputscale: 2.056 | noise: 0.098
Iter 950 | Loss: -1313.008 | lengthscale: 1.293 | outputscale: 2.043 | noise: 0.098
Iter 960 | Loss: -1313.075 | lengthscale: 1.288 | outputscale: 2.017 | noise: 0.098
Iter 970 | Loss: -1313.017 | lengthscale: 1.289 | outputscale: 2.021 | noise: 0.098
Iter 980 | Loss: -1312.981 | lengthscale: 1.288 | outputscale: 2.015 | noise: 0.098
Iter 990 | Loss: -1312.965 | lengthscale: 1.294 | outputscale: 2.039 | noise: 0.098
Iter 1000 | Loss: -1313.070 | lengthscale: 1.291 | outputscale: 2.052 | noise: 0.098
Iter 1010 | Loss: -1313.070 | lengthscale: 1.296 | outputscale: 2.039 | noise: 0.098
Iter 1020 | Loss: -1313.059 | lengthscale: 1.288 | outputscale: 2.039 | noise: 0.098
Iter 1030 | Loss: -1313.049 | lengthscale: 1.295 | outputscale: 2.042 | noise: 0.098
Iter 1040 | Loss: -1312.974 | lengthscale: 1.287 | outputscale: 2.022 | noise: 0.098
Iter 1050 | Loss: -1312.901 | lengthscale: 1.291 | outputscale: 2.036 | noise: 0.098
Iter 1060 | Loss: -1312.911 | lengthscale: 1.296 | outputscale: 2.053 | noise: 0.098
Iter 1070 | Loss: -1313.113 | lengthscale: 1.295 | outputscale: 2.060 | noise: 0.098
Iter 1080 | Loss: -1312.958 | lengthscale: 1.289 | outputscale: 2.026 | noise: 0.098
Iter 1090 | Loss: -1313.008 | lengthscale: 1.291 | outputscale: 2.021 | noise: 0.098
Iter 1100 | Loss: -1312.932 | lengthscale: 1.288 | outputscale: 2.029 | noise: 0.098
Iter 1110 | Loss: -1312.924 | lengthscale: 1.285 | outputscale: 1.998 | noise: 0.098
Iter 1120 | Loss: -1312.961 | lengthscale: 1.286 | outputscale: 1.998 | noise: 0.098
Iter 1130 | Loss: -1312.990 | lengthscale: 1.293 | outputscale: 2.049 | noise: 0.098
Iter 1140 | Loss: -1313.012 | lengthscale: 1.295 | outputscale: 2.053 | noise: 0.098
Iter 1150 | Loss: -1312.982 | lengthscale: 1.295 | outputscale: 2.056 | noise: 0.098
Iter 1160 | Loss: -1312.927 | lengthscale: 1.298 | outputscale: 2.069 | noise: 0.098
Iter 1170 | Loss: -1313.005 | lengthscale: 1.297 | outputscale: 2.067 | noise: 0.098
Iter 1180 | Loss: -1312.980 | lengthscale: 1.300 | outputscale: 2.084 | noise: 0.098
Iter 1190 | Loss: -1312.880 | lengthscale: 1.296 | outputscale: 2.056 | noise: 0.098
Iter 1200 | Loss: -1312.906 | lengthscale: 1.290 | outputscale: 2.048 | noise: 0.098
Iter 1210 | Loss: -1312.976 | lengthscale: 1.295 | outputscale: 2.048 | noise: 0.098
Iter 1220 | Loss: -1313.117 | lengthscale: 1.293 | outputscale: 2.053 | noise: 0.098
Iter 1230 | Loss: -1312.955 | lengthscale: 1.295 | outputscale: 2.050 | noise: 0.098
Iter 1240 | Loss: -1312.998 | lengthscale: 1.301 | outputscale: 2.090 | noise: 0.098
Iter 1250 | Loss: -1312.939 | lengthscale: 1.299 | outputscale: 2.090 | noise: 0.098
Iter 1260 | Loss: -1312.944 | lengthscale: 1.297 | outputscale: 2.059 | noise: 0.098
Iter 1270 | Loss: -1313.033 | lengthscale: 1.288 | outputscale: 2.028 | noise: 0.098
Iter 1280 | Loss: -1312.933 | lengthscale: 1.290 | outputscale: 2.021 | noise: 0.098
Iter 1290 | Loss: -1313.003 | lengthscale: 1.294 | outputscale: 2.051 | noise: 0.098
Iter 1300 | Loss: -1313.087 | lengthscale: 1.296 | outputscale: 2.068 | noise: 0.098
Iter 1310 | Loss: -1312.973 | lengthscale: 1.295 | outputscale: 2.068 | noise: 0.098
Iter 1320 | Loss: -1312.993 | lengthscale: 1.300 | outputscale: 2.081 | noise: 0.098
Iter 1330 | Loss: -1313.058 | lengthscale: 1.300 | outputscale: 2.094 | noise: 0.098
Iter 1340 | Loss: -1312.920 | lengthscale: 1.302 | outputscale: 2.098 | noise: 0.098
Iter 1350 | Loss: -1312.966 | lengthscale: 1.297 | outputscale: 2.081 | noise: 0.098
Iter 1360 | Loss: -1313.058 | lengthscale: 1.295 | outputscale: 2.058 | noise: 0.098
Iter 1370 | Loss: -1312.961 | lengthscale: 1.287 | outputscale: 2.018 | noise: 0.098
Iter 1380 | Loss: -1312.953 | lengthscale: 1.284 | outputscale: 2.003 | noise: 0.098
Iter 1390 | Loss: -1313.032 | lengthscale: 1.296 | outputscale: 2.052 | noise: 0.098
Iter 1400 | Loss: -1312.933 | lengthscale: 1.300 | outputscale: 2.095 | noise: 0.098
Iter 1410 | Loss: -1312.918 | lengthscale: 1.300 | outputscale: 2.082 | noise: 0.098
Iter 1420 | Loss: -1313.130 | lengthscale: 1.292 | outputscale: 2.049 | noise: 0.098
Iter 1430 | Loss: -1312.958 | lengthscale: 1.291 | outputscale: 2.025 | noise: 0.098
Iter 1440 | Loss: -1312.959 | lengthscale: 1.287 | outputscale: 2.012 | noise: 0.098
Iter 1450 | Loss: -1312.948 | lengthscale: 1.289 | outputscale: 2.010 | noise: 0.098
Iter 1460 | Loss: -1312.998 | lengthscale: 1.287 | outputscale: 2.028 | noise: 0.098
Iter 1470 | Loss: -1312.989 | lengthscale: 1.290 | outputscale: 2.021 | noise: 0.098
Iter 1480 | Loss: -1312.970 | lengthscale: 1.288 | outputscale: 2.016 | noise: 0.098
Iter 1490 | Loss: -1312.964 | lengthscale: 1.291 | outputscale: 2.036 | noise: 0.098
Iter 1500 | Loss: -1313.093 | lengthscale: 1.293 | outputscale: 2.037 | noise: 0.098
Iter 1510 | Loss: -1313.028 | lengthscale: 1.288 | outputscale: 2.024 | noise: 0.098
Iter 1520 | Loss: -1312.930 | lengthscale: 1.288 | outputscale: 2.008 | noise: 0.098
Iter 1530 | Loss: -1312.931 | lengthscale: 1.287 | outputscale: 2.026 | noise: 0.098
Iter 1540 | Loss: -1312.984 | lengthscale: 1.293 | outputscale: 2.041 | noise: 0.098
Iter 1550 | Loss: -1312.997 | lengthscale: 1.292 | outputscale: 2.041 | noise: 0.098
Iter 1560 | Loss: -1312.969 | lengthscale: 1.284 | outputscale: 1.994 | noise: 0.098
Iter 1570 | Loss: -1313.002 | lengthscale: 1.283 | outputscale: 1.990 | noise: 0.098
Iter 1580 | Loss: -1312.990 | lengthscale: 1.292 | outputscale: 2.033 | noise: 0.098
Iter 1590 | Loss: -1312.970 | lengthscale: 1.289 | outputscale: 2.029 | noise: 0.098
Iter 1600 | Loss: -1312.916 | lengthscale: 1.292 | outputscale: 2.031 | noise: 0.098
Iter 1610 | Loss: -1312.989 | lengthscale: 1.297 | outputscale: 2.064 | noise: 0.098
Iter 1620 | Loss: -1312.994 | lengthscale: 1.299 | outputscale: 2.076 | noise: 0.098
Iter 1630 | Loss: -1313.071 | lengthscale: 1.293 | outputscale: 2.048 | noise: 0.098
Iter 1640 | Loss: -1312.958 | lengthscale: 1.295 | outputscale: 2.048 | noise: 0.098
Iter 1650 | Loss: -1313.053 | lengthscale: 1.291 | outputscale: 2.042 | noise: 0.098
Iter 1660 | Loss: -1312.990 | lengthscale: 1.296 | outputscale: 2.045 | noise: 0.098
Iter 1670 | Loss: -1313.063 | lengthscale: 1.293 | outputscale: 2.049 | noise: 0.098
Iter 1680 | Loss: -1313.009 | lengthscale: 1.297 | outputscale: 2.076 | noise: 0.098
Iter 1690 | Loss: -1313.035 | lengthscale: 1.301 | outputscale: 2.080 | noise: 0.098
Iter 1700 | Loss: -1312.978 | lengthscale: 1.297 | outputscale: 2.064 | noise: 0.098
Iter 1710 | Loss: -1313.003 | lengthscale: 1.295 | outputscale: 2.067 | noise: 0.098
Iter 1720 | Loss: -1312.978 | lengthscale: 1.289 | outputscale: 2.031 | noise: 0.098
Iter 1730 | Loss: -1312.902 | lengthscale: 1.288 | outputscale: 2.011 | noise: 0.098
Iter 1740 | Loss: -1313.007 | lengthscale: 1.289 | outputscale: 2.017 | noise: 0.098
Iter 1750 | Loss: -1312.985 | lengthscale: 1.290 | outputscale: 2.033 | noise: 0.098
Iter 1760 | Loss: -1312.872 | lengthscale: 1.292 | outputscale: 2.036 | noise: 0.098
Iter 1770 | Loss: -1312.979 | lengthscale: 1.292 | outputscale: 2.039 | noise: 0.098
Iter 1780 | Loss: -1312.936 | lengthscale: 1.290 | outputscale: 2.024 | noise: 0.098
Iter 1790 | Loss: -1312.883 | lengthscale: 1.288 | outputscale: 2.013 | noise: 0.098
Iter 1800 | Loss: -1312.974 | lengthscale: 1.288 | outputscale: 2.009 | noise: 0.098
Iter 1810 | Loss: -1312.916 | lengthscale: 1.285 | outputscale: 2.004 | noise: 0.098
Iter 1820 | Loss: -1312.990 | lengthscale: 1.285 | outputscale: 1.991 | noise: 0.098
Iter 1830 | Loss: -1313.035 | lengthscale: 1.286 | outputscale: 2.005 | noise: 0.098
Iter 1840 | Loss: -1312.953 | lengthscale: 1.297 | outputscale: 2.055 | noise: 0.098
Iter 1850 | Loss: -1312.957 | lengthscale: 1.303 | outputscale: 2.116 | noise: 0.098
Iter 1860 | Loss: -1312.871 | lengthscale: 1.309 | outputscale: 2.136 | noise: 0.098
Iter 1870 | Loss: -1312.948 | lengthscale: 1.300 | outputscale: 2.082 | noise: 0.098
Iter 1880 | Loss: -1313.045 | lengthscale: 1.296 | outputscale: 2.063 | noise: 0.098
Iter 1890 | Loss: -1313.000 | lengthscale: 1.292 | outputscale: 2.032 | noise: 0.098
Iter 1900 | Loss: -1312.848 | lengthscale: 1.289 | outputscale: 2.029 | noise: 0.098
Iter 1910 | Loss: -1313.020 | lengthscale: 1.294 | outputscale: 2.042 | noise: 0.098
Iter 1920 | Loss: -1312.965 | lengthscale: 1.288 | outputscale: 2.020 | noise: 0.098
Iter 1930 | Loss: -1312.964 | lengthscale: 1.285 | outputscale: 2.003 | noise: 0.098
Iter 1940 | Loss: -1312.934 | lengthscale: 1.287 | outputscale: 2.008 | noise: 0.098
Iter 1950 | Loss: -1313.046 | lengthscale: 1.296 | outputscale: 2.064 | noise: 0.098
Iter 1960 | Loss: -1313.035 | lengthscale: 1.299 | outputscale: 2.088 | noise: 0.098
Iter 1970 | Loss: -1313.078 | lengthscale: 1.296 | outputscale: 2.060 | noise: 0.098
Iter 1980 | Loss: -1312.883 | lengthscale: 1.291 | outputscale: 2.031 | noise: 0.098
Iter 1990 | Loss: -1313.031 | lengthscale: 1.286 | outputscale: 2.009 | noise: 0.098
Iter 2000 | Loss: -1312.986 | lengthscale: 1.287 | outputscale: 2.010 | noise: 0.098
Iter 2010 | Loss: -1312.938 | lengthscale: 1.296 | outputscale: 2.050 | noise: 0.098
Iter 2020 | Loss: -1313.032 | lengthscale: 1.290 | outputscale: 2.029 | noise: 0.098
Iter 2030 | Loss: -1313.008 | lengthscale: 1.290 | outputscale: 2.026 | noise: 0.098
Iter 2040 | Loss: -1313.055 | lengthscale: 1.291 | outputscale: 2.036 | noise: 0.098
Iter 2050 | Loss: -1313.070 | lengthscale: 1.292 | outputscale: 2.045 | noise: 0.098
Iter 2060 | Loss: -1312.934 | lengthscale: 1.291 | outputscale: 2.027 | noise: 0.098
Iter 2070 | Loss: -1313.029 | lengthscale: 1.290 | outputscale: 2.030 | noise: 0.098
Iter 2080 | Loss: -1313.018 | lengthscale: 1.295 | outputscale: 2.038 | noise: 0.098
Iter 2090 | Loss: -1313.097 | lengthscale: 1.294 | outputscale: 2.060 | noise: 0.098
Iter 2100 | Loss: -1312.980 | lengthscale: 1.299 | outputscale: 2.071 | noise: 0.098
Iter 2110 | Loss: -1312.906 | lengthscale: 1.296 | outputscale: 2.065 | noise: 0.098
Iter 2120 | Loss: -1313.018 | lengthscale: 1.289 | outputscale: 2.018 | noise: 0.098
Iter 2130 | Loss: -1312.957 | lengthscale: 1.290 | outputscale: 2.025 | noise: 0.098
Iter 2140 | Loss: -1312.961 | lengthscale: 1.296 | outputscale: 2.065 | noise: 0.098
Iter 2150 | Loss: -1312.964 | lengthscale: 1.299 | outputscale: 2.072 | noise: 0.098
Iter 2160 | Loss: -1313.094 | lengthscale: 1.295 | outputscale: 2.064 | noise: 0.098
Iter 2170 | Loss: -1312.936 | lengthscale: 1.289 | outputscale: 2.027 | noise: 0.098
Iter 2180 | Loss: -1312.944 | lengthscale: 1.287 | outputscale: 1.992 | noise: 0.098
Iter 2190 | Loss: -1312.986 | lengthscale: 1.282 | outputscale: 1.996 | noise: 0.098
Iter 2200 | Loss: -1312.966 | lengthscale: 1.291 | outputscale: 2.019 | noise: 0.098
Iter 2210 | Loss: -1312.986 | lengthscale: 1.293 | outputscale: 2.050 | noise: 0.098
Iter 2220 | Loss: -1312.979 | lengthscale: 1.289 | outputscale: 2.013 | noise: 0.098
Iter 2230 | Loss: -1312.995 | lengthscale: 1.290 | outputscale: 2.022 | noise: 0.098
Iter 2240 | Loss: -1313.019 | lengthscale: 1.295 | outputscale: 2.044 | noise: 0.098
Iter 2250 | Loss: -1312.999 | lengthscale: 1.292 | outputscale: 2.051 | noise: 0.098
Iter 2260 | Loss: -1313.065 | lengthscale: 1.295 | outputscale: 2.046 | noise: 0.098
Iter 2270 | Loss: -1312.961 | lengthscale: 1.288 | outputscale: 2.031 | noise: 0.098
Iter 2280 | Loss: -1312.937 | lengthscale: 1.289 | outputscale: 2.016 | noise: 0.098
Iter 2290 | Loss: -1313.018 | lengthscale: 1.285 | outputscale: 2.013 | noise: 0.098
Iter 2300 | Loss: -1312.901 | lengthscale: 1.290 | outputscale: 2.021 | noise: 0.098
Iter 2310 | Loss: -1313.103 | lengthscale: 1.294 | outputscale: 2.048 | noise: 0.098
Iter 2320 | Loss: -1312.952 | lengthscale: 1.290 | outputscale: 2.030 | noise: 0.098
Iter 2330 | Loss: -1312.929 | lengthscale: 1.290 | outputscale: 2.024 | noise: 0.098
Iter 2340 | Loss: -1313.017 | lengthscale: 1.291 | outputscale: 2.028 | noise: 0.098
Iter 2350 | Loss: -1313.117 | lengthscale: 1.292 | outputscale: 2.040 | noise: 0.098
Iter 2360 | Loss: -1312.946 | lengthscale: 1.289 | outputscale: 2.019 | noise: 0.098
Iter 2370 | Loss: -1313.012 | lengthscale: 1.285 | outputscale: 1.998 | noise: 0.098
Iter 2380 | Loss: -1313.020 | lengthscale: 1.287 | outputscale: 2.010 | noise: 0.098
Iter 2390 | Loss: -1313.014 | lengthscale: 1.290 | outputscale: 2.023 | noise: 0.098
Iter 2400 | Loss: -1312.966 | lengthscale: 1.288 | outputscale: 2.020 | noise: 0.098
Iter 2410 | Loss: -1313.050 | lengthscale: 1.283 | outputscale: 1.996 | noise: 0.098
Iter 2420 | Loss: -1313.058 | lengthscale: 1.285 | outputscale: 2.007 | noise: 0.098
Iter 2430 | Loss: -1313.027 | lengthscale: 1.293 | outputscale: 2.046 | noise: 0.098
Iter 2440 | Loss: -1312.912 | lengthscale: 1.303 | outputscale: 2.104 | noise: 0.098
Iter 2450 | Loss: -1312.917 | lengthscale: 1.301 | outputscale: 2.089 | noise: 0.098
Iter 2460 | Loss: -1313.018 | lengthscale: 1.288 | outputscale: 2.028 | noise: 0.098
Iter 2470 | Loss: -1313.025 | lengthscale: 1.286 | outputscale: 1.993 | noise: 0.098
Iter 2480 | Loss: -1312.976 | lengthscale: 1.286 | outputscale: 2.012 | noise: 0.098
Iter 2490 | Loss: -1313.120 | lengthscale: 1.297 | outputscale: 2.062 | noise: 0.098
Iter 2499 | Loss: -1313.031 | lengthscale: 1.300 | outputscale: 2.091 | noise: 0.098
Learned Hyperparams:  {'lengthscale': 1.3003637790679932, 'outputscale': 2.0911731719970703, 'noise': 0.09841272234916687, 'marginal_likelihood_loss_history': [-819.8699951171875, -831.1737060546875, -842.3970947265625, -853.5374755859375, -864.5931396484375, -875.5626220703125, -886.4442138671875, -897.2403564453125, -907.9395751953125, -918.5386962890625, -929.0406494140625, -939.4373779296875, -949.7327880859375, -959.9154052734375, -969.9940185546875, -979.9493408203125, -989.7899169921875, -999.5142822265625, -1009.1099853515625, -1018.5802001953125, -1027.9188232421875, -1037.1302490234375, -1046.2039794921875, -1055.1422119140625, -1063.9398193359375, -1072.5914306640625, -1081.1019287109375, -1089.4710693359375, -1097.6798095703125, -1105.7418212890625, -1113.6505126953125, -1121.3909912109375, -1128.9881591796875, -1136.4158935546875, -1143.6888427734375, -1150.7916259765625, -1157.7357177734375, -1164.5074462890625, -1171.1177978515625, -1177.5614013671875, -1183.8431396484375, -1189.9400634765625, -1195.8687744140625, -1201.6258544921875, -1207.2078857421875, -1212.6317138671875, -1217.8504638671875, -1222.9241943359375, -1227.8360595703125, -1232.5697021484375, -1237.1072998046875, -1241.4969482421875, -1245.7518310546875, -1249.8165283203125, -1253.6778564453125, -1257.4283447265625, -1260.9713134765625, -1264.3856201171875, -1267.6888427734375, -1270.7904052734375, -1273.7235107421875, -1276.5633544921875, -1279.2327880859375, -1281.7647705078125, -1284.1180419921875, -1286.4327392578125, -1288.5521240234375, -1290.5526123046875, -1292.4146728515625, -1294.2117919921875, -1295.8651123046875, -1297.3587646484375, -1298.7926025390625, -1300.1444091796875, -1301.4217529296875, -1302.5618896484375, -1303.6500244140625, -1304.5755615234375, -1305.5220947265625, -1306.2928466796875, -1307.0399169921875, -1307.7200927734375, -1308.2557373046875, -1308.8770751953125, -1309.3558349609375, -1309.9007568359375, -1310.2684326171875, -1310.6234130859375, -1310.9615478515625, -1311.2581787109375, -1311.5145263671875, -1311.7867431640625, -1311.9449462890625, -1312.1932373046875, -1312.2747802734375, -1312.3870849609375, -1312.4691162109375, -1312.6436767578125, -1312.6514892578125, -1312.7703857421875, -1312.7908935546875, -1312.7979736328125, -1312.8626708984375, -1312.9305419921875, -1312.8988037109375, -1313.0386962890625, -1312.9671630859375, -1313.0609130859375, -1312.8980712890625, -1313.0115966796875, -1313.0325927734375, -1312.9591064453125, -1313.0970458984375, -1313.0457763671875, -1312.9959716796875, -1313.0177001953125, -1313.0025634765625, -1313.0184326171875, -1312.9481201171875, -1312.9981689453125, -1312.9661865234375, -1312.9317626953125, -1313.0089111328125, -1312.9449462890625, -1313.0076904296875, -1312.9681396484375, -1312.9898681640625, -1312.9481201171875, -1312.9591064453125, -1313.0111083984375, -1312.9725341796875, -1312.9774169921875, -1312.9788818359375, -1313.0081787109375, -1313.0098876953125, -1313.0113525390625, -1312.9888916015625, -1313.0045166015625, -1313.0450439453125, -1313.0106201171875, -1312.9981689453125, -1313.0155029296875, -1312.9676513671875, -1312.9593505859375, -1313.0782470703125, -1313.0833740234375, -1313.0179443359375, -1312.9654541015625, -1313.0194091796875, -1313.1158447265625, -1313.0626220703125, -1313.0250244140625, -1313.0711669921875, -1312.9637451171875, -1312.9566650390625, -1313.0184326171875, -1313.0015869140625, -1312.9720458984375, -1313.0723876953125, -1313.0350341796875, -1312.9754638671875, -1313.0335693359375, -1313.0074462890625, -1312.9224853515625, -1313.0516357421875, -1312.9544677734375, -1313.0245361328125, -1312.9368896484375, -1313.0521240234375, -1312.8841552734375, -1313.0499267578125, -1312.9822998046875, -1312.9730224609375, -1312.9886474609375, -1313.0174560546875, -1312.9556884765625, -1312.9786376953125, -1312.9395751953125, -1312.9822998046875, -1313.0135498046875, -1312.9739990234375, -1313.0985107421875, -1313.0745849609375, -1312.9119873046875, -1313.0570068359375, -1312.9481201171875, -1313.0355224609375, -1312.8646240234375, -1313.0218505859375, -1313.0413818359375, -1313.1058349609375, -1313.0804443359375, -1313.0782470703125, -1312.8900146484375, -1312.9017333984375, -1313.0618896484375, -1312.9288330078125, -1312.9434814453125, -1312.9815673828125, -1313.0164794921875, -1313.0211181640625, -1312.9530029296875, -1312.9888916015625, -1313.0067138671875, -1313.0135498046875, -1313.0364990234375, -1313.0445556640625, -1313.0780029296875, -1313.1077880859375, -1313.0521240234375, -1313.0064697265625, -1313.1605224609375, -1313.0599365234375, -1313.0325927734375, -1312.9786376953125, -1312.9508056640625, -1312.9805908203125, -1312.9654541015625, -1312.9910888671875, -1313.0076904296875, -1312.9085693359375, -1312.9754638671875, -1312.9080810546875, -1312.9632568359375, -1312.9964599609375, -1313.0614013671875, -1312.9642333984375, -1312.9779052734375, -1312.9034423828125, -1312.9559326171875, -1312.9610595703125, -1312.9525146484375, -1312.9793701171875, -1312.9757080078125, -1313.0059814453125, -1312.9984130859375, -1313.0008544921875, -1312.9730224609375, -1312.9852294921875, -1313.0174560546875, -1313.0604248046875, -1313.0030517578125, -1313.0057373046875, -1312.9779052734375, -1313.0987548828125, -1313.1226806640625, -1312.9178466796875, -1312.9329833984375, -1313.0098876953125, -1313.0567626953125, -1313.1126708984375, -1313.0736083984375, -1312.9761962890625, -1312.9932861328125, -1312.9124755859375, -1312.9974365234375, -1313.0023193359375, -1313.0206298828125, -1313.0015869140625, -1313.0584716796875, -1313.0931396484375, -1313.1143798828125, -1313.0264892578125, -1312.9635009765625, -1312.9700927734375, -1312.9285888671875, -1312.9727783203125, -1312.9613037109375, -1312.9632568359375, -1313.0008544921875, -1313.0247802734375, -1312.9761962890625, -1312.9285888671875, -1312.9913330078125, -1312.9622802734375, -1313.0911865234375, -1312.9561767578125, -1312.9849853515625, -1312.9815673828125, -1313.0189208984375, -1312.9688720703125, -1313.0609130859375, -1313.0545654296875, -1312.9395751953125, -1313.0325927734375, -1312.9818115234375, -1312.9949951171875, -1312.9097900390625, -1313.0086669921875, -1313.0003662109375, -1312.8875732421875, -1312.9481201171875, -1312.9349365234375, -1312.9473876953125, -1312.9979248046875, -1312.9525146484375, -1312.9617919921875, -1312.9385986328125, -1313.0447998046875, -1313.0277099609375, -1312.8890380859375, -1313.0274658203125, -1313.0152587890625, -1313.0106201171875, -1312.9700927734375, -1312.9425048828125, -1312.9366455078125, -1313.0091552734375, -1312.9986572265625, -1312.9298095703125, -1313.0638427734375, -1312.9959716796875, -1312.9801025390625, -1312.9578857421875, -1313.0032958984375, -1312.9364013671875, -1312.9608154296875, -1312.9022216796875, -1312.9376220703125, -1312.9461669921875, -1312.9935302734375, -1312.9339599609375, -1312.9986572265625, -1312.9639892578125, -1312.9407958984375, -1312.9862060546875, -1312.9591064453125, -1313.0325927734375, -1313.1204833984375, -1313.0443115234375, -1312.9320068359375, -1312.9591064453125, -1313.0018310546875, -1312.9910888671875, -1313.0181884765625, -1312.9168701171875, -1312.9725341796875, -1312.9598388671875, -1313.0123291015625, -1312.9461669921875, -1312.9554443359375, -1313.0548095703125, -1312.9967041015625, -1313.0335693359375, -1312.9642333984375, -1312.9935302734375, -1312.9954833984375, -1312.9720458984375, -1313.0506591796875, -1312.9622802734375, -1313.1141357421875, -1312.9478759765625, -1312.9012451171875, -1313.0125732421875, -1312.9635009765625, -1313.0140380859375, -1312.9705810546875, -1313.0206298828125, -1312.9881591796875, -1313.0904541015625, -1313.1334228515625, -1313.0003662109375, -1312.9847412109375, -1313.0269775390625, -1313.0037841796875, -1312.9942626953125, -1313.0589599609375, -1313.0899658203125, -1312.9781494140625, -1312.9447021484375, -1312.9241943359375, -1312.9578857421875, -1312.9398193359375, -1313.0113525390625, -1313.0684814453125, -1313.0010986328125, -1312.9954833984375, -1312.9154052734375, -1312.9239501953125, -1312.9495849609375, -1312.9669189453125, -1312.9512939453125, -1312.9710693359375, -1312.9559326171875, -1313.0623779296875, -1312.9656982421875, -1313.0140380859375, -1312.9798583984375, -1312.9857177734375, -1312.9815673828125, -1313.0650634765625, -1312.9915771484375, -1313.0360107421875, -1312.8631591796875, -1312.8778076171875, -1312.9547119140625, -1312.9940185546875, -1312.9073486328125, -1313.1146240234375, -1313.0198974609375, -1312.9549560546875, -1313.0765380859375, -1313.0555419921875, -1313.0626220703125, -1313.0548095703125, -1312.9515380859375, -1313.0198974609375, -1312.9656982421875, -1313.0257568359375, -1313.0189208984375, -1312.9202880859375, -1313.0477294921875, -1312.9315185546875, -1312.9237060546875, -1313.0164794921875, -1312.9283447265625, -1313.0028076171875, -1312.9285888671875, -1313.0321044921875, -1313.0147705078125, -1312.9842529296875, -1312.9007568359375, -1312.9456787109375, -1313.0064697265625, -1312.9644775390625, -1313.0882568359375, -1312.9149169921875, -1313.0093994140625, -1313.0538330078125, -1312.9935302734375, -1313.1082763671875, -1313.0443115234375, -1312.9637451171875, -1312.9031982421875, -1312.9310302734375, -1313.0062255859375, -1313.0430908203125, -1313.0281982421875, -1313.0784912109375, -1312.9569091796875, -1313.0638427734375, -1312.9871826171875, -1313.0120849609375, -1313.0526123046875, -1313.0262451171875, -1312.9539794921875, -1312.9715576171875, -1312.9412841796875, -1312.9139404296875, -1312.9342041015625, -1313.0379638671875, -1313.0369873046875, -1313.0006103515625, -1312.9720458984375, -1313.0706787109375, -1312.9984130859375, -1313.0457763671875, -1313.1165771484375, -1312.9906005859375, -1313.0147705078125, -1312.9002685546875, -1313.0289306640625, -1313.0179443359375, -1312.9254150390625, -1312.9891357421875, -1312.9949951171875, -1313.0042724609375, -1312.8714599609375, -1312.9344482421875, -1312.8907470703125, -1312.9932861328125, -1312.9696044921875, -1313.0216064453125, -1312.9522705078125, -1312.9940185546875, -1312.9090576171875, -1312.9486083984375, -1312.9561767578125, -1312.9520263671875, -1312.9608154296875, -1312.9598388671875, -1312.8870849609375, -1312.9971923828125, -1313.0125732421875, -1312.9874267578125, -1313.0260009765625, -1312.9398193359375, -1312.9725341796875, -1313.0360107421875, -1312.9530029296875, -1313.0845947265625, -1313.0301513671875, -1312.9578857421875, -1313.0513916015625, -1312.9881591796875, -1313.0384521484375, -1312.9569091796875, -1313.0850830078125, -1313.0538330078125, -1312.9964599609375, -1312.8682861328125, -1312.9573974609375, -1313.0054931640625, -1313.1182861328125, -1313.0145263671875, -1313.0491943359375, -1313.0467529296875, -1313.0145263671875, -1313.0003662109375, -1313.0206298828125, -1312.9727783203125, -1312.9981689453125, -1313.0386962890625, -1313.0072021484375, -1312.9393310546875, -1313.0164794921875, -1313.0579833984375, -1313.0635986328125, -1312.8983154296875, -1313.0269775390625, -1312.9593505859375, -1312.9488525390625, -1313.0611572265625, -1313.0045166015625, -1312.9825439453125, -1312.9368896484375, -1313.0516357421875, -1313.0174560546875, -1313.0355224609375, -1312.9427490234375, -1312.9251708984375, -1313.0523681640625, -1313.0216064453125, -1313.0325927734375, -1313.0731201171875, -1312.9224853515625, -1312.9681396484375, -1313.0252685546875, -1313.0531005859375, -1313.0216064453125, -1313.0277099609375, -1312.9471435546875, -1312.8656005859375, -1312.9932861328125, -1313.0396728515625, -1312.9827880859375, -1313.0733642578125, -1313.0037841796875, -1312.9061279296875, -1313.0797119140625, -1312.9898681640625, -1313.1297607421875, -1312.9490966796875, -1312.9503173828125, -1313.0052490234375, -1313.0562744140625, -1313.0850830078125, -1312.8924560546875, -1312.9442138671875, -1312.9561767578125, -1312.9847412109375, -1312.9251708984375, -1313.0018310546875, -1313.0418701171875, -1312.9739990234375, -1312.9627685546875, -1312.9915771484375, -1312.9376220703125, -1313.0091552734375, -1312.9407958984375, -1313.0826416015625, -1312.9290771484375, -1313.1324462890625, -1313.0443115234375, -1313.0140380859375, -1313.0032958984375, -1312.9544677734375, -1313.0533447265625, -1313.1256103515625, -1312.9395751953125, -1313.0189208984375, -1313.0111083984375, -1313.0174560546875, -1312.9693603515625, -1312.9649658203125, -1312.9661865234375, -1312.9783935546875, -1312.8919677734375, -1312.9993896484375, -1313.0914306640625, -1312.9290771484375, -1312.9693603515625, -1312.9788818359375, -1312.9674072265625, -1313.0675048828125, -1312.9591064453125, -1312.9366455078125, -1312.9542236328125, -1312.9989013671875, -1312.9505615234375, -1313.0950927734375, -1312.9188232421875, -1313.0604248046875, -1313.0003662109375, -1312.9761962890625, -1313.0076904296875, -1312.9237060546875, -1312.9788818359375, -1312.9505615234375, -1312.8880615234375, -1313.0264892578125, -1313.0482177734375, -1313.0218505859375, -1312.9945068359375, -1312.9661865234375, -1313.0599365234375, -1313.0279541015625, -1312.9427490234375, -1312.9622802734375, -1312.9759521484375, -1312.9656982421875, -1313.0628662109375, -1313.0081787109375, -1312.9757080078125, -1312.9769287109375, -1312.9149169921875, -1312.9801025390625, -1313.0213623046875, -1312.9632568359375, -1312.9354248046875, -1312.9813232421875, -1312.8924560546875, -1312.9730224609375, -1313.0633544921875, -1312.9866943359375, -1312.9954833984375, -1313.0064697265625, -1312.9376220703125, -1312.9908447265625, -1313.0877685546875, -1312.9844970703125, -1313.0098876953125, -1312.9481201171875, -1312.9637451171875, -1313.0301513671875, -1312.9417724609375, -1312.9241943359375, -1312.9739990234375, -1312.9366455078125, -1312.8651123046875, -1313.0081787109375, -1313.0660400390625, -1312.9276123046875, -1312.9962158203125, -1312.8736572265625, -1312.9061279296875, -1312.9808349609375, -1312.9561767578125, -1313.0247802734375, -1312.9732666015625, -1312.9608154296875, -1312.9295654296875, -1312.9456787109375, -1312.9193115234375, -1313.0245361328125, -1313.0364990234375, -1313.0509033203125, -1313.0482177734375, -1312.9796142578125, -1313.0252685546875, -1312.9942626953125, -1312.9515380859375, -1312.9188232421875, -1312.9959716796875, -1312.9925537109375, -1312.9241943359375, -1312.9368896484375, -1312.9415283203125, -1312.9857177734375, -1312.9818115234375, -1313.0155029296875, -1312.9749755859375, -1312.9798583984375, -1312.9891357421875, -1312.9261474609375, -1312.9390869140625, -1313.0423583984375, -1313.0965576171875, -1312.9190673828125, -1312.9793701171875, -1312.9307861328125, -1313.0162353515625, -1313.1014404296875, -1312.9969482421875, -1312.9932861328125, -1313.0130615234375, -1312.9830322265625, -1313.0228271484375, -1312.9886474609375, -1312.9881591796875, -1312.9593505859375, -1313.0648193359375, -1312.9307861328125, -1312.9293212890625, -1312.9324951171875, -1312.9993896484375, -1312.8836669921875, -1312.9676513671875, -1312.9925537109375, -1313.0806884765625, -1312.9393310546875, -1312.9237060546875, -1312.9349365234375, -1312.9349365234375, -1312.9725341796875, -1313.0286865234375, -1313.0203857421875, -1312.9100341796875, -1313.0174560546875, -1313.0875244140625, -1313.0711669921875, -1312.9976806640625, -1312.9368896484375, -1312.9588623046875, -1313.0555419921875, -1313.0648193359375, -1313.0137939453125, -1313.0091552734375, -1312.9359130859375, -1312.9676513671875, -1313.0494384765625, -1312.9813232421875, -1312.9947509765625, -1312.9666748046875, -1312.9417724609375, -1313.0360107421875, -1313.0172119140625, -1313.0091552734375, -1312.9910888671875, -1312.9837646484375, -1312.9281005859375, -1312.9979248046875, -1313.0238037109375, -1313.0401611328125, -1313.0672607421875, -1313.0296630859375, -1312.9588623046875, -1312.9910888671875, -1312.9603271484375, -1312.9337158203125, -1312.9857177734375, -1313.0238037109375, -1313.0054931640625, -1312.9727783203125, -1312.9373779296875, -1313.0335693359375, -1312.9583740234375, -1313.0716552734375, -1313.0081787109375, -1312.9671630859375, -1312.9473876953125, -1312.9031982421875, -1313.0850830078125, -1313.0579833984375, -1312.9608154296875, -1313.0115966796875, -1312.9569091796875, -1313.0216064453125, -1313.0982666015625, -1313.0833740234375, -1313.0421142578125, -1313.0115966796875, -1312.9832763671875, -1312.9368896484375, -1312.9954833984375, -1313.0115966796875, -1312.9942626953125, -1313.0050048828125, -1312.9598388671875, -1312.9705810546875, -1312.9434814453125, -1313.0579833984375, -1312.9776611328125, -1312.9373779296875, -1313.0054931640625, -1312.9512939453125, -1312.9730224609375, -1312.9766845703125, -1312.9869384765625, -1312.9427490234375, -1312.9241943359375, -1312.9774169921875, -1312.9783935546875, -1312.9100341796875, -1313.0352783203125, -1312.9315185546875, -1313.0115966796875, -1312.9224853515625, -1312.8875732421875, -1312.9271240234375, -1312.9078369140625, -1312.9989013671875, -1312.9945068359375, -1312.9151611328125, -1312.9300537109375, -1313.0076904296875, -1312.9393310546875, -1312.9490966796875, -1312.9324951171875, -1312.9508056640625, -1312.9437255859375, -1312.9549560546875, -1312.9163818359375, -1312.9676513671875, -1312.9962158203125, -1313.0623779296875, -1313.0301513671875, -1312.8900146484375, -1312.9241943359375, -1312.9984130859375, -1313.0433349609375, -1312.9771728515625, -1312.9984130859375, -1312.9615478515625, -1313.0096435546875, -1312.9571533203125, -1313.0208740234375, -1312.9605712890625, -1313.0228271484375, -1312.9678955078125, -1312.8905029296875, -1313.0035400390625, -1312.9449462890625, -1313.0062255859375, -1312.8907470703125, -1312.9591064453125, -1313.0472412109375, -1312.9945068359375, -1312.9510498046875, -1312.9700927734375, -1312.9534912109375, -1312.9354248046875, -1312.9588623046875, -1312.9796142578125, -1312.9781494140625, -1312.9976806640625, -1313.0491943359375, -1312.9813232421875, -1313.0465087890625, -1312.9552001953125, -1313.0296630859375, -1313.0462646484375, -1313.0404052734375, -1313.0596923828125, -1312.9622802734375, -1313.0240478515625, -1312.9520263671875, -1312.9925537109375, -1312.9046630859375, -1312.9696044921875, -1312.9471435546875, -1312.9698486328125, -1312.9969482421875, -1312.8870849609375, -1312.8875732421875, -1312.9742431640625, -1312.9564208984375, -1312.9493408203125, -1312.9095458984375, -1312.9581298828125, -1313.0367431640625, -1312.9805908203125, -1312.9339599609375, -1312.9493408203125, -1312.9307861328125, -1313.0103759765625, -1312.9774169921875, -1313.0775146484375, -1313.0682373046875, -1312.9949951171875, -1312.9534912109375, -1312.9378662109375, -1312.9364013671875, -1313.0269775390625, -1313.0565185546875, -1313.0169677734375, -1312.9974365234375, -1312.9027099609375, -1313.0267333984375, -1312.9305419921875, -1312.8966064453125, -1312.9593505859375, -1312.9405517578125, -1312.9227294921875, -1312.9862060546875, -1312.9346923828125, -1312.9945068359375, -1313.0018310546875, -1312.9949951171875, -1312.9476318359375, -1312.9498291015625, -1313.0367431640625, -1312.9849853515625, -1312.9422607421875, -1312.9576416015625, -1312.9168701171875, -1312.9798583984375, -1312.9273681640625, -1313.0015869140625, -1312.9876708984375, -1312.9154052734375, -1312.9017333984375, -1312.9984130859375, -1312.9886474609375, -1312.8768310546875, -1312.9283447265625, -1312.9617919921875, -1312.9322509765625, -1312.9185791015625, -1313.0462646484375, -1313.0335693359375, -1313.0223388671875, -1313.0281982421875, -1312.9649658203125, -1312.9671630859375, -1313.0941162109375, -1313.0179443359375, -1313.0877685546875, -1313.0579833984375, -1312.9737548828125, -1313.0323486328125, -1313.0550537109375, -1313.0389404296875, -1313.0911865234375, -1312.9613037109375, -1313.0355224609375, -1313.0228271484375, -1312.9964599609375, -1312.9862060546875, -1312.9820556640625, -1312.9993896484375, -1312.9879150390625, -1312.9393310546875, -1313.0306396484375, -1313.0758056640625, -1313.0794677734375, -1313.0467529296875, -1313.0211181640625, -1313.0135498046875, -1312.9381103515625, -1313.0079345703125, -1312.9542236328125, -1312.9881591796875, -1312.9847412109375, -1312.9427490234375, -1312.9556884765625, -1312.9447021484375, -1312.9852294921875, -1313.0360107421875, -1313.0357666015625, -1313.0750732421875, -1312.9622802734375, -1312.9549560546875, -1312.9520263671875, -1312.9573974609375, -1313.0145263671875, -1313.0350341796875, -1313.0125732421875, -1312.9356689453125, -1312.9771728515625, -1313.0174560546875, -1312.9818115234375, -1312.9967041015625, -1312.9766845703125, -1312.9505615234375, -1312.9302978515625, -1312.9986572265625, -1312.9764404296875, -1313.0267333984375, -1312.9674072265625, -1312.9813232421875, -1313.0164794921875, -1312.8931884765625, -1312.9310302734375, -1312.9300537109375, -1312.9920654296875, -1312.9197998046875, -1312.9603271484375, -1312.9891357421875, -1312.9488525390625, -1312.9647216796875, -1313.0086669921875, -1312.9075927734375, -1313.0006103515625, -1312.9569091796875, -1313.0013427734375, -1313.0687255859375, -1312.9432373046875, -1313.0408935546875, -1312.9381103515625, -1313.0701904296875, -1313.0509033203125, -1313.0701904296875, -1313.0416259765625, -1313.0062255859375, -1313.0467529296875, -1313.1851806640625, -1313.0379638671875, -1312.9840087890625, -1313.0020751953125, -1313.0697021484375, -1313.0233154296875, -1312.8843994140625, -1313.0257568359375, -1312.9918212890625, -1312.9859619140625, -1312.9661865234375, -1312.9925537109375, -1313.0511474609375, -1312.9686279296875, -1313.0592041015625, -1312.9847412109375, -1312.9876708984375, -1312.9849853515625, -1312.9075927734375, -1312.9595947265625, -1312.9639892578125, -1313.0037841796875, -1312.9915771484375, -1313.0003662109375, -1313.0487060546875, -1312.8797607421875, -1312.9271240234375, -1313.0557861328125, -1312.9720458984375, -1312.9700927734375, -1312.9534912109375, -1312.9251708984375, -1312.9608154296875, -1312.9627685546875, -1312.9742431640625, -1312.9176025390625, -1313.0252685546875, -1312.9500732421875, -1313.0594482421875, -1312.9527587890625, -1313.0528564453125, -1312.9031982421875, -1312.9632568359375, -1312.9678955078125, -1312.9005126953125, -1312.9473876953125, -1312.9942626953125, -1312.9918212890625, -1313.0081787109375, -1313.1104736328125, -1312.9620361328125, -1312.9036865234375, -1312.9666748046875, -1313.0826416015625, -1312.9105224609375, -1312.8919677734375, -1312.9984130859375, -1313.1024169921875, -1313.0343017578125, -1312.9398193359375, -1312.8958740234375, -1313.0509033203125, -1313.0633544921875, -1313.0328369140625, -1313.1129150390625, -1312.9822998046875, -1312.9515380859375, -1312.9874267578125, -1313.0142822265625, -1313.0130615234375, -1313.0989990234375, -1313.0955810546875, -1312.9097900390625, -1312.9393310546875, -1312.9583740234375, -1313.0194091796875, -1313.0106201171875, -1312.9083251953125, -1312.9351806640625, -1312.9954833984375, -1312.9903564453125, -1312.9591064453125, -1313.0333251953125, -1312.8973388671875, -1313.0081787109375, -1312.9505615234375, -1312.9566650390625, -1313.0184326171875, -1313.0313720703125, -1312.9193115234375, -1312.9774169921875, -1312.9810791015625, -1312.9779052734375, -1312.8875732421875, -1312.9320068359375, -1312.9583740234375, -1313.0511474609375, -1312.8878173828125, -1312.9730224609375, -1313.0379638671875, -1313.0528564453125, -1313.0281982421875, -1312.9735107421875, -1312.9425048828125, -1312.9239501953125, -1312.9940185546875, -1313.0238037109375, -1312.9788818359375, -1313.0198974609375, -1313.0140380859375, -1313.0960693359375, -1313.0606689453125, -1313.0523681640625, -1312.9332275390625, -1312.9608154296875, -1312.9215087890625, -1312.9510498046875, -1313.0472412109375, -1312.9930419921875, -1312.9906005859375, -1313.1251220703125, -1313.0196533203125, -1312.9256591796875, -1312.9796142578125, -1312.9901123046875, -1313.1072998046875, -1312.9471435546875, -1313.0418701171875, -1312.9849853515625, -1312.9554443359375, -1313.0189208984375, -1312.9652099609375, -1312.9261474609375, -1312.9642333984375, -1313.0115966796875, -1313.0113525390625, -1313.0159912109375, -1313.0140380859375, -1312.9693603515625, -1312.9605712890625, -1313.0291748046875, -1313.0885009765625, -1312.9818115234375, -1313.0028076171875, -1312.9818115234375, -1312.9483642578125, -1312.9691162109375, -1312.9656982421875, -1312.9261474609375, -1312.9012451171875, -1313.0526123046875, -1313.0897216796875, -1313.0028076171875, -1312.9976806640625, -1312.9268798828125, -1312.9749755859375, -1312.9647216796875, -1312.9310302734375, -1312.9041748046875, -1313.0057373046875, -1313.0093994140625, -1312.9957275390625, -1312.9615478515625, -1313.0067138671875, -1313.0050048828125, -1312.9161376953125, -1313.0435791015625, -1313.0489501953125, -1312.8988037109375, -1312.9749755859375, -1312.9312744140625, -1312.9517822265625, -1312.9495849609375, -1312.9588623046875, -1312.9801025390625, -1312.8914794921875, -1312.9920654296875, -1312.8729248046875, -1312.9683837890625, -1313.0130615234375, -1313.0609130859375, -1312.9420166015625, -1312.9739990234375, -1312.9727783203125, -1312.8800048828125, -1312.9466552734375, -1312.9381103515625, -1313.0106201171875, -1313.0550537109375, -1313.0653076171875, -1313.1378173828125, -1312.9862060546875, -1312.9439697265625, -1313.0267333984375, -1312.9056396484375, -1313.0399169921875, -1313.0006103515625, -1313.0614013671875, -1312.9749755859375, -1312.9451904296875, -1313.0233154296875, -1313.0457763671875, -1312.9862060546875, -1313.1134033203125, -1312.9761962890625, -1312.9886474609375, -1313.0013427734375, -1312.9464111328125, -1313.0418701171875, -1313.0841064453125, -1313.0228271484375, -1313.0150146484375, -1312.9652099609375, -1313.0118408203125, -1313.1170654296875, -1313.1195068359375, -1313.0091552734375, -1312.9600830078125, -1313.0535888671875, -1312.9681396484375, -1313.0281982421875, -1313.0889892578125, -1313.0076904296875, -1312.9310302734375, -1312.9547119140625, -1312.9918212890625, -1312.9735107421875, -1313.0736083984375, -1312.9234619140625, -1312.9451904296875, -1312.9010009765625, -1312.9437255859375, -1312.9593505859375, -1312.9576416015625, -1312.9976806640625, -1312.9476318359375, -1313.0330810546875, -1312.9512939453125, -1312.9964599609375, -1312.9735107421875, -1312.9832763671875, -1312.9144287109375, -1312.9730224609375, -1312.9346923828125, -1312.9385986328125, -1313.0013427734375, -1312.9569091796875, -1312.9114990234375, -1313.0389404296875, -1312.9605712890625, -1313.0416259765625, -1312.9754638671875, -1312.8682861328125, -1313.0181884765625, -1312.9442138671875, -1312.9915771484375, -1312.9393310546875, -1313.0428466796875, -1313.0260009765625, -1313.0648193359375, -1313.0145263671875, -1312.9288330078125, -1312.9100341796875, -1312.9627685546875, -1313.0328369140625, -1312.9332275390625, -1313.0369873046875, -1313.0052490234375, -1312.9608154296875, -1312.9910888671875, -1313.0137939453125, -1312.9688720703125, -1312.9486083984375, -1313.0245361328125, -1312.9327392578125, -1312.9139404296875, -1312.9637451171875, -1312.9866943359375, -1313.1038818359375, -1312.9385986328125, -1312.9622802734375, -1313.0062255859375, -1313.0452880859375, -1313.0396728515625, -1313.0032958984375, -1312.9241943359375, -1312.9456787109375, -1312.9466552734375, -1312.9840087890625, -1313.0291748046875, -1313.0567626953125, -1312.9949951171875, -1313.0289306640625, -1313.0599365234375, -1313.0867919921875, -1312.9984130859375, -1312.9022216796875, -1313.0413818359375, -1313.0284423828125, -1312.9437255859375, -1312.9649658203125, -1313.0186767578125, -1312.9241943359375, -1312.9669189453125, -1312.9730224609375, -1312.9993896484375, -1313.0350341796875, -1312.8909912109375, -1312.9603271484375, -1313.0120849609375, -1312.9700927734375, -1313.0367431640625, -1312.9564208984375, -1312.9456787109375, -1312.9930419921875, -1312.9837646484375, -1312.9251708984375, -1312.9031982421875, -1312.9542236328125, -1313.0250244140625, -1313.0052490234375, -1312.9801025390625, -1313.0198974609375, -1313.0357666015625, -1313.0582275390625, -1312.9598388671875, -1312.8472900390625, -1312.8931884765625, -1312.8905029296875, -1312.9149169921875, -1312.9266357421875, -1312.9315185546875, -1312.8765869140625, -1312.9024658203125, -1312.9202880859375, -1312.8826904296875, -1312.9510498046875, -1312.9625244140625, -1312.8890380859375, -1312.9759521484375, -1313.0579833984375, -1312.9598388671875, -1312.9976806640625, -1312.8797607421875, -1312.9661865234375, -1312.8533935546875, -1312.8787841796875, -1312.9156494140625, -1312.9710693359375, -1312.8897705078125, -1312.9561767578125, -1313.0340576171875, -1312.9901123046875, -1312.9925537109375, -1313.0582275390625, -1313.0428466796875, -1312.9395751953125, -1313.0115966796875, -1312.9869384765625, -1313.0091552734375, -1313.0391845703125, -1312.9957275390625, -1312.9525146484375, -1313.0330810546875, -1312.9605712890625, -1312.9456787109375, -1312.9527587890625, -1312.9598388671875, -1313.0377197265625, -1313.0875244140625, -1313.0408935546875, -1312.9940185546875, -1312.9786376953125, -1312.9481201171875, -1312.9527587890625, -1313.0350341796875, -1313.0872802734375, -1313.0364990234375, -1313.0570068359375, -1312.9476318359375, -1313.0164794921875, -1312.9735107421875, -1313.0008544921875, -1312.9615478515625, -1313.0323486328125, -1313.0098876953125, -1312.9256591796875, -1312.9007568359375, -1312.8995361328125, -1312.9056396484375, -1313.0189208984375, -1312.9481201171875, -1312.9891357421875, -1312.9625244140625, -1312.9334716796875, -1313.0155029296875, -1312.8624267578125, -1312.8748779296875, -1312.9688720703125, -1313.0496826171875, -1312.9007568359375, -1313.0155029296875, -1312.8905029296875, -1312.9498291015625, -1312.9178466796875, -1312.9798583984375, -1313.0296630859375, -1313.0364990234375, -1313.0228271484375, -1312.9483642578125, -1312.9471435546875, -1312.9364013671875, -1312.9678955078125, -1312.9622802734375, -1313.1295166015625, -1313.1092529296875, -1313.0076904296875, -1312.9356689453125, -1312.9810791015625, -1312.9974365234375, -1313.0687255859375, -1312.9715576171875, -1313.0159912109375, -1312.9996337890625, -1312.9583740234375, -1313.0096435546875, -1312.9608154296875, -1312.9913330078125, -1312.9959716796875, -1312.9940185546875, -1312.9744873046875, -1313.0819091796875, -1313.0208740234375, -1312.9141845703125, -1312.9588623046875, -1313.0233154296875, -1312.9481201171875, -1313.0933837890625, -1312.9569091796875, -1312.9886474609375, -1312.9766845703125, -1312.9725341796875, -1313.0960693359375, -1313.0833740234375, -1312.9476318359375, -1313.0040283203125, -1313.0037841796875, -1312.9686279296875, -1312.9906005859375, -1313.0211181640625, -1312.9798583984375, -1312.9510498046875, -1313.0150146484375, -1313.0447998046875, -1312.9984130859375, -1313.0404052734375, -1313.0018310546875, -1312.9046630859375, -1312.9993896484375, -1312.9378662109375, -1312.9498291015625, -1312.9390869140625, -1312.9722900390625, -1313.0538330078125, -1312.9893798828125, -1312.8936767578125, -1312.9578857421875, -1312.9329833984375, -1312.9456787109375, -1313.0162353515625, -1312.9683837890625, -1313.0006103515625, -1313.0201416015625, -1312.9908447265625, -1312.9696044921875, -1312.9569091796875, -1312.9656982421875, -1312.9727783203125, -1313.0389404296875, -1312.9393310546875, -1313.0015869140625, -1312.9132080078125, -1313.0389404296875, -1313.1202392578125, -1312.9639892578125, -1312.9625244140625, -1313.1134033203125, -1313.0438232421875, -1313.0596923828125, -1312.9544677734375, -1312.9288330078125, -1313.0047607421875, -1313.1170654296875, -1312.9974365234375, -1313.0928955078125, -1312.9212646484375, -1312.9154052734375, -1312.9114990234375, -1313.0233154296875, -1312.9569091796875, -1312.9696044921875, -1312.9320068359375, -1313.0289306640625, -1312.9942626953125, -1313.0281982421875, -1313.0369873046875, -1313.0203857421875, -1313.0167236328125, -1313.0223388671875, -1312.9705810546875, -1312.9591064453125, -1312.9840087890625, -1312.9930419921875, -1312.9927978515625, -1312.9295654296875, -1312.9935302734375, -1312.9779052734375, -1312.9798583984375, -1312.9659423828125, -1312.9847412109375, -1312.9381103515625, -1313.0423583984375, -1312.9442138671875, -1313.0716552734375, -1312.9307861328125, -1313.0037841796875, -1312.8927001953125, -1312.9427490234375, -1312.9429931640625, -1312.9713134765625, -1312.9432373046875, -1313.0062255859375, -1313.0975341796875, -1312.9769287109375, -1312.9837646484375, -1313.0277099609375, -1313.0074462890625, -1313.0352783203125, -1312.9945068359375, -1312.9862060546875, -1312.9930419921875, -1313.0316162109375, -1312.9901123046875, -1312.9544677734375, -1312.9967041015625, -1313.1512451171875, -1313.0218505859375, -1312.9971923828125, -1312.9027099609375, -1312.8975830078125, -1312.9874267578125, -1313.0152587890625, -1312.9576416015625, -1313.0101318359375, -1312.9691162109375, -1313.0384521484375, -1313.0316162109375, -1313.0443115234375, -1313.0843505859375, -1313.0562744140625, -1313.0555419921875, -1313.0863037109375, -1313.0147705078125, -1312.9871826171875, -1313.0023193359375, -1313.0081787109375, -1313.0535888671875, -1312.9293212890625, -1312.9676513671875, -1313.0147705078125, -1313.0125732421875, -1312.9989013671875, -1312.9776611328125, -1313.0474853515625, -1312.9901123046875, -1312.8543701171875, -1312.9202880859375, -1312.9075927734375, -1312.9908447265625, -1312.9932861328125, -1313.0152587890625, -1312.9461669921875, -1312.9193115234375, -1313.0345458984375, -1312.9696044921875, -1312.9969482421875, -1312.9124755859375, -1312.9422607421875, -1312.9322509765625, -1313.0721435546875, -1312.9407958984375, -1312.9979248046875, -1313.0499267578125, -1312.9237060546875, -1312.9158935546875, -1312.9320068359375, -1312.8856201171875, -1312.9354248046875, -1312.9837646484375, -1312.9774169921875, -1312.9945068359375, -1313.0120849609375, -1312.9561767578125, -1312.9876708984375, -1312.9893798828125, -1313.0364990234375, -1312.9459228515625, -1312.9486083984375, -1312.9979248046875, -1313.0123291015625, -1312.9971923828125, -1312.9603271484375, -1313.0091552734375, -1312.9725341796875, -1312.9940185546875, -1312.8734130859375, -1312.9827880859375, -1313.0093994140625, -1312.8988037109375, -1313.0682373046875, -1312.9671630859375, -1313.0247802734375, -1312.9354248046875, -1313.1253662109375, -1313.0706787109375, -1312.9493408203125, -1312.9964599609375, -1312.9417724609375, -1312.9967041015625, -1312.9761962890625, -1313.0782470703125, -1313.1224365234375, -1312.9949951171875, -1312.9588623046875, -1312.9578857421875, -1312.9927978515625, -1313.1636962890625, -1313.0201416015625, -1313.0128173828125, -1313.0050048828125, -1312.9937744140625, -1312.9678955078125, -1312.9300537109375, -1312.9676513671875, -1313.0531005859375, -1313.0032958984375, -1313.0096435546875, -1312.9744873046875, -1313.0079345703125, -1313.0023193359375, -1313.0169677734375, -1313.0438232421875, -1313.1009521484375, -1313.0889892578125, -1312.9901123046875, -1312.9852294921875, -1312.9764404296875, -1313.0799560546875, -1313.0921630859375, -1313.0194091796875, -1312.9539794921875, -1312.9681396484375, -1312.9239501953125, -1313.0931396484375, -1313.0628662109375, -1313.0423583984375, -1313.0638427734375, -1312.9442138671875, -1313.0799560546875, -1313.0316162109375, -1313.0848388671875, -1312.9591064453125, -1313.0140380859375, -1312.9822998046875, -1313.0091552734375, -1312.8316650390625, -1313.0262451171875, -1312.9720458984375, -1312.9603271484375, -1312.9237060546875, -1313.0091552734375, -1312.9522705078125, -1312.9808349609375, -1312.9830322265625, -1313.0345458984375, -1312.9266357421875, -1312.9698486328125, -1313.0262451171875, -1312.9537353515625, -1312.8760986328125, -1312.9805908203125, -1312.9605712890625, -1312.9815673828125, -1312.9154052734375, -1312.9776611328125, -1313.0125732421875, -1312.9637451171875, -1312.8968505859375, -1312.9591064453125, -1312.9085693359375, -1313.0047607421875, -1312.9266357421875, -1313.0177001953125, -1313.0443115234375, -1313.0030517578125, -1312.8543701171875, -1313.0015869140625, -1312.9552001953125, -1312.9437255859375, -1312.9696044921875, -1312.9486083984375, -1312.9200439453125, -1312.9881591796875, -1313.0103759765625, -1312.9783935546875, -1312.9539794921875, -1313.0164794921875, -1312.9090576171875, -1312.9556884765625, -1313.0560302734375, -1313.0469970703125, -1313.0726318359375, -1312.9405517578125, -1312.9805908203125, -1312.9019775390625, -1313.0426025390625, -1312.9906005859375, -1313.0286865234375, -1313.0189208984375, -1312.9637451171875, -1313.0042724609375, -1312.9107666015625, -1313.0286865234375, -1312.9942626953125, -1313.0067138671875, -1312.9788818359375, -1312.9832763671875, -1312.9769287109375, -1312.9329833984375, -1313.0491943359375, -1312.9212646484375, -1312.9515380859375, -1312.9830322265625, -1313.0240478515625, -1312.9852294921875, -1312.9283447265625, -1312.9212646484375, -1312.9237060546875, -1312.9290771484375, -1313.0028076171875, -1312.9398193359375, -1312.9603271484375, -1312.9754638671875, -1312.9759521484375, -1312.8724365234375, -1312.9422607421875, -1313.0433349609375, -1313.0384521484375, -1312.9530029296875, -1312.9600830078125, -1312.9678955078125, -1312.9405517578125, -1313.1087646484375, -1312.9925537109375, -1312.9791259765625, -1312.9615478515625, -1312.9620361328125, -1312.9671630859375, -1313.0233154296875, -1312.9940185546875, -1313.0091552734375, -1312.9691162109375, -1313.0806884765625, -1312.9632568359375, -1312.9359130859375, -1312.9136962890625, -1312.9322509765625, -1312.9415283203125, -1313.0018310546875, -1313.0509033203125, -1312.9583740234375, -1312.9979248046875, -1312.9932861328125, -1312.8939208984375, -1312.8826904296875, -1312.9764404296875, -1313.0242919921875, -1313.0389404296875, -1313.1046142578125, -1312.9322509765625, -1312.9407958984375, -1312.9683837890625, -1313.0106201171875, -1312.9810791015625, -1312.9744873046875, -1312.9859619140625, -1312.9796142578125, -1312.9439697265625, -1313.0167236328125, -1312.9676513671875, -1313.0145263671875, -1313.0150146484375, -1313.0225830078125, -1313.0247802734375, -1312.9163818359375, -1313.0623779296875, -1313.0677490234375, -1313.0328369140625, -1312.9271240234375, -1312.9022216796875, -1313.0079345703125, -1313.0614013671875, -1313.1107177734375, -1313.0736083984375, -1312.9903564453125, -1312.9432373046875, -1313.0360107421875, -1313.0755615234375, -1313.0731201171875, -1313.0579833984375, -1312.9898681640625, -1312.9324951171875, -1312.9344482421875, -1312.9989013671875, -1313.0345458984375, -1312.9498291015625, -1312.9412841796875, -1312.9964599609375, -1312.9534912109375, -1312.9417724609375, -1312.8970947265625, -1313.0286865234375, -1312.9635009765625, -1313.0733642578125, -1312.9525146484375, -1313.0269775390625, -1312.8734130859375, -1312.9886474609375, -1312.9266357421875, -1312.8997802734375, -1312.9361572265625, -1313.0345458984375, -1312.8350830078125, -1312.9544677734375, -1312.9566650390625, -1312.9881591796875, -1313.0111083984375, -1312.8763427734375, -1312.8602294921875, -1312.7796630859375, -1312.8651123046875, -1312.9403076171875, -1312.8253173828125, -1312.8797607421875, -1312.8709716796875, -1312.8709716796875, -1312.9005126953125, -1312.8031005859375, -1312.8704833984375, -1312.9437255859375, -1312.8787841796875, -1312.8717041015625, -1312.8726806640625, -1312.9849853515625, -1312.9481201171875, -1313.0238037109375, -1313.0098876953125, -1312.9747314453125, -1313.0050048828125, -1312.9534912109375, -1312.8760986328125, -1312.8883056640625, -1313.0208740234375, -1312.9744873046875, -1313.0452880859375, -1312.9840087890625, -1313.0560302734375, -1313.0404052734375, -1313.0423583984375, -1312.9385986328125, -1312.9678955078125, -1313.0120849609375, -1313.0062255859375, -1312.9827880859375, -1313.0003662109375, -1312.9342041015625, -1312.8778076171875, -1312.9632568359375, -1312.8704833984375, -1312.9910888671875, -1312.8912353515625, -1312.9920654296875, -1312.9971923828125, -1312.9505615234375, -1312.8475341796875, -1312.8939208984375, -1312.9197998046875, -1313.0223388671875, -1313.0018310546875, -1312.9622802734375, -1313.0003662109375, -1312.9720458984375, -1313.0506591796875, -1312.9976806640625, -1313.0198974609375, -1312.9385986328125, -1312.9525146484375, -1312.9989013671875, -1313.0850830078125, -1313.0797119140625, -1313.1160888671875, -1312.9349365234375, -1313.0638427734375, -1312.9573974609375, -1312.9652099609375, -1312.9688720703125, -1313.0374755859375, -1312.9718017578125, -1312.9813232421875, -1313.0430908203125, -1312.9952392578125, -1312.9906005859375, -1313.0111083984375, -1312.9385986328125, -1312.9642333984375, -1313.0260009765625, -1313.0943603515625, -1313.0235595703125, -1312.9964599609375, -1312.9251708984375, -1312.9622802734375, -1312.9378662109375, -1312.9083251953125, -1312.9915771484375, -1312.9339599609375, -1312.9869384765625, -1312.9066162109375, -1312.9534912109375, -1312.9205322265625, -1313.0306396484375, -1312.9801025390625, -1312.9642333984375, -1312.9913330078125, -1312.9962158203125, -1313.0462646484375, -1312.9559326171875, -1313.0316162109375, -1313.0496826171875, -1312.9427490234375, -1313.0106201171875, -1312.9544677734375, -1312.9654541015625, -1313.0528564453125, -1313.0228271484375, -1313.0347900390625, -1312.9437255859375, -1312.9989013671875, -1312.9239501953125, -1312.9456787109375, -1312.9979248046875, -1312.9713134765625, -1313.0164794921875, -1312.9996337890625, -1313.0372314453125, -1313.0784912109375, -1312.9168701171875, -1312.9468994140625, -1313.0501708984375, -1312.9705810546875, -1313.0198974609375, -1312.9178466796875, -1313.0262451171875, -1312.9947509765625, -1313.0150146484375, -1312.8826904296875, -1312.9346923828125, -1312.9583740234375, -1312.9779052734375, -1312.9915771484375, -1312.9759521484375, -1312.9256591796875, -1313.0286865234375, -1312.9661865234375, -1313.0096435546875, -1313.0306396484375, -1313.0809326171875, -1313.0518798828125, -1312.9757080078125, -1312.9710693359375, -1312.9842529296875, -1312.9783935546875, -1313.0120849609375, -1313.0430908203125, -1312.9696044921875, -1312.9864501953125, -1312.9412841796875, -1313.0833740234375, -1313.0467529296875, -1312.9349365234375, -1312.9266357421875, -1313.0072021484375, -1312.9920654296875, -1313.0316162109375, -1313.0963134765625, -1312.9376220703125, -1312.9295654296875, -1312.9547119140625, -1312.9769287109375, -1313.1036376953125, -1313.0333251953125, -1313.0042724609375, -1312.9976806640625, -1313.0269775390625, -1312.9705810546875, -1313.0318603515625, -1313.0374755859375, -1312.9205322265625, -1312.9437255859375, -1313.0635986328125, -1312.9105224609375, -1313.0230712890625, -1312.9378662109375, -1312.9388427734375, -1313.0643310546875, -1313.0076904296875, -1313.0491943359375, -1313.0433349609375, -1312.9676513671875, -1313.0184326171875, -1313.0538330078125, -1312.9522705078125, -1312.8973388671875, -1312.9735107421875, -1312.9781494140625, -1313.0545654296875, -1312.9822998046875, -1312.9969482421875, -1312.9913330078125, -1313.0716552734375, -1313.0350341796875, -1313.0335693359375, -1313.0775146484375, -1312.9088134765625, -1312.9925537109375, -1313.0701904296875, -1312.9398193359375, -1312.9722900390625, -1312.9385986328125, -1312.9639892578125, -1312.9915771484375, -1313.0596923828125, -1312.9783935546875, -1313.0081787109375, -1313.0299072265625, -1312.9339599609375, -1312.9263916015625, -1313.0120849609375, -1312.9188232421875, -1312.9781494140625, -1313.0611572265625, -1312.9620361328125, -1312.9364013671875, -1312.9412841796875, -1313.0452880859375, -1313.0291748046875, -1313.0057373046875, -1313.0074462890625, -1312.8922119140625, -1312.9373779296875, -1312.9708251953125, -1313.0582275390625, -1313.0125732421875, -1313.0611572265625, -1312.9991455078125, -1313.0179443359375, -1313.0374755859375, -1312.9671630859375, -1312.9361572265625, -1312.9578857421875, -1313.0538330078125, -1312.9710693359375, -1313.0350341796875, -1312.9156494140625, -1312.9862060546875, -1313.0970458984375, -1312.9962158203125, -1312.9818115234375, -1312.9630126953125, -1313.0465087890625, -1312.9935302734375, -1313.0120849609375, -1313.0477294921875, -1313.0838623046875, -1312.9366455078125, -1312.9798583984375, -1312.9901123046875, -1312.9566650390625, -1312.9537353515625, -1312.9151611328125, -1312.9310302734375, -1313.0914306640625, -1312.9686279296875, -1313.0086669921875, -1312.8538818359375, -1312.9056396484375, -1313.0042724609375, -1312.9464111328125, -1312.8704833984375, -1312.9769287109375, -1312.9847412109375, -1313.0301513671875, -1312.9730224609375, -1312.9273681640625, -1313.0328369140625, -1313.0177001953125, -1313.0382080078125, -1313.0198974609375, -1313.0770263671875, -1312.9320068359375, -1312.9534912109375, -1313.0198974609375, -1313.0484619140625, -1313.0845947265625, -1312.9857177734375, -1312.9573974609375, -1312.8792724609375, -1312.9390869140625, -1312.8885498046875, -1313.0137939453125, -1313.1658935546875, -1313.0467529296875, -1313.0023193359375, -1313.0286865234375, -1312.9447021484375, -1312.9608154296875, -1313.0101318359375, -1312.9813232421875, -1312.9788818359375, -1313.0145263671875, -1312.9627685546875, -1312.9320068359375, -1312.9266357421875, -1312.9696044921875, -1312.9552001953125, -1312.9644775390625, -1313.0574951171875, -1313.0657958984375, -1312.9796142578125, -1313.0687255859375, -1312.9163818359375, -1312.9710693359375, -1312.9813232421875, -1313.0201416015625, -1312.8997802734375, -1313.0941162109375, -1312.9373779296875, -1312.8487548828125, -1312.9739990234375, -1312.9537353515625, -1313.0076904296875, -1312.9583740234375, -1312.9876708984375, -1313.0274658203125, -1312.9862060546875, -1312.9361572265625, -1312.9056396484375, -1312.9344482421875, -1313.0106201171875, -1312.9537353515625, -1313.0233154296875, -1313.0262451171875, -1313.0845947265625, -1313.0545654296875, -1312.9874267578125, -1312.9437255859375, -1312.9061279296875, -1312.9019775390625, -1313.0155029296875, -1313.0926513671875, -1313.0863037109375, -1313.0423583984375, -1312.9061279296875, -1312.9915771484375, -1312.8990478515625, -1312.9857177734375, -1313.0584716796875, -1313.0125732421875, -1312.9764404296875, -1312.9085693359375, -1312.9725341796875, -1312.9598388671875, -1313.0521240234375, -1313.0213623046875, -1312.9774169921875, -1312.9664306640625, -1312.9525146484375, -1312.9510498046875, -1313.0140380859375, -1313.0115966796875, -1313.0435791015625, -1312.9674072265625, -1313.0509033203125, -1312.9176025390625, -1312.9163818359375, -1312.9864501953125, -1312.9852294921875, -1313.0887451171875, -1313.0206298828125, -1312.9627685546875, -1312.9478759765625, -1312.9058837890625, -1312.9339599609375, -1312.9124755859375, -1312.9320068359375, -1312.9793701171875, -1312.9866943359375, -1312.9349365234375, -1312.9281005859375, -1313.0267333984375, -1312.9012451171875, -1312.9378662109375, -1312.9835205078125, -1312.9732666015625, -1312.9525146484375, -1312.9949951171875, -1313.0362548828125, -1313.0323486328125, -1313.0360107421875, -1312.9429931640625, -1312.9173583984375, -1312.9871826171875, -1313.0089111328125, -1313.0704345703125, -1313.0296630859375, -1313.0189208984375, -1312.9539794921875, -1312.9896240234375, -1312.9879150390625, -1312.9627685546875, -1313.0904541015625, -1312.9725341796875, -1313.0081787109375, -1313.0233154296875, -1312.9993896484375, -1312.9991455078125, -1313.1141357421875, -1313.0223388671875, -1312.9744873046875, -1312.9444580078125, -1312.9876708984375, -1312.9957275390625, -1313.0653076171875, -1313.0648193359375, -1312.9666748046875, -1313.0648193359375, -1313.0257568359375, -1312.9710693359375, -1312.9683837890625, -1313.1583251953125, -1312.9466552734375, -1313.0111083984375, -1312.8519287109375, -1312.9613037109375, -1312.9012451171875, -1312.9608154296875, -1312.9141845703125, -1312.9637451171875, -1313.0074462890625, -1312.9019775390625, -1312.9957275390625, -1312.9437255859375, -1312.9241943359375, -1313.0081787109375, -1312.9637451171875, -1312.9373779296875, -1312.9654541015625, -1312.9405517578125, -1312.9322509765625, -1312.9871826171875, -1313.0628662109375, -1313.0284423828125, -1312.9312744140625, -1312.9669189453125, -1312.9659423828125, -1313.0179443359375, -1313.0489501953125, -1313.0157470703125, -1312.9481201171875, -1312.9183349609375, -1313.0006103515625, -1312.9891357421875, -1312.9515380859375, -1313.0814208984375, -1313.0152587890625, -1312.9007568359375, -1313.0069580078125, -1312.9031982421875, -1313.0240478515625, -1313.0958251953125, -1312.9412841796875, -1312.9300537109375, -1312.9593505859375, -1313.0858154296875, -1313.0421142578125, -1313.1033935546875, -1313.0096435546875, -1312.9962158203125, -1312.9759521484375, -1312.9984130859375, -1313.1241455078125, -1313.0406494140625, -1312.9779052734375, -1312.9178466796875, -1312.9813232421875, -1312.9517822265625, -1313.0335693359375, -1312.9608154296875, -1312.9830322265625, -1312.8939208984375, -1312.9656982421875, -1313.0091552734375, -1312.9217529296875, -1313.0472412109375, -1312.9927978515625, -1312.9293212890625, -1312.9549560546875, -1312.9422607421875, -1312.9515380859375, -1313.0159912109375, -1312.9193115234375, -1312.8834228515625, -1313.0643310546875, -1313.0416259765625, -1313.0618896484375, -1313.0174560546875, -1313.0303955078125, -1312.9627685546875, -1312.9461669921875, -1312.9915771484375, -1312.9822998046875, -1312.9769287109375, -1313.0064697265625, -1313.0015869140625, -1312.9910888671875, -1313.1168212890625, -1312.9237060546875, -1312.9747314453125, -1312.9107666015625, -1312.9412841796875, -1312.9466552734375, -1313.0111083984375, -1313.0623779296875, -1313.0523681640625, -1313.0159912109375, -1312.9456787109375, -1312.9915771484375, -1312.9539794921875, -1312.9652099609375, -1312.9559326171875, -1312.9713134765625, -1312.9974365234375, -1312.9930419921875, -1312.9622802734375, -1313.0091552734375, -1313.0120849609375, -1312.9837646484375, -1313.0789794921875, -1313.0308837890625, -1313.0438232421875, -1313.0609130859375, -1312.9578857421875, -1313.0372314453125, -1313.0262451171875, -1312.9691162109375, -1313.0203857421875, -1312.9080810546875, -1312.9996337890625, -1312.9488525390625, -1313.0023193359375, -1313.0347900390625, -1312.9803466796875, -1312.9320068359375, -1312.9317626953125, -1313.0330810546875, -1313.0140380859375, -1312.9031982421875, -1312.9754638671875, -1312.9796142578125, -1312.9886474609375, -1312.9735107421875, -1312.9451904296875, -1313.0455322265625, -1312.9561767578125, -1312.9788818359375, -1312.9661865234375, -1312.9635009765625, -1312.9891357421875, -1313.0421142578125, -1312.9727783203125, -1313.0777587890625, -1313.0345458984375, -1312.9583740234375, -1313.0203857421875, -1313.0948486328125, -1313.0496826171875, -1312.9967041015625, -1313.0081787109375, -1312.9156494140625, -1313.0010986328125, -1312.9920654296875, -1313.0269775390625, -1312.9998779296875, -1312.9583740234375, -1313.0277099609375, -1313.0582275390625, -1313.0640869140625, -1312.9583740234375, -1312.9825439453125, -1312.9901123046875, -1312.9344482421875, -1312.9549560546875, -1313.0267333984375, -1312.9959716796875, -1312.9344482421875, -1313.0272216796875, -1313.0247802734375, -1312.9949951171875, -1312.9197998046875, -1312.9808349609375, -1313.0169677734375, -1312.9398193359375, -1313.0443115234375, -1312.9722900390625, -1312.9310302734375, -1312.9119873046875, -1312.9635009765625, -1312.8963623046875, -1312.8360595703125, -1312.9307861328125, -1312.9144287109375, -1312.7476806640625, -1312.9525146484375, -1312.8714599609375, -1313.0438232421875, -1312.9168701171875, -1312.9222412109375, -1312.9403076171875, -1312.9317626953125, -1312.8856201171875, -1313.0318603515625, -1312.9918212890625, -1313.0286865234375, -1312.9622802734375, -1313.0457763671875, -1313.0179443359375, -1312.9368896484375, -1313.0067138671875, -1312.9935302734375, -1312.9857177734375, -1312.9925537109375, -1312.9451904296875, -1312.9923095703125, -1313.0577392578125, -1313.0648193359375, -1313.0252685546875, -1312.9134521484375, -1312.9935302734375, -1312.9305419921875, -1313.0438232421875, -1312.9998779296875, -1313.0633544921875, -1313.0228271484375, -1312.9476318359375, -1312.9608154296875, -1312.9764404296875, -1313.0174560546875, -1312.9945068359375, -1312.9251708984375, -1312.9984130859375, -1312.9332275390625, -1312.9383544921875, -1312.9163818359375, -1312.9241943359375, -1313.1116943359375, -1313.1204833984375, -1312.9176025390625, -1312.8931884765625, -1313.0084228515625, -1313.0098876953125, -1312.8822021484375, -1312.8685302734375, -1312.9796142578125, -1312.9683837890625, -1313.0306396484375]}
Warning: Cholesky failed, using eigendecomposition fallback
{'mse': 0.01008935458958149, 'rmse': 0.10044577717781067, 'test_ll': -251910.875, 'total_test_ll': -6297772032.0}
/cluster/tufts/hugheslab/swilli26/stat-patt-final/gp_vs_sngp/results/hyperparam_search/GP/Sin_1500_1/logs
/cluster/tufts/hugheslab/swilli26/stat-patt-final/gp_vs_sngp/results/hyperparam_search/logs/GP_VS_SNGP_25028883.out
/cluster/tufts/hugheslab/swilli26/stat-patt-final/gp_vs_sngp/results/hyperparam_search/logs/GP_VS_SNGP_25028883.err
