Starting imports...
Parsing arguments...
Arguments parsed! Running GP on CrazySin with N=50000
EXPERIMENT SUMMARY
===================
  - Model Training for SNGP and GP on Regression Tasks
  - modelName: GP
  - dataset: CrazySin
  - num_examples: 50000
  - seed: 1001
  - rank (for SNGP): 50000
  - lengthscale: 0.276328
  - outputscale: 2.735109
  - noise: 0.099198
===================
Checking CUDA availability...
Using CPU
Making Datasets...
Making Model...
Training Gaussian Process...
Fitting to data...
Num examples 50000 >= 25,000, skipping model save
Warning: Cholesky failed, using eigendecomposition fallback
TEST LOG LIKELIHOOD SCORE:  0.22867295196803708
TEST MSE:  0.010087613016366959
TEST RMSE:  0.10043711215257645
/cluster/tufts/hugheslab/swilli26/stat-patt-final/gp_vs_sngp/results/primary_sngp/GP/CrazySin_50000_1001/logs
/cluster/tufts/hugheslab/swilli26/stat-patt-final/gp_vs_sngp/results/primary_sngp/logs/GP_VS_SNGP_25079646.out
/cluster/tufts/hugheslab/swilli26/stat-patt-final/gp_vs_sngp/results/primary_sngp/logs/GP_VS_SNGP_25079646.err
