Starting imports...
Importing argparse...
Importing torch...
Importing os...
Importing sngp.train and sngp.model...
Importing gaussian_process...
Importing dataset...
Importing json...
ALL IMPORTS COMPLETE!
Parsing arguments...
Arguments parsed! Running GP on Friedman with N=1000
Checking CUDA availability...
Using CPU
Making Datasets...
Making Model...
Training Gaussian Process...
Iter   0 | Loss: 1830.648 | lengthscale: 1.010 | outputscale: 1.010 | noise: 0.202
Iter  10 | Loss: 1765.955 | lengthscale: 1.115 | outputscale: 1.113 | noise: 0.223
Iter  20 | Loss: 1733.395 | lengthscale: 1.228 | outputscale: 1.211 | noise: 0.242
Iter  30 | Loss: 1721.018 | lengthscale: 1.350 | outputscale: 1.288 | noise: 0.257
Iter  40 | Loss: 1716.654 | lengthscale: 1.491 | outputscale: 1.333 | noise: 0.265
Iter  50 | Loss: 1712.813 | lengthscale: 1.664 | outputscale: 1.349 | noise: 0.267
Iter  60 | Loss: 1706.331 | lengthscale: 1.886 | outputscale: 1.345 | noise: 0.264
Iter  70 | Loss: 1695.334 | lengthscale: 2.180 | outputscale: 1.330 | noise: 0.258
Iter  80 | Loss: 1676.925 | lengthscale: 2.568 | outputscale: 1.313 | noise: 0.249
Iter  90 | Loss: 1646.351 | lengthscale: 3.078 | outputscale: 1.294 | noise: 0.238
Iter  99 | Loss: 1603.178 | lengthscale: 3.666 | outputscale: 1.271 | noise: 0.224
Warning: Cholesky failed, using eigendecomposition fallback
{'mse': 1.0972927808761597, 'rmse': 1.0475174188613892, 'test_ll': -4637.40625, 'total_test_ll': -46374064.0}
/cluster/tufts/hugheslab/swilli26/stat-patt-final/gp_vs_sngp/results/GP/Friedman_1000/logs
/cluster/tufts/hugheslab/swilli26/stat-patt-final/gp_vs_sngp/results/logs/GP_VS_SNGP_25027634.out
/cluster/tufts/hugheslab/swilli26/stat-patt-final/gp_vs_sngp/results/logs/GP_VS_SNGP_25027634.err
