Starting imports...
Parsing arguments...
Arguments parsed! Running GP on Sin with N=35000
EXPERIMENT SUMMARY
===================
  - Model Training for SNGP and GP on Regression Tasks
  - modelName: GP
  - dataset: Sin
  - num_examples: 35000
  - seed: 1001
  - rank (for SNGP): 0
  - lengthscale: 1.226761
  - outputscale: 1.805912
  - noise: 0.100047
===================
Checking CUDA availability...
Using CPU
Making Datasets...
Making Model...
Training Gaussian Process...
Fitting to data...
Num examples 35000 >= 25,000, skipping model save
Warning: Cholesky failed, using eigendecomposition fallback
TEST LOG LIKELIHOOD SCORE:  0.22948483254245944
TEST MSE:  0.009976008906960487
TEST RMSE:  0.09987997263669968
/cluster/tufts/hugheslab/swilli26/stat-patt-final/gp_vs_sngp/results/primary_gp/GP/Sin_35000_1001/logs
/cluster/tufts/hugheslab/swilli26/stat-patt-final/gp_vs_sngp/results/primary_gp/logs/GP_VS_SNGP_25079364.out
/cluster/tufts/hugheslab/swilli26/stat-patt-final/gp_vs_sngp/results/primary_gp/logs/GP_VS_SNGP_25079364.err
