eval dir: 
/cluster/tufts/hugheslab/swilli26/stat-patt-final/gp_vs_sngp/results/large_N_sngp/SNGP/SNGP_R7500_LS0.28_OS2.74_50000CrazySin
/cluster/tufts/hugheslab/swilli26/stat-patt-final/gp_vs_sngp/results/large_N_sngp/SNGP/SNGP_R7500_LS0.28_OS2.74_50000CrazySin/logs/logs.out
/cluster/tufts/hugheslab/swilli26/stat-patt-final/gp_vs_sngp/results/large_N_sngp/logs/GP_VS_SNGP_25137215.out
/cluster/tufts/hugheslab/swilli26/stat-patt-final/gp_vs_sngp/results/large_N_sngp/logs/GP_VS_SNGP_25137215.err
Starting imports...
Parsing arguments...
Arguments parsed! Running SNGP on CrazySin with N=50000
EXPERIMENT SUMMARY
===================
  - Model Training for SNGP and GP on Regression Tasks
  - modelName: SNGP
  - dataset: CrazySin
  - num_examples: 50000
  - seed: 1001
  - rank (for SNGP): 7500
  - lengthscale: 0.276328
  - outputscale: 2.735109
  - noise: 0.099198
===================
Checking CUDA availability...
Using CPU
Making Datasets...
Making Model...
Training SNGP Model...
