eval dir: 
/cluster/tufts/hugheslab/swilli26/stat-patt-final/gp_vs_sngp/results/large_N_sngp/SNGP/SNGP_R2500_LS1.23_OS1.81_50000Sin
/cluster/tufts/hugheslab/swilli26/stat-patt-final/gp_vs_sngp/results/large_N_sngp/SNGP/SNGP_R2500_LS1.23_OS1.81_50000Sin/logs/logs.out
/cluster/tufts/hugheslab/swilli26/stat-patt-final/gp_vs_sngp/results/large_N_sngp/logs/GP_VS_SNGP_25137193.out
/cluster/tufts/hugheslab/swilli26/stat-patt-final/gp_vs_sngp/results/large_N_sngp/logs/GP_VS_SNGP_25137193.err
Starting imports...
Parsing arguments...
Arguments parsed! Running SNGP on Sin with N=50000
EXPERIMENT SUMMARY
===================
  - Model Training for SNGP and GP on Regression Tasks
  - modelName: SNGP
  - dataset: Sin
  - num_examples: 50000
  - seed: 1001
  - rank (for SNGP): 2500
  - lengthscale: 1.226761
  - outputscale: 1.805912
  - noise: 0.100047
===================
Checking CUDA availability...
Using CPU
Making Datasets...
Making Model...
Training SNGP Model...
Stopped early.
Finished after epoch 43979, best epoch=43964
Model saved to /cluster/tufts/hugheslab/swilli26/stat-patt-final/gp_vs_sngp/results/large_N_sngp/SNGP/SNGP_R2500_LS1.23_OS1.81_50000Sin/model.pt
TEST LOG LIKELIHOOD SCORE:  0.8839105047307921
TEST MSE:  0.009993256069719791
TEST RMSE:  0.09996627271175385
