Starting imports...
Importing argparse...
Importing torch...
Importing os...
Importing sngp.train and sngp.model...
Importing gaussian_process...
Importing dataset...
Importing json...
ALL IMPORTS COMPLETE!
Parsing arguments...
Arguments parsed! Running GP on CrazySin with N=1000
Checking CUDA availability...
Using CPU
Making Datasets...
Making Model...
Training Gaussian Process...
Iter   0 | Loss: 11883.143 | lengthscale: 0.990 | outputscale: 1.010 | noise: 0.202
Iter  10 | Loss: 9629.796 | lengthscale: 0.895 | outputscale: 1.117 | noise: 0.223
Iter  20 | Loss: 7813.467 | lengthscale: 0.805 | outputscale: 1.239 | noise: 0.245
Iter  30 | Loss: 6243.289 | lengthscale: 0.714 | outputscale: 1.389 | noise: 0.267
Iter  40 | Loss: 4277.657 | lengthscale: 0.622 | outputscale: 1.589 | noise: 0.288
Iter  50 | Loss: 2679.319 | lengthscale: 0.540 | outputscale: 1.827 | noise: 0.304
Iter  60 | Loss: 1982.968 | lengthscale: 0.483 | outputscale: 2.040 | noise: 0.316
Iter  70 | Loss: 1178.598 | lengthscale: 0.435 | outputscale: 2.249 | noise: 0.325
Iter  80 | Loss:  321.824 | lengthscale: 0.387 | outputscale: 2.498 | noise: 0.329
Iter  90 | Loss:   62.839 | lengthscale: 0.355 | outputscale: 2.709 | noise: 0.329
Iter 100 | Loss:    2.268 | lengthscale: 0.339 | outputscale: 2.843 | noise: 0.327
Iter 110 | Loss:  -21.713 | lengthscale: 0.331 | outputscale: 2.924 | noise: 0.325
Iter 120 | Loss:  -36.824 | lengthscale: 0.326 | outputscale: 2.976 | noise: 0.322
Iter 130 | Loss:  -49.183 | lengthscale: 0.322 | outputscale: 3.014 | noise: 0.319
Iter 140 | Loss:  -60.563 | lengthscale: 0.320 | outputscale: 3.044 | noise: 0.316
Iter 150 | Loss:  -71.582 | lengthscale: 0.317 | outputscale: 3.070 | noise: 0.312
Iter 160 | Loss:  -82.480 | lengthscale: 0.316 | outputscale: 3.093 | noise: 0.309
Iter 170 | Loss:  -93.370 | lengthscale: 0.314 | outputscale: 3.114 | noise: 0.306
Iter 180 | Loss: -104.308 | lengthscale: 0.312 | outputscale: 3.134 | noise: 0.302
Iter 190 | Loss: -115.327 | lengthscale: 0.311 | outputscale: 3.152 | noise: 0.299
Iter 200 | Loss: -126.439 | lengthscale: 0.309 | outputscale: 3.169 | noise: 0.295
Iter 210 | Loss: -137.659 | lengthscale: 0.308 | outputscale: 3.184 | noise: 0.291
Iter 220 | Loss: -149.000 | lengthscale: 0.307 | outputscale: 3.199 | noise: 0.288
Iter 230 | Loss: -160.451 | lengthscale: 0.306 | outputscale: 3.212 | noise: 0.284
Iter 240 | Loss: -172.026 | lengthscale: 0.305 | outputscale: 3.225 | noise: 0.280
Iter 250 | Loss: -183.713 | lengthscale: 0.304 | outputscale: 3.237 | noise: 0.277
Iter 260 | Loss: -195.512 | lengthscale: 0.303 | outputscale: 3.247 | noise: 0.273
Iter 270 | Loss: -207.418 | lengthscale: 0.302 | outputscale: 3.257 | noise: 0.269
Iter 280 | Loss: -219.433 | lengthscale: 0.301 | outputscale: 3.267 | noise: 0.265
Iter 290 | Loss: -231.542 | lengthscale: 0.300 | outputscale: 3.275 | noise: 0.261
Iter 300 | Loss: -243.738 | lengthscale: 0.299 | outputscale: 3.283 | noise: 0.258
Iter 310 | Loss: -256.014 | lengthscale: 0.299 | outputscale: 3.290 | noise: 0.254
Iter 320 | Loss: -268.364 | lengthscale: 0.298 | outputscale: 3.296 | noise: 0.250
Iter 330 | Loss: -280.777 | lengthscale: 0.297 | outputscale: 3.302 | noise: 0.246
Iter 340 | Loss: -293.241 | lengthscale: 0.297 | outputscale: 3.307 | noise: 0.243
Iter 350 | Loss: -305.750 | lengthscale: 0.296 | outputscale: 3.311 | noise: 0.239
Iter 360 | Loss: -318.288 | lengthscale: 0.296 | outputscale: 3.315 | noise: 0.235
Iter 370 | Loss: -330.850 | lengthscale: 0.295 | outputscale: 3.319 | noise: 0.232
Iter 380 | Loss: -343.425 | lengthscale: 0.294 | outputscale: 3.322 | noise: 0.228
Iter 390 | Loss: -355.990 | lengthscale: 0.294 | outputscale: 3.324 | noise: 0.224
Iter 400 | Loss: -368.550 | lengthscale: 0.294 | outputscale: 3.326 | noise: 0.221
Iter 410 | Loss: -381.076 | lengthscale: 0.293 | outputscale: 3.328 | noise: 0.217
Iter 420 | Loss: -393.566 | lengthscale: 0.293 | outputscale: 3.329 | noise: 0.214
Iter 430 | Loss: -406.008 | lengthscale: 0.292 | outputscale: 3.329 | noise: 0.210
Iter 440 | Loss: -418.378 | lengthscale: 0.292 | outputscale: 3.330 | noise: 0.207
Iter 450 | Loss: -430.674 | lengthscale: 0.291 | outputscale: 3.330 | noise: 0.203
Iter 460 | Loss: -442.872 | lengthscale: 0.291 | outputscale: 3.329 | noise: 0.200
Iter 470 | Loss: -454.969 | lengthscale: 0.291 | outputscale: 3.328 | noise: 0.197
Iter 480 | Loss: -466.952 | lengthscale: 0.290 | outputscale: 3.327 | noise: 0.193
Iter 490 | Loss: -478.789 | lengthscale: 0.290 | outputscale: 3.326 | noise: 0.190
Iter 500 | Loss: -490.492 | lengthscale: 0.290 | outputscale: 3.324 | noise: 0.187
Iter 510 | Loss: -502.026 | lengthscale: 0.290 | outputscale: 3.322 | noise: 0.184
Iter 520 | Loss: -513.396 | lengthscale: 0.289 | outputscale: 3.320 | noise: 0.181
Iter 530 | Loss: -524.574 | lengthscale: 0.289 | outputscale: 3.317 | noise: 0.178
Iter 540 | Loss: -535.547 | lengthscale: 0.289 | outputscale: 3.314 | noise: 0.175
Iter 550 | Loss: -546.301 | lengthscale: 0.289 | outputscale: 3.311 | noise: 0.172
Iter 560 | Loss: -556.841 | lengthscale: 0.288 | outputscale: 3.308 | noise: 0.169
Iter 570 | Loss: -567.141 | lengthscale: 0.288 | outputscale: 3.304 | noise: 0.166
Iter 580 | Loss: -577.175 | lengthscale: 0.288 | outputscale: 3.301 | noise: 0.164
Iter 590 | Loss: -586.961 | lengthscale: 0.288 | outputscale: 3.297 | noise: 0.161
Iter 600 | Loss: -596.462 | lengthscale: 0.287 | outputscale: 3.293 | noise: 0.159
Iter 610 | Loss: -605.699 | lengthscale: 0.287 | outputscale: 3.288 | noise: 0.156
Iter 620 | Loss: -614.640 | lengthscale: 0.287 | outputscale: 3.284 | noise: 0.154
Iter 630 | Loss: -623.287 | lengthscale: 0.287 | outputscale: 3.279 | noise: 0.151
Iter 640 | Loss: -631.631 | lengthscale: 0.287 | outputscale: 3.275 | noise: 0.149
Iter 650 | Loss: -639.643 | lengthscale: 0.286 | outputscale: 3.270 | noise: 0.147
Iter 660 | Loss: -647.377 | lengthscale: 0.286 | outputscale: 3.265 | noise: 0.145
Iter 670 | Loss: -654.766 | lengthscale: 0.286 | outputscale: 3.260 | noise: 0.142
Iter 680 | Loss: -661.832 | lengthscale: 0.286 | outputscale: 3.254 | noise: 0.140
Iter 690 | Loss: -668.583 | lengthscale: 0.285 | outputscale: 3.249 | noise: 0.138
Iter 700 | Loss: -674.988 | lengthscale: 0.285 | outputscale: 3.244 | noise: 0.137
Iter 710 | Loss: -681.072 | lengthscale: 0.285 | outputscale: 3.238 | noise: 0.135
Iter 720 | Loss: -686.870 | lengthscale: 0.285 | outputscale: 3.232 | noise: 0.133
Iter 730 | Loss: -692.311 | lengthscale: 0.285 | outputscale: 3.226 | noise: 0.131
Iter 740 | Loss: -697.454 | lengthscale: 0.284 | outputscale: 3.220 | noise: 0.129
Iter 750 | Loss: -702.300 | lengthscale: 0.284 | outputscale: 3.214 | noise: 0.128
Iter 760 | Loss: -706.825 | lengthscale: 0.284 | outputscale: 3.208 | noise: 0.126
Iter 770 | Loss: -711.058 | lengthscale: 0.284 | outputscale: 3.202 | noise: 0.125
Iter 780 | Loss: -715.000 | lengthscale: 0.284 | outputscale: 3.196 | noise: 0.123
Iter 790 | Loss: -718.699 | lengthscale: 0.283 | outputscale: 3.189 | noise: 0.122
Iter 800 | Loss: -722.110 | lengthscale: 0.283 | outputscale: 3.182 | noise: 0.121
Iter 810 | Loss: -725.250 | lengthscale: 0.283 | outputscale: 3.176 | noise: 0.120
Iter 820 | Loss: -728.134 | lengthscale: 0.283 | outputscale: 3.169 | noise: 0.118
Iter 830 | Loss: -730.853 | lengthscale: 0.282 | outputscale: 3.162 | noise: 0.117
Iter 840 | Loss: -733.321 | lengthscale: 0.282 | outputscale: 3.155 | noise: 0.116
Iter 850 | Loss: -735.530 | lengthscale: 0.282 | outputscale: 3.148 | noise: 0.115
Iter 860 | Loss: -737.557 | lengthscale: 0.282 | outputscale: 3.141 | noise: 0.114
Iter 870 | Loss: -739.455 | lengthscale: 0.281 | outputscale: 3.134 | noise: 0.113
Iter 880 | Loss: -741.167 | lengthscale: 0.281 | outputscale: 3.127 | noise: 0.112
Iter 890 | Loss: -742.660 | lengthscale: 0.281 | outputscale: 3.119 | noise: 0.112
Iter 900 | Loss: -744.054 | lengthscale: 0.281 | outputscale: 3.112 | noise: 0.111
Iter 910 | Loss: -745.340 | lengthscale: 0.280 | outputscale: 3.104 | noise: 0.110
Iter 920 | Loss: -746.403 | lengthscale: 0.280 | outputscale: 3.097 | noise: 0.109
Iter 930 | Loss: -747.490 | lengthscale: 0.280 | outputscale: 3.089 | noise: 0.109
Iter 940 | Loss: -748.368 | lengthscale: 0.280 | outputscale: 3.081 | noise: 0.108
Iter 950 | Loss: -749.147 | lengthscale: 0.279 | outputscale: 3.073 | noise: 0.107
Iter 960 | Loss: -749.834 | lengthscale: 0.279 | outputscale: 3.065 | noise: 0.107
Iter 970 | Loss: -750.472 | lengthscale: 0.279 | outputscale: 3.057 | noise: 0.106
Iter 980 | Loss: -751.039 | lengthscale: 0.279 | outputscale: 3.049 | noise: 0.106
Iter 990 | Loss: -751.546 | lengthscale: 0.278 | outputscale: 3.040 | noise: 0.105
Iter 1000 | Loss: -751.946 | lengthscale: 0.278 | outputscale: 3.032 | noise: 0.105
Iter 1010 | Loss: -752.349 | lengthscale: 0.278 | outputscale: 3.023 | noise: 0.105
Iter 1020 | Loss: -752.671 | lengthscale: 0.277 | outputscale: 3.015 | noise: 0.104
Iter 1030 | Loss: -752.994 | lengthscale: 0.277 | outputscale: 3.006 | noise: 0.104
Iter 1040 | Loss: -753.265 | lengthscale: 0.277 | outputscale: 2.997 | noise: 0.104
Iter 1050 | Loss: -753.515 | lengthscale: 0.277 | outputscale: 2.988 | noise: 0.103
Iter 1060 | Loss: -753.660 | lengthscale: 0.276 | outputscale: 2.979 | noise: 0.103
Iter 1070 | Loss: -753.892 | lengthscale: 0.276 | outputscale: 2.971 | noise: 0.103
Iter 1080 | Loss: -754.014 | lengthscale: 0.276 | outputscale: 2.962 | noise: 0.102
Iter 1090 | Loss: -754.167 | lengthscale: 0.276 | outputscale: 2.953 | noise: 0.102
Iter 1100 | Loss: -754.296 | lengthscale: 0.275 | outputscale: 2.943 | noise: 0.102
Iter 1110 | Loss: -754.422 | lengthscale: 0.275 | outputscale: 2.934 | noise: 0.102
Iter 1120 | Loss: -754.531 | lengthscale: 0.275 | outputscale: 2.925 | noise: 0.102
Iter 1130 | Loss: -754.600 | lengthscale: 0.275 | outputscale: 2.916 | noise: 0.101
Iter 1140 | Loss: -754.726 | lengthscale: 0.274 | outputscale: 2.906 | noise: 0.101
Iter 1150 | Loss: -754.744 | lengthscale: 0.274 | outputscale: 2.897 | noise: 0.101
Iter 1160 | Loss: -754.839 | lengthscale: 0.274 | outputscale: 2.888 | noise: 0.101
Iter 1170 | Loss: -754.889 | lengthscale: 0.273 | outputscale: 2.879 | noise: 0.101
Iter 1180 | Loss: -754.956 | lengthscale: 0.273 | outputscale: 2.869 | noise: 0.101
Iter 1190 | Loss: -754.964 | lengthscale: 0.273 | outputscale: 2.860 | noise: 0.101
Iter 1200 | Loss: -755.022 | lengthscale: 0.273 | outputscale: 2.850 | noise: 0.101
Iter 1210 | Loss: -755.031 | lengthscale: 0.272 | outputscale: 2.841 | noise: 0.100
Iter 1220 | Loss: -755.062 | lengthscale: 0.272 | outputscale: 2.831 | noise: 0.100
Iter 1230 | Loss: -755.144 | lengthscale: 0.272 | outputscale: 2.822 | noise: 0.100
Iter 1240 | Loss: -755.136 | lengthscale: 0.272 | outputscale: 2.812 | noise: 0.100
Iter 1250 | Loss: -755.195 | lengthscale: 0.271 | outputscale: 2.802 | noise: 0.100
Iter 1260 | Loss: -755.240 | lengthscale: 0.271 | outputscale: 2.793 | noise: 0.100
Iter 1270 | Loss: -755.291 | lengthscale: 0.271 | outputscale: 2.783 | noise: 0.100
Iter 1280 | Loss: -755.319 | lengthscale: 0.271 | outputscale: 2.774 | noise: 0.100
Iter 1290 | Loss: -755.333 | lengthscale: 0.270 | outputscale: 2.764 | noise: 0.100
Iter 1300 | Loss: -755.350 | lengthscale: 0.270 | outputscale: 2.755 | noise: 0.100
Iter 1310 | Loss: -755.389 | lengthscale: 0.270 | outputscale: 2.745 | noise: 0.100
Iter 1320 | Loss: -755.406 | lengthscale: 0.270 | outputscale: 2.736 | noise: 0.100
Iter 1330 | Loss: -755.467 | lengthscale: 0.269 | outputscale: 2.727 | noise: 0.100
Iter 1340 | Loss: -755.479 | lengthscale: 0.269 | outputscale: 2.717 | noise: 0.100
Iter 1350 | Loss: -755.477 | lengthscale: 0.269 | outputscale: 2.708 | noise: 0.100
Iter 1360 | Loss: -755.510 | lengthscale: 0.269 | outputscale: 2.699 | noise: 0.100
Iter 1370 | Loss: -755.557 | lengthscale: 0.269 | outputscale: 2.689 | noise: 0.100
Iter 1380 | Loss: -755.569 | lengthscale: 0.268 | outputscale: 2.680 | noise: 0.100
Iter 1390 | Loss: -755.589 | lengthscale: 0.268 | outputscale: 2.671 | noise: 0.100
Iter 1400 | Loss: -755.584 | lengthscale: 0.268 | outputscale: 2.662 | noise: 0.100
Iter 1410 | Loss: -755.626 | lengthscale: 0.268 | outputscale: 2.653 | noise: 0.100
Iter 1420 | Loss: -755.665 | lengthscale: 0.267 | outputscale: 2.643 | noise: 0.100
Iter 1430 | Loss: -755.648 | lengthscale: 0.267 | outputscale: 2.634 | noise: 0.100
Iter 1440 | Loss: -755.712 | lengthscale: 0.267 | outputscale: 2.625 | noise: 0.100
Iter 1450 | Loss: -755.716 | lengthscale: 0.267 | outputscale: 2.617 | noise: 0.100
Iter 1460 | Loss: -755.740 | lengthscale: 0.266 | outputscale: 2.608 | noise: 0.100
Iter 1470 | Loss: -755.742 | lengthscale: 0.266 | outputscale: 2.599 | noise: 0.100
Iter 1480 | Loss: -755.753 | lengthscale: 0.266 | outputscale: 2.590 | noise: 0.100
Iter 1490 | Loss: -755.807 | lengthscale: 0.266 | outputscale: 2.582 | noise: 0.100
Iter 1500 | Loss: -755.822 | lengthscale: 0.266 | outputscale: 2.573 | noise: 0.100
Iter 1510 | Loss: -755.825 | lengthscale: 0.265 | outputscale: 2.565 | noise: 0.100
Iter 1520 | Loss: -755.866 | lengthscale: 0.265 | outputscale: 2.556 | noise: 0.100
Iter 1530 | Loss: -755.861 | lengthscale: 0.265 | outputscale: 2.548 | noise: 0.100
Iter 1540 | Loss: -755.878 | lengthscale: 0.265 | outputscale: 2.539 | noise: 0.100
Iter 1550 | Loss: -755.918 | lengthscale: 0.264 | outputscale: 2.531 | noise: 0.100
Iter 1560 | Loss: -755.947 | lengthscale: 0.264 | outputscale: 2.523 | noise: 0.100
Iter 1570 | Loss: -755.940 | lengthscale: 0.264 | outputscale: 2.514 | noise: 0.100
Iter 1580 | Loss: -755.979 | lengthscale: 0.264 | outputscale: 2.506 | noise: 0.100
Iter 1590 | Loss: -755.981 | lengthscale: 0.264 | outputscale: 2.498 | noise: 0.100
Iter 1600 | Loss: -756.032 | lengthscale: 0.263 | outputscale: 2.490 | noise: 0.100
Iter 1610 | Loss: -756.025 | lengthscale: 0.263 | outputscale: 2.482 | noise: 0.100
Iter 1620 | Loss: -756.039 | lengthscale: 0.263 | outputscale: 2.474 | noise: 0.100
Iter 1630 | Loss: -756.056 | lengthscale: 0.263 | outputscale: 2.467 | noise: 0.100
Iter 1640 | Loss: -756.102 | lengthscale: 0.262 | outputscale: 2.459 | noise: 0.100
Iter 1650 | Loss: -756.074 | lengthscale: 0.262 | outputscale: 2.451 | noise: 0.100
Iter 1660 | Loss: -756.070 | lengthscale: 0.262 | outputscale: 2.444 | noise: 0.100
Iter 1670 | Loss: -756.120 | lengthscale: 0.262 | outputscale: 2.436 | noise: 0.100
Iter 1680 | Loss: -756.133 | lengthscale: 0.262 | outputscale: 2.429 | noise: 0.100
Iter 1690 | Loss: -756.139 | lengthscale: 0.261 | outputscale: 2.421 | noise: 0.100
Iter 1700 | Loss: -756.158 | lengthscale: 0.261 | outputscale: 2.414 | noise: 0.100
Iter 1710 | Loss: -756.191 | lengthscale: 0.261 | outputscale: 2.407 | noise: 0.100
Iter 1720 | Loss: -756.161 | lengthscale: 0.261 | outputscale: 2.400 | noise: 0.100
Iter 1730 | Loss: -756.225 | lengthscale: 0.261 | outputscale: 2.392 | noise: 0.100
Iter 1740 | Loss: -756.214 | lengthscale: 0.260 | outputscale: 2.385 | noise: 0.100
Iter 1750 | Loss: -756.252 | lengthscale: 0.260 | outputscale: 2.378 | noise: 0.100
Iter 1760 | Loss: -756.258 | lengthscale: 0.260 | outputscale: 2.371 | noise: 0.100
Iter 1770 | Loss: -756.270 | lengthscale: 0.260 | outputscale: 2.365 | noise: 0.100
Iter 1780 | Loss: -756.265 | lengthscale: 0.260 | outputscale: 2.358 | noise: 0.100
Iter 1790 | Loss: -756.296 | lengthscale: 0.259 | outputscale: 2.351 | noise: 0.100
Iter 1800 | Loss: -756.267 | lengthscale: 0.259 | outputscale: 2.345 | noise: 0.100
Iter 1810 | Loss: -756.286 | lengthscale: 0.259 | outputscale: 2.338 | noise: 0.099
Iter 1820 | Loss: -756.305 | lengthscale: 0.259 | outputscale: 2.332 | noise: 0.099
Iter 1830 | Loss: -756.317 | lengthscale: 0.259 | outputscale: 2.325 | noise: 0.099
Iter 1840 | Loss: -756.341 | lengthscale: 0.259 | outputscale: 2.319 | noise: 0.099
Iter 1850 | Loss: -756.361 | lengthscale: 0.258 | outputscale: 2.313 | noise: 0.099
Iter 1860 | Loss: -756.377 | lengthscale: 0.258 | outputscale: 2.307 | noise: 0.099
Iter 1870 | Loss: -756.384 | lengthscale: 0.258 | outputscale: 2.300 | noise: 0.099
Iter 1880 | Loss: -756.387 | lengthscale: 0.258 | outputscale: 2.294 | noise: 0.099
Iter 1890 | Loss: -756.384 | lengthscale: 0.258 | outputscale: 2.288 | noise: 0.099
Iter 1900 | Loss: -756.385 | lengthscale: 0.257 | outputscale: 2.282 | noise: 0.099
Iter 1910 | Loss: -756.399 | lengthscale: 0.257 | outputscale: 2.276 | noise: 0.099
Iter 1920 | Loss: -756.433 | lengthscale: 0.257 | outputscale: 2.271 | noise: 0.099
Iter 1930 | Loss: -756.420 | lengthscale: 0.257 | outputscale: 2.265 | noise: 0.099
Iter 1940 | Loss: -756.440 | lengthscale: 0.257 | outputscale: 2.259 | noise: 0.099
Iter 1950 | Loss: -756.465 | lengthscale: 0.257 | outputscale: 2.254 | noise: 0.099
Iter 1960 | Loss: -756.466 | lengthscale: 0.256 | outputscale: 2.248 | noise: 0.099
Iter 1970 | Loss: -756.460 | lengthscale: 0.256 | outputscale: 2.243 | noise: 0.099
Iter 1980 | Loss: -756.482 | lengthscale: 0.256 | outputscale: 2.238 | noise: 0.099
Iter 1990 | Loss: -756.471 | lengthscale: 0.256 | outputscale: 2.233 | noise: 0.099
Iter 2000 | Loss: -756.492 | lengthscale: 0.256 | outputscale: 2.227 | noise: 0.099
Iter 2010 | Loss: -756.495 | lengthscale: 0.256 | outputscale: 2.222 | noise: 0.099
Iter 2020 | Loss: -756.492 | lengthscale: 0.255 | outputscale: 2.217 | noise: 0.099
Iter 2030 | Loss: -756.498 | lengthscale: 0.255 | outputscale: 2.212 | noise: 0.099
Iter 2040 | Loss: -756.485 | lengthscale: 0.255 | outputscale: 2.207 | noise: 0.099
Iter 2050 | Loss: -756.499 | lengthscale: 0.255 | outputscale: 2.202 | noise: 0.099
Iter 2060 | Loss: -756.506 | lengthscale: 0.255 | outputscale: 2.197 | noise: 0.099
Iter 2070 | Loss: -756.535 | lengthscale: 0.255 | outputscale: 2.193 | noise: 0.099
Iter 2080 | Loss: -756.535 | lengthscale: 0.255 | outputscale: 2.188 | noise: 0.099
Iter 2090 | Loss: -756.518 | lengthscale: 0.254 | outputscale: 2.183 | noise: 0.099
Iter 2100 | Loss: -756.543 | lengthscale: 0.254 | outputscale: 2.179 | noise: 0.099
Iter 2110 | Loss: -756.563 | lengthscale: 0.254 | outputscale: 2.174 | noise: 0.099
Iter 2120 | Loss: -756.572 | lengthscale: 0.254 | outputscale: 2.170 | noise: 0.099
Iter 2130 | Loss: -756.578 | lengthscale: 0.254 | outputscale: 2.165 | noise: 0.099
Iter 2140 | Loss: -756.548 | lengthscale: 0.254 | outputscale: 2.161 | noise: 0.099
Iter 2150 | Loss: -756.578 | lengthscale: 0.254 | outputscale: 2.157 | noise: 0.099
Iter 2160 | Loss: -756.572 | lengthscale: 0.253 | outputscale: 2.152 | noise: 0.099
Iter 2170 | Loss: -756.565 | lengthscale: 0.253 | outputscale: 2.148 | noise: 0.099
Iter 2180 | Loss: -756.570 | lengthscale: 0.253 | outputscale: 2.144 | noise: 0.099
Iter 2190 | Loss: -756.563 | lengthscale: 0.253 | outputscale: 2.140 | noise: 0.099
Iter 2200 | Loss: -756.567 | lengthscale: 0.253 | outputscale: 2.136 | noise: 0.099
Iter 2210 | Loss: -756.589 | lengthscale: 0.253 | outputscale: 2.133 | noise: 0.099
Iter 2220 | Loss: -756.577 | lengthscale: 0.253 | outputscale: 2.129 | noise: 0.099
Iter 2230 | Loss: -756.594 | lengthscale: 0.253 | outputscale: 2.125 | noise: 0.099
Iter 2240 | Loss: -756.601 | lengthscale: 0.252 | outputscale: 2.121 | noise: 0.099
Iter 2250 | Loss: -756.605 | lengthscale: 0.252 | outputscale: 2.118 | noise: 0.099
Iter 2260 | Loss: -756.621 | lengthscale: 0.252 | outputscale: 2.114 | noise: 0.099
Iter 2270 | Loss: -756.621 | lengthscale: 0.252 | outputscale: 2.110 | noise: 0.099
Iter 2280 | Loss: -756.618 | lengthscale: 0.252 | outputscale: 2.107 | noise: 0.099
Iter 2290 | Loss: -756.641 | lengthscale: 0.252 | outputscale: 2.103 | noise: 0.099
Iter 2300 | Loss: -756.629 | lengthscale: 0.252 | outputscale: 2.100 | noise: 0.099
Iter 2310 | Loss: -756.643 | lengthscale: 0.252 | outputscale: 2.097 | noise: 0.099
Iter 2320 | Loss: -756.650 | lengthscale: 0.252 | outputscale: 2.094 | noise: 0.099
Iter 2330 | Loss: -756.643 | lengthscale: 0.251 | outputscale: 2.090 | noise: 0.099
Iter 2340 | Loss: -756.650 | lengthscale: 0.251 | outputscale: 2.087 | noise: 0.099
Iter 2350 | Loss: -756.649 | lengthscale: 0.251 | outputscale: 2.084 | noise: 0.099
Iter 2360 | Loss: -756.651 | lengthscale: 0.251 | outputscale: 2.081 | noise: 0.099
Iter 2370 | Loss: -756.662 | lengthscale: 0.251 | outputscale: 2.078 | noise: 0.099
Iter 2380 | Loss: -756.663 | lengthscale: 0.251 | outputscale: 2.075 | noise: 0.099
Iter 2390 | Loss: -756.671 | lengthscale: 0.251 | outputscale: 2.072 | noise: 0.099
Iter 2400 | Loss: -756.694 | lengthscale: 0.251 | outputscale: 2.069 | noise: 0.099
Iter 2410 | Loss: -756.654 | lengthscale: 0.251 | outputscale: 2.066 | noise: 0.099
Iter 2420 | Loss: -756.677 | lengthscale: 0.251 | outputscale: 2.064 | noise: 0.099
Iter 2430 | Loss: -756.688 | lengthscale: 0.250 | outputscale: 2.061 | noise: 0.099
Iter 2440 | Loss: -756.671 | lengthscale: 0.250 | outputscale: 2.058 | noise: 0.099
Iter 2450 | Loss: -756.679 | lengthscale: 0.250 | outputscale: 2.056 | noise: 0.099
Iter 2460 | Loss: -756.687 | lengthscale: 0.250 | outputscale: 2.053 | noise: 0.099
Iter 2470 | Loss: -756.684 | lengthscale: 0.250 | outputscale: 2.050 | noise: 0.099
Iter 2480 | Loss: -756.678 | lengthscale: 0.250 | outputscale: 2.048 | noise: 0.099
Iter 2490 | Loss: -756.683 | lengthscale: 0.250 | outputscale: 2.045 | noise: 0.099
Iter 2499 | Loss: -756.678 | lengthscale: 0.250 | outputscale: 2.043 | noise: 0.099
Learned Hyperparams:  {'lengthscale': 0.2498113363981247, 'outputscale': 2.04302978515625, 'noise': 0.09945334494113922, 'marginal_likelihood_loss_history': [11883.142578125, 11634.8291015625, 11392.1064453125, 11154.62109375, 10922.2255859375, 10694.9208984375, 10472.255859375, 10254.59375, 10041.49609375, 9833.609375, 9629.7958984375, 9430.3837890625, 9234.98828125, 9043.888671875, 8857.0908203125, 8674.2626953125, 8495.107421875, 8319.548828125, 8147.505859375, 7978.8203125, 7813.46728515625, 7651.53955078125, 7492.08935546875, 7334.765625, 7179.38525390625, 7025.36572265625, 6872.04638671875, 6718.11669921875, 6562.8203125, 6404.82177734375, 6243.2890625, 6076.7158203125, 5903.8896484375, 5723.6015625, 5535.521484375, 5339.626953125, 5136.09619140625, 4925.912109375, 4711.02490234375, 4494.0244140625, 4277.65673828125, 4064.975830078125, 3859.431640625, 3663.8818359375, 3480.81640625, 3311.572265625, 3157.27880859375, 3017.77880859375, 2892.4248046875, 2780.13330078125, 2679.319091796875, 2588.4765625, 2505.95703125, 2430.255615234375, 2359.759521484375, 2293.248046875, 2229.60546875, 2167.656982421875, 2106.48193359375, 2045.259033203125, 1982.9677734375, 1919.123046875, 1852.86962890625, 1783.5458984375, 1710.486328125, 1633.28076171875, 1551.47119140625, 1464.85693359375, 1373.49951171875, 1277.845703125, 1178.598388671875, 1076.9541015625, 974.5025024414062, 872.99658203125, 774.3665771484375, 680.4776000976562, 592.8984985351562, 512.8038940429688, 440.86676025390625, 377.27996826171875, 321.82440185546875, 273.9520263671875, 232.9454345703125, 197.994384765625, 168.28729248046875, 143.05963134765625, 121.61773681640625, 103.355224609375, 87.75244140625, 74.3697509765625, 62.8388671875, 52.85211181640625, 44.15948486328125, 36.55145263671875, 29.85369873046875, 23.92144775390625, 18.64007568359375, 13.90899658203125, 9.64617919921875, 5.7862548828125, 2.2677001953125, -0.9554443359375, -3.92449951171875, -6.67108154296875, -9.2298583984375, -11.618896484375, -13.864013671875, -15.979736328125, -17.98358154296875, -19.89117431640625, -21.71331787109375, -23.45355224609375, -25.12841796875, -26.7431640625, -28.303955078125, -29.81597900390625, -31.2891845703125, -32.71905517578125, -34.11700439453125, -35.48297119140625, -36.82427978515625, -38.13677978515625, -39.429443359375, -40.6993408203125, -41.9552001953125, -43.1907958984375, -44.4161376953125, -45.62481689453125, -46.81866455078125, -48.00726318359375, -49.18292236328125, -50.35089111328125, -51.50732421875, -52.6590576171875, -53.80584716796875, -54.9444580078125, -56.07574462890625, -57.2030029296875, -58.3284912109375, -59.44830322265625, -60.56298828125, -61.67529296875, -62.78411865234375, -63.89239501953125, -64.99652099609375, -66.096923828125, -67.19830322265625, -68.2955322265625, -69.39154052734375, -70.48748779296875, -71.58160400390625, -72.673828125, -73.762451171875, -74.85479736328125, -75.94500732421875, -77.03704833984375, -78.12481689453125, -79.2147216796875, -80.302978515625, -81.3905029296875, -82.48028564453125, -83.56622314453125, -84.65478515625, -85.7423095703125, -86.83441162109375, -87.92108154296875, -89.01239013671875, -90.10150146484375, -91.19122314453125, -92.28131103515625, -93.3699951171875, -94.458984375, -95.55218505859375, -96.6456298828125, -97.73895263671875, -98.8333740234375, -99.9266357421875, -101.02105712890625, -102.11517333984375, -103.21356201171875, -104.30780029296875, -105.40740966796875, -106.50738525390625, -107.60333251953125, -108.70452880859375, -109.80572509765625, -110.90777587890625, -112.01055908203125, -113.11529541015625, -114.21795654296875, -115.32720947265625, -116.43243408203125, -117.53851318359375, -118.64739990234375, -119.75958251953125, -120.86834716796875, -121.98272705078125, -123.09442138671875, -124.20697021484375, -125.32330322265625, -126.43890380859375, -127.55767822265625, -128.67510986328125, -129.79241943359375, -130.91522216796875, -132.03619384765625, -133.15802001953125, -134.28411865234375, -135.40765380859375, -136.53424072265625, -137.65924072265625, -138.78717041015625, -139.92120361328125, -141.05230712890625, -142.18475341796875, -143.31390380859375, -144.44891357421875, -145.58538818359375, -146.72308349609375, -147.85858154296875, -148.99981689453125, -150.13726806640625, -151.27764892578125, -152.42413330078125, -153.56719970703125, -154.71063232421875, -155.85784912109375, -157.00628662109375, -158.15008544921875, -159.30303955078125, -160.45050048828125, -161.60650634765625, -162.75811767578125, -163.91070556640625, -165.06805419921875, -166.22418212890625, -167.37908935546875, -168.54083251953125, -169.69866943359375, -170.86383056640625, -172.02642822265625, -173.18463134765625, -174.35223388671875, -175.51898193359375, -176.68450927734375, -177.85113525390625, -179.02520751953125, -180.19097900390625, -181.36468505859375, -182.54022216796875, -183.71307373046875, -184.88739013671875, -186.06280517578125, -187.24224853515625, -188.41754150390625, -189.60113525390625, -190.78033447265625, -191.96319580078125, -193.14239501953125, -194.32855224609375, -195.51239013671875, -196.69793701171875, -197.88677978515625, -199.07550048828125, -200.26226806640625, -201.45355224609375, -202.64471435546875, -203.83953857421875, -205.03057861328125, -206.22369384765625, -207.41839599609375, -208.61773681640625, -209.81732177734375, -211.01568603515625, -212.21563720703125, -213.41693115234375, -214.61614990234375, -215.81817626953125, -217.02191162109375, -218.22857666015625, -219.43267822265625, -220.63922119140625, -221.84637451171875, -223.05865478515625, -224.26715087890625, -225.47625732421875, -226.68914794921875, -227.89959716796875, -229.11016845703125, -230.32611083984375, -231.54241943359375, -232.75823974609375, -233.97430419921875, -235.19366455078125, -236.41058349609375, -237.62933349609375, -238.85113525390625, -240.06866455078125, -241.28887939453125, -242.51239013671875, -243.73809814453125, -244.96185302734375, -246.18829345703125, -247.40936279296875, -248.64215087890625, -249.86773681640625, -251.09320068359375, -252.32598876953125, -253.55084228515625, -254.78302001953125, -256.01385498046875, -257.24517822265625, -258.47784423828125, -259.71124267578125, -260.94573974609375, -262.18255615234375, -263.41461181640625, -264.65032958984375, -265.88812255859375, -267.12591552734375, -268.36444091796875, -269.59991455078125, -270.83929443359375, -272.07965087890625, -273.32513427734375, -274.56390380859375, -275.80621337890625, -277.04620361328125, -278.28912353515625, -279.53265380859375, -280.77716064453125, -282.02093505859375, -283.26837158203125, -284.51190185546875, -285.75970458984375, -287.00262451171875, -288.24798583984375, -289.49810791015625, -290.74334716796875, -291.98944091796875, -293.24127197265625, -294.49017333984375, -295.73992919921875, -296.98785400390625, -298.24298095703125, -299.49102783203125, -300.74591064453125, -301.99005126953125, -303.24261474609375, -304.49468994140625, -305.74993896484375, -306.99908447265625, -308.25408935546875, -309.51055908203125, -310.76092529296875, -312.01702880859375, -313.26678466796875, -314.52142333984375, -315.77850341796875, -317.03350830078125, -318.28778076171875, -319.54107666015625, -320.80230712890625, -322.05560302734375, -323.31036376953125, -324.56451416015625, -325.82598876953125, -327.08392333984375, -328.33416748046875, -329.58941650390625, -330.84991455078125, -332.11090087890625, -333.36785888671875, -334.62225341796875, -335.87823486328125, -337.13653564453125, -338.39056396484375, -339.64862060546875, -340.91168212890625, -342.16546630859375, -343.42474365234375, -344.68255615234375, -345.93768310546875, -347.19329833984375, -348.45245361328125, -349.70989990234375, -350.96697998046875, -352.22479248046875, -353.48040771484375, -354.73822021484375, -355.98968505859375, -357.24700927734375, -358.50567626953125, -359.75750732421875, -361.01666259765625, -362.27008056640625, -363.52655029296875, -364.78643798828125, -366.03961181640625, -367.29534912109375, -368.54974365234375, -369.80670166015625, -371.05670166015625, -372.30877685546875, -373.56683349609375, -374.81707763671875, -376.07293701171875, -377.32550048828125, -378.57855224609375, -379.82232666015625, -381.07611083984375, -382.33135986328125, -383.58026123046875, -384.82904052734375, -386.08111572265625, -387.32440185546875, -388.57818603515625, -389.82781982421875, -391.07159423828125, -392.31634521484375, -393.56561279296875, -394.80938720703125, -396.05780029296875, -397.30780029296875, -398.55633544921875, -399.79364013671875, -401.03680419921875, -402.28460693359375, -403.52044677734375, -404.76715087890625, -406.00811767578125, -407.24615478515625, -408.49151611328125, -409.72760009765625, -410.96014404296875, -412.19940185546875, -413.43914794921875, -414.67340087890625, -415.90655517578125, -417.14666748046875, -418.37774658203125, -419.60662841796875, -420.84552001953125, -422.07647705078125, -423.31390380859375, -424.53240966796875, -425.77069091796875, -426.99444580078125, -428.21466064453125, -429.44842529296875, -430.67401123046875, -431.89410400390625, -433.11737060546875, -434.34283447265625, -435.56658935546875, -436.78497314453125, -438.00726318359375, -439.22503662109375, -440.43780517578125, -441.65667724609375, -442.87188720703125, -444.08746337890625, -445.30328369140625, -446.51434326171875, -447.73248291015625, -448.93914794921875, -450.15081787109375, -451.35906982421875, -452.56085205078125, -453.76251220703125, -454.96868896484375, -456.17376708984375, -457.37884521484375, -458.58038330078125, -459.77239990234375, -460.97137451171875, -462.17681884765625, -463.37176513671875, -464.57135009765625, -465.75946044921875, -466.95233154296875, -468.13861083984375, -469.33624267578125, -470.51727294921875, -471.71221923828125, -472.89068603515625, -474.07220458984375, -475.25506591796875, -476.44134521484375, -477.61663818359375, -478.78948974609375, -479.96856689453125, -481.14251708984375, -482.31427001953125, -483.48992919921875, -484.66302490234375, -485.83355712890625, -486.99249267578125, -488.16802978515625, -489.32684326171875, -490.49188232421875, -491.65142822265625, -492.80975341796875, -493.96710205078125, -495.12640380859375, -496.27874755859375, -497.43096923828125, -498.58831787109375, -499.73455810546875, -500.88214111328125, -502.02618408203125, -503.16839599609375, -504.32073974609375, -505.45904541015625, -506.59417724609375, -507.73016357421875, -508.87384033203125, -509.99871826171875, -511.13885498046875, -512.2667846679688, -513.3958129882812, -514.5221557617188, -515.6480102539062, -516.7630004882812, -517.8809204101562, -519.0018920898438, -520.1210327148438, -521.2328491210938, -522.3464965820312, -523.4611206054688, -524.5736694335938, -525.6838989257812, -526.7788696289062, -527.8876342773438, -528.9857788085938, -530.0786743164062, -531.1732788085938, -532.2644653320312, -533.3639526367188, -534.4552612304688, -535.5468139648438, -536.6244506835938, -537.7167358398438, -538.7953491210938, -539.8682250976562, -540.9467163085938, -542.0272827148438, -543.0983276367188, -544.1653442382812, -545.2393188476562, -546.3005981445312, -547.3656616210938, -548.4246215820312, -549.4872436523438, -550.5444946289062, -551.6013793945312, -552.6559448242188, -553.7074584960938, -554.7553100585938, -555.7910766601562, -556.8406372070312, -557.8827514648438, -558.9118041992188, -559.9567260742188, -560.9752807617188, -562.0125122070312, -563.0426635742188, -564.0787963867188, -565.0899047851562, -566.1155395507812, -567.1408081054688, -568.1565551757812, -569.1646118164062, -570.1694946289062, -571.1815795898438, -572.1884155273438, -573.1849975585938, -574.1845092773438, -575.1831665039062, -576.1841430664062, -577.1747436523438, -578.1676635742188, -579.1592407226562, -580.1394653320312, -581.1276245117188, -582.1030883789062, -583.0834350585938, -584.0564575195312, -585.0275268554688, -585.9945678710938, -586.9611206054688, -587.9310913085938, -588.8771362304688, -589.8416137695312, -590.8007202148438, -591.7462768554688, -592.6914672851562, -593.6494750976562, -594.5934448242188, -595.5381469726562, -596.4618530273438, -597.4098510742188, -598.3439331054688, -599.2647094726562, -600.1964721679688, -601.1218872070312, -602.0424194335938, -602.9663696289062, -603.8738403320312, -604.8005981445312, -605.6989135742188, -606.6060180664062, -607.5199584960938, -608.4081420898438, -609.3219604492188, -610.2077026367188, -611.1084594726562, -612.0031127929688, -612.8897094726562, -613.7627563476562, -614.6401977539062, -615.5308227539062, -616.4025268554688, -617.2877807617188, -618.1444702148438, -619.0057983398438, -619.8711547851562, -620.7293090820312, -621.5881958007812, -622.4406127929688, -623.2868041992188, -624.1328735351562, -624.9724731445312, -625.8180541992188, -626.6547241210938, -627.4823608398438, -628.3264770507812, -629.1625366210938, -629.9827270507812, -630.8023071289062, -631.6311645507812, -632.4462280273438, -633.2570190429688, -634.0762329101562, -634.8710327148438, -635.6720581054688, -636.4751586914062, -637.2789916992188, -638.0787963867188, -638.8794555664062, -639.6430053710938, -640.4508666992188, -641.2233276367188, -641.9913940429688, -642.7662963867188, -643.5370483398438, -644.3259887695312, -645.0751342773438, -645.8436889648438, -646.6253051757812, -647.3772583007812, -648.1193237304688, -648.8761596679688, -649.6283569335938, -650.3555297851562, -651.1073608398438, -651.8451538085938, -652.5825805664062, -653.3255004882812, -654.0380249023438, -654.7658081054688, -655.4834594726562, -656.1884155273438, -656.9151000976562, -657.6198120117188, -658.3195190429688, -659.0468139648438, -659.7277221679688, -660.4454956054688, -661.1331176757812, -661.8319702148438, -662.5233764648438, -663.2067260742188, -663.8707885742188, -664.5641479492188, -665.2317504882812, -665.9279174804688, -666.5835571289062, -667.2499389648438, -667.9181518554688, -668.5827026367188, -669.2240600585938, -669.8776245117188, -670.5151977539062, -671.1694946289062, -671.8237915039062, -672.4701538085938, -673.1002807617188, -673.7285766601562, -674.3641967773438, -674.9880981445312, -675.6242065429688, -676.2374877929688, -676.8473510742188, -677.4570922851562, -678.0681762695312, -678.6986694335938, -679.2783813476562, -679.8842163085938, -680.4872436523438, -681.0724487304688, -681.6788940429688, -682.2680053710938, -682.8600463867188, -683.4092407226562, -684.0048217773438, -684.5868530273438, -685.1547241210938, -685.7282104492188, -686.3016967773438, -686.8698120117188, -687.4164428710938, -687.9713745117188, -688.5287475585938, -689.0812377929688, -689.6349487304688, -690.1705932617188, -690.7077026367188, -691.2418823242188, -691.7824096679688, -692.3107299804688, -692.8374633789062, -693.3711547851562, -693.8861694335938, -694.3959350585938, -694.9308471679688, -695.4513549804688, -695.9484252929688, -696.4419555664062, -696.9490356445312, -697.4542846679688, -697.9467163085938, -698.4533081054688, -698.9442749023438, -699.4109497070312, -699.9109497070312, -700.3894653320312, -700.8820190429688, -701.3566284179688, -701.8129272460938, -702.3004760742188, -702.7343139648438, -703.2162475585938, -703.6889038085938, -704.1178588867188, -704.5973510742188, -705.0590209960938, -705.4740600585938, -705.9338989257812, -706.3695678710938, -706.8246459960938, -707.2725219726562, -707.6958618164062, -708.1224975585938, -708.5388793945312, -708.9862670898438, -709.3954467773438, -709.8372192382812, -710.2251586914062, -710.6249389648438, -711.0580444335938, -711.4470825195312, -711.8982543945312, -712.2859497070312, -712.6793823242188, -713.0534057617188, -713.4603881835938, -713.8322143554688, -714.2265014648438, -714.6271362304688, -714.9999389648438, -715.3794555664062, -715.7626342773438, -716.1344604492188, -716.5070190429688, -716.8799438476562, -717.2678833007812, -717.6167602539062, -717.9624633789062, -718.3239135742188, -718.6994018554688, -719.0460815429688, -719.3807983398438, -719.7448120117188, -720.0878295898438, -720.4452514648438, -720.7938842773438, -721.1249389648438, -721.4528198242188, -721.7593383789062, -722.1098022460938, -722.4299926757812, -722.7385864257812, -723.0906372070312, -723.4013061523438, -723.7122192382812, -724.0303344726562, -724.3435668945312, -724.6442260742188, -724.9323120117188, -725.2503051757812, -725.5272827148438, -725.8307495117188, -726.1171264648438, -726.4059448242188, -726.7350463867188, -727.0153198242188, -727.3167114257812, -727.5910034179688, -727.9020385742188, -728.1337280273438, -728.4384155273438, -728.7295532226562, -729.0014038085938, -729.2577514648438, -729.5277709960938, -729.7782592773438, -730.0319213867188, -730.3126831054688, -730.5900268554688, -730.8534545898438, -731.0912475585938, -731.3541870117188, -731.6193237304688, -731.8737182617188, -732.1207885742188, -732.3195190429688, -732.5900268554688, -732.8113403320312, -733.0724487304688, -733.3207397460938, -733.5459594726562, -733.7938842773438, -733.9948120117188, -734.2135620117188, -734.4183959960938, -734.6387329101562, -734.8588256835938, -735.1022338867188, -735.2966918945312, -735.5299682617188, -735.7323608398438, -735.9603881835938, -736.1615600585938, -736.3612670898438, -736.6007690429688, -736.7717895507812, -736.9625854492188, -737.1685180664062, -737.3786010742188, -737.5565795898438, -737.7789916992188, -737.9567260742188, -738.1719360351562, -738.3822631835938, -738.5510864257812, -738.7369995117188, -738.9306030273438, -739.1185913085938, -739.2929077148438, -739.4552612304688, -739.6162719726562, -739.8306274414062, -739.9939575195312, -740.1364135742188, -740.3389282226562, -740.4804077148438, -740.6458129882812, -740.8153686523438, -740.9828491210938, -741.1671752929688, -741.3073120117188, -741.4464721679688, -741.6211547851562, -741.7990112304688, -741.9415893554688, -742.0957641601562, -742.2109985351562, -742.4003295898438, -742.5200805664062, -742.6603393554688, -742.8078002929688, -742.9474487304688, -743.0956420898438, -743.2604370117188, -743.4172973632812, -743.5648803710938, -743.6616821289062, -743.7930297851562, -743.9190063476562, -744.0537719726562, -744.2152709960938, -744.3318481445312, -744.4633178710938, -744.5692749023438, -744.7152709960938, -744.8019409179688, -744.9754028320312, -745.0855102539062, -745.1640014648438, -745.3400268554688, -745.4191284179688, -745.5868530273438, -745.6544799804688, -745.7538452148438, -745.8919067382812, -745.9816284179688, -746.0868530273438, -746.2313842773438, -746.3126831054688, -746.4033813476562, -746.5438842773438, -746.6547241210938, -746.7462768554688, -746.8745727539062, -746.9503784179688, -747.0441284179688, -747.1115112304688, -747.2435913085938, -747.3566284179688, -747.4896850585938, -747.5526733398438, -747.6542358398438, -747.7174682617188, -747.8185424804688, -747.9036254882812, -747.9999389648438, -748.1056518554688, -748.2028198242188, -748.2252807617188, -748.3678588867188, -748.4403686523438, -748.5036010742188, -748.6159057617188, -748.7100219726562, -748.7792358398438, -748.8545532226562, -748.9337768554688, -748.9821166992188, -749.0253295898438, -749.1469116210938, -749.2022094726562, -749.2722778320312, -749.3541870117188, -749.4081420898438, -749.4635620117188, -749.5724487304688, -749.6622924804688, -749.7188110351562, -749.7692260742188, -749.8336791992188, -749.8927612304688, -749.9589233398438, -750.0624389648438, -750.1176147460938, -750.1901245117188, -750.2554321289062, -750.2970581054688, -750.3467407226562, -750.4098510742188, -750.4721069335938, -750.5497436523438, -750.6083374023438, -750.6242065429688, -750.7144165039062, -750.7658081054688, -750.8158569335938, -750.8796997070312, -750.9118041992188, -750.9869995117188, -751.0390014648438, -751.0918579101562, -751.1471557617188, -751.1836547851562, -751.2527465820312, -751.3204956054688, -751.3372192382812, -751.4016723632812, -751.4475708007812, -751.5026245117188, -751.5458374023438, -751.6088256835938, -751.6390991210938, -751.6618041992188, -751.6942749023438, -751.7379760742188, -751.8314819335938, -751.8700561523438, -751.9192504882812, -751.8961791992188, -751.9461059570312, -751.9872436523438, -752.0308227539062, -752.0828247070312, -752.1019897460938, -752.1845092773438, -752.2101440429688, -752.2409057617188, -752.3036499023438, -752.3357543945312, -752.3485717773438, -752.4146118164062, -752.4420776367188, -752.4778442382812, -752.5116577148438, -752.5341186523438, -752.5590209960938, -752.5492553710938, -752.5907592773438, -752.6763305664062, -752.6714477539062, -752.7214965820312, -752.7424926757812, -752.7781372070312, -752.8126831054688, -752.8294067382812, -752.8894653320312, -752.9215698242188, -752.9263305664062, -752.9492797851562, -752.9938354492188, -753.0125122070312, -753.0543823242188, -753.1139526367188, -753.1532592773438, -753.1134643554688, -753.1670532226562, -753.1754760742188, -753.2029418945312, -753.2467651367188, -753.2653198242188, -753.2670288085938, -753.2705688476562, -753.3128051757812, -753.3406372070312, -753.3370971679688, -753.3893432617188, -753.4049682617188, -753.4552612304688, -753.4287719726562, -753.5153198242188, -753.5134887695312, -753.4789428710938, -753.5403442382812, -753.5635375976562, -753.5695190429688, -753.6127319335938, -753.6561889648438, -753.6260375976562, -753.6885375976562, -753.6596069335938, -753.7315063476562, -753.7484741210938, -753.7424926757812, -753.7352905273438, -753.8246459960938, -753.8151245117188, -753.8518676757812, -753.8469848632812, -753.8578491210938, -753.8922729492188, -753.9310913085938, -753.9203491210938, -753.9645385742188, -753.9174194335938, -753.9765014648438, -753.9807739257812, -754.0034790039062, -754.0350952148438, -754.0056762695312, -754.0140991210938, -754.0917358398438, -754.0739135742188, -754.0877075195312, -754.0745239257812, -754.1071166992188, -754.1069946289062, -754.1163940429688, -754.1744995117188, -754.1349487304688, -754.1668090820312, -754.2128295898438, -754.2074584960938, -754.2111206054688, -754.2247924804688, -754.1995239257812, -754.2800903320312, -754.2465209960938, -754.2697143554688, -754.2865600585938, -754.2964477539062, -754.3184204101562, -754.3590698242188, -754.3707885742188, -754.3949584960938, -754.4072875976562, -754.3792114257812, -754.4426879882812, -754.4004516601562, -754.4154663085938, -754.4219360351562, -754.4274291992188, -754.4550170898438, -754.4389038085938, -754.4835815429688, -754.4804077148438, -754.4628295898438, -754.5003051757812, -754.5073852539062, -754.5228881835938, -754.5314331054688, -754.5599975585938, -754.5355834960938, -754.5601196289062, -754.5626831054688, -754.5792846679688, -754.5629272460938, -754.5546264648438, -754.5708618164062, -754.6002807617188, -754.5996704101562, -754.6166381835938, -754.6354370117188, -754.6196899414062, -754.6301879882812, -754.6613159179688, -754.6602172851562, -754.6661987304688, -754.7031860351562, -754.6973266601562, -754.7263793945312, -754.7218627929688, -754.7178344726562, -754.7095336914062, -754.6832885742188, -754.7286987304688, -754.7323608398438, -754.7286987304688, -754.7036743164062, -754.7384643554688, -754.7443237304688, -754.7527465820312, -754.7328491210938, -754.7780151367188, -754.7734985351562, -754.8009643554688, -754.7969360351562, -754.8473510742188, -754.8331909179688, -754.8115844726562, -754.8388061523438, -754.8175659179688, -754.8272094726562, -754.8441772460938, -754.8451538085938, -754.8612670898438, -754.8864135742188, -754.8775024414062, -754.9005737304688, -754.8950805664062, -754.8894653320312, -754.9064331054688, -754.9179077148438, -754.8842163085938, -754.9442749023438, -754.9025268554688, -754.9514770507812, -754.9249877929688, -754.9450073242188, -754.9362182617188, -754.9563598632812, -754.9795532226562, -754.9797973632812, -754.9601440429688, -754.9446411132812, -754.9533081054688, -755.0045776367188, -754.9932250976562, -754.9682006835938, -754.9962768554688, -754.9641723632812, -754.9884643554688, -755.0026245117188, -754.9950561523438, -755.0278930664062, -755.0186157226562, -755.0233764648438, -755.0219116210938, -755.0338745117188, -755.0324096679688, -755.0221557617188, -755.0175170898438, -755.0188598632812, -755.0484008789062, -755.0208129882812, -755.0214233398438, -755.0487670898438, -755.0631713867188, -755.0143432617188, -755.0213012695312, -755.0308227539062, -755.0599975585938, -755.0436401367188, -755.0580444335938, -755.0682983398438, -755.0846557617188, -755.0773315429688, -755.0861206054688, -755.0991821289062, -755.0924682617188, -755.0620727539062, -755.0532836914062, -755.0961303710938, -755.1016235351562, -755.1386108398438, -755.1290893554688, -755.1397094726562, -755.1135864257812, -755.1469116210938, -755.1361694335938, -755.1441040039062, -755.1370239257812, -755.1412963867188, -755.1691284179688, -755.1592407226562, -755.1453247070312, -755.1790161132812, -755.1417846679688, -755.1857299804688, -755.1642456054688, -755.1359252929688, -755.1813354492188, -755.2079467773438, -755.1932983398438, -755.1828002929688, -755.1676635742188, -755.1974487304688, -755.1959838867188, -755.1920776367188, -755.1903686523438, -755.1952514648438, -755.2123413085938, -755.2102661132812, -755.2020874023438, -755.2192993164062, -755.2379760742188, -755.2565307617188, -755.2274780273438, -755.2108764648438, -755.2453002929688, -755.2401733398438, -755.2234497070312, -755.2489624023438, -755.2279663085938, -755.2622680664062, -755.2682495117188, -755.2766723632812, -755.2782592773438, -755.2780151367188, -755.2822875976562, -755.2913208007812, -755.2944946289062, -755.2898559570312, -755.2897338867188, -755.2909545898438, -755.2880249023438, -755.2809448242188, -755.3295288085938, -755.3114624023438, -755.3070678710938, -755.3185424804688, -755.3092651367188, -755.3447875976562, -755.3119506835938, -755.3224487304688, -755.3351440429688, -755.3201293945312, -755.3561401367188, -755.3457641601562, -755.3297729492188, -755.3328247070312, -755.3246459960938, -755.3124389648438, -755.3457641601562, -755.3660278320312, -755.3344116210938, -755.3185424804688, -755.3361206054688, -755.3574829101562, -755.3473510742188, -755.3500366210938, -755.3661499023438, -755.3507690429688, -755.3734741210938, -755.3854370117188, -755.3844604492188, -755.3637084960938, -755.3370971679688, -755.3790893554688, -755.3832397460938, -755.3888549804688, -755.3839721679688, -755.3793334960938, -755.3571166992188, -755.3668823242188, -755.3939819335938, -755.3804321289062, -755.3873901367188, -755.4010620117188, -755.3931274414062, -755.4057006835938, -755.3848266601562, -755.3853149414062, -755.4375610351562, -755.4271850585938, -755.4662475585938, -755.4066772460938, -755.4622192382812, -755.4249877929688, -755.4526977539062, -755.4666137695312, -755.4219360351562, -755.4379272460938, -755.4353637695312, -755.4286499023438, -755.4380493164062, -755.4540405273438, -755.4695434570312, -755.4760131835938, -755.4778442382812, -755.4786987304688, -755.4812622070312, -755.4660034179688, -755.4906616210938, -755.4669799804688, -755.4782104492188, -755.4633178710938, -755.4518432617188, -755.4534301757812, -755.4786987304688, -755.4774780273438, -755.4962768554688, -755.4983520507812, -755.5349731445312, -755.4923706054688, -755.5088500976562, -755.4942016601562, -755.5184936523438, -755.5214233398438, -755.4966430664062, -755.5095825195312, -755.4913940429688, -755.5029907226562, -755.5216674804688, -755.5253295898438, -755.5173950195312, -755.5436401367188, -755.5060424804688, -755.5184936523438, -755.5451049804688, -755.5568237304688, -755.5409545898438, -755.5476684570312, -755.5637817382812, -755.5332641601562, -755.5314331054688, -755.5429077148438, -755.5580444335938, -755.5661010742188, -755.5692749023438, -755.5693969726562, -755.5748901367188, -755.5582885742188, -755.5901489257812, -755.5955200195312, -755.5805053710938, -755.5697631835938, -755.6268920898438, -755.5728149414062, -755.6096801757812, -755.5890502929688, -755.6162719726562, -755.6129760742188, -755.6004028320312, -755.5797729492188, -755.6141967773438, -755.6096801757812, -755.5995483398438, -755.5924682617188, -755.6034545898438, -755.5844116210938, -755.6078491210938, -755.6024780273438, -755.6006469726562, -755.6146850585938, -755.5945434570312, -755.6007690429688, -755.6146850585938, -755.6295776367188, -755.6205444335938, -755.6261596679688, -755.6105346679688, -755.6161499023438, -755.6408081054688, -755.6002807617188, -755.6256713867188, -755.6304321289062, -755.6061401367188, -755.6166381835938, -755.6370239257812, -755.6647338867188, -755.6366577148438, -755.6571655273438, -755.6261596679688, -755.6505737304688, -755.6517944335938, -755.6349487304688, -755.6851196289062, -755.6640014648438, -755.6775512695312, -755.6482543945312, -755.6554565429688, -755.6693725585938, -755.6807250976562, -755.6525268554688, -755.6743774414062, -755.6803588867188, -755.6769409179688, -755.6824340820312, -755.6865844726562, -755.7123413085938, -755.6881713867188, -755.6807250976562, -755.6798706054688, -755.6887817382812, -755.7133178710938, -755.7022094726562, -755.7013549804688, -755.7123413085938, -755.7245483398438, -755.7162475585938, -755.7316284179688, -755.7377319335938, -755.7200317382812, -755.7230834960938, -755.7073364257812, -755.7326049804688, -755.7404174804688, -755.7316284179688, -755.7262573242188, -755.7402954101562, -755.7456665039062, -755.7611694335938, -755.7733764648438, -755.7655639648438, -755.7677612304688, -755.7594604492188, -755.7654418945312, -755.7765502929688, -755.7619018554688, -755.7416381835938, -755.7723999023438, -755.7625122070312, -755.7708129882812, -755.7643432617188, -755.7857055664062, -755.7781372070312, -755.7680053710938, -755.7948608398438, -755.7633666992188, -755.7529907226562, -755.7963256835938, -755.7672729492188, -755.7789916992188, -755.7694702148438, -755.7827758789062, -755.7865600585938, -755.7814331054688, -755.7975463867188, -755.8257446289062, -755.8068237304688, -755.7863159179688, -755.8053588867188, -755.7987670898438, -755.8151245117188, -755.7914428710938, -755.8128051757812, -755.8141479492188, -755.7924194335938, -755.8080444335938, -755.8215942382812, -755.8252563476562, -755.8351440429688, -755.8189086914062, -755.8158569335938, -755.8204956054688, -755.8070678710938, -755.8312377929688, -755.8461303710938, -755.8346557617188, -755.8246459960938, -755.8324584960938, -755.8270874023438, -755.8491821289062, -755.8551635742188, -755.8334350585938, -755.8449096679688, -755.8643188476562, -755.8638305664062, -755.8786010742188, -755.8661499023438, -755.8381958007812, -755.8449096679688, -755.8474731445312, -755.8682250976562, -755.8732299804688, -755.8901977539062, -755.8709106445312, -755.8715209960938, -755.8859252929688, -755.8611450195312, -755.8399047851562, -755.8604125976562, -755.8572387695312, -755.8612670898438, -755.8596801757812, -755.8616333007812, -755.8573608398438, -755.8836059570312, -755.8712768554688, -755.8778686523438, -755.8563842773438, -755.8973999023438, -755.8941040039062, -755.8668823242188, -755.8961791992188, -755.8854370117188, -755.9107055664062, -755.8883666992188, -755.8877563476562, -755.9179077148438, -755.8981323242188, -755.9155883789062, -755.9099731445312, -755.9188842773438, -755.9229125976562, -755.9321899414062, -755.9390258789062, -755.9326782226562, -755.9280395507812, -755.9472045898438, -755.9194946289062, -755.9600219726562, -755.9293823242188, -755.9352416992188, -755.9246215820312, -755.9242553710938, -755.9398803710938, -755.9395141601562, -755.9563598632812, -755.9401245117188, -755.9242553710938, -755.9297485351562, -755.9738159179688, -755.9608764648438, -755.9579467773438, -755.9623413085938, -755.9513549804688, -755.9786987304688, -755.9688110351562, -755.9788208007812, -755.9745483398438, -755.9868774414062, -755.9823608398438, -755.9622192382812, -755.9645385742188, -755.9789428710938, -755.9725952148438, -755.9985961914062, -756.0036010742188, -755.9811401367188, -756.0016479492188, -756.0127563476562, -756.0049438476562, -755.9774780273438, -755.9804077148438, -755.9733276367188, -755.9993286132812, -756.0060424804688, -756.0104370117188, -756.0320434570312, -756.0272827148438, -756.0370483398438, -756.0377807617188, -756.0335083007812, -756.0394897460938, -756.0368041992188, -756.0516967773438, -756.0243530273438, -756.0460815429688, -756.0253295898438, -756.0419311523438, -756.0368041992188, -756.0199584960938, -756.0270385742188, -756.0410766601562, -756.0573120117188, -756.0476684570312, -756.0300903320312, -756.0297241210938, -756.0385131835938, -756.0558471679688, -756.0393676757812, -756.0735473632812, -756.0869750976562, -756.0602416992188, -756.0551147460938, -756.0377807617188, -756.0585327148438, -756.0612182617188, -756.0564575195312, -756.0778198242188, -756.0668334960938, -756.0682983398438, -756.0536499023438, -756.0680541992188, -756.0557250976562, -756.0820922851562, -756.1088256835938, -756.1039428710938, -756.1024780273438, -756.0946655273438, -756.0983276367188, -756.1138305664062, -756.1006469726562, -756.1068725585938, -756.0971069335938, -756.0991821289062, -756.0880737304688, -756.0895385742188, -756.0739135742188, -756.0872192382812, -756.0607299804688, -756.0823364257812, -756.0751342773438, -756.0870971679688, -756.1023559570312, -756.0910034179688, -756.0872192382812, -756.1012573242188, -756.0704956054688, -756.1073608398438, -756.1098022460938, -756.1082153320312, -756.1010131835938, -756.0930786132812, -756.0919799804688, -756.0888061523438, -756.0886840820312, -756.1036987304688, -756.1199340820312, -756.1217651367188, -756.1537475585938, -756.1195678710938, -756.1234741210938, -756.1217651367188, -756.1194458007812, -756.1232299804688, -756.1137084960938, -756.1085815429688, -756.1325073242188, -756.1205444335938, -756.1415405273438, -756.1427612304688, -756.1220092773438, -756.1521606445312, -756.1342163085938, -756.1183471679688, -756.1539916992188, -756.1473999023438, -756.1389770507812, -756.1371459960938, -756.1255493164062, -756.1331176757812, -756.1425170898438, -756.1466674804688, -756.1503295898438, -756.1455688476562, -756.1340942382812, -756.1472778320312, -756.1580200195312, -756.1505737304688, -756.1631469726562, -756.1862182617188, -756.2019653320312, -756.1845092773438, -756.1961059570312, -756.1694946289062, -756.1901245117188, -756.1815795898438, -756.1911010742188, -756.2005004882812, -756.1864624023438, -756.1716918945312, -756.1806030273438, -756.1817016601562, -756.1879272460938, -756.1619262695312, -756.2023315429688, -756.1935424804688, -756.1613159179688, -756.1781616210938, -756.2184448242188, -756.1923217773438, -756.2045288085938, -756.1876831054688, -756.1911010742188, -756.2112426757812, -756.2258911132812, -756.2279663085938, -756.2252807617188, -756.2074584960938, -756.2128295898438, -756.2007446289062, -756.2182006835938, -756.2100219726562, -756.2106323242188, -756.2243041992188, -756.2122192382812, -756.2494506835938, -756.2138061523438, -756.2297973632812, -756.2233276367188, -756.2288208007812, -756.2345581054688, -756.2272338867188, -756.2423706054688, -756.2418823242188, -756.2125854492188, -756.2455444335938, -756.2516479492188, -756.2321166992188, -756.2587280273438, -756.2442016601562, -756.2343139648438, -756.2371215820312, -756.2348022460938, -756.2593383789062, -756.2284545898438, -756.2354125976562, -756.2575073242188, -756.2495727539062, -756.2374877929688, -756.2363891601562, -756.2636108398438, -756.2631225585938, -756.2615356445312, -756.2601928710938, -756.2517700195312, -756.2680053710938, -756.2698364257812, -756.2676391601562, -756.2710571289062, -756.2611694335938, -756.2816772460938, -756.2709350585938, -756.2778930664062, -756.2623901367188, -756.2557983398438, -756.2810668945312, -756.2650756835938, -756.2592163085938, -756.2785034179688, -756.2882690429688, -756.2528686523438, -756.2893676757812, -756.2760620117188, -756.2557983398438, -756.2680053710938, -756.2953491210938, -756.2955932617188, -756.2736206054688, -756.2948608398438, -756.2925415039062, -756.2606811523438, -756.2753295898438, -756.2819213867188, -756.2702026367188, -756.2843627929688, -756.2850952148438, -756.2671508789062, -756.2669067382812, -756.2698364257812, -756.2814331054688, -756.2926635742188, -756.2953491210938, -756.2815551757812, -756.3085327148438, -756.2985229492188, -756.2988891601562, -756.2855834960938, -756.2860717773438, -756.2955932617188, -756.3096313476562, -756.2911987304688, -756.3163452148438, -756.3119506835938, -756.3091430664062, -756.3229370117188, -756.3190307617188, -756.3051147460938, -756.3069458007812, -756.3057250976562, -756.3441772460938, -756.3114624023438, -756.3180541992188, -756.3030395507812, -756.2905883789062, -756.3151245117188, -756.3128051757812, -756.3174438476562, -756.3165893554688, -756.3331909179688, -756.3207397460938, -756.3317260742188, -756.3296508789062, -756.3373413085938, -756.3472290039062, -756.3440551757812, -756.3308715820312, -756.3412475585938, -756.3380737304688, -756.3148803710938, -756.3340454101562, -756.3471069335938, -756.3410034179688, -756.3357543945312, -756.3493041992188, -756.3563842773438, -756.3533325195312, -756.3612670898438, -756.3577270507812, -756.3823852539062, -756.3583374023438, -756.3637084960938, -756.3635864257812, -756.3651733398438, -756.3734741210938, -756.3684692382812, -756.3500366210938, -756.3768920898438, -756.3828735351562, -756.3521118164062, -756.3756713867188, -756.3712768554688, -756.3834838867188, -756.3784790039062, -756.3693237304688, -756.3744506835938, -756.3627319335938, -756.3842163085938, -756.3643188476562, -756.3703002929688, -756.3954467773438, -756.3595581054688, -756.3773803710938, -756.3954467773438, -756.3854370117188, -756.3654174804688, -756.3961791992188, -756.3873901367188, -756.4019165039062, -756.3751831054688, -756.3683471679688, -756.3657836914062, -756.3665161132812, -756.3778686523438, -756.3810424804688, -756.3847045898438, -756.3855590820312, -756.3839721679688, -756.3720092773438, -756.3864135742188, -756.3887329101562, -756.3941040039062, -756.3871459960938, -756.4083862304688, -756.3850708007812, -756.4214477539062, -756.4107055664062, -756.3854370117188, -756.4019165039062, -756.4027709960938, -756.4149780273438, -756.3976440429688, -756.3927612304688, -756.4196166992188, -756.4221801757812, -756.4144897460938, -756.4088745117188, -756.3991088867188, -756.4054565429688, -756.4159545898438, -756.4047241210938, -756.4262084960938, -756.4185180664062, -756.4205932617188, -756.4264526367188, -756.4313354492188, -756.4301147460938, -756.4328002929688, -756.4429321289062, -756.4389038085938, -756.4529418945312, -756.4317016601562, -756.4348754882812, -756.4487915039062, -756.4274291992188, -756.4334106445312, -756.4041137695312, -756.4201049804688, -756.4448852539062, -756.4205932617188, -756.4275512695312, -756.4230346679688, -756.4287719726562, -756.4337768554688, -756.4533081054688, -756.4435424804688, -756.4165649414062, -756.4397583007812, -756.4225463867188, -756.4336547851562, -756.4076538085938, -756.4318237304688, -756.4392700195312, -756.4579467773438, -756.4567260742188, -756.4537963867188, -756.4502563476562, -756.4646606445312, -756.4568481445312, -756.4544067382812, -756.4767456054688, -756.4354858398438, -756.4572143554688, -756.4406127929688, -756.4284057617188, -756.4562377929688, -756.4533081054688, -756.4660034179688, -756.4550170898438, -756.4578247070312, -756.4412231445312, -756.4555053710938, -756.4611206054688, -756.4564819335938, -756.4611206054688, -756.4678344726562, -756.4671020507812, -756.4602661132812, -756.4653930664062, -756.4640502929688, -756.4765014648438, -756.4578247070312, -756.4642944335938, -756.4725952148438, -756.4767456054688, -756.4821166992188, -756.5032348632812, -756.4824829101562, -756.4783325195312, -756.4612426757812, -756.4793090820312, -756.4793090820312, -756.4688110351562, -756.4937133789062, -756.4797973632812, -756.4713745117188, -756.4672241210938, -756.4707641601562, -756.4725952148438, -756.5038452148438, -756.4874877929688, -756.4866333007812, -756.4929809570312, -756.5009155273438, -756.4933471679688, -756.4989624023438, -756.4988403320312, -756.4918823242188, -756.4796752929688, -756.4805297851562, -756.4786987304688, -756.4843139648438, -756.4758911132812, -756.4938354492188, -756.4788208007812, -756.4888305664062, -756.4812622070312, -756.4953002929688, -756.4915161132812, -756.5142211914062, -756.5060424804688, -756.4971313476562, -756.4861450195312, -756.4984741210938, -756.5249633789062, -756.4874877929688, -756.5194702148438, -756.4923706054688, -756.5009155273438, -756.4884643554688, -756.4993286132812, -756.5098266601562, -756.4855346679688, -756.5067749023438, -756.5226440429688, -756.4862670898438, -756.4911499023438, -756.4982299804688, -756.5028686523438, -756.4920043945312, -756.5081176757812, -756.5028686523438, -756.4869995117188, -756.4857788085938, -756.5098266601562, -756.5055541992188, -756.5130004882812, -756.4854125976562, -756.4940795898438, -756.4998168945312, -756.4931030273438, -756.4873657226562, -756.5045776367188, -756.5103149414062, -756.5172729492188, -756.5123901367188, -756.5263061523438, -756.4985961914062, -756.5195922851562, -756.5086059570312, -756.5089721679688, -756.5043334960938, -756.4882202148438, -756.5001831054688, -756.5134887695312, -756.5009155273438, -756.5051879882812, -756.5059204101562, -756.5208129882812, -756.5225219726562, -756.5402221679688, -756.5165405273438, -756.5249633789062, -756.5482788085938, -756.5398559570312, -756.5162963867188, -756.5462036132812, -756.5346069335938, -756.5360717773438, -756.5526733398438, -756.5192260742188, -756.5177612304688, -756.5316772460938, -756.5342407226562, -756.5468139648438, -756.5621948242188, -756.5403442382812, -756.5346069335938, -756.5187377929688, -756.5463256835938, -756.5451049804688, -756.5388793945312, -756.5294799804688, -756.5314331054688, -756.5397338867188, -756.5414428710938, -756.5476684570312, -756.5184936523438, -756.5331420898438, -756.5436401367188, -756.5303344726562, -756.5453491210938, -756.5311889648438, -756.5375366210938, -756.5399780273438, -756.5545043945312, -756.5309448242188, -756.5432739257812, -756.5424194335938, -756.5453491210938, -756.5512084960938, -756.5504760742188, -756.5422973632812, -756.5595092773438, -756.5599975585938, -756.5462036132812, -756.5532836914062, -756.5628051757812, -756.5704956054688, -756.5696411132812, -756.5719604492188, -756.5653686523438, -756.5692749023438, -756.5621948242188, -756.5629272460938, -756.5765991210938, -756.5675659179688, -756.5715942382812, -756.5498657226562, -756.5371704101562, -756.5245971679688, -756.5553588867188, -756.5344848632812, -756.5280151367188, -756.5734252929688, -756.5405883789062, -756.5617065429688, -756.5778198242188, -756.5661010742188, -756.5360717773438, -756.5426635742188, -756.5381469726562, -756.5654907226562, -756.5551147460938, -756.5621948242188, -756.5551147460938, -756.5404663085938, -756.5476684570312, -756.5432739257812, -756.5536499023438, -756.5402221679688, -756.5596313476562, -756.5709838867188, -756.5654907226562, -756.5487670898438, -756.5630493164062, -756.5653686523438, -756.5783081054688, -756.5426635742188, -756.5601196289062, -756.5443725585938, -756.5669555664062, -756.5527954101562, -756.5582885742188, -756.5709838867188, -756.5725708007812, -756.5664672851562, -756.5722045898438, -756.5684204101562, -756.5639038085938, -756.5809936523438, -756.5681762695312, -756.5725708007812, -756.5797729492188, -756.5551147460938, -756.5543823242188, -756.5634155273438, -756.5647583007812, -756.5706176757812, -756.5711059570312, -756.5691528320312, -756.5880737304688, -756.5840454101562, -756.5764770507812, -756.5726928710938, -756.5712280273438, -756.5848999023438, -756.5702514648438, -756.5763549804688, -756.5696411132812, -756.5853881835938, -756.5778198242188, -756.5756225585938, -756.5753784179688, -756.5852661132812, -756.5991821289062, -756.5651245117188, -756.5634155273438, -756.5700073242188, -756.5825805664062, -756.5726928710938, -756.5820922851562, -756.5764770507812, -756.5947875976562, -756.5614624023438, -756.5753784179688, -756.5761108398438, -756.5673217773438, -756.5867309570312, -756.5886840820312, -756.5786743164062, -756.5709838867188, -756.5713500976562, -756.5722045898438, -756.5790405273438, -756.5861206054688, -756.5990600585938, -756.5890502929688, -756.5895385742188, -756.5838012695312, -756.5739135742188, -756.5746459960938, -756.5758666992188, -756.5812377929688, -756.5829467773438, -756.5936889648438, -756.5927124023438, -756.5765991210938, -756.5925903320312, -756.5819702148438, -756.6106567382812, -756.5932006835938, -756.6123657226562, -756.6005249023438, -756.6119995117188, -756.5980834960938, -756.5863647460938, -756.5944213867188, -756.6067504882812, -756.5867309570312, -756.6015014648438, -756.6039428710938, -756.5787963867188, -756.6098022460938, -756.6024780273438, -756.5946655273438, -756.6110229492188, -756.6008911132812, -756.6105346679688, -756.6198120117188, -756.6199340820312, -756.6250610351562, -756.6183471679688, -756.5966186523438, -756.6112670898438, -756.6122436523438, -756.6235961914062, -756.6049194335938, -756.6198120117188, -756.6268920898438, -756.6178588867188, -756.6190795898438, -756.6039428710938, -756.6151733398438, -756.6146850585938, -756.6156616210938, -756.6203002929688, -756.6209106445312, -756.6185913085938, -756.6050415039062, -756.6264038085938, -756.6058959960938, -756.6146850585938, -756.6353149414062, -756.6298217773438, -756.6159057617188, -756.6129760742188, -756.6212768554688, -756.6091918945312, -756.6271362304688, -756.6162719726562, -756.6223754882812, -756.5983276367188, -756.6212768554688, -756.6359252929688, -756.5995483398438, -756.6095581054688, -756.6184692382812, -756.6140747070312, -756.6222534179688, -756.6353149414062, -756.6336059570312, -756.6394653320312, -756.6444702148438, -756.6178588867188, -756.6328735351562, -756.6350708007812, -756.6405639648438, -756.6326293945312, -756.6307983398438, -756.6237182617188, -756.6256713867188, -756.6400756835938, -756.6350708007812, -756.6359252929688, -756.6210327148438, -756.6370239257812, -756.6286010742188, -756.6437377929688, -756.6478881835938, -756.6469116210938, -756.6572875976562, -756.6392211914062, -756.6510620117188, -756.6420288085938, -756.6256713867188, -756.6347045898438, -756.6434936523438, -756.6281127929688, -756.6195678710938, -756.6299438476562, -756.6314086914062, -756.6500854492188, -756.6487426757812, -756.6378784179688, -756.6178588867188, -756.6298217773438, -756.6495971679688, -756.6389770507812, -756.6539916992188, -756.6314086914062, -756.6376342773438, -756.6499633789062, -756.6298217773438, -756.6463012695312, -756.6586303710938, -756.6520385742188, -756.6426391601562, -756.6444702148438, -756.6444702148438, -756.6342163085938, -756.6471557617188, -756.6596069335938, -756.6454467773438, -756.6525268554688, -756.6460571289062, -756.6616821289062, -756.6503295898438, -756.6631469726562, -756.6620483398438, -756.6500854492188, -756.6554565429688, -756.6539916992188, -756.6589965820312, -756.6337280273438, -756.6698608398438, -756.6487426757812, -756.6494750976562, -756.6471557617188, -756.6522827148438, -756.6420288085938, -756.6463012695312, -756.6615600585938, -756.6622924804688, -756.6696166992188, -756.6593627929688, -756.6557006835938, -756.6513061523438, -756.6532592773438, -756.6378784179688, -756.6569213867188, -756.6517944335938, -756.6535034179688, -756.6670532226562, -756.6532592773438, -756.6535034179688, -756.6786499023438, -756.6622924804688, -756.6578979492188, -756.6669311523438, -756.6613159179688, -756.6575317382812, -756.6723022460938, -756.6671752929688, -756.6686401367188, -756.6710815429688, -756.6675415039062, -756.6627807617188, -756.6613159179688, -756.6596069335938, -756.6837768554688, -756.6735229492188, -756.6653442382812, -756.6627807617188, -756.6726684570312, -756.6771850585938, -756.6691284179688, -756.6712036132812, -756.6815795898438, -756.6707153320312, -756.6723022460938, -756.6714477539062, -756.6708374023438, -756.6749877929688, -756.6608276367188, -756.6796264648438, -756.6690063476562, -756.6937866210938, -756.6719360351562, -756.6705932617188, -756.6685180664062, -756.6876831054688, -756.6792602539062, -756.6618041992188, -756.6900024414062, -756.6852416992188, -756.6771850585938, -756.6535034179688, -756.6583862304688, -756.6554565429688, -756.6644897460938, -756.6652221679688, -756.6806030273438, -756.6808471679688, -756.6753540039062, -756.6896362304688, -756.6740112304688, -756.6766967773438, -756.6809692382812, -756.6810913085938, -756.6889038085938, -756.6889038085938, -756.6963500976562, -756.6719360351562, -756.6752319335938, -756.6710815429688, -756.6950073242188, -756.6881713867188, -756.6696166992188, -756.6598510742188, -756.6696166992188, -756.6720581054688, -756.6644897460938, -756.6727905273438, -756.6591186523438, -756.6754760742188, -756.6769409179688, -756.6708374023438, -756.6635131835938, -756.6669311523438, -756.6644897460938, -756.6869506835938, -756.6752319335938, -756.6732788085938, -756.6797485351562, -756.6775512695312, -756.6774291992188, -756.6792602539062, -756.6865844726562, -756.6901245117188, -756.6785278320312, -756.6860961914062, -756.6854858398438, -756.6828002929688, -756.6842651367188, -756.6786499023438, -756.6771850585938, -756.6865844726562, -756.6788940429688, -756.6967163085938, -756.6895141601562, -756.6912231445312, -756.6913452148438, -756.6681518554688, -756.6930541992188, -756.6777954101562, -756.6826782226562, -756.6840209960938, -756.6870727539062, -756.6923217773438, -756.6893920898438, -756.6871948242188, -756.6854858398438, -756.6727905273438, -756.6806030273438, -756.6624145507812, -756.6752319335938, -756.6782836914062, -756.6840209960938, -756.6818237304688, -756.6928100585938, -756.6720581054688, -756.7008666992188, -756.6683959960938, -756.6786499023438, -756.6881713867188, -756.6798706054688, -756.6825561523438, -756.6946411132812, -756.6859741210938, -756.6737670898438, -756.6744995117188, -756.6900024414062, -756.6968383789062, -756.6896362304688, -756.6897583007812, -756.6781616210938]}
torch.Size([25000])
torch.Size([25000, 25000])
/cluster/tufts/hugheslab/swilli26/stat-patt-final/gp_vs_sngp/results/hyperparam_search/GP/CrazySin_1000_1001/logs
/cluster/tufts/hugheslab/swilli26/stat-patt-final/gp_vs_sngp/results/hyperparam_search/logs/GP_VS_SNGP_25029054.out
/cluster/tufts/hugheslab/swilli26/stat-patt-final/gp_vs_sngp/results/hyperparam_search/logs/GP_VS_SNGP_25029054.err
