Starting imports...
Importing argparse...
Importing torch...
Importing os...
Importing sngp.train and sngp.model...
Importing gaussian_process...
Importing dataset...
Importing json...
ALL IMPORTS COMPLETE!
Parsing arguments...
Arguments parsed! Running GP on Sin with N=1500
Checking CUDA availability...
Using CPU
Making Datasets...
Making Model...
Training Gaussian Process...
Iter   0 | Loss: -815.868 | lengthscale: 1.010 | outputscale: 1.010 | noise: 0.198
Iter  10 | Loss: -924.088 | lengthscale: 1.037 | outputscale: 1.114 | noise: 0.179
Iter  20 | Loss: -1021.803 | lengthscale: 1.071 | outputscale: 1.220 | noise: 0.162
Iter  30 | Loss: -1106.103 | lengthscale: 1.097 | outputscale: 1.318 | noise: 0.148
Iter  40 | Loss: -1174.598 | lengthscale: 1.117 | outputscale: 1.401 | noise: 0.135
Iter  50 | Loss: -1226.062 | lengthscale: 1.131 | outputscale: 1.465 | noise: 0.125
Iter  60 | Loss: -1260.874 | lengthscale: 1.140 | outputscale: 1.510 | noise: 0.116
Iter  70 | Loss: -1281.350 | lengthscale: 1.146 | outputscale: 1.538 | noise: 0.110
Iter  80 | Loss: -1291.387 | lengthscale: 1.146 | outputscale: 1.556 | noise: 0.105
Iter  90 | Loss: -1295.172 | lengthscale: 1.147 | outputscale: 1.561 | noise: 0.102
Iter 100 | Loss: -1296.193 | lengthscale: 1.143 | outputscale: 1.557 | noise: 0.100
Iter 110 | Loss: -1296.299 | lengthscale: 1.140 | outputscale: 1.552 | noise: 0.099
Iter 120 | Loss: -1296.235 | lengthscale: 1.141 | outputscale: 1.546 | noise: 0.099
Iter 130 | Loss: -1296.290 | lengthscale: 1.138 | outputscale: 1.546 | noise: 0.099
Iter 140 | Loss: -1296.266 | lengthscale: 1.142 | outputscale: 1.545 | noise: 0.099
Iter 150 | Loss: -1296.275 | lengthscale: 1.140 | outputscale: 1.546 | noise: 0.099
Iter 160 | Loss: -1296.286 | lengthscale: 1.140 | outputscale: 1.546 | noise: 0.099
Iter 170 | Loss: -1296.256 | lengthscale: 1.139 | outputscale: 1.549 | noise: 0.100
Iter 180 | Loss: -1296.311 | lengthscale: 1.144 | outputscale: 1.549 | noise: 0.100
Iter 190 | Loss: -1296.286 | lengthscale: 1.140 | outputscale: 1.549 | noise: 0.100
Iter 200 | Loss: -1296.304 | lengthscale: 1.142 | outputscale: 1.549 | noise: 0.099
Iter 210 | Loss: -1296.280 | lengthscale: 1.140 | outputscale: 1.548 | noise: 0.099
Iter 220 | Loss: -1296.218 | lengthscale: 1.139 | outputscale: 1.546 | noise: 0.099
Iter 230 | Loss: -1296.235 | lengthscale: 1.140 | outputscale: 1.545 | noise: 0.099
Iter 240 | Loss: -1296.293 | lengthscale: 1.142 | outputscale: 1.546 | noise: 0.099
Iter 250 | Loss: -1296.289 | lengthscale: 1.141 | outputscale: 1.547 | noise: 0.099
Iter 260 | Loss: -1296.308 | lengthscale: 1.143 | outputscale: 1.557 | noise: 0.099
Iter 270 | Loss: -1296.264 | lengthscale: 1.143 | outputscale: 1.563 | noise: 0.099
Iter 280 | Loss: -1296.271 | lengthscale: 1.147 | outputscale: 1.567 | noise: 0.099
Iter 290 | Loss: -1296.240 | lengthscale: 1.143 | outputscale: 1.562 | noise: 0.099
Iter 300 | Loss: -1296.279 | lengthscale: 1.143 | outputscale: 1.553 | noise: 0.099
Iter 310 | Loss: -1296.354 | lengthscale: 1.140 | outputscale: 1.546 | noise: 0.099
Iter 320 | Loss: -1296.293 | lengthscale: 1.140 | outputscale: 1.542 | noise: 0.099
Iter 330 | Loss: -1296.266 | lengthscale: 1.141 | outputscale: 1.551 | noise: 0.099
Iter 340 | Loss: -1296.226 | lengthscale: 1.140 | outputscale: 1.552 | noise: 0.099
Iter 350 | Loss: -1296.269 | lengthscale: 1.140 | outputscale: 1.543 | noise: 0.099
Iter 360 | Loss: -1296.262 | lengthscale: 1.139 | outputscale: 1.543 | noise: 0.099
Iter 370 | Loss: -1296.308 | lengthscale: 1.138 | outputscale: 1.540 | noise: 0.099
Iter 380 | Loss: -1296.283 | lengthscale: 1.140 | outputscale: 1.542 | noise: 0.099
Iter 390 | Loss: -1296.283 | lengthscale: 1.138 | outputscale: 1.544 | noise: 0.099
Iter 400 | Loss: -1296.275 | lengthscale: 1.139 | outputscale: 1.535 | noise: 0.099
Iter 410 | Loss: -1296.310 | lengthscale: 1.134 | outputscale: 1.528 | noise: 0.099
Iter 420 | Loss: -1296.219 | lengthscale: 1.140 | outputscale: 1.535 | noise: 0.099
Iter 430 | Loss: -1296.191 | lengthscale: 1.141 | outputscale: 1.555 | noise: 0.099
Iter 440 | Loss: -1296.268 | lengthscale: 1.145 | outputscale: 1.562 | noise: 0.099
Iter 450 | Loss: -1296.295 | lengthscale: 1.143 | outputscale: 1.565 | noise: 0.099
Iter 460 | Loss: -1296.305 | lengthscale: 1.143 | outputscale: 1.552 | noise: 0.099
Iter 470 | Loss: -1296.246 | lengthscale: 1.139 | outputscale: 1.540 | noise: 0.099
Iter 480 | Loss: -1296.290 | lengthscale: 1.137 | outputscale: 1.539 | noise: 0.099
Iter 490 | Loss: -1296.278 | lengthscale: 1.141 | outputscale: 1.551 | noise: 0.099
Iter 500 | Loss: -1296.301 | lengthscale: 1.142 | outputscale: 1.553 | noise: 0.099
Iter 510 | Loss: -1296.271 | lengthscale: 1.140 | outputscale: 1.554 | noise: 0.099
Iter 520 | Loss: -1296.240 | lengthscale: 1.141 | outputscale: 1.544 | noise: 0.099
Iter 530 | Loss: -1296.313 | lengthscale: 1.138 | outputscale: 1.535 | noise: 0.099
Iter 540 | Loss: -1296.208 | lengthscale: 1.136 | outputscale: 1.523 | noise: 0.099
Iter 550 | Loss: -1296.289 | lengthscale: 1.133 | outputscale: 1.519 | noise: 0.099
Iter 560 | Loss: -1296.262 | lengthscale: 1.139 | outputscale: 1.537 | noise: 0.099
Iter 570 | Loss: -1296.340 | lengthscale: 1.143 | outputscale: 1.560 | noise: 0.099
Iter 580 | Loss: -1296.274 | lengthscale: 1.142 | outputscale: 1.552 | noise: 0.099
Iter 590 | Loss: -1296.271 | lengthscale: 1.139 | outputscale: 1.537 | noise: 0.099
Iter 600 | Loss: -1296.239 | lengthscale: 1.137 | outputscale: 1.533 | noise: 0.099
Iter 610 | Loss: -1296.264 | lengthscale: 1.139 | outputscale: 1.545 | noise: 0.099
Iter 620 | Loss: -1296.258 | lengthscale: 1.141 | outputscale: 1.549 | noise: 0.099
Iter 630 | Loss: -1296.307 | lengthscale: 1.141 | outputscale: 1.549 | noise: 0.099
Iter 640 | Loss: -1296.257 | lengthscale: 1.140 | outputscale: 1.544 | noise: 0.099
Iter 650 | Loss: -1296.285 | lengthscale: 1.142 | outputscale: 1.548 | noise: 0.099
Iter 660 | Loss: -1296.252 | lengthscale: 1.134 | outputscale: 1.529 | noise: 0.099
Iter 670 | Loss: -1296.257 | lengthscale: 1.136 | outputscale: 1.525 | noise: 0.099
Iter 680 | Loss: -1296.251 | lengthscale: 1.139 | outputscale: 1.538 | noise: 0.099
Iter 690 | Loss: -1296.298 | lengthscale: 1.139 | outputscale: 1.542 | noise: 0.099
Iter 700 | Loss: -1296.317 | lengthscale: 1.140 | outputscale: 1.544 | noise: 0.099
Iter 710 | Loss: -1296.248 | lengthscale: 1.137 | outputscale: 1.538 | noise: 0.099
Iter 720 | Loss: -1296.289 | lengthscale: 1.141 | outputscale: 1.542 | noise: 0.099
Iter 730 | Loss: -1296.252 | lengthscale: 1.138 | outputscale: 1.546 | noise: 0.099
Iter 740 | Loss: -1296.235 | lengthscale: 1.143 | outputscale: 1.554 | noise: 0.099
Iter 750 | Loss: -1296.257 | lengthscale: 1.145 | outputscale: 1.559 | noise: 0.099
Iter 760 | Loss: -1296.229 | lengthscale: 1.143 | outputscale: 1.558 | noise: 0.099
Iter 770 | Loss: -1296.274 | lengthscale: 1.143 | outputscale: 1.559 | noise: 0.099
Iter 780 | Loss: -1296.293 | lengthscale: 1.142 | outputscale: 1.551 | noise: 0.099
Iter 790 | Loss: -1296.212 | lengthscale: 1.135 | outputscale: 1.523 | noise: 0.099
Iter 800 | Loss: -1296.258 | lengthscale: 1.138 | outputscale: 1.533 | noise: 0.099
Iter 810 | Loss: -1296.295 | lengthscale: 1.142 | outputscale: 1.553 | noise: 0.099
Iter 820 | Loss: -1296.254 | lengthscale: 1.141 | outputscale: 1.553 | noise: 0.099
Iter 830 | Loss: -1296.318 | lengthscale: 1.136 | outputscale: 1.534 | noise: 0.099
Iter 840 | Loss: -1296.279 | lengthscale: 1.138 | outputscale: 1.533 | noise: 0.099
Iter 850 | Loss: -1296.224 | lengthscale: 1.140 | outputscale: 1.545 | noise: 0.099
Iter 860 | Loss: -1296.305 | lengthscale: 1.137 | outputscale: 1.534 | noise: 0.099
Iter 870 | Loss: -1296.317 | lengthscale: 1.141 | outputscale: 1.550 | noise: 0.099
Iter 880 | Loss: -1296.257 | lengthscale: 1.143 | outputscale: 1.557 | noise: 0.099
Iter 890 | Loss: -1296.327 | lengthscale: 1.140 | outputscale: 1.551 | noise: 0.099
Iter 900 | Loss: -1296.338 | lengthscale: 1.138 | outputscale: 1.537 | noise: 0.099
Iter 910 | Loss: -1296.298 | lengthscale: 1.137 | outputscale: 1.529 | noise: 0.099
Iter 920 | Loss: -1296.318 | lengthscale: 1.139 | outputscale: 1.542 | noise: 0.099
Iter 930 | Loss: -1296.289 | lengthscale: 1.139 | outputscale: 1.544 | noise: 0.099
Iter 940 | Loss: -1296.241 | lengthscale: 1.141 | outputscale: 1.558 | noise: 0.099
Iter 950 | Loss: -1296.233 | lengthscale: 1.147 | outputscale: 1.570 | noise: 0.099
Iter 960 | Loss: -1296.301 | lengthscale: 1.144 | outputscale: 1.566 | noise: 0.099
Iter 970 | Loss: -1296.269 | lengthscale: 1.145 | outputscale: 1.564 | noise: 0.099
Iter 980 | Loss: -1296.238 | lengthscale: 1.143 | outputscale: 1.556 | noise: 0.099
Iter 990 | Loss: -1296.313 | lengthscale: 1.139 | outputscale: 1.545 | noise: 0.099
Iter 1000 | Loss: -1296.272 | lengthscale: 1.140 | outputscale: 1.543 | noise: 0.099
Iter 1010 | Loss: -1296.262 | lengthscale: 1.144 | outputscale: 1.556 | noise: 0.099
Iter 1020 | Loss: -1296.283 | lengthscale: 1.140 | outputscale: 1.554 | noise: 0.099
Iter 1030 | Loss: -1296.253 | lengthscale: 1.144 | outputscale: 1.544 | noise: 0.099
Iter 1040 | Loss: -1296.234 | lengthscale: 1.138 | outputscale: 1.536 | noise: 0.099
Iter 1050 | Loss: -1296.301 | lengthscale: 1.140 | outputscale: 1.541 | noise: 0.099
Iter 1060 | Loss: -1296.287 | lengthscale: 1.147 | outputscale: 1.573 | noise: 0.099
Iter 1070 | Loss: -1296.263 | lengthscale: 1.147 | outputscale: 1.578 | noise: 0.099
Iter 1080 | Loss: -1296.267 | lengthscale: 1.143 | outputscale: 1.551 | noise: 0.099
Iter 1090 | Loss: -1296.301 | lengthscale: 1.133 | outputscale: 1.523 | noise: 0.099
Iter 1100 | Loss: -1296.272 | lengthscale: 1.136 | outputscale: 1.523 | noise: 0.099
Iter 1110 | Loss: -1296.248 | lengthscale: 1.139 | outputscale: 1.539 | noise: 0.099
Iter 1120 | Loss: -1296.240 | lengthscale: 1.138 | outputscale: 1.546 | noise: 0.099
Iter 1130 | Loss: -1296.251 | lengthscale: 1.145 | outputscale: 1.557 | noise: 0.099
Iter 1140 | Loss: -1296.239 | lengthscale: 1.141 | outputscale: 1.554 | noise: 0.099
Iter 1150 | Loss: -1296.276 | lengthscale: 1.137 | outputscale: 1.539 | noise: 0.099
Iter 1160 | Loss: -1296.311 | lengthscale: 1.136 | outputscale: 1.522 | noise: 0.099
Iter 1170 | Loss: -1296.244 | lengthscale: 1.136 | outputscale: 1.525 | noise: 0.099
Iter 1180 | Loss: -1296.280 | lengthscale: 1.140 | outputscale: 1.541 | noise: 0.099
Iter 1190 | Loss: -1296.272 | lengthscale: 1.141 | outputscale: 1.548 | noise: 0.099
Iter 1200 | Loss: -1296.306 | lengthscale: 1.140 | outputscale: 1.537 | noise: 0.099
Iter 1210 | Loss: -1296.260 | lengthscale: 1.142 | outputscale: 1.552 | noise: 0.099
Iter 1220 | Loss: -1296.349 | lengthscale: 1.145 | outputscale: 1.565 | noise: 0.099
Iter 1230 | Loss: -1296.269 | lengthscale: 1.141 | outputscale: 1.560 | noise: 0.099
Iter 1240 | Loss: -1296.245 | lengthscale: 1.137 | outputscale: 1.530 | noise: 0.099
Iter 1250 | Loss: -1296.256 | lengthscale: 1.138 | outputscale: 1.536 | noise: 0.099
Iter 1260 | Loss: -1296.251 | lengthscale: 1.138 | outputscale: 1.537 | noise: 0.099
Iter 1270 | Loss: -1296.244 | lengthscale: 1.137 | outputscale: 1.535 | noise: 0.099
Iter 1280 | Loss: -1296.267 | lengthscale: 1.142 | outputscale: 1.552 | noise: 0.099
Iter 1290 | Loss: -1296.267 | lengthscale: 1.142 | outputscale: 1.558 | noise: 0.099
Iter 1300 | Loss: -1296.263 | lengthscale: 1.140 | outputscale: 1.542 | noise: 0.099
Iter 1310 | Loss: -1296.286 | lengthscale: 1.141 | outputscale: 1.551 | noise: 0.099
Iter 1320 | Loss: -1296.318 | lengthscale: 1.141 | outputscale: 1.547 | noise: 0.099
Iter 1330 | Loss: -1296.264 | lengthscale: 1.138 | outputscale: 1.536 | noise: 0.099
Iter 1340 | Loss: -1296.262 | lengthscale: 1.143 | outputscale: 1.553 | noise: 0.099
Iter 1350 | Loss: -1296.243 | lengthscale: 1.144 | outputscale: 1.560 | noise: 0.099
Iter 1360 | Loss: -1296.246 | lengthscale: 1.139 | outputscale: 1.541 | noise: 0.099
Iter 1370 | Loss: -1296.300 | lengthscale: 1.141 | outputscale: 1.544 | noise: 0.099
Iter 1380 | Loss: -1296.249 | lengthscale: 1.140 | outputscale: 1.548 | noise: 0.099
Iter 1390 | Loss: -1296.253 | lengthscale: 1.144 | outputscale: 1.553 | noise: 0.099
Iter 1400 | Loss: -1296.312 | lengthscale: 1.143 | outputscale: 1.557 | noise: 0.099
Iter 1410 | Loss: -1296.284 | lengthscale: 1.139 | outputscale: 1.538 | noise: 0.099
Iter 1420 | Loss: -1296.284 | lengthscale: 1.135 | outputscale: 1.525 | noise: 0.099
Iter 1430 | Loss: -1296.217 | lengthscale: 1.143 | outputscale: 1.552 | noise: 0.099
Iter 1440 | Loss: -1296.246 | lengthscale: 1.142 | outputscale: 1.551 | noise: 0.099
Iter 1450 | Loss: -1296.323 | lengthscale: 1.143 | outputscale: 1.554 | noise: 0.099
Iter 1460 | Loss: -1296.262 | lengthscale: 1.143 | outputscale: 1.554 | noise: 0.099
Iter 1470 | Loss: -1296.290 | lengthscale: 1.140 | outputscale: 1.543 | noise: 0.099
Iter 1480 | Loss: -1296.286 | lengthscale: 1.136 | outputscale: 1.532 | noise: 0.099
Iter 1490 | Loss: -1296.231 | lengthscale: 1.137 | outputscale: 1.539 | noise: 0.099
Iter 1500 | Loss: -1296.276 | lengthscale: 1.140 | outputscale: 1.540 | noise: 0.099
Iter 1510 | Loss: -1296.260 | lengthscale: 1.139 | outputscale: 1.546 | noise: 0.099
Iter 1520 | Loss: -1296.319 | lengthscale: 1.142 | outputscale: 1.548 | noise: 0.099
Iter 1530 | Loss: -1296.264 | lengthscale: 1.140 | outputscale: 1.553 | noise: 0.099
Iter 1540 | Loss: -1296.310 | lengthscale: 1.141 | outputscale: 1.545 | noise: 0.099
Iter 1550 | Loss: -1296.270 | lengthscale: 1.133 | outputscale: 1.519 | noise: 0.099
Iter 1560 | Loss: -1296.322 | lengthscale: 1.134 | outputscale: 1.514 | noise: 0.099
Iter 1570 | Loss: -1296.294 | lengthscale: 1.141 | outputscale: 1.546 | noise: 0.099
Iter 1580 | Loss: -1296.318 | lengthscale: 1.142 | outputscale: 1.557 | noise: 0.099
Iter 1590 | Loss: -1296.280 | lengthscale: 1.143 | outputscale: 1.556 | noise: 0.099
Iter 1600 | Loss: -1296.289 | lengthscale: 1.140 | outputscale: 1.543 | noise: 0.099
Iter 1610 | Loss: -1296.230 | lengthscale: 1.135 | outputscale: 1.528 | noise: 0.099
Iter 1620 | Loss: -1296.238 | lengthscale: 1.136 | outputscale: 1.536 | noise: 0.099
Iter 1630 | Loss: -1296.288 | lengthscale: 1.145 | outputscale: 1.570 | noise: 0.099
Iter 1640 | Loss: -1296.274 | lengthscale: 1.142 | outputscale: 1.553 | noise: 0.099
Iter 1650 | Loss: -1296.259 | lengthscale: 1.136 | outputscale: 1.529 | noise: 0.099
Iter 1660 | Loss: -1296.250 | lengthscale: 1.136 | outputscale: 1.529 | noise: 0.099
Iter 1670 | Loss: -1296.191 | lengthscale: 1.138 | outputscale: 1.531 | noise: 0.099
Iter 1680 | Loss: -1296.256 | lengthscale: 1.137 | outputscale: 1.541 | noise: 0.099
Iter 1690 | Loss: -1296.298 | lengthscale: 1.140 | outputscale: 1.546 | noise: 0.099
Iter 1700 | Loss: -1296.275 | lengthscale: 1.138 | outputscale: 1.540 | noise: 0.099
Iter 1710 | Loss: -1296.263 | lengthscale: 1.145 | outputscale: 1.553 | noise: 0.099
Iter 1720 | Loss: -1296.290 | lengthscale: 1.138 | outputscale: 1.542 | noise: 0.099
Iter 1730 | Loss: -1296.316 | lengthscale: 1.140 | outputscale: 1.550 | noise: 0.099
Iter 1740 | Loss: -1296.253 | lengthscale: 1.142 | outputscale: 1.558 | noise: 0.099
Iter 1750 | Loss: -1296.282 | lengthscale: 1.138 | outputscale: 1.534 | noise: 0.099
Iter 1760 | Loss: -1296.282 | lengthscale: 1.135 | outputscale: 1.528 | noise: 0.099
Iter 1770 | Loss: -1296.261 | lengthscale: 1.138 | outputscale: 1.530 | noise: 0.099
Iter 1780 | Loss: -1296.254 | lengthscale: 1.142 | outputscale: 1.551 | noise: 0.099
Iter 1790 | Loss: -1296.276 | lengthscale: 1.144 | outputscale: 1.560 | noise: 0.099
Iter 1800 | Loss: -1296.273 | lengthscale: 1.141 | outputscale: 1.546 | noise: 0.099
Iter 1810 | Loss: -1296.325 | lengthscale: 1.141 | outputscale: 1.551 | noise: 0.099
Iter 1820 | Loss: -1296.279 | lengthscale: 1.143 | outputscale: 1.563 | noise: 0.099
Iter 1830 | Loss: -1296.310 | lengthscale: 1.141 | outputscale: 1.551 | noise: 0.099
Iter 1840 | Loss: -1296.265 | lengthscale: 1.134 | outputscale: 1.517 | noise: 0.099
Iter 1850 | Loss: -1296.263 | lengthscale: 1.135 | outputscale: 1.529 | noise: 0.099
Iter 1860 | Loss: -1296.228 | lengthscale: 1.137 | outputscale: 1.530 | noise: 0.099
Iter 1870 | Loss: -1296.230 | lengthscale: 1.140 | outputscale: 1.537 | noise: 0.099
Iter 1880 | Loss: -1296.316 | lengthscale: 1.140 | outputscale: 1.550 | noise: 0.099
Iter 1890 | Loss: -1296.224 | lengthscale: 1.142 | outputscale: 1.553 | noise: 0.099
Iter 1900 | Loss: -1296.243 | lengthscale: 1.140 | outputscale: 1.545 | noise: 0.099
Iter 1910 | Loss: -1296.260 | lengthscale: 1.145 | outputscale: 1.562 | noise: 0.099
Iter 1920 | Loss: -1296.293 | lengthscale: 1.142 | outputscale: 1.549 | noise: 0.099
Iter 1930 | Loss: -1296.281 | lengthscale: 1.140 | outputscale: 1.550 | noise: 0.099
Iter 1940 | Loss: -1296.300 | lengthscale: 1.148 | outputscale: 1.565 | noise: 0.099
Iter 1950 | Loss: -1296.294 | lengthscale: 1.136 | outputscale: 1.528 | noise: 0.099
Iter 1960 | Loss: -1296.308 | lengthscale: 1.134 | outputscale: 1.528 | noise: 0.099
Iter 1970 | Loss: -1296.300 | lengthscale: 1.144 | outputscale: 1.558 | noise: 0.099
Iter 1980 | Loss: -1296.259 | lengthscale: 1.144 | outputscale: 1.558 | noise: 0.099
Iter 1990 | Loss: -1296.241 | lengthscale: 1.132 | outputscale: 1.515 | noise: 0.099
Iter 2000 | Loss: -1296.270 | lengthscale: 1.132 | outputscale: 1.512 | noise: 0.099
Iter 2010 | Loss: -1296.283 | lengthscale: 1.144 | outputscale: 1.569 | noise: 0.099
Iter 2020 | Loss: -1296.291 | lengthscale: 1.146 | outputscale: 1.566 | noise: 0.099
Iter 2030 | Loss: -1296.289 | lengthscale: 1.134 | outputscale: 1.525 | noise: 0.099
Iter 2040 | Loss: -1296.295 | lengthscale: 1.136 | outputscale: 1.525 | noise: 0.099
Iter 2050 | Loss: -1296.250 | lengthscale: 1.139 | outputscale: 1.538 | noise: 0.099
Iter 2060 | Loss: -1296.288 | lengthscale: 1.146 | outputscale: 1.567 | noise: 0.099
Iter 2070 | Loss: -1296.249 | lengthscale: 1.140 | outputscale: 1.543 | noise: 0.099
Iter 2080 | Loss: -1296.307 | lengthscale: 1.139 | outputscale: 1.539 | noise: 0.099
Iter 2090 | Loss: -1296.249 | lengthscale: 1.142 | outputscale: 1.546 | noise: 0.099
Iter 2100 | Loss: -1296.278 | lengthscale: 1.146 | outputscale: 1.569 | noise: 0.099
Iter 2110 | Loss: -1296.248 | lengthscale: 1.139 | outputscale: 1.537 | noise: 0.099
Iter 2120 | Loss: -1296.246 | lengthscale: 1.137 | outputscale: 1.541 | noise: 0.099
Iter 2130 | Loss: -1296.336 | lengthscale: 1.140 | outputscale: 1.546 | noise: 0.099
Iter 2140 | Loss: -1296.281 | lengthscale: 1.145 | outputscale: 1.563 | noise: 0.099
Iter 2150 | Loss: -1296.280 | lengthscale: 1.146 | outputscale: 1.567 | noise: 0.099
Iter 2160 | Loss: -1296.298 | lengthscale: 1.137 | outputscale: 1.533 | noise: 0.099
Iter 2170 | Loss: -1296.226 | lengthscale: 1.144 | outputscale: 1.548 | noise: 0.099
Iter 2180 | Loss: -1296.281 | lengthscale: 1.136 | outputscale: 1.537 | noise: 0.099
Iter 2190 | Loss: -1296.258 | lengthscale: 1.143 | outputscale: 1.550 | noise: 0.099
Iter 2200 | Loss: -1296.243 | lengthscale: 1.143 | outputscale: 1.562 | noise: 0.099
Iter 2210 | Loss: -1296.261 | lengthscale: 1.147 | outputscale: 1.564 | noise: 0.099
Iter 2220 | Loss: -1296.334 | lengthscale: 1.136 | outputscale: 1.532 | noise: 0.099
Iter 2230 | Loss: -1296.284 | lengthscale: 1.143 | outputscale: 1.555 | noise: 0.099
Iter 2240 | Loss: -1296.230 | lengthscale: 1.142 | outputscale: 1.552 | noise: 0.099
Iter 2250 | Loss: -1296.229 | lengthscale: 1.138 | outputscale: 1.534 | noise: 0.099
Iter 2260 | Loss: -1296.259 | lengthscale: 1.141 | outputscale: 1.552 | noise: 0.099
Iter 2270 | Loss: -1296.303 | lengthscale: 1.139 | outputscale: 1.542 | noise: 0.099
Iter 2280 | Loss: -1296.311 | lengthscale: 1.132 | outputscale: 1.524 | noise: 0.099
Iter 2290 | Loss: -1296.312 | lengthscale: 1.143 | outputscale: 1.547 | noise: 0.099
Iter 2300 | Loss: -1296.264 | lengthscale: 1.143 | outputscale: 1.561 | noise: 0.099
Iter 2310 | Loss: -1296.238 | lengthscale: 1.138 | outputscale: 1.532 | noise: 0.099
Iter 2320 | Loss: -1296.250 | lengthscale: 1.139 | outputscale: 1.540 | noise: 0.099
Iter 2330 | Loss: -1296.277 | lengthscale: 1.140 | outputscale: 1.548 | noise: 0.099
Iter 2340 | Loss: -1296.255 | lengthscale: 1.144 | outputscale: 1.558 | noise: 0.099
Iter 2350 | Loss: -1296.281 | lengthscale: 1.137 | outputscale: 1.534 | noise: 0.099
Iter 2360 | Loss: -1296.285 | lengthscale: 1.139 | outputscale: 1.541 | noise: 0.099
Iter 2370 | Loss: -1296.242 | lengthscale: 1.137 | outputscale: 1.529 | noise: 0.099
Iter 2380 | Loss: -1296.241 | lengthscale: 1.141 | outputscale: 1.553 | noise: 0.099
Iter 2390 | Loss: -1296.282 | lengthscale: 1.143 | outputscale: 1.561 | noise: 0.099
Iter 2400 | Loss: -1296.271 | lengthscale: 1.133 | outputscale: 1.519 | noise: 0.099
Iter 2410 | Loss: -1296.258 | lengthscale: 1.137 | outputscale: 1.531 | noise: 0.099
Iter 2420 | Loss: -1296.271 | lengthscale: 1.147 | outputscale: 1.571 | noise: 0.099
Iter 2430 | Loss: -1296.282 | lengthscale: 1.142 | outputscale: 1.546 | noise: 0.099
Iter 2440 | Loss: -1296.305 | lengthscale: 1.135 | outputscale: 1.537 | noise: 0.099
Iter 2450 | Loss: -1296.266 | lengthscale: 1.139 | outputscale: 1.539 | noise: 0.099
Iter 2460 | Loss: -1296.292 | lengthscale: 1.141 | outputscale: 1.548 | noise: 0.099
Iter 2470 | Loss: -1296.235 | lengthscale: 1.133 | outputscale: 1.519 | noise: 0.099
Iter 2480 | Loss: -1296.297 | lengthscale: 1.135 | outputscale: 1.520 | noise: 0.099
Iter 2490 | Loss: -1296.296 | lengthscale: 1.143 | outputscale: 1.558 | noise: 0.099
Iter 2499 | Loss: -1296.289 | lengthscale: 1.142 | outputscale: 1.557 | noise: 0.099
Learned Hyperparams:  {'lengthscale': 1.141865611076355, 'outputscale': 1.5569912195205688, 'noise': 0.09949098527431488, 'marginal_likelihood_loss_history': [-815.8675537109375, -827.0762939453125, -838.2049560546875, -849.2552490234375, -860.2230224609375, -871.0997314453125, -881.8895263671875, -892.5850830078125, -903.1851806640625, -913.6856689453125, -924.0877685546875, -934.3800048828125, -944.5675048828125, -954.6402587890625, -964.6002197265625, -974.4425048828125, -984.1649169921875, -993.7664794921875, -1003.2415771484375, -1012.5909423828125, -1021.8026123046875, -1030.8795166015625, -1039.8211669921875, -1048.6224365234375, -1057.2755126953125, -1065.7928466796875, -1074.1610107421875, -1082.3822021484375, -1090.4395751953125, -1098.3455810546875, -1106.1033935546875, -1113.6934814453125, -1121.1199951171875, -1128.3868408203125, -1135.5047607421875, -1142.4373779296875, -1149.2139892578125, -1155.8094482421875, -1162.2396240234375, -1168.5084228515625, -1174.5977783203125, -1180.5108642578125, -1186.2620849609375, -1191.8343505859375, -1197.2384033203125, -1202.4627685546875, -1207.5167236328125, -1212.4136962890625, -1217.1256103515625, -1221.6785888671875, -1226.0618896484375, -1230.2633056640625, -1234.2908935546875, -1238.1859130859375, -1241.8660888671875, -1245.4300537109375, -1248.8392333984375, -1252.0823974609375, -1255.1417236328125, -1258.0731201171875, -1260.8743896484375, -1263.4730224609375, -1265.9781494140625, -1268.3406982421875, -1270.5552978515625, -1272.6668701171875, -1274.6502685546875, -1276.4915771484375, -1278.1927490234375, -1279.8282470703125, -1281.3504638671875, -1282.7532958984375, -1284.0491943359375, -1285.2642822265625, -1286.3968505859375, -1287.4586181640625, -1288.3128662109375, -1289.2049560546875, -1289.9918212890625, -1290.7413330078125, -1291.3870849609375, -1291.9490966796875, -1292.4796142578125, -1292.9710693359375, -1293.3865966796875, -1293.8040771484375, -1294.1263427734375, -1294.4669189453125, -1294.7274169921875, -1294.9254150390625, -1295.1722412109375, -1295.3109130859375, -1295.6007080078125, -1295.6595458984375, -1295.7352294921875, -1295.9031982421875, -1295.9017333984375, -1296.0360107421875, -1296.0711669921875, -1296.1737060546875, -1296.1934814453125, -1296.1590576171875, -1296.1915283203125, -1296.3397216796875, -1296.2811279296875, -1296.2337646484375, -1296.2845458984375, -1296.3089599609375, -1296.3106689453125, -1296.2655029296875, -1296.2991943359375, -1296.2999267578125, -1296.2684326171875, -1296.3341064453125, -1296.2467041015625, -1296.2811279296875, -1296.2945556640625, -1296.2120361328125, -1296.2703857421875, -1296.2828369140625, -1296.2349853515625, -1296.2069091796875, -1296.2244873046875, -1296.1922607421875, -1296.1986083984375, -1296.2518310546875, -1296.2259521484375, -1296.2205810546875, -1296.2159423828125, -1296.2720947265625, -1296.2904052734375, -1296.2376708984375, -1296.2664794921875, -1296.2650146484375, -1296.2694091796875, -1296.2122802734375, -1296.2196044921875, -1296.2279052734375, -1296.2481689453125, -1296.2979736328125, -1296.2659912109375, -1296.3294677734375, -1296.2796630859375, -1296.2933349609375, -1296.1898193359375, -1296.2618408203125, -1296.3602294921875, -1296.3011474609375, -1296.3255615234375, -1296.2994384765625, -1296.2752685546875, -1296.2674560546875, -1296.2508544921875, -1296.2708740234375, -1296.2659912109375, -1296.1961669921875, -1296.1995849609375, -1296.2283935546875, -1296.2677001953125, -1296.3548583984375, -1296.2855224609375, -1296.2576904296875, -1296.2320556640625, -1296.2386474609375, -1296.2769775390625, -1296.2857666015625, -1296.2542724609375, -1296.3087158203125, -1296.2855224609375, -1296.2882080078125, -1296.2562255859375, -1296.2281494140625, -1296.2459716796875, -1296.3240966796875, -1296.2672119140625, -1296.3082275390625, -1296.2821044921875, -1296.2113037109375, -1296.2225341796875, -1296.2332763671875, -1296.3114013671875, -1296.2425537109375, -1296.2352294921875, -1296.2791748046875, -1296.2664794921875, -1296.2655029296875, -1296.2752685546875, -1296.3145751953125, -1296.3121337890625, -1296.2496337890625, -1296.2864990234375, -1296.2425537109375, -1296.2825927734375, -1296.2874755859375, -1296.2098388671875, -1296.2694091796875, -1296.2767333984375, -1296.2049560546875, -1296.2713623046875, -1296.3001708984375, -1296.3040771484375, -1296.2532958984375, -1296.2816162109375, -1296.2694091796875, -1296.2218017578125, -1296.2664794921875, -1296.2589111328125, -1296.2559814453125, -1296.2781982421875, -1296.2557373046875, -1296.2801513671875, -1296.2357177734375, -1296.2764892578125, -1296.2762451171875, -1296.3685302734375, -1296.2742919921875, -1296.2938232421875, -1296.2989501953125, -1296.2679443359375, -1296.2420654296875, -1296.2181396484375, -1296.2667236328125, -1296.2342529296875, -1296.1881103515625, -1296.2867431640625, -1296.3060302734375, -1296.2811279296875, -1296.2498779296875, -1296.2396240234375, -1296.3023681640625, -1296.2347412109375, -1296.2484130859375, -1296.2430419921875, -1296.3118896484375, -1296.2677001953125, -1296.3304443359375, -1296.2747802734375, -1296.2669677734375, -1296.2718505859375, -1296.2611083984375, -1296.2930908203125, -1296.2901611328125, -1296.3067626953125, -1296.3343505859375, -1296.2801513671875, -1296.2799072265625, -1296.2681884765625, -1296.3187255859375, -1296.2430419921875, -1296.2467041015625, -1296.2894287109375, -1296.3172607421875, -1296.2889404296875, -1296.2738037109375, -1296.2806396484375, -1296.2567138671875, -1296.2664794921875, -1296.2506103515625, -1296.3465576171875, -1296.3172607421875, -1296.3082275390625, -1296.2672119140625, -1296.2073974609375, -1296.2447509765625, -1296.2515869140625, -1296.2957763671875, -1296.3135986328125, -1296.3221435546875, -1296.2349853515625, -1296.2337646484375, -1296.2640380859375, -1296.2635498046875, -1296.2669677734375, -1296.2652587890625, -1296.2606201171875, -1296.2484130859375, -1296.3057861328125, -1296.3023681640625, -1296.3194580078125, -1296.3414306640625, -1296.2708740234375, -1296.2171630859375, -1296.2965087890625, -1296.2684326171875, -1296.2791748046875, -1296.2283935546875, -1296.2598876953125, -1296.2242431640625, -1296.2327880859375, -1296.2652587890625, -1296.2398681640625, -1296.2857666015625, -1296.3260498046875, -1296.2894287109375, -1296.2713623046875, -1296.2947998046875, -1296.2828369140625, -1296.3094482421875, -1296.3001708984375, -1296.2908935546875, -1296.2786865234375, -1296.3045654296875, -1296.3070068359375, -1296.2550048828125, -1296.2855224609375, -1296.3070068359375, -1296.2498779296875, -1296.3302001953125, -1296.2772216796875, -1296.3392333984375, -1296.3536376953125, -1296.2640380859375, -1296.2493896484375, -1296.3265380859375, -1296.2879638671875, -1296.3065185546875, -1296.3070068359375, -1296.2540283203125, -1296.2747802734375, -1296.2410888671875, -1296.2930908203125, -1296.3441162109375, -1296.2884521484375, -1296.2520751953125, -1296.2176513671875, -1296.2923583984375, -1296.3162841796875, -1296.2733154296875, -1296.2567138671875, -1296.2825927734375, -1296.2655029296875, -1296.2962646484375, -1296.3502197265625, -1296.2908935546875, -1296.3336181640625, -1296.3182373046875, -1296.2718505859375, -1296.2908935546875, -1296.2645263671875, -1296.2816162109375, -1296.2264404296875, -1296.2987060546875, -1296.2894287109375, -1296.3450927734375, -1296.3238525390625, -1296.2562255859375, -1296.2864990234375, -1296.2205810546875, -1296.1837158203125, -1296.3177490234375, -1296.2694091796875, -1296.2840576171875, -1296.2791748046875, -1296.2342529296875, -1296.2647705078125, -1296.3055419921875, -1296.3157958984375, -1296.2933349609375, -1296.2237548828125, -1296.2979736328125, -1296.2620849609375, -1296.2850341796875, -1296.3211669921875, -1296.2923583984375, -1296.2933349609375, -1296.2318115234375, -1296.3089599609375, -1296.2139892578125, -1296.2681884765625, -1296.3106689453125, -1296.3079833984375, -1296.2877197265625, -1296.2445068359375, -1296.2015380859375, -1296.2518310546875, -1296.2572021484375, -1296.2747802734375, -1296.2513427734375, -1296.2437744140625, -1296.2496337890625, -1296.2830810546875, -1296.2545166015625, -1296.2508544921875, -1296.3052978515625, -1296.2391357421875, -1296.2147216796875, -1296.2449951171875, -1296.3089599609375, -1296.2762451171875, -1296.2933349609375, -1296.2828369140625, -1296.2611083984375, -1296.2674560546875, -1296.2579345703125, -1296.3079833984375, -1296.3021240234375, -1296.2760009765625, -1296.1820068359375, -1296.2210693359375, -1296.2791748046875, -1296.2745361328125, -1296.2406005859375, -1296.2713623046875, -1296.2557373046875, -1296.2855224609375, -1296.2227783203125, -1296.2484130859375, -1296.2462158203125, -1296.2513427734375, -1296.2672119140625, -1296.3104248046875, -1296.2703857421875, -1296.2620849609375, -1296.2598876953125, -1296.2322998046875, -1296.2459716796875, -1296.2650146484375, -1296.3133544921875, -1296.2757568359375, -1296.2081298828125, -1296.2191162109375, -1296.2965087890625, -1296.2755126953125, -1296.2513427734375, -1296.2537841796875, -1296.2674560546875, -1296.3370361328125, -1296.2742919921875, -1296.2672119140625, -1296.3389892578125, -1296.1907958984375, -1296.2730712890625, -1296.3201904296875, -1296.2257080078125, -1296.2933349609375, -1296.3096923828125, -1296.2391357421875, -1296.2642822265625, -1296.3238525390625, -1296.3148193359375, -1296.2679443359375, -1296.2225341796875, -1296.3155517578125, -1296.2557373046875, -1296.3067626953125, -1296.2786865234375, -1296.2667236328125, -1296.2884521484375, -1296.2843017578125, -1296.2838134765625, -1296.2952880859375, -1296.3004150390625, -1296.2572021484375, -1296.2152099609375, -1296.2796630859375, -1296.2264404296875, -1296.2640380859375, -1296.2691650390625, -1296.2894287109375, -1296.2972412109375, -1296.3050537109375, -1296.3021240234375, -1296.2662353515625, -1296.2781982421875, -1296.2762451171875, -1296.2315673828125, -1296.2899169921875, -1296.3177490234375, -1296.3199462890625, -1296.3192138671875, -1296.2464599609375, -1296.2266845703125, -1296.2423095703125, -1296.3128662109375, -1296.2581787109375, -1296.2679443359375, -1296.2921142578125, -1296.2503662109375, -1296.2801513671875, -1296.3143310546875, -1296.2899169921875, -1296.2589111328125, -1296.2947998046875, -1296.2811279296875, -1296.2947998046875, -1296.2816162109375, -1296.3231201171875, -1296.3323974609375, -1296.2135009765625, -1296.2166748046875, -1296.2781982421875, -1296.2391357421875, -1296.3343505859375, -1296.2867431640625, -1296.2593994140625, -1296.2860107421875, -1296.2733154296875, -1296.2677001953125, -1296.3148193359375, -1296.2864990234375, -1296.3011474609375, -1296.3138427734375, -1296.3172607421875, -1296.2972412109375, -1296.2149658203125, -1296.2440185546875, -1296.2391357421875, -1296.3270263671875, -1296.2674560546875, -1296.2576904296875, -1296.2713623046875, -1296.3038330078125, -1296.2574462890625, -1296.2908935546875, -1296.2347412109375, -1296.3067626953125, -1296.2791748046875, -1296.3228759765625, -1296.1961669921875, -1296.2249755859375, -1296.2401123046875, -1296.2855224609375, -1296.2928466796875, -1296.3084716796875, -1296.2413330078125, -1296.1937255859375, -1296.2366943359375, -1296.2620849609375, -1296.2249755859375, -1296.2476806640625, -1296.3128662109375, -1296.2291259765625, -1296.2781982421875, -1296.2843017578125, -1296.2220458984375, -1296.2403564453125, -1296.2498779296875, -1296.2757568359375, -1296.2091064453125, -1296.2537841796875, -1296.2078857421875, -1296.3067626953125, -1296.2484130859375, -1296.2674560546875, -1296.3035888671875, -1296.2833251953125, -1296.2657470703125, -1296.2633056640625, -1296.2586669921875, -1296.2276611328125, -1296.2889404296875, -1296.3255615234375, -1296.2757568359375, -1296.2501220703125, -1296.2469482421875, -1296.2537841796875, -1296.2352294921875, -1296.2276611328125, -1296.2589111328125, -1296.2586669921875, -1296.2615966796875, -1296.2259521484375, -1296.2489013671875, -1296.3104248046875, -1296.2791748046875, -1296.2779541015625, -1296.2537841796875, -1296.2889404296875, -1296.3372802734375, -1296.3074951171875, -1296.3402099609375, -1296.2869873046875, -1296.2596435546875, -1296.2430419921875, -1296.2642822265625, -1296.2642822265625, -1296.2684326171875, -1296.2686767578125, -1296.2520751953125, -1296.2894287109375, -1296.2738037109375, -1296.3797607421875, -1296.3114013671875, -1296.3033447265625, -1296.2772216796875, -1296.2869873046875, -1296.2855224609375, -1296.2818603515625, -1296.2716064453125, -1296.2684326171875, -1296.2706298828125, -1296.2274169921875, -1296.2913818359375, -1296.2203369140625, -1296.2860107421875, -1296.2415771484375, -1296.2601318359375, -1296.2332763671875, -1296.2020263671875, -1296.3089599609375, -1296.2391357421875, -1296.2940673828125, -1296.2581787109375, -1296.2061767578125, -1296.2264404296875, -1296.2327880859375, -1296.2799072265625, -1296.3109130859375, -1296.3052978515625, -1296.3123779296875, -1296.2635498046875, -1296.2430419921875, -1296.2176513671875, -1296.2689208984375, -1296.2684326171875, -1296.2757568359375, -1296.3214111328125, -1296.2532958984375, -1296.2913818359375, -1296.2591552734375, -1296.2581787109375, -1296.2872314453125, -1296.2913818359375, -1296.3204345703125, -1296.2864990234375, -1296.2664794921875, -1296.2493896484375, -1296.2664794921875, -1296.2904052734375, -1296.3717041015625, -1296.3067626953125, -1296.3065185546875, -1296.3226318359375, -1296.3128662109375, -1296.2723388671875, -1296.3031005859375, -1296.2860107421875, -1296.2987060546875, -1296.2457275390625, -1296.2308349609375, -1296.2567138671875, -1296.2930908203125, -1296.2784423828125, -1296.3421630859375, -1296.2977294921875, -1296.2659912109375, -1296.3126220703125, -1296.2860107421875, -1296.2669677734375, -1296.2508544921875, -1296.2845458984375, -1296.2667236328125, -1296.3275146484375, -1296.2557373046875, -1296.3026123046875, -1296.2352294921875, -1296.2911376953125, -1296.3055419921875, -1296.2943115234375, -1296.2427978515625, -1296.2520751953125, -1296.3089599609375, -1296.2640380859375, -1296.2862548828125, -1296.2498779296875, -1296.2315673828125, -1296.2327880859375, -1296.3255615234375, -1296.2738037109375, -1296.3062744140625, -1296.2567138671875, -1296.2183837890625, -1296.2625732421875, -1296.2332763671875, -1296.2391357421875, -1296.2293701171875, -1296.2796630859375, -1296.2137451171875, -1296.2420654296875, -1296.2769775390625, -1296.2513427734375, -1296.2713623046875, -1296.2738037109375, -1296.2491455078125, -1296.2689208984375, -1296.2586669921875, -1296.2696533203125, -1296.2947998046875, -1296.2611083984375, -1296.2874755859375, -1296.2977294921875, -1296.2742919921875, -1296.2657470703125, -1296.2947998046875, -1296.3001708984375, -1296.3096923828125, -1296.2847900390625, -1296.2479248046875, -1296.2430419921875, -1296.2479248046875, -1296.3167724609375, -1296.2786865234375, -1296.2955322265625, -1296.2630615234375, -1296.3121337890625, -1296.2271728515625, -1296.2457275390625, -1296.2825927734375, -1296.3065185546875, -1296.2486572265625, -1296.2484130859375, -1296.2982177734375, -1296.2498779296875, -1296.2498779296875, -1296.2994384765625, -1296.2867431640625, -1296.2840576171875, -1296.2449951171875, -1296.2186279296875, -1296.2943115234375, -1296.2889404296875, -1296.2840576171875, -1296.3060302734375, -1296.2244873046875, -1296.2513427734375, -1296.2730712890625, -1296.3309326171875, -1296.2845458984375, -1296.2926025390625, -1296.2618408203125, -1296.2523193359375, -1296.2593994140625, -1296.2447509765625, -1296.1859130859375, -1296.2593994140625, -1296.2891845703125, -1296.2808837890625, -1296.2867431640625, -1296.2698974609375, -1296.3126220703125, -1296.2352294921875, -1296.2965087890625, -1296.2943115234375, -1296.3197021484375, -1296.2381591796875, -1296.2474365234375, -1296.2376708984375, -1296.2225341796875, -1296.2513427734375, -1296.2447509765625, -1296.2567138671875, -1296.2540283203125, -1296.3314208984375, -1296.2867431640625, -1296.2952880859375, -1296.3265380859375, -1296.2916259765625, -1296.2545166015625, -1296.2962646484375, -1296.2982177734375, -1296.2286376953125, -1296.2918701171875, -1296.2637939453125, -1296.2767333984375, -1296.2469482421875, -1296.2474365234375, -1296.2755126953125, -1296.2552490234375, -1296.2496337890625, -1296.3238525390625, -1296.2740478515625, -1296.3223876953125, -1296.2508544921875, -1296.2833251953125, -1296.3050537109375, -1296.2608642578125, -1296.3082275390625, -1296.2711181640625, -1296.2933349609375, -1296.2747802734375, -1296.2926025390625, -1296.3250732421875, -1296.2518310546875, -1296.2708740234375, -1296.2625732421875, -1296.2625732421875, -1296.2244873046875, -1296.2110595703125, -1296.2701416015625, -1296.2650146484375, -1296.2117919921875, -1296.2352294921875, -1296.2318115234375, -1296.2474365234375, -1296.2874755859375, -1296.3006591796875, -1296.2344970703125, -1296.1785888671875, -1296.3184814453125, -1296.2864990234375, -1296.2584228515625, -1296.3048095703125, -1296.2801513671875, -1296.2935791015625, -1296.2679443359375, -1296.2669677734375, -1296.2723388671875, -1296.3194580078125, -1296.3162841796875, -1296.2723388671875, -1296.2952880859375, -1296.3087158203125, -1296.3079833984375, -1296.2723388671875, -1296.3358154296875, -1296.3031005859375, -1296.2906494140625, -1296.3082275390625, -1296.2166748046875, -1296.3074951171875, -1296.2540283203125, -1296.3079833984375, -1296.3431396484375, -1296.2840576171875, -1296.3106689453125, -1296.2994384765625, -1296.3065185546875, -1296.2884521484375, -1296.2921142578125, -1296.2818603515625, -1296.3177490234375, -1296.2684326171875, -1296.2855224609375, -1296.2593994140625, -1296.2718505859375, -1296.2376708984375, -1296.2503662109375, -1296.2196044921875, -1296.2613525390625, -1296.2679443359375, -1296.2791748046875, -1296.1968994140625, -1296.2230224609375, -1296.2379150390625, -1296.2552490234375, -1296.3311767578125, -1296.2847900390625, -1296.2640380859375, -1296.3050537109375, -1296.2298583984375, -1296.2237548828125, -1296.3206787109375, -1296.2479248046875, -1296.3458251953125, -1296.2962646484375, -1296.2823486328125, -1296.2864990234375, -1296.2457275390625, -1296.2894287109375, -1296.2674560546875, -1296.3045654296875, -1296.2708740234375, -1296.2684326171875, -1296.2337646484375, -1296.2288818359375, -1296.2474365234375, -1296.2703857421875, -1296.2650146484375, -1296.3267822265625, -1296.2100830078125, -1296.3170166015625, -1296.2996826171875, -1296.3299560546875, -1296.2449951171875, -1296.2523193359375, -1296.2552490234375, -1296.2823486328125, -1296.2772216796875, -1296.2955322265625, -1296.3006591796875, -1296.2572021484375, -1296.2879638671875, -1296.2572021484375, -1296.2662353515625, -1296.2557373046875, -1296.2845458984375, -1296.3612060546875, -1296.2716064453125, -1296.2952880859375, -1296.2757568359375, -1296.3265380859375, -1296.2620849609375, -1296.2916259765625, -1296.2904052734375, -1296.2664794921875, -1296.3201904296875, -1296.2735595703125, -1296.2979736328125, -1296.3009033203125, -1296.3228759765625, -1296.3377685546875, -1296.2510986328125, -1296.2484130859375, -1296.3175048828125, -1296.2564697265625, -1296.2510986328125, -1296.2725830078125, -1296.2904052734375, -1296.2593994140625, -1296.2796630859375, -1296.2977294921875, -1296.2559814453125, -1296.2445068359375, -1296.2586669921875, -1296.2923583984375, -1296.2420654296875, -1296.2159423828125, -1296.2073974609375, -1296.3033447265625, -1296.2899169921875, -1296.3182373046875, -1296.2532958984375, -1296.3145751953125, -1296.3087158203125, -1296.2623291015625, -1296.2760009765625, -1296.2845458984375, -1296.2567138671875, -1296.3062744140625, -1296.2686767578125, -1296.2894287109375, -1296.2606201171875, -1296.2872314453125, -1296.2794189453125, -1296.2762451171875, -1296.2440185546875, -1296.2655029296875, -1296.2843017578125, -1296.2191162109375, -1296.2459716796875, -1296.2410888671875, -1296.2738037109375, -1296.2528076171875, -1296.2789306640625, -1296.3109130859375, -1296.2342529296875, -1296.2991943359375, -1296.2835693359375, -1296.2281494140625, -1296.2569580078125, -1296.2332763671875, -1296.2760009765625, -1296.3104248046875, -1296.2166748046875, -1296.2913818359375, -1296.2960205078125, -1296.2862548828125, -1296.2987060546875, -1296.2352294921875, -1296.2957763671875, -1296.3006591796875, -1296.2869873046875, -1296.2449951171875, -1296.2576904296875, -1296.2847900390625, -1296.2496337890625, -1296.3304443359375, -1296.2728271484375, -1296.2684326171875, -1296.2415771484375, -1296.2689208984375, -1296.2401123046875, -1296.2874755859375, -1296.2425537109375, -1296.2955322265625, -1296.2774658203125, -1296.2757568359375, -1296.2701416015625, -1296.2916259765625, -1296.2918701171875, -1296.2381591796875, -1296.2464599609375, -1296.2572021484375, -1296.2947998046875, -1296.2708740234375, -1296.2742919921875, -1296.2862548828125, -1296.2569580078125, -1296.2955322265625, -1296.2886962890625, -1296.3128662109375, -1296.2781982421875, -1296.2799072265625, -1296.3280029296875, -1296.3079833984375, -1296.2410888671875, -1296.2413330078125, -1296.2371826171875, -1296.2772216796875, -1296.2845458984375, -1296.2720947265625, -1296.3016357421875, -1296.2987060546875, -1296.2545166015625, -1296.2786865234375, -1296.2567138671875, -1296.2532958984375, -1296.2869873046875, -1296.2830810546875, -1296.2308349609375, -1296.2615966796875, -1296.2313232421875, -1296.2772216796875, -1296.2811279296875, -1296.2982177734375, -1296.2493896484375, -1296.2884521484375, -1296.2762451171875, -1296.2608642578125, -1296.2911376953125, -1296.2830810546875, -1296.2135009765625, -1296.2679443359375, -1296.3355712890625, -1296.2586669921875, -1296.2386474609375, -1296.3070068359375, -1296.2325439453125, -1296.2496337890625, -1296.2550048828125, -1296.2532958984375, -1296.2493896484375, -1296.3160400390625, -1296.2081298828125, -1296.2684326171875, -1296.2967529296875, -1296.2562255859375, -1296.2991943359375, -1296.2908935546875, -1296.2362060546875, -1296.2340087890625, -1296.2581787109375, -1296.2860107421875, -1296.2943115234375, -1296.2760009765625, -1296.2713623046875, -1296.2818603515625, -1296.2581787109375, -1296.2279052734375, -1296.2498779296875, -1296.3006591796875, -1296.2884521484375, -1296.3077392578125, -1296.2376708984375, -1296.3006591796875, -1296.2884521484375, -1296.3104248046875, -1296.3089599609375, -1296.2879638671875, -1296.2503662109375, -1296.2874755859375, -1296.2943115234375, -1296.2376708984375, -1296.2708740234375, -1296.2108154296875, -1296.3006591796875, -1296.3143310546875, -1296.3006591796875, -1296.2586669921875, -1296.2838134765625, -1296.2628173828125, -1296.2762451171875, -1296.3082275390625, -1296.2996826171875, -1296.2662353515625, -1296.2686767578125, -1296.2969970703125, -1296.2755126953125, -1296.2811279296875, -1296.3135986328125, -1296.2674560546875, -1296.3079833984375, -1296.2625732421875, -1296.2586669921875, -1296.2464599609375, -1296.2335205078125, -1296.2694091796875, -1296.2474365234375, -1296.2894287109375, -1296.2498779296875, -1296.3009033203125, -1296.3182373046875, -1296.2740478515625, -1296.2200927734375, -1296.2615966796875, -1296.3062744140625, -1296.2640380859375, -1296.2701416015625, -1296.3021240234375, -1296.2642822265625, -1296.2718505859375, -1296.2298583984375, -1296.2462158203125, -1296.2479248046875, -1296.2943115234375, -1296.2591552734375, -1296.2371826171875, -1296.2218017578125, -1296.2479248046875, -1296.2623291015625, -1296.2479248046875, -1296.2283935546875, -1296.3033447265625, -1296.2425537109375, -1296.2825927734375, -1296.2559814453125, -1296.3065185546875, -1296.3016357421875, -1296.2791748046875, -1296.2376708984375, -1296.2396240234375, -1296.2591552734375, -1296.3013916015625, -1296.2733154296875, -1296.2303466796875, -1296.2982177734375, -1296.2689208984375, -1296.2015380859375, -1296.2474365234375, -1296.2674560546875, -1296.2513427734375, -1296.2572021484375, -1296.2401123046875, -1296.2767333984375, -1296.3026123046875, -1296.2640380859375, -1296.3001708984375, -1296.2510986328125, -1296.2471923828125, -1296.3175048828125, -1296.2391357421875, -1296.2999267578125, -1296.2899169921875, -1296.2816162109375, -1296.3035888671875, -1296.2818603515625, -1296.2606201171875, -1296.2491455078125, -1296.2733154296875, -1296.2691650390625, -1296.2755126953125, -1296.2669677734375, -1296.2359619140625, -1296.2640380859375, -1296.2572021484375, -1296.2874755859375, -1296.2020263671875, -1296.2772216796875, -1296.2386474609375, -1296.2977294921875, -1296.3109130859375, -1296.2584228515625, -1296.3040771484375, -1296.3035888671875, -1296.3145751953125, -1296.2718505859375, -1296.2598876953125, -1296.2098388671875, -1296.3289794921875, -1296.2811279296875, -1296.2437744140625, -1296.2298583984375, -1296.2664794921875, -1296.2518310546875, -1296.2474365234375, -1296.2484130859375, -1296.2191162109375, -1296.2547607421875, -1296.2838134765625, -1296.2474365234375, -1296.2801513671875, -1296.2869873046875, -1296.2779541015625, -1296.3028564453125, -1296.3284912109375, -1296.3270263671875, -1296.2308349609375, -1296.2684326171875, -1296.2535400390625, -1296.3033447265625, -1296.2716064453125, -1296.3165283203125, -1296.2845458984375, -1296.2996826171875, -1296.3038330078125, -1296.2894287109375, -1296.2728271484375, -1296.2606201171875, -1296.2586669921875, -1296.2977294921875, -1296.3060302734375, -1296.2996826171875, -1296.2132568359375, -1296.2667236328125, -1296.2381591796875, -1296.2393798828125, -1296.3021240234375, -1296.3077392578125, -1296.2640380859375, -1296.2518310546875, -1296.2601318359375, -1296.2835693359375, -1296.2596435546875, -1296.3197021484375, -1296.3006591796875, -1296.2733154296875, -1296.2708740234375, -1296.2811279296875, -1296.2396240234375, -1296.2652587890625, -1296.3489990234375, -1296.2713623046875, -1296.2430419921875, -1296.3087158203125, -1296.2750244140625, -1296.2386474609375, -1296.2542724609375, -1296.2449951171875, -1296.2735595703125, -1296.2296142578125, -1296.2694091796875, -1296.2703857421875, -1296.3323974609375, -1296.2816162109375, -1296.2738037109375, -1296.2882080078125, -1296.2894287109375, -1296.2557373046875, -1296.2269287109375, -1296.2928466796875, -1296.2445068359375, -1296.2393798828125, -1296.2557373046875, -1296.2188720703125, -1296.2503662109375, -1296.2181396484375, -1296.2410888671875, -1296.2501220703125, -1296.2635498046875, -1296.2860107421875, -1296.2559814453125, -1296.2410888671875, -1296.2615966796875, -1296.2374267578125, -1296.2747802734375, -1296.2581787109375, -1296.2623291015625, -1296.2679443359375, -1296.2413330078125, -1296.2869873046875, -1296.2510986328125, -1296.2752685546875, -1296.2989501953125, -1296.3558349609375, -1296.2225341796875, -1296.3211669921875, -1296.2701416015625, -1296.2801513671875, -1296.2806396484375, -1296.3138427734375, -1296.2440185546875, -1296.2171630859375, -1296.2843017578125, -1296.2652587890625, -1296.2515869140625, -1296.3394775390625, -1296.2760009765625, -1296.3275146484375, -1296.2540283203125, -1296.2891845703125, -1296.2674560546875, -1296.2933349609375, -1296.2652587890625, -1296.2457275390625, -1296.3074951171875, -1296.2667236328125, -1296.3287353515625, -1296.2552490234375, -1296.3143310546875, -1296.3001708984375, -1296.2667236328125, -1296.2945556640625, -1296.3018798828125, -1296.3018798828125, -1296.2156982421875, -1296.2901611328125, -1296.2716064453125, -1296.2728271484375, -1296.3248291015625, -1296.3006591796875, -1296.2633056640625, -1296.3118896484375, -1296.2376708984375, -1296.2672119140625, -1296.3062744140625, -1296.3353271484375, -1296.2733154296875, -1296.2899169921875, -1296.3006591796875, -1296.3167724609375, -1296.2857666015625, -1296.3360595703125, -1296.2860107421875, -1296.2781982421875, -1296.2791748046875, -1296.3209228515625, -1296.3023681640625, -1296.2747802734375, -1296.2576904296875, -1296.2523193359375, -1296.3182373046875, -1296.2982177734375, -1296.2362060546875, -1296.2913818359375, -1296.2901611328125, -1296.2357177734375, -1296.2840576171875, -1296.2864990234375, -1296.2769775390625, -1296.2733154296875, -1296.2637939453125, -1296.2640380859375, -1296.2508544921875, -1296.2586669921875, -1296.2315673828125, -1296.2637939453125, -1296.2425537109375, -1296.3070068359375, -1296.2305908203125, -1296.2806396484375, -1296.2615966796875, -1296.2933349609375, -1296.2896728515625, -1296.2640380859375, -1296.2923583984375, -1296.2415771484375, -1296.2747802734375, -1296.2991943359375, -1296.2874755859375, -1296.2474365234375, -1296.2430419921875, -1296.2313232421875, -1296.2708740234375, -1296.2921142578125, -1296.2655029296875, -1296.2464599609375, -1296.3348388671875, -1296.3060302734375, -1296.3079833984375, -1296.2821044921875, -1296.2457275390625, -1296.2537841796875, -1296.2628173828125, -1296.2310791015625, -1296.2481689453125, -1296.3067626953125, -1296.3367919921875, -1296.2574462890625, -1296.2579345703125, -1296.2696533203125, -1296.3001708984375, -1296.3309326171875, -1296.2864990234375, -1296.2894287109375, -1296.2659912109375, -1296.2274169921875, -1296.2066650390625, -1296.2620849609375, -1296.2967529296875, -1296.3006591796875, -1296.2493896484375, -1296.2313232421875, -1296.2943115234375, -1296.3167724609375, -1296.2799072265625, -1296.2735595703125, -1296.2620849609375, -1296.2864990234375, -1296.2144775390625, -1296.2694091796875, -1296.2532958984375, -1296.2532958984375, -1296.2635498046875, -1296.2811279296875, -1296.2581787109375, -1296.3272705078125, -1296.3192138671875, -1296.2457275390625, -1296.2713623046875, -1296.3092041015625, -1296.3118896484375, -1296.3328857421875, -1296.2567138671875, -1296.2613525390625, -1296.2601318359375, -1296.2808837890625, -1296.2703857421875, -1296.2752685546875, -1296.3060302734375, -1296.2967529296875, -1296.2838134765625, -1296.2564697265625, -1296.2821044921875, -1296.2994384765625, -1296.2562255859375, -1296.2213134765625, -1296.2838134765625, -1296.1888427734375, -1296.2244873046875, -1296.2952880859375, -1296.2840576171875, -1296.2596435546875, -1296.2713623046875, -1296.2581787109375, -1296.2791748046875, -1296.2518310546875, -1296.2247314453125, -1296.2547607421875, -1296.3248291015625, -1296.2679443359375, -1296.2171630859375, -1296.2930908203125, -1296.2247314453125, -1296.2928466796875, -1296.2796630859375, -1296.2503662109375, -1296.2542724609375, -1296.2962646484375, -1296.2596435546875, -1296.2630615234375, -1296.2464599609375, -1296.2847900390625, -1296.2874755859375, -1296.2440185546875, -1296.2764892578125, -1296.3133544921875, -1296.2440185546875, -1296.2576904296875, -1296.3341064453125, -1296.3040771484375, -1296.3233642578125, -1296.2791748046875, -1296.2591552734375, -1296.2952880859375, -1296.2677001953125, -1296.2552490234375, -1296.2574462890625, -1296.2462158203125, -1296.2623291015625, -1296.3184814453125, -1296.2615966796875, -1296.2923583984375, -1296.2899169921875, -1296.2860107421875, -1296.3348388671875, -1296.2415771484375, -1296.2825927734375, -1296.2459716796875, -1296.2613525390625, -1296.2872314453125, -1296.2904052734375, -1296.2550048828125, -1296.2696533203125, -1296.2484130859375, -1296.2081298828125, -1296.2518310546875, -1296.2713623046875, -1296.2733154296875, -1296.2713623046875, -1296.2335205078125, -1296.2855224609375, -1296.2655029296875, -1296.2669677734375, -1296.2435302734375, -1296.2872314453125, -1296.2835693359375, -1296.3145751953125, -1296.2977294921875, -1296.3072509765625, -1296.2669677734375, -1296.2310791015625, -1296.2225341796875, -1296.2572021484375, -1296.2681884765625, -1296.2857666015625, -1296.2989501953125, -1296.2669677734375, -1296.2940673828125, -1296.2589111328125, -1296.2586669921875, -1296.2757568359375, -1296.2904052734375, -1296.2630615234375, -1296.2796630859375, -1296.2489013671875, -1296.2498779296875, -1296.2725830078125, -1296.3052978515625, -1296.2972412109375, -1296.2188720703125, -1296.2601318359375, -1296.2347412109375, -1296.2869873046875, -1296.2615966796875, -1296.2420654296875, -1296.2642822265625, -1296.2923583984375, -1296.2740478515625, -1296.2708740234375, -1296.2242431640625, -1296.3189697265625, -1296.2928466796875, -1296.2220458984375, -1296.2708740234375, -1296.2720947265625, -1296.2149658203125, -1296.2342529296875, -1296.2469482421875, -1296.2659912109375, -1296.3226318359375, -1296.2635498046875, -1296.2386474609375, -1296.2740478515625, -1296.2515869140625, -1296.3031005859375, -1296.2642822265625, -1296.2406005859375, -1296.2672119140625, -1296.2933349609375, -1296.2479248046875, -1296.3099365234375, -1296.2955322265625, -1296.2254638671875, -1296.2606201171875, -1296.2572021484375, -1296.2369384765625, -1296.2513427734375, -1296.2891845703125, -1296.2711181640625, -1296.2625732421875, -1296.2698974609375, -1296.2835693359375, -1296.2479248046875, -1296.2786865234375, -1296.2774658203125, -1296.2718505859375, -1296.2994384765625, -1296.2425537109375, -1296.2742919921875, -1296.2904052734375, -1296.3216552734375, -1296.2142333984375, -1296.2615966796875, -1296.2850341796875, -1296.2728271484375, -1296.2896728515625, -1296.2791748046875, -1296.3043212890625, -1296.2735595703125, -1296.2674560546875, -1296.2935791015625, -1296.3148193359375, -1296.2781982421875, -1296.3001708984375, -1296.2821044921875, -1296.2716064453125, -1296.2681884765625, -1296.2449951171875, -1296.2835693359375, -1296.2469482421875, -1296.3184814453125, -1296.3382568359375, -1296.2750244140625, -1296.2442626953125, -1296.2720947265625, -1296.2799072265625, -1296.3153076171875, -1296.2557373046875, -1296.3072509765625, -1296.2952880859375, -1296.2803955078125, -1296.3580322265625, -1296.2808837890625, -1296.2386474609375, -1296.2647705078125, -1296.3067626953125, -1296.3323974609375, -1296.3221435546875, -1296.2784423828125, -1296.2459716796875, -1296.2894287109375, -1296.2742919921875, -1296.2896728515625, -1296.3284912109375, -1296.2769775390625, -1296.2742919921875, -1296.2581787109375, -1296.3016357421875, -1296.2943115234375, -1296.3233642578125, -1296.2303466796875, -1296.2574462890625, -1296.2445068359375, -1296.2982177734375, -1296.2352294921875, -1296.2647705078125, -1296.2396240234375, -1296.2725830078125, -1296.3013916015625, -1296.2713623046875, -1296.2381591796875, -1296.3262939453125, -1296.2562255859375, -1296.2491455078125, -1296.2728271484375, -1296.2923583984375, -1296.2742919921875, -1296.2904052734375, -1296.2479248046875, -1296.2567138671875, -1296.2879638671875, -1296.2664794921875, -1296.2420654296875, -1296.2615966796875, -1296.2879638671875, -1296.2435302734375, -1296.2528076171875, -1296.3104248046875, -1296.2293701171875, -1296.2545166015625, -1296.2742919921875, -1296.3128662109375, -1296.3348388671875, -1296.2977294921875, -1296.3192138671875, -1296.2777099609375, -1296.2083740234375, -1296.2396240234375, -1296.2894287109375, -1296.2503662109375, -1296.2593994140625, -1296.2596435546875, -1296.2484130859375, -1296.2283935546875, -1296.2718505859375, -1296.2264404296875, -1296.2750244140625, -1296.2440185546875, -1296.2327880859375, -1296.2242431640625, -1296.2498779296875, -1296.2596435546875, -1296.2542724609375, -1296.2215576171875, -1296.2889404296875, -1296.2410888671875, -1296.2655029296875, -1296.2540283203125, -1296.2608642578125, -1296.2479248046875, -1296.1907958984375, -1296.2713623046875, -1296.2872314453125, -1296.2860107421875, -1296.2445068359375, -1296.2908935546875, -1296.2672119140625, -1296.2701416015625, -1296.3355712890625, -1296.2503662109375, -1296.2557373046875, -1296.2552490234375, -1296.2352294921875, -1296.2698974609375, -1296.2916259765625, -1296.2510986328125, -1296.2669677734375, -1296.2696533203125, -1296.3526611328125, -1296.2733154296875, -1296.2982177734375, -1296.2777099609375, -1296.3153076171875, -1296.3299560546875, -1296.3138427734375, -1296.2445068359375, -1296.2669677734375, -1296.2640380859375, -1296.2218017578125, -1296.2808837890625, -1296.2747802734375, -1296.2635498046875, -1296.2537841796875, -1296.3214111328125, -1296.3106689453125, -1296.2825927734375, -1296.2557373046875, -1296.2908935546875, -1296.2713623046875, -1296.2877197265625, -1296.2633056640625, -1296.2613525390625, -1296.2435302734375, -1296.2484130859375, -1296.2423095703125, -1296.2520751953125, -1296.2420654296875, -1296.2884521484375, -1296.2947998046875, -1296.2674560546875, -1296.2904052734375, -1296.2381591796875, -1296.2615966796875, -1296.2620849609375, -1296.3111572265625, -1296.2886962890625, -1296.2642822265625, -1296.1956787109375, -1296.3209228515625, -1296.2711181640625, -1296.3157958984375, -1296.2357177734375, -1296.2864990234375, -1296.2962646484375, -1296.2425537109375, -1296.3162841796875, -1296.2713623046875, -1296.2889404296875, -1296.2498779296875, -1296.2132568359375, -1296.2532958984375, -1296.3065185546875, -1296.3074951171875, -1296.3099365234375, -1296.2777099609375, -1296.2586669921875, -1296.2742919921875, -1296.2349853515625, -1296.2181396484375, -1296.2386474609375, -1296.2816162109375, -1296.2554931640625, -1296.2547607421875, -1296.2552490234375, -1296.2962646484375, -1296.2847900390625, -1296.2196044921875, -1296.2857666015625, -1296.2781982421875, -1296.3006591796875, -1296.2818603515625, -1296.3114013671875, -1296.2362060546875, -1296.2562255859375, -1296.2508544921875, -1296.2484130859375, -1296.2672119140625, -1296.2615966796875, -1296.2720947265625, -1296.2537841796875, -1296.2606201171875, -1296.2740478515625, -1296.2279052734375, -1296.2772216796875, -1296.2757568359375, -1296.2545166015625, -1296.3228759765625, -1296.2825927734375, -1296.2115478515625, -1296.2303466796875, -1296.2535400390625, -1296.2913818359375, -1296.2747802734375, -1296.2818603515625, -1296.2664794921875, -1296.2813720703125, -1296.2552490234375, -1296.3062744140625, -1296.2572021484375, -1296.2498779296875, -1296.2757568359375, -1296.2413330078125, -1296.2625732421875, -1296.3040771484375, -1296.2689208984375, -1296.2947998046875, -1296.2650146484375, -1296.2991943359375, -1296.3245849609375, -1296.2620849609375, -1296.2728271484375, -1296.2943115234375, -1296.2474365234375, -1296.2518310546875, -1296.3145751953125, -1296.2425537109375, -1296.3094482421875, -1296.2498779296875, -1296.2918701171875, -1296.2503662109375, -1296.3250732421875, -1296.3045654296875, -1296.2838134765625, -1296.2896728515625, -1296.2620849609375, -1296.2489013671875, -1296.2882080078125, -1296.3106689453125, -1296.2506103515625, -1296.3314208984375, -1296.2791748046875, -1296.2679443359375, -1296.3077392578125, -1296.2552490234375, -1296.2518310546875, -1296.2835693359375, -1296.2962646484375, -1296.2984619140625, -1296.3114013671875, -1296.2552490234375, -1296.3104248046875, -1296.2430419921875, -1296.2708740234375, -1296.3284912109375, -1296.2752685546875, -1296.3126220703125, -1296.2503662109375, -1296.2962646484375, -1296.2982177734375, -1296.3045654296875, -1296.2645263671875, -1296.2738037109375, -1296.3018798828125, -1296.3045654296875, -1296.2918701171875, -1296.2449951171875, -1296.2542724609375, -1296.2664794921875, -1296.2352294921875, -1296.2796630859375, -1296.2630615234375, -1296.2706298828125, -1296.2457275390625, -1296.2510986328125, -1296.2047119140625, -1296.2908935546875, -1296.3197021484375, -1296.2982177734375, -1296.2213134765625, -1296.2362060546875, -1296.2279052734375, -1296.2874755859375, -1296.2313232421875, -1296.2313232421875, -1296.2078857421875, -1296.2357177734375, -1296.2772216796875, -1296.2757568359375, -1296.2528076171875, -1296.2459716796875, -1296.2298583984375, -1296.2855224609375, -1296.2435302734375, -1296.2581787109375, -1296.2811279296875, -1296.2515869140625, -1296.2186279296875, -1296.2874755859375, -1296.2742919921875, -1296.2581787109375, -1296.3162841796875, -1296.2420654296875, -1296.3297119140625, -1296.2899169921875, -1296.2969970703125, -1296.2799072265625, -1296.2674560546875, -1296.2913818359375, -1296.2811279296875, -1296.3070068359375, -1296.2242431640625, -1296.3509521484375, -1296.2862548828125, -1296.2518310546875, -1296.3189697265625, -1296.2593994140625, -1296.2796630859375, -1296.3223876953125, -1296.2669677734375, -1296.2708740234375, -1296.2430419921875, -1296.2694091796875, -1296.2701416015625, -1296.2691650390625, -1296.2681884765625, -1296.2838134765625, -1296.2974853515625, -1296.2515869140625, -1296.2498779296875, -1296.2911376953125, -1296.2598876953125, -1296.2454833984375, -1296.3079833984375, -1296.2965087890625, -1296.2423095703125, -1296.2928466796875, -1296.2723388671875, -1296.3001708984375, -1296.3040771484375, -1296.3074951171875, -1296.2928466796875, -1296.2874755859375, -1296.2821044921875, -1296.2801513671875, -1296.2816162109375, -1296.2840576171875, -1296.2474365234375, -1296.2513427734375, -1296.2879638671875, -1296.2628173828125, -1296.2806396484375, -1296.2596435546875, -1296.2708740234375, -1296.2720947265625, -1296.2728271484375, -1296.2254638671875, -1296.2752685546875, -1296.2708740234375, -1296.3253173828125, -1296.2730712890625, -1296.2996826171875, -1296.2767333984375, -1296.2835693359375, -1296.2498779296875, -1296.2227783203125, -1296.2630615234375, -1296.2916259765625, -1296.2674560546875, -1296.2457275390625, -1296.2762451171875, -1296.2943115234375, -1296.2650146484375, -1296.1917724609375, -1296.2149658203125, -1296.2698974609375, -1296.2962646484375, -1296.2843017578125, -1296.2305908203125, -1296.2442626953125, -1296.2335205078125, -1296.3077392578125, -1296.2813720703125, -1296.2620849609375, -1296.2420654296875, -1296.2596435546875, -1296.3463134765625, -1296.2896728515625, -1296.2840576171875, -1296.2918701171875, -1296.2584228515625, -1296.3001708984375, -1296.2593994140625, -1296.2928466796875, -1296.2904052734375, -1296.2938232421875, -1296.2650146484375, -1296.3289794921875, -1296.2845458984375, -1296.3153076171875, -1296.2664794921875, -1296.2589111328125, -1296.2523193359375, -1296.2371826171875, -1296.2852783203125, -1296.2645263671875, -1296.2232666015625, -1296.2967529296875, -1296.2774658203125, -1296.2723388671875, -1296.3428955078125, -1296.2410888671875, -1296.3209228515625, -1296.2591552734375, -1296.2938232421875, -1296.2757568359375, -1296.2855224609375, -1296.2835693359375, -1296.3116455078125, -1296.2015380859375, -1296.2484130859375, -1296.2698974609375, -1296.2589111328125, -1296.3155517578125, -1296.2694091796875, -1296.2318115234375, -1296.2518310546875, -1296.2188720703125, -1296.2430419921875, -1296.2694091796875, -1296.2786865234375, -1296.2825927734375, -1296.2769775390625, -1296.2547607421875, -1296.3118896484375, -1296.2791748046875, -1296.2247314453125, -1296.2747802734375, -1296.2801513671875, -1296.2611083984375, -1296.2603759765625, -1296.2911376953125, -1296.2730712890625, -1296.2845458984375, -1296.2823486328125, -1296.2430419921875, -1296.3177490234375, -1296.2991943359375, -1296.3050537109375, -1296.2528076171875, -1296.2427978515625, -1296.2889404296875, -1296.2996826171875, -1296.2801513671875, -1296.2513427734375, -1296.2904052734375, -1296.2838134765625, -1296.2303466796875, -1296.2703857421875, -1296.2459716796875, -1296.2276611328125, -1296.2947998046875, -1296.2413330078125, -1296.2650146484375, -1296.2821044921875, -1296.2381591796875, -1296.2662353515625, -1296.2584228515625, -1296.2430419921875, -1296.2833251953125, -1296.2117919921875, -1296.2496337890625, -1296.2342529296875, -1296.2711181640625, -1296.3070068359375, -1296.3321533203125, -1296.2899169921875, -1296.2694091796875, -1296.2596435546875, -1296.2528076171875, -1296.2615966796875, -1296.2879638671875, -1296.2769775390625, -1296.2708740234375, -1296.2381591796875, -1296.2625732421875, -1296.2025146484375, -1296.3016357421875, -1296.2750244140625, -1296.2552490234375, -1296.3009033203125, -1296.2489013671875, -1296.2755126953125, -1296.3109130859375, -1296.2755126953125, -1296.2708740234375, -1296.2554931640625, -1296.2884521484375, -1296.2703857421875, -1296.2615966796875, -1296.2821044921875, -1296.3065185546875, -1296.2530517578125, -1296.2852783203125, -1296.2586669921875, -1296.2371826171875, -1296.2884521484375, -1296.2376708984375, -1296.2435302734375, -1296.2381591796875, -1296.3033447265625, -1296.2493896484375, -1296.2862548828125, -1296.2994384765625, -1296.2974853515625, -1296.2869873046875, -1296.2528076171875, -1296.2738037109375, -1296.2667236328125, -1296.2449951171875, -1296.2493896484375, -1296.2777099609375, -1296.2862548828125, -1296.2696533203125, -1296.2501220703125, -1296.2537841796875, -1296.2874755859375, -1296.2691650390625, -1296.2933349609375, -1296.2667236328125, -1296.2698974609375, -1296.2479248046875, -1296.2906494140625, -1296.2369384765625, -1296.2735595703125, -1296.2518310546875, -1296.2852783203125, -1296.2342529296875, -1296.2762451171875, -1296.2791748046875, -1296.2786865234375, -1296.2464599609375, -1296.2745361328125, -1296.2752685546875, -1296.3084716796875, -1296.2928466796875, -1296.2606201171875, -1296.2806396484375, -1296.2261962890625, -1296.2938232421875, -1296.2381591796875, -1296.3363037109375, -1296.3382568359375, -1296.2813720703125, -1296.2132568359375, -1296.2528076171875, -1296.2974853515625, -1296.3096923828125, -1296.2845458984375, -1296.2991943359375, -1296.3221435546875, -1296.2811279296875, -1296.2877197265625, -1296.2830810546875, -1296.2584228515625, -1296.2332763671875, -1296.2532958984375, -1296.2921142578125, -1296.3480224609375, -1296.2833251953125, -1296.2767333984375, -1296.2801513671875, -1296.2723388671875, -1296.2127685546875, -1296.2681884765625, -1296.2520751953125, -1296.2755126953125, -1296.2137451171875, -1296.2445068359375, -1296.3114013671875, -1296.3155517578125, -1296.2977294921875, -1296.2415771484375, -1296.3118896484375, -1296.2952880859375, -1296.2877197265625, -1296.3306884765625, -1296.2596435546875, -1296.2532958984375, -1296.3001708984375, -1296.3021240234375, -1296.2261962890625, -1296.2103271484375, -1296.3304443359375, -1296.2528076171875, -1296.2279052734375, -1296.2489013671875, -1296.3094482421875, -1296.2396240234375, -1296.3338623046875, -1296.2215576171875, -1296.2806396484375, -1296.2718505859375, -1296.2596435546875, -1296.2760009765625, -1296.2708740234375, -1296.2835693359375, -1296.2474365234375, -1296.2718505859375, -1296.3123779296875, -1296.2652587890625, -1296.2581787109375, -1296.2457275390625, -1296.2752685546875, -1296.2855224609375, -1296.2489013671875, -1296.3084716796875, -1296.3094482421875, -1296.2845458984375, -1296.2825927734375, -1296.2161865234375, -1296.2425537109375, -1296.2830810546875, -1296.2762451171875, -1296.2943115234375, -1296.2713623046875, -1296.2967529296875, -1296.2572021484375, -1296.3040771484375, -1296.2647705078125, -1296.2484130859375, -1296.2608642578125, -1296.2449951171875, -1296.2742919921875, -1296.2757568359375, -1296.2213134765625, -1296.1990966796875, -1296.2537841796875, -1296.3133544921875, -1296.2623291015625, -1296.2518310546875, -1296.3343505859375, -1296.3153076171875, -1296.2684326171875, -1296.2855224609375, -1296.2745361328125, -1296.3114013671875, -1296.2762451171875, -1296.2777099609375, -1296.2940673828125, -1296.2657470703125, -1296.2840576171875, -1296.2435302734375, -1296.2469482421875, -1296.2769775390625, -1296.2391357421875, -1296.2708740234375, -1296.2723388671875, -1296.2786865234375, -1296.2340087890625, -1296.2552490234375, -1296.2303466796875, -1296.3096923828125, -1296.2471923828125, -1296.2398681640625, -1296.2896728515625, -1296.2708740234375, -1296.2728271484375, -1296.2410888671875, -1296.3150634765625, -1296.3270263671875, -1296.2286376953125, -1296.2835693359375, -1296.2738037109375, -1296.2794189453125, -1296.2745361328125, -1296.2386474609375, -1296.2296142578125, -1296.2435302734375, -1296.2127685546875, -1296.2655029296875, -1296.2589111328125, -1296.2647705078125, -1296.2493896484375, -1296.3148193359375, -1296.2723388671875, -1296.3006591796875, -1296.2669677734375, -1296.2957763671875, -1296.2420654296875, -1296.3089599609375, -1296.3026123046875, -1296.2904052734375, -1296.2821044921875, -1296.2579345703125, -1296.2484130859375, -1296.2877197265625, -1296.2730712890625, -1296.3231201171875, -1296.2918701171875, -1296.2496337890625, -1296.3106689453125, -1296.3258056640625, -1296.2889404296875, -1296.2806396484375, -1296.2733154296875, -1296.2479248046875, -1296.2584228515625, -1296.2672119140625, -1296.3470458984375, -1296.2940673828125, -1296.3118896484375, -1296.2713623046875, -1296.2821044921875, -1296.3087158203125, -1296.2628173828125, -1296.2657470703125, -1296.2689208984375, -1296.2464599609375, -1296.2928466796875, -1296.2340087890625, -1296.2640380859375, -1296.2513427734375, -1296.2838134765625, -1296.2476806640625, -1296.2884521484375, -1296.2598876953125, -1296.2088623046875, -1296.2498779296875, -1296.2381591796875, -1296.2591552734375, -1296.2379150390625, -1296.3050537109375, -1296.2332763671875, -1296.2572021484375, -1296.2242431640625, -1296.2249755859375, -1296.2230224609375, -1296.3048095703125, -1296.2398681640625, -1296.2506103515625, -1296.2496337890625, -1296.2899169921875, -1296.2757568359375, -1296.2537841796875, -1296.3065185546875, -1296.2874755859375, -1296.2366943359375, -1296.3035888671875, -1296.2879638671875, -1296.3006591796875, -1296.2767333984375, -1296.2659912109375, -1296.2330322265625, -1296.2677001953125, -1296.2906494140625, -1296.2593994140625, -1296.3050537109375, -1296.2164306640625, -1296.3104248046875, -1296.3133544921875, -1296.2550048828125, -1296.2877197265625, -1296.3060302734375, -1296.2650146484375, -1296.2730712890625, -1296.2608642578125, -1296.2288818359375, -1296.3031005859375, -1296.2581787109375, -1296.2535400390625, -1296.2813720703125, -1296.2508544921875, -1296.2318115234375, -1296.2415771484375, -1296.2513427734375, -1296.2718505859375, -1296.2181396484375, -1296.2198486328125, -1296.3050537109375, -1296.3023681640625, -1296.2850341796875, -1296.2821044921875, -1296.2254638671875, -1296.3360595703125, -1296.2606201171875, -1296.2327880859375, -1296.2752685546875, -1296.2845458984375, -1296.2288818359375, -1296.2083740234375, -1296.2415771484375, -1296.2728271484375, -1296.2440185546875, -1296.3011474609375, -1296.2445068359375, -1296.2130126953125, -1296.2718505859375, -1296.2767333984375, -1296.2496337890625, -1296.2647705078125, -1296.2413330078125, -1296.3209228515625, -1296.2972412109375, -1296.2601318359375, -1296.2777099609375, -1296.2952880859375, -1296.2396240234375, -1296.2708740234375, -1296.2784423828125, -1296.2467041015625, -1296.2816162109375, -1296.2872314453125, -1296.2952880859375, -1296.3011474609375, -1296.2694091796875, -1296.2767333984375, -1296.2689208984375, -1296.2227783203125, -1296.2828369140625, -1296.2283935546875, -1296.2713623046875, -1296.2310791015625, -1296.2630615234375, -1296.2835693359375, -1296.2386474609375, -1296.2322998046875, -1296.3011474609375, -1296.2825927734375, -1296.2613525390625, -1296.2889404296875, -1296.2581787109375, -1296.2996826171875, -1296.2298583984375, -1296.2662353515625, -1296.3177490234375, -1296.2684326171875, -1296.2679443359375, -1296.2840576171875, -1296.2593994140625, -1296.2596435546875, -1296.2708740234375, -1296.2845458984375, -1296.2425537109375, -1296.2850341796875, -1296.2867431640625, -1296.2923583984375, -1296.2615966796875, -1296.2447509765625, -1296.2777099609375, -1296.2840576171875, -1296.2816162109375, -1296.2940673828125, -1296.2774658203125, -1296.2689208984375, -1296.2381591796875, -1296.2403564453125, -1296.2728271484375, -1296.3033447265625, -1296.2967529296875, -1296.2391357421875, -1296.3050537109375, -1296.2537841796875, -1296.2423095703125, -1296.3304443359375, -1296.2808837890625, -1296.2928466796875, -1296.2982177734375, -1296.2371826171875, -1296.2686767578125, -1296.2606201171875, -1296.2655029296875, -1296.2513427734375, -1296.2659912109375, -1296.2806396484375, -1296.3404541015625, -1296.2918701171875, -1296.3187255859375, -1296.2889404296875, -1296.2557373046875, -1296.2786865234375, -1296.2923583984375, -1296.2740478515625, -1296.3057861328125, -1296.2572021484375, -1296.2694091796875, -1296.2337646484375, -1296.2955322265625, -1296.2408447265625, -1296.3065185546875, -1296.3084716796875, -1296.2354736328125, -1296.3336181640625, -1296.2730712890625, -1296.2791748046875, -1296.2669677734375, -1296.2960205078125, -1296.2965087890625, -1296.2513427734375, -1296.2733154296875, -1296.2708740234375, -1296.2965087890625, -1296.2679443359375, -1296.2401123046875, -1296.2694091796875, -1296.3006591796875, -1296.2474365234375, -1296.2967529296875, -1296.2789306640625, -1296.2684326171875, -1296.2567138671875, -1296.2962646484375, -1296.2911376953125, -1296.2738037109375, -1296.2679443359375, -1296.2908935546875, -1296.2557373046875, -1296.2618408203125, -1296.2803955078125, -1296.2425537109375, -1296.2889404296875]}
Warning: Cholesky failed, using eigendecomposition fallback
{'mse': 0.010014355182647705, 'rmse': 0.1000717505812645, 'test_ll': -245895.578125, 'total_test_ll': -6147389440.0}
/cluster/tufts/hugheslab/swilli26/stat-patt-final/gp_vs_sngp/results/hyperparam_search/GP/Sin_1500_10001/logs
/cluster/tufts/hugheslab/swilli26/stat-patt-final/gp_vs_sngp/results/hyperparam_search/logs/GP_VS_SNGP_25028894.out
/cluster/tufts/hugheslab/swilli26/stat-patt-final/gp_vs_sngp/results/hyperparam_search/logs/GP_VS_SNGP_25028894.err
