Starting imports...
Importing argparse...
Importing torch...
Importing os...
Importing sngp.train and sngp.model...
Importing gaussian_process...
Importing dataset...
Importing json...
ALL IMPORTS COMPLETE!
Parsing arguments...
Arguments parsed! Running GP on CrazySin with N=1500
Checking CUDA availability...
Using CPU
Making Datasets...
Making Model...
Training Gaussian Process...
Iter   0 | Loss: 17610.826 | lengthscale: 0.990 | outputscale: 1.010 | noise: 0.202
Iter  10 | Loss: 14222.646 | lengthscale: 0.894 | outputscale: 1.117 | noise: 0.223
Iter  20 | Loss: 11438.240 | lengthscale: 0.803 | outputscale: 1.243 | noise: 0.245
Iter  30 | Loss: 8939.577 | lengthscale: 0.712 | outputscale: 1.396 | noise: 0.267
Iter  40 | Loss: 5777.768 | lengthscale: 0.620 | outputscale: 1.596 | noise: 0.287
Iter  50 | Loss: 3665.417 | lengthscale: 0.542 | outputscale: 1.820 | noise: 0.302
Iter  60 | Loss: 2789.943 | lengthscale: 0.491 | outputscale: 2.009 | noise: 0.313
Iter  70 | Loss: 1747.322 | lengthscale: 0.446 | outputscale: 2.191 | noise: 0.322
Iter  80 | Loss:  487.630 | lengthscale: 0.399 | outputscale: 2.417 | noise: 0.326
Iter  90 | Loss:   54.153 | lengthscale: 0.367 | outputscale: 2.618 | noise: 0.326
Iter 100 | Loss:  -47.275 | lengthscale: 0.350 | outputscale: 2.748 | noise: 0.324
Iter 110 | Loss:  -86.484 | lengthscale: 0.341 | outputscale: 2.827 | noise: 0.322
Iter 120 | Loss: -110.788 | lengthscale: 0.335 | outputscale: 2.879 | noise: 0.319
Iter 130 | Loss: -130.490 | lengthscale: 0.332 | outputscale: 2.917 | noise: 0.315
Iter 140 | Loss: -148.554 | lengthscale: 0.329 | outputscale: 2.947 | noise: 0.312
Iter 150 | Loss: -165.998 | lengthscale: 0.327 | outputscale: 2.973 | noise: 0.309
Iter 160 | Loss: -183.223 | lengthscale: 0.325 | outputscale: 2.997 | noise: 0.305
Iter 170 | Loss: -200.419 | lengthscale: 0.323 | outputscale: 3.020 | noise: 0.302
Iter 180 | Loss: -217.678 | lengthscale: 0.321 | outputscale: 3.040 | noise: 0.298
Iter 190 | Loss: -235.045 | lengthscale: 0.320 | outputscale: 3.060 | noise: 0.295
Iter 200 | Loss: -252.557 | lengthscale: 0.318 | outputscale: 3.078 | noise: 0.291
Iter 210 | Loss: -270.216 | lengthscale: 0.317 | outputscale: 3.096 | noise: 0.287
Iter 220 | Loss: -288.043 | lengthscale: 0.316 | outputscale: 3.112 | noise: 0.284
Iter 230 | Loss: -306.042 | lengthscale: 0.314 | outputscale: 3.128 | noise: 0.280
Iter 240 | Loss: -324.212 | lengthscale: 0.313 | outputscale: 3.143 | noise: 0.276
Iter 250 | Loss: -342.540 | lengthscale: 0.312 | outputscale: 3.157 | noise: 0.272
Iter 260 | Loss: -361.037 | lengthscale: 0.311 | outputscale: 3.170 | noise: 0.269
Iter 270 | Loss: -379.685 | lengthscale: 0.310 | outputscale: 3.183 | noise: 0.265
Iter 280 | Loss: -398.477 | lengthscale: 0.309 | outputscale: 3.195 | noise: 0.261
Iter 290 | Loss: -417.389 | lengthscale: 0.308 | outputscale: 3.206 | noise: 0.257
Iter 300 | Loss: -436.438 | lengthscale: 0.307 | outputscale: 3.217 | noise: 0.253
Iter 310 | Loss: -455.582 | lengthscale: 0.307 | outputscale: 3.228 | noise: 0.249
Iter 320 | Loss: -474.813 | lengthscale: 0.306 | outputscale: 3.237 | noise: 0.246
Iter 330 | Loss: -494.123 | lengthscale: 0.305 | outputscale: 3.247 | noise: 0.242
Iter 340 | Loss: -513.487 | lengthscale: 0.304 | outputscale: 3.255 | noise: 0.238
Iter 350 | Loss: -532.894 | lengthscale: 0.304 | outputscale: 3.263 | noise: 0.234
Iter 360 | Loss: -552.336 | lengthscale: 0.303 | outputscale: 3.271 | noise: 0.230
Iter 370 | Loss: -571.769 | lengthscale: 0.302 | outputscale: 3.279 | noise: 0.227
Iter 380 | Loss: -591.190 | lengthscale: 0.302 | outputscale: 3.286 | noise: 0.223
Iter 390 | Loss: -610.573 | lengthscale: 0.301 | outputscale: 3.292 | noise: 0.219
Iter 400 | Loss: -629.910 | lengthscale: 0.301 | outputscale: 3.298 | noise: 0.216
Iter 410 | Loss: -649.174 | lengthscale: 0.300 | outputscale: 3.304 | noise: 0.212
Iter 420 | Loss: -668.342 | lengthscale: 0.300 | outputscale: 3.309 | noise: 0.209
Iter 430 | Loss: -687.383 | lengthscale: 0.299 | outputscale: 3.314 | noise: 0.205
Iter 440 | Loss: -706.297 | lengthscale: 0.299 | outputscale: 3.319 | noise: 0.202
Iter 450 | Loss: -725.040 | lengthscale: 0.298 | outputscale: 3.323 | noise: 0.198
Iter 460 | Loss: -743.609 | lengthscale: 0.298 | outputscale: 3.327 | noise: 0.195
Iter 470 | Loss: -761.977 | lengthscale: 0.297 | outputscale: 3.331 | noise: 0.192
Iter 480 | Loss: -780.106 | lengthscale: 0.297 | outputscale: 3.334 | noise: 0.188
Iter 490 | Loss: -798.004 | lengthscale: 0.297 | outputscale: 3.337 | noise: 0.185
Iter 500 | Loss: -815.609 | lengthscale: 0.296 | outputscale: 3.340 | noise: 0.182
Iter 510 | Loss: -832.927 | lengthscale: 0.296 | outputscale: 3.343 | noise: 0.179
Iter 520 | Loss: -849.938 | lengthscale: 0.296 | outputscale: 3.345 | noise: 0.176
Iter 530 | Loss: -866.621 | lengthscale: 0.295 | outputscale: 3.347 | noise: 0.173
Iter 540 | Loss: -882.927 | lengthscale: 0.295 | outputscale: 3.349 | noise: 0.170
Iter 550 | Loss: -898.888 | lengthscale: 0.295 | outputscale: 3.350 | noise: 0.167
Iter 560 | Loss: -914.420 | lengthscale: 0.294 | outputscale: 3.352 | noise: 0.165
Iter 570 | Loss: -929.547 | lengthscale: 0.294 | outputscale: 3.353 | noise: 0.162
Iter 580 | Loss: -944.260 | lengthscale: 0.294 | outputscale: 3.354 | noise: 0.159
Iter 590 | Loss: -958.510 | lengthscale: 0.294 | outputscale: 3.355 | noise: 0.157
Iter 600 | Loss: -972.303 | lengthscale: 0.293 | outputscale: 3.355 | noise: 0.154
Iter 610 | Loss: -985.659 | lengthscale: 0.293 | outputscale: 3.355 | noise: 0.152
Iter 620 | Loss: -998.512 | lengthscale: 0.293 | outputscale: 3.356 | noise: 0.150
Iter 630 | Loss: -1010.860 | lengthscale: 0.293 | outputscale: 3.355 | noise: 0.147
Iter 640 | Loss: -1022.733 | lengthscale: 0.293 | outputscale: 3.355 | noise: 0.145
Iter 650 | Loss: -1034.037 | lengthscale: 0.292 | outputscale: 3.355 | noise: 0.143
Iter 660 | Loss: -1044.879 | lengthscale: 0.292 | outputscale: 3.354 | noise: 0.141
Iter 670 | Loss: -1055.210 | lengthscale: 0.292 | outputscale: 3.354 | noise: 0.139
Iter 680 | Loss: -1065.048 | lengthscale: 0.292 | outputscale: 3.353 | noise: 0.137
Iter 690 | Loss: -1074.291 | lengthscale: 0.292 | outputscale: 3.352 | noise: 0.135
Iter 700 | Loss: -1083.073 | lengthscale: 0.292 | outputscale: 3.351 | noise: 0.133
Iter 710 | Loss: -1091.406 | lengthscale: 0.292 | outputscale: 3.350 | noise: 0.131
Iter 720 | Loss: -1099.181 | lengthscale: 0.291 | outputscale: 3.349 | noise: 0.130
Iter 730 | Loss: -1106.488 | lengthscale: 0.291 | outputscale: 3.347 | noise: 0.128
Iter 740 | Loss: -1113.302 | lengthscale: 0.291 | outputscale: 3.346 | noise: 0.127
Iter 750 | Loss: -1119.666 | lengthscale: 0.291 | outputscale: 3.345 | noise: 0.125
Iter 760 | Loss: -1125.553 | lengthscale: 0.291 | outputscale: 3.343 | noise: 0.124
Iter 770 | Loss: -1131.090 | lengthscale: 0.291 | outputscale: 3.341 | noise: 0.122
Iter 780 | Loss: -1136.127 | lengthscale: 0.291 | outputscale: 3.340 | noise: 0.121
Iter 790 | Loss: -1140.817 | lengthscale: 0.291 | outputscale: 3.338 | noise: 0.120
Iter 800 | Loss: -1145.105 | lengthscale: 0.291 | outputscale: 3.336 | noise: 0.118
Iter 810 | Loss: -1149.053 | lengthscale: 0.291 | outputscale: 3.334 | noise: 0.117
Iter 820 | Loss: -1152.697 | lengthscale: 0.290 | outputscale: 3.332 | noise: 0.116
Iter 830 | Loss: -1155.932 | lengthscale: 0.290 | outputscale: 3.330 | noise: 0.115
Iter 840 | Loss: -1158.924 | lengthscale: 0.290 | outputscale: 3.327 | noise: 0.114
Iter 850 | Loss: -1161.582 | lengthscale: 0.290 | outputscale: 3.325 | noise: 0.113
Iter 860 | Loss: -1163.974 | lengthscale: 0.290 | outputscale: 3.323 | noise: 0.113
Iter 870 | Loss: -1166.129 | lengthscale: 0.290 | outputscale: 3.321 | noise: 0.112
Iter 880 | Loss: -1168.118 | lengthscale: 0.290 | outputscale: 3.318 | noise: 0.111
Iter 890 | Loss: -1169.856 | lengthscale: 0.290 | outputscale: 3.316 | noise: 0.110
Iter 900 | Loss: -1171.464 | lengthscale: 0.290 | outputscale: 3.313 | noise: 0.109
Iter 910 | Loss: -1172.812 | lengthscale: 0.290 | outputscale: 3.311 | noise: 0.109
Iter 920 | Loss: -1174.077 | lengthscale: 0.290 | outputscale: 3.308 | noise: 0.108
Iter 930 | Loss: -1175.136 | lengthscale: 0.290 | outputscale: 3.306 | noise: 0.108
Iter 940 | Loss: -1176.091 | lengthscale: 0.290 | outputscale: 3.303 | noise: 0.107
Iter 950 | Loss: -1176.860 | lengthscale: 0.290 | outputscale: 3.301 | noise: 0.107
Iter 960 | Loss: -1177.669 | lengthscale: 0.289 | outputscale: 3.298 | noise: 0.106
Iter 970 | Loss: -1178.259 | lengthscale: 0.289 | outputscale: 3.295 | noise: 0.106
Iter 980 | Loss: -1178.854 | lengthscale: 0.289 | outputscale: 3.293 | noise: 0.105
Iter 990 | Loss: -1179.370 | lengthscale: 0.289 | outputscale: 3.290 | noise: 0.105
Iter 1000 | Loss: -1179.765 | lengthscale: 0.289 | outputscale: 3.287 | noise: 0.105
Iter 1010 | Loss: -1180.095 | lengthscale: 0.289 | outputscale: 3.285 | noise: 0.104
Iter 1020 | Loss: -1180.418 | lengthscale: 0.289 | outputscale: 3.282 | noise: 0.104
Iter 1030 | Loss: -1180.758 | lengthscale: 0.289 | outputscale: 3.279 | noise: 0.104
Iter 1040 | Loss: -1180.969 | lengthscale: 0.289 | outputscale: 3.276 | noise: 0.103
Iter 1050 | Loss: -1181.203 | lengthscale: 0.289 | outputscale: 3.274 | noise: 0.103
Iter 1060 | Loss: -1181.275 | lengthscale: 0.289 | outputscale: 3.271 | noise: 0.103
Iter 1070 | Loss: -1181.566 | lengthscale: 0.289 | outputscale: 3.268 | noise: 0.103
Iter 1080 | Loss: -1181.635 | lengthscale: 0.289 | outputscale: 3.265 | noise: 0.102
Iter 1090 | Loss: -1181.827 | lengthscale: 0.289 | outputscale: 3.262 | noise: 0.102
Iter 1100 | Loss: -1181.910 | lengthscale: 0.289 | outputscale: 3.259 | noise: 0.102
Iter 1110 | Loss: -1181.966 | lengthscale: 0.289 | outputscale: 3.256 | noise: 0.102
Iter 1120 | Loss: -1182.033 | lengthscale: 0.289 | outputscale: 3.254 | noise: 0.102
Iter 1130 | Loss: -1182.113 | lengthscale: 0.288 | outputscale: 3.251 | noise: 0.102
Iter 1140 | Loss: -1182.096 | lengthscale: 0.288 | outputscale: 3.248 | noise: 0.102
Iter 1150 | Loss: -1182.154 | lengthscale: 0.288 | outputscale: 3.245 | noise: 0.101
Iter 1160 | Loss: -1182.170 | lengthscale: 0.288 | outputscale: 3.241 | noise: 0.101
Iter 1170 | Loss: -1182.205 | lengthscale: 0.288 | outputscale: 3.238 | noise: 0.101
Iter 1180 | Loss: -1182.214 | lengthscale: 0.288 | outputscale: 3.236 | noise: 0.101
Iter 1190 | Loss: -1182.172 | lengthscale: 0.288 | outputscale: 3.233 | noise: 0.101
Iter 1200 | Loss: -1182.276 | lengthscale: 0.288 | outputscale: 3.230 | noise: 0.101
Iter 1210 | Loss: -1182.291 | lengthscale: 0.288 | outputscale: 3.227 | noise: 0.101
Iter 1220 | Loss: -1182.271 | lengthscale: 0.288 | outputscale: 3.224 | noise: 0.101
Iter 1230 | Loss: -1182.360 | lengthscale: 0.288 | outputscale: 3.221 | noise: 0.101
Iter 1240 | Loss: -1182.352 | lengthscale: 0.288 | outputscale: 3.217 | noise: 0.101
Iter 1250 | Loss: -1182.377 | lengthscale: 0.288 | outputscale: 3.214 | noise: 0.101
Iter 1260 | Loss: -1182.310 | lengthscale: 0.288 | outputscale: 3.211 | noise: 0.101
Iter 1270 | Loss: -1182.319 | lengthscale: 0.288 | outputscale: 3.208 | noise: 0.101
Iter 1280 | Loss: -1182.311 | lengthscale: 0.288 | outputscale: 3.205 | noise: 0.101
Iter 1290 | Loss: -1182.358 | lengthscale: 0.288 | outputscale: 3.203 | noise: 0.101
Iter 1300 | Loss: -1182.379 | lengthscale: 0.287 | outputscale: 3.200 | noise: 0.101
Iter 1310 | Loss: -1182.401 | lengthscale: 0.287 | outputscale: 3.197 | noise: 0.100
Iter 1320 | Loss: -1182.418 | lengthscale: 0.287 | outputscale: 3.194 | noise: 0.100
Iter 1330 | Loss: -1182.440 | lengthscale: 0.287 | outputscale: 3.191 | noise: 0.100
Iter 1340 | Loss: -1182.424 | lengthscale: 0.287 | outputscale: 3.188 | noise: 0.100
Iter 1350 | Loss: -1182.428 | lengthscale: 0.287 | outputscale: 3.185 | noise: 0.100
Iter 1360 | Loss: -1182.394 | lengthscale: 0.287 | outputscale: 3.182 | noise: 0.100
Iter 1370 | Loss: -1182.426 | lengthscale: 0.287 | outputscale: 3.179 | noise: 0.100
Iter 1380 | Loss: -1182.382 | lengthscale: 0.287 | outputscale: 3.177 | noise: 0.100
Iter 1390 | Loss: -1182.397 | lengthscale: 0.287 | outputscale: 3.174 | noise: 0.100
Iter 1400 | Loss: -1182.411 | lengthscale: 0.287 | outputscale: 3.171 | noise: 0.100
Iter 1410 | Loss: -1182.412 | lengthscale: 0.287 | outputscale: 3.168 | noise: 0.100
Iter 1420 | Loss: -1182.438 | lengthscale: 0.287 | outputscale: 3.165 | noise: 0.100
Iter 1430 | Loss: -1182.370 | lengthscale: 0.287 | outputscale: 3.162 | noise: 0.100
Iter 1440 | Loss: -1182.397 | lengthscale: 0.287 | outputscale: 3.159 | noise: 0.100
Iter 1450 | Loss: -1182.413 | lengthscale: 0.286 | outputscale: 3.156 | noise: 0.100
Iter 1460 | Loss: -1182.457 | lengthscale: 0.286 | outputscale: 3.153 | noise: 0.100
Iter 1470 | Loss: -1182.420 | lengthscale: 0.286 | outputscale: 3.149 | noise: 0.100
Iter 1480 | Loss: -1182.426 | lengthscale: 0.286 | outputscale: 3.146 | noise: 0.100
Iter 1490 | Loss: -1182.356 | lengthscale: 0.286 | outputscale: 3.143 | noise: 0.100
Iter 1500 | Loss: -1182.403 | lengthscale: 0.286 | outputscale: 3.140 | noise: 0.100
Iter 1510 | Loss: -1182.376 | lengthscale: 0.286 | outputscale: 3.137 | noise: 0.100
Iter 1520 | Loss: -1182.393 | lengthscale: 0.286 | outputscale: 3.134 | noise: 0.100
Iter 1530 | Loss: -1182.470 | lengthscale: 0.286 | outputscale: 3.132 | noise: 0.100
Iter 1540 | Loss: -1182.346 | lengthscale: 0.286 | outputscale: 3.129 | noise: 0.100
Iter 1550 | Loss: -1182.417 | lengthscale: 0.286 | outputscale: 3.126 | noise: 0.100
Iter 1560 | Loss: -1182.444 | lengthscale: 0.286 | outputscale: 3.123 | noise: 0.100
Iter 1570 | Loss: -1182.377 | lengthscale: 0.286 | outputscale: 3.120 | noise: 0.100
Iter 1580 | Loss: -1182.455 | lengthscale: 0.286 | outputscale: 3.117 | noise: 0.100
Iter 1590 | Loss: -1182.450 | lengthscale: 0.286 | outputscale: 3.114 | noise: 0.100
Iter 1600 | Loss: -1182.464 | lengthscale: 0.285 | outputscale: 3.110 | noise: 0.100
Iter 1610 | Loss: -1182.484 | lengthscale: 0.285 | outputscale: 3.107 | noise: 0.100
Iter 1620 | Loss: -1182.488 | lengthscale: 0.285 | outputscale: 3.104 | noise: 0.100
Iter 1630 | Loss: -1182.470 | lengthscale: 0.285 | outputscale: 3.101 | noise: 0.100
Iter 1640 | Loss: -1182.437 | lengthscale: 0.285 | outputscale: 3.098 | noise: 0.100
Iter 1650 | Loss: -1182.510 | lengthscale: 0.285 | outputscale: 3.095 | noise: 0.100
Iter 1660 | Loss: -1182.553 | lengthscale: 0.285 | outputscale: 3.091 | noise: 0.100
Iter 1670 | Loss: -1182.463 | lengthscale: 0.285 | outputscale: 3.088 | noise: 0.100
Iter 1680 | Loss: -1182.461 | lengthscale: 0.285 | outputscale: 3.085 | noise: 0.100
Iter 1690 | Loss: -1182.492 | lengthscale: 0.285 | outputscale: 3.082 | noise: 0.100
Iter 1700 | Loss: -1182.523 | lengthscale: 0.285 | outputscale: 3.079 | noise: 0.100
Iter 1710 | Loss: -1182.536 | lengthscale: 0.285 | outputscale: 3.076 | noise: 0.100
Iter 1720 | Loss: -1182.471 | lengthscale: 0.285 | outputscale: 3.073 | noise: 0.100
Iter 1730 | Loss: -1182.498 | lengthscale: 0.285 | outputscale: 3.070 | noise: 0.100
Iter 1740 | Loss: -1182.497 | lengthscale: 0.284 | outputscale: 3.067 | noise: 0.100
Iter 1750 | Loss: -1182.564 | lengthscale: 0.284 | outputscale: 3.064 | noise: 0.100
Iter 1760 | Loss: -1182.519 | lengthscale: 0.284 | outputscale: 3.060 | noise: 0.100
Iter 1770 | Loss: -1182.568 | lengthscale: 0.284 | outputscale: 3.057 | noise: 0.100
Iter 1780 | Loss: -1182.541 | lengthscale: 0.284 | outputscale: 3.054 | noise: 0.100
Iter 1790 | Loss: -1182.521 | lengthscale: 0.284 | outputscale: 3.051 | noise: 0.100
Iter 1800 | Loss: -1182.566 | lengthscale: 0.284 | outputscale: 3.048 | noise: 0.100
Iter 1810 | Loss: -1182.503 | lengthscale: 0.284 | outputscale: 3.044 | noise: 0.100
Iter 1820 | Loss: -1182.562 | lengthscale: 0.284 | outputscale: 3.041 | noise: 0.100
Iter 1830 | Loss: -1182.543 | lengthscale: 0.284 | outputscale: 3.038 | noise: 0.100
Iter 1840 | Loss: -1182.539 | lengthscale: 0.284 | outputscale: 3.035 | noise: 0.100
Iter 1850 | Loss: -1182.479 | lengthscale: 0.284 | outputscale: 3.032 | noise: 0.100
Iter 1860 | Loss: -1182.544 | lengthscale: 0.284 | outputscale: 3.028 | noise: 0.100
Iter 1870 | Loss: -1182.556 | lengthscale: 0.283 | outputscale: 3.025 | noise: 0.100
Iter 1880 | Loss: -1182.530 | lengthscale: 0.283 | outputscale: 3.022 | noise: 0.100
Iter 1890 | Loss: -1182.563 | lengthscale: 0.283 | outputscale: 3.019 | noise: 0.100
Iter 1900 | Loss: -1182.565 | lengthscale: 0.283 | outputscale: 3.016 | noise: 0.100
Iter 1910 | Loss: -1182.470 | lengthscale: 0.283 | outputscale: 3.012 | noise: 0.100
Iter 1920 | Loss: -1182.565 | lengthscale: 0.283 | outputscale: 3.009 | noise: 0.100
Iter 1930 | Loss: -1182.518 | lengthscale: 0.283 | outputscale: 3.006 | noise: 0.100
Iter 1940 | Loss: -1182.549 | lengthscale: 0.283 | outputscale: 3.003 | noise: 0.100
Iter 1950 | Loss: -1182.493 | lengthscale: 0.283 | outputscale: 3.000 | noise: 0.100
Iter 1960 | Loss: -1182.537 | lengthscale: 0.283 | outputscale: 2.997 | noise: 0.100
Iter 1970 | Loss: -1182.527 | lengthscale: 0.283 | outputscale: 2.994 | noise: 0.100
Iter 1980 | Loss: -1182.531 | lengthscale: 0.283 | outputscale: 2.991 | noise: 0.100
Iter 1990 | Loss: -1182.510 | lengthscale: 0.283 | outputscale: 2.988 | noise: 0.100
Iter 2000 | Loss: -1182.521 | lengthscale: 0.282 | outputscale: 2.985 | noise: 0.100
Iter 2010 | Loss: -1182.514 | lengthscale: 0.282 | outputscale: 2.981 | noise: 0.100
Iter 2020 | Loss: -1182.595 | lengthscale: 0.282 | outputscale: 2.978 | noise: 0.100
Iter 2030 | Loss: -1182.598 | lengthscale: 0.282 | outputscale: 2.975 | noise: 0.100
Iter 2040 | Loss: -1182.562 | lengthscale: 0.282 | outputscale: 2.972 | noise: 0.100
Iter 2050 | Loss: -1182.643 | lengthscale: 0.282 | outputscale: 2.969 | noise: 0.100
Iter 2060 | Loss: -1182.546 | lengthscale: 0.282 | outputscale: 2.966 | noise: 0.100
Iter 2070 | Loss: -1182.543 | lengthscale: 0.282 | outputscale: 2.963 | noise: 0.100
Iter 2080 | Loss: -1182.555 | lengthscale: 0.282 | outputscale: 2.960 | noise: 0.100
Iter 2090 | Loss: -1182.569 | lengthscale: 0.282 | outputscale: 2.957 | noise: 0.100
Iter 2100 | Loss: -1182.558 | lengthscale: 0.282 | outputscale: 2.954 | noise: 0.100
Iter 2110 | Loss: -1182.582 | lengthscale: 0.282 | outputscale: 2.950 | noise: 0.100
Iter 2120 | Loss: -1182.571 | lengthscale: 0.282 | outputscale: 2.947 | noise: 0.100
Iter 2130 | Loss: -1182.519 | lengthscale: 0.281 | outputscale: 2.944 | noise: 0.100
Iter 2140 | Loss: -1182.549 | lengthscale: 0.281 | outputscale: 2.940 | noise: 0.100
Iter 2150 | Loss: -1182.545 | lengthscale: 0.281 | outputscale: 2.937 | noise: 0.100
Iter 2160 | Loss: -1182.541 | lengthscale: 0.281 | outputscale: 2.934 | noise: 0.100
Iter 2170 | Loss: -1182.585 | lengthscale: 0.281 | outputscale: 2.931 | noise: 0.100
Iter 2180 | Loss: -1182.502 | lengthscale: 0.281 | outputscale: 2.927 | noise: 0.100
Iter 2190 | Loss: -1182.625 | lengthscale: 0.281 | outputscale: 2.924 | noise: 0.100
Iter 2200 | Loss: -1182.542 | lengthscale: 0.281 | outputscale: 2.921 | noise: 0.100
Iter 2210 | Loss: -1182.551 | lengthscale: 0.281 | outputscale: 2.918 | noise: 0.100
Iter 2220 | Loss: -1182.607 | lengthscale: 0.281 | outputscale: 2.915 | noise: 0.100
Iter 2230 | Loss: -1182.611 | lengthscale: 0.281 | outputscale: 2.912 | noise: 0.100
Iter 2240 | Loss: -1182.629 | lengthscale: 0.281 | outputscale: 2.909 | noise: 0.100
Iter 2250 | Loss: -1182.562 | lengthscale: 0.281 | outputscale: 2.906 | noise: 0.100
Iter 2260 | Loss: -1182.590 | lengthscale: 0.280 | outputscale: 2.903 | noise: 0.100
Iter 2270 | Loss: -1182.614 | lengthscale: 0.280 | outputscale: 2.900 | noise: 0.100
Iter 2280 | Loss: -1182.612 | lengthscale: 0.280 | outputscale: 2.897 | noise: 0.100
Iter 2290 | Loss: -1182.676 | lengthscale: 0.280 | outputscale: 2.894 | noise: 0.100
Iter 2300 | Loss: -1182.625 | lengthscale: 0.280 | outputscale: 2.891 | noise: 0.100
Iter 2310 | Loss: -1182.616 | lengthscale: 0.280 | outputscale: 2.887 | noise: 0.100
Iter 2320 | Loss: -1182.643 | lengthscale: 0.280 | outputscale: 2.884 | noise: 0.100
Iter 2330 | Loss: -1182.641 | lengthscale: 0.280 | outputscale: 2.881 | noise: 0.100
Iter 2340 | Loss: -1182.595 | lengthscale: 0.280 | outputscale: 2.878 | noise: 0.100
Iter 2350 | Loss: -1182.606 | lengthscale: 0.280 | outputscale: 2.875 | noise: 0.100
Iter 2360 | Loss: -1182.599 | lengthscale: 0.280 | outputscale: 2.871 | noise: 0.100
Iter 2370 | Loss: -1182.631 | lengthscale: 0.280 | outputscale: 2.868 | noise: 0.100
Iter 2380 | Loss: -1182.565 | lengthscale: 0.280 | outputscale: 2.865 | noise: 0.100
Iter 2390 | Loss: -1182.586 | lengthscale: 0.279 | outputscale: 2.862 | noise: 0.100
Iter 2400 | Loss: -1182.592 | lengthscale: 0.279 | outputscale: 2.859 | noise: 0.100
Iter 2410 | Loss: -1182.648 | lengthscale: 0.279 | outputscale: 2.856 | noise: 0.100
Iter 2420 | Loss: -1182.644 | lengthscale: 0.279 | outputscale: 2.853 | noise: 0.100
Iter 2430 | Loss: -1182.638 | lengthscale: 0.279 | outputscale: 2.850 | noise: 0.100
Iter 2440 | Loss: -1182.630 | lengthscale: 0.279 | outputscale: 2.847 | noise: 0.100
Iter 2450 | Loss: -1182.635 | lengthscale: 0.279 | outputscale: 2.844 | noise: 0.100
Iter 2460 | Loss: -1182.676 | lengthscale: 0.279 | outputscale: 2.841 | noise: 0.100
Iter 2470 | Loss: -1182.672 | lengthscale: 0.279 | outputscale: 2.838 | noise: 0.100
Iter 2480 | Loss: -1182.620 | lengthscale: 0.279 | outputscale: 2.835 | noise: 0.100
Iter 2490 | Loss: -1182.723 | lengthscale: 0.279 | outputscale: 2.832 | noise: 0.100
Iter 2499 | Loss: -1182.678 | lengthscale: 0.279 | outputscale: 2.829 | noise: 0.100
Learned Hyperparams:  {'lengthscale': 0.2785927653312683, 'outputscale': 2.829432725906372, 'noise': 0.10026518255472183, 'marginal_likelihood_loss_history': [17610.826171875, 17240.849609375, 16878.94140625, 16523.50390625, 16174.95703125, 15834.0244140625, 15499.140625, 15170.392578125, 14848.4189453125, 14532.408203125, 14222.646484375, 13918.7607421875, 13620.611328125, 13328.9326171875, 13042.583984375, 12761.849609375, 12486.78125, 12216.947265625, 11952.3779296875, 11692.92578125, 11438.240234375, 11187.6318359375, 10940.513671875, 10695.7138671875, 10452.9140625, 10210.37109375, 9966.12109375, 9718.865234375, 9466.84765625, 9207.5517578125, 8939.5771484375, 8660.7861328125, 8370.6201171875, 8066.89306640625, 7753.10302734375, 7429.26220703125, 7097.7333984375, 6762.25, 6427.2548828125, 6097.5380859375, 5777.76806640625, 5472.5205078125, 5185.7509765625, 4920.1298828125, 4677.1279296875, 4457.47705078125, 4260.43359375, 4084.8671875, 3928.9462890625, 3789.8525390625, 3665.4169921875, 3553.31298828125, 3451.03759765625, 3356.90966796875, 3268.900146484375, 3185.3798828125, 3104.83056640625, 3026.0634765625, 2947.974609375, 2869.560546875, 2789.943359375, 2708.0126953125, 2623.044677734375, 2534.24462890625, 2440.6640625, 2341.54443359375, 2236.28466796875, 2124.29541015625, 2005.339599609375, 1879.5238037109375, 1747.3216552734375, 1609.8499755859375, 1468.751220703125, 1326.08056640625, 1184.3826904296875, 1046.3858642578125, 914.7789306640625, 791.759033203125, 679.0177001953125, 577.5384521484375, 487.6298828125, 409.004150390625, 340.9620361328125, 282.509765625, 232.5517578125, 189.9613037109375, 153.6781005859375, 122.7412109375, 96.308837890625, 73.650390625, 54.1531982421875, 37.293701171875, 22.6507568359375, 9.8602294921875, -1.3741455078125, -11.2943115234375, -20.109375, -27.9857177734375, -35.06298828125, -41.4613037109375, -47.2752685546875, -52.5897216796875, -57.474609375, -61.9837646484375, -66.1719970703125, -70.0780029296875, -73.7408447265625, -77.1864013671875, -80.4444580078125, -83.54052734375, -86.484375, -89.303955078125, -92.0068359375, -94.6131591796875, -97.1253662109375, -99.5601806640625, -101.9188232421875, -104.2154541015625, -106.45947265625, -108.643798828125, -110.7884521484375, -112.88916015625, -114.9520263671875, -116.98681640625, -118.987060546875, -120.959228515625, -122.907470703125, -124.8297119140625, -126.7393798828125, -128.625, -130.490478515625, -132.3499755859375, -134.1915283203125, -136.016357421875, -137.8336181640625, -139.64306640625, -141.439697265625, -143.2325439453125, -145.013427734375, -146.7838134765625, -148.5543212890625, -150.313720703125, -152.074462890625, -153.8258056640625, -155.5714111328125, -157.3175048828125, -159.05810546875, -160.7994384765625, -162.5299072265625, -164.2628173828125, -165.9981689453125, -167.721923828125, -169.449462890625, -171.173095703125, -172.8946533203125, -174.620849609375, -176.3441162109375, -178.06396484375, -179.7838134765625, -181.5067138671875, -183.2232666015625, -184.942626953125, -186.6602783203125, -188.37939453125, -190.101806640625, -191.8175048828125, -193.53857421875, -195.2591552734375, -196.980224609375, -198.6993408203125, -200.4189453125, -202.144775390625, -203.8631591796875, -205.59033203125, -207.3154296875, -209.04052734375, -210.760986328125, -212.4940185546875, -214.2210693359375, -215.94873046875, -217.6776123046875, -219.4124755859375, -221.1419677734375, -222.873291015625, -224.6103515625, -226.349609375, -228.0836181640625, -229.8248291015625, -231.5657958984375, -233.3004150390625, -235.044921875, -236.7911376953125, -238.5406494140625, -240.281494140625, -242.0294189453125, -243.7818603515625, -245.5357666015625, -247.281494140625, -249.03759765625, -250.79736328125, -252.5572509765625, -254.3101806640625, -256.073486328125, -257.8309326171875, -259.5975341796875, -261.3670654296875, -263.1314697265625, -264.89599609375, -266.6710205078125, -268.4420166015625, -270.215576171875, -271.9896240234375, -273.7650146484375, -275.5433349609375, -277.32568359375, -279.10693359375, -280.8953857421875, -282.673828125, -284.4671630859375, -286.2537841796875, -288.04296875, -289.8409423828125, -291.6329345703125, -293.4219970703125, -295.2215576171875, -297.023681640625, -298.82080078125, -300.626953125, -302.4296875, -304.234619140625, -306.04150390625, -307.8524169921875, -309.666259765625, -311.4755859375, -313.2880859375, -315.1033935546875, -316.9215087890625, -318.7412109375, -320.564697265625, -322.3836669921875, -324.212158203125, -326.0386962890625, -327.868408203125, -329.6917724609375, -331.5279541015625, -333.356201171875, -335.1881103515625, -337.026123046875, -338.866943359375, -340.7015380859375, -342.5400390625, -344.3829345703125, -346.2308349609375, -348.0787353515625, -349.9239501953125, -351.772216796875, -353.6224365234375, -355.4774169921875, -357.32666015625, -359.1806640625, -361.0367431640625, -362.8980712890625, -364.7545166015625, -366.6142578125, -368.4776611328125, -370.3438720703125, -372.2061767578125, -374.0819091796875, -375.9425048828125, -377.8153076171875, -379.68505859375, -381.5546875, -383.4322509765625, -385.3114013671875, -387.1885986328125, -389.0655517578125, -390.94140625, -392.826416015625, -394.70849609375, -396.5867919921875, -398.4766845703125, -400.3619384765625, -402.2513427734375, -404.1343994140625, -406.03271484375, -407.9171142578125, -409.8135986328125, -411.7037353515625, -413.5997314453125, -415.496826171875, -417.3892822265625, -419.29345703125, -421.1937255859375, -423.09033203125, -424.9920654296875, -426.899169921875, -428.7996826171875, -430.7052001953125, -432.6148681640625, -434.5281982421875, -436.4376220703125, -438.341064453125, -440.259033203125, -442.168212890625, -444.078369140625, -445.9881591796875, -447.9039306640625, -449.82470703125, -451.7391357421875, -453.6580810546875, -455.581787109375, -457.499267578125, -459.4205322265625, -461.3397216796875, -463.2603759765625, -465.187255859375, -467.10546875, -469.0340576171875, -470.962158203125, -472.8885498046875, -474.8133544921875, -476.7376708984375, -478.66650390625, -480.5989990234375, -482.5245361328125, -484.4544677734375, -486.3941650390625, -488.3240966796875, -490.25732421875, -492.1878662109375, -494.1226806640625, -496.0504150390625, -497.9947509765625, -499.9285888671875, -501.86328125, -503.8004150390625, -505.7437744140625, -507.6763916015625, -509.6151123046875, -511.545166015625, -513.4866943359375, -515.426513671875, -517.36376953125, -519.3079833984375, -521.2427978515625, -523.1839599609375, -525.1334228515625, -527.069580078125, -529.015869140625, -530.95166015625, -532.894287109375, -534.843505859375, -536.7838134765625, -538.719970703125, -540.6697998046875, -542.6151123046875, -544.552490234375, -546.4954833984375, -548.447021484375, -550.3887939453125, -552.3359375, -554.2716064453125, -556.22021484375, -558.1539306640625, -560.1009521484375, -562.0452880859375, -563.98779296875, -565.9365234375, -567.8748779296875, -569.824462890625, -571.769287109375, -573.7147216796875, -575.652587890625, -577.6026611328125, -579.5333251953125, -581.481689453125, -583.4287109375, -585.364013671875, -587.3021240234375, -589.248291015625, -591.1904296875, -593.1212158203125, -595.06787109375, -597.014404296875, -598.9510498046875, -600.8907470703125, -602.8216552734375, -604.7735595703125, -606.7015380859375, -608.63330078125, -610.5728759765625, -612.5101318359375, -614.44482421875, -616.3857421875, -618.3167724609375, -620.2486572265625, -622.1822509765625, -624.1156005859375, -626.0499267578125, -627.9759521484375, -629.91015625, -631.83935546875, -633.7762451171875, -635.70361328125, -637.622314453125, -639.5523681640625, -641.4818115234375, -643.4061279296875, -645.3360595703125, -647.2523193359375, -649.1741943359375, -651.08740234375, -653.0074462890625, -654.933837890625, -656.8529052734375, -658.7703857421875, -660.6881103515625, -662.5902099609375, -664.5184326171875, -666.422607421875, -668.3419189453125, -670.2518310546875, -672.1529541015625, -674.0657958984375, -675.9759521484375, -677.8773193359375, -679.7879638671875, -681.6842041015625, -683.5936279296875, -685.4871826171875, -687.3831787109375, -689.2801513671875, -691.1766357421875, -693.0775146484375, -694.9710693359375, -696.8521728515625, -698.7606201171875, -700.6353759765625, -702.5294189453125, -704.4024658203125, -706.2974853515625, -708.1820068359375, -710.0562744140625, -711.9337158203125, -713.8111572265625, -715.6968994140625, -717.5697021484375, -719.4381103515625, -721.3114013671875, -723.1715087890625, -725.0401611328125, -726.9139404296875, -728.7786865234375, -730.6363525390625, -732.4930419921875, -734.3514404296875, -736.2044677734375, -738.0609130859375, -739.9063720703125, -741.7532958984375, -743.6090087890625, -745.4605712890625, -747.2972412109375, -749.1368408203125, -750.9820556640625, -752.8138427734375, -754.6551513671875, -756.4810791015625, -758.3118896484375, -760.1480712890625, -761.9766845703125, -763.8018798828125, -765.6175537109375, -767.4310302734375, -769.2581787109375, -771.0653076171875, -772.8865966796875, -774.6978759765625, -776.4971923828125, -778.3001708984375, -780.1058349609375, -781.9012451171875, -783.7071533203125, -785.4979248046875, -787.2921142578125, -789.0987548828125, -790.8807373046875, -792.6695556640625, -794.4520263671875, -796.2147216796875, -798.0037841796875, -799.7784423828125, -801.5491943359375, -803.3148193359375, -805.0850830078125, -806.8443603515625, -808.6094970703125, -810.3665771484375, -812.1202392578125, -813.8602294921875, -815.6087646484375, -817.3582763671875, -819.0985107421875, -820.8529052734375, -822.5755615234375, -824.3121337890625, -826.0455322265625, -827.7735595703125, -829.4906005859375, -831.2032470703125, -832.9268798828125, -834.6593017578125, -836.3646240234375, -838.0736083984375, -839.7740478515625, -841.4774169921875, -843.1812744140625, -844.8787841796875, -846.5618896484375, -848.2513427734375, -849.9381103515625, -851.6336669921875, -853.2967529296875, -854.9835205078125, -856.6531982421875, -858.3140869140625, -859.9974365234375, -861.6397705078125, -863.3057861328125, -864.9666748046875, -866.6214599609375, -868.2601318359375, -869.9110107421875, -871.5445556640625, -873.1829833984375, -874.8094482421875, -876.4539794921875, -878.0828857421875, -879.7005615234375, -881.3145751953125, -882.9271240234375, -884.5462646484375, -886.1505126953125, -887.7628173828125, -889.3428955078125, -890.9534912109375, -892.5345458984375, -894.1331787109375, -895.7088623046875, -897.3038330078125, -898.8875732421875, -900.4471435546875, -902.0164794921875, -903.5865478515625, -905.1463623046875, -906.7020263671875, -908.2591552734375, -909.7965087890625, -911.3414306640625, -912.8790283203125, -914.4202880859375, -915.9456787109375, -917.4840087890625, -919.0076904296875, -920.5250244140625, -922.0447998046875, -923.5533447265625, -925.0528564453125, -926.5523681640625, -928.0555419921875, -929.5472412109375, -931.0604248046875, -932.5289306640625, -934.0145263671875, -935.4852294921875, -936.9620361328125, -938.4322509765625, -939.8983154296875, -941.3563232421875, -942.8114013671875, -944.2598876953125, -945.7093505859375, -947.1448974609375, -948.5999755859375, -950.0330810546875, -951.4344482421875, -952.8836669921875, -954.3118896484375, -955.7193603515625, -957.1268310546875, -958.5098876953125, -959.9310302734375, -961.3187255859375, -962.7044677734375, -964.0902099609375, -965.4727783203125, -966.8607177734375, -968.2213134765625, -969.6053466796875, -970.9739990234375, -972.3031005859375, -973.6737060546875, -975.0208740234375, -976.3668212890625, -977.7274169921875, -979.0570068359375, -980.3863525390625, -981.7044677734375, -983.0289306640625, -984.3424072265625, -985.6585693359375, -986.9532470703125, -988.2633056640625, -989.5494384765625, -990.8572998046875, -992.1507568359375, -993.4176025390625, -994.6951904296875, -995.9827880859375, -997.2366943359375, -998.5115966796875, -999.7645263671875, -1000.9935302734375, -1002.2659912109375, -1003.5125732421875, -1004.7567138671875, -1005.9754638671875, -1007.2186279296875, -1008.4095458984375, -1009.6282958984375, -1010.8604736328125, -1012.0753173828125, -1013.2696533203125, -1014.4539794921875, -1015.6651611328125, -1016.8485107421875, -1018.0311279296875, -1019.2213134765625, -1020.3785400390625, -1021.5584716796875, -1022.7327880859375, -1023.8480224609375, -1025.0423583984375, -1026.1771240234375, -1027.3099365234375, -1028.4390869140625, -1029.5906982421875, -1030.7271728515625, -1031.8345947265625, -1032.9156494140625, -1034.0372314453125, -1035.1292724609375, -1036.2796630859375, -1037.3675537109375, -1038.4364013671875, -1039.5252685546875, -1040.5931396484375, -1041.6607666015625, -1042.7362060546875, -1043.8099365234375, -1044.8787841796875, -1045.9244384765625, -1046.9798583984375, -1048.0482177734375, -1049.0748291015625, -1050.1187744140625, -1051.1451416015625, -1052.1612548828125, -1053.1890869140625, -1054.2000732421875, -1055.2103271484375, -1056.2327880859375, -1057.2423095703125, -1058.2130126953125, -1059.2139892578125, -1060.2022705078125, -1061.1859130859375, -1062.1400146484375, -1063.1221923828125, -1064.0831298828125, -1065.0477294921875, -1065.9849853515625, -1066.9393310546875, -1067.8536376953125, -1068.7869873046875, -1069.7161865234375, -1070.6636962890625, -1071.5714111328125, -1072.5013427734375, -1073.4305419921875, -1074.2908935546875, -1075.2227783203125, -1076.0994873046875, -1077.0137939453125, -1077.9107666015625, -1078.7725830078125, -1079.6361083984375, -1080.4945068359375, -1081.3765869140625, -1082.2198486328125, -1083.0731201171875, -1083.9344482421875, -1084.7735595703125, -1085.6265869140625, -1086.4732666015625, -1087.3114013671875, -1088.1705322265625, -1088.9476318359375, -1089.7838134765625, -1090.5321044921875, -1091.4061279296875, -1092.1722412109375, -1092.9957275390625, -1093.7635498046875, -1094.5809326171875, -1095.3746337890625, -1096.1214599609375, -1096.9090576171875, -1097.6551513671875, -1098.4066162109375, -1099.1812744140625, -1099.9332275390625, -1100.6539306640625, -1101.4461669921875, -1102.1510009765625, -1102.8751220703125, -1103.5921630859375, -1104.3211669921875, -1105.0352783203125, -1105.7886962890625, -1106.4879150390625, -1107.1849365234375, -1107.8868408203125, -1108.5770263671875, -1109.2628173828125, -1109.9696044921875, -1110.6334228515625, -1111.3370361328125, -1111.9810791015625, -1112.6676025390625, -1113.3021240234375, -1113.9898681640625, -1114.6693115234375, -1115.2972412109375, -1115.9114990234375, -1116.5616455078125, -1117.1815185546875, -1117.8140869140625, -1118.4478759765625, -1119.0872802734375, -1119.6656494140625, -1120.3167724609375, -1120.8592529296875, -1121.5025634765625, -1122.0823974609375, -1122.6734619140625, -1123.2305908203125, -1123.8358154296875, -1124.4227294921875, -1125.0328369140625, -1125.5528564453125, -1126.1334228515625, -1126.6966552734375, -1127.2906494140625, -1127.8079833984375, -1128.3563232421875, -1128.9185791015625, -1129.4451904296875, -1130.0352783203125, -1130.5638427734375, -1131.0904541015625, -1131.6351318359375, -1132.1871337890625, -1132.6651611328125, -1133.1746826171875, -1133.6939697265625, -1134.1829833984375, -1134.6585693359375, -1135.1710205078125, -1135.6575927734375, -1136.1273193359375, -1136.6265869140625, -1137.1287841796875, -1137.5970458984375, -1138.0401611328125, -1138.5140380859375, -1138.9732666015625, -1139.4256591796875, -1139.8939208984375, -1140.3204345703125, -1140.8167724609375, -1141.2349853515625, -1141.6649169921875, -1142.1334228515625, -1142.5721435546875, -1143.0064697265625, -1143.4312744140625, -1143.8555908203125, -1144.2879638671875, -1144.6844482421875, -1145.1048583984375, -1145.5164794921875, -1145.9478759765625, -1146.3238525390625, -1146.7728271484375, -1147.1690673828125, -1147.5579833984375, -1147.9246826171875, -1148.2996826171875, -1148.6702880859375, -1149.0531005859375, -1149.4605712890625, -1149.8641357421875, -1150.1776123046875, -1150.5587158203125, -1150.9088134765625, -1151.2867431640625, -1151.6065673828125, -1151.9617919921875, -1152.3480224609375, -1152.6968994140625, -1153.0032958984375, -1153.3861083984375, -1153.6888427734375, -1154.0120849609375, -1154.3436279296875, -1154.6195068359375, -1154.9564208984375, -1155.3216552734375, -1155.6146240234375, -1155.9320068359375, -1156.2283935546875, -1156.5399169921875, -1156.8182373046875, -1157.1309814453125, -1157.4075927734375, -1157.7235107421875, -1157.9940185546875, -1158.3199462890625, -1158.5657958984375, -1158.9244384765625, -1159.1651611328125, -1159.4444580078125, -1159.7144775390625, -1159.9481201171875, -1160.2542724609375, -1160.5604248046875, -1160.7957763671875, -1161.0477294921875, -1161.2630615234375, -1161.5819091796875, -1161.8209228515625, -1162.1119384765625, -1162.3099365234375, -1162.5306396484375, -1162.7706298828125, -1163.0721435546875, -1163.2506103515625, -1163.5079345703125, -1163.7659912109375, -1163.9739990234375, -1164.1927490234375, -1164.5030517578125, -1164.6983642578125, -1164.8411865234375, -1165.1324462890625, -1165.3148193359375, -1165.5540771484375, -1165.7786865234375, -1166.0164794921875, -1166.1290283203125, -1166.3751220703125, -1166.5804443359375, -1166.8118896484375, -1166.9759521484375, -1167.1978759765625, -1167.3756103515625, -1167.5413818359375, -1167.7728271484375, -1167.9002685546875, -1168.1180419921875, -1168.3118896484375, -1168.5152587890625, -1168.6600341796875, -1168.9027099609375, -1169.0372314453125, -1169.2281494140625, -1169.4249267578125, -1169.5174560546875, -1169.6697998046875, -1169.8555908203125, -1170.0838623046875, -1170.2000732421875, -1170.3870849609375, -1170.5689697265625, -1170.7796630859375, -1170.8848876953125, -1171.0445556640625, -1171.1085205078125, -1171.2816162109375, -1171.4642333984375, -1171.5745849609375, -1171.7191162109375, -1171.8453369140625, -1171.9927978515625, -1172.1263427734375, -1172.2413330078125, -1172.4676513671875, -1172.5819091796875, -1172.7537841796875, -1172.8118896484375, -1172.9461669921875, -1173.0565185546875, -1173.2059326171875, -1173.3209228515625, -1173.4825439453125, -1173.5701904296875, -1173.7066650390625, -1173.7987060546875, -1173.9447021484375, -1174.0767822265625, -1174.1966552734375, -1174.2586669921875, -1174.4439697265625, -1174.5194091796875, -1174.6038818359375, -1174.7703857421875, -1174.8477783203125, -1174.8946533203125, -1175.0347900390625, -1175.1358642578125, -1175.2196044921875, -1175.3111572265625, -1175.4337158203125, -1175.5716552734375, -1175.5955810546875, -1175.7735595703125, -1175.8343505859375, -1175.9310302734375, -1175.9857177734375, -1176.0911865234375, -1176.1915283203125, -1176.2982177734375, -1176.3787841796875, -1176.4080810546875, -1176.4957275390625, -1176.5845947265625, -1176.6043701171875, -1176.7530517578125, -1176.7838134765625, -1176.8597412109375, -1176.9608154296875, -1177.0902099609375, -1177.1282958984375, -1177.2044677734375, -1177.3309326171875, -1177.4158935546875, -1177.4241943359375, -1177.5269775390625, -1177.5418701171875, -1177.6693115234375, -1177.6973876953125, -1177.7667236328125, -1177.8284912109375, -1177.9342041015625, -1177.9993896484375, -1178.0777587890625, -1178.1605224609375, -1178.2288818359375, -1178.2325439453125, -1178.2586669921875, -1178.3382568359375, -1178.4449462890625, -1178.5242919921875, -1178.5853271484375, -1178.6373291015625, -1178.6812744140625, -1178.7694091796875, -1178.7769775390625, -1178.8489990234375, -1178.8536376953125, -1178.9595947265625, -1179.0211181640625, -1179.0240478515625, -1179.0819091796875, -1179.0902099609375, -1179.1744384765625, -1179.1868896484375, -1179.2591552734375, -1179.3319091796875, -1179.3695068359375, -1179.4090576171875, -1179.4754638671875, -1179.4798583984375, -1179.5948486328125, -1179.5697021484375, -1179.6224365234375, -1179.6781005859375, -1179.7191162109375, -1179.7322998046875, -1179.7645263671875, -1179.7498779296875, -1179.8416748046875, -1179.8934326171875, -1179.9031982421875, -1179.9014892578125, -1180.0162353515625, -1180.0457763671875, -1180.0545654296875, -1180.0948486328125, -1180.0950927734375, -1180.0921630859375, -1180.1524658203125, -1180.2537841796875, -1180.3341064453125, -1180.2786865234375, -1180.3294677734375, -1180.3665771484375, -1180.3555908203125, -1180.4742431640625, -1180.4183349609375, -1180.4715576171875, -1180.5238037109375, -1180.5765380859375, -1180.5936279296875, -1180.6234130859375, -1180.6243896484375, -1180.7244873046875, -1180.7103271484375, -1180.7137451171875, -1180.7576904296875, -1180.7252197265625, -1180.7916259765625, -1180.8592529296875, -1180.8797607421875, -1180.8121337890625, -1180.8182373046875, -1180.9696044921875, -1180.9237060546875, -1180.8924560546875, -1180.9686279296875, -1181.0589599609375, -1181.0552978515625, -1181.0360107421875, -1181.0811767578125, -1181.1053466796875, -1181.1663818359375, -1181.1314697265625, -1181.1683349609375, -1181.1639404296875, -1181.2030029296875, -1181.1644287109375, -1181.2506103515625, -1181.2261962890625, -1181.2471923828125, -1181.1805419921875, -1181.1981201171875, -1181.2755126953125, -1181.2589111328125, -1181.2584228515625, -1181.2747802734375, -1181.3909912109375, -1181.3890380859375, -1181.3919677734375, -1181.4114990234375, -1181.3822021484375, -1181.4239501953125, -1181.5169677734375, -1181.4510498046875, -1181.5008544921875, -1181.5655517578125, -1181.5057373046875, -1181.5479736328125, -1181.5301513671875, -1181.4837646484375, -1181.5531005859375, -1181.5633544921875, -1181.5242919921875, -1181.5828857421875, -1181.6038818359375, -1181.6346435546875, -1181.6102294921875, -1181.6812744140625, -1181.7166748046875, -1181.7464599609375, -1181.7222900390625, -1181.7347412109375, -1181.7376708984375, -1181.8204345703125, -1181.7908935546875, -1181.8265380859375, -1181.8045654296875, -1181.8172607421875, -1181.7706298828125, -1181.8128662109375, -1181.8695068359375, -1181.7999267578125, -1181.8548583984375, -1181.8399658203125, -1181.9244384765625, -1181.9095458984375, -1181.8782958984375, -1181.8773193359375, -1181.9117431640625, -1181.8543701171875, -1181.9014892578125, -1181.9554443359375, -1181.9910888671875, -1181.9276123046875, -1181.9776611328125, -1181.9661865234375, -1181.9622802734375, -1181.9981689453125, -1181.9586181640625, -1182.0350341796875, -1182.0184326171875, -1182.0501708984375, -1181.9918212890625, -1182.0164794921875, -1182.0098876953125, -1182.0330810546875, -1182.0540771484375, -1182.0267333984375, -1182.0333251953125, -1182.0167236328125, -1182.0819091796875, -1182.0145263671875, -1182.0653076171875, -1182.0020751953125, -1182.0687255859375, -1182.1134033203125, -1182.0645751953125, -1182.1197509765625, -1182.1241455078125, -1182.1099853515625, -1182.0872802734375, -1182.0980224609375, -1182.1016845703125, -1182.1121826171875, -1182.1190185546875, -1182.0960693359375, -1182.1365966796875, -1182.1263427734375, -1182.0955810546875, -1182.2034912109375, -1182.1810302734375, -1182.1483154296875, -1182.1131591796875, -1182.1673583984375, -1182.2484130859375, -1182.1536865234375, -1182.2440185546875, -1182.1878662109375, -1182.1644287109375, -1182.1749267578125, -1182.1446533203125, -1182.1805419921875, -1182.1383056640625, -1182.1695556640625, -1182.1866455078125, -1182.1702880859375, -1182.1427001953125, -1182.2142333984375, -1182.1890869140625, -1182.1812744140625, -1182.2008056640625, -1182.2591552734375, -1182.2762451171875, -1182.1461181640625, -1182.2606201171875, -1182.2049560546875, -1182.2786865234375, -1182.2239990234375, -1182.2181396484375, -1182.1707763671875, -1182.2176513671875, -1182.1771240234375, -1182.2352294921875, -1182.2178955078125, -1182.2535400390625, -1182.2144775390625, -1182.2410888671875, -1182.2401123046875, -1182.2364501953125, -1182.2816162109375, -1182.2161865234375, -1182.1661376953125, -1182.2322998046875, -1182.1937255859375, -1182.1754150390625, -1182.1719970703125, -1182.2037353515625, -1182.2410888671875, -1182.2755126953125, -1182.2171630859375, -1182.3099365234375, -1182.2420654296875, -1182.2669677734375, -1182.3404541015625, -1182.2659912109375, -1182.2762451171875, -1182.2806396484375, -1182.2449951171875, -1182.2679443359375, -1182.3245849609375, -1182.2730712890625, -1182.3280029296875, -1182.3116455078125, -1182.3397216796875, -1182.3114013671875, -1182.2908935546875, -1182.2723388671875, -1182.2584228515625, -1182.3492431640625, -1182.2445068359375, -1182.3436279296875, -1182.3353271484375, -1182.3353271484375, -1182.2523193359375, -1182.3265380859375, -1182.2713623046875, -1182.3197021484375, -1182.2874755859375, -1182.3111572265625, -1182.3148193359375, -1182.3402099609375, -1182.3382568359375, -1182.3563232421875, -1182.3428955078125, -1182.2459716796875, -1182.3599853515625, -1182.3494873046875, -1182.3607177734375, -1182.2974853515625, -1182.4012451171875, -1182.4017333984375, -1182.3692626953125, -1182.3875732421875, -1182.3480224609375, -1182.3646240234375, -1182.3524169921875, -1182.3079833984375, -1182.3802490234375, -1182.3817138671875, -1182.3216552734375, -1182.2847900390625, -1182.3133544921875, -1182.3658447265625, -1182.3870849609375, -1182.2918701171875, -1182.3773193359375, -1182.4024658203125, -1182.4237060546875, -1182.4124755859375, -1182.4261474609375, -1182.3778076171875, -1182.4232177734375, -1182.3306884765625, -1182.3643798828125, -1182.3421630859375, -1182.3096923828125, -1182.3787841796875, -1182.3399658203125, -1182.3106689453125, -1182.3504638671875, -1182.3648681640625, -1182.2459716796875, -1182.2894287109375, -1182.3519287109375, -1182.3841552734375, -1182.3187255859375, -1182.3516845703125, -1182.3641357421875, -1182.3243408203125, -1182.2928466796875, -1182.3468017578125, -1182.3382568359375, -1182.3323974609375, -1182.3514404296875, -1182.3345947265625, -1182.3109130859375, -1182.3011474609375, -1182.3428955078125, -1182.3016357421875, -1182.3446044921875, -1182.3255615234375, -1182.3160400390625, -1182.3236083984375, -1182.3753662109375, -1182.3353271484375, -1182.3582763671875, -1182.3568115234375, -1182.3934326171875, -1182.3529052734375, -1182.3831787109375, -1182.3997802734375, -1182.4036865234375, -1182.4022216796875, -1182.3914794921875, -1182.3275146484375, -1182.3790283203125, -1182.4071044921875, -1182.4510498046875, -1182.4322509765625, -1182.4129638671875, -1182.4237060546875, -1182.3873291015625, -1182.3739013671875, -1182.4056396484375, -1182.3970947265625, -1182.4014892578125, -1182.4114990234375, -1182.5042724609375, -1182.4476318359375, -1182.4532470703125, -1182.4486083984375, -1182.4276123046875, -1182.3697509765625, -1182.4769287109375, -1182.4403076171875, -1182.4178466796875, -1182.4158935546875, -1182.4412841796875, -1182.3912353515625, -1182.4322509765625, -1182.4451904296875, -1182.4835205078125, -1182.4114990234375, -1182.4317626953125, -1182.3941650390625, -1182.4403076171875, -1182.3363037109375, -1182.3714599609375, -1182.4039306640625, -1182.4158935546875, -1182.4735107421875, -1182.3385009765625, -1182.3385009765625, -1182.3629150390625, -1182.3873291015625, -1182.4239501953125, -1182.3646240234375, -1182.4237060546875, -1182.4066162109375, -1182.3551025390625, -1182.3465576171875, -1182.4339599609375, -1182.4385986328125, -1182.4166259765625, -1182.3890380859375, -1182.4283447265625, -1182.3487548828125, -1182.3983154296875, -1182.4232177734375, -1182.3785400390625, -1182.3792724609375, -1182.4407958984375, -1182.4122314453125, -1182.4383544921875, -1182.4456787109375, -1182.3944091796875, -1182.3753662109375, -1182.4046630859375, -1182.3653564453125, -1182.3743896484375, -1182.4681396484375, -1182.4144287109375, -1182.4505615234375, -1182.3778076171875, -1182.3480224609375, -1182.4261474609375, -1182.4442138671875, -1182.3680419921875, -1182.3624267578125, -1182.3604736328125, -1182.3739013671875, -1182.4090576171875, -1182.4412841796875, -1182.4154052734375, -1182.3885498046875, -1182.3819580078125, -1182.4188232421875, -1182.4256591796875, -1182.3802490234375, -1182.3817138671875, -1182.3995361328125, -1182.4122314453125, -1182.3900146484375, -1182.3265380859375, -1182.4539794921875, -1182.3973388671875, -1182.3883056640625, -1182.4144287109375, -1182.4339599609375, -1182.3568115234375, -1182.4119873046875, -1182.4544677734375, -1182.4085693359375, -1182.3499755859375, -1182.4271240234375, -1182.4105224609375, -1182.3875732421875, -1182.4583740234375, -1182.4437255859375, -1182.3648681640625, -1182.4681396484375, -1182.4063720703125, -1182.4334716796875, -1182.4249267578125, -1182.3656005859375, -1182.4119873046875, -1182.5010986328125, -1182.3590087890625, -1182.4105224609375, -1182.3831787109375, -1182.3931884765625, -1182.3951416015625, -1182.4630126953125, -1182.4315185546875, -1182.5076904296875, -1182.4376220703125, -1182.4068603515625, -1182.4202880859375, -1182.3773193359375, -1182.3865966796875, -1182.3685302734375, -1182.4334716796875, -1182.3885498046875, -1182.3548583984375, -1182.4090576171875, -1182.3699951171875, -1182.3846435546875, -1182.4315185546875, -1182.3919677734375, -1182.3499755859375, -1182.4315185546875, -1182.3785400390625, -1182.3729248046875, -1182.4090576171875, -1182.3707275390625, -1182.3968505859375, -1182.3714599609375, -1182.4371337890625, -1182.3787841796875, -1182.3753662109375, -1182.3084716796875, -1182.3375244140625, -1182.3699951171875, -1182.3892822265625, -1182.3070068359375, -1182.4134521484375, -1182.3753662109375, -1182.3741455078125, -1182.4002685546875, -1182.4073486328125, -1182.4095458984375, -1182.4122314453125, -1182.3822021484375, -1182.3831787109375, -1182.3653564453125, -1182.4569091796875, -1182.4281005859375, -1182.4244384765625, -1182.4295654296875, -1182.4041748046875, -1182.4534912109375, -1182.4407958984375, -1182.4315185546875, -1182.4266357421875, -1182.3870849609375, -1182.4200439453125, -1182.4476318359375, -1182.4525146484375, -1182.4241943359375, -1182.4324951171875, -1182.4403076171875, -1182.4451904296875, -1182.3748779296875, -1182.3382568359375, -1182.3670654296875, -1182.4256591796875, -1182.3680419921875, -1182.3951416015625, -1182.3699951171875, -1182.4039306640625, -1182.4217529296875, -1182.3846435546875, -1182.3455810546875, -1182.3470458984375, -1182.3299560546875, -1182.3560791015625, -1182.3782958984375, -1182.3829345703125, -1182.4017333984375, -1182.4283447265625, -1182.3973388671875, -1182.3665771484375, -1182.3504638671875, -1182.4276123046875, -1182.4171142578125, -1182.4031982421875, -1182.4119873046875, -1182.3734130859375, -1182.3743896484375, -1182.3577880859375, -1182.3907470703125, -1182.3724365234375, -1182.4188232421875, -1182.3734130859375, -1182.4373779296875, -1182.3758544921875, -1182.3956298828125, -1182.3758544921875, -1182.3885498046875, -1182.3714599609375, -1182.3997802734375, -1182.3656005859375, -1182.3294677734375, -1182.3670654296875, -1182.4600830078125, -1182.3934326171875, -1182.3216552734375, -1182.3551025390625, -1182.3397216796875, -1182.3236083984375, -1182.3272705078125, -1182.3450927734375, -1182.3804931640625, -1182.3704833984375, -1182.3983154296875, -1182.4696044921875, -1182.3321533203125, -1182.3917236328125, -1182.3685302734375, -1182.3924560546875, -1182.3553466796875, -1182.3411865234375, -1182.3372802734375, -1182.2996826171875, -1182.3919677734375, -1182.3463134765625, -1182.4100341796875, -1182.3846435546875, -1182.3717041015625, -1182.3975830078125, -1182.4197998046875, -1182.4395751953125, -1182.4295654296875, -1182.4281005859375, -1182.3863525390625, -1182.4173583984375, -1182.3472900390625, -1182.4202880859375, -1182.3858642578125, -1182.3739013671875, -1182.3353271484375, -1182.3743896484375, -1182.3870849609375, -1182.3531494140625, -1182.3675537109375, -1182.4444580078125, -1182.4364013671875, -1182.4080810546875, -1182.3199462890625, -1182.3734130859375, -1182.3968505859375, -1182.3558349609375, -1182.4183349609375, -1182.3768310546875, -1182.4190673828125, -1182.3773193359375, -1182.4232177734375, -1182.4488525390625, -1182.3800048828125, -1182.4334716796875, -1182.4224853515625, -1182.4537353515625, -1182.4735107421875, -1182.4222412109375, -1182.3890380859375, -1182.4549560546875, -1182.4417724609375, -1182.5286865234375, -1182.5115966796875, -1182.4283447265625, -1182.4515380859375, -1182.4793701171875, -1182.4954833984375, -1182.4632568359375, -1182.3817138671875, -1182.4498291015625, -1182.4334716796875, -1182.4412841796875, -1182.4613037109375, -1182.4642333984375, -1182.4686279296875, -1182.4095458984375, -1182.3980712890625, -1182.3621826171875, -1182.4149169921875, -1182.4635009765625, -1182.3941650390625, -1182.3582763671875, -1182.4468994140625, -1182.4398193359375, -1182.4539794921875, -1182.4447021484375, -1182.4671630859375, -1182.4005126953125, -1182.4383544921875, -1182.4840087890625, -1182.4620361328125, -1182.4385986328125, -1182.4373779296875, -1182.4764404296875, -1182.5186767578125, -1182.4661865234375, -1182.4261474609375, -1182.4837646484375, -1182.4344482421875, -1182.4881591796875, -1182.4671630859375, -1182.4613037109375, -1182.4837646484375, -1182.4803466796875, -1182.4578857421875, -1182.4678955078125, -1182.4324951171875, -1182.4866943359375, -1182.4727783203125, -1182.4698486328125, -1182.4246826171875, -1182.4432373046875, -1182.4442138671875, -1182.5015869140625, -1182.4986572265625, -1182.4498291015625, -1182.4488525390625, -1182.4779052734375, -1182.4874267578125, -1182.4366455078125, -1182.5291748046875, -1182.4901123046875, -1182.5057373046875, -1182.5189208984375, -1182.4940185546875, -1182.5369873046875, -1182.4874267578125, -1182.4989013671875, -1182.5172119140625, -1182.5096435546875, -1182.5113525390625, -1182.4827880859375, -1182.4664306640625, -1182.4669189453125, -1182.4947509765625, -1182.5379638671875, -1182.4603271484375, -1182.5023193359375, -1182.4656982421875, -1182.5526123046875, -1182.4593505859375, -1182.4669189453125, -1182.4708251953125, -1182.4593505859375, -1182.4442138671875, -1182.5133056640625, -1182.5238037109375, -1182.4139404296875, -1182.4686279296875, -1182.4630126953125, -1182.3973388671875, -1182.4505615234375, -1182.4300537109375, -1182.4769287109375, -1182.4676513671875, -1182.5003662109375, -1182.5013427734375, -1182.4925537109375, -1182.4757080078125, -1182.4613037109375, -1182.4378662109375, -1182.5428466796875, -1182.4691162109375, -1182.4373779296875, -1182.5032958984375, -1182.4666748046875, -1182.5198974609375, -1182.4891357421875, -1182.4593505859375, -1182.4923095703125, -1182.4837646484375, -1182.4537353515625, -1182.4793701171875, -1182.4976806640625, -1182.4705810546875, -1182.5223388671875, -1182.5228271484375, -1182.5008544921875, -1182.5186767578125, -1182.5233154296875, -1182.5194091796875, -1182.4822998046875, -1182.4361572265625, -1182.5247802734375, -1182.4954833984375, -1182.4813232421875, -1182.5189208984375, -1182.5191650390625, -1182.4881591796875, -1182.5364990234375, -1182.4569091796875, -1182.4637451171875, -1182.4691162109375, -1182.5233154296875, -1182.5362548828125, -1182.4830322265625, -1182.5291748046875, -1182.4632568359375, -1182.4871826171875, -1182.4713134765625, -1182.5301513671875, -1182.4937744140625, -1182.5355224609375, -1182.4202880859375, -1182.5321044921875, -1182.5347900390625, -1182.4945068359375, -1182.4178466796875, -1182.4571533203125, -1182.4984130859375, -1182.5814208984375, -1182.5008544921875, -1182.5242919921875, -1182.5037841796875, -1182.5438232421875, -1182.5252685546875, -1182.4713134765625, -1182.5421142578125, -1182.4984130859375, -1182.4967041015625, -1182.5194091796875, -1182.4949951171875, -1182.4998779296875, -1182.5091552734375, -1182.5120849609375, -1182.5001220703125, -1182.4969482421875, -1182.5052490234375, -1182.5482177734375, -1182.5638427734375, -1182.5462646484375, -1182.5506591796875, -1182.5821533203125, -1182.5413818359375, -1182.5174560546875, -1182.5325927734375, -1182.5545654296875, -1182.5223388671875, -1182.5623779296875, -1182.5189208984375, -1182.5350341796875, -1182.5545654296875, -1182.5340576171875, -1182.5101318359375, -1182.4896240234375, -1182.4749755859375, -1182.5662841796875, -1182.4774169921875, -1182.4476318359375, -1182.5677490234375, -1182.4595947265625, -1182.5340576171875, -1182.4967041015625, -1182.4168701171875, -1182.4942626953125, -1182.5516357421875, -1182.4949951171875, -1182.5191650390625, -1182.5345458984375, -1182.5411376953125, -1182.5211181640625, -1182.5489501953125, -1182.4989013671875, -1182.5733642578125, -1182.5242919921875, -1182.5426025390625, -1182.5086669921875, -1182.4981689453125, -1182.5780029296875, -1182.5208740234375, -1182.5291748046875, -1182.5279541015625, -1182.5465087890625, -1182.5618896484375, -1182.5628662109375, -1182.5501708984375, -1182.5008544921875, -1182.5218505859375, -1182.5364990234375, -1182.5655517578125, -1182.5899658203125, -1182.5704345703125, -1182.5345458984375, -1182.5284423828125, -1182.5472412109375, -1182.5916748046875, -1182.5614013671875, -1182.5906982421875, -1182.5086669921875, -1182.5028076171875, -1182.5482177734375, -1182.6033935546875, -1182.5716552734375, -1182.5115966796875, -1182.5638427734375, -1182.6182861328125, -1182.5684814453125, -1182.5457763671875, -1182.5904541015625, -1182.5621337890625, -1182.5382080078125, -1182.5748291015625, -1182.5675048828125, -1182.5660400390625, -1182.5889892578125, -1182.5704345703125, -1182.5552978515625, -1182.5623779296875, -1182.5472412109375, -1182.5426025390625, -1182.5477294921875, -1182.5137939453125, -1182.5174560546875, -1182.5889892578125, -1182.5301513671875, -1182.5164794921875, -1182.5604248046875, -1182.5096435546875, -1182.4632568359375, -1182.5394287109375, -1182.5189208984375, -1182.5145263671875, -1182.4815673828125, -1182.5076904296875, -1182.5574951171875, -1182.4849853515625, -1182.5147705078125, -1182.5657958984375, -1182.5721435546875, -1182.4793701171875, -1182.5086669921875, -1182.5264892578125, -1182.5335693359375, -1182.4969482421875, -1182.5242919921875, -1182.5587158203125, -1182.4920654296875, -1182.5357666015625, -1182.4522705078125, -1182.5443115234375, -1182.5242919921875, -1182.5582275390625, -1182.6004638671875, -1182.5662841796875, -1182.5535888671875, -1182.5025634765625, -1182.5235595703125, -1182.5438232421875, -1182.5194091796875, -1182.5557861328125, -1182.5521240234375, -1182.5657958984375, -1182.5384521484375, -1182.4862060546875, -1182.5416259765625, -1182.5780029296875, -1182.5296630859375, -1182.5655517578125, -1182.5645751953125, -1182.5296630859375, -1182.5736083984375, -1182.5260009765625, -1182.5311279296875, -1182.5718994140625, -1182.5738525390625, -1182.5538330078125, -1182.5555419921875, -1182.5279541015625, -1182.6038818359375, -1182.5628662109375, -1182.4691162109375, -1182.5140380859375, -1182.5789794921875, -1182.5592041015625, -1182.5806884765625, -1182.5286865234375, -1182.5206298828125, -1182.5535888671875, -1182.5521240234375, -1182.5645751953125, -1182.5718994140625, -1182.4876708984375, -1182.5662841796875, -1182.5806884765625, -1182.5289306640625, -1182.5677490234375, -1182.4896240234375, -1182.5736083984375, -1182.5689697265625, -1182.4696044921875, -1182.5023193359375, -1182.5450439453125, -1182.5711669921875, -1182.5421142578125, -1182.5472412109375, -1182.5687255859375, -1182.5687255859375, -1182.5604248046875, -1182.5535888671875, -1182.5645751953125, -1182.5726318359375, -1182.5572509765625, -1182.5477294921875, -1182.5718994140625, -1182.5745849609375, -1182.6046142578125, -1182.5242919921875, -1182.5814208984375, -1182.5460205078125, -1182.5179443359375, -1182.5404052734375, -1182.5257568359375, -1182.5418701171875, -1182.5496826171875, -1182.5208740234375, -1182.5155029296875, -1182.6063232421875, -1182.5321044921875, -1182.5501708984375, -1182.5487060546875, -1182.5970458984375, -1182.5506591796875, -1182.5062255859375, -1182.5413818359375, -1182.5101318359375, -1182.5660400390625, -1182.5194091796875, -1182.5408935546875, -1182.5545654296875, -1182.4932861328125, -1182.5150146484375, -1182.4798583984375, -1182.4364013671875, -1182.5047607421875, -1182.4796142578125, -1182.4822998046875, -1182.5262451171875, -1182.5128173828125, -1182.4901123046875, -1182.5374755859375, -1182.4913330078125, -1182.5301513671875, -1182.5418701171875, -1182.4676513671875, -1182.5931396484375, -1182.5379638671875, -1182.5750732421875, -1182.5179443359375, -1182.5377197265625, -1182.5272216796875, -1182.5638427734375, -1182.5775146484375, -1182.5186767578125, -1182.5758056640625, -1182.5101318359375, -1182.5079345703125, -1182.4881591796875, -1182.5333251953125, -1182.5389404296875, -1182.5313720703125, -1182.5277099609375, -1182.6024169921875, -1182.5379638671875, -1182.5902099609375, -1182.5489501953125, -1182.5545654296875, -1182.5382080078125, -1182.5584716796875, -1182.5086669921875, -1182.5098876953125, -1182.5404052734375, -1182.5125732421875, -1182.5150146484375, -1182.5032958984375, -1182.5665283203125, -1182.5220947265625, -1182.5775146484375, -1182.5396728515625, -1182.4989013671875, -1182.5211181640625, -1182.4752197265625, -1182.5650634765625, -1182.5340576171875, -1182.5885009765625, -1182.5350341796875, -1182.5457763671875, -1182.5679931640625, -1182.5657958984375, -1182.5374755859375, -1182.5135498046875, -1182.5565185546875, -1182.5469970703125, -1182.5421142578125, -1182.5474853515625, -1182.5496826171875, -1182.6060791015625, -1182.5726318359375, -1182.5672607421875, -1182.5408935546875, -1182.5946044921875, -1182.5592041015625, -1182.5941162109375, -1182.6480712890625, -1182.6378173828125, -1182.5916748046875, -1182.6160888671875, -1182.6077880859375, -1182.5865478515625, -1182.5672607421875, -1182.5982666015625, -1182.5970458984375, -1182.5626220703125, -1182.5574951171875, -1182.5628662109375, -1182.6160888671875, -1182.5418701171875, -1182.5577392578125, -1182.5653076171875, -1182.6241455078125, -1182.5618896484375, -1182.6126708984375, -1182.5535888671875, -1182.6011962890625, -1182.5697021484375, -1182.6116943359375, -1182.5711669921875, -1182.5806884765625, -1182.6087646484375, -1182.5521240234375, -1182.6434326171875, -1182.6424560546875, -1182.6143798828125, -1182.6107177734375, -1182.5985107421875, -1182.5509033203125, -1182.5924072265625, -1182.5565185546875, -1182.6107177734375, -1182.5506591796875, -1182.5457763671875, -1182.5540771484375, -1182.5030517578125, -1182.5740966796875, -1182.5428466796875, -1182.5692138671875, -1182.5919189453125, -1182.5386962890625, -1182.5423583984375, -1182.5504150390625, -1182.5428466796875, -1182.5550537109375, -1182.4930419921875, -1182.5091552734375, -1182.5150146484375, -1182.5406494140625, -1182.5216064453125, -1182.5614013671875, -1182.5140380859375, -1182.5203857421875, -1182.5550537109375, -1182.5428466796875, -1182.5848388671875, -1182.4993896484375, -1182.5030517578125, -1182.5689697265625, -1182.5518798828125, -1182.5643310546875, -1182.5545654296875, -1182.5885009765625, -1182.5694580078125, -1182.5989990234375, -1182.5394287109375, -1182.5789794921875, -1182.5699462890625, -1182.5330810546875, -1182.5330810546875, -1182.5982666015625, -1182.5623779296875, -1182.5364990234375, -1182.5582275390625, -1182.5550537109375, -1182.5235595703125, -1182.6075439453125, -1182.5440673828125, -1182.5435791015625, -1182.6087646484375, -1182.5279541015625, -1182.5306396484375, -1182.5850830078125, -1182.5823974609375, -1182.5404052734375, -1182.5531005859375, -1182.5682373046875, -1182.4998779296875, -1182.5670166015625, -1182.5623779296875, -1182.5433349609375, -1182.5760498046875, -1182.5670166015625, -1182.5711669921875, -1182.5921630859375, -1182.6019287109375, -1182.5882568359375, -1182.6116943359375, -1182.6361083984375, -1182.5660400390625, -1182.5892333984375, -1182.5699462890625, -1182.5765380859375, -1182.5194091796875, -1182.5897216796875, -1182.5535888671875, -1182.5450439453125, -1182.5450439453125, -1182.5238037109375, -1182.5723876953125, -1182.5697021484375, -1182.5404052734375, -1182.5802001953125, -1182.5487060546875, -1182.5367431640625, -1182.5540771484375, -1182.5037841796875, -1182.5618896484375, -1182.5501708984375, -1182.5841064453125, -1182.6060791015625, -1182.5965576171875, -1182.5789794921875, -1182.5450439453125, -1182.6246337890625, -1182.5291748046875, -1182.6009521484375, -1182.6302490234375, -1182.5682373046875, -1182.5989990234375, -1182.5853271484375, -1182.6068115234375, -1182.5950927734375, -1182.5408935546875, -1182.5467529296875, -1182.5716552734375, -1182.5623779296875, -1182.5262451171875, -1182.5865478515625, -1182.5887451171875, -1182.6033935546875, -1182.5753173828125, -1182.5045166015625, -1182.5845947265625, -1182.5428466796875, -1182.5487060546875, -1182.5435791015625, -1182.5819091796875, -1182.5789794921875, -1182.5062255859375, -1182.5584716796875, -1182.5721435546875, -1182.5184326171875, -1182.5020751953125, -1182.5731201171875, -1182.5238037109375, -1182.6136474609375, -1182.5655517578125, -1182.5863037109375, -1182.6116943359375, -1182.5213623046875, -1182.5511474609375, -1182.5965576171875, -1182.6251220703125, -1182.5643310546875, -1182.5885009765625, -1182.5494384765625, -1182.5904541015625, -1182.5572509765625, -1182.5775146484375, -1182.5726318359375, -1182.5535888671875, -1182.5867919921875, -1182.5416259765625, -1182.5933837890625, -1182.5858154296875, -1182.5614013671875, -1182.6048583984375, -1182.5804443359375, -1182.5911865234375, -1182.5916748046875, -1182.5819091796875, -1182.6019287109375, -1182.5513916015625, -1182.5638427734375, -1182.6263427734375, -1182.5726318359375, -1182.5931396484375, -1182.5941162109375, -1182.6134033203125, -1182.5479736328125, -1182.5916748046875, -1182.6375732421875, -1182.6068115234375, -1182.5926513671875, -1182.6246337890625, -1182.6046142578125, -1182.6859130859375, -1182.6478271484375, -1182.6087646484375, -1182.6024169921875, -1182.5970458984375, -1182.6102294921875, -1182.6112060546875, -1182.6463623046875, -1182.6282958984375, -1182.6221923828125, -1182.6090087890625, -1182.6326904296875, -1182.6285400390625, -1182.5665283203125, -1182.5867919921875, -1182.6068115234375, -1182.6292724609375, -1182.5611572265625, -1182.6068115234375, -1182.6212158203125, -1182.6258544921875, -1182.5281982421875, -1182.5379638671875, -1182.5628662109375, -1182.5980224609375, -1182.5177001953125, -1182.5618896484375, -1182.5972900390625, -1182.5653076171875, -1182.6241455078125, -1182.5364990234375, -1182.5504150390625, -1182.5594482421875, -1182.6058349609375, -1182.5850830078125, -1182.5924072265625, -1182.5897216796875, -1182.6121826171875, -1182.6414794921875, -1182.6348876953125, -1182.6287841796875, -1182.5994873046875, -1182.5836181640625, -1182.5885009765625, -1182.5418701171875, -1182.6004638671875, -1182.6136474609375, -1182.5609130859375, -1182.5531005859375, -1182.6304931640625, -1182.6273193359375, -1182.6307373046875, -1182.6219482421875, -1182.6258544921875, -1182.6522216796875, -1182.6385498046875, -1182.6121826171875, -1182.6475830078125, -1182.6346435546875, -1182.6649169921875, -1182.6134033203125, -1182.6302490234375, -1182.6473388671875, -1182.5916748046875, -1182.6331787109375, -1182.6309814453125, -1182.6759033203125, -1182.6348876953125, -1182.6107177734375, -1182.6524658203125, -1182.6224365234375, -1182.6136474609375, -1182.5960693359375, -1182.6173095703125, -1182.5936279296875, -1182.6224365234375, -1182.6253662109375, -1182.5928955078125, -1182.6300048828125, -1182.5733642578125, -1182.5892333984375, -1182.6373291015625, -1182.6090087890625, -1182.6199951171875, -1182.6431884765625, -1182.6346435546875, -1182.6156005859375, -1182.6248779296875, -1182.6082763671875, -1182.6248779296875, -1182.6512451171875, -1182.6107177734375, -1182.6434326171875, -1182.5946044921875, -1182.6248779296875, -1182.6444091796875, -1182.6429443359375, -1182.6365966796875, -1182.5906982421875, -1182.6663818359375, -1182.6373291015625, -1182.6444091796875, -1182.6356201171875, -1182.6324462890625, -1182.6002197265625, -1182.7000732421875, -1182.6405029296875, -1182.5697021484375, -1182.6546630859375, -1182.5672607421875, -1182.6182861328125, -1182.6102294921875, -1182.6358642578125, -1182.6383056640625, -1182.6014404296875, -1182.6246337890625, -1182.5946044921875, -1182.6124267578125, -1182.5648193359375, -1182.5701904296875, -1182.5985107421875, -1182.5750732421875, -1182.5843505859375, -1182.5782470703125, -1182.5577392578125, -1182.6175537109375, -1182.6055908203125, -1182.5823974609375, -1182.6539306640625, -1182.6448974609375, -1182.5916748046875, -1182.5697021484375, -1182.6566162109375, -1182.5867919921875, -1182.5565185546875, -1182.6229248046875, -1182.5987548828125, -1182.5369873046875, -1182.5618896484375, -1182.6297607421875, -1182.5906982421875, -1182.5872802734375, -1182.5960693359375, -1182.5845947265625, -1182.5621337890625, -1182.6768798828125, -1182.6312255859375, -1182.5994873046875, -1182.6573486328125, -1182.6019287109375, -1182.6434326171875, -1182.5926513671875, -1182.5955810546875, -1182.5111083984375, -1182.5762939453125, -1182.5762939453125, -1182.5653076171875, -1182.6214599609375, -1182.6226806640625, -1182.5814208984375, -1182.5894775390625, -1182.5968017578125, -1182.5604248046875, -1182.5780029296875, -1182.5614013671875, -1182.5728759765625, -1182.5863037109375, -1182.5902099609375, -1182.5838623046875, -1182.5909423828125, -1182.5872802734375, -1182.6490478515625, -1182.5955810546875, -1182.5968017578125, -1182.6175537109375, -1182.5982666015625, -1182.5924072265625, -1182.6302490234375, -1182.6029052734375, -1182.6556396484375, -1182.6097412109375, -1182.5772705078125, -1182.6029052734375, -1182.6324462890625, -1182.6036376953125, -1182.5975341796875, -1182.6480712890625, -1182.6527099609375, -1182.6697998046875, -1182.6502685546875, -1182.6380615234375, -1182.6116943359375, -1182.6072998046875, -1182.6072998046875, -1182.6424560546875, -1182.6322021484375, -1182.6439208984375, -1182.6412353515625, -1182.6234130859375, -1182.6112060546875, -1182.6619873046875, -1182.6341552734375, -1182.6595458984375, -1182.6141357421875, -1182.6719970703125, -1182.6317138671875, -1182.6380615234375, -1182.6500244140625, -1182.6624755859375, -1182.6336669921875, -1182.6072998046875, -1182.6160888671875, -1182.6043701171875, -1182.5806884765625, -1182.5806884765625, -1182.6116943359375, -1182.6295166015625, -1182.6368408203125, -1182.6058349609375, -1182.6456298828125, -1182.6497802734375, -1182.6624755859375, -1182.6295166015625, -1182.6278076171875, -1182.6280517578125, -1182.6356201171875, -1182.6353759765625, -1182.6854248046875, -1182.6434326171875, -1182.6585693359375, -1182.6365966796875, -1182.6434326171875, -1182.6221923828125, -1182.7042236328125, -1182.6593017578125, -1182.6649169921875, -1182.6756591796875, -1182.6712646484375, -1182.6898193359375, -1182.6588134765625, -1182.7115478515625, -1182.6273193359375, -1182.6209716796875, -1182.6607666015625, -1182.6614990234375, -1182.6700439453125, -1182.6724853515625, -1182.6781005859375, -1182.7147216796875, -1182.7034912109375, -1182.6934814453125, -1182.6429443359375, -1182.6956787109375, -1182.7086181640625, -1182.6107177734375, -1182.6600341796875, -1182.6204833984375, -1182.6427001953125, -1182.6373291015625, -1182.6107177734375, -1182.6624755859375, -1182.6246337890625, -1182.6492919921875, -1182.6473388671875, -1182.6563720703125, -1182.6634521484375, -1182.7227783203125, -1182.6583251953125, -1182.6444091796875, -1182.6602783203125, -1182.6600341796875, -1182.6409912109375, -1182.6710205078125, -1182.6571044921875, -1182.6209716796875, -1182.6776123046875]}
Warning: Cholesky failed, using eigendecomposition fallback
{'mse': 0.010202252306044102, 'rmse': 0.10100620239973068, 'test_ll': -248000.921875, 'total_test_ll': -6200023040.0}
/cluster/tufts/hugheslab/swilli26/stat-patt-final/gp_vs_sngp/results/hyperparam_search/GP/CrazySin_1500_2001/logs
/cluster/tufts/hugheslab/swilli26/stat-patt-final/gp_vs_sngp/results/hyperparam_search/logs/GP_VS_SNGP_25028898.out
/cluster/tufts/hugheslab/swilli26/stat-patt-final/gp_vs_sngp/results/hyperparam_search/logs/GP_VS_SNGP_25028898.err
