Starting imports...
Importing argparse...
Importing torch...
Importing os...
Importing sngp.train and sngp.model...
Importing gaussian_process...
Importing dataset...
Importing json...
ALL IMPORTS COMPLETE!
Parsing arguments...
Arguments parsed! Running GP on Sin with N=1500
Checking CUDA availability...
Using CPU
Making Datasets...
Making Model...
Training Gaussian Process...
Iter   0 | Loss: -811.267 | lengthscale: 1.010 | outputscale: 1.010 | noise: 0.198
Iter  10 | Loss: -918.357 | lengthscale: 1.046 | outputscale: 1.114 | noise: 0.179
Iter  20 | Loss: -1014.641 | lengthscale: 1.073 | outputscale: 1.216 | noise: 0.163
Iter  30 | Loss: -1097.166 | lengthscale: 1.095 | outputscale: 1.302 | noise: 0.148
Iter  40 | Loss: -1163.576 | lengthscale: 1.109 | outputscale: 1.362 | noise: 0.135
Iter  50 | Loss: -1212.756 | lengthscale: 1.115 | outputscale: 1.394 | noise: 0.125
Iter  60 | Loss: -1245.311 | lengthscale: 1.117 | outputscale: 1.403 | noise: 0.117
Iter  70 | Loss: -1263.927 | lengthscale: 1.116 | outputscale: 1.400 | noise: 0.110
Iter  80 | Loss: -1272.583 | lengthscale: 1.114 | outputscale: 1.390 | noise: 0.106
Iter  90 | Loss: -1275.561 | lengthscale: 1.111 | outputscale: 1.378 | noise: 0.103
Iter 100 | Loss: -1276.296 | lengthscale: 1.110 | outputscale: 1.371 | noise: 0.101
Iter 110 | Loss: -1276.331 | lengthscale: 1.109 | outputscale: 1.369 | noise: 0.101
Iter 120 | Loss: -1276.308 | lengthscale: 1.111 | outputscale: 1.373 | noise: 0.100
Iter 130 | Loss: -1276.316 | lengthscale: 1.110 | outputscale: 1.376 | noise: 0.101
Iter 140 | Loss: -1276.318 | lengthscale: 1.111 | outputscale: 1.377 | noise: 0.101
Iter 150 | Loss: -1276.359 | lengthscale: 1.110 | outputscale: 1.375 | noise: 0.101
Iter 160 | Loss: -1276.336 | lengthscale: 1.109 | outputscale: 1.366 | noise: 0.101
Iter 170 | Loss: -1276.343 | lengthscale: 1.109 | outputscale: 1.363 | noise: 0.101
Iter 180 | Loss: -1276.361 | lengthscale: 1.108 | outputscale: 1.363 | noise: 0.101
Iter 190 | Loss: -1276.362 | lengthscale: 1.108 | outputscale: 1.363 | noise: 0.101
Iter 200 | Loss: -1276.321 | lengthscale: 1.109 | outputscale: 1.372 | noise: 0.101
Iter 210 | Loss: -1276.381 | lengthscale: 1.111 | outputscale: 1.378 | noise: 0.101
Iter 220 | Loss: -1276.353 | lengthscale: 1.111 | outputscale: 1.374 | noise: 0.101
Iter 230 | Loss: -1276.351 | lengthscale: 1.109 | outputscale: 1.369 | noise: 0.101
Iter 240 | Loss: -1276.376 | lengthscale: 1.108 | outputscale: 1.367 | noise: 0.101
Iter 250 | Loss: -1276.338 | lengthscale: 1.108 | outputscale: 1.370 | noise: 0.101
Iter 260 | Loss: -1276.342 | lengthscale: 1.110 | outputscale: 1.372 | noise: 0.101
Iter 270 | Loss: -1276.373 | lengthscale: 1.110 | outputscale: 1.369 | noise: 0.101
Iter 280 | Loss: -1276.354 | lengthscale: 1.111 | outputscale: 1.370 | noise: 0.101
Iter 290 | Loss: -1276.367 | lengthscale: 1.109 | outputscale: 1.367 | noise: 0.101
Iter 300 | Loss: -1276.360 | lengthscale: 1.109 | outputscale: 1.367 | noise: 0.101
Iter 310 | Loss: -1276.343 | lengthscale: 1.108 | outputscale: 1.369 | noise: 0.101
Iter 320 | Loss: -1276.364 | lengthscale: 1.109 | outputscale: 1.369 | noise: 0.101
Iter 330 | Loss: -1276.355 | lengthscale: 1.109 | outputscale: 1.364 | noise: 0.101
Iter 340 | Loss: -1276.339 | lengthscale: 1.110 | outputscale: 1.368 | noise: 0.101
Iter 350 | Loss: -1276.376 | lengthscale: 1.111 | outputscale: 1.375 | noise: 0.101
Iter 360 | Loss: -1276.327 | lengthscale: 1.109 | outputscale: 1.367 | noise: 0.101
Iter 370 | Loss: -1276.330 | lengthscale: 1.109 | outputscale: 1.363 | noise: 0.101
Iter 380 | Loss: -1276.363 | lengthscale: 1.109 | outputscale: 1.365 | noise: 0.101
Iter 390 | Loss: -1276.374 | lengthscale: 1.108 | outputscale: 1.364 | noise: 0.101
Iter 400 | Loss: -1276.350 | lengthscale: 1.108 | outputscale: 1.366 | noise: 0.101
Iter 410 | Loss: -1276.351 | lengthscale: 1.109 | outputscale: 1.367 | noise: 0.101
Iter 420 | Loss: -1276.371 | lengthscale: 1.108 | outputscale: 1.370 | noise: 0.101
Iter 430 | Loss: -1276.359 | lengthscale: 1.109 | outputscale: 1.372 | noise: 0.101
Iter 440 | Loss: -1276.344 | lengthscale: 1.109 | outputscale: 1.375 | noise: 0.101
Iter 450 | Loss: -1276.369 | lengthscale: 1.109 | outputscale: 1.372 | noise: 0.101
Iter 460 | Loss: -1276.353 | lengthscale: 1.109 | outputscale: 1.369 | noise: 0.101
Iter 470 | Loss: -1276.384 | lengthscale: 1.110 | outputscale: 1.368 | noise: 0.101
Iter 480 | Loss: -1276.371 | lengthscale: 1.108 | outputscale: 1.363 | noise: 0.101
Iter 490 | Loss: -1276.367 | lengthscale: 1.109 | outputscale: 1.370 | noise: 0.101
Iter 500 | Loss: -1276.341 | lengthscale: 1.109 | outputscale: 1.371 | noise: 0.101
Iter 510 | Loss: -1276.360 | lengthscale: 1.108 | outputscale: 1.370 | noise: 0.101
Iter 520 | Loss: -1276.323 | lengthscale: 1.109 | outputscale: 1.370 | noise: 0.101
Iter 530 | Loss: -1276.345 | lengthscale: 1.109 | outputscale: 1.371 | noise: 0.101
Iter 540 | Loss: -1276.312 | lengthscale: 1.108 | outputscale: 1.375 | noise: 0.101
Iter 550 | Loss: -1276.359 | lengthscale: 1.110 | outputscale: 1.374 | noise: 0.101
Iter 560 | Loss: -1276.369 | lengthscale: 1.109 | outputscale: 1.371 | noise: 0.101
Iter 570 | Loss: -1276.384 | lengthscale: 1.109 | outputscale: 1.368 | noise: 0.101
Iter 580 | Loss: -1276.337 | lengthscale: 1.109 | outputscale: 1.369 | noise: 0.101
Iter 590 | Loss: -1276.340 | lengthscale: 1.109 | outputscale: 1.370 | noise: 0.101
Iter 600 | Loss: -1276.385 | lengthscale: 1.108 | outputscale: 1.365 | noise: 0.101
Iter 610 | Loss: -1276.360 | lengthscale: 1.108 | outputscale: 1.367 | noise: 0.101
Iter 620 | Loss: -1276.354 | lengthscale: 1.109 | outputscale: 1.369 | noise: 0.101
Iter 630 | Loss: -1276.349 | lengthscale: 1.108 | outputscale: 1.369 | noise: 0.101
Iter 640 | Loss: -1276.344 | lengthscale: 1.107 | outputscale: 1.362 | noise: 0.101
Iter 650 | Loss: -1276.313 | lengthscale: 1.110 | outputscale: 1.376 | noise: 0.101
Iter 660 | Loss: -1276.334 | lengthscale: 1.113 | outputscale: 1.381 | noise: 0.101
Iter 670 | Loss: -1276.363 | lengthscale: 1.110 | outputscale: 1.371 | noise: 0.101
Iter 680 | Loss: -1276.369 | lengthscale: 1.109 | outputscale: 1.367 | noise: 0.101
Iter 690 | Loss: -1276.375 | lengthscale: 1.108 | outputscale: 1.364 | noise: 0.101
Iter 700 | Loss: -1276.358 | lengthscale: 1.108 | outputscale: 1.366 | noise: 0.101
Iter 710 | Loss: -1276.345 | lengthscale: 1.110 | outputscale: 1.371 | noise: 0.101
Iter 720 | Loss: -1276.335 | lengthscale: 1.110 | outputscale: 1.368 | noise: 0.101
Iter 730 | Loss: -1276.344 | lengthscale: 1.109 | outputscale: 1.364 | noise: 0.101
Iter 740 | Loss: -1276.367 | lengthscale: 1.110 | outputscale: 1.368 | noise: 0.101
Iter 750 | Loss: -1276.330 | lengthscale: 1.110 | outputscale: 1.372 | noise: 0.101
Iter 760 | Loss: -1276.360 | lengthscale: 1.110 | outputscale: 1.369 | noise: 0.101
Iter 770 | Loss: -1276.379 | lengthscale: 1.111 | outputscale: 1.379 | noise: 0.101
Iter 780 | Loss: -1276.382 | lengthscale: 1.111 | outputscale: 1.375 | noise: 0.101
Iter 790 | Loss: -1276.342 | lengthscale: 1.108 | outputscale: 1.367 | noise: 0.101
Iter 800 | Loss: -1276.355 | lengthscale: 1.107 | outputscale: 1.362 | noise: 0.101
Iter 810 | Loss: -1276.325 | lengthscale: 1.108 | outputscale: 1.367 | noise: 0.101
Iter 820 | Loss: -1276.375 | lengthscale: 1.110 | outputscale: 1.373 | noise: 0.101
Iter 830 | Loss: -1276.344 | lengthscale: 1.108 | outputscale: 1.363 | noise: 0.101
Iter 840 | Loss: -1276.365 | lengthscale: 1.110 | outputscale: 1.367 | noise: 0.101
Iter 850 | Loss: -1276.362 | lengthscale: 1.112 | outputscale: 1.383 | noise: 0.101
Iter 860 | Loss: -1276.363 | lengthscale: 1.112 | outputscale: 1.377 | noise: 0.101
Iter 870 | Loss: -1276.349 | lengthscale: 1.109 | outputscale: 1.355 | noise: 0.101
Iter 880 | Loss: -1276.360 | lengthscale: 1.112 | outputscale: 1.373 | noise: 0.101
Iter 890 | Loss: -1276.372 | lengthscale: 1.115 | outputscale: 1.388 | noise: 0.101
Iter 900 | Loss: -1276.336 | lengthscale: 1.112 | outputscale: 1.374 | noise: 0.101
Iter 910 | Loss: -1276.371 | lengthscale: 1.106 | outputscale: 1.357 | noise: 0.101
Iter 920 | Loss: -1276.331 | lengthscale: 1.109 | outputscale: 1.367 | noise: 0.101
Iter 930 | Loss: -1276.365 | lengthscale: 1.113 | outputscale: 1.381 | noise: 0.101
Iter 940 | Loss: -1276.303 | lengthscale: 1.110 | outputscale: 1.371 | noise: 0.101
Iter 950 | Loss: -1276.336 | lengthscale: 1.108 | outputscale: 1.362 | noise: 0.101
Iter 960 | Loss: -1276.345 | lengthscale: 1.110 | outputscale: 1.368 | noise: 0.101
Iter 970 | Loss: -1276.355 | lengthscale: 1.111 | outputscale: 1.369 | noise: 0.101
Iter 980 | Loss: -1276.339 | lengthscale: 1.113 | outputscale: 1.383 | noise: 0.101
Iter 990 | Loss: -1276.347 | lengthscale: 1.109 | outputscale: 1.363 | noise: 0.101
Iter 1000 | Loss: -1276.336 | lengthscale: 1.110 | outputscale: 1.367 | noise: 0.101
Iter 1010 | Loss: -1276.336 | lengthscale: 1.111 | outputscale: 1.376 | noise: 0.101
Iter 1020 | Loss: -1276.336 | lengthscale: 1.110 | outputscale: 1.375 | noise: 0.101
Iter 1030 | Loss: -1276.343 | lengthscale: 1.110 | outputscale: 1.372 | noise: 0.101
Iter 1040 | Loss: -1276.356 | lengthscale: 1.109 | outputscale: 1.367 | noise: 0.101
Iter 1050 | Loss: -1276.323 | lengthscale: 1.108 | outputscale: 1.367 | noise: 0.101
Iter 1060 | Loss: -1276.371 | lengthscale: 1.111 | outputscale: 1.381 | noise: 0.101
Iter 1070 | Loss: -1276.340 | lengthscale: 1.109 | outputscale: 1.367 | noise: 0.101
Iter 1080 | Loss: -1276.377 | lengthscale: 1.109 | outputscale: 1.367 | noise: 0.101
Iter 1090 | Loss: -1276.342 | lengthscale: 1.111 | outputscale: 1.375 | noise: 0.101
Iter 1100 | Loss: -1276.368 | lengthscale: 1.111 | outputscale: 1.374 | noise: 0.101
Iter 1110 | Loss: -1276.334 | lengthscale: 1.109 | outputscale: 1.359 | noise: 0.101
Iter 1120 | Loss: -1276.378 | lengthscale: 1.112 | outputscale: 1.377 | noise: 0.101
Iter 1130 | Loss: -1276.314 | lengthscale: 1.110 | outputscale: 1.370 | noise: 0.101
Iter 1140 | Loss: -1276.353 | lengthscale: 1.108 | outputscale: 1.362 | noise: 0.101
Iter 1150 | Loss: -1276.322 | lengthscale: 1.108 | outputscale: 1.360 | noise: 0.101
Iter 1160 | Loss: -1276.363 | lengthscale: 1.112 | outputscale: 1.381 | noise: 0.101
Iter 1170 | Loss: -1276.357 | lengthscale: 1.111 | outputscale: 1.377 | noise: 0.101
Iter 1180 | Loss: -1276.346 | lengthscale: 1.111 | outputscale: 1.377 | noise: 0.101
Iter 1190 | Loss: -1276.330 | lengthscale: 1.108 | outputscale: 1.360 | noise: 0.101
Iter 1200 | Loss: -1276.355 | lengthscale: 1.109 | outputscale: 1.369 | noise: 0.101
Iter 1210 | Loss: -1276.367 | lengthscale: 1.109 | outputscale: 1.371 | noise: 0.101
Iter 1220 | Loss: -1276.373 | lengthscale: 1.106 | outputscale: 1.362 | noise: 0.101
Iter 1230 | Loss: -1276.345 | lengthscale: 1.109 | outputscale: 1.369 | noise: 0.101
Iter 1240 | Loss: -1276.342 | lengthscale: 1.111 | outputscale: 1.377 | noise: 0.101
Iter 1250 | Loss: -1276.381 | lengthscale: 1.111 | outputscale: 1.375 | noise: 0.101
Iter 1260 | Loss: -1276.370 | lengthscale: 1.109 | outputscale: 1.368 | noise: 0.101
Iter 1270 | Loss: -1276.318 | lengthscale: 1.110 | outputscale: 1.372 | noise: 0.101
Iter 1280 | Loss: -1276.337 | lengthscale: 1.109 | outputscale: 1.364 | noise: 0.101
Iter 1290 | Loss: -1276.352 | lengthscale: 1.108 | outputscale: 1.359 | noise: 0.101
Iter 1300 | Loss: -1276.349 | lengthscale: 1.112 | outputscale: 1.378 | noise: 0.101
Iter 1310 | Loss: -1276.331 | lengthscale: 1.114 | outputscale: 1.389 | noise: 0.101
Iter 1320 | Loss: -1276.372 | lengthscale: 1.107 | outputscale: 1.352 | noise: 0.101
Iter 1330 | Loss: -1276.354 | lengthscale: 1.109 | outputscale: 1.369 | noise: 0.101
Iter 1340 | Loss: -1276.394 | lengthscale: 1.110 | outputscale: 1.370 | noise: 0.101
Iter 1350 | Loss: -1276.391 | lengthscale: 1.111 | outputscale: 1.377 | noise: 0.101
Iter 1360 | Loss: -1276.377 | lengthscale: 1.113 | outputscale: 1.382 | noise: 0.101
Iter 1370 | Loss: -1276.394 | lengthscale: 1.111 | outputscale: 1.374 | noise: 0.101
Iter 1380 | Loss: -1276.364 | lengthscale: 1.110 | outputscale: 1.368 | noise: 0.101
Iter 1390 | Loss: -1276.332 | lengthscale: 1.110 | outputscale: 1.370 | noise: 0.101
Iter 1400 | Loss: -1276.336 | lengthscale: 1.108 | outputscale: 1.363 | noise: 0.101
Iter 1410 | Loss: -1276.316 | lengthscale: 1.107 | outputscale: 1.360 | noise: 0.101
Iter 1420 | Loss: -1276.313 | lengthscale: 1.109 | outputscale: 1.370 | noise: 0.101
Iter 1430 | Loss: -1276.327 | lengthscale: 1.111 | outputscale: 1.378 | noise: 0.101
Iter 1440 | Loss: -1276.322 | lengthscale: 1.111 | outputscale: 1.374 | noise: 0.101
Iter 1450 | Loss: -1276.347 | lengthscale: 1.106 | outputscale: 1.357 | noise: 0.101
Iter 1460 | Loss: -1276.334 | lengthscale: 1.109 | outputscale: 1.369 | noise: 0.101
Iter 1470 | Loss: -1276.368 | lengthscale: 1.110 | outputscale: 1.370 | noise: 0.101
Iter 1480 | Loss: -1276.360 | lengthscale: 1.111 | outputscale: 1.373 | noise: 0.101
Iter 1490 | Loss: -1276.337 | lengthscale: 1.110 | outputscale: 1.373 | noise: 0.101
Iter 1500 | Loss: -1276.382 | lengthscale: 1.110 | outputscale: 1.373 | noise: 0.101
Iter 1510 | Loss: -1276.336 | lengthscale: 1.107 | outputscale: 1.360 | noise: 0.101
Iter 1520 | Loss: -1276.369 | lengthscale: 1.106 | outputscale: 1.359 | noise: 0.101
Iter 1530 | Loss: -1276.392 | lengthscale: 1.111 | outputscale: 1.385 | noise: 0.101
Iter 1540 | Loss: -1276.304 | lengthscale: 1.109 | outputscale: 1.365 | noise: 0.101
Iter 1550 | Loss: -1276.344 | lengthscale: 1.111 | outputscale: 1.377 | noise: 0.101
Iter 1560 | Loss: -1276.343 | lengthscale: 1.110 | outputscale: 1.378 | noise: 0.101
Iter 1570 | Loss: -1276.313 | lengthscale: 1.108 | outputscale: 1.365 | noise: 0.101
Iter 1580 | Loss: -1276.355 | lengthscale: 1.109 | outputscale: 1.372 | noise: 0.101
Iter 1590 | Loss: -1276.349 | lengthscale: 1.107 | outputscale: 1.367 | noise: 0.101
Iter 1600 | Loss: -1276.356 | lengthscale: 1.108 | outputscale: 1.362 | noise: 0.101
Iter 1610 | Loss: -1276.398 | lengthscale: 1.110 | outputscale: 1.370 | noise: 0.101
Iter 1620 | Loss: -1276.321 | lengthscale: 1.109 | outputscale: 1.362 | noise: 0.101
Iter 1630 | Loss: -1276.367 | lengthscale: 1.111 | outputscale: 1.372 | noise: 0.101
Iter 1640 | Loss: -1276.350 | lengthscale: 1.110 | outputscale: 1.372 | noise: 0.101
Iter 1650 | Loss: -1276.369 | lengthscale: 1.108 | outputscale: 1.366 | noise: 0.101
Iter 1660 | Loss: -1276.328 | lengthscale: 1.108 | outputscale: 1.365 | noise: 0.101
Iter 1670 | Loss: -1276.333 | lengthscale: 1.109 | outputscale: 1.366 | noise: 0.101
Iter 1680 | Loss: -1276.351 | lengthscale: 1.112 | outputscale: 1.383 | noise: 0.101
Iter 1690 | Loss: -1276.344 | lengthscale: 1.108 | outputscale: 1.360 | noise: 0.101
Iter 1700 | Loss: -1276.342 | lengthscale: 1.110 | outputscale: 1.373 | noise: 0.101
Iter 1710 | Loss: -1276.333 | lengthscale: 1.108 | outputscale: 1.359 | noise: 0.101
Iter 1720 | Loss: -1276.382 | lengthscale: 1.111 | outputscale: 1.377 | noise: 0.101
Iter 1730 | Loss: -1276.360 | lengthscale: 1.110 | outputscale: 1.372 | noise: 0.101
Iter 1740 | Loss: -1276.358 | lengthscale: 1.111 | outputscale: 1.377 | noise: 0.101
Iter 1750 | Loss: -1276.362 | lengthscale: 1.107 | outputscale: 1.359 | noise: 0.101
Iter 1760 | Loss: -1276.351 | lengthscale: 1.110 | outputscale: 1.374 | noise: 0.101
Iter 1770 | Loss: -1276.347 | lengthscale: 1.110 | outputscale: 1.378 | noise: 0.101
Iter 1780 | Loss: -1276.336 | lengthscale: 1.109 | outputscale: 1.367 | noise: 0.101
Iter 1790 | Loss: -1276.330 | lengthscale: 1.109 | outputscale: 1.368 | noise: 0.101
Iter 1800 | Loss: -1276.338 | lengthscale: 1.110 | outputscale: 1.373 | noise: 0.101
Iter 1810 | Loss: -1276.353 | lengthscale: 1.108 | outputscale: 1.361 | noise: 0.101
Iter 1820 | Loss: -1276.350 | lengthscale: 1.107 | outputscale: 1.357 | noise: 0.101
Iter 1830 | Loss: -1276.369 | lengthscale: 1.110 | outputscale: 1.371 | noise: 0.101
Iter 1840 | Loss: -1276.355 | lengthscale: 1.110 | outputscale: 1.377 | noise: 0.101
Iter 1850 | Loss: -1276.320 | lengthscale: 1.107 | outputscale: 1.364 | noise: 0.101
Iter 1860 | Loss: -1276.339 | lengthscale: 1.108 | outputscale: 1.364 | noise: 0.101
Iter 1870 | Loss: -1276.386 | lengthscale: 1.111 | outputscale: 1.377 | noise: 0.101
Iter 1880 | Loss: -1276.389 | lengthscale: 1.108 | outputscale: 1.360 | noise: 0.101
Iter 1890 | Loss: -1276.361 | lengthscale: 1.108 | outputscale: 1.369 | noise: 0.101
Iter 1900 | Loss: -1276.360 | lengthscale: 1.111 | outputscale: 1.376 | noise: 0.101
Iter 1910 | Loss: -1276.339 | lengthscale: 1.109 | outputscale: 1.363 | noise: 0.101
Iter 1920 | Loss: -1276.379 | lengthscale: 1.110 | outputscale: 1.372 | noise: 0.101
Iter 1930 | Loss: -1276.352 | lengthscale: 1.107 | outputscale: 1.361 | noise: 0.101
Iter 1940 | Loss: -1276.363 | lengthscale: 1.111 | outputscale: 1.377 | noise: 0.101
Iter 1950 | Loss: -1276.369 | lengthscale: 1.107 | outputscale: 1.361 | noise: 0.101
Iter 1960 | Loss: -1276.347 | lengthscale: 1.110 | outputscale: 1.376 | noise: 0.101
Iter 1970 | Loss: -1276.368 | lengthscale: 1.110 | outputscale: 1.371 | noise: 0.101
Iter 1980 | Loss: -1276.366 | lengthscale: 1.107 | outputscale: 1.361 | noise: 0.101
Iter 1990 | Loss: -1276.329 | lengthscale: 1.111 | outputscale: 1.380 | noise: 0.101
Iter 2000 | Loss: -1276.384 | lengthscale: 1.111 | outputscale: 1.378 | noise: 0.101
Iter 2010 | Loss: -1276.347 | lengthscale: 1.108 | outputscale: 1.367 | noise: 0.101
Iter 2020 | Loss: -1276.363 | lengthscale: 1.110 | outputscale: 1.379 | noise: 0.101
Iter 2030 | Loss: -1276.339 | lengthscale: 1.108 | outputscale: 1.366 | noise: 0.101
Iter 2040 | Loss: -1276.335 | lengthscale: 1.111 | outputscale: 1.377 | noise: 0.101
Iter 2050 | Loss: -1276.346 | lengthscale: 1.107 | outputscale: 1.361 | noise: 0.101
Iter 2060 | Loss: -1276.329 | lengthscale: 1.108 | outputscale: 1.360 | noise: 0.101
Iter 2070 | Loss: -1276.342 | lengthscale: 1.112 | outputscale: 1.384 | noise: 0.101
Iter 2080 | Loss: -1276.359 | lengthscale: 1.107 | outputscale: 1.356 | noise: 0.101
Iter 2090 | Loss: -1276.365 | lengthscale: 1.108 | outputscale: 1.362 | noise: 0.101
Iter 2100 | Loss: -1276.395 | lengthscale: 1.112 | outputscale: 1.386 | noise: 0.101
Iter 2110 | Loss: -1276.371 | lengthscale: 1.108 | outputscale: 1.365 | noise: 0.101
Iter 2120 | Loss: -1276.339 | lengthscale: 1.109 | outputscale: 1.366 | noise: 0.101
Iter 2130 | Loss: -1276.370 | lengthscale: 1.107 | outputscale: 1.359 | noise: 0.101
Iter 2140 | Loss: -1276.346 | lengthscale: 1.108 | outputscale: 1.364 | noise: 0.101
Iter 2150 | Loss: -1276.361 | lengthscale: 1.109 | outputscale: 1.361 | noise: 0.101
Iter 2160 | Loss: -1276.344 | lengthscale: 1.111 | outputscale: 1.374 | noise: 0.101
Iter 2170 | Loss: -1276.348 | lengthscale: 1.111 | outputscale: 1.381 | noise: 0.101
Iter 2180 | Loss: -1276.336 | lengthscale: 1.109 | outputscale: 1.369 | noise: 0.101
Iter 2190 | Loss: -1276.341 | lengthscale: 1.108 | outputscale: 1.363 | noise: 0.101
Iter 2200 | Loss: -1276.368 | lengthscale: 1.112 | outputscale: 1.387 | noise: 0.101
Iter 2210 | Loss: -1276.375 | lengthscale: 1.109 | outputscale: 1.367 | noise: 0.101
Iter 2220 | Loss: -1276.339 | lengthscale: 1.109 | outputscale: 1.369 | noise: 0.101
Iter 2230 | Loss: -1276.344 | lengthscale: 1.108 | outputscale: 1.367 | noise: 0.101
Iter 2240 | Loss: -1276.350 | lengthscale: 1.113 | outputscale: 1.379 | noise: 0.101
Iter 2250 | Loss: -1276.336 | lengthscale: 1.108 | outputscale: 1.364 | noise: 0.101
Iter 2260 | Loss: -1276.361 | lengthscale: 1.105 | outputscale: 1.353 | noise: 0.101
Iter 2270 | Loss: -1276.367 | lengthscale: 1.111 | outputscale: 1.381 | noise: 0.101
Iter 2280 | Loss: -1276.340 | lengthscale: 1.107 | outputscale: 1.358 | noise: 0.101
Iter 2290 | Loss: -1276.356 | lengthscale: 1.110 | outputscale: 1.372 | noise: 0.101
Iter 2300 | Loss: -1276.329 | lengthscale: 1.106 | outputscale: 1.351 | noise: 0.101
Iter 2310 | Loss: -1276.365 | lengthscale: 1.110 | outputscale: 1.376 | noise: 0.101
Iter 2320 | Loss: -1276.353 | lengthscale: 1.110 | outputscale: 1.375 | noise: 0.101
Iter 2330 | Loss: -1276.342 | lengthscale: 1.107 | outputscale: 1.360 | noise: 0.101
Iter 2340 | Loss: -1276.315 | lengthscale: 1.109 | outputscale: 1.367 | noise: 0.101
Iter 2350 | Loss: -1276.334 | lengthscale: 1.109 | outputscale: 1.367 | noise: 0.101
Iter 2360 | Loss: -1276.319 | lengthscale: 1.110 | outputscale: 1.374 | noise: 0.101
Iter 2370 | Loss: -1276.355 | lengthscale: 1.111 | outputscale: 1.377 | noise: 0.101
Iter 2380 | Loss: -1276.356 | lengthscale: 1.106 | outputscale: 1.351 | noise: 0.101
Iter 2390 | Loss: -1276.343 | lengthscale: 1.110 | outputscale: 1.371 | noise: 0.101
Iter 2400 | Loss: -1276.333 | lengthscale: 1.115 | outputscale: 1.398 | noise: 0.101
Iter 2410 | Loss: -1276.372 | lengthscale: 1.107 | outputscale: 1.359 | noise: 0.101
Iter 2420 | Loss: -1276.358 | lengthscale: 1.109 | outputscale: 1.368 | noise: 0.101
Iter 2430 | Loss: -1276.355 | lengthscale: 1.110 | outputscale: 1.369 | noise: 0.101
Iter 2440 | Loss: -1276.330 | lengthscale: 1.110 | outputscale: 1.374 | noise: 0.101
Iter 2450 | Loss: -1276.364 | lengthscale: 1.109 | outputscale: 1.365 | noise: 0.101
Iter 2460 | Loss: -1276.337 | lengthscale: 1.110 | outputscale: 1.370 | noise: 0.101
Iter 2470 | Loss: -1276.348 | lengthscale: 1.111 | outputscale: 1.376 | noise: 0.101
Iter 2480 | Loss: -1276.343 | lengthscale: 1.108 | outputscale: 1.365 | noise: 0.101
Iter 2490 | Loss: -1276.346 | lengthscale: 1.109 | outputscale: 1.368 | noise: 0.101
Iter 2499 | Loss: -1276.354 | lengthscale: 1.109 | outputscale: 1.366 | noise: 0.101
Learned Hyperparams:  {'lengthscale': 1.1092411279678345, 'outputscale': 1.366117238998413, 'noise': 0.10086743533611298, 'marginal_likelihood_loss_history': [-811.2667236328125, -822.3807373046875, -833.4058837890625, -844.3475341796875, -855.2044677734375, -865.9737548828125, -876.6451416015625, -887.2261962890625, -897.7069091796875, -908.0841064453125, -918.3570556640625, -928.5233154296875, -938.5765380859375, -948.5203857421875, -958.3375244140625, -968.0440673828125, -977.6146240234375, -987.0733642578125, -996.3927001953125, -1005.5850830078125, -1014.6405029296875, -1023.5635986328125, -1032.3399658203125, -1040.9688720703125, -1049.4578857421875, -1057.7947998046875, -1065.9813232421875, -1074.0106201171875, -1081.8912353515625, -1089.6124267578125, -1097.1656494140625, -1104.5716552734375, -1111.7967529296875, -1118.8548583984375, -1125.7620849609375, -1132.4940185546875, -1139.0494384765625, -1145.4537353515625, -1151.6690673828125, -1157.7122802734375, -1163.5755615234375, -1169.2747802734375, -1174.8114013671875, -1180.1602783203125, -1185.3385009765625, -1190.3309326171875, -1195.1517333984375, -1199.8294677734375, -1204.2857666015625, -1208.6126708984375, -1212.7562255859375, -1216.7393798828125, -1220.5391845703125, -1224.1727294921875, -1227.6795654296875, -1230.9984130859375, -1234.1531982421875, -1237.1785888671875, -1240.0145263671875, -1242.7305908203125, -1245.3109130859375, -1247.7435302734375, -1250.0599365234375, -1252.2061767578125, -1254.2188720703125, -1256.0975341796875, -1257.9285888671875, -1259.5909423828125, -1261.1265869140625, -1262.5760498046875, -1263.9266357421875, -1265.1531982421875, -1266.2977294921875, -1267.3345947265625, -1268.3001708984375, -1269.1856689453125, -1270.0172119140625, -1270.7369384765625, -1271.4263916015625, -1272.0264892578125, -1272.5833740234375, -1273.0789794921875, -1273.5323486328125, -1273.9071044921875, -1274.2877197265625, -1274.5850830078125, -1274.8240966796875, -1275.0780029296875, -1275.2921142578125, -1275.4613037109375, -1275.5609130859375, -1275.7430419921875, -1275.8707275390625, -1275.9569091796875, -1276.0765380859375, -1276.1429443359375, -1276.1478271484375, -1276.2086181640625, -1276.2445068359375, -1276.2708740234375, -1276.2962646484375, -1276.3294677734375, -1276.3641357421875, -1276.3494873046875, -1276.3114013671875, -1276.3475341796875, -1276.3475341796875, -1276.3326416015625, -1276.3436279296875, -1276.3304443359375, -1276.3309326171875, -1276.3507080078125, -1276.3133544921875, -1276.3231201171875, -1276.3624267578125, -1276.3245849609375, -1276.3275146484375, -1276.3402099609375, -1276.3072509765625, -1276.3033447265625, -1276.3082275390625, -1276.3040771484375, -1276.3233642578125, -1276.3231201171875, -1276.3489990234375, -1276.3670654296875, -1276.3507080078125, -1276.2991943359375, -1276.3138427734375, -1276.3280029296875, -1276.3162841796875, -1276.3448486328125, -1276.3153076171875, -1276.3323974609375, -1276.3199462890625, -1276.3612060546875, -1276.3060302734375, -1276.3284912109375, -1276.3563232421875, -1276.3443603515625, -1276.3175048828125, -1276.3463134765625, -1276.3504638671875, -1276.3365478515625, -1276.3377685546875, -1276.3468017578125, -1276.3402099609375, -1276.3399658203125, -1276.3377685546875, -1276.3406982421875, -1276.3590087890625, -1276.3389892578125, -1276.3465576171875, -1276.3450927734375, -1276.3367919921875, -1276.3153076171875, -1276.3878173828125, -1276.3582763671875, -1276.3648681640625, -1276.3616943359375, -1276.3355712890625, -1276.3514404296875, -1276.3187255859375, -1276.3558349609375, -1276.3594970703125, -1276.3746337890625, -1276.3511962890625, -1276.3424072265625, -1276.3685302734375, -1276.3746337890625, -1276.3428955078125, -1276.3145751953125, -1276.3358154296875, -1276.3599853515625, -1276.3475341796875, -1276.3392333984375, -1276.3009033203125, -1276.3519287109375, -1276.3406982421875, -1276.3858642578125, -1276.3607177734375, -1276.3582763671875, -1276.3919677734375, -1276.3299560546875, -1276.3631591796875, -1276.3233642578125, -1276.3616943359375, -1276.3411865234375, -1276.3360595703125, -1276.3526611328125, -1276.3624267578125, -1276.3753662109375, -1276.3629150390625, -1276.3695068359375, -1276.3358154296875, -1276.3485107421875, -1276.3294677734375, -1276.3446044921875, -1276.3411865234375, -1276.3363037109375, -1276.3206787109375, -1276.3580322265625, -1276.3424072265625, -1276.3819580078125, -1276.3883056640625, -1276.3546142578125, -1276.3653564453125, -1276.3719482421875, -1276.3587646484375, -1276.3548583984375, -1276.3812255859375, -1276.3253173828125, -1276.3616943359375, -1276.3607177734375, -1276.3846435546875, -1276.3797607421875, -1276.3524169921875, -1276.3421630859375, -1276.2972412109375, -1276.3507080078125, -1276.3529052734375, -1276.3704833984375, -1276.3367919921875, -1276.3975830078125, -1276.3472900390625, -1276.3741455078125, -1276.3873291015625, -1276.3636474609375, -1276.3631591796875, -1276.3702392578125, -1276.3514404296875, -1276.3275146484375, -1276.3499755859375, -1276.3636474609375, -1276.3519287109375, -1276.3721923828125, -1276.3411865234375, -1276.3604736328125, -1276.3460693359375, -1276.3651123046875, -1276.3763427734375, -1276.3509521484375, -1276.3480224609375, -1276.3660888671875, -1276.3350830078125, -1276.3719482421875, -1276.3446044921875, -1276.3568115234375, -1276.3714599609375, -1276.3604736328125, -1276.3377685546875, -1276.3675537109375, -1276.3424072265625, -1276.3658447265625, -1276.3685302734375, -1276.3695068359375, -1276.3570556640625, -1276.3670654296875, -1276.3853759765625, -1276.3800048828125, -1276.3421630859375, -1276.3514404296875, -1276.3792724609375, -1276.3231201171875, -1276.3529052734375, -1276.3895263671875, -1276.3599853515625, -1276.3743896484375, -1276.3372802734375, -1276.3773193359375, -1276.3729248046875, -1276.3797607421875, -1276.3470458984375, -1276.3336181640625, -1276.3475341796875, -1276.3748779296875, -1276.3675537109375, -1276.3397216796875, -1276.3819580078125, -1276.3548583984375, -1276.3543701171875, -1276.3499755859375, -1276.3768310546875, -1276.3753662109375, -1276.3658447265625, -1276.3326416015625, -1276.3519287109375, -1276.3607177734375, -1276.3458251953125, -1276.3399658203125, -1276.3668212890625, -1276.3197021484375, -1276.3602294921875, -1276.3292236328125, -1276.3592529296875, -1276.3846435546875, -1276.3753662109375, -1276.3721923828125, -1276.3568115234375, -1276.3729248046875, -1276.3602294921875, -1276.3834228515625, -1276.3128662109375, -1276.3509521484375, -1276.3607177734375, -1276.3453369140625, -1276.3306884765625, -1276.3719482421875, -1276.3548583984375, -1276.3302001953125, -1276.3426513671875, -1276.3482666015625, -1276.3560791015625, -1276.3316650390625, -1276.3536376953125, -1276.3665771484375, -1276.3577880859375, -1276.3743896484375, -1276.3367919921875, -1276.3597412109375, -1276.3636474609375, -1276.3377685546875, -1276.3387451171875, -1276.3614501953125, -1276.3438720703125, -1276.3624267578125, -1276.3192138671875, -1276.3631591796875, -1276.3714599609375, -1276.3265380859375, -1276.3553466796875, -1276.3663330078125, -1276.3109130859375, -1276.3587646484375, -1276.3563232421875, -1276.3387451171875, -1276.3236083984375, -1276.3580322265625, -1276.3428955078125, -1276.3739013671875, -1276.3389892578125, -1276.3673095703125, -1276.3333740234375, -1276.3287353515625, -1276.3377685546875, -1276.3626708984375, -1276.3345947265625, -1276.3529052734375, -1276.3309326171875, -1276.3350830078125, -1276.3758544921875, -1276.3485107421875, -1276.3411865234375, -1276.3382568359375, -1276.3294677734375, -1276.3531494140625, -1276.3411865234375, -1276.3597412109375, -1276.3695068359375, -1276.3568115234375, -1276.3267822265625, -1276.3511962890625, -1276.3853759765625, -1276.3646240234375, -1276.3465576171875, -1276.3402099609375, -1276.3519287109375, -1276.3292236328125, -1276.3714599609375, -1276.3548583984375, -1276.3304443359375, -1276.3665771484375, -1276.3292236328125, -1276.3470458984375, -1276.3782958984375, -1276.3646240234375, -1276.3641357421875, -1276.3409423828125, -1276.3699951171875, -1276.3704833984375, -1276.3631591796875, -1276.3387451171875, -1276.3629150390625, -1276.3428955078125, -1276.3851318359375, -1276.3543701171875, -1276.3489990234375, -1276.3663330078125, -1276.3299560546875, -1276.3582763671875, -1276.3743896484375, -1276.3648681640625, -1276.3626708984375, -1276.3380126953125, -1276.3787841796875, -1276.3721923828125, -1276.3363037109375, -1276.3314208984375, -1276.3236083984375, -1276.3651123046875, -1276.3499755859375, -1276.3387451171875, -1276.3343505859375, -1276.3404541015625, -1276.3536376953125, -1276.3656005859375, -1276.3765869140625, -1276.3338623046875, -1276.3524169921875, -1276.3348388671875, -1276.3511962890625, -1276.3336181640625, -1276.3817138671875, -1276.3397216796875, -1276.3572998046875, -1276.3602294921875, -1276.3450927734375, -1276.3360595703125, -1276.3792724609375, -1276.3421630859375, -1276.3709716796875, -1276.3411865234375, -1276.3572998046875, -1276.3809814453125, -1276.3695068359375, -1276.3419189453125, -1276.3048095703125, -1276.3563232421875, -1276.3699951171875, -1276.3616943359375, -1276.3592529296875, -1276.3492431640625, -1276.3597412109375, -1276.3739013671875, -1276.3734130859375, -1276.3509521484375, -1276.3363037109375, -1276.3565673828125, -1276.3714599609375, -1276.3507080078125, -1276.3438720703125, -1276.3626708984375, -1276.3289794921875, -1276.3458251953125, -1276.3814697265625, -1276.3751220703125, -1276.3460693359375, -1276.3475341796875, -1276.3419189453125, -1276.3487548828125, -1276.3692626953125, -1276.3455810546875, -1276.3489990234375, -1276.3616943359375, -1276.3846435546875, -1276.3477783203125, -1276.3231201171875, -1276.3529052734375, -1276.3402099609375, -1276.3756103515625, -1276.3529052734375, -1276.3577880859375, -1276.3328857421875, -1276.3682861328125, -1276.3358154296875, -1276.3570556640625, -1276.3887939453125, -1276.3470458984375, -1276.3763427734375, -1276.3690185546875, -1276.3836669921875, -1276.3463134765625, -1276.3446044921875, -1276.3507080078125, -1276.3763427734375, -1276.3233642578125, -1276.3416748046875, -1276.3350830078125, -1276.3699951171875, -1276.3768310546875, -1276.3714599609375, -1276.3592529296875, -1276.3485107421875, -1276.3529052734375, -1276.3399658203125, -1276.3485107421875, -1276.3499755859375, -1276.3409423828125, -1276.3670654296875, -1276.3624267578125, -1276.3665771484375, -1276.3382568359375, -1276.3402099609375, -1276.3712158203125, -1276.3631591796875, -1276.3255615234375, -1276.3367919921875, -1276.3314208984375, -1276.3597412109375, -1276.3226318359375, -1276.3411865234375, -1276.3426513671875, -1276.3470458984375, -1276.3670654296875, -1276.3138427734375, -1276.3385009765625, -1276.3592529296875, -1276.3558349609375, -1276.3863525390625, -1276.3714599609375, -1276.3599853515625, -1276.3651123046875, -1276.3436279296875, -1276.3648681640625, -1276.3367919921875, -1276.3760986328125, -1276.3526611328125, -1276.3431396484375, -1276.3695068359375, -1276.3809814453125, -1276.3231201171875, -1276.3387451171875, -1276.3277587890625, -1276.3436279296875, -1276.3883056640625, -1276.3421630859375, -1276.3565673828125, -1276.3211669921875, -1276.3851318359375, -1276.3856201171875, -1276.3453369140625, -1276.3480224609375, -1276.3558349609375, -1276.3465576171875, -1276.3465576171875, -1276.3402099609375, -1276.3592529296875, -1276.3402099609375, -1276.3763427734375, -1276.3238525390625, -1276.3116455078125, -1276.3455810546875, -1276.3448486328125, -1276.3868408203125, -1276.3792724609375, -1276.3680419921875, -1276.3475341796875, -1276.3675537109375, -1276.3463134765625, -1276.3695068359375, -1276.3587646484375, -1276.3297119140625, -1276.3660888671875, -1276.3577880859375, -1276.3753662109375, -1276.4083251953125, -1276.3343505859375, -1276.3052978515625, -1276.3184814453125, -1276.3507080078125, -1276.3690185546875, -1276.3272705078125, -1276.3709716796875, -1276.3724365234375, -1276.3616943359375, -1276.3485107421875, -1276.3363037109375, -1276.3455810546875, -1276.3690185546875, -1276.3582763671875, -1276.3841552734375, -1276.3284912109375, -1276.3670654296875, -1276.3363037109375, -1276.3306884765625, -1276.3406982421875, -1276.3465576171875, -1276.3497314453125, -1276.3616943359375, -1276.3560791015625, -1276.3370361328125, -1276.3575439453125, -1276.3489990234375, -1276.3514404296875, -1276.3792724609375, -1276.3582763671875, -1276.3480224609375, -1276.3460693359375, -1276.3336181640625, -1276.3856201171875, -1276.3404541015625, -1276.3411865234375, -1276.3604736328125, -1276.3392333984375, -1276.3665771484375, -1276.3607177734375, -1276.3087158203125, -1276.3460693359375, -1276.3548583984375, -1276.3582763671875, -1276.3846435546875, -1276.3741455078125, -1276.3289794921875, -1276.3460693359375, -1276.3458251953125, -1276.3748779296875, -1276.3709716796875, -1276.3802490234375, -1276.3643798828125, -1276.3470458984375, -1276.3597412109375, -1276.3587646484375, -1276.3306884765625, -1276.3634033203125, -1276.3485107421875, -1276.3568115234375, -1276.3529052734375, -1276.3065185546875, -1276.3192138671875, -1276.3280029296875, -1276.3543701171875, -1276.3411865234375, -1276.3607177734375, -1276.3568115234375, -1276.3399658203125, -1276.3426513671875, -1276.3304443359375, -1276.3382568359375, -1276.3814697265625, -1276.3458251953125, -1276.3492431640625, -1276.3555908203125, -1276.3363037109375, -1276.3572998046875, -1276.3502197265625, -1276.3494873046875, -1276.3585205078125, -1276.3602294921875, -1276.3450927734375, -1276.3472900390625, -1276.3441162109375, -1276.3492431640625, -1276.3397216796875, -1276.3321533203125, -1276.3477783203125, -1276.3756103515625, -1276.3343505859375, -1276.3287353515625, -1276.3482666015625, -1276.3509521484375, -1276.3128662109375, -1276.3551025390625, -1276.3489990234375, -1276.3807373046875, -1276.3533935546875, -1276.3265380859375, -1276.3712158203125, -1276.3143310546875, -1276.3663330078125, -1276.3331298828125, -1276.3343505859375, -1276.3563232421875, -1276.3319091796875, -1276.3548583984375, -1276.3275146484375, -1276.3394775390625, -1276.3551025390625, -1276.3489990234375, -1276.3192138671875, -1276.3602294921875, -1276.3626708984375, -1276.3665771484375, -1276.3572998046875, -1276.3543701171875, -1276.3546142578125, -1276.3529052734375, -1276.3646240234375, -1276.4010009765625, -1276.3411865234375, -1276.3321533203125, -1276.3690185546875, -1276.3436279296875, -1276.3817138671875, -1276.3382568359375, -1276.3714599609375, -1276.3775634765625, -1276.3572998046875, -1276.3201904296875, -1276.3226318359375, -1276.3914794921875, -1276.3751220703125, -1276.3245849609375, -1276.3511962890625, -1276.3519287109375, -1276.3382568359375, -1276.3402099609375, -1276.3533935546875, -1276.3399658203125, -1276.3477783203125, -1276.3602294921875, -1276.3582763671875, -1276.3607177734375, -1276.3568115234375, -1276.3262939453125, -1276.3392333984375, -1276.3524169921875, -1276.3470458984375, -1276.3492431640625, -1276.3421630859375, -1276.3524169921875, -1276.3453369140625, -1276.3563232421875, -1276.3372802734375, -1276.3665771484375, -1276.3314208984375, -1276.3406982421875, -1276.3758544921875, -1276.3450927734375, -1276.3277587890625, -1276.3363037109375, -1276.3345947265625, -1276.3641357421875, -1276.3446044921875, -1276.3553466796875, -1276.3485107421875, -1276.3514404296875, -1276.3221435546875, -1276.3514404296875, -1276.3636474609375, -1276.3489990234375, -1276.3441162109375, -1276.3348388671875, -1276.3311767578125, -1276.3895263671875, -1276.3504638671875, -1276.3443603515625, -1276.3626708984375, -1276.3424072265625, -1276.3697509765625, -1276.3570556640625, -1276.3673095703125, -1276.3707275390625, -1276.3411865234375, -1276.3724365234375, -1276.3638916015625, -1276.3331298828125, -1276.3619384765625, -1276.3399658203125, -1276.3724365234375, -1276.3055419921875, -1276.3297119140625, -1276.3658447265625, -1276.3492431640625, -1276.3406982421875, -1276.3336181640625, -1276.3687744140625, -1276.3734130859375, -1276.3658447265625, -1276.3607177734375, -1276.3560791015625, -1276.3597412109375, -1276.3660888671875, -1276.3341064453125, -1276.3792724609375, -1276.3460693359375, -1276.3743896484375, -1276.3687744140625, -1276.3287353515625, -1276.3304443359375, -1276.3489990234375, -1276.3792724609375, -1276.3502197265625, -1276.3365478515625, -1276.3768310546875, -1276.3734130859375, -1276.3719482421875, -1276.3509521484375, -1276.3226318359375, -1276.3504638671875, -1276.3626708984375, -1276.3819580078125, -1276.3475341796875, -1276.3516845703125, -1276.3431396484375, -1276.3565673828125, -1276.3441162109375, -1276.3431396484375, -1276.3382568359375, -1276.3397216796875, -1276.3651123046875, -1276.3424072265625, -1276.3768310546875, -1276.3289794921875, -1276.3455810546875, -1276.3377685546875, -1276.3812255859375, -1276.3865966796875, -1276.3304443359375, -1276.3382568359375, -1276.3778076171875, -1276.3551025390625, -1276.3533935546875, -1276.3680419921875, -1276.3658447265625, -1276.3460693359375, -1276.3641357421875, -1276.3175048828125, -1276.3538818359375, -1276.3507080078125, -1276.3631591796875, -1276.3253173828125, -1276.3909912109375, -1276.3582763671875, -1276.3275146484375, -1276.3778076171875, -1276.3985595703125, -1276.3392333984375, -1276.3341064453125, -1276.3575439453125, -1276.3511962890625, -1276.3751220703125, -1276.3944091796875, -1276.3450927734375, -1276.3502197265625, -1276.3555908203125, -1276.3111572265625, -1276.3411865234375, -1276.3424072265625, -1276.3511962890625, -1276.3656005859375, -1276.3443603515625, -1276.3455810546875, -1276.3304443359375, -1276.3529052734375, -1276.3614501953125, -1276.3822021484375, -1276.3428955078125, -1276.3609619140625, -1276.3553466796875, -1276.3809814453125, -1276.3651123046875, -1276.3489990234375, -1276.3675537109375, -1276.3265380859375, -1276.3475341796875, -1276.3380126953125, -1276.3624267578125, -1276.3509521484375, -1276.3782958984375, -1276.3367919921875, -1276.3616943359375, -1276.3878173828125, -1276.3485107421875, -1276.3226318359375, -1276.3465576171875, -1276.3470458984375, -1276.3927001953125, -1276.3306884765625, -1276.3560791015625, -1276.3638916015625, -1276.3626708984375, -1276.3504638671875, -1276.3524169921875, -1276.3504638671875, -1276.3370361328125, -1276.3607177734375, -1276.3641357421875, -1276.3695068359375, -1276.3519287109375, -1276.3817138671875, -1276.3492431640625, -1276.3592529296875, -1276.3406982421875, -1276.3277587890625, -1276.3538818359375, -1276.3897705078125, -1276.3475341796875, -1276.3663330078125, -1276.3450927734375, -1276.3624267578125, -1276.3597412109375, -1276.3543701171875, -1276.3494873046875, -1276.3414306640625, -1276.3685302734375, -1276.3558349609375, -1276.3572998046875, -1276.3585205078125, -1276.3465576171875, -1276.3597412109375, -1276.3717041015625, -1276.3575439453125, -1276.3621826171875, -1276.3758544921875, -1276.3743896484375, -1276.3509521484375, -1276.3521728515625, -1276.3629150390625, -1276.3294677734375, -1276.3861083984375, -1276.3358154296875, -1276.3626708984375, -1276.3707275390625, -1276.3465576171875, -1276.3553466796875, -1276.3634033203125, -1276.3167724609375, -1276.3553466796875, -1276.3446044921875, -1276.3582763671875, -1276.3709716796875, -1276.3465576171875, -1276.3182373046875, -1276.3519287109375, -1276.3468017578125, -1276.3685302734375, -1276.3563232421875, -1276.3489990234375, -1276.3402099609375, -1276.3367919921875, -1276.3309326171875, -1276.3555908203125, -1276.3609619140625, -1276.3597412109375, -1276.3287353515625, -1276.3729248046875, -1276.3521728515625, -1276.3529052734375, -1276.3153076171875, -1276.3165283203125, -1276.3653564453125, -1276.3460693359375, -1276.3743896484375, -1276.3438720703125, -1276.3499755859375, -1276.3631591796875, -1276.4141845703125, -1276.3668212890625, -1276.3978271484375, -1276.3221435546875, -1276.3026123046875, -1276.3502197265625, -1276.3780517578125, -1276.3355712890625, -1276.3807373046875, -1276.3394775390625, -1276.3431396484375, -1276.3656005859375, -1276.3685302734375, -1276.3753662109375, -1276.3363037109375, -1276.3538818359375, -1276.3382568359375, -1276.3665771484375, -1276.3455810546875, -1276.3426513671875, -1276.3609619140625, -1276.3551025390625, -1276.3333740234375, -1276.3446044921875, -1276.3450927734375, -1276.3621826171875, -1276.3499755859375, -1276.3580322265625, -1276.3834228515625, -1276.3636474609375, -1276.3719482421875, -1276.3670654296875, -1276.3382568359375, -1276.3431396484375, -1276.3548583984375, -1276.3829345703125, -1276.3768310546875, -1276.3392333984375, -1276.3675537109375, -1276.3160400390625, -1276.3685302734375, -1276.3450927734375, -1276.3680419921875, -1276.3353271484375, -1276.3387451171875, -1276.3209228515625, -1276.3690185546875, -1276.3326416015625, -1276.3663330078125, -1276.3511962890625, -1276.3392333984375, -1276.3782958984375, -1276.3321533203125, -1276.3626708984375, -1276.3470458984375, -1276.3748779296875, -1276.3831787109375, -1276.3472900390625, -1276.3519287109375, -1276.3638916015625, -1276.3421630859375, -1276.3585205078125, -1276.3372802734375, -1276.3594970703125, -1276.3363037109375, -1276.3607177734375, -1276.3692626953125, -1276.3487548828125, -1276.3475341796875, -1276.3597412109375, -1276.3587646484375, -1276.3441162109375, -1276.3377685546875, -1276.3162841796875, -1276.3363037109375, -1276.3753662109375, -1276.3927001953125, -1276.3846435546875, -1276.3555908203125, -1276.3380126953125, -1276.3492431640625, -1276.3641357421875, -1276.3670654296875, -1276.3653564453125, -1276.3363037109375, -1276.3353271484375, -1276.3294677734375, -1276.3460693359375, -1276.3277587890625, -1276.3519287109375, -1276.3326416015625, -1276.3636474609375, -1276.3526611328125, -1276.3538818359375, -1276.3433837890625, -1276.3377685546875, -1276.3861083984375, -1276.3582763671875, -1276.3511962890625, -1276.3406982421875, -1276.3519287109375, -1276.3472900390625, -1276.3616943359375, -1276.3309326171875, -1276.3558349609375, -1276.3524169921875, -1276.3709716796875, -1276.3663330078125, -1276.3314208984375, -1276.3441162109375, -1276.3607177734375, -1276.3438720703125, -1276.3341064453125, -1276.3555908203125, -1276.3231201171875, -1276.3382568359375, -1276.3397216796875, -1276.3553466796875, -1276.3699951171875, -1276.3265380859375, -1276.3519287109375, -1276.3441162109375, -1276.3575439453125, -1276.3785400390625, -1276.3714599609375, -1276.3294677734375, -1276.3358154296875, -1276.3643798828125, -1276.3748779296875, -1276.3577880859375, -1276.3292236328125, -1276.3653564453125, -1276.3245849609375, -1276.3714599609375, -1276.3397216796875, -1276.3455810546875, -1276.3428955078125, -1276.3692626953125, -1276.3177490234375, -1276.3360595703125, -1276.3153076171875, -1276.3709716796875, -1276.3555908203125, -1276.3880615234375, -1276.3770751953125, -1276.3463134765625, -1276.3729248046875, -1276.3729248046875, -1276.3572998046875, -1276.3748779296875, -1276.3280029296875, -1276.3470458984375, -1276.3394775390625, -1276.3309326171875, -1276.3424072265625, -1276.3641357421875, -1276.3382568359375, -1276.3309326171875, -1276.3580322265625, -1276.3734130859375, -1276.3477783203125, -1276.3709716796875, -1276.3450927734375, -1276.3492431640625, -1276.3682861328125, -1276.3702392578125, -1276.3519287109375, -1276.3294677734375, -1276.3419189453125, -1276.3577880859375, -1276.3758544921875, -1276.3323974609375, -1276.3338623046875, -1276.3558349609375, -1276.3338623046875, -1276.3267822265625, -1276.3634033203125, -1276.3404541015625, -1276.3580322265625, -1276.3543701171875, -1276.3406982421875, -1276.3638916015625, -1276.3487548828125, -1276.3609619140625, -1276.3782958984375, -1276.3665771484375, -1276.3480224609375, -1276.3309326171875, -1276.3446044921875, -1276.3536376953125, -1276.3775634765625, -1276.3804931640625, -1276.3460693359375, -1276.3641357421875, -1276.3143310546875, -1276.3890380859375, -1276.3416748046875, -1276.3419189453125, -1276.3150634765625, -1276.3299560546875, -1276.3548583984375, -1276.3634033203125, -1276.3709716796875, -1276.3470458984375, -1276.3529052734375, -1276.3499755859375, -1276.3978271484375, -1276.3817138671875, -1276.3482666015625, -1276.3729248046875, -1276.3424072265625, -1276.3221435546875, -1276.3282470703125, -1276.3275146484375, -1276.3218994140625, -1276.3111572265625, -1276.3221435546875, -1276.3526611328125, -1276.3563232421875, -1276.3602294921875, -1276.3909912109375, -1276.3519287109375, -1276.3426513671875, -1276.3348388671875, -1276.3631591796875, -1276.3580322265625, -1276.3741455078125, -1276.3455810546875, -1276.3099365234375, -1276.3519287109375, -1276.3658447265625, -1276.3651123046875, -1276.3519287109375, -1276.3426513671875, -1276.3572998046875, -1276.3822021484375, -1276.3492431640625, -1276.3431396484375, -1276.3494873046875, -1276.3665771484375, -1276.3804931640625, -1276.3834228515625, -1276.3255615234375, -1276.3538818359375, -1276.3460693359375, -1276.3426513671875, -1276.3734130859375, -1276.3123779296875, -1276.3421630859375, -1276.3294677734375, -1276.3319091796875, -1276.3543701171875, -1276.3822021484375, -1276.3704833984375, -1276.3297119140625, -1276.3743896484375, -1276.3594970703125, -1276.3372802734375, -1276.3748779296875, -1276.3499755859375, -1276.3944091796875, -1276.3319091796875, -1276.3236083984375, -1276.3668212890625, -1276.3553466796875, -1276.3426513671875, -1276.3541259765625, -1276.3897705078125, -1276.3756103515625, -1276.3438720703125, -1276.3409423828125, -1276.3348388671875, -1276.3616943359375, -1276.3577880859375, -1276.3668212890625, -1276.3675537109375, -1276.3328857421875, -1276.3543701171875, -1276.3690185546875, -1276.3392333984375, -1276.3612060546875, -1276.3922119140625, -1276.3453369140625, -1276.3504638671875, -1276.3734130859375, -1276.3551025390625, -1276.3392333984375, -1276.3514404296875, -1276.3482666015625, -1276.3560791015625, -1276.3509521484375, -1276.3328857421875, -1276.3485107421875, -1276.3841552734375, -1276.3448486328125, -1276.3541259765625, -1276.3602294921875, -1276.3773193359375, -1276.3560791015625, -1276.3411865234375, -1276.3763427734375, -1276.3587646484375, -1276.3592529296875, -1276.3792724609375, -1276.3424072265625, -1276.3597412109375, -1276.3253173828125, -1276.3333740234375, -1276.3504638671875, -1276.3582763671875, -1276.3646240234375, -1276.3455810546875, -1276.3455810546875, -1276.3682861328125, -1276.3812255859375, -1276.3436279296875, -1276.3404541015625, -1276.3411865234375, -1276.3426513671875, -1276.3477783203125, -1276.3526611328125, -1276.3558349609375, -1276.3475341796875, -1276.3582763671875, -1276.3697509765625, -1276.3636474609375, -1276.3563232421875, -1276.3721923828125, -1276.3592529296875, -1276.3709716796875, -1276.3294677734375, -1276.3448486328125, -1276.3463134765625, -1276.3382568359375, -1276.3182373046875, -1276.3770751953125, -1276.3697509765625, -1276.3516845703125, -1276.3402099609375, -1276.3511962890625, -1276.3929443359375, -1276.3546142578125, -1276.3514404296875, -1276.3411865234375, -1276.3367919921875, -1276.3521728515625, -1276.3492431640625, -1276.3399658203125, -1276.3128662109375, -1276.3494873046875, -1276.3182373046875, -1276.3651123046875, -1276.3651123046875, -1276.3551025390625, -1276.3519287109375, -1276.3568115234375, -1276.3419189453125, -1276.3358154296875, -1276.3675537109375, -1276.3773193359375, -1276.3065185546875, -1276.3543701171875, -1276.3494873046875, -1276.3280029296875, -1276.3492431640625, -1276.3333740234375, -1276.3641357421875, -1276.3175048828125, -1276.3280029296875, -1276.3572998046875, -1276.3480224609375, -1276.3665771484375, -1276.3592529296875, -1276.3245849609375, -1276.3309326171875, -1276.3587646484375, -1276.3446044921875, -1276.3253173828125, -1276.3109130859375, -1276.2982177734375, -1276.3499755859375, -1276.3509521484375, -1276.3450927734375, -1276.3724365234375, -1276.3721923828125, -1276.3426513671875, -1276.3997802734375, -1276.3167724609375, -1276.3526611328125, -1276.3531494140625, -1276.3233642578125, -1276.3167724609375, -1276.3670654296875, -1276.3426513671875, -1276.3538818359375, -1276.3255615234375, -1276.3489990234375, -1276.3577880859375, -1276.3377685546875, -1276.3575439453125, -1276.3568115234375, -1276.3621826171875, -1276.3726806640625, -1276.3402099609375, -1276.3944091796875, -1276.3475341796875, -1276.3526611328125, -1276.3553466796875, -1276.3255615234375, -1276.3431396484375, -1276.3636474609375, -1276.3404541015625, -1276.3240966796875, -1276.3365478515625, -1276.3914794921875, -1276.3521728515625, -1276.3201904296875, -1276.3450927734375, -1276.3372802734375, -1276.3699951171875, -1276.3851318359375, -1276.3973388671875, -1276.3568115234375, -1276.3372802734375, -1276.3768310546875, -1276.3636474609375, -1276.3721923828125, -1276.3187255859375, -1276.3275146484375, -1276.3438720703125, -1276.3299560546875, -1276.3577880859375, -1276.3226318359375, -1276.3431396484375, -1276.3936767578125, -1276.3646240234375, -1276.3670654296875, -1276.3341064453125, -1276.3426513671875, -1276.3695068359375, -1276.3433837890625, -1276.3543701171875, -1276.3592529296875, -1276.3741455078125, -1276.3643798828125, -1276.3687744140625, -1276.3363037109375, -1276.3289794921875, -1276.3541259765625, -1276.3619384765625, -1276.3770751953125, -1276.3546142578125, -1276.3538818359375, -1276.3306884765625, -1276.3323974609375, -1276.3529052734375, -1276.3443603515625, -1276.3187255859375, -1276.3096923828125, -1276.3553466796875, -1276.3729248046875, -1276.3748779296875, -1276.3558349609375, -1276.3094482421875, -1276.3363037109375, -1276.3411865234375, -1276.3648681640625, -1276.3739013671875, -1276.3226318359375, -1276.3680419921875, -1276.3460693359375, -1276.3406982421875, -1276.3592529296875, -1276.3414306640625, -1276.3160400390625, -1276.3282470703125, -1276.3548583984375, -1276.3602294921875, -1276.3531494140625, -1276.3507080078125, -1276.3433837890625, -1276.3697509765625, -1276.3963623046875, -1276.3621826171875, -1276.3128662109375, -1276.3460693359375, -1276.3614501953125, -1276.3614501953125, -1276.3460693359375, -1276.3338623046875, -1276.3309326171875, -1276.3817138671875, -1276.3636474609375, -1276.3660888671875, -1276.3265380859375, -1276.3096923828125, -1276.3446044921875, -1276.3836669921875, -1276.3455810546875, -1276.3201904296875, -1276.3748779296875, -1276.3612060546875, -1276.3631591796875, -1276.3687744140625, -1276.3218994140625, -1276.3575439453125, -1276.3597412109375, -1276.3465576171875, -1276.3441162109375, -1276.3531494140625, -1276.3677978515625, -1276.3526611328125, -1276.3604736328125, -1276.3753662109375, -1276.3470458984375, -1276.3348388671875, -1276.3594970703125, -1276.3753662109375, -1276.3343505859375, -1276.3707275390625, -1276.3450927734375, -1276.3795166015625, -1276.3668212890625, -1276.3724365234375, -1276.3343505859375, -1276.3363037109375, -1276.3807373046875, -1276.3553466796875, -1276.3455810546875, -1276.3597412109375, -1276.3197021484375, -1276.3563232421875, -1276.3621826171875, -1276.3616943359375, -1276.3675537109375, -1276.3536376953125, -1276.3770751953125, -1276.3460693359375, -1276.3321533203125, -1276.3616943359375, -1276.3558349609375, -1276.3941650390625, -1276.3367919921875, -1276.3526611328125, -1276.3597412109375, -1276.3599853515625, -1276.3704833984375, -1276.3194580078125, -1276.3358154296875, -1276.3587646484375, -1276.3685302734375, -1276.3441162109375, -1276.3509521484375, -1276.3690185546875, -1276.3367919921875, -1276.3560791015625, -1276.3441162109375, -1276.3316650390625, -1276.3792724609375, -1276.3758544921875, -1276.3392333984375, -1276.3250732421875, -1276.3289794921875, -1276.3553466796875, -1276.3817138671875, -1276.3685302734375, -1276.3338623046875, -1276.3145751953125, -1276.3780517578125, -1276.3863525390625, -1276.3116455078125, -1276.3548583984375, -1276.3643798828125, -1276.3270263671875, -1276.3358154296875, -1276.3690185546875, -1276.3636474609375, -1276.3824462890625, -1276.3590087890625, -1276.3421630859375, -1276.3714599609375, -1276.3841552734375, -1276.3316650390625, -1276.3216552734375, -1276.3690185546875, -1276.3455810546875, -1276.3607177734375, -1276.3575439453125, -1276.3739013671875, -1276.3465576171875, -1276.3382568359375, -1276.3187255859375, -1276.3553466796875, -1276.3497314453125, -1276.3919677734375, -1276.3223876953125, -1276.3673095703125, -1276.3807373046875, -1276.3433837890625, -1276.3675537109375, -1276.3480224609375, -1276.3182373046875, -1276.3475341796875, -1276.3104248046875, -1276.3043212890625, -1276.3426513671875, -1276.3270263671875, -1276.3533935546875, -1276.3380126953125, -1276.3802490234375, -1276.3365478515625, -1276.3648681640625, -1276.3631591796875, -1276.3704833984375, -1276.3441162109375, -1276.3375244140625, -1276.3529052734375, -1276.3402099609375, -1276.3372802734375, -1276.3577880859375, -1276.3199462890625, -1276.3377685546875, -1276.3375244140625, -1276.3936767578125, -1276.3431396484375, -1276.3651123046875, -1276.3814697265625, -1276.3084716796875, -1276.3402099609375, -1276.3582763671875, -1276.3411865234375, -1276.3748779296875, -1276.3909912109375, -1276.3831787109375, -1276.3133544921875, -1276.3414306640625, -1276.3558349609375, -1276.3773193359375, -1276.3702392578125, -1276.3409423828125, -1276.3280029296875, -1276.3321533203125, -1276.4007568359375, -1276.3792724609375, -1276.3553466796875, -1276.3572998046875, -1276.3492431640625, -1276.3621826171875, -1276.3756103515625, -1276.3724365234375, -1276.3773193359375, -1276.3939208984375, -1276.3575439453125, -1276.3568115234375, -1276.3485107421875, -1276.3514404296875, -1276.3426513671875, -1276.3382568359375, -1276.3524169921875, -1276.3338623046875, -1276.3790283203125, -1276.3660888671875, -1276.3841552734375, -1276.3499755859375, -1276.3555908203125, -1276.3480224609375, -1276.3614501953125, -1276.3836669921875, -1276.3338623046875, -1276.3494873046875, -1276.3731689453125, -1276.3436279296875, -1276.3304443359375, -1276.3477783203125, -1276.3978271484375, -1276.3446044921875, -1276.3651123046875, -1276.3677978515625, -1276.3504638671875, -1276.3885498046875, -1276.3660888671875, -1276.3592529296875, -1276.3734130859375, -1276.3507080078125, -1276.3206787109375, -1276.3731689453125, -1276.3306884765625, -1276.3714599609375, -1276.3575439453125, -1276.3489990234375, -1276.3314208984375, -1276.3470458984375, -1276.3782958984375, -1276.3670654296875, -1276.3668212890625, -1276.3936767578125, -1276.3255615234375, -1276.3433837890625, -1276.3656005859375, -1276.3797607421875, -1276.3760986328125, -1276.3677978515625, -1276.3592529296875, -1276.3348388671875, -1276.3499755859375, -1276.3426513671875, -1276.3399658203125, -1276.3099365234375, -1276.3482666015625, -1276.3612060546875, -1276.3468017578125, -1276.3472900390625, -1276.3338623046875, -1276.3580322265625, -1276.3685302734375, -1276.3426513671875, -1276.3758544921875, -1276.3812255859375, -1276.3297119140625, -1276.3702392578125, -1276.3646240234375, -1276.3702392578125, -1276.3319091796875, -1276.3563232421875, -1276.3282470703125, -1276.3907470703125, -1276.3441162109375, -1276.3360595703125, -1276.3472900390625, -1276.3514404296875, -1276.3197021484375, -1276.3719482421875, -1276.3927001953125, -1276.3311767578125, -1276.3333740234375, -1276.3421630859375, -1276.3380126953125, -1276.3636474609375, -1276.3472900390625, -1276.3331298828125, -1276.3431396484375, -1276.3419189453125, -1276.3380126953125, -1276.3670654296875, -1276.3509521484375, -1276.3590087890625, -1276.3773193359375, -1276.3543701171875, -1276.3887939453125, -1276.3709716796875, -1276.3431396484375, -1276.3502197265625, -1276.3565673828125, -1276.3763427734375, -1276.3436279296875, -1276.3243408203125, -1276.3370361328125, -1276.3695068359375, -1276.3333740234375, -1276.3807373046875, -1276.3382568359375, -1276.3724365234375, -1276.3753662109375, -1276.3428955078125, -1276.3416748046875, -1276.3797607421875, -1276.3363037109375, -1276.3221435546875, -1276.3385009765625, -1276.3299560546875, -1276.3607177734375, -1276.3548583984375, -1276.3499755859375, -1276.3450927734375, -1276.3328857421875, -1276.3255615234375, -1276.3172607421875, -1276.3663330078125, -1276.3668212890625, -1276.3211669921875, -1276.3284912109375, -1276.3011474609375, -1276.3419189453125, -1276.3895263671875, -1276.3817138671875, -1276.3304443359375, -1276.3441162109375, -1276.3536376953125, -1276.3260498046875, -1276.3514404296875, -1276.3358154296875, -1276.3436279296875, -1276.3236083984375, -1276.3475341796875, -1276.3602294921875, -1276.3402099609375, -1276.3424072265625, -1276.3529052734375, -1276.3607177734375, -1276.3575439453125, -1276.3592529296875, -1276.3243408203125, -1276.3297119140625, -1276.3736572265625, -1276.3580322265625, -1276.4066162109375, -1276.3548583984375, -1276.3470458984375, -1276.3570556640625, -1276.3414306640625, -1276.3524169921875, -1276.3280029296875, -1276.3607177734375, -1276.3331298828125, -1276.3619384765625, -1276.3421630859375, -1276.3304443359375, -1276.3389892578125, -1276.3387451171875, -1276.3377685546875, -1276.3590087890625, -1276.3282470703125, -1276.3402099609375, -1276.3802490234375, -1276.3509521484375, -1276.3470458984375, -1276.3856201171875, -1276.3568115234375, -1276.3358154296875, -1276.3135986328125, -1276.3104248046875, -1276.3382568359375, -1276.3582763671875, -1276.3551025390625, -1276.3470458984375, -1276.3426513671875, -1276.3406982421875, -1276.3260498046875, -1276.3187255859375, -1276.3465576171875, -1276.3367919921875, -1276.3267822265625, -1276.3677978515625, -1276.3319091796875, -1276.3360595703125, -1276.3431396484375, -1276.3758544921875, -1276.3531494140625, -1276.3724365234375, -1276.3651123046875, -1276.3355712890625, -1276.3685302734375, -1276.3939208984375, -1276.3612060546875, -1276.3304443359375, -1276.3475341796875, -1276.3773193359375, -1276.3590087890625, -1276.3631591796875, -1276.3372802734375, -1276.3895263671875, -1276.3687744140625, -1276.3568115234375, -1276.3651123046875, -1276.3382568359375, -1276.3424072265625, -1276.3739013671875, -1276.3729248046875, -1276.3306884765625, -1276.3331298828125, -1276.3414306640625, -1276.3499755859375, -1276.3236083984375, -1276.3143310546875, -1276.3531494140625, -1276.3299560546875, -1276.3680419921875, -1276.3743896484375, -1276.3402099609375, -1276.3555908203125, -1276.3699951171875, -1276.3983154296875, -1276.3682861328125, -1276.3187255859375, -1276.3499755859375, -1276.3685302734375, -1276.3619384765625, -1276.3485107421875, -1276.3651123046875, -1276.3153076171875, -1276.3966064453125, -1276.3504638671875, -1276.3387451171875, -1276.3392333984375, -1276.3692626953125, -1276.3331298828125, -1276.3729248046875, -1276.3690185546875, -1276.3607177734375, -1276.3306884765625, -1276.3333740234375, -1276.3572998046875, -1276.3641357421875, -1276.3565673828125, -1276.3553466796875, -1276.3126220703125, -1276.3245849609375, -1276.3726806640625, -1276.3245849609375, -1276.3319091796875, -1276.3514404296875, -1276.3499755859375, -1276.3802490234375, -1276.3323974609375, -1276.3197021484375, -1276.3726806640625, -1276.3511962890625, -1276.3548583984375, -1276.3695068359375, -1276.3487548828125, -1276.3604736328125, -1276.3753662109375, -1276.3201904296875, -1276.3289794921875, -1276.3387451171875, -1276.3187255859375, -1276.3631591796875, -1276.3397216796875, -1276.3697509765625, -1276.3641357421875, -1276.3450927734375, -1276.3458251953125, -1276.3460693359375, -1276.3411865234375, -1276.3856201171875, -1276.3914794921875, -1276.3612060546875, -1276.3538818359375, -1276.3416748046875, -1276.3704833984375, -1276.3414306640625, -1276.3651123046875, -1276.3397216796875, -1276.3289794921875, -1276.3885498046875, -1276.3460693359375, -1276.3782958984375, -1276.3812255859375, -1276.3631591796875, -1276.3370361328125, -1276.3333740234375, -1276.3367919921875, -1276.3326416015625, -1276.3602294921875, -1276.3607177734375, -1276.3436279296875, -1276.3348388671875, -1276.3758544921875, -1276.3587646484375, -1276.3348388671875, -1276.3338623046875, -1276.4019775390625, -1276.3685302734375, -1276.3331298828125, -1276.3604736328125, -1276.3531494140625, -1276.3572998046875, -1276.3607177734375, -1276.3387451171875, -1276.3294677734375, -1276.3870849609375, -1276.3441162109375, -1276.3717041015625, -1276.3592529296875, -1276.3385009765625, -1276.3792724609375, -1276.3616943359375, -1276.3499755859375, -1276.3553466796875, -1276.3363037109375, -1276.3226318359375, -1276.3602294921875, -1276.3487548828125, -1276.3275146484375, -1276.3790283203125, -1276.3499755859375, -1276.3651123046875, -1276.3367919921875, -1276.3970947265625, -1276.3765869140625, -1276.3790283203125, -1276.3468017578125, -1276.3695068359375, -1276.3455810546875, -1276.3521728515625, -1276.3382568359375, -1276.3543701171875, -1276.3597412109375, -1276.3292236328125, -1276.3172607421875, -1276.3543701171875, -1276.3531494140625, -1276.3504638671875, -1276.3607177734375, -1276.3631591796875, -1276.3406982421875, -1276.3321533203125, -1276.3553466796875, -1276.3641357421875, -1276.3431396484375, -1276.3529052734375, -1276.3548583984375, -1276.3358154296875, -1276.3372802734375, -1276.3692626953125, -1276.3907470703125, -1276.3651123046875, -1276.3514404296875, -1276.3504638671875, -1276.3533935546875, -1276.3463134765625, -1276.3475341796875, -1276.3421630859375, -1276.3333740234375, -1276.3470458984375, -1276.3463134765625, -1276.3377685546875, -1276.3563232421875, -1276.3489990234375, -1276.3734130859375, -1276.3685302734375, -1276.3470458984375, -1276.3377685546875, -1276.3292236328125, -1276.3677978515625, -1276.3870849609375, -1276.3416748046875, -1276.3463134765625, -1276.3631591796875, -1276.3397216796875, -1276.3529052734375, -1276.3634033203125, -1276.3604736328125, -1276.3572998046875, -1276.3656005859375, -1276.3519287109375, -1276.3521728515625, -1276.3441162109375, -1276.3587646484375, -1276.3497314453125, -1276.3624267578125, -1276.3577880859375, -1276.3453369140625, -1276.3585205078125, -1276.3289794921875, -1276.3009033203125, -1276.3653564453125, -1276.3753662109375, -1276.3441162109375, -1276.3521728515625, -1276.3553466796875, -1276.3453369140625, -1276.3599853515625, -1276.3709716796875, -1276.3839111328125, -1276.3797607421875, -1276.3670654296875, -1276.3372802734375, -1276.3897705078125, -1276.3302001953125, -1276.3587646484375, -1276.3719482421875, -1276.3507080078125, -1276.3641357421875, -1276.3470458984375, -1276.3660888671875, -1276.3326416015625, -1276.3636474609375, -1276.3372802734375, -1276.3416748046875, -1276.3621826171875, -1276.3629150390625, -1276.3406982421875, -1276.3695068359375, -1276.3634033203125, -1276.3416748046875, -1276.3734130859375, -1276.3521728515625, -1276.3524169921875, -1276.3358154296875, -1276.3846435546875, -1276.3441162109375, -1276.3492431640625, -1276.3402099609375, -1276.3392333984375, -1276.3868408203125, -1276.3514404296875, -1276.3592529296875, -1276.3753662109375, -1276.3387451171875, -1276.3580322265625, -1276.4044189453125, -1276.3656005859375, -1276.3446044921875, -1276.3348388671875, -1276.3275146484375, -1276.3587646484375, -1276.3685302734375, -1276.3494873046875, -1276.3270263671875, -1276.3494873046875, -1276.3885498046875, -1276.3358154296875, -1276.3226318359375, -1276.3460693359375, -1276.3778076171875, -1276.3612060546875, -1276.3660888671875, -1276.3514404296875, -1276.3634033203125, -1276.3411865234375, -1276.3304443359375, -1276.3319091796875, -1276.4000244140625, -1276.3294677734375, -1276.3509521484375, -1276.3658447265625, -1276.3436279296875, -1276.3685302734375, -1276.3704833984375, -1276.3538818359375, -1276.3843994140625, -1276.3751220703125, -1276.3465576171875, -1276.3419189453125, -1276.3560791015625, -1276.3409423828125, -1276.3848876953125, -1276.3582763671875, -1276.3421630859375, -1276.3651123046875, -1276.3651123046875, -1276.3436279296875, -1276.3333740234375, -1276.3587646484375, -1276.3284912109375, -1276.3956298828125, -1276.3597412109375, -1276.3419189453125, -1276.3370361328125, -1276.3519287109375, -1276.3524169921875, -1276.3482666015625, -1276.3226318359375, -1276.3653564453125, -1276.3524169921875, -1276.3311767578125, -1276.3341064453125, -1276.3597412109375, -1276.3533935546875, -1276.3875732421875, -1276.3226318359375, -1276.3533935546875, -1276.3533935546875, -1276.3953857421875, -1276.3590087890625, -1276.3436279296875, -1276.3656005859375, -1276.3519287109375, -1276.3360595703125, -1276.3621826171875, -1276.3304443359375, -1276.4095458984375, -1276.3634033203125, -1276.3707275390625, -1276.3441162109375, -1276.3499755859375, -1276.3543701171875, -1276.3421630859375, -1276.3343505859375, -1276.3909912109375, -1276.3763427734375, -1276.3675537109375, -1276.3533935546875, -1276.3389892578125, -1276.3524169921875, -1276.3746337890625, -1276.3436279296875, -1276.3758544921875, -1276.3543701171875, -1276.3348388671875, -1276.3543701171875, -1276.3714599609375, -1276.3499755859375, -1276.3702392578125, -1276.3812255859375, -1276.3680419921875, -1276.3861083984375, -1276.3240966796875, -1276.3536376953125, -1276.3673095703125, -1276.3892822265625, -1276.3699951171875, -1276.3494873046875, -1276.3455810546875, -1276.3363037109375, -1276.3575439453125, -1276.3089599609375, -1276.3397216796875, -1276.3765869140625, -1276.3577880859375, -1276.3480224609375, -1276.3548583984375, -1276.3714599609375, -1276.3612060546875, -1276.3580322265625, -1276.3111572265625, -1276.3548583984375, -1276.3504638671875, -1276.3321533203125, -1276.3875732421875, -1276.2952880859375, -1276.3319091796875, -1276.3304443359375, -1276.3438720703125, -1276.3765869140625, -1276.3931884765625, -1276.3648681640625, -1276.3538818359375, -1276.3480224609375, -1276.3673095703125, -1276.3687744140625, -1276.3436279296875, -1276.3572998046875, -1276.3475341796875, -1276.3616943359375, -1276.3648681640625, -1276.3856201171875, -1276.3338623046875, -1276.3729248046875, -1276.3758544921875, -1276.3758544921875, -1276.3602294921875, -1276.3592529296875, -1276.3358154296875, -1276.3443603515625, -1276.3541259765625, -1276.3175048828125, -1276.3734130859375, -1276.3428955078125, -1276.3455810546875, -1276.3314208984375, -1276.3641357421875, -1276.3585205078125, -1276.3414306640625, -1276.3553466796875, -1276.3436279296875, -1276.3538818359375, -1276.3468017578125, -1276.3197021484375, -1276.3485107421875, -1276.3790283203125, -1276.3328857421875, -1276.3721923828125, -1276.3680419921875, -1276.3558349609375, -1276.3321533203125, -1276.3526611328125, -1276.3734130859375, -1276.3394775390625, -1276.3616943359375, -1276.3538818359375, -1276.3548583984375, -1276.3516845703125, -1276.3753662109375, -1276.3673095703125, -1276.3660888671875, -1276.3760986328125, -1276.3389892578125, -1276.3411865234375, -1276.3602294921875, -1276.3800048828125, -1276.3695068359375, -1276.3123779296875, -1276.3385009765625, -1276.3787841796875, -1276.3555908203125, -1276.3424072265625, -1276.3345947265625, -1276.3480224609375, -1276.3797607421875, -1276.3348388671875, -1276.3458251953125, -1276.3770751953125, -1276.3441162109375, -1276.3709716796875, -1276.3504638671875, -1276.3150634765625, -1276.3336181640625, -1276.3428955078125, -1276.3485107421875, -1276.3800048828125, -1276.3211669921875, -1276.3333740234375, -1276.3504638671875, -1276.3199462890625, -1276.3624267578125, -1276.3262939453125, -1276.3133544921875, -1276.3858642578125, -1276.3670654296875, -1276.3753662109375, -1276.3172607421875, -1276.3209228515625, -1276.3358154296875, -1276.3441162109375, -1276.3326416015625, -1276.3931884765625, -1276.3255615234375, -1276.3262939453125, -1276.3492431640625, -1276.3646240234375, -1276.3416748046875, -1276.3294677734375, -1276.3614501953125, -1276.3719482421875, -1276.3709716796875, -1276.3504638671875, -1276.3052978515625, -1276.3558349609375, -1276.3433837890625, -1276.3114013671875, -1276.3582763671875, -1276.3446044921875, -1276.3670654296875, -1276.3489990234375, -1276.3460693359375, -1276.3626708984375, -1276.3587646484375, -1276.4024658203125, -1276.3626708984375, -1276.3514404296875, -1276.3389892578125, -1276.3343505859375, -1276.3397216796875, -1276.3656005859375, -1276.3416748046875, -1276.3260498046875, -1276.3946533203125, -1276.3450927734375, -1276.3538818359375, -1276.3651123046875, -1276.3311767578125, -1276.3353271484375, -1276.3563232421875, -1276.3211669921875, -1276.3602294921875, -1276.3270263671875, -1276.3333740234375, -1276.3641357421875, -1276.3487548828125, -1276.3094482421875, -1276.3531494140625, -1276.3592529296875, -1276.3294677734375, -1276.3626708984375, -1276.3651123046875, -1276.3511962890625, -1276.3514404296875, -1276.3341064453125, -1276.3475341796875, -1276.3514404296875, -1276.3529052734375, -1276.3763427734375, -1276.3648681640625, -1276.3243408203125, -1276.3521728515625, -1276.3531494140625, -1276.3768310546875, -1276.3587646484375, -1276.3201904296875, -1276.3411865234375, -1276.3948974609375, -1276.3524169921875, -1276.3526611328125, -1276.3333740234375, -1276.3668212890625, -1276.3660888671875, -1276.3472900390625, -1276.3450927734375, -1276.3482666015625, -1276.3521728515625, -1276.3514404296875, -1276.3519287109375, -1276.3416748046875, -1276.3831787109375, -1276.3309326171875, -1276.3587646484375, -1276.3289794921875, -1276.3724365234375, -1276.3372802734375, -1276.3724365234375, -1276.3509521484375, -1276.3582763671875, -1276.3153076171875, -1276.3641357421875, -1276.3572998046875, -1276.3402099609375, -1276.3804931640625, -1276.3568115234375, -1276.3836669921875, -1276.3746337890625, -1276.3406982421875, -1276.3529052734375, -1276.3336181640625, -1276.3338623046875, -1276.3582763671875, -1276.3524169921875, -1276.3455810546875, -1276.3582763671875, -1276.3421630859375, -1276.3729248046875, -1276.3333740234375, -1276.3709716796875, -1276.3189697265625, -1276.3358154296875, -1276.3448486328125, -1276.3460693359375, -1276.3704833984375, -1276.3594970703125, -1276.3665771484375, -1276.3526611328125, -1276.3280029296875, -1276.3551025390625, -1276.3553466796875, -1276.3529052734375, -1276.3551025390625, -1276.3372802734375, -1276.3502197265625, -1276.3514404296875, -1276.3851318359375, -1276.3751220703125, -1276.3621826171875, -1276.3468017578125, -1276.3558349609375, -1276.3729248046875, -1276.3416748046875, -1276.3367919921875, -1276.3148193359375, -1276.3353271484375, -1276.3475341796875, -1276.3541259765625, -1276.3336181640625, -1276.3585205078125, -1276.3428955078125, -1276.3450927734375, -1276.3304443359375, -1276.3450927734375, -1276.3826904296875, -1276.3734130859375, -1276.3507080078125, -1276.3533935546875, -1276.3487548828125, -1276.3563232421875, -1276.3326416015625, -1276.3509521484375, -1276.3612060546875, -1276.3621826171875, -1276.3575439453125, -1276.3365478515625, -1276.3455810546875, -1276.3687744140625, -1276.3746337890625, -1276.3607177734375, -1276.3719482421875, -1276.3177490234375, -1276.3861083984375, -1276.3587646484375, -1276.3800048828125, -1276.3973388671875, -1276.3629150390625, -1276.3519287109375, -1276.3333740234375, -1276.3753662109375, -1276.3582763671875, -1276.3533935546875, -1276.3299560546875, -1276.3602294921875, -1276.3350830078125, -1276.3626708984375, -1276.3367919921875, -1276.3338623046875, -1276.3221435546875, -1276.3646240234375, -1276.3546142578125, -1276.3458251953125, -1276.3509521484375, -1276.3460693359375, -1276.3599853515625, -1276.3612060546875, -1276.3631591796875, -1276.3516845703125, -1276.3397216796875, -1276.3538818359375, -1276.3299560546875, -1276.3516845703125, -1276.3585205078125, -1276.3558349609375, -1276.3504638671875, -1276.3660888671875, -1276.3665771484375, -1276.3675537109375, -1276.3416748046875, -1276.3607177734375, -1276.3643798828125, -1276.3226318359375, -1276.3533935546875, -1276.3392333984375, -1276.3216552734375, -1276.3802490234375, -1276.3387451171875, -1276.3553466796875, -1276.3465576171875, -1276.3309326171875, -1276.3365478515625, -1276.3563232421875, -1276.3311767578125, -1276.3404541015625, -1276.3626708984375, -1276.3187255859375, -1276.3387451171875, -1276.3458251953125, -1276.3658447265625, -1276.3607177734375, -1276.3480224609375, -1276.3685302734375, -1276.3426513671875, -1276.3199462890625, -1276.3299560546875, -1276.3204345703125, -1276.3465576171875, -1276.3836669921875, -1276.3280029296875, -1276.3607177734375, -1276.3426513671875, -1276.3695068359375, -1276.3421630859375, -1276.3770751953125, -1276.3392333984375, -1276.3709716796875, -1276.3621826171875, -1276.3416748046875, -1276.3712158203125, -1276.3265380859375, -1276.3460693359375, -1276.3336181640625, -1276.3411865234375, -1276.3570556640625, -1276.3714599609375, -1276.3546142578125, -1276.3509521484375, -1276.3651123046875, -1276.3392333984375, -1276.3543701171875]}
Warning: Cholesky failed, using eigendecomposition fallback
{'mse': 0.010102083906531334, 'rmse': 0.10050912201404572, 'test_ll': -244823.25, 'total_test_ll': -6120581120.0}
/cluster/tufts/hugheslab/swilli26/stat-patt-final/gp_vs_sngp/results/hyperparam_search/GP/Sin_1500_4001/logs
/cluster/tufts/hugheslab/swilli26/stat-patt-final/gp_vs_sngp/results/hyperparam_search/logs/GP_VS_SNGP_25028888.out
/cluster/tufts/hugheslab/swilli26/stat-patt-final/gp_vs_sngp/results/hyperparam_search/logs/GP_VS_SNGP_25028888.err
