Starting imports...
Importing argparse...
Importing torch...
Importing os...
Importing sngp.train and sngp.model...
Importing gaussian_process...
Importing dataset...
Importing json...
ALL IMPORTS COMPLETE!
Parsing arguments...
Arguments parsed! Running GP on Friedman with N=1500
Checking CUDA availability...
Using CPU
Making Datasets...
Making Model...
Training Gaussian Process...
Iter   0 | Loss: 2769.249 | lengthscale: 1.010 | outputscale: 1.010 | noise: 0.202
Iter  10 | Loss: 2666.317 | lengthscale: 1.116 | outputscale: 1.113 | noise: 0.223
Iter  20 | Loss: 2612.393 | lengthscale: 1.232 | outputscale: 1.212 | noise: 0.242
Iter  30 | Loss: 2589.543 | lengthscale: 1.361 | outputscale: 1.290 | noise: 0.257
Iter  40 | Loss: 2579.044 | lengthscale: 1.513 | outputscale: 1.338 | noise: 0.265
Iter  50 | Loss: 2568.538 | lengthscale: 1.700 | outputscale: 1.356 | noise: 0.265
Iter  60 | Loss: 2551.676 | lengthscale: 1.938 | outputscale: 1.352 | noise: 0.261
Iter  70 | Loss: 2523.655 | lengthscale: 2.249 | outputscale: 1.336 | noise: 0.252
Iter  80 | Loss: 2477.744 | lengthscale: 2.654 | outputscale: 1.314 | noise: 0.240
Iter  90 | Loss: 2404.672 | lengthscale: 3.179 | outputscale: 1.286 | noise: 0.224
Iter 100 | Loss: 2294.007 | lengthscale: 3.851 | outputscale: 1.248 | noise: 0.206
Iter 110 | Loss: 2137.078 | lengthscale: 4.698 | outputscale: 1.196 | noise: 0.185
Iter 120 | Loss: 1934.201 | lengthscale: 5.750 | outputscale: 1.130 | noise: 0.167
Iter 130 | Loss: 1704.861 | lengthscale: 7.021 | outputscale: 1.057 | noise: 0.157
Iter 140 | Loss: 1481.664 | lengthscale: 8.488 | outputscale: 0.987 | noise: 0.168
Iter 150 | Loss: 1272.959 | lengthscale: 10.113 | outputscale: 0.928 | noise: 0.204
Iter 160 | Loss: 1093.779 | lengthscale: 11.894 | outputscale: 0.876 | noise: 0.240
Iter 170 | Loss:  951.016 | lengthscale: 13.788 | outputscale: 0.833 | noise: 0.243
Iter 180 | Loss:  839.482 | lengthscale: 15.725 | outputscale: 0.799 | noise: 0.247
Iter 190 | Loss:  751.187 | lengthscale: 17.679 | outputscale: 0.774 | noise: 0.256
Iter 200 | Loss:  680.492 | lengthscale: 19.644 | outputscale: 0.755 | noise: 0.255
Iter 210 | Loss:  623.110 | lengthscale: 21.609 | outputscale: 0.741 | noise: 0.259
Iter 220 | Loss:  576.002 | lengthscale: 23.569 | outputscale: 0.729 | noise: 0.259
Iter 230 | Loss:  537.065 | lengthscale: 25.517 | outputscale: 0.721 | noise: 0.261
Iter 240 | Loss:  504.651 | lengthscale: 27.448 | outputscale: 0.714 | noise: 0.261
Iter 250 | Loss:  477.382 | lengthscale: 29.360 | outputscale: 0.709 | noise: 0.262
Iter 260 | Loss:  454.176 | lengthscale: 31.252 | outputscale: 0.705 | noise: 0.262
Iter 270 | Loss:  434.266 | lengthscale: 33.126 | outputscale: 0.702 | noise: 0.263
Iter 280 | Loss:  417.134 | lengthscale: 34.978 | outputscale: 0.699 | noise: 0.263
Iter 290 | Loss:  402.386 | lengthscale: 36.805 | outputscale: 0.698 | noise: 0.263
Iter 300 | Loss:  389.677 | lengthscale: 38.601 | outputscale: 0.697 | noise: 0.264
Iter 310 | Loss:  378.678 | lengthscale: 40.362 | outputscale: 0.698 | noise: 0.264
Iter 320 | Loss:  369.094 | lengthscale: 42.090 | outputscale: 0.698 | noise: 0.264
Iter 330 | Loss:  360.672 | lengthscale: 43.787 | outputscale: 0.699 | noise: 0.265
Iter 340 | Loss:  353.203 | lengthscale: 45.457 | outputscale: 0.701 | noise: 0.265
Iter 350 | Loss:  346.521 | lengthscale: 47.104 | outputscale: 0.703 | noise: 0.265
Iter 360 | Loss:  340.490 | lengthscale: 48.733 | outputscale: 0.705 | noise: 0.265
Iter 370 | Loss:  334.998 | lengthscale: 50.348 | outputscale: 0.708 | noise: 0.266
Iter 380 | Loss:  329.947 | lengthscale: 51.955 | outputscale: 0.710 | noise: 0.266
Iter 390 | Loss:  325.255 | lengthscale: 53.561 | outputscale: 0.713 | noise: 0.266
Iter 400 | Loss:  320.847 | lengthscale: 55.172 | outputscale: 0.715 | noise: 0.266
Iter 410 | Loss:  316.660 | lengthscale: 56.797 | outputscale: 0.718 | noise: 0.267
Iter 420 | Loss:  312.640 | lengthscale: 58.443 | outputscale: 0.720 | noise: 0.267
Iter 430 | Loss:  308.751 | lengthscale: 60.118 | outputscale: 0.723 | noise: 0.267
Iter 440 | Loss:  304.974 | lengthscale: 61.825 | outputscale: 0.725 | noise: 0.267
Iter 450 | Loss:  301.306 | lengthscale: 63.567 | outputscale: 0.728 | noise: 0.267
Iter 460 | Loss:  297.756 | lengthscale: 65.341 | outputscale: 0.730 | noise: 0.267
Iter 470 | Loss:  294.338 | lengthscale: 67.142 | outputscale: 0.732 | noise: 0.268
Iter 480 | Loss:  291.062 | lengthscale: 68.967 | outputscale: 0.735 | noise: 0.268
Iter 490 | Loss:  287.939 | lengthscale: 70.809 | outputscale: 0.737 | noise: 0.268
Iter 500 | Loss:  284.971 | lengthscale: 72.664 | outputscale: 0.740 | noise: 0.268
Iter 510 | Loss:  282.156 | lengthscale: 74.528 | outputscale: 0.742 | noise: 0.268
Iter 520 | Loss:  279.485 | lengthscale: 76.400 | outputscale: 0.745 | noise: 0.268
Iter 530 | Loss:  276.945 | lengthscale: 78.281 | outputscale: 0.748 | noise: 0.268
Iter 540 | Loss:  274.522 | lengthscale: 80.171 | outputscale: 0.751 | noise: 0.268
Iter 550 | Loss:  272.201 | lengthscale: 82.074 | outputscale: 0.754 | noise: 0.268
Iter 560 | Loss:  269.969 | lengthscale: 83.993 | outputscale: 0.757 | noise: 0.268
Iter 570 | Loss:  267.815 | lengthscale: 85.931 | outputscale: 0.760 | noise: 0.268
Iter 580 | Loss:  265.733 | lengthscale: 87.890 | outputscale: 0.763 | noise: 0.268
Iter 590 | Loss:  263.717 | lengthscale: 89.871 | outputscale: 0.766 | noise: 0.269
Iter 600 | Loss:  261.769 | lengthscale: 91.874 | outputscale: 0.769 | noise: 0.269
Iter 610 | Loss:  259.887 | lengthscale: 93.895 | outputscale: 0.772 | noise: 0.269
Iter 620 | Loss:  258.078 | lengthscale: 95.933 | outputscale: 0.775 | noise: 0.269
Iter 630 | Loss:  256.342 | lengthscale: 97.983 | outputscale: 0.778 | noise: 0.269
Iter 640 | Loss:  254.686 | lengthscale: 100.039 | outputscale: 0.781 | noise: 0.269
Iter 650 | Loss:  253.109 | lengthscale: 102.098 | outputscale: 0.784 | noise: 0.269
Iter 660 | Loss:  251.615 | lengthscale: 104.154 | outputscale: 0.787 | noise: 0.269
Iter 670 | Loss:  250.201 | lengthscale: 106.204 | outputscale: 0.790 | noise: 0.269
Iter 680 | Loss:  248.865 | lengthscale: 108.244 | outputscale: 0.794 | noise: 0.269
Iter 690 | Loss:  247.602 | lengthscale: 110.273 | outputscale: 0.797 | noise: 0.269
Iter 700 | Loss:  246.409 | lengthscale: 112.291 | outputscale: 0.800 | noise: 0.269
Iter 710 | Loss:  245.276 | lengthscale: 114.301 | outputscale: 0.804 | noise: 0.269
Iter 720 | Loss:  244.196 | lengthscale: 116.303 | outputscale: 0.807 | noise: 0.269
Iter 730 | Loss:  243.162 | lengthscale: 118.304 | outputscale: 0.811 | noise: 0.269
Iter 740 | Loss:  242.166 | lengthscale: 120.308 | outputscale: 0.814 | noise: 0.269
Iter 750 | Loss:  241.202 | lengthscale: 122.321 | outputscale: 0.818 | noise: 0.269
Iter 760 | Loss:  240.264 | lengthscale: 124.346 | outputscale: 0.821 | noise: 0.269
Iter 770 | Loss:  239.348 | lengthscale: 126.389 | outputscale: 0.824 | noise: 0.269
Iter 780 | Loss:  238.449 | lengthscale: 128.455 | outputscale: 0.828 | noise: 0.269
Iter 790 | Loss:  237.564 | lengthscale: 130.545 | outputscale: 0.831 | noise: 0.269
Iter 800 | Loss:  236.694 | lengthscale: 132.662 | outputscale: 0.834 | noise: 0.269
Iter 810 | Loss:  235.837 | lengthscale: 134.807 | outputscale: 0.837 | noise: 0.270
Iter 820 | Loss:  234.991 | lengthscale: 136.980 | outputscale: 0.840 | noise: 0.270
Iter 830 | Loss:  234.161 | lengthscale: 139.180 | outputscale: 0.844 | noise: 0.270
Iter 840 | Loss:  233.343 | lengthscale: 141.406 | outputscale: 0.847 | noise: 0.270
Iter 850 | Loss:  232.543 | lengthscale: 143.656 | outputscale: 0.850 | noise: 0.270
Iter 860 | Loss:  231.761 | lengthscale: 145.928 | outputscale: 0.853 | noise: 0.270
Iter 870 | Loss:  230.996 | lengthscale: 148.218 | outputscale: 0.856 | noise: 0.270
Iter 880 | Loss:  230.251 | lengthscale: 150.524 | outputscale: 0.859 | noise: 0.270
Iter 890 | Loss:  229.528 | lengthscale: 152.841 | outputscale: 0.862 | noise: 0.270
Iter 900 | Loss:  228.826 | lengthscale: 155.168 | outputscale: 0.866 | noise: 0.270
Iter 910 | Loss:  228.145 | lengthscale: 157.501 | outputscale: 0.869 | noise: 0.270
Iter 920 | Loss:  227.490 | lengthscale: 159.836 | outputscale: 0.872 | noise: 0.270
Iter 930 | Loss:  226.857 | lengthscale: 162.172 | outputscale: 0.875 | noise: 0.270
Iter 940 | Loss:  226.250 | lengthscale: 164.507 | outputscale: 0.879 | noise: 0.270
Iter 950 | Loss:  225.665 | lengthscale: 166.837 | outputscale: 0.882 | noise: 0.270
Iter 960 | Loss:  225.101 | lengthscale: 169.162 | outputscale: 0.886 | noise: 0.270
Iter 970 | Loss:  224.561 | lengthscale: 171.480 | outputscale: 0.889 | noise: 0.270
Iter 980 | Loss:  224.042 | lengthscale: 173.790 | outputscale: 0.893 | noise: 0.270
Iter 990 | Loss:  223.544 | lengthscale: 176.090 | outputscale: 0.896 | noise: 0.270
Iter 1000 | Loss:  223.062 | lengthscale: 178.379 | outputscale: 0.900 | noise: 0.270
Iter 1010 | Loss:  222.606 | lengthscale: 180.655 | outputscale: 0.904 | noise: 0.270
Iter 1020 | Loss:  222.168 | lengthscale: 182.917 | outputscale: 0.908 | noise: 0.270
Iter 1030 | Loss:  221.749 | lengthscale: 185.163 | outputscale: 0.912 | noise: 0.270
Iter 1040 | Loss:  221.347 | lengthscale: 187.391 | outputscale: 0.915 | noise: 0.270
Iter 1050 | Loss:  220.963 | lengthscale: 189.599 | outputscale: 0.920 | noise: 0.270
Iter 1060 | Loss:  220.599 | lengthscale: 191.785 | outputscale: 0.924 | noise: 0.270
Iter 1070 | Loss:  220.251 | lengthscale: 193.948 | outputscale: 0.928 | noise: 0.270
Iter 1080 | Loss:  219.919 | lengthscale: 196.088 | outputscale: 0.932 | noise: 0.270
Iter 1090 | Loss:  219.602 | lengthscale: 198.203 | outputscale: 0.936 | noise: 0.270
Iter 1100 | Loss:  219.300 | lengthscale: 200.292 | outputscale: 0.941 | noise: 0.270
Iter 1110 | Loss:  219.013 | lengthscale: 202.356 | outputscale: 0.945 | noise: 0.270
Iter 1120 | Loss:  218.737 | lengthscale: 204.396 | outputscale: 0.950 | noise: 0.270
Iter 1130 | Loss:  218.473 | lengthscale: 206.412 | outputscale: 0.955 | noise: 0.270
Iter 1140 | Loss:  218.220 | lengthscale: 208.406 | outputscale: 0.960 | noise: 0.270
Iter 1150 | Loss:  217.978 | lengthscale: 210.379 | outputscale: 0.964 | noise: 0.270
Iter 1160 | Loss:  217.745 | lengthscale: 212.335 | outputscale: 0.969 | noise: 0.270
Iter 1170 | Loss:  217.521 | lengthscale: 214.274 | outputscale: 0.974 | noise: 0.270
Iter 1180 | Loss:  217.305 | lengthscale: 216.200 | outputscale: 0.979 | noise: 0.270
Iter 1190 | Loss:  217.092 | lengthscale: 218.116 | outputscale: 0.985 | noise: 0.270
Iter 1200 | Loss:  216.886 | lengthscale: 220.025 | outputscale: 0.990 | noise: 0.270
Iter 1210 | Loss:  216.686 | lengthscale: 221.929 | outputscale: 0.995 | noise: 0.270
Iter 1220 | Loss:  216.489 | lengthscale: 223.834 | outputscale: 1.000 | noise: 0.270
Iter 1230 | Loss:  216.298 | lengthscale: 225.741 | outputscale: 1.005 | noise: 0.270
Iter 1240 | Loss:  216.104 | lengthscale: 227.655 | outputscale: 1.011 | noise: 0.270
Iter 1250 | Loss:  215.919 | lengthscale: 229.579 | outputscale: 1.016 | noise: 0.270
Iter 1260 | Loss:  215.731 | lengthscale: 231.517 | outputscale: 1.021 | noise: 0.270
Iter 1270 | Loss:  215.547 | lengthscale: 233.472 | outputscale: 1.027 | noise: 0.270
Iter 1280 | Loss:  215.362 | lengthscale: 235.447 | outputscale: 1.032 | noise: 0.270
Iter 1290 | Loss:  215.179 | lengthscale: 237.445 | outputscale: 1.038 | noise: 0.270
Iter 1300 | Loss:  214.992 | lengthscale: 239.471 | outputscale: 1.043 | noise: 0.270
Iter 1310 | Loss:  214.802 | lengthscale: 241.526 | outputscale: 1.048 | noise: 0.270
Iter 1320 | Loss:  214.624 | lengthscale: 243.613 | outputscale: 1.054 | noise: 0.270
Iter 1330 | Loss:  214.435 | lengthscale: 245.734 | outputscale: 1.059 | noise: 0.270
Iter 1340 | Loss:  214.244 | lengthscale: 247.893 | outputscale: 1.064 | noise: 0.270
Iter 1350 | Loss:  214.057 | lengthscale: 250.090 | outputscale: 1.070 | noise: 0.271
Iter 1360 | Loss:  213.866 | lengthscale: 252.327 | outputscale: 1.075 | noise: 0.271
Iter 1370 | Loss:  213.667 | lengthscale: 254.607 | outputscale: 1.081 | noise: 0.271
Iter 1380 | Loss:  213.475 | lengthscale: 256.929 | outputscale: 1.086 | noise: 0.271
Iter 1390 | Loss:  213.274 | lengthscale: 259.295 | outputscale: 1.091 | noise: 0.271
Iter 1400 | Loss:  213.076 | lengthscale: 261.706 | outputscale: 1.096 | noise: 0.271
Iter 1410 | Loss:  212.876 | lengthscale: 264.163 | outputscale: 1.102 | noise: 0.271
Iter 1420 | Loss:  212.670 | lengthscale: 266.666 | outputscale: 1.107 | noise: 0.271
Iter 1430 | Loss:  212.468 | lengthscale: 269.217 | outputscale: 1.112 | noise: 0.271
Iter 1440 | Loss:  212.259 | lengthscale: 271.816 | outputscale: 1.118 | noise: 0.271
Iter 1450 | Loss:  212.047 | lengthscale: 274.464 | outputscale: 1.123 | noise: 0.271
Iter 1460 | Loss:  211.841 | lengthscale: 277.162 | outputscale: 1.128 | noise: 0.271
Iter 1470 | Loss:  211.623 | lengthscale: 279.911 | outputscale: 1.133 | noise: 0.271
Iter 1480 | Loss:  211.409 | lengthscale: 282.712 | outputscale: 1.139 | noise: 0.271
Iter 1490 | Loss:  211.190 | lengthscale: 285.567 | outputscale: 1.144 | noise: 0.271
Iter 1500 | Loss:  210.976 | lengthscale: 288.475 | outputscale: 1.149 | noise: 0.271
Iter 1510 | Loss:  210.752 | lengthscale: 291.437 | outputscale: 1.154 | noise: 0.271
Iter 1520 | Loss:  210.527 | lengthscale: 294.455 | outputscale: 1.160 | noise: 0.271
Iter 1530 | Loss:  210.300 | lengthscale: 297.529 | outputscale: 1.165 | noise: 0.271
Iter 1540 | Loss:  210.081 | lengthscale: 300.657 | outputscale: 1.170 | noise: 0.271
Iter 1550 | Loss:  209.853 | lengthscale: 303.839 | outputscale: 1.176 | noise: 0.271
Iter 1560 | Loss:  209.625 | lengthscale: 307.075 | outputscale: 1.181 | noise: 0.271
Iter 1570 | Loss:  209.395 | lengthscale: 310.363 | outputscale: 1.186 | noise: 0.271
Iter 1580 | Loss:  209.165 | lengthscale: 313.701 | outputscale: 1.192 | noise: 0.271
Iter 1590 | Loss:  208.934 | lengthscale: 317.086 | outputscale: 1.197 | noise: 0.271
Iter 1600 | Loss:  208.707 | lengthscale: 320.515 | outputscale: 1.202 | noise: 0.271
Iter 1610 | Loss:  208.478 | lengthscale: 323.985 | outputscale: 1.208 | noise: 0.271
Iter 1620 | Loss:  208.259 | lengthscale: 327.490 | outputscale: 1.213 | noise: 0.271
Iter 1630 | Loss:  208.032 | lengthscale: 331.026 | outputscale: 1.219 | noise: 0.271
Iter 1640 | Loss:  207.813 | lengthscale: 334.588 | outputscale: 1.225 | noise: 0.271
Iter 1650 | Loss:  207.594 | lengthscale: 338.171 | outputscale: 1.231 | noise: 0.271
Iter 1660 | Loss:  207.379 | lengthscale: 341.768 | outputscale: 1.236 | noise: 0.271
Iter 1670 | Loss:  207.172 | lengthscale: 345.375 | outputscale: 1.243 | noise: 0.271
Iter 1680 | Loss:  206.964 | lengthscale: 348.987 | outputscale: 1.249 | noise: 0.271
Iter 1690 | Loss:  206.760 | lengthscale: 352.597 | outputscale: 1.255 | noise: 0.271
Iter 1700 | Loss:  206.562 | lengthscale: 356.202 | outputscale: 1.261 | noise: 0.271
Iter 1710 | Loss:  206.375 | lengthscale: 359.797 | outputscale: 1.268 | noise: 0.271
Iter 1720 | Loss:  206.188 | lengthscale: 363.378 | outputscale: 1.275 | noise: 0.271
Iter 1730 | Loss:  206.005 | lengthscale: 366.943 | outputscale: 1.282 | noise: 0.271
Iter 1740 | Loss:  205.838 | lengthscale: 370.488 | outputscale: 1.289 | noise: 0.271
Iter 1750 | Loss:  205.666 | lengthscale: 374.012 | outputscale: 1.297 | noise: 0.271
Iter 1760 | Loss:  205.497 | lengthscale: 377.513 | outputscale: 1.304 | noise: 0.271
Iter 1770 | Loss:  205.343 | lengthscale: 380.991 | outputscale: 1.312 | noise: 0.271
Iter 1780 | Loss:  205.188 | lengthscale: 384.444 | outputscale: 1.320 | noise: 0.271
Iter 1790 | Loss:  205.026 | lengthscale: 387.875 | outputscale: 1.328 | noise: 0.271
Iter 1800 | Loss:  204.887 | lengthscale: 391.283 | outputscale: 1.336 | noise: 0.271
Iter 1810 | Loss:  204.744 | lengthscale: 394.668 | outputscale: 1.345 | noise: 0.271
Iter 1820 | Loss:  204.599 | lengthscale: 398.032 | outputscale: 1.354 | noise: 0.271
Iter 1830 | Loss:  204.457 | lengthscale: 401.377 | outputscale: 1.363 | noise: 0.271
Iter 1840 | Loss:  204.327 | lengthscale: 404.703 | outputscale: 1.372 | noise: 0.271
Iter 1850 | Loss:  204.197 | lengthscale: 408.013 | outputscale: 1.382 | noise: 0.271
Iter 1860 | Loss:  204.058 | lengthscale: 411.309 | outputscale: 1.391 | noise: 0.271
Iter 1870 | Loss:  203.932 | lengthscale: 414.591 | outputscale: 1.401 | noise: 0.271
Iter 1880 | Loss:  203.810 | lengthscale: 417.864 | outputscale: 1.411 | noise: 0.271
Iter 1890 | Loss:  203.688 | lengthscale: 421.128 | outputscale: 1.422 | noise: 0.271
Iter 1900 | Loss:  203.570 | lengthscale: 424.386 | outputscale: 1.432 | noise: 0.271
Iter 1910 | Loss:  203.444 | lengthscale: 427.640 | outputscale: 1.443 | noise: 0.271
Iter 1920 | Loss:  203.321 | lengthscale: 430.891 | outputscale: 1.454 | noise: 0.271
Iter 1930 | Loss:  203.215 | lengthscale: 434.143 | outputscale: 1.465 | noise: 0.271
Iter 1940 | Loss:  203.088 | lengthscale: 437.395 | outputscale: 1.477 | noise: 0.271
Iter 1950 | Loss:  202.966 | lengthscale: 440.651 | outputscale: 1.488 | noise: 0.271
Iter 1960 | Loss:  202.857 | lengthscale: 443.912 | outputscale: 1.500 | noise: 0.271
Iter 1970 | Loss:  202.744 | lengthscale: 447.178 | outputscale: 1.513 | noise: 0.271
Iter 1980 | Loss:  202.633 | lengthscale: 450.455 | outputscale: 1.525 | noise: 0.271
Iter 1990 | Loss:  202.512 | lengthscale: 453.741 | outputscale: 1.538 | noise: 0.271
Iter 2000 | Loss:  202.408 | lengthscale: 457.039 | outputscale: 1.551 | noise: 0.271
Iter 2010 | Loss:  202.289 | lengthscale: 460.349 | outputscale: 1.564 | noise: 0.271
Iter 2020 | Loss:  202.173 | lengthscale: 463.672 | outputscale: 1.578 | noise: 0.271
Iter 2030 | Loss:  202.063 | lengthscale: 467.010 | outputscale: 1.592 | noise: 0.271
Iter 2040 | Loss:  201.951 | lengthscale: 470.363 | outputscale: 1.606 | noise: 0.271
Iter 2050 | Loss:  201.838 | lengthscale: 473.732 | outputscale: 1.620 | noise: 0.271
Iter 2060 | Loss:  201.729 | lengthscale: 477.116 | outputscale: 1.635 | noise: 0.271
Iter 2070 | Loss:  201.612 | lengthscale: 480.516 | outputscale: 1.650 | noise: 0.271
Iter 2080 | Loss:  201.495 | lengthscale: 483.933 | outputscale: 1.665 | noise: 0.271
Iter 2090 | Loss:  201.390 | lengthscale: 487.364 | outputscale: 1.681 | noise: 0.271
Iter 2100 | Loss:  201.260 | lengthscale: 490.810 | outputscale: 1.697 | noise: 0.271
Iter 2110 | Loss:  201.148 | lengthscale: 494.269 | outputscale: 1.714 | noise: 0.271
Iter 2120 | Loss:  201.027 | lengthscale: 497.743 | outputscale: 1.731 | noise: 0.271
Iter 2130 | Loss:  200.915 | lengthscale: 501.230 | outputscale: 1.749 | noise: 0.271
Iter 2140 | Loss:  200.793 | lengthscale: 504.727 | outputscale: 1.766 | noise: 0.271
Iter 2150 | Loss:  200.693 | lengthscale: 508.236 | outputscale: 1.785 | noise: 0.270
Iter 2160 | Loss:  200.569 | lengthscale: 511.752 | outputscale: 1.804 | noise: 0.270
Iter 2170 | Loss:  200.452 | lengthscale: 515.275 | outputscale: 1.823 | noise: 0.270
Iter 2180 | Loss:  200.333 | lengthscale: 518.802 | outputscale: 1.843 | noise: 0.270
Iter 2190 | Loss:  200.208 | lengthscale: 522.331 | outputscale: 1.864 | noise: 0.270
Iter 2200 | Loss:  200.105 | lengthscale: 525.860 | outputscale: 1.885 | noise: 0.270
Iter 2210 | Loss:  199.983 | lengthscale: 529.387 | outputscale: 1.907 | noise: 0.270
Iter 2220 | Loss:  199.855 | lengthscale: 532.908 | outputscale: 1.930 | noise: 0.270
Iter 2230 | Loss:  199.726 | lengthscale: 536.421 | outputscale: 1.953 | noise: 0.270
Iter 2240 | Loss:  199.604 | lengthscale: 539.922 | outputscale: 1.977 | noise: 0.270
Iter 2250 | Loss:  199.484 | lengthscale: 543.410 | outputscale: 2.002 | noise: 0.270
Iter 2260 | Loss:  199.349 | lengthscale: 546.883 | outputscale: 2.028 | noise: 0.270
Iter 2270 | Loss:  199.227 | lengthscale: 550.336 | outputscale: 2.055 | noise: 0.270
Iter 2280 | Loss:  199.070 | lengthscale: 553.768 | outputscale: 2.083 | noise: 0.270
Iter 2290 | Loss:  198.954 | lengthscale: 557.170 | outputscale: 2.113 | noise: 0.270
Iter 2300 | Loss:  198.805 | lengthscale: 560.543 | outputscale: 2.143 | noise: 0.270
Iter 2310 | Loss:  198.683 | lengthscale: 563.883 | outputscale: 2.175 | noise: 0.270
Iter 2320 | Loss:  198.543 | lengthscale: 567.186 | outputscale: 2.208 | noise: 0.270
Iter 2330 | Loss:  198.382 | lengthscale: 570.446 | outputscale: 2.243 | noise: 0.270
Iter 2340 | Loss:  198.231 | lengthscale: 573.659 | outputscale: 2.279 | noise: 0.270
Iter 2350 | Loss:  198.070 | lengthscale: 576.822 | outputscale: 2.317 | noise: 0.270
Iter 2360 | Loss:  197.914 | lengthscale: 579.929 | outputscale: 2.357 | noise: 0.270
Iter 2370 | Loss:  197.734 | lengthscale: 582.977 | outputscale: 2.400 | noise: 0.270
Iter 2380 | Loss:  197.571 | lengthscale: 585.956 | outputscale: 2.445 | noise: 0.270
Iter 2390 | Loss:  197.381 | lengthscale: 588.862 | outputscale: 2.493 | noise: 0.269
Iter 2400 | Loss:  197.157 | lengthscale: 591.683 | outputscale: 2.544 | noise: 0.269
Iter 2410 | Loss:  196.971 | lengthscale: 594.412 | outputscale: 2.598 | noise: 0.269
Iter 2420 | Loss:  196.706 | lengthscale: 597.040 | outputscale: 2.655 | noise: 0.269
Iter 2430 | Loss:  196.487 | lengthscale: 599.551 | outputscale: 2.717 | noise: 0.269
Iter 2440 | Loss:  196.245 | lengthscale: 601.936 | outputscale: 2.784 | noise: 0.269
Iter 2450 | Loss:  195.912 | lengthscale: 604.178 | outputscale: 2.857 | noise: 0.269
Iter 2460 | Loss:  195.574 | lengthscale: 606.256 | outputscale: 2.935 | noise: 0.269
Iter 2470 | Loss:  195.211 | lengthscale: 608.149 | outputscale: 3.021 | noise: 0.268
Iter 2480 | Loss:  194.875 | lengthscale: 609.827 | outputscale: 3.115 | noise: 0.268
Iter 2490 | Loss:  194.367 | lengthscale: 611.261 | outputscale: 3.220 | noise: 0.268
Iter 2499 | Loss:  193.896 | lengthscale: 612.300 | outputscale: 3.324 | noise: 0.268
Learned Hyperparams:  {'lengthscale': 612.3001098632812, 'outputscale': 3.324355125427246, 'noise': 0.2676968276500702, 'marginal_likelihood_loss_history': [2769.24853515625, 2756.419921875, 2744.17041015625, 2732.495849609375, 2721.39208984375, 2710.85302734375, 2700.87109375, 2691.4375, 2682.5419921875, 2674.1728515625, 2666.3173828125, 2658.961181640625, 2652.0888671875, 2645.684326171875, 2639.72998046875, 2634.207763671875, 2629.0986328125, 2624.3828125, 2620.04052734375, 2616.05078125, 2612.393310546875, 2609.046875, 2605.990234375, 2603.203125, 2600.66455078125, 2598.35400390625, 2596.25146484375, 2594.337890625, 2592.59375, 2591.00146484375, 2589.54345703125, 2588.2021484375, 2586.962158203125, 2585.808349609375, 2584.72607421875, 2583.702392578125, 2582.72412109375, 2581.77978515625, 2580.8583984375, 2579.94970703125, 2579.0439453125, 2578.1328125, 2577.208251953125, 2576.2626953125, 2575.2890625, 2574.28173828125, 2573.23388671875, 2572.140625, 2570.99658203125, 2569.79736328125, 2568.53759765625, 2567.213134765625, 2565.81982421875, 2564.353515625, 2562.809326171875, 2561.18359375, 2559.47216796875, 2557.67041015625, 2555.7734375, 2553.77685546875, 2551.67626953125, 2549.46533203125, 2547.1396484375, 2544.693359375, 2542.12060546875, 2539.4150390625, 2536.56982421875, 2533.57861328125, 2530.43408203125, 2527.12890625, 2523.6552734375, 2520.0048828125, 2516.16943359375, 2512.140625, 2507.909423828125, 2503.466552734375, 2498.802734375, 2493.90869140625, 2488.77392578125, 2483.38916015625, 2477.743896484375, 2471.828125, 2465.63134765625, 2459.1435546875, 2452.35302734375, 2445.25048828125, 2437.82421875, 2430.064208984375, 2421.95947265625, 2413.4990234375, 2404.67236328125, 2395.468994140625, 2385.878173828125, 2375.8896484375, 2365.4931640625, 2354.678466796875, 2343.43603515625, 2331.75634765625, 2319.63037109375, 2307.050048828125, 2294.007080078125, 2280.49462890625, 2266.50634765625, 2252.037109375, 2237.08203125, 2221.638671875, 2205.704345703125, 2189.279296875, 2172.364501953125, 2154.96240234375, 2137.078125, 2118.71728515625, 2099.88916015625, 2080.60400390625, 2060.87451171875, 2040.7161865234375, 2020.146484375, 1999.1861572265625, 1977.857666015625, 1956.1865234375, 1934.201416015625, 1911.932861328125, 1889.4141845703125, 1866.681396484375, 1843.77197265625, 1820.725830078125, 1797.5830078125, 1774.385009765625, 1751.172607421875, 1727.9854736328125, 1704.860595703125, 1681.8314208984375, 1658.9273681640625, 1636.171630859375, 1613.5816650390625, 1591.167236328125, 1568.931884765625, 1546.873291015625, 1524.9835205078125, 1503.251708984375, 1481.6640625, 1460.207763671875, 1438.8707275390625, 1417.6455078125, 1396.5294189453125, 1375.52685546875, 1354.6507568359375, 1333.922607421875, 1313.3720703125, 1293.03662109375, 1272.958984375, 1253.185546875, 1233.76123046875, 1214.728515625, 1196.1204833984375, 1177.960693359375, 1160.2589111328125, 1143.011474609375, 1126.201171875, 1109.80126953125, 1093.779052734375, 1078.10302734375, 1062.744873046875, 1047.6883544921875, 1032.9254150390625, 1018.4591674804688, 1004.3001708984375, 990.4635009765625, 976.9639282226562, 963.8133544921875, 951.0164184570312, 938.5704345703125, 926.4636840820312, 914.6774291992188, 903.1893310546875, 891.9752197265625, 881.0142822265625, 870.2908325195312, 859.795654296875, 849.5257568359375, 839.4822387695312, 829.6688232421875, 820.0878295898438, 810.7392578125, 801.6199951171875, 792.7228393554688, 784.0374755859375, 775.5517578125, 767.2544555664062, 759.1351318359375, 751.1866455078125, 743.4046020507812, 735.786376953125, 728.331298828125, 721.0381469726562, 713.905517578125, 706.9298706054688, 700.10693359375, 693.43017578125, 686.8939208984375, 680.4918823242188, 674.218505859375, 668.0702514648438, 662.0439453125, 656.137939453125, 650.3505859375, 644.679931640625, 639.1237182617188, 633.6787719726562, 628.3422241210938, 623.1103515625, 617.9796752929688, 612.947265625, 608.0107421875, 603.168701171875, 598.4189453125, 593.76025390625, 589.1910400390625, 584.709716796875, 580.31396484375, 576.0015869140625, 571.770751953125, 567.6190185546875, 563.5447998046875, 559.5465087890625, 555.6222534179688, 551.771240234375, 547.9911499023438, 544.2813720703125, 540.6400756835938, 537.06494140625, 533.5550537109375, 530.108642578125, 526.72412109375, 523.4000244140625, 520.134765625, 516.9276123046875, 513.7770385742188, 510.6815185546875, 507.63995361328125, 504.65087890625, 501.712890625, 498.8248291015625, 495.98553466796875, 493.193603515625, 490.4486083984375, 487.7486572265625, 485.093017578125, 482.48077392578125, 479.910888671875, 477.38226318359375, 474.8936767578125, 472.44464111328125, 470.03460693359375, 467.6617431640625, 465.32611083984375, 463.02655029296875, 460.76239013671875, 458.532958984375, 456.33758544921875, 454.17608642578125, 452.04638671875, 449.9495849609375, 447.884033203125, 445.84967041015625, 443.84564208984375, 441.8717041015625, 439.927490234375, 438.0120849609375, 436.125, 434.26617431640625, 432.43511962890625, 430.63128662109375, 428.854248046875, 427.10357666015625, 425.3790283203125, 423.68035888671875, 422.006591796875, 420.35784912109375, 418.733642578125, 417.13385009765625, 415.5577392578125, 414.00506591796875, 412.4755859375, 410.9686279296875, 409.4842529296875, 408.0216064453125, 406.5811767578125, 405.16180419921875, 403.7637939453125, 402.38629150390625, 401.02923583984375, 399.69207763671875, 398.375, 397.07672119140625, 395.7974853515625, 394.53741455078125, 393.2952880859375, 392.0714111328125, 390.865234375, 389.6767578125, 388.504638671875, 387.3499755859375, 386.21142578125, 385.089111328125, 383.9825439453125, 382.891357421875, 381.8160400390625, 380.75506591796875, 379.70916748046875, 378.6778564453125, 377.66015625, 376.65655517578125, 375.6663818359375, 374.68939208984375, 373.72589111328125, 372.77484130859375, 371.83648681640625, 370.91021728515625, 369.9959716796875, 369.09375, 368.20318603515625, 367.32373046875, 366.4554443359375, 365.5982666015625, 364.751708984375, 363.9156494140625, 363.089599609375, 362.27374267578125, 361.468017578125, 360.671630859375, 359.88494873046875, 359.1077880859375, 358.33929443359375, 357.58001708984375, 356.829345703125, 356.08770751953125, 355.35418701171875, 354.6292724609375, 353.9119873046875, 353.2034912109375, 352.5020751953125, 351.8089599609375, 351.123046875, 350.4444580078125, 349.7730712890625, 349.1090087890625, 348.4517822265625, 347.801513671875, 347.1583251953125, 346.521484375, 345.8907470703125, 345.2669677734375, 344.6490478515625, 344.0374755859375, 343.4322509765625, 342.8326416015625, 342.2386474609375, 341.6500244140625, 341.0675048828125, 340.4903564453125, 339.919189453125, 339.352294921875, 338.7908935546875, 338.2347412109375, 337.6829833984375, 337.1368408203125, 336.594970703125, 336.05810546875, 335.5257568359375, 334.997802734375, 334.4747314453125, 333.955078125, 333.4404296875, 332.9295654296875, 332.4227294921875, 331.9197998046875, 331.4212646484375, 330.926025390625, 330.4349365234375, 329.9471435546875, 329.4630126953125, 328.9827880859375, 328.5052490234375, 328.03173828125, 327.5611572265625, 327.0933837890625, 326.6292724609375, 326.1685791015625, 325.7100830078125, 325.2552490234375, 324.8023681640625, 324.3525390625, 323.9058837890625, 323.4613037109375, 323.0196533203125, 322.5804443359375, 322.1436767578125, 321.708984375, 321.277099609375, 320.8472900390625, 320.419677734375, 319.99365234375, 319.5701904296875, 319.1490478515625, 318.7293701171875, 318.3116455078125, 317.8961181640625, 317.4818115234375, 317.070068359375, 316.6597900390625, 316.2509765625, 315.8436279296875, 315.437744140625, 315.033447265625, 314.631103515625, 314.22998046875, 313.8304443359375, 313.4320068359375, 313.035400390625, 312.6395263671875, 312.24560546875, 311.8521728515625, 311.4608154296875, 311.06982421875, 310.6805419921875, 310.2921142578125, 309.9053955078125, 309.519287109375, 309.1348876953125, 308.7508544921875, 308.3682861328125, 307.98681640625, 307.606689453125, 307.2271728515625, 306.8486328125, 306.4720458984375, 306.095703125, 305.7208251953125, 305.34716796875, 304.9739990234375, 304.601806640625, 304.2315673828125, 303.86181640625, 303.493408203125, 303.12646484375, 302.76025390625, 302.39501953125, 302.0308837890625, 301.66845703125, 301.306396484375, 300.9459228515625, 300.5863037109375, 300.228515625, 299.8719482421875, 299.5157470703125, 299.1617431640625, 298.8084716796875, 298.45654296875, 298.105712890625, 297.756103515625, 297.4080810546875, 297.06201171875, 296.71630859375, 296.3724365234375, 296.0296630859375, 295.6888427734375, 295.3482666015625, 295.0101318359375, 294.6737060546875, 294.3375244140625, 294.0037841796875, 293.670654296875, 293.3392333984375, 293.0098876953125, 292.6810302734375, 292.354248046875, 292.0286865234375, 291.705322265625, 291.3834228515625, 291.06201171875, 290.7432861328125, 290.4244384765625, 290.1087646484375, 289.7945556640625, 289.4810791015625, 289.1700439453125, 288.85986328125, 288.551025390625, 288.244384765625, 287.93896484375, 287.6353759765625, 287.3328857421875, 287.0323486328125, 286.7330322265625, 286.4361572265625, 286.1400146484375, 285.845458984375, 285.55224609375, 285.2613525390625, 284.9713134765625, 284.68310546875, 284.3961181640625, 284.1104736328125, 283.8275146484375, 283.5450439453125, 283.2642822265625, 282.9844970703125, 282.7066650390625, 282.4307861328125, 282.1561279296875, 281.88330078125, 281.6107177734375, 281.3402099609375, 281.070556640625, 280.8033447265625, 280.5369873046875, 280.272216796875, 280.0084228515625, 279.7454833984375, 279.4847412109375, 279.2252197265625, 278.967529296875, 278.7093505859375, 278.4534912109375, 278.19873046875, 277.9459228515625, 277.6947021484375, 277.44287109375, 277.19384765625, 276.9454345703125, 276.6983642578125, 276.4515380859375, 276.2061767578125, 275.9632568359375, 275.7200927734375, 275.47802734375, 275.2369384765625, 274.9981689453125, 274.7591552734375, 274.521728515625, 274.2847900390625, 274.0499267578125, 273.8155517578125, 273.581787109375, 273.34912109375, 273.1177978515625, 272.8870849609375, 272.6578369140625, 272.4290771484375, 272.2010498046875, 271.9737548828125, 271.7481689453125, 271.522705078125, 271.297607421875, 271.07421875, 270.852294921875, 270.6304931640625, 270.4090576171875, 270.1888427734375, 269.9686279296875, 269.7510986328125, 269.5323486328125, 269.3148193359375, 269.0985107421875, 268.882080078125, 268.6676025390625, 268.4541015625, 268.2401123046875, 268.0272216796875, 267.815185546875, 267.6044921875, 267.3934326171875, 267.1834716796875, 266.973876953125, 266.7647705078125, 266.557373046875, 266.3509521484375, 266.1441650390625, 265.9381103515625, 265.733154296875, 265.528076171875, 265.3248291015625, 265.12109375, 264.9188232421875, 264.7169189453125, 264.5162353515625, 264.3157958984375, 264.115478515625, 263.9166259765625, 263.7174072265625, 263.520263671875, 263.3233642578125, 263.1259765625, 262.9298095703125, 262.7347412109375, 262.540771484375, 262.3466796875, 262.1527099609375, 261.960693359375, 261.768798828125, 261.576904296875, 261.387451171875, 261.1976318359375, 261.00830078125, 260.8193359375, 260.6318359375, 260.444580078125, 260.2581787109375, 260.07275390625, 259.887451171875, 259.7039794921875, 259.52001953125, 259.3372802734375, 259.1546630859375, 258.9735107421875, 258.79345703125, 258.61328125, 258.434326171875, 258.2552490234375, 258.0780029296875, 257.900390625, 257.7247314453125, 257.54931640625, 257.3743896484375, 257.2008056640625, 257.026611328125, 256.8546142578125, 256.6839599609375, 256.5120849609375, 256.3424072265625, 256.17333984375, 256.0052490234375, 255.8372802734375, 255.6710205078125, 255.50390625, 255.3387451171875, 255.175048828125, 255.0111083984375, 254.8477783203125, 254.686279296875, 254.52490234375, 254.3638916015625, 254.2037353515625, 254.0445556640625, 253.8878173828125, 253.7308349609375, 253.572998046875, 253.4173583984375, 253.2633056640625, 253.1090087890625, 252.9559326171875, 252.8038330078125, 252.6517333984375, 252.50146484375, 252.3516845703125, 252.2021484375, 252.0543212890625, 251.90673828125, 251.7611083984375, 251.6146240234375, 251.4703369140625, 251.3250732421875, 251.1822509765625, 251.0399169921875, 250.8980712890625, 250.7567138671875, 250.6168212890625, 250.4779052734375, 250.3375244140625, 250.2005615234375, 250.0638427734375, 249.9276123046875, 249.79296875, 249.6573486328125, 249.523681640625, 249.389892578125, 249.2589111328125, 249.126220703125, 248.9952392578125, 248.8653564453125, 248.7364501953125, 248.6070556640625, 248.479248046875, 248.353271484375, 248.225341796875, 248.0999755859375, 247.9752197265625, 247.8494873046875, 247.7269287109375, 247.6024169921875, 247.4808349609375, 247.3587646484375, 247.2371826171875, 247.1177978515625, 246.997314453125, 246.8795166015625, 246.760498046875, 246.6422119140625, 246.5262451171875, 246.408935546875, 246.2938232421875, 246.1768798828125, 246.0626220703125, 245.94873046875, 245.83642578125, 245.722900390625, 245.6102294921875, 245.497802734375, 245.38671875, 245.2757568359375, 245.166748046875, 245.0567626953125, 244.9461669921875, 244.8387451171875, 244.7301025390625, 244.6241455078125, 244.5146484375, 244.4078369140625, 244.3018798828125, 244.1964111328125, 244.0914306640625, 243.9871826171875, 243.8818359375, 243.7777099609375, 243.6751708984375, 243.57080078125, 243.4671630859375, 243.366455078125, 243.2635498046875, 243.1617431640625, 243.0611572265625, 242.960205078125, 242.8604736328125, 242.7596435546875, 242.6607666015625, 242.5599365234375, 242.4598388671875, 242.36279296875, 242.2650146484375, 242.1658935546875, 242.069580078125, 241.9708251953125, 241.87548828125, 241.778564453125, 241.68212890625, 241.585693359375, 241.4891357421875, 241.3941650390625, 241.2991943359375, 241.202392578125, 241.1087646484375, 241.012939453125, 240.9188232421875, 240.823974609375, 240.7308349609375, 240.6375732421875, 240.544189453125, 240.4500732421875, 240.3570556640625, 240.2637939453125, 240.172119140625, 240.080078125, 239.987548828125, 239.895263671875, 239.8038330078125, 239.7130126953125, 239.6204833984375, 239.5289306640625, 239.4378662109375, 239.3475341796875, 239.256591796875, 239.1666259765625, 239.077392578125, 238.9852294921875, 238.8951416015625, 238.8065185546875, 238.7161865234375, 238.6265869140625, 238.537841796875, 238.44921875, 238.35888671875, 238.2708740234375, 238.1822509765625, 238.0941162109375, 238.0050048828125, 237.91650390625, 237.828857421875, 237.7391357421875, 237.65185546875, 237.5643310546875, 237.4766845703125, 237.3895263671875, 237.3013916015625, 237.2139892578125, 237.1285400390625, 237.039794921875, 236.9542236328125, 236.867919921875, 236.7802734375, 236.6943359375, 236.607177734375, 236.5203857421875, 236.4364013671875, 236.3486328125, 236.2640380859375, 236.1783447265625, 236.092529296875, 236.0069580078125, 235.9215087890625, 235.836669921875, 235.7506103515625, 235.6663818359375, 235.5821533203125, 235.498291015625, 235.4127197265625, 235.328369140625, 235.244140625, 235.160400390625, 235.0750732421875, 234.9913330078125, 234.907470703125, 234.8243408203125, 234.7406005859375, 234.6580810546875, 234.57421875, 234.490478515625, 234.4083251953125, 234.32421875, 234.2445068359375, 234.1611328125, 234.0789794921875, 233.9967041015625, 233.9149169921875, 233.8323974609375, 233.7510986328125, 233.6685791015625, 233.5877685546875, 233.5076904296875, 233.4249267578125, 233.343017578125, 233.2646484375, 233.1834716796875, 233.1029052734375, 233.0213623046875, 232.9407958984375, 232.862060546875, 232.7821044921875, 232.7022705078125, 232.6231689453125, 232.5433349609375, 232.4647216796875, 232.3861083984375, 232.30517578125, 232.2293701171875, 232.1485595703125, 232.071044921875, 231.9940185546875, 231.9156494140625, 231.8369140625, 231.7608642578125, 231.6834716796875, 231.6053466796875, 231.5279541015625, 231.4520263671875, 231.375732421875, 231.299560546875, 231.2222900390625, 231.1470947265625, 231.070556640625, 230.9959716796875, 230.918701171875, 230.843994140625, 230.770751953125, 230.6954345703125, 230.6209716796875, 230.5455322265625, 230.47119140625, 230.39697265625, 230.322998046875, 230.251220703125, 230.1778564453125, 230.10400390625, 230.0311279296875, 229.9583740234375, 229.8848876953125, 229.8140869140625, 229.74072265625, 229.6697998046875, 229.5980224609375, 229.5279541015625, 229.45654296875, 229.3858642578125, 229.3153076171875, 229.2430419921875, 229.1748046875, 229.1038818359375, 229.0328369140625, 228.9619140625, 228.8944091796875, 228.8258056640625, 228.7564697265625, 228.6868896484375, 228.6187744140625, 228.5487060546875, 228.4832763671875, 228.4141845703125, 228.3468017578125, 228.278564453125, 228.2125244140625, 228.145263671875, 228.0787353515625, 228.0135498046875, 227.9464111328125, 227.8822021484375, 227.814697265625, 227.75, 227.6849365234375, 227.62109375, 227.5552978515625, 227.4896240234375, 227.4261474609375, 227.3636474609375, 227.2979736328125, 227.236328125, 227.172119140625, 227.1094970703125, 227.0460205078125, 226.9832763671875, 226.9212646484375, 226.857177734375, 226.796630859375, 226.7342529296875, 226.673095703125, 226.6129150390625, 226.552734375, 226.4893798828125, 226.431396484375, 226.368408203125, 226.30859375, 226.2501220703125, 226.190673828125, 226.1326904296875, 226.07177734375, 226.01318359375, 225.953125, 225.896484375, 225.8359375, 225.7796630859375, 225.7203369140625, 225.664794921875, 225.6082763671875, 225.5499267578125, 225.4931640625, 225.4354248046875, 225.3792724609375, 225.3228759765625, 225.2681884765625, 225.212158203125, 225.1568603515625, 225.1011962890625, 225.04638671875, 224.9918212890625, 224.9366455078125, 224.88330078125, 224.828125, 224.7747802734375, 224.72119140625, 224.66796875, 224.6143798828125, 224.5609130859375, 224.5068359375, 224.4542236328125, 224.40380859375, 224.351806640625, 224.29833984375, 224.24658203125, 224.1954345703125, 224.14501953125, 224.0924072265625, 224.041748046875, 223.9908447265625, 223.9415283203125, 223.8892822265625, 223.840087890625, 223.7890625, 223.741943359375, 223.6898193359375, 223.639892578125, 223.592041015625, 223.543701171875, 223.4940185546875, 223.44580078125, 223.3974609375, 223.34814453125, 223.2999267578125, 223.25439453125, 223.2064208984375, 223.1573486328125, 223.110107421875, 223.062255859375, 223.0177001953125, 222.9713134765625, 222.9271240234375, 222.8809814453125, 222.8338623046875, 222.7879638671875, 222.7410888671875, 222.6968994140625, 222.651123046875, 222.6058349609375, 222.5623779296875, 222.519287109375, 222.4710693359375, 222.4296875, 222.3848876953125, 222.3419189453125, 222.2969970703125, 222.2537841796875, 222.2119140625, 222.16845703125, 222.1253662109375, 222.0816650390625, 222.0411376953125, 221.997802734375, 221.9571533203125, 221.91552734375, 221.8721923828125, 221.8323974609375, 221.78955078125, 221.7491455078125, 221.70703125, 221.6690673828125, 221.62744140625, 221.5858154296875, 221.543701171875, 221.504150390625, 221.4656982421875, 221.4267578125, 221.387939453125, 221.3472900390625, 221.30908203125, 221.270751953125, 221.231201171875, 221.1934814453125, 221.15478515625, 221.1148681640625, 221.0767822265625, 221.039794921875, 221.0015869140625, 220.9625244140625, 220.9256591796875, 220.8900146484375, 220.8541259765625, 220.8172607421875, 220.7779541015625, 220.74365234375, 220.70654296875, 220.6717529296875, 220.6351318359375, 220.5985107421875, 220.564453125, 220.5255126953125, 220.49267578125, 220.4560546875, 220.422119140625, 220.3853759765625, 220.3514404296875, 220.3193359375, 220.2830810546875, 220.2513427734375, 220.216796875, 220.1822509765625, 220.150390625, 220.1170654296875, 220.0821533203125, 220.048583984375, 220.01708984375, 219.98486328125, 219.9508056640625, 219.9193115234375, 219.887451171875, 219.853759765625, 219.82275390625, 219.790283203125, 219.7598876953125, 219.7275390625, 219.6964111328125, 219.6644287109375, 219.6317138671875, 219.6024169921875, 219.5714111328125, 219.54052734375, 219.511962890625, 219.48046875, 219.448486328125, 219.4195556640625, 219.3900146484375, 219.3597412109375, 219.3310546875, 219.3004150390625, 219.26953125, 219.2420654296875, 219.2115478515625, 219.1824951171875, 219.1539306640625, 219.1256103515625, 219.0958251953125, 219.069091796875, 219.0394287109375, 219.01318359375, 218.9835205078125, 218.9564208984375, 218.9285888671875, 218.9013671875, 218.8714599609375, 218.8465576171875, 218.819091796875, 218.7919921875, 218.7633056640625, 218.7371826171875, 218.709716796875, 218.681884765625, 218.6546630859375, 218.6322021484375, 218.6033935546875, 218.577880859375, 218.5526123046875, 218.5252685546875, 218.4989013671875, 218.4727783203125, 218.448486328125, 218.4200439453125, 218.3958740234375, 218.3707275390625, 218.34521484375, 218.3204345703125, 218.2947998046875, 218.2706298828125, 218.2447509765625, 218.2196044921875, 218.197998046875, 218.1754150390625, 218.1473388671875, 218.1231689453125, 218.0989990234375, 218.076904296875, 218.0511474609375, 218.0279541015625, 218.0028076171875, 217.97802734375, 217.9547119140625, 217.9332275390625, 217.9105224609375, 217.884765625, 217.8603515625, 217.83837890625, 217.8143310546875, 217.7900390625, 217.7701416015625, 217.7451171875, 217.7220458984375, 217.6982421875, 217.6787109375, 217.6563720703125, 217.6322021484375, 217.609619140625, 217.5853271484375, 217.5675048828125, 217.544189453125, 217.52099609375, 217.499267578125, 217.4781494140625, 217.4547119140625, 217.4327392578125, 217.4095458984375, 217.3905029296875, 217.36767578125, 217.3455810546875, 217.3218994140625, 217.3045654296875, 217.281005859375, 217.26123046875, 217.241943359375, 217.2191162109375, 217.197509765625, 217.1754150390625, 217.1552734375, 217.1326904296875, 217.1131591796875, 217.092041015625, 217.0706787109375, 217.0506591796875, 217.030029296875, 217.0081787109375, 216.989990234375, 216.968017578125, 216.94873046875, 216.9271240234375, 216.9071044921875, 216.8861083984375, 216.8677978515625, 216.84765625, 216.8275146484375, 216.8065185546875, 216.7860107421875, 216.7669677734375, 216.7462158203125, 216.7259521484375, 216.70751953125, 216.6861572265625, 216.666015625, 216.6480712890625, 216.62744140625, 216.609130859375, 216.58837890625, 216.5689697265625, 216.5469970703125, 216.5289306640625, 216.5126953125, 216.4893798828125, 216.4693603515625, 216.451904296875, 216.430908203125, 216.4130859375, 216.3934326171875, 216.37255859375, 216.3538818359375, 216.334228515625, 216.316650390625, 216.29833984375, 216.278076171875, 216.2586669921875, 216.2396240234375, 216.2193603515625, 216.20166015625, 216.180908203125, 216.1622314453125, 216.1453857421875, 216.12548828125, 216.1038818359375, 216.0870361328125, 216.0714111328125, 216.052490234375, 216.0340576171875, 216.014404296875, 215.9959716796875, 215.9747314453125, 215.9539794921875, 215.936279296875, 215.9190673828125, 215.8990478515625, 215.88037109375, 215.86474609375, 215.8448486328125, 215.8253173828125, 215.8050537109375, 215.789794921875, 215.768798828125, 215.7518310546875, 215.730712890625, 215.7137451171875, 215.6956787109375, 215.672607421875, 215.6590576171875, 215.6380615234375, 215.6192626953125, 215.6009521484375, 215.5828857421875, 215.5672607421875, 215.5474853515625, 215.5306396484375, 215.5093994140625, 215.490966796875, 215.475341796875, 215.4556884765625, 215.436279296875, 215.417724609375, 215.3985595703125, 215.3812255859375, 215.3619384765625, 215.341552734375, 215.327392578125, 215.3070068359375, 215.2861328125, 215.2718505859375, 215.2513427734375, 215.2330322265625, 215.216796875, 215.1976318359375, 215.1790771484375, 215.160888671875, 215.1427001953125, 215.123046875, 215.1048583984375, 215.0845947265625, 215.067626953125, 215.048583984375, 215.0269775390625, 215.01025390625, 214.9921875, 214.97314453125, 214.95751953125, 214.9407958984375, 214.9178466796875, 214.89892578125, 214.88037109375, 214.860107421875, 214.8411865234375, 214.8258056640625, 214.8021240234375, 214.790283203125, 214.7679443359375, 214.7545166015625, 214.73388671875, 214.7149658203125, 214.6947021484375, 214.6763916015625, 214.6611328125, 214.6395263671875, 214.6236572265625, 214.6046142578125, 214.5836181640625, 214.5655517578125, 214.5482177734375, 214.5269775390625, 214.5086669921875, 214.4903564453125, 214.4713134765625, 214.4534912109375, 214.4346923828125, 214.4150390625, 214.397705078125, 214.3780517578125, 214.3560791015625, 214.3377685546875, 214.3221435546875, 214.2994384765625, 214.281982421875, 214.2635498046875, 214.2435302734375, 214.2288818359375, 214.2054443359375, 214.1884765625, 214.1700439453125, 214.14794921875, 214.1304931640625, 214.1153564453125, 214.09423828125, 214.0743408203125, 214.0570068359375, 214.0350341796875, 214.0152587890625, 213.9969482421875, 213.9783935546875, 213.96240234375, 213.9427490234375, 213.9256591796875, 213.904052734375, 213.880859375, 213.8660888671875, 213.845703125, 213.8255615234375, 213.805908203125, 213.7843017578125, 213.7620849609375, 213.7471923828125, 213.7254638671875, 213.709716796875, 213.690673828125, 213.6668701171875, 213.6483154296875, 213.6319580078125, 213.6102294921875, 213.5919189453125, 213.571533203125, 213.5509033203125, 213.5301513671875, 213.513427734375, 213.4930419921875, 213.4749755859375, 213.4515380859375, 213.4351806640625, 213.4130859375, 213.3927001953125, 213.3731689453125, 213.353515625, 213.3367919921875, 213.3165283203125, 213.2957763671875, 213.2742919921875, 213.2564697265625, 213.2352294921875, 213.2152099609375, 213.193359375, 213.1749267578125, 213.1558837890625, 213.1356201171875, 213.1141357421875, 213.0950927734375, 213.076171875, 213.0577392578125, 213.0367431640625, 213.0120849609375, 212.9930419921875, 212.9747314453125, 212.953857421875, 212.93310546875, 212.913818359375, 212.8963623046875, 212.8763427734375, 212.8538818359375, 212.833740234375, 212.811279296875, 212.7928466796875, 212.77099609375, 212.7530517578125, 212.7296142578125, 212.7103271484375, 212.6885986328125, 212.6702880859375, 212.6466064453125, 212.6259765625, 212.6072998046875, 212.593505859375, 212.5693359375, 212.5423583984375, 212.5213623046875, 212.5037841796875, 212.4874267578125, 212.4677734375, 212.44140625, 212.4232177734375, 212.3997802734375, 212.3843994140625, 212.36376953125, 212.3426513671875, 212.3194580078125, 212.2978515625, 212.2762451171875, 212.2587890625, 212.2391357421875, 212.2174072265625, 212.198486328125, 212.1728515625, 212.1512451171875, 212.1329345703125, 212.1094970703125, 212.08642578125, 212.0693359375, 212.04736328125, 212.0301513671875, 212.0074462890625, 211.9803466796875, 211.9637451171875, 211.9443359375, 211.9239501953125, 211.9017333984375, 211.8853759765625, 211.8612060546875, 211.8411865234375, 211.8170166015625, 211.79833984375, 211.7720947265625, 211.7550048828125, 211.728759765625, 211.7083740234375, 211.6868896484375, 211.6649169921875, 211.6446533203125, 211.6229248046875, 211.600341796875, 211.5838623046875, 211.55859375, 211.5400390625, 211.516357421875, 211.4981689453125, 211.4761962890625, 211.4520263671875, 211.4322509765625, 211.4093017578125, 211.3856201171875, 211.371337890625, 211.346923828125, 211.3282470703125, 211.3009033203125, 211.2821044921875, 211.2564697265625, 211.23583984375, 211.21484375, 211.1900634765625, 211.171875, 211.1517333984375, 211.1246337890625, 211.1065673828125, 211.0802001953125, 211.0592041015625, 211.0401611328125, 211.0181884765625, 210.9998779296875, 210.9761962890625, 210.9532470703125, 210.93115234375, 210.90771484375, 210.8817138671875, 210.865478515625, 210.8470458984375, 210.8209228515625, 210.7960205078125, 210.7730712890625, 210.7515869140625, 210.7318115234375, 210.7083740234375, 210.6854248046875, 210.6678466796875, 210.6414794921875, 210.61767578125, 210.5936279296875, 210.568603515625, 210.5528564453125, 210.52685546875, 210.504638671875, 210.4923095703125, 210.465576171875, 210.4429931640625, 210.4197998046875, 210.3978271484375, 210.371337890625, 210.3472900390625, 210.3292236328125, 210.299560546875, 210.280029296875, 210.259765625, 210.2371826171875, 210.21728515625, 210.19482421875, 210.173828125, 210.148193359375, 210.1304931640625, 210.1051025390625, 210.0806884765625, 210.0594482421875, 210.0340576171875, 210.0120849609375, 209.9854736328125, 209.9683837890625, 209.950927734375, 209.921875, 209.8994140625, 209.8756103515625, 209.8525390625, 209.82470703125, 209.803955078125, 209.781494140625, 209.7608642578125, 209.7386474609375, 209.7174072265625, 209.6956787109375, 209.6673583984375, 209.645263671875, 209.6248779296875, 209.603759765625, 209.5814208984375, 209.5545654296875, 209.5367431640625, 209.5098876953125, 209.4869384765625, 209.4693603515625, 209.4432373046875, 209.4207763671875, 209.3951416015625, 209.3709716796875, 209.3511962890625, 209.3265380859375, 209.304931640625, 209.2781982421875, 209.2579345703125, 209.2391357421875, 209.2103271484375, 209.1920166015625, 209.165283203125, 209.1480712890625, 209.1226806640625, 209.1004638671875, 209.0731201171875, 209.0513916015625, 209.03076171875, 209.005126953125, 208.9840087890625, 208.9610595703125, 208.9342041015625, 208.910888671875, 208.8917236328125, 208.8656005859375, 208.8492431640625, 208.8250732421875, 208.79541015625, 208.77783203125, 208.759033203125, 208.7315673828125, 208.7069091796875, 208.6868896484375, 208.6617431640625, 208.6407470703125, 208.615234375, 208.59912109375, 208.5709228515625, 208.5504150390625, 208.5228271484375, 208.50146484375, 208.4775390625, 208.4560546875, 208.431396484375, 208.4140625, 208.394775390625, 208.367431640625, 208.3416748046875, 208.3211669921875, 208.30517578125, 208.2783203125, 208.259033203125, 208.2298583984375, 208.2115478515625, 208.1842041015625, 208.1629638671875, 208.1405029296875, 208.1253662109375, 208.0958251953125, 208.0772705078125, 208.0528564453125, 208.0316162109375, 208.006103515625, 207.9876708984375, 207.9659423828125, 207.939208984375, 207.9185791015625, 207.894287109375, 207.86865234375, 207.8623046875, 207.833740234375, 207.8126220703125, 207.7860107421875, 207.765869140625, 207.7430419921875, 207.72021484375, 207.6998291015625, 207.6798095703125, 207.65576171875, 207.636474609375, 207.607666015625, 207.5943603515625, 207.5721435546875, 207.5474853515625, 207.5267333984375, 207.4996337890625, 207.4818115234375, 207.46142578125, 207.439208984375, 207.4193115234375, 207.3948974609375, 207.3785400390625, 207.360107421875, 207.33642578125, 207.3172607421875, 207.2939453125, 207.268310546875, 207.2508544921875, 207.2325439453125, 207.2091064453125, 207.1932373046875, 207.1722412109375, 207.148193359375, 207.126953125, 207.108642578125, 207.0919189453125, 207.0662841796875, 207.0462646484375, 207.0269775390625, 207.0067138671875, 206.9825439453125, 206.9637451171875, 206.9412841796875, 206.9180908203125, 206.9005126953125, 206.8843994140625, 206.8604736328125, 206.8472900390625, 206.8228759765625, 206.7982177734375, 206.7847900390625, 206.7603759765625, 206.7437744140625, 206.7227783203125, 206.7110595703125, 206.67822265625, 206.662353515625, 206.6458740234375, 206.6285400390625, 206.6077880859375, 206.5806884765625, 206.562255859375, 206.5447998046875, 206.531982421875, 206.505615234375, 206.49560546875, 206.4669189453125, 206.447998046875, 206.4332275390625, 206.414306640625, 206.3992919921875, 206.37548828125, 206.3563232421875, 206.340087890625, 206.31689453125, 206.30078125, 206.284423828125, 206.267333984375, 206.250244140625, 206.2257080078125, 206.208740234375, 206.1881103515625, 206.1739501953125, 206.161376953125, 206.1304931640625, 206.1121826171875, 206.0994873046875, 206.0836181640625, 206.0609130859375, 206.0460205078125, 206.0244140625, 206.00537109375, 205.99658203125, 205.9727783203125, 205.957275390625, 205.9373779296875, 205.9161376953125, 205.9007568359375, 205.891357421875, 205.8663330078125, 205.850341796875, 205.8377685546875, 205.822509765625, 205.8026123046875, 205.7816162109375, 205.7657470703125, 205.745849609375, 205.73193359375, 205.7156982421875, 205.6973876953125, 205.6885986328125, 205.665771484375, 205.647705078125, 205.6341552734375, 205.6131591796875, 205.5943603515625, 205.5755615234375, 205.56298828125, 205.5526123046875, 205.537353515625, 205.518310546875, 205.49658203125, 205.489990234375, 205.4693603515625, 205.4498291015625, 205.4342041015625, 205.4163818359375, 205.4073486328125, 205.3944091796875, 205.365966796875, 205.3603515625, 205.3433837890625, 205.3270263671875, 205.309814453125, 205.2884521484375, 205.2716064453125, 205.2603759765625, 205.2481689453125, 205.2281494140625, 205.213623046875, 205.20068359375, 205.1883544921875, 205.1700439453125, 205.1553955078125, 205.1402587890625, 205.126953125, 205.1087646484375, 205.0887451171875, 205.0765380859375, 205.070068359375, 205.0487060546875, 205.02587890625, 205.0184326171875, 205.0064697265625, 204.990966796875, 204.9771728515625, 204.9617919921875, 204.94189453125, 204.9263916015625, 204.9146728515625, 204.8961181640625, 204.88671875, 204.8714599609375, 204.8564453125, 204.8402099609375, 204.8228759765625, 204.8114013671875, 204.8028564453125, 204.7843017578125, 204.7705078125, 204.7509765625, 204.7437744140625, 204.72265625, 204.7083740234375, 204.698486328125, 204.6788330078125, 204.667724609375, 204.6534423828125, 204.6456298828125, 204.627685546875, 204.61376953125, 204.5985107421875, 204.5894775390625, 204.5731201171875, 204.5594482421875, 204.544189453125, 204.5303955078125, 204.5242919921875, 204.5081787109375, 204.4967041015625, 204.4810791015625, 204.456787109375, 204.4437255859375, 204.4371337890625, 204.418701171875, 204.401123046875, 204.3868408203125, 204.3795166015625, 204.36767578125, 204.3558349609375, 204.3408203125, 204.3267822265625, 204.3135986328125, 204.3033447265625, 204.2862548828125, 204.2674560546875, 204.264892578125, 204.2459716796875, 204.2266845703125, 204.2183837890625, 204.2047119140625, 204.197021484375, 204.1839599609375, 204.1619873046875, 204.154296875, 204.1409912109375, 204.1270751953125, 204.1177978515625, 204.1051025390625, 204.0919189453125, 204.07568359375, 204.0582275390625, 204.0545654296875, 204.035888671875, 204.0260009765625, 204.016357421875, 204.008056640625, 203.9898681640625, 203.9710693359375, 203.9617919921875, 203.9464111328125, 203.9317626953125, 203.92041015625, 203.9090576171875, 203.901123046875, 203.886962890625, 203.8770751953125, 203.8643798828125, 203.8485107421875, 203.8385009765625, 203.8212890625, 203.81005859375, 203.7991943359375, 203.7923583984375, 203.7738037109375, 203.7554931640625, 203.7537841796875, 203.7374267578125, 203.7244873046875, 203.7164306640625, 203.6988525390625, 203.6878662109375, 203.6700439453125, 203.6612548828125, 203.6531982421875, 203.6419677734375, 203.6292724609375, 203.611328125, 203.5968017578125, 203.591064453125, 203.575439453125, 203.5701904296875, 203.5633544921875, 203.5360107421875, 203.5262451171875, 203.5125732421875, 203.4991455078125, 203.4940185546875, 203.489990234375, 203.4713134765625, 203.4580078125, 203.443603515625, 203.428955078125, 203.4107666015625, 203.410400390625, 203.3907470703125, 203.3812255859375, 203.3734130859375, 203.3603515625, 203.3529052734375, 203.338623046875, 203.3206787109375, 203.3206787109375, 203.302001953125, 203.2918701171875, 203.2781982421875, 203.270263671875, 203.2691650390625, 203.2471923828125, 203.23974609375, 203.2210693359375, 203.21533203125, 203.1998291015625, 203.1888427734375, 203.180419921875, 203.1650390625, 203.1551513671875, 203.1475830078125, 203.12841796875, 203.1185302734375, 203.099365234375, 203.0877685546875, 203.0733642578125, 203.0634765625, 203.0626220703125, 203.0501708984375, 203.0289306640625, 203.0220947265625, 203.0062255859375, 202.9964599609375, 202.9901123046875, 202.9656982421875, 202.9649658203125, 202.9530029296875, 202.9476318359375, 202.920166015625, 202.9222412109375, 202.89501953125, 202.8968505859375, 202.8857421875, 202.882568359375, 202.857177734375, 202.8463134765625, 202.83203125, 202.8133544921875, 202.8154296875, 202.7987060546875, 202.7955322265625, 202.786376953125, 202.7750244140625, 202.7540283203125, 202.7437744140625, 202.7305908203125, 202.72265625, 202.7078857421875, 202.6925048828125, 202.6806640625, 202.67529296875, 202.6661376953125, 202.6483154296875, 202.6409912109375, 202.6334228515625, 202.6246337890625, 202.6044921875, 202.602294921875, 202.579833984375, 202.5689697265625, 202.55029296875, 202.5465087890625, 202.539306640625, 202.5250244140625, 202.51171875, 202.5216064453125, 202.4920654296875, 202.47607421875, 202.470703125, 202.4544677734375, 202.4453125, 202.4327392578125, 202.4273681640625, 202.4139404296875, 202.4083251953125, 202.3897705078125, 202.375732421875, 202.3577880859375, 202.348876953125, 202.340087890625, 202.3302001953125, 202.324951171875, 202.3115234375, 202.3028564453125, 202.2894287109375, 202.283203125, 202.261962890625, 202.2554931640625, 202.2401123046875, 202.228271484375, 202.2196044921875, 202.205810546875, 202.1929931640625, 202.1844482421875, 202.173095703125, 202.152587890625, 202.146484375, 202.137451171875, 202.1448974609375, 202.115966796875, 202.0958251953125, 202.09619140625, 202.084228515625, 202.0743408203125, 202.0628662109375, 202.0499267578125, 202.0341796875, 202.0220947265625, 202.0152587890625, 202.0037841796875, 201.994873046875, 201.973876953125, 201.9739990234375, 201.9664306640625, 201.95068359375, 201.94384765625, 201.9266357421875, 201.907958984375, 201.9107666015625, 201.889404296875, 201.8643798828125, 201.8707275390625, 201.8560791015625, 201.851806640625, 201.837890625, 201.8299560546875, 201.8123779296875, 201.7982177734375, 201.785400390625, 201.775390625, 201.7615966796875, 201.75537109375, 201.743408203125, 201.7318115234375, 201.7291259765625, 201.7130126953125, 201.7030029296875, 201.6956787109375, 201.6761474609375, 201.6658935546875, 201.644287109375, 201.641357421875, 201.6192626953125, 201.6072998046875, 201.6116943359375, 201.6007080078125, 201.574951171875, 201.56494140625, 201.5513916015625, 201.5452880859375, 201.5322265625, 201.5279541015625, 201.5118408203125, 201.5128173828125, 201.4949951171875, 201.4739990234375, 201.4642333984375, 201.4476318359375, 201.4488525390625, 201.443115234375, 201.4229736328125, 201.4173583984375, 201.4088134765625, 201.3809814453125, 201.3902587890625, 201.3665771484375, 201.3597412109375, 201.356201171875, 201.3433837890625, 201.325439453125, 201.314697265625, 201.3050537109375, 201.2952880859375, 201.2801513671875, 201.2598876953125, 201.2535400390625, 201.2412109375, 201.2296142578125, 201.2203369140625, 201.2108154296875, 201.1927490234375, 201.1766357421875, 201.173583984375, 201.1422119140625, 201.1478271484375, 201.1317138671875, 201.1380615234375, 201.1212158203125, 201.0980224609375, 201.0941162109375, 201.078369140625, 201.071044921875, 201.0562744140625, 201.0426025390625, 201.0267333984375, 201.0250244140625, 201.009521484375, 201.0018310546875, 200.9852294921875, 200.964111328125, 200.9735107421875, 200.9508056640625, 200.9447021484375, 200.9322509765625, 200.915283203125, 200.90869140625, 200.90869140625, 200.8907470703125, 200.86962890625, 200.862060546875, 200.851806640625, 200.8297119140625, 200.8206787109375, 200.8115234375, 200.7926025390625, 200.7757568359375, 200.760986328125, 200.7606201171875, 200.7447509765625, 200.7291259765625, 200.7354736328125, 200.714111328125, 200.7113037109375, 200.7078857421875, 200.6932373046875, 200.6751708984375, 200.664306640625, 200.6602783203125, 200.640869140625, 200.6463623046875, 200.6185302734375, 200.616943359375, 200.60693359375, 200.595458984375, 200.5689697265625, 200.5445556640625, 200.5372314453125, 200.5228271484375, 200.5126953125, 200.513671875, 200.4974365234375, 200.4952392578125, 200.4759521484375, 200.4652099609375, 200.4520263671875, 200.4451904296875, 200.4356689453125, 200.422607421875, 200.422607421875, 200.4031982421875, 200.3719482421875, 200.3699951171875, 200.3697509765625, 200.3486328125, 200.333251953125, 200.328369140625, 200.3043212890625, 200.302734375, 200.2818603515625, 200.260498046875, 200.259033203125, 200.2449951171875, 200.2332763671875, 200.2220458984375, 200.2078857421875, 200.2078857421875, 200.184326171875, 200.1793212890625, 200.16455078125, 200.15576171875, 200.1461181640625, 200.140380859375, 200.12548828125, 200.1175537109375, 200.10546875, 200.0848388671875, 200.0772705078125, 200.0545654296875, 200.0538330078125, 200.0416259765625, 200.0283203125, 200.0003662109375, 200.00439453125, 199.9886474609375, 199.98291015625, 199.9759521484375, 199.9661865234375, 199.9515380859375, 199.9329833984375, 199.9107666015625, 199.9019775390625, 199.8907470703125, 199.8729248046875, 199.86962890625, 199.8553466796875, 199.849609375, 199.82421875, 199.8162841796875, 199.8123779296875, 199.7860107421875, 199.7762451171875, 199.76904296875, 199.7557373046875, 199.74560546875, 199.7259521484375, 199.7098388671875, 199.7115478515625, 199.69482421875, 199.6849365234375, 199.6737060546875, 199.6529541015625, 199.6502685546875, 199.6318359375, 199.607177734375, 199.6038818359375, 199.6029052734375, 199.5850830078125, 199.5833740234375, 199.55322265625, 199.5343017578125, 199.5321044921875, 199.5015869140625, 199.5133056640625, 199.499267578125, 199.4840087890625, 199.474609375, 199.4471435546875, 199.4410400390625, 199.4281005859375, 199.423828125, 199.4051513671875, 199.3819580078125, 199.3773193359375, 199.37841796875, 199.3492431640625, 199.318603515625, 199.329345703125, 199.3162841796875, 199.3167724609375, 199.2913818359375, 199.2791748046875, 199.253173828125, 199.2249755859375, 199.243896484375, 199.2266845703125, 199.216796875, 199.2032470703125, 199.186279296875, 199.17626953125, 199.1453857421875, 199.1392822265625, 199.1492919921875, 199.1282958984375, 199.095947265625, 199.0701904296875, 199.086669921875, 199.0333251953125, 199.0408935546875, 199.0286865234375, 199.0150146484375, 199.0084228515625, 198.9703369140625, 198.9635009765625, 198.9847412109375, 198.9542236328125, 198.94482421875, 198.9171142578125, 198.9036865234375, 198.9151611328125, 198.897216796875, 198.8677978515625, 198.8524169921875, 198.8304443359375, 198.81640625, 198.8045654296875, 198.7869873046875, 198.7889404296875, 198.7745361328125, 198.759033203125, 198.7657470703125, 198.7430419921875, 198.7213134765625, 198.7132568359375, 198.6922607421875, 198.6834716796875, 198.6566162109375, 198.6734619140625, 198.6156005859375, 198.6181640625, 198.6126708984375, 198.59130859375, 198.601318359375, 198.5638427734375, 198.545166015625, 198.5426025390625, 198.5382080078125, 198.5079345703125, 198.4849853515625, 198.4732666015625, 198.4542236328125, 198.4473876953125, 198.43701171875, 198.4127197265625, 198.4161376953125, 198.3817138671875, 198.365966796875, 198.3388671875, 198.3480224609375, 198.3341064453125, 198.305908203125, 198.273681640625, 198.2843017578125, 198.2557373046875, 198.2520751953125, 198.230712890625, 198.224609375, 198.18798828125, 198.1578369140625, 198.1666259765625, 198.1497802734375, 198.1329345703125, 198.118896484375, 198.1051025390625, 198.0887451171875, 198.0699462890625, 198.0855712890625, 198.060546875, 198.0443115234375, 198.011474609375, 197.9896240234375, 197.9781494140625, 197.972900390625, 197.9361572265625, 197.9229736328125, 197.914306640625, 197.915771484375, 197.8714599609375, 197.8768310546875, 197.8494873046875, 197.8336181640625, 197.8231201171875, 197.792724609375, 197.7684326171875, 197.7550048828125, 197.733642578125, 197.7137451171875, 197.682861328125, 197.6807861328125, 197.6436767578125, 197.6551513671875, 197.598876953125, 197.6146240234375, 197.6044921875, 197.5849609375, 197.5706787109375, 197.5494384765625, 197.541015625, 197.519775390625, 197.4813232421875, 197.461181640625, 197.4346923828125, 197.4290771484375, 197.4195556640625, 197.3792724609375, 197.3809814453125, 197.3363037109375, 197.315673828125, 197.2867431640625, 197.2930908203125, 197.2908935546875, 197.2550048828125, 197.2276611328125, 197.2042236328125, 197.1824951171875, 197.1566162109375, 197.1463623046875, 197.12158203125, 197.083251953125, 197.0797119140625, 197.0843505859375, 197.0555419921875, 197.0205078125, 197.0042724609375, 196.96484375, 196.9705810546875, 196.9423828125, 196.9105224609375, 196.90185546875, 196.8409423828125, 196.8309326171875, 196.8189697265625, 196.771240234375, 196.7471923828125, 196.7264404296875, 196.7056884765625, 196.6666259765625, 196.6982421875, 196.6298828125, 196.647216796875, 196.6090087890625, 196.585693359375, 196.5411376953125, 196.517333984375, 196.5064697265625, 196.4873046875, 196.48779296875, 196.4224853515625, 196.4364013671875, 196.389404296875, 196.3848876953125, 196.3524169921875, 196.3162841796875, 196.282470703125, 196.2757568359375, 196.2454833984375, 196.2060546875, 196.179931640625, 196.1539306640625, 196.095947265625, 196.0767822265625, 196.0611572265625, 196.024169921875, 196.0111083984375, 195.9539794921875, 195.911865234375, 195.8863525390625, 195.8416748046875, 195.8302001953125, 195.7738037109375, 195.7503662109375, 195.728759765625, 195.6904296875, 195.656982421875, 195.6324462890625, 195.573974609375, 195.5692138671875, 195.5408935546875, 195.4744873046875, 195.446044921875, 195.422607421875, 195.35888671875, 195.3682861328125, 195.3143310546875, 195.276611328125, 195.2105712890625, 195.1842041015625, 195.1671142578125, 195.1251220703125, 195.0697021484375, 195.0345458984375, 194.980712890625, 194.962890625, 194.898681640625, 194.911376953125, 194.8753662109375, 194.7872314453125, 194.7581787109375, 194.7149658203125, 194.6162109375, 194.6107177734375, 194.6060791015625, 194.6204833984375, 194.4676513671875, 194.4266357421875, 194.367431640625, 194.3206787109375, 194.2935791015625, 194.1776123046875, 194.1846923828125, 194.1436767578125, 194.0777587890625, 194.01220703125, 193.9827880859375, 193.89599609375]}
Warning: Cholesky failed, using eigendecomposition fallback
{'mse': 0.07571925967931747, 'rmse': 0.27517133951187134, 'test_ll': -975934.75, 'total_test_ll': -24398368768.0}
/cluster/tufts/hugheslab/swilli26/stat-patt-final/gp_vs_sngp/results/hyperparam_search/GP/Friedman_1500_10001/logs
/cluster/tufts/hugheslab/swilli26/stat-patt-final/gp_vs_sngp/results/hyperparam_search/logs/GP_VS_SNGP_25028918.out
/cluster/tufts/hugheslab/swilli26/stat-patt-final/gp_vs_sngp/results/hyperparam_search/logs/GP_VS_SNGP_25028918.err
