eval dir: 
/cluster/tufts/hugheslab/swilli26/stat-patt-final/gp_vs_sngp/results/large_N_sngp/SNGP/SNGP_R250_LS0.28_OS2.74_25000CrazySin
/cluster/tufts/hugheslab/swilli26/stat-patt-final/gp_vs_sngp/results/large_N_sngp/SNGP/SNGP_R250_LS0.28_OS2.74_25000CrazySin/logs/logs.out
/cluster/tufts/hugheslab/swilli26/stat-patt-final/gp_vs_sngp/results/large_N_sngp/logs/GP_VS_SNGP_25137206.out
/cluster/tufts/hugheslab/swilli26/stat-patt-final/gp_vs_sngp/results/large_N_sngp/logs/GP_VS_SNGP_25137206.err
Starting imports...
Parsing arguments...
Arguments parsed! Running SNGP on CrazySin with N=25000
EXPERIMENT SUMMARY
===================
  - Model Training for SNGP and GP on Regression Tasks
  - modelName: SNGP
  - dataset: CrazySin
  - num_examples: 25000
  - seed: 1001
  - rank (for SNGP): 250
  - lengthscale: 0.276328
  - outputscale: 2.735109
  - noise: 0.099198
===================
Checking CUDA availability...
Using CPU
Making Datasets...
Making Model...
Training SNGP Model...
Stopped early.
Finished after epoch 18936, best epoch=18921
Model saved to /cluster/tufts/hugheslab/swilli26/stat-patt-final/gp_vs_sngp/results/large_N_sngp/SNGP/SNGP_R250_LS0.28_OS2.74_25000CrazySin/model.pt
TEST LOG LIKELIHOOD SCORE:  0.8550236900526883
TEST MSE:  0.010608828626573086
TEST RMSE:  0.10299916565418243
