Starting imports...
Importing argparse...
Importing torch...
Importing os...
Importing sngp.train and sngp.model...
Importing gaussian_process...
Importing dataset...
Importing json...
ALL IMPORTS COMPLETE!
Parsing arguments...
Arguments parsed! Running GP on CrazySin with N=1500
Checking CUDA availability...
Using CPU
Making Datasets...
Making Model...
Training Gaussian Process...
Iter   0 | Loss: 17058.158 | lengthscale: 0.990 | outputscale: 1.010 | noise: 0.202
Iter  10 | Loss: 13796.054 | lengthscale: 0.895 | outputscale: 1.117 | noise: 0.223
Iter  20 | Loss: 11131.330 | lengthscale: 0.803 | outputscale: 1.242 | noise: 0.245
Iter  30 | Loss: 8719.611 | lengthscale: 0.712 | outputscale: 1.396 | noise: 0.267
Iter  40 | Loss: 5718.535 | lengthscale: 0.619 | outputscale: 1.598 | noise: 0.287
Iter  50 | Loss: 3720.668 | lengthscale: 0.542 | outputscale: 1.823 | noise: 0.303
Iter  60 | Loss: 2845.501 | lengthscale: 0.490 | outputscale: 2.014 | noise: 0.314
Iter  70 | Loss: 1686.495 | lengthscale: 0.442 | outputscale: 2.207 | noise: 0.323
Iter  80 | Loss:  394.207 | lengthscale: 0.394 | outputscale: 2.449 | noise: 0.327
Iter  90 | Loss:   25.974 | lengthscale: 0.362 | outputscale: 2.653 | noise: 0.327
Iter 100 | Loss:  -58.023 | lengthscale: 0.346 | outputscale: 2.781 | noise: 0.325
Iter 110 | Loss:  -92.515 | lengthscale: 0.338 | outputscale: 2.857 | noise: 0.322
Iter 120 | Loss: -115.273 | lengthscale: 0.333 | outputscale: 2.907 | noise: 0.319
Iter 130 | Loss: -134.454 | lengthscale: 0.330 | outputscale: 2.943 | noise: 0.316
Iter 140 | Loss: -152.422 | lengthscale: 0.327 | outputscale: 2.973 | noise: 0.313
Iter 150 | Loss: -169.982 | lengthscale: 0.325 | outputscale: 2.999 | noise: 0.309
Iter 160 | Loss: -187.455 | lengthscale: 0.323 | outputscale: 3.022 | noise: 0.306
Iter 170 | Loss: -204.978 | lengthscale: 0.321 | outputscale: 3.044 | noise: 0.302
Iter 180 | Loss: -222.624 | lengthscale: 0.320 | outputscale: 3.064 | noise: 0.298
Iter 190 | Loss: -240.436 | lengthscale: 0.318 | outputscale: 3.084 | noise: 0.295
Iter 200 | Loss: -258.423 | lengthscale: 0.317 | outputscale: 3.102 | noise: 0.291
Iter 210 | Loss: -276.598 | lengthscale: 0.315 | outputscale: 3.119 | noise: 0.287
Iter 220 | Loss: -294.964 | lengthscale: 0.314 | outputscale: 3.136 | noise: 0.283
Iter 230 | Loss: -313.529 | lengthscale: 0.313 | outputscale: 3.151 | noise: 0.279
Iter 240 | Loss: -332.286 | lengthscale: 0.312 | outputscale: 3.166 | noise: 0.275
Iter 250 | Loss: -351.233 | lengthscale: 0.311 | outputscale: 3.179 | noise: 0.272
Iter 260 | Loss: -370.349 | lengthscale: 0.310 | outputscale: 3.193 | noise: 0.268
Iter 270 | Loss: -389.627 | lengthscale: 0.309 | outputscale: 3.205 | noise: 0.264
Iter 280 | Loss: -409.072 | lengthscale: 0.308 | outputscale: 3.217 | noise: 0.260
Iter 290 | Loss: -428.655 | lengthscale: 0.307 | outputscale: 3.228 | noise: 0.256
Iter 300 | Loss: -448.366 | lengthscale: 0.306 | outputscale: 3.238 | noise: 0.252
Iter 310 | Loss: -468.205 | lengthscale: 0.305 | outputscale: 3.248 | noise: 0.248
Iter 320 | Loss: -488.123 | lengthscale: 0.305 | outputscale: 3.257 | noise: 0.244
Iter 330 | Loss: -508.137 | lengthscale: 0.304 | outputscale: 3.266 | noise: 0.240
Iter 340 | Loss: -528.204 | lengthscale: 0.303 | outputscale: 3.274 | noise: 0.236
Iter 350 | Loss: -548.331 | lengthscale: 0.303 | outputscale: 3.282 | noise: 0.232
Iter 360 | Loss: -568.475 | lengthscale: 0.302 | outputscale: 3.289 | noise: 0.229
Iter 370 | Loss: -588.624 | lengthscale: 0.301 | outputscale: 3.296 | noise: 0.225
Iter 380 | Loss: -608.776 | lengthscale: 0.301 | outputscale: 3.302 | noise: 0.221
Iter 390 | Loss: -628.880 | lengthscale: 0.300 | outputscale: 3.308 | noise: 0.217
Iter 400 | Loss: -648.922 | lengthscale: 0.300 | outputscale: 3.313 | noise: 0.214
Iter 410 | Loss: -668.901 | lengthscale: 0.299 | outputscale: 3.318 | noise: 0.210
Iter 420 | Loss: -688.776 | lengthscale: 0.299 | outputscale: 3.323 | noise: 0.206
Iter 430 | Loss: -708.538 | lengthscale: 0.298 | outputscale: 3.327 | noise: 0.203
Iter 440 | Loss: -728.144 | lengthscale: 0.298 | outputscale: 3.331 | noise: 0.199
Iter 450 | Loss: -747.588 | lengthscale: 0.298 | outputscale: 3.335 | noise: 0.196
Iter 460 | Loss: -766.840 | lengthscale: 0.297 | outputscale: 3.338 | noise: 0.192
Iter 470 | Loss: -785.886 | lengthscale: 0.297 | outputscale: 3.341 | noise: 0.189
Iter 480 | Loss: -804.681 | lengthscale: 0.296 | outputscale: 3.343 | noise: 0.186
Iter 490 | Loss: -823.198 | lengthscale: 0.296 | outputscale: 3.345 | noise: 0.183
Iter 500 | Loss: -841.464 | lengthscale: 0.296 | outputscale: 3.347 | noise: 0.179
Iter 510 | Loss: -859.400 | lengthscale: 0.296 | outputscale: 3.349 | noise: 0.176
Iter 520 | Loss: -877.008 | lengthscale: 0.295 | outputscale: 3.351 | noise: 0.173
Iter 530 | Loss: -894.260 | lengthscale: 0.295 | outputscale: 3.352 | noise: 0.170
Iter 540 | Loss: -911.137 | lengthscale: 0.295 | outputscale: 3.353 | noise: 0.167
Iter 550 | Loss: -927.636 | lengthscale: 0.294 | outputscale: 3.353 | noise: 0.164
Iter 560 | Loss: -943.684 | lengthscale: 0.294 | outputscale: 3.354 | noise: 0.162
Iter 570 | Loss: -959.309 | lengthscale: 0.294 | outputscale: 3.354 | noise: 0.159
Iter 580 | Loss: -974.508 | lengthscale: 0.294 | outputscale: 3.354 | noise: 0.156
Iter 590 | Loss: -989.216 | lengthscale: 0.294 | outputscale: 3.354 | noise: 0.154
Iter 600 | Loss: -1003.424 | lengthscale: 0.293 | outputscale: 3.353 | noise: 0.151
Iter 610 | Loss: -1017.137 | lengthscale: 0.293 | outputscale: 3.353 | noise: 0.149
Iter 620 | Loss: -1030.372 | lengthscale: 0.293 | outputscale: 3.352 | noise: 0.146
Iter 630 | Loss: -1043.066 | lengthscale: 0.293 | outputscale: 3.351 | noise: 0.144
Iter 640 | Loss: -1055.233 | lengthscale: 0.293 | outputscale: 3.350 | noise: 0.142
Iter 650 | Loss: -1066.866 | lengthscale: 0.293 | outputscale: 3.349 | noise: 0.140
Iter 660 | Loss: -1077.953 | lengthscale: 0.292 | outputscale: 3.348 | noise: 0.138
Iter 670 | Loss: -1088.470 | lengthscale: 0.292 | outputscale: 3.347 | noise: 0.136
Iter 680 | Loss: -1098.474 | lengthscale: 0.292 | outputscale: 3.345 | noise: 0.134
Iter 690 | Loss: -1107.972 | lengthscale: 0.292 | outputscale: 3.343 | noise: 0.132
Iter 700 | Loss: -1116.854 | lengthscale: 0.292 | outputscale: 3.342 | noise: 0.130
Iter 710 | Loss: -1125.273 | lengthscale: 0.292 | outputscale: 3.340 | noise: 0.128
Iter 720 | Loss: -1133.168 | lengthscale: 0.292 | outputscale: 3.338 | noise: 0.127
Iter 730 | Loss: -1140.557 | lengthscale: 0.292 | outputscale: 3.336 | noise: 0.125
Iter 740 | Loss: -1147.455 | lengthscale: 0.291 | outputscale: 3.334 | noise: 0.123
Iter 750 | Loss: -1153.856 | lengthscale: 0.291 | outputscale: 3.331 | noise: 0.122
Iter 760 | Loss: -1159.802 | lengthscale: 0.291 | outputscale: 3.329 | noise: 0.121
Iter 770 | Loss: -1165.303 | lengthscale: 0.291 | outputscale: 3.327 | noise: 0.119
Iter 780 | Loss: -1170.367 | lengthscale: 0.291 | outputscale: 3.324 | noise: 0.118
Iter 790 | Loss: -1175.035 | lengthscale: 0.291 | outputscale: 3.322 | noise: 0.117
Iter 800 | Loss: -1179.294 | lengthscale: 0.291 | outputscale: 3.320 | noise: 0.116
Iter 810 | Loss: -1183.125 | lengthscale: 0.291 | outputscale: 3.317 | noise: 0.114
Iter 820 | Loss: -1186.712 | lengthscale: 0.291 | outputscale: 3.314 | noise: 0.113
Iter 830 | Loss: -1189.866 | lengthscale: 0.291 | outputscale: 3.312 | noise: 0.112
Iter 840 | Loss: -1192.814 | lengthscale: 0.291 | outputscale: 3.309 | noise: 0.111
Iter 850 | Loss: -1195.502 | lengthscale: 0.291 | outputscale: 3.307 | noise: 0.110
Iter 860 | Loss: -1197.752 | lengthscale: 0.291 | outputscale: 3.304 | noise: 0.110
Iter 870 | Loss: -1199.900 | lengthscale: 0.290 | outputscale: 3.301 | noise: 0.109
Iter 880 | Loss: -1201.694 | lengthscale: 0.290 | outputscale: 3.298 | noise: 0.108
Iter 890 | Loss: -1203.480 | lengthscale: 0.290 | outputscale: 3.296 | noise: 0.107
Iter 900 | Loss: -1204.974 | lengthscale: 0.290 | outputscale: 3.293 | noise: 0.107
Iter 910 | Loss: -1206.333 | lengthscale: 0.290 | outputscale: 3.290 | noise: 0.106
Iter 920 | Loss: -1207.470 | lengthscale: 0.290 | outputscale: 3.287 | noise: 0.105
Iter 930 | Loss: -1208.483 | lengthscale: 0.290 | outputscale: 3.285 | noise: 0.105
Iter 940 | Loss: -1209.373 | lengthscale: 0.290 | outputscale: 3.282 | noise: 0.104
Iter 950 | Loss: -1210.193 | lengthscale: 0.290 | outputscale: 3.279 | noise: 0.104
Iter 960 | Loss: -1210.840 | lengthscale: 0.290 | outputscale: 3.276 | noise: 0.103
Iter 970 | Loss: -1211.519 | lengthscale: 0.290 | outputscale: 3.273 | noise: 0.103
Iter 980 | Loss: -1212.066 | lengthscale: 0.290 | outputscale: 3.270 | noise: 0.103
Iter 990 | Loss: -1212.498 | lengthscale: 0.290 | outputscale: 3.267 | noise: 0.102
Iter 1000 | Loss: -1212.845 | lengthscale: 0.290 | outputscale: 3.264 | noise: 0.102
Iter 1010 | Loss: -1213.284 | lengthscale: 0.290 | outputscale: 3.261 | noise: 0.102
Iter 1020 | Loss: -1213.470 | lengthscale: 0.290 | outputscale: 3.257 | noise: 0.101
Iter 1030 | Loss: -1213.776 | lengthscale: 0.290 | outputscale: 3.254 | noise: 0.101
Iter 1040 | Loss: -1213.975 | lengthscale: 0.289 | outputscale: 3.251 | noise: 0.101
Iter 1050 | Loss: -1214.157 | lengthscale: 0.289 | outputscale: 3.248 | noise: 0.101
Iter 1060 | Loss: -1214.341 | lengthscale: 0.289 | outputscale: 3.245 | noise: 0.100
Iter 1070 | Loss: -1214.467 | lengthscale: 0.289 | outputscale: 3.242 | noise: 0.100
Iter 1080 | Loss: -1214.582 | lengthscale: 0.289 | outputscale: 3.240 | noise: 0.100
Iter 1090 | Loss: -1214.654 | lengthscale: 0.289 | outputscale: 3.237 | noise: 0.100
Iter 1100 | Loss: -1214.709 | lengthscale: 0.289 | outputscale: 3.234 | noise: 0.100
Iter 1110 | Loss: -1214.768 | lengthscale: 0.289 | outputscale: 3.231 | noise: 0.100
Iter 1120 | Loss: -1214.828 | lengthscale: 0.289 | outputscale: 3.228 | noise: 0.099
Iter 1130 | Loss: -1214.901 | lengthscale: 0.289 | outputscale: 3.225 | noise: 0.099
Iter 1140 | Loss: -1214.913 | lengthscale: 0.289 | outputscale: 3.221 | noise: 0.099
Iter 1150 | Loss: -1214.997 | lengthscale: 0.289 | outputscale: 3.218 | noise: 0.099
Iter 1160 | Loss: -1215.075 | lengthscale: 0.289 | outputscale: 3.215 | noise: 0.099
Iter 1170 | Loss: -1215.001 | lengthscale: 0.289 | outputscale: 3.212 | noise: 0.099
Iter 1180 | Loss: -1215.101 | lengthscale: 0.289 | outputscale: 3.209 | noise: 0.099
Iter 1190 | Loss: -1214.965 | lengthscale: 0.289 | outputscale: 3.206 | noise: 0.099
Iter 1200 | Loss: -1215.048 | lengthscale: 0.288 | outputscale: 3.203 | noise: 0.099
Iter 1210 | Loss: -1215.043 | lengthscale: 0.288 | outputscale: 3.200 | noise: 0.099
Iter 1220 | Loss: -1215.007 | lengthscale: 0.288 | outputscale: 3.197 | noise: 0.099
Iter 1230 | Loss: -1215.044 | lengthscale: 0.288 | outputscale: 3.194 | noise: 0.099
Iter 1240 | Loss: -1215.136 | lengthscale: 0.288 | outputscale: 3.191 | noise: 0.098
Iter 1250 | Loss: -1215.017 | lengthscale: 0.288 | outputscale: 3.188 | noise: 0.098
Iter 1260 | Loss: -1215.158 | lengthscale: 0.288 | outputscale: 3.185 | noise: 0.098
Iter 1270 | Loss: -1215.046 | lengthscale: 0.288 | outputscale: 3.182 | noise: 0.098
Iter 1280 | Loss: -1215.064 | lengthscale: 0.288 | outputscale: 3.178 | noise: 0.098
Iter 1290 | Loss: -1215.066 | lengthscale: 0.288 | outputscale: 3.175 | noise: 0.098
Iter 1300 | Loss: -1215.090 | lengthscale: 0.288 | outputscale: 3.172 | noise: 0.098
Iter 1310 | Loss: -1215.154 | lengthscale: 0.288 | outputscale: 3.170 | noise: 0.098
Iter 1320 | Loss: -1215.121 | lengthscale: 0.288 | outputscale: 3.167 | noise: 0.098
Iter 1330 | Loss: -1215.199 | lengthscale: 0.288 | outputscale: 3.164 | noise: 0.098
Iter 1340 | Loss: -1215.136 | lengthscale: 0.288 | outputscale: 3.161 | noise: 0.098
Iter 1350 | Loss: -1215.122 | lengthscale: 0.288 | outputscale: 3.158 | noise: 0.098
Iter 1360 | Loss: -1215.223 | lengthscale: 0.287 | outputscale: 3.155 | noise: 0.098
Iter 1370 | Loss: -1215.186 | lengthscale: 0.287 | outputscale: 3.152 | noise: 0.098
Iter 1380 | Loss: -1215.141 | lengthscale: 0.287 | outputscale: 3.149 | noise: 0.098
Iter 1390 | Loss: -1215.092 | lengthscale: 0.287 | outputscale: 3.145 | noise: 0.098
Iter 1400 | Loss: -1215.154 | lengthscale: 0.287 | outputscale: 3.142 | noise: 0.098
Iter 1410 | Loss: -1215.158 | lengthscale: 0.287 | outputscale: 3.139 | noise: 0.098
Iter 1420 | Loss: -1215.213 | lengthscale: 0.287 | outputscale: 3.136 | noise: 0.098
Iter 1430 | Loss: -1215.170 | lengthscale: 0.287 | outputscale: 3.133 | noise: 0.098
Iter 1440 | Loss: -1215.092 | lengthscale: 0.287 | outputscale: 3.130 | noise: 0.098
Iter 1450 | Loss: -1215.138 | lengthscale: 0.287 | outputscale: 3.127 | noise: 0.098
Iter 1460 | Loss: -1215.150 | lengthscale: 0.287 | outputscale: 3.124 | noise: 0.098
Iter 1470 | Loss: -1215.187 | lengthscale: 0.287 | outputscale: 3.121 | noise: 0.098
Iter 1480 | Loss: -1215.138 | lengthscale: 0.287 | outputscale: 3.118 | noise: 0.098
Iter 1490 | Loss: -1215.157 | lengthscale: 0.287 | outputscale: 3.115 | noise: 0.098
Iter 1500 | Loss: -1215.130 | lengthscale: 0.287 | outputscale: 3.112 | noise: 0.098
Iter 1510 | Loss: -1215.177 | lengthscale: 0.286 | outputscale: 3.109 | noise: 0.098
Iter 1520 | Loss: -1215.162 | lengthscale: 0.286 | outputscale: 3.106 | noise: 0.098
Iter 1530 | Loss: -1215.186 | lengthscale: 0.286 | outputscale: 3.103 | noise: 0.098
Iter 1540 | Loss: -1215.187 | lengthscale: 0.286 | outputscale: 3.099 | noise: 0.098
Iter 1550 | Loss: -1215.184 | lengthscale: 0.286 | outputscale: 3.096 | noise: 0.098
Iter 1560 | Loss: -1215.199 | lengthscale: 0.286 | outputscale: 3.093 | noise: 0.098
Iter 1570 | Loss: -1215.192 | lengthscale: 0.286 | outputscale: 3.089 | noise: 0.098
Iter 1580 | Loss: -1215.243 | lengthscale: 0.286 | outputscale: 3.086 | noise: 0.098
Iter 1590 | Loss: -1215.258 | lengthscale: 0.286 | outputscale: 3.083 | noise: 0.098
Iter 1600 | Loss: -1215.275 | lengthscale: 0.286 | outputscale: 3.080 | noise: 0.098
Iter 1610 | Loss: -1215.197 | lengthscale: 0.286 | outputscale: 3.077 | noise: 0.098
Iter 1620 | Loss: -1215.236 | lengthscale: 0.286 | outputscale: 3.073 | noise: 0.098
Iter 1630 | Loss: -1215.246 | lengthscale: 0.286 | outputscale: 3.070 | noise: 0.098
Iter 1640 | Loss: -1215.230 | lengthscale: 0.286 | outputscale: 3.067 | noise: 0.098
Iter 1650 | Loss: -1215.255 | lengthscale: 0.285 | outputscale: 3.064 | noise: 0.098
Iter 1660 | Loss: -1215.232 | lengthscale: 0.285 | outputscale: 3.061 | noise: 0.098
Iter 1670 | Loss: -1215.269 | lengthscale: 0.285 | outputscale: 3.058 | noise: 0.098
Iter 1680 | Loss: -1215.294 | lengthscale: 0.285 | outputscale: 3.054 | noise: 0.098
Iter 1690 | Loss: -1215.315 | lengthscale: 0.285 | outputscale: 3.051 | noise: 0.098
Iter 1700 | Loss: -1215.339 | lengthscale: 0.285 | outputscale: 3.048 | noise: 0.098
Iter 1710 | Loss: -1215.261 | lengthscale: 0.285 | outputscale: 3.045 | noise: 0.098
Iter 1720 | Loss: -1215.225 | lengthscale: 0.285 | outputscale: 3.041 | noise: 0.098
Iter 1730 | Loss: -1215.161 | lengthscale: 0.285 | outputscale: 3.038 | noise: 0.098
Iter 1740 | Loss: -1215.234 | lengthscale: 0.285 | outputscale: 3.035 | noise: 0.098
Iter 1750 | Loss: -1215.225 | lengthscale: 0.285 | outputscale: 3.032 | noise: 0.098
Iter 1760 | Loss: -1215.326 | lengthscale: 0.285 | outputscale: 3.028 | noise: 0.098
Iter 1770 | Loss: -1215.289 | lengthscale: 0.285 | outputscale: 3.025 | noise: 0.098
Iter 1780 | Loss: -1215.322 | lengthscale: 0.285 | outputscale: 3.022 | noise: 0.098
Iter 1790 | Loss: -1215.259 | lengthscale: 0.284 | outputscale: 3.019 | noise: 0.098
Iter 1800 | Loss: -1215.331 | lengthscale: 0.284 | outputscale: 3.016 | noise: 0.098
Iter 1810 | Loss: -1215.316 | lengthscale: 0.284 | outputscale: 3.013 | noise: 0.098
Iter 1820 | Loss: -1215.267 | lengthscale: 0.284 | outputscale: 3.009 | noise: 0.098
Iter 1830 | Loss: -1215.250 | lengthscale: 0.284 | outputscale: 3.006 | noise: 0.098
Iter 1840 | Loss: -1215.252 | lengthscale: 0.284 | outputscale: 3.003 | noise: 0.098
Iter 1850 | Loss: -1215.300 | lengthscale: 0.284 | outputscale: 3.000 | noise: 0.098
Iter 1860 | Loss: -1215.299 | lengthscale: 0.284 | outputscale: 2.997 | noise: 0.098
Iter 1870 | Loss: -1215.296 | lengthscale: 0.284 | outputscale: 2.994 | noise: 0.098
Iter 1880 | Loss: -1215.275 | lengthscale: 0.284 | outputscale: 2.990 | noise: 0.098
Iter 1890 | Loss: -1215.203 | lengthscale: 0.284 | outputscale: 2.987 | noise: 0.098
Iter 1900 | Loss: -1215.269 | lengthscale: 0.284 | outputscale: 2.984 | noise: 0.098
Iter 1910 | Loss: -1215.245 | lengthscale: 0.284 | outputscale: 2.980 | noise: 0.098
Iter 1920 | Loss: -1215.260 | lengthscale: 0.283 | outputscale: 2.977 | noise: 0.098
Iter 1930 | Loss: -1215.296 | lengthscale: 0.283 | outputscale: 2.974 | noise: 0.098
Iter 1940 | Loss: -1215.375 | lengthscale: 0.283 | outputscale: 2.971 | noise: 0.098
Iter 1950 | Loss: -1215.346 | lengthscale: 0.283 | outputscale: 2.967 | noise: 0.098
Iter 1960 | Loss: -1215.323 | lengthscale: 0.283 | outputscale: 2.964 | noise: 0.098
Iter 1970 | Loss: -1215.270 | lengthscale: 0.283 | outputscale: 2.961 | noise: 0.098
Iter 1980 | Loss: -1215.359 | lengthscale: 0.283 | outputscale: 2.958 | noise: 0.098
Iter 1990 | Loss: -1215.305 | lengthscale: 0.283 | outputscale: 2.955 | noise: 0.098
Iter 2000 | Loss: -1215.340 | lengthscale: 0.283 | outputscale: 2.952 | noise: 0.098
Iter 2010 | Loss: -1215.269 | lengthscale: 0.283 | outputscale: 2.949 | noise: 0.098
Iter 2020 | Loss: -1215.280 | lengthscale: 0.283 | outputscale: 2.946 | noise: 0.098
Iter 2030 | Loss: -1215.376 | lengthscale: 0.283 | outputscale: 2.943 | noise: 0.098
Iter 2040 | Loss: -1215.392 | lengthscale: 0.283 | outputscale: 2.940 | noise: 0.098
Iter 2050 | Loss: -1215.293 | lengthscale: 0.283 | outputscale: 2.937 | noise: 0.098
Iter 2060 | Loss: -1215.309 | lengthscale: 0.282 | outputscale: 2.933 | noise: 0.098
Iter 2070 | Loss: -1215.244 | lengthscale: 0.282 | outputscale: 2.930 | noise: 0.098
Iter 2080 | Loss: -1215.341 | lengthscale: 0.282 | outputscale: 2.927 | noise: 0.098
Iter 2090 | Loss: -1215.322 | lengthscale: 0.282 | outputscale: 2.924 | noise: 0.098
Iter 2100 | Loss: -1215.359 | lengthscale: 0.282 | outputscale: 2.921 | noise: 0.098
Iter 2110 | Loss: -1215.298 | lengthscale: 0.282 | outputscale: 2.918 | noise: 0.098
Iter 2120 | Loss: -1215.357 | lengthscale: 0.282 | outputscale: 2.915 | noise: 0.098
Iter 2130 | Loss: -1215.340 | lengthscale: 0.282 | outputscale: 2.912 | noise: 0.098
Iter 2140 | Loss: -1215.393 | lengthscale: 0.282 | outputscale: 2.909 | noise: 0.098
Iter 2150 | Loss: -1215.367 | lengthscale: 0.282 | outputscale: 2.906 | noise: 0.098
Iter 2160 | Loss: -1215.405 | lengthscale: 0.282 | outputscale: 2.903 | noise: 0.098
Iter 2170 | Loss: -1215.377 | lengthscale: 0.282 | outputscale: 2.900 | noise: 0.098
Iter 2180 | Loss: -1215.355 | lengthscale: 0.282 | outputscale: 2.897 | noise: 0.098
Iter 2190 | Loss: -1215.409 | lengthscale: 0.281 | outputscale: 2.894 | noise: 0.098
Iter 2200 | Loss: -1215.363 | lengthscale: 0.281 | outputscale: 2.891 | noise: 0.098
Iter 2210 | Loss: -1215.407 | lengthscale: 0.281 | outputscale: 2.888 | noise: 0.098
Iter 2220 | Loss: -1215.425 | lengthscale: 0.281 | outputscale: 2.885 | noise: 0.098
Iter 2230 | Loss: -1215.397 | lengthscale: 0.281 | outputscale: 2.882 | noise: 0.098
Iter 2240 | Loss: -1215.427 | lengthscale: 0.281 | outputscale: 2.879 | noise: 0.098
Iter 2250 | Loss: -1215.310 | lengthscale: 0.281 | outputscale: 2.876 | noise: 0.098
Iter 2260 | Loss: -1215.379 | lengthscale: 0.281 | outputscale: 2.872 | noise: 0.098
Iter 2270 | Loss: -1215.352 | lengthscale: 0.281 | outputscale: 2.869 | noise: 0.098
Iter 2280 | Loss: -1215.355 | lengthscale: 0.281 | outputscale: 2.866 | noise: 0.098
Iter 2290 | Loss: -1215.382 | lengthscale: 0.281 | outputscale: 2.863 | noise: 0.098
Iter 2300 | Loss: -1215.396 | lengthscale: 0.281 | outputscale: 2.860 | noise: 0.098
Iter 2310 | Loss: -1215.377 | lengthscale: 0.281 | outputscale: 2.857 | noise: 0.098
Iter 2320 | Loss: -1215.360 | lengthscale: 0.281 | outputscale: 2.854 | noise: 0.098
Iter 2330 | Loss: -1215.409 | lengthscale: 0.280 | outputscale: 2.851 | noise: 0.098
Iter 2340 | Loss: -1215.392 | lengthscale: 0.280 | outputscale: 2.849 | noise: 0.098
Iter 2350 | Loss: -1215.436 | lengthscale: 0.280 | outputscale: 2.846 | noise: 0.098
Iter 2360 | Loss: -1215.414 | lengthscale: 0.280 | outputscale: 2.843 | noise: 0.098
Iter 2370 | Loss: -1215.399 | lengthscale: 0.280 | outputscale: 2.840 | noise: 0.098
Iter 2380 | Loss: -1215.401 | lengthscale: 0.280 | outputscale: 2.837 | noise: 0.098
Iter 2390 | Loss: -1215.416 | lengthscale: 0.280 | outputscale: 2.835 | noise: 0.098
Iter 2400 | Loss: -1215.367 | lengthscale: 0.280 | outputscale: 2.832 | noise: 0.098
Iter 2410 | Loss: -1215.468 | lengthscale: 0.280 | outputscale: 2.829 | noise: 0.098
Iter 2420 | Loss: -1215.417 | lengthscale: 0.280 | outputscale: 2.826 | noise: 0.098
Iter 2430 | Loss: -1215.448 | lengthscale: 0.280 | outputscale: 2.823 | noise: 0.098
Iter 2440 | Loss: -1215.445 | lengthscale: 0.280 | outputscale: 2.820 | noise: 0.098
Iter 2450 | Loss: -1215.467 | lengthscale: 0.280 | outputscale: 2.818 | noise: 0.098
Iter 2460 | Loss: -1215.433 | lengthscale: 0.280 | outputscale: 2.815 | noise: 0.098
Iter 2470 | Loss: -1215.377 | lengthscale: 0.279 | outputscale: 2.811 | noise: 0.098
Iter 2480 | Loss: -1215.415 | lengthscale: 0.279 | outputscale: 2.808 | noise: 0.098
Iter 2490 | Loss: -1215.479 | lengthscale: 0.279 | outputscale: 2.805 | noise: 0.098
Iter 2499 | Loss: -1215.464 | lengthscale: 0.279 | outputscale: 2.803 | noise: 0.098
Learned Hyperparams:  {'lengthscale': 0.2792361080646515, 'outputscale': 2.8030102252960205, 'noise': 0.09806615114212036, 'marginal_likelihood_loss_history': [17058.158203125, 16698.869140625, 16348.4658203125, 16005.91796875, 15670.94921875, 15341.982421875, 15019.5849609375, 14704.3525390625, 14395.298828125, 14092.279296875, 13796.0537109375, 13505.09375, 13220.1083984375, 12941.55078125, 12668.2900390625, 12400.3681640625, 12137.09765625, 11879.0439453125, 11625.1328125, 11376.068359375, 11131.330078125, 10890.2216796875, 10652.0595703125, 10415.76171875, 10181.37890625, 9946.595703125, 9710.390625, 9471.2236328125, 9227.5224609375, 8977.3359375, 8719.611328125, 8451.8759765625, 8173.89404296875, 7884.78564453125, 7586.287109375, 7278.77490234375, 6964.8408203125, 6647.65478515625, 6331.65625, 6020.30810546875, 5718.53466796875, 5430.69091796875, 5160.08203125, 4909.31396484375, 4680.1708984375, 4472.71142578125, 4286.52294921875, 4120.275390625, 3972.11474609375, 3839.80078125, 3720.66845703125, 3612.953125, 3514.06005859375, 3422.16015625, 3335.447265625, 3252.2783203125, 3171.24951171875, 3091.23583984375, 3011.00927734375, 2929.3896484375, 2845.501220703125, 2757.963623046875, 2666.293212890625, 2569.4755859375, 2466.330322265625, 2356.05078125, 2238.0107421875, 2111.8486328125, 1977.3262939453125, 1835.167236328125, 1686.494873046875, 1533.084716796875, 1377.65966796875, 1223.2113037109375, 1073.1019287109375, 930.3812255859375, 797.77197265625, 677.2330322265625, 569.779296875, 475.60955810546875, 394.20703125, 324.56884765625, 265.447509765625, 215.4658203125, 173.3001708984375, 137.7269287109375, 107.6605224609375, 82.1741943359375, 60.4788818359375, 41.9256591796875, 25.9735107421875, 12.1781005859375, 0.1744384765625, -10.33544921875, -19.595703125, -27.8079833984375, -35.1390380859375, -41.720458984375, -47.665283203125, -53.0748291015625, -58.0225830078125, -62.5740966796875, -66.7833251953125, -70.6988525390625, -74.3564453125, -77.7952880859375, -81.037841796875, -84.115234375, -87.0377197265625, -89.8328857421875, -92.515380859375, -95.094970703125, -97.583740234375, -99.9996337890625, -102.339599609375, -104.6109619140625, -106.8369140625, -109.0032958984375, -111.1346435546875, -113.2186279296875, -115.2733154296875, -117.286865234375, -119.280029296875, -121.2442626953125, -123.187255859375, -125.1025390625, -127.0025634765625, -128.8917236328125, -130.7548828125, -132.613037109375, -134.4539794921875, -136.2869873046875, -138.10546875, -139.91796875, -141.724853515625, -143.5230712890625, -145.308837890625, -147.0943603515625, -148.8778076171875, -150.654052734375, -152.422119140625, -154.1900634765625, -155.9537353515625, -157.7122802734375, -159.47216796875, -161.2274169921875, -162.9774169921875, -164.7315673828125, -166.482421875, -168.230712890625, -169.982421875, -171.732421875, -173.4781494140625, -175.2232666015625, -176.97265625, -178.7137451171875, -180.4666748046875, -182.2120361328125, -183.95556640625, -185.7039794921875, -187.4547119140625, -189.2032470703125, -190.950439453125, -192.7054443359375, -194.452392578125, -196.2069091796875, -197.960205078125, -199.71435546875, -201.468505859375, -203.22314453125, -204.9781494140625, -206.7391357421875, -208.4942626953125, -210.2586669921875, -212.022216796875, -213.787109375, -215.5526123046875, -217.3192138671875, -219.086669921875, -220.856201171875, -222.6240234375, -224.403076171875, -226.175537109375, -227.9576416015625, -229.7333984375, -231.5084228515625, -233.293212890625, -235.072998046875, -236.861328125, -238.6519775390625, -240.435546875, -242.229248046875, -244.0157470703125, -245.814453125, -247.606689453125, -249.4078369140625, -251.20361328125, -253.008544921875, -254.8079833984375, -256.61767578125, -258.4227294921875, -260.2288818359375, -262.04052734375, -263.857177734375, -265.6717529296875, -267.4874267578125, -269.30615234375, -271.1278076171875, -272.943115234375, -274.77001953125, -276.59765625, -278.4234619140625, -280.2559814453125, -282.0850830078125, -283.9173583984375, -285.76123046875, -287.5994873046875, -289.4393310546875, -291.2760009765625, -293.1217041015625, -294.9635009765625, -296.8157958984375, -298.6646728515625, -300.51513671875, -302.368408203125, -304.22607421875, -306.0865478515625, -307.941650390625, -309.802734375, -311.6737060546875, -313.529296875, -315.3980712890625, -317.2684326171875, -319.1356201171875, -321.0147705078125, -322.8892822265625, -324.7652587890625, -326.6402587890625, -328.52392578125, -330.4033203125, -332.2862548828125, -334.1751708984375, -336.0657958984375, -337.9520263671875, -339.839111328125, -341.7353515625, -343.6317138671875, -345.5242919921875, -347.4283447265625, -349.327392578125, -351.233154296875, -353.13134765625, -355.03564453125, -356.94189453125, -358.8516845703125, -360.7655029296875, -362.6773681640625, -364.5936279296875, -366.5098876953125, -368.42333984375, -370.3487548828125, -372.2711181640625, -374.1873779296875, -376.1165771484375, -378.04296875, -379.9725341796875, -381.896240234375, -383.8331298828125, -385.7567138671875, -387.69287109375, -389.6270751953125, -391.5736083984375, -393.5047607421875, -395.45068359375, -397.3907470703125, -399.3360595703125, -401.27783203125, -403.2225341796875, -405.17041015625, -407.1236572265625, -409.07177734375, -411.0252685546875, -412.9827880859375, -414.9368896484375, -416.8922119140625, -418.8424072265625, -420.8099365234375, -422.77294921875, -424.729736328125, -426.690185546875, -428.6549072265625, -430.624755859375, -432.591796875, -434.5574951171875, -436.525146484375, -438.494140625, -440.4691162109375, -442.439208984375, -444.420654296875, -446.3922119140625, -448.36572265625, -450.3480224609375, -452.3304443359375, -454.31005859375, -456.290771484375, -458.26904296875, -460.2529296875, -462.2403564453125, -464.2225341796875, -466.207763671875, -468.2052001953125, -470.1873779296875, -472.1837158203125, -474.167236328125, -476.160400390625, -478.1533203125, -480.14794921875, -482.1328125, -484.1331787109375, -486.1353759765625, -488.12255859375, -490.1270751953125, -492.1156005859375, -494.1241455078125, -496.1243896484375, -498.1199951171875, -500.1165771484375, -502.1219482421875, -504.1236572265625, -506.1279296875, -508.13720703125, -510.142333984375, -512.1436767578125, -514.1553955078125, -516.153564453125, -518.1690673828125, -520.1751708984375, -522.1785888671875, -524.1866455078125, -526.1954345703125, -528.2039794921875, -530.2158203125, -532.2235107421875, -534.2374267578125, -536.2530517578125, -538.2625732421875, -540.2808837890625, -542.2886962890625, -544.304443359375, -546.316162109375, -548.3310546875, -550.3348388671875, -552.35205078125, -554.3702392578125, -556.3817138671875, -558.4000244140625, -560.41064453125, -562.4268798828125, -564.438720703125, -566.4539794921875, -568.4752197265625, -570.4898681640625, -572.4984130859375, -574.515625, -576.537841796875, -578.5516357421875, -580.564453125, -582.5823974609375, -584.5955810546875, -586.6043701171875, -588.6241455078125, -590.64697265625, -592.656494140625, -594.6646728515625, -596.69189453125, -598.699951171875, -600.7078857421875, -602.7259521484375, -604.7362060546875, -606.7545166015625, -608.7762451171875, -610.7879638671875, -612.7952880859375, -614.8101806640625, -616.8128662109375, -618.835205078125, -620.83837890625, -622.8475341796875, -624.8560791015625, -626.8658447265625, -628.880126953125, -630.8865966796875, -632.890869140625, -634.8944091796875, -636.90625, -638.916259765625, -640.9091796875, -642.9222412109375, -644.9232177734375, -646.9228515625, -648.9222412109375, -650.9249267578125, -652.9281005859375, -654.9371337890625, -656.931396484375, -658.9306640625, -660.9312744140625, -662.926513671875, -664.915283203125, -666.908935546875, -668.9005126953125, -670.8929443359375, -672.8970947265625, -674.8829345703125, -676.8719482421875, -678.8568115234375, -680.8499755859375, -682.8328857421875, -684.8096923828125, -686.8043212890625, -688.7764892578125, -690.7620849609375, -692.7445068359375, -694.7159423828125, -696.6956787109375, -698.6773681640625, -700.6395263671875, -702.6275634765625, -704.6026611328125, -706.5677490234375, -708.5379638671875, -710.5067138671875, -712.4708251953125, -714.4290771484375, -716.3929443359375, -718.3585205078125, -720.3209228515625, -722.2808837890625, -724.2342529296875, -726.1986083984375, -728.1441650390625, -730.0997314453125, -732.0477294921875, -733.9954833984375, -735.9495849609375, -737.8905029296875, -739.8289794921875, -741.7747802734375, -743.7191162109375, -745.6556396484375, -747.5882568359375, -749.5169677734375, -751.4520263671875, -753.3812255859375, -755.3118896484375, -757.2283935546875, -759.1588134765625, -761.0943603515625, -763.0125732421875, -764.9207763671875, -766.8399658203125, -768.7540283203125, -770.6658935546875, -772.5738525390625, -774.4754638671875, -776.3924560546875, -778.2869873046875, -780.1944580078125, -782.0833740234375, -783.9842529296875, -785.8861083984375, -787.7738037109375, -789.6566162109375, -791.5372314453125, -793.4232177734375, -795.3011474609375, -797.1868896484375, -799.0684814453125, -800.9339599609375, -802.8077392578125, -804.6805419921875, -806.5355224609375, -808.4053955078125, -810.2620849609375, -812.1260986328125, -813.9801025390625, -815.8223876953125, -817.6800537109375, -819.5245361328125, -821.3643798828125, -823.1981201171875, -825.0438232421875, -826.8858642578125, -828.7283935546875, -830.5426025390625, -832.3797607421875, -834.1956787109375, -835.9969482421875, -837.8306884765625, -839.6456298828125, -841.4635009765625, -843.2601318359375, -845.0643310546875, -846.8775634765625, -848.6695556640625, -850.4705810546875, -852.2742919921875, -854.0533447265625, -855.8282470703125, -857.6126708984375, -859.3995361328125, -861.1807861328125, -862.9632568359375, -864.7191162109375, -866.4927978515625, -868.2467041015625, -870.0030517578125, -871.7730712890625, -873.5196533203125, -875.2747802734375, -877.0084228515625, -878.7508544921875, -880.4818115234375, -882.2276611328125, -883.9656982421875, -885.6737060546875, -887.4134521484375, -889.1363525390625, -890.8529052734375, -892.5574951171875, -894.2603759765625, -895.9776611328125, -897.6646728515625, -899.3702392578125, -901.0653076171875, -902.7401123046875, -904.4473876953125, -906.1370849609375, -907.8140869140625, -909.4661865234375, -911.1365966796875, -912.8133544921875, -914.4869384765625, -916.1436767578125, -917.7850341796875, -919.4378662109375, -921.0721435546875, -922.7249755859375, -924.3680419921875, -925.9930419921875, -927.6363525390625, -929.2550048828125, -930.8690185546875, -932.4810791015625, -934.1170654296875, -935.7215576171875, -937.3087158203125, -938.9141845703125, -940.5050048828125, -942.0921630859375, -943.6844482421875, -945.2723388671875, -946.8516845703125, -948.4481201171875, -950.0086669921875, -951.5623779296875, -953.1168212890625, -954.6746826171875, -956.2432861328125, -957.7679443359375, -959.3092041015625, -960.8475341796875, -962.3897705078125, -963.9254150390625, -965.4359130859375, -966.9586181640625, -968.4747314453125, -969.9896240234375, -971.5025634765625, -973.0052490234375, -974.5081787109375, -976.0147705078125, -977.4771728515625, -978.9556884765625, -980.4359130859375, -981.9329833984375, -983.4063720703125, -984.8421630859375, -986.3094482421875, -987.7725830078125, -989.2161865234375, -990.6429443359375, -992.0906982421875, -993.5384521484375, -994.9608154296875, -996.3966064453125, -997.8026123046875, -999.2086181640625, -1000.6319580078125, -1002.0306396484375, -1003.4244384765625, -1004.8094482421875, -1006.2066650390625, -1007.5960693359375, -1008.9647216796875, -1010.3214111328125, -1011.7376708984375, -1013.0965576171875, -1014.4617919921875, -1015.8050537109375, -1017.1365966796875, -1018.5135498046875, -1019.8294677734375, -1021.1719970703125, -1022.4908447265625, -1023.8140869140625, -1025.1658935546875, -1026.4781494140625, -1027.7738037109375, -1029.0611572265625, -1030.3721923828125, -1031.6595458984375, -1032.9510498046875, -1034.2127685546875, -1035.4888916015625, -1036.7742919921875, -1038.0404052734375, -1039.3121337890625, -1040.5784912109375, -1041.8170166015625, -1043.0657958984375, -1044.2845458984375, -1045.5172119140625, -1046.7606201171875, -1047.9986572265625, -1049.2049560546875, -1050.4366455078125, -1051.6478271484375, -1052.8446044921875, -1054.0225830078125, -1055.2325439453125, -1056.3958740234375, -1057.5760498046875, -1058.7677001953125, -1059.9454345703125, -1061.1429443359375, -1062.2750244140625, -1063.4173583984375, -1064.5672607421875, -1065.7117919921875, -1066.8660888671875, -1067.9757080078125, -1069.1026611328125, -1070.2066650390625, -1071.3541259765625, -1072.4622802734375, -1073.5675048828125, -1074.6832275390625, -1075.7747802734375, -1076.8597412109375, -1077.9527587890625, -1079.0606689453125, -1080.0992431640625, -1081.1690673828125, -1082.2166748046875, -1083.2979736328125, -1084.3221435546875, -1085.4068603515625, -1086.4058837890625, -1087.4398193359375, -1088.4703369140625, -1089.5081787109375, -1090.5216064453125, -1091.5035400390625, -1092.5726318359375, -1093.5455322265625, -1094.5574951171875, -1095.5262451171875, -1096.5228271484375, -1097.5277099609375, -1098.4737548828125, -1099.4764404296875, -1100.4442138671875, -1101.3670654296875, -1102.3338623046875, -1103.3009033203125, -1104.2254638671875, -1105.1466064453125, -1106.1014404296875, -1106.9964599609375, -1107.9720458984375, -1108.8963623046875, -1109.7713623046875, -1110.6788330078125, -1111.5809326171875, -1112.4400634765625, -1113.3282470703125, -1114.2537841796875, -1115.0972900390625, -1115.9915771484375, -1116.8538818359375, -1117.7572021484375, -1118.6458740234375, -1119.4747314453125, -1120.3299560546875, -1121.1854248046875, -1121.9910888671875, -1122.8328857421875, -1123.6827392578125, -1124.4886474609375, -1125.2725830078125, -1126.1270751953125, -1126.9095458984375, -1127.6912841796875, -1128.5264892578125, -1129.3087158203125, -1130.1068115234375, -1130.8834228515625, -1131.6234130859375, -1132.4090576171875, -1133.1680908203125, -1133.9420166015625, -1134.7210693359375, -1135.4798583984375, -1136.2244873046875, -1136.9354248046875, -1137.6800537109375, -1138.4188232421875, -1139.1282958984375, -1139.8746337890625, -1140.5574951171875, -1141.2840576171875, -1142.0025634765625, -1142.7056884765625, -1143.3773193359375, -1144.0501708984375, -1144.7642822265625, -1145.4261474609375, -1146.0938720703125, -1146.7376708984375, -1147.4554443359375, -1148.1107177734375, -1148.7904052734375, -1149.4481201171875, -1150.0728759765625, -1150.7139892578125, -1151.3409423828125, -1152.0067138671875, -1152.6278076171875, -1153.2708740234375, -1153.8558349609375, -1154.5006103515625, -1155.0997314453125, -1155.7073974609375, -1156.2987060546875, -1156.9285888671875, -1157.4918212890625, -1158.0789794921875, -1158.6478271484375, -1159.2264404296875, -1159.8018798828125, -1160.3536376953125, -1160.9832763671875, -1161.5111083984375, -1162.0587158203125, -1162.6160888671875, -1163.1925048828125, -1163.7174072265625, -1164.2003173828125, -1164.7528076171875, -1165.3026123046875, -1165.7677001953125, -1166.3101806640625, -1166.8660888671875, -1167.3314208984375, -1167.8851318359375, -1168.3812255859375, -1168.9002685546875, -1169.3314208984375, -1169.8934326171875, -1170.3665771484375, -1170.8714599609375, -1171.3338623046875, -1171.8111572265625, -1172.2532958984375, -1172.7679443359375, -1173.1807861328125, -1173.6639404296875, -1174.0721435546875, -1174.5482177734375, -1175.0347900390625, -1175.4635009765625, -1175.8543701171875, -1176.3270263671875, -1176.7362060546875, -1177.1539306640625, -1177.6156005859375, -1178.0018310546875, -1178.4788818359375, -1178.8128662109375, -1179.2938232421875, -1179.7103271484375, -1180.0897216796875, -1180.4664306640625, -1180.9063720703125, -1181.2161865234375, -1181.6112060546875, -1182.0347900390625, -1182.3983154296875, -1182.7886962890625, -1183.1253662109375, -1183.5364990234375, -1183.8685302734375, -1184.2178955078125, -1184.5882568359375, -1184.9468994140625, -1185.3468017578125, -1185.6942138671875, -1186.0262451171875, -1186.3275146484375, -1186.7117919921875, -1187.0018310546875, -1187.4324951171875, -1187.7005615234375, -1188.0145263671875, -1188.3065185546875, -1188.6234130859375, -1188.9705810546875, -1189.2982177734375, -1189.5640869140625, -1189.8656005859375, -1190.2181396484375, -1190.4837646484375, -1190.7850341796875, -1191.0635986328125, -1191.3719482421875, -1191.6966552734375, -1191.9732666015625, -1192.2132568359375, -1192.5206298828125, -1192.8140869140625, -1193.0809326171875, -1193.3153076171875, -1193.6566162109375, -1193.8978271484375, -1194.1981201171875, -1194.3985595703125, -1194.6683349609375, -1194.8734130859375, -1195.1851806640625, -1195.5018310546875, -1195.6676025390625, -1195.9271240234375, -1196.1588134765625, -1196.4124755859375, -1196.6654052734375, -1196.8475341796875, -1197.1121826171875, -1197.3184814453125, -1197.5394287109375, -1197.7518310546875, -1197.9656982421875, -1198.1844482421875, -1198.4669189453125, -1198.6861572265625, -1198.8914794921875, -1199.0999755859375, -1199.2581787109375, -1199.4993896484375, -1199.7032470703125, -1199.8995361328125, -1200.0645751953125, -1200.2947998046875, -1200.4100341796875, -1200.6951904296875, -1200.8807373046875, -1201.0562744140625, -1201.2034912109375, -1201.4224853515625, -1201.5897216796875, -1201.6942138671875, -1201.9339599609375, -1202.0902099609375, -1202.3631591796875, -1202.5196533203125, -1202.6761474609375, -1202.8651123046875, -1202.9984130859375, -1203.1673583984375, -1203.3040771484375, -1203.4803466796875, -1203.6668701171875, -1203.7889404296875, -1203.9102783203125, -1204.0921630859375, -1204.2474365234375, -1204.3433837890625, -1204.5362548828125, -1204.6707763671875, -1204.7796630859375, -1204.9737548828125, -1205.1209716796875, -1205.2664794921875, -1205.3841552734375, -1205.5323486328125, -1205.6346435546875, -1205.8331298828125, -1205.9075927734375, -1206.0487060546875, -1206.1878662109375, -1206.3328857421875, -1206.4849853515625, -1206.6129150390625, -1206.7186279296875, -1206.8602294921875, -1206.9102783203125, -1207.0428466796875, -1207.1614990234375, -1207.2054443359375, -1207.3375244140625, -1207.4703369140625, -1207.5648193359375, -1207.7095947265625, -1207.7830810546875, -1207.9114990234375, -1208.0120849609375, -1208.0943603515625, -1208.1661376953125, -1208.3238525390625, -1208.4168701171875, -1208.4827880859375, -1208.5770263671875, -1208.6470947265625, -1208.7386474609375, -1208.8917236328125, -1208.9361572265625, -1209.0103759765625, -1209.1412353515625, -1209.2379150390625, -1209.3460693359375, -1209.3729248046875, -1209.5047607421875, -1209.5970458984375, -1209.7781982421875, -1209.7572021484375, -1209.8604736328125, -1209.9757080078125, -1209.9842529296875, -1210.0679931640625, -1210.1312255859375, -1210.1925048828125, -1210.3011474609375, -1210.3338623046875, -1210.4281005859375, -1210.4691162109375, -1210.5369873046875, -1210.6146240234375, -1210.7222900390625, -1210.7420654296875, -1210.8031005859375, -1210.8397216796875, -1211.0003662109375, -1210.9844970703125, -1211.1549072265625, -1211.1492919921875, -1211.2137451171875, -1211.3150634765625, -1211.3431396484375, -1211.4168701171875, -1211.4405517578125, -1211.5194091796875, -1211.6619873046875, -1211.6859130859375, -1211.6724853515625, -1211.8035888671875, -1211.8714599609375, -1211.8536376953125, -1211.8966064453125, -1211.9935302734375, -1212.0113525390625, -1212.0662841796875, -1212.1141357421875, -1212.1405029296875, -1212.2288818359375, -1212.2174072265625, -1212.3216552734375, -1212.3470458984375, -1212.4410400390625, -1212.4747314453125, -1212.5438232421875, -1212.4979248046875, -1212.6195068359375, -1212.6351318359375, -1212.6038818359375, -1212.6192626953125, -1212.7186279296875, -1212.7681884765625, -1212.6717529296875, -1212.7677001953125, -1212.8475341796875, -1212.8453369140625, -1212.9256591796875, -1213.0177001953125, -1213.0194091796875, -1213.0101318359375, -1213.0548095703125, -1213.0682373046875, -1213.1636962890625, -1213.1815185546875, -1213.2152099609375, -1213.2835693359375, -1213.2515869140625, -1213.3282470703125, -1213.3424072265625, -1213.3685302734375, -1213.3900146484375, -1213.4329833984375, -1213.4105224609375, -1213.5030517578125, -1213.5208740234375, -1213.4696044921875, -1213.5216064453125, -1213.5670166015625, -1213.5548095703125, -1213.6405029296875, -1213.6229248046875, -1213.7147216796875, -1213.6751708984375, -1213.6583251953125, -1213.7969970703125, -1213.7760009765625, -1213.8060302734375, -1213.8309326171875, -1213.8416748046875, -1213.7962646484375, -1213.8807373046875, -1213.8753662109375, -1213.8812255859375, -1213.9173583984375, -1213.9581298828125, -1213.9754638671875, -1213.9835205078125, -1214.0037841796875, -1214.0540771484375, -1214.0858154296875, -1214.0638427734375, -1214.1097412109375, -1214.0902099609375, -1214.1605224609375, -1214.1619873046875, -1214.1566162109375, -1214.1763916015625, -1214.2037353515625, -1214.2178955078125, -1214.2550048828125, -1214.2347412109375, -1214.2689208984375, -1214.2730712890625, -1214.2806396484375, -1214.3155517578125, -1214.3411865234375, -1214.3128662109375, -1214.2928466796875, -1214.3592529296875, -1214.3563232421875, -1214.3917236328125, -1214.3292236328125, -1214.4456787109375, -1214.3489990234375, -1214.3553466796875, -1214.4671630859375, -1214.4818115234375, -1214.4779052734375, -1214.5189208984375, -1214.5570068359375, -1214.5882568359375, -1214.5277099609375, -1214.5179443359375, -1214.5469970703125, -1214.5052490234375, -1214.5819091796875, -1214.5435791015625, -1214.5369873046875, -1214.6302490234375, -1214.5443115234375, -1214.5892333984375, -1214.5863037109375, -1214.5980224609375, -1214.6783447265625, -1214.6805419921875, -1214.6536865234375, -1214.6287841796875, -1214.6146240234375, -1214.6502685546875, -1214.6810302734375, -1214.6754150390625, -1214.7012939453125, -1214.6827392578125, -1214.6781005859375, -1214.6368408203125, -1214.7093505859375, -1214.7745361328125, -1214.7747802734375, -1214.8621826171875, -1214.7469482421875, -1214.7535400390625, -1214.7789306640625, -1214.7655029296875, -1214.7452392578125, -1214.7120361328125, -1214.7677001953125, -1214.7996826171875, -1214.7513427734375, -1214.8385009765625, -1214.8177490234375, -1214.8529052734375, -1214.8260498046875, -1214.8050537109375, -1214.8240966796875, -1214.8619384765625, -1214.8280029296875, -1214.8172607421875, -1214.8450927734375, -1214.8443603515625, -1214.7999267578125, -1214.8541259765625, -1214.9293212890625, -1214.8695068359375, -1214.9149169921875, -1214.8641357421875, -1214.9010009765625, -1214.9400634765625, -1214.8382568359375, -1214.8638916015625, -1214.8343505859375, -1214.8631591796875, -1214.8812255859375, -1214.8695068359375, -1214.8909912109375, -1214.9302978515625, -1214.9129638671875, -1214.8836669921875, -1214.8787841796875, -1214.9024658203125, -1214.8304443359375, -1214.9661865234375, -1214.9139404296875, -1214.9847412109375, -1214.9393310546875, -1214.9822998046875, -1214.9967041015625, -1215.0335693359375, -1214.9720458984375, -1215.0853271484375, -1215.0257568359375, -1214.9559326171875, -1215.1234130859375, -1215.0540771484375, -1215.0638427734375, -1215.0181884765625, -1215.0745849609375, -1214.9383544921875, -1214.9830322265625, -1215.0059814453125, -1214.9876708984375, -1214.9818115234375, -1215.0303955078125, -1214.9388427734375, -1215.0457763671875, -1214.9820556640625, -1215.0008544921875, -1214.9818115234375, -1215.0128173828125, -1214.9842529296875, -1215.0767822265625, -1214.9779052734375, -1215.0262451171875, -1215.0162353515625, -1215.0050048828125, -1215.0303955078125, -1215.1007080078125, -1215.0606689453125, -1215.0504150390625, -1215.0662841796875, -1215.0460205078125, -1215.0594482421875, -1215.0506591796875, -1215.0443115234375, -1214.9937744140625, -1215.0277099609375, -1214.9647216796875, -1215.0181884765625, -1215.0198974609375, -1215.0120849609375, -1215.0682373046875, -1215.0211181640625, -1214.9871826171875, -1215.0721435546875, -1215.0506591796875, -1215.0687255859375, -1215.0477294921875, -1215.0235595703125, -1215.0179443359375, -1215.0474853515625, -1215.0128173828125, -1215.1097412109375, -1215.0313720703125, -1215.0238037109375, -1215.0809326171875, -1215.0001220703125, -1215.0426025390625, -1214.9732666015625, -1215.0255126953125, -1215.0125732421875, -1215.0130615234375, -1214.9779052734375, -1215.0447998046875, -1215.0521240234375, -1215.0804443359375, -1214.9906005859375, -1215.0072021484375, -1214.9793701171875, -1215.0750732421875, -1214.9964599609375, -1215.0992431640625, -1215.0245361328125, -1215.0819091796875, -1215.1063232421875, -1215.1053466796875, -1215.0872802734375, -1215.0443115234375, -1214.9720458984375, -1215.0675048828125, -1215.0611572265625, -1215.1134033203125, -1215.0755615234375, -1215.0531005859375, -1215.1495361328125, -1215.1209716796875, -1215.0999755859375, -1215.1361083984375, -1215.1488037109375, -1215.0555419921875, -1215.1453857421875, -1215.1104736328125, -1215.0623779296875, -1215.1024169921875, -1215.0621337890625, -1215.1153564453125, -1215.0560302734375, -1215.0169677734375, -1215.0762939453125, -1215.0704345703125, -1215.1185302734375, -1215.0823974609375, -1215.0721435546875, -1215.0872802734375, -1215.0753173828125, -1215.1131591796875, -1215.1468505859375, -1215.1583251953125, -1215.1629638671875, -1215.1385498046875, -1215.0487060546875, -1215.0731201171875, -1215.0816650390625, -1215.1317138671875, -1215.0701904296875, -1215.1058349609375, -1215.1624755859375, -1215.0460205078125, -1215.1280517578125, -1215.0750732421875, -1215.0887451171875, -1215.1043701171875, -1215.0452880859375, -1215.0633544921875, -1215.0853271484375, -1215.0511474609375, -1215.1173095703125, -1215.0640869140625, -1215.1173095703125, -1215.0692138671875, -1215.1361083984375, -1215.0667724609375, -1215.1678466796875, -1215.1365966796875, -1215.0980224609375, -1215.1370849609375, -1215.1341552734375, -1215.0662841796875, -1215.0345458984375, -1215.0599365234375, -1215.1199951171875, -1215.1400146484375, -1215.0721435546875, -1215.0765380859375, -1215.0706787109375, -1215.1336669921875, -1215.1307373046875, -1215.0897216796875, -1215.1436767578125, -1215.1917724609375, -1215.1278076171875, -1215.1883544921875, -1215.1295166015625, -1215.1771240234375, -1215.1937255859375, -1215.1126708984375, -1215.1827392578125, -1215.1536865234375, -1215.1087646484375, -1215.0648193359375, -1215.1458740234375, -1215.0965576171875, -1215.1405029296875, -1215.1102294921875, -1215.1409912109375, -1215.0965576171875, -1215.1156005859375, -1215.1209716796875, -1215.2528076171875, -1215.1895751953125, -1215.2132568359375, -1215.1300048828125, -1215.1087646484375, -1215.1568603515625, -1215.1453857421875, -1215.1929931640625, -1215.2093505859375, -1215.1986083984375, -1215.1959228515625, -1215.1624755859375, -1215.1822509765625, -1215.1851806640625, -1215.2039794921875, -1215.1815185546875, -1215.1163330078125, -1215.2078857421875, -1215.1700439453125, -1215.1363525390625, -1215.1253662109375, -1215.1304931640625, -1215.1763916015625, -1215.1285400390625, -1215.0865478515625, -1215.1121826171875, -1215.0843505859375, -1215.1041259765625, -1215.1444091796875, -1215.1217041015625, -1215.1795654296875, -1215.1717529296875, -1215.1363525390625, -1215.1795654296875, -1215.1365966796875, -1215.1302490234375, -1215.1468505859375, -1215.1766357421875, -1215.1683349609375, -1215.2230224609375, -1215.2213134765625, -1215.2489013671875, -1215.1881103515625, -1215.1680908203125, -1215.1995849609375, -1215.1278076171875, -1215.1925048828125, -1215.1490478515625, -1215.1766357421875, -1215.1856689453125, -1215.1607666015625, -1215.2025146484375, -1215.1505126953125, -1215.1627197265625, -1215.1795654296875, -1215.1654052734375, -1215.2313232421875, -1215.1661376953125, -1215.1373291015625, -1215.1405029296875, -1215.1871337890625, -1215.1688232421875, -1215.2086181640625, -1215.1712646484375, -1215.1451416015625, -1215.1795654296875, -1215.2044677734375, -1215.1099853515625, -1215.1590576171875, -1215.0919189453125, -1215.0460205078125, -1215.1229248046875, -1215.1424560546875, -1215.0775146484375, -1215.1287841796875, -1215.0838623046875, -1215.0965576171875, -1215.1448974609375, -1215.1068115234375, -1215.1536865234375, -1215.0950927734375, -1215.1195068359375, -1215.1029052734375, -1215.1458740234375, -1215.1610107421875, -1215.1544189453125, -1215.1068115234375, -1215.1031494140625, -1215.1605224609375, -1215.1578369140625, -1215.1844482421875, -1215.1617431640625, -1215.1812744140625, -1215.2015380859375, -1215.1949462890625, -1215.1678466796875, -1215.1356201171875, -1215.1944580078125, -1215.1734619140625, -1215.2127685546875, -1215.1536865234375, -1215.2000732421875, -1215.1600341796875, -1215.1829833984375, -1215.1629638671875, -1215.1820068359375, -1215.1622314453125, -1215.1195068359375, -1215.1605224609375, -1215.1700439453125, -1215.1507568359375, -1215.1466064453125, -1215.1737060546875, -1215.0992431640625, -1215.1507568359375, -1215.1390380859375, -1215.0736083984375, -1215.1644287109375, -1215.1429443359375, -1215.0924072265625, -1215.1588134765625, -1215.1480712890625, -1215.0989990234375, -1215.2039794921875, -1215.1893310546875, -1215.1324462890625, -1215.1983642578125, -1215.1488037109375, -1215.1922607421875, -1215.1380615234375, -1215.1263427734375, -1215.1571044921875, -1215.1751708984375, -1215.1802978515625, -1215.1785888671875, -1215.1773681640625, -1215.1785888671875, -1215.1434326171875, -1215.1829833984375, -1215.1502685546875, -1215.1029052734375, -1215.1072998046875, -1215.2034912109375, -1215.1815185546875, -1215.1732177734375, -1215.1365966796875, -1215.2147216796875, -1215.1507568359375, -1215.1776123046875, -1215.1873779296875, -1215.2335205078125, -1215.2401123046875, -1215.1800537109375, -1215.1937255859375, -1215.1871337890625, -1215.1951904296875, -1215.2049560546875, -1215.1849365234375, -1215.2225341796875, -1215.1378173828125, -1215.1424560546875, -1215.2264404296875, -1215.2095947265625, -1215.1268310546875, -1215.2139892578125, -1215.2864990234375, -1215.1666259765625, -1215.1634521484375, -1215.1448974609375, -1215.1566162109375, -1215.1265869140625, -1215.2147216796875, -1215.1397705078125, -1215.1478271484375, -1215.1265869140625, -1215.1744384765625, -1215.1485595703125, -1215.1043701171875, -1215.1527099609375, -1215.1297607421875, -1215.1602783203125, -1215.0994873046875, -1215.1463623046875, -1215.1207275390625, -1215.1175537109375, -1215.0877685546875, -1215.1829833984375, -1215.1343994140625, -1215.1617431640625, -1215.1766357421875, -1215.1849365234375, -1215.1119384765625, -1215.1522216796875, -1215.2193603515625, -1215.1663818359375, -1215.2347412109375, -1215.1644287109375, -1215.2005615234375, -1215.1790771484375, -1215.1617431640625, -1215.1761474609375, -1215.1790771484375, -1215.1732177734375, -1215.2562255859375, -1215.1785888671875, -1215.2498779296875, -1215.2200927734375, -1215.2088623046875, -1215.1888427734375, -1215.1859130859375, -1215.1336669921875, -1215.1619873046875, -1215.1898193359375, -1215.1429443359375, -1215.1751708984375, -1215.2376708984375, -1215.2249755859375, -1215.1302490234375, -1215.1773681640625, -1215.1868896484375, -1215.1668701171875, -1215.2459716796875, -1215.1976318359375, -1215.2069091796875, -1215.2142333984375, -1215.1937255859375, -1215.2147216796875, -1215.1864013671875, -1215.2261962890625, -1215.1837158203125, -1215.1583251953125, -1215.1634521484375, -1215.1502685546875, -1215.1551513671875, -1215.1070556640625, -1215.1470947265625, -1215.1927490234375, -1215.1336669921875, -1215.1688232421875, -1215.1990966796875, -1215.1683349609375, -1215.1883544921875, -1215.2108154296875, -1215.1571044921875, -1215.2205810546875, -1215.1737060546875, -1215.1844482421875, -1215.1990966796875, -1215.2208251953125, -1215.1920166015625, -1215.2144775390625, -1215.2154541015625, -1215.2030029296875, -1215.2083740234375, -1215.1922607421875, -1215.1700439453125, -1215.2452392578125, -1215.1470947265625, -1215.2147216796875, -1215.2425537109375, -1215.1859130859375, -1215.1929931640625, -1215.1878662109375, -1215.1551513671875, -1215.2596435546875, -1215.1397705078125, -1215.1937255859375, -1215.2288818359375, -1215.2476806640625, -1215.2581787109375, -1215.1788330078125, -1215.2540283203125, -1215.2059326171875, -1215.2598876953125, -1215.1949462890625, -1215.1964111328125, -1215.2591552734375, -1215.2481689453125, -1215.2093505859375, -1215.2752685546875, -1215.1656494140625, -1215.2340087890625, -1215.2796630859375, -1215.2486572265625, -1215.1888427734375, -1215.2633056640625, -1215.1568603515625, -1215.1793212890625, -1215.1722412109375, -1215.1966552734375, -1215.2513427734375, -1215.2552490234375, -1215.2928466796875, -1215.2615966796875, -1215.2171630859375, -1215.2977294921875, -1215.2142333984375, -1215.1920166015625, -1215.2586669921875, -1215.2359619140625, -1215.2498779296875, -1215.2196044921875, -1215.2777099609375, -1215.2337646484375, -1215.2855224609375, -1215.2794189453125, -1215.2366943359375, -1215.2025146484375, -1215.2950439453125, -1215.2459716796875, -1215.2335205078125, -1215.2720947265625, -1215.1541748046875, -1215.1778564453125, -1215.2137451171875, -1215.2049560546875, -1215.2049560546875, -1215.2266845703125, -1215.1802978515625, -1215.2298583984375, -1215.2486572265625, -1215.1917724609375, -1215.2100830078125, -1215.2706298828125, -1215.1710205078125, -1215.1639404296875, -1215.2066650390625, -1215.2322998046875, -1215.1964111328125, -1215.2552490234375, -1215.2030029296875, -1215.2486572265625, -1215.2344970703125, -1215.2376708984375, -1215.2459716796875, -1215.2137451171875, -1215.1751708984375, -1215.2591552734375, -1215.2183837890625, -1215.2320556640625, -1215.2276611328125, -1215.2391357421875, -1215.2718505859375, -1215.1683349609375, -1215.2830810546875, -1215.2039794921875, -1215.2508544921875, -1215.2176513671875, -1215.1951904296875, -1215.2694091796875, -1215.2767333984375, -1215.2696533203125, -1215.2530517578125, -1215.1776123046875, -1215.2498779296875, -1215.2357177734375, -1215.2462158203125, -1215.3009033203125, -1215.2767333984375, -1215.2938232421875, -1215.2569580078125, -1215.2498779296875, -1215.2440185546875, -1215.2623291015625, -1215.3304443359375, -1215.2396240234375, -1215.2550048828125, -1215.2357177734375, -1215.2176513671875, -1215.3148193359375, -1215.2525634765625, -1215.2269287109375, -1215.2813720703125, -1215.2061767578125, -1215.2532958984375, -1215.2218017578125, -1215.3189697265625, -1215.2740478515625, -1215.2991943359375, -1215.3385009765625, -1215.2879638671875, -1215.3089599609375, -1215.2601318359375, -1215.3245849609375, -1215.2835693359375, -1215.2623291015625, -1215.2437744140625, -1215.2540283203125, -1215.2894287109375, -1215.2606201171875, -1215.2159423828125, -1215.2933349609375, -1215.2764892578125, -1215.2559814453125, -1215.2210693359375, -1215.2327880859375, -1215.1925048828125, -1215.2337646484375, -1215.2244873046875, -1215.2247314453125, -1215.2677001953125, -1215.2156982421875, -1215.2713623046875, -1215.2313232421875, -1215.2525634765625, -1215.2474365234375, -1215.2288818359375, -1215.2696533203125, -1215.2083740234375, -1215.1605224609375, -1215.2054443359375, -1215.2249755859375, -1215.2637939453125, -1215.2845458984375, -1215.2293701171875, -1215.1907958984375, -1215.2396240234375, -1215.2230224609375, -1215.2576904296875, -1215.2337646484375, -1215.1910400390625, -1215.2454833984375, -1215.2801513671875, -1215.3067626953125, -1215.2772216796875, -1215.3211669921875, -1215.2635498046875, -1215.2659912109375, -1215.2598876953125, -1215.2254638671875, -1215.2327880859375, -1215.2772216796875, -1215.2581787109375, -1215.3377685546875, -1215.2996826171875, -1215.2357177734375, -1215.2532958984375, -1215.2738037109375, -1215.2586669921875, -1215.3255615234375, -1215.3250732421875, -1215.3072509765625, -1215.2774658203125, -1215.2674560546875, -1215.2894287109375, -1215.2215576171875, -1215.2550048828125, -1215.2196044921875, -1215.3387451171875, -1215.2894287109375, -1215.2879638671875, -1215.2984619140625, -1215.2625732421875, -1215.3114013671875, -1215.2205810546875, -1215.2559814453125, -1215.2037353515625, -1215.2987060546875, -1215.2845458984375, -1215.3216552734375, -1215.3074951171875, -1215.3216552734375, -1215.3048095703125, -1215.2943115234375, -1215.2884521484375, -1215.3135986328125, -1215.2933349609375, -1215.3201904296875, -1215.2547607421875, -1215.2591552734375, -1215.3336181640625, -1215.2601318359375, -1215.2581787109375, -1215.3070068359375, -1215.1766357421875, -1215.2410888671875, -1215.2611083984375, -1215.3184814453125, -1215.2889404296875, -1215.3309326171875, -1215.3077392578125, -1215.3226318359375, -1215.3177490234375, -1215.3328857421875, -1215.2635498046875, -1215.2564697265625, -1215.2845458984375, -1215.2879638671875, -1215.3270263671875, -1215.3160400390625, -1215.3294677734375, -1215.2298583984375, -1215.3626708984375, -1215.3031005859375, -1215.2711181640625, -1215.3734130859375, -1215.2498779296875, -1215.3092041015625, -1215.2833251953125, -1215.2672119140625, -1215.3260498046875, -1215.3487548828125, -1215.2747802734375, -1215.2962646484375, -1215.3675537109375, -1215.2486572265625, -1215.3197021484375, -1215.2930908203125, -1215.3099365234375, -1215.2501220703125, -1215.2996826171875, -1215.2469482421875, -1215.2904052734375, -1215.3177490234375, -1215.3284912109375, -1215.3240966796875, -1215.2991943359375, -1215.2843017578125, -1215.3013916015625, -1215.2515869140625, -1215.2877197265625, -1215.2266845703125, -1215.2552490234375, -1215.2366943359375, -1215.3277587890625, -1215.3060302734375, -1215.2513427734375, -1215.2572021484375, -1215.2867431640625, -1215.3001708984375, -1215.2821044921875, -1215.2508544921875, -1215.2791748046875, -1215.2650146484375, -1215.3070068359375, -1215.2806396484375, -1215.2581787109375, -1215.2349853515625, -1215.2315673828125, -1215.2994384765625, -1215.2742919921875, -1215.2947998046875, -1215.2528076171875, -1215.3363037109375, -1215.2337646484375, -1215.2908935546875, -1215.2535400390625, -1215.3529052734375, -1215.3079833984375, -1215.2957763671875, -1215.2239990234375, -1215.2615966796875, -1215.2904052734375, -1215.2933349609375, -1215.2550048828125, -1215.2537841796875, -1215.3685302734375, -1215.2540283203125, -1215.2913818359375, -1215.2747802734375, -1215.2318115234375, -1215.2752685546875, -1215.2435302734375, -1215.2174072265625, -1215.2281494140625, -1215.2913818359375, -1215.2811279296875, -1215.2215576171875, -1215.2396240234375, -1215.2034912109375, -1215.2435302734375, -1215.3050537109375, -1215.2352294921875, -1215.2969970703125, -1215.2313232421875, -1215.2413330078125, -1215.2867431640625, -1215.2425537109375, -1215.2095947265625, -1215.2691650390625, -1215.2720947265625, -1215.3309326171875, -1215.2972412109375, -1215.1907958984375, -1215.2720947265625, -1215.2603759765625, -1215.2598876953125, -1215.2144775390625, -1215.2144775390625, -1215.2449951171875, -1215.2391357421875, -1215.2337646484375, -1215.2611083984375, -1215.2955322265625, -1215.2025146484375, -1215.2598876953125, -1215.3099365234375, -1215.2132568359375, -1215.3101806640625, -1215.2603759765625, -1215.3187255859375, -1215.2816162109375, -1215.2982177734375, -1215.2913818359375, -1215.3099365234375, -1215.2313232421875, -1215.2769775390625, -1215.2420654296875, -1215.2738037109375, -1215.2957763671875, -1215.3194580078125, -1215.3216552734375, -1215.2860107421875, -1215.3358154296875, -1215.2742919921875, -1215.3621826171875, -1215.3460693359375, -1215.3297119140625, -1215.3104248046875, -1215.3753662109375, -1215.3441162109375, -1215.3140869140625, -1215.3348388671875, -1215.2503662109375, -1215.2952880859375, -1215.2537841796875, -1215.2996826171875, -1215.2574462890625, -1215.3221435546875, -1215.3458251953125, -1215.2752685546875, -1215.2911376953125, -1215.3187255859375, -1215.3424072265625, -1215.3455810546875, -1215.3043212890625, -1215.2918701171875, -1215.3016357421875, -1215.2955322265625, -1215.3231201171875, -1215.2867431640625, -1215.2525634765625, -1215.3150634765625, -1215.2650146484375, -1215.3233642578125, -1215.2879638671875, -1215.3216552734375, -1215.3157958984375, -1215.3089599609375, -1215.2701416015625, -1215.2906494140625, -1215.3055419921875, -1215.2708740234375, -1215.3070068359375, -1215.2672119140625, -1215.2430419921875, -1215.2982177734375, -1215.2767333984375, -1215.2930908203125, -1215.3592529296875, -1215.3682861328125, -1215.2904052734375, -1215.2928466796875, -1215.2869873046875, -1215.3436279296875, -1215.3382568359375, -1215.3758544921875, -1215.3074951171875, -1215.3065185546875, -1215.3052978515625, -1215.2952880859375, -1215.3067626953125, -1215.3289794921875, -1215.2891845703125, -1215.3463134765625, -1215.3553466796875, -1215.3104248046875, -1215.3704833984375, -1215.3536376953125, -1215.3404541015625, -1215.3067626953125, -1215.3092041015625, -1215.2545166015625, -1215.3607177734375, -1215.2606201171875, -1215.3311767578125, -1215.3377685546875, -1215.2520751953125, -1215.2664794921875, -1215.2686767578125, -1215.2935791015625, -1215.2796630859375, -1215.2706298828125, -1215.2279052734375, -1215.2840576171875, -1215.3343505859375, -1215.2996826171875, -1215.2523193359375, -1215.3001708984375, -1215.2799072265625, -1215.3314208984375, -1215.2943115234375, -1215.2840576171875, -1215.3455810546875, -1215.2869873046875, -1215.2879638671875, -1215.2845458984375, -1215.2767333984375, -1215.3109130859375, -1215.3758544921875, -1215.3651123046875, -1215.3314208984375, -1215.3309326171875, -1215.2864990234375, -1215.3006591796875, -1215.3289794921875, -1215.3258056640625, -1215.3695068359375, -1215.2994384765625, -1215.3924560546875, -1215.4056396484375, -1215.3653564453125, -1215.3345947265625, -1215.3770751953125, -1215.3343505859375, -1215.3709716796875, -1215.3685302734375, -1215.3416748046875, -1215.3455810546875, -1215.2933349609375, -1215.4063720703125, -1215.3961181640625, -1215.3304443359375, -1215.3699951171875, -1215.3580322265625, -1215.2750244140625, -1215.3114013671875, -1215.3150634765625, -1215.3421630859375, -1215.3092041015625, -1215.3736572265625, -1215.3695068359375, -1215.3907470703125, -1215.3768310546875, -1215.3719482421875, -1215.3189697265625, -1215.3284912109375, -1215.3233642578125, -1215.3035888671875, -1215.2440185546875, -1215.3101806640625, -1215.2938232421875, -1215.3182373046875, -1215.3089599609375, -1215.3553466796875, -1215.3306884765625, -1215.3477783203125, -1215.3450927734375, -1215.3509521484375, -1215.3409423828125, -1215.3309326171875, -1215.3424072265625, -1215.3922119140625, -1215.3922119140625, -1215.3502197265625, -1215.3343505859375, -1215.3817138671875, -1215.3800048828125, -1215.3560791015625, -1215.3223876953125, -1215.3153076171875, -1215.3377685546875, -1215.3275146484375, -1215.3309326171875, -1215.3106689453125, -1215.3094482421875, -1215.3763427734375, -1215.4061279296875, -1215.3516845703125, -1215.3594970703125, -1215.3260498046875, -1215.3553466796875, -1215.3665771484375, -1215.3372802734375, -1215.2811279296875, -1215.3411865234375, -1215.3641357421875, -1215.3153076171875, -1215.3587646484375, -1215.2984619140625, -1215.3087158203125, -1215.3856201171875, -1215.2767333984375, -1215.3548583984375, -1215.4102783203125, -1215.3355712890625, -1215.3282470703125, -1215.3272705078125, -1215.3350830078125, -1215.3572998046875, -1215.3602294921875, -1215.3123779296875, -1215.3328857421875, -1215.4088134765625, -1215.3721923828125, -1215.3568115234375, -1215.3565673828125, -1215.3409423828125, -1215.4229736328125, -1215.3397216796875, -1215.3621826171875, -1215.3731689453125, -1215.3944091796875, -1215.3748779296875, -1215.3575439453125, -1215.3692626953125, -1215.3807373046875, -1215.3341064453125, -1215.3714599609375, -1215.3927001953125, -1215.3743896484375, -1215.4715576171875, -1215.4046630859375, -1215.3831787109375, -1215.3795166015625, -1215.4173583984375, -1215.3856201171875, -1215.4178466796875, -1215.4217529296875, -1215.3665771484375, -1215.3802490234375, -1215.4437255859375, -1215.4344482421875, -1215.4390869140625, -1215.4202880859375, -1215.3924560546875, -1215.3499755859375, -1215.3172607421875, -1215.3746337890625, -1215.4046630859375, -1215.3294677734375, -1215.3973388671875, -1215.3121337890625, -1215.3480224609375, -1215.3612060546875, -1215.2872314453125, -1215.3665771484375, -1215.3414306640625, -1215.3756103515625, -1215.3773193359375, -1215.4534912109375, -1215.3983154296875, -1215.3416748046875, -1215.3248291015625, -1215.3516845703125, -1215.3079833984375, -1215.3421630859375, -1215.3314208984375, -1215.4361572265625, -1215.3548583984375, -1215.3836669921875, -1215.3658447265625, -1215.3663330078125, -1215.3983154296875, -1215.3731689453125, -1215.3919677734375, -1215.3931884765625, -1215.3778076171875, -1215.3760986328125, -1215.4090576171875, -1215.4061279296875, -1215.3988037109375, -1215.3822021484375, -1215.4295654296875, -1215.3822021484375, -1215.3629150390625, -1215.3863525390625, -1215.3509521484375, -1215.3905029296875, -1215.3631591796875, -1215.3719482421875, -1215.3634033203125, -1215.3651123046875, -1215.3602294921875, -1215.3221435546875, -1215.3204345703125, -1215.3939208984375, -1215.3865966796875, -1215.4239501953125, -1215.4071044921875, -1215.4144287109375, -1215.4046630859375, -1215.3531494140625, -1215.3780517578125, -1215.3756103515625, -1215.4693603515625, -1215.4652099609375, -1215.4259033203125, -1215.4317626953125, -1215.4251708984375, -1215.3865966796875, -1215.4681396484375, -1215.4608154296875, -1215.4334716796875, -1215.4349365234375, -1215.3865966796875, -1215.3892822265625, -1215.4053955078125, -1215.4305419921875, -1215.3966064453125, -1215.3499755859375, -1215.3624267578125, -1215.3992919921875, -1215.3629150390625, -1215.3878173828125, -1215.3673095703125, -1215.3909912109375, -1215.4022216796875, -1215.3900146484375, -1215.4266357421875, -1215.4268798828125, -1215.3426513671875, -1215.3902587890625, -1215.3092041015625, -1215.3699951171875, -1215.3660888671875, -1215.3153076171875, -1215.3402099609375, -1215.2891845703125, -1215.3104248046875, -1215.3302001953125, -1215.3411865234375, -1215.3402099609375, -1215.3543701171875, -1215.3199462890625, -1215.3536376953125, -1215.3472900390625, -1215.4151611328125, -1215.4012451171875, -1215.3787841796875, -1215.3311767578125, -1215.3148193359375, -1215.3338623046875, -1215.4095458984375, -1215.3760986328125, -1215.3856201171875, -1215.3590087890625, -1215.3909912109375, -1215.3856201171875, -1215.3519287109375, -1215.3529052734375, -1215.3880615234375, -1215.3587646484375, -1215.3638916015625, -1215.3682861328125, -1215.3695068359375, -1215.3453369140625, -1215.3436279296875, -1215.4293212890625, -1215.3548583984375, -1215.3641357421875, -1215.3695068359375, -1215.3280029296875, -1215.3326416015625, -1215.3128662109375, -1215.3665771484375, -1215.3927001953125, -1215.3756103515625, -1215.3719482421875, -1215.3817138671875, -1215.4583740234375, -1215.4058837890625, -1215.3358154296875, -1215.3988037109375, -1215.4136962890625, -1215.4329833984375, -1215.4066162109375, -1215.3846435546875, -1215.3577880859375, -1215.3958740234375, -1215.3905029296875, -1215.3875732421875, -1215.3746337890625, -1215.3839111328125, -1215.3856201171875, -1215.3377685546875, -1215.3363037109375, -1215.3841552734375, -1215.3658447265625, -1215.3765869140625, -1215.3363037109375, -1215.3739013671875, -1215.4088134765625, -1215.3863525390625, -1215.3712158203125, -1215.3756103515625, -1215.3792724609375, -1215.3675537109375, -1215.4110107421875, -1215.3597412109375, -1215.3482666015625, -1215.2840576171875, -1215.3604736328125, -1215.3975830078125, -1215.3551025390625, -1215.4058837890625, -1215.3421630859375, -1215.3726806640625, -1215.3780517578125, -1215.4090576171875, -1215.4090576171875, -1215.4024658203125, -1215.3985595703125, -1215.3553466796875, -1215.3848876953125, -1215.3751220703125, -1215.4090576171875, -1215.4261474609375, -1215.3499755859375, -1215.3922119140625, -1215.3997802734375, -1215.3856201171875, -1215.4166259765625, -1215.4036865234375, -1215.4224853515625, -1215.3634033203125, -1215.4466552734375, -1215.3873291015625, -1215.3360595703125, -1215.4364013671875, -1215.4503173828125, -1215.4268798828125, -1215.4144287109375, -1215.4202880859375, -1215.4146728515625, -1215.4461669921875, -1215.4114990234375, -1215.4505615234375, -1215.3802490234375, -1215.4139404296875, -1215.4124755859375, -1215.4071044921875, -1215.4002685546875, -1215.3460693359375, -1215.4056396484375, -1215.3529052734375, -1215.3914794921875, -1215.4039306640625, -1215.3416748046875, -1215.3992919921875, -1215.4080810546875, -1215.3944091796875, -1215.3861083984375, -1215.3446044921875, -1215.3748779296875, -1215.4556884765625, -1215.4261474609375, -1215.3875732421875, -1215.3995361328125, -1215.4012451171875, -1215.4180908203125, -1215.4056396484375, -1215.4112548828125, -1215.3817138671875, -1215.3878173828125, -1215.4212646484375, -1215.3995361328125, -1215.4403076171875, -1215.4481201171875, -1215.4161376953125, -1215.4620361328125, -1215.4503173828125, -1215.3870849609375, -1215.3734130859375, -1215.4583740234375, -1215.4185791015625, -1215.4134521484375, -1215.4041748046875, -1215.4532470703125, -1215.3665771484375, -1215.4190673828125, -1215.3760986328125, -1215.4593505859375, -1215.3936767578125, -1215.4356689453125, -1215.3978271484375, -1215.4520263671875, -1215.4508056640625, -1215.4415283203125, -1215.4678955078125, -1215.4637451171875, -1215.4356689453125, -1215.4652099609375, -1215.4505615234375, -1215.4705810546875, -1215.4376220703125, -1215.4849853515625, -1215.4534912109375, -1215.4720458984375, -1215.4168701171875, -1215.4322509765625, -1215.4405517578125, -1215.4246826171875, -1215.4061279296875, -1215.4412841796875, -1215.4666748046875, -1215.4359130859375, -1215.3702392578125, -1215.4266357421875, -1215.4476318359375, -1215.3927001953125, -1215.4383544921875, -1215.4781494140625, -1215.4669189453125, -1215.4100341796875, -1215.4149169921875, -1215.4515380859375, -1215.4056396484375, -1215.4688720703125, -1215.4451904296875, -1215.4859619140625, -1215.4840087890625, -1215.4447021484375, -1215.4566650390625, -1215.4451904296875, -1215.4537353515625, -1215.4005126953125, -1215.4559326171875, -1215.4144287109375, -1215.4669189453125, -1215.4222412109375, -1215.4620361328125, -1215.4400634765625, -1215.3939208984375, -1215.4295654296875, -1215.4520263671875, -1215.4395751953125, -1215.4822998046875, -1215.4102783203125, -1215.4327392578125, -1215.4276123046875, -1215.4344482421875, -1215.4317626953125, -1215.4080810546875, -1215.4193115234375, -1215.4139404296875, -1215.4493408203125, -1215.4176025390625, -1215.3997802734375, -1215.3768310546875, -1215.4195556640625, -1215.4373779296875, -1215.4422607421875, -1215.4566650390625, -1215.4644775390625, -1215.4530029296875, -1215.4510498046875, -1215.4442138671875, -1215.4779052734375, -1215.4149169921875, -1215.4647216796875, -1215.4122314453125, -1215.4942626953125, -1215.4434814453125, -1215.3988037109375, -1215.4779052734375, -1215.4002685546875, -1215.4495849609375, -1215.4268798828125, -1215.4788818359375, -1215.4471435546875, -1215.4481201171875, -1215.4710693359375, -1215.4835205078125, -1215.5091552734375, -1215.4808349609375, -1215.4635009765625, -1215.4361572265625, -1215.4642333984375]}
Warning: Cholesky failed, using eigendecomposition fallback
{'mse': 0.010075652971863747, 'rmse': 0.10037755221128464, 'test_ll': -248383.953125, 'total_test_ll': -6209598976.0}
/cluster/tufts/hugheslab/swilli26/stat-patt-final/gp_vs_sngp/results/hyperparam_search/GP/CrazySin_1500_10001/logs
/cluster/tufts/hugheslab/swilli26/stat-patt-final/gp_vs_sngp/results/hyperparam_search/logs/GP_VS_SNGP_25028906.out
/cluster/tufts/hugheslab/swilli26/stat-patt-final/gp_vs_sngp/results/hyperparam_search/logs/GP_VS_SNGP_25028906.err
