Starting imports...
Importing argparse...
Importing torch...
Importing os...
Importing sngp.train and sngp.model...
Importing gaussian_process...
Importing dataset...
Importing json...
ALL IMPORTS COMPLETE!
Parsing arguments...
Arguments parsed! Running GP on Sin with N=1500
Checking CUDA availability...
Using CPU
Making Datasets...
Making Model...
Training Gaussian Process...
Iter   0 | Loss: -821.405 | lengthscale: 1.010 | outputscale: 1.010 | noise: 0.198
Iter  10 | Loss: -930.946 | lengthscale: 1.061 | outputscale: 1.117 | noise: 0.179
Iter  20 | Loss: -1030.277 | lengthscale: 1.105 | outputscale: 1.227 | noise: 0.162
Iter  30 | Loss: -1116.557 | lengthscale: 1.136 | outputscale: 1.338 | noise: 0.148
Iter  40 | Loss: -1187.416 | lengthscale: 1.167 | outputscale: 1.445 | noise: 0.135
Iter  50 | Loss: -1241.417 | lengthscale: 1.195 | outputscale: 1.547 | noise: 0.125
Iter  60 | Loss: -1278.827 | lengthscale: 1.220 | outputscale: 1.642 | noise: 0.116
Iter  70 | Loss: -1301.642 | lengthscale: 1.240 | outputscale: 1.729 | noise: 0.109
Iter  80 | Loss: -1313.249 | lengthscale: 1.258 | outputscale: 1.809 | noise: 0.104
Iter  90 | Loss: -1317.934 | lengthscale: 1.273 | outputscale: 1.880 | noise: 0.101
Iter 100 | Loss: -1319.292 | lengthscale: 1.285 | outputscale: 1.943 | noise: 0.099
Iter 110 | Loss: -1319.604 | lengthscale: 1.295 | outputscale: 1.996 | noise: 0.098
Iter 120 | Loss: -1319.682 | lengthscale: 1.300 | outputscale: 2.035 | noise: 0.098
Iter 130 | Loss: -1319.553 | lengthscale: 1.305 | outputscale: 2.061 | noise: 0.098
Iter 140 | Loss: -1319.586 | lengthscale: 1.309 | outputscale: 2.078 | noise: 0.098
Iter 150 | Loss: -1319.690 | lengthscale: 1.311 | outputscale: 2.090 | noise: 0.098
Iter 160 | Loss: -1319.704 | lengthscale: 1.309 | outputscale: 2.096 | noise: 0.098
Iter 170 | Loss: -1319.651 | lengthscale: 1.311 | outputscale: 2.090 | noise: 0.098
Iter 180 | Loss: -1319.733 | lengthscale: 1.314 | outputscale: 2.087 | noise: 0.098
Iter 190 | Loss: -1319.866 | lengthscale: 1.315 | outputscale: 2.095 | noise: 0.098
Iter 200 | Loss: -1319.720 | lengthscale: 1.310 | outputscale: 2.096 | noise: 0.098
Iter 210 | Loss: -1319.656 | lengthscale: 1.313 | outputscale: 2.103 | noise: 0.098
Iter 220 | Loss: -1319.749 | lengthscale: 1.311 | outputscale: 2.089 | noise: 0.098
Iter 230 | Loss: -1319.681 | lengthscale: 1.310 | outputscale: 2.079 | noise: 0.098
Iter 240 | Loss: -1319.664 | lengthscale: 1.309 | outputscale: 2.071 | noise: 0.098
Iter 250 | Loss: -1319.614 | lengthscale: 1.307 | outputscale: 2.086 | noise: 0.098
Iter 260 | Loss: -1319.743 | lengthscale: 1.313 | outputscale: 2.095 | noise: 0.098
Iter 270 | Loss: -1319.787 | lengthscale: 1.311 | outputscale: 2.094 | noise: 0.098
Iter 280 | Loss: -1319.621 | lengthscale: 1.308 | outputscale: 2.085 | noise: 0.098
Iter 290 | Loss: -1319.544 | lengthscale: 1.303 | outputscale: 2.054 | noise: 0.098
Iter 300 | Loss: -1319.659 | lengthscale: 1.302 | outputscale: 2.053 | noise: 0.098
Iter 310 | Loss: -1319.560 | lengthscale: 1.309 | outputscale: 2.073 | noise: 0.098
Iter 320 | Loss: -1319.615 | lengthscale: 1.308 | outputscale: 2.069 | noise: 0.098
Iter 330 | Loss: -1319.674 | lengthscale: 1.306 | outputscale: 2.066 | noise: 0.098
Iter 340 | Loss: -1319.601 | lengthscale: 1.306 | outputscale: 2.063 | noise: 0.098
Iter 350 | Loss: -1319.676 | lengthscale: 1.308 | outputscale: 2.064 | noise: 0.098
Iter 360 | Loss: -1319.626 | lengthscale: 1.307 | outputscale: 2.065 | noise: 0.098
Iter 370 | Loss: -1319.699 | lengthscale: 1.301 | outputscale: 2.061 | noise: 0.098
Iter 380 | Loss: -1319.672 | lengthscale: 1.312 | outputscale: 2.077 | noise: 0.098
Iter 390 | Loss: -1319.700 | lengthscale: 1.311 | outputscale: 2.074 | noise: 0.098
Iter 400 | Loss: -1319.614 | lengthscale: 1.303 | outputscale: 2.064 | noise: 0.098
Iter 410 | Loss: -1319.606 | lengthscale: 1.303 | outputscale: 2.050 | noise: 0.098
Iter 420 | Loss: -1319.620 | lengthscale: 1.309 | outputscale: 2.060 | noise: 0.098
Iter 430 | Loss: -1319.652 | lengthscale: 1.309 | outputscale: 2.091 | noise: 0.098
Iter 440 | Loss: -1319.789 | lengthscale: 1.315 | outputscale: 2.108 | noise: 0.098
Iter 450 | Loss: -1319.750 | lengthscale: 1.315 | outputscale: 2.116 | noise: 0.098
Iter 460 | Loss: -1319.671 | lengthscale: 1.313 | outputscale: 2.108 | noise: 0.098
Iter 470 | Loss: -1319.720 | lengthscale: 1.315 | outputscale: 2.114 | noise: 0.098
Iter 480 | Loss: -1319.761 | lengthscale: 1.318 | outputscale: 2.118 | noise: 0.098
Iter 490 | Loss: -1319.709 | lengthscale: 1.310 | outputscale: 2.098 | noise: 0.098
Iter 500 | Loss: -1319.790 | lengthscale: 1.310 | outputscale: 2.085 | noise: 0.098
Iter 510 | Loss: -1319.583 | lengthscale: 1.307 | outputscale: 2.070 | noise: 0.098
Iter 520 | Loss: -1319.499 | lengthscale: 1.306 | outputscale: 2.055 | noise: 0.098
Iter 530 | Loss: -1319.622 | lengthscale: 1.309 | outputscale: 2.072 | noise: 0.098
Iter 540 | Loss: -1319.752 | lengthscale: 1.310 | outputscale: 2.089 | noise: 0.098
Iter 550 | Loss: -1319.799 | lengthscale: 1.311 | outputscale: 2.092 | noise: 0.098
Iter 560 | Loss: -1319.615 | lengthscale: 1.309 | outputscale: 2.076 | noise: 0.098
Iter 570 | Loss: -1319.539 | lengthscale: 1.306 | outputscale: 2.075 | noise: 0.098
Iter 580 | Loss: -1319.713 | lengthscale: 1.307 | outputscale: 2.072 | noise: 0.098
Iter 590 | Loss: -1319.672 | lengthscale: 1.312 | outputscale: 2.091 | noise: 0.098
Iter 600 | Loss: -1319.746 | lengthscale: 1.318 | outputscale: 2.150 | noise: 0.098
Iter 610 | Loss: -1319.680 | lengthscale: 1.324 | outputscale: 2.172 | noise: 0.098
Iter 620 | Loss: -1319.720 | lengthscale: 1.319 | outputscale: 2.139 | noise: 0.098
Iter 630 | Loss: -1319.637 | lengthscale: 1.314 | outputscale: 2.107 | noise: 0.098
Iter 640 | Loss: -1319.695 | lengthscale: 1.310 | outputscale: 2.084 | noise: 0.098
Iter 650 | Loss: -1319.831 | lengthscale: 1.312 | outputscale: 2.103 | noise: 0.098
Iter 660 | Loss: -1319.798 | lengthscale: 1.313 | outputscale: 2.103 | noise: 0.098
Iter 670 | Loss: -1319.705 | lengthscale: 1.310 | outputscale: 2.089 | noise: 0.098
Iter 680 | Loss: -1319.620 | lengthscale: 1.310 | outputscale: 2.086 | noise: 0.098
Iter 690 | Loss: -1319.679 | lengthscale: 1.314 | outputscale: 2.088 | noise: 0.098
Iter 700 | Loss: -1319.695 | lengthscale: 1.307 | outputscale: 2.090 | noise: 0.098
Iter 710 | Loss: -1319.564 | lengthscale: 1.309 | outputscale: 2.089 | noise: 0.098
Iter 720 | Loss: -1319.841 | lengthscale: 1.318 | outputscale: 2.119 | noise: 0.098
Iter 730 | Loss: -1319.790 | lengthscale: 1.319 | outputscale: 2.151 | noise: 0.098
Iter 740 | Loss: -1319.715 | lengthscale: 1.319 | outputscale: 2.153 | noise: 0.098
Iter 750 | Loss: -1319.672 | lengthscale: 1.324 | outputscale: 2.157 | noise: 0.098
Iter 760 | Loss: -1319.682 | lengthscale: 1.316 | outputscale: 2.132 | noise: 0.098
Iter 770 | Loss: -1319.762 | lengthscale: 1.311 | outputscale: 2.082 | noise: 0.098
Iter 780 | Loss: -1319.697 | lengthscale: 1.309 | outputscale: 2.075 | noise: 0.098
Iter 790 | Loss: -1319.603 | lengthscale: 1.309 | outputscale: 2.085 | noise: 0.098
Iter 800 | Loss: -1319.657 | lengthscale: 1.307 | outputscale: 2.076 | noise: 0.098
Iter 810 | Loss: -1319.676 | lengthscale: 1.314 | outputscale: 2.102 | noise: 0.098
Iter 820 | Loss: -1319.675 | lengthscale: 1.319 | outputscale: 2.147 | noise: 0.098
Iter 830 | Loss: -1319.565 | lengthscale: 1.322 | outputscale: 2.161 | noise: 0.098
Iter 840 | Loss: -1319.780 | lengthscale: 1.314 | outputscale: 2.120 | noise: 0.098
Iter 850 | Loss: -1319.692 | lengthscale: 1.311 | outputscale: 2.103 | noise: 0.098
Iter 860 | Loss: -1319.756 | lengthscale: 1.315 | outputscale: 2.102 | noise: 0.098
Iter 870 | Loss: -1319.722 | lengthscale: 1.319 | outputscale: 2.141 | noise: 0.098
Iter 880 | Loss: -1319.759 | lengthscale: 1.325 | outputscale: 2.176 | noise: 0.098
Iter 890 | Loss: -1319.719 | lengthscale: 1.317 | outputscale: 2.134 | noise: 0.098
Iter 900 | Loss: -1319.636 | lengthscale: 1.308 | outputscale: 2.085 | noise: 0.098
Iter 910 | Loss: -1319.670 | lengthscale: 1.309 | outputscale: 2.080 | noise: 0.098
Iter 920 | Loss: -1319.715 | lengthscale: 1.312 | outputscale: 2.080 | noise: 0.098
Iter 930 | Loss: -1319.760 | lengthscale: 1.311 | outputscale: 2.105 | noise: 0.098
Iter 940 | Loss: -1319.684 | lengthscale: 1.314 | outputscale: 2.105 | noise: 0.098
Iter 950 | Loss: -1319.820 | lengthscale: 1.310 | outputscale: 2.082 | noise: 0.098
Iter 960 | Loss: -1319.599 | lengthscale: 1.305 | outputscale: 2.058 | noise: 0.098
Iter 970 | Loss: -1319.505 | lengthscale: 1.306 | outputscale: 2.067 | noise: 0.098
Iter 980 | Loss: -1319.741 | lengthscale: 1.313 | outputscale: 2.097 | noise: 0.098
Iter 990 | Loss: -1319.720 | lengthscale: 1.316 | outputscale: 2.126 | noise: 0.098
Iter 1000 | Loss: -1319.646 | lengthscale: 1.320 | outputscale: 2.136 | noise: 0.098
Iter 1010 | Loss: -1319.700 | lengthscale: 1.315 | outputscale: 2.117 | noise: 0.098
Iter 1020 | Loss: -1319.656 | lengthscale: 1.308 | outputscale: 2.072 | noise: 0.098
Iter 1030 | Loss: -1319.665 | lengthscale: 1.309 | outputscale: 2.080 | noise: 0.098
Iter 1040 | Loss: -1319.741 | lengthscale: 1.308 | outputscale: 2.081 | noise: 0.098
Iter 1050 | Loss: -1319.748 | lengthscale: 1.311 | outputscale: 2.096 | noise: 0.098
Iter 1060 | Loss: -1319.757 | lengthscale: 1.310 | outputscale: 2.084 | noise: 0.098
Iter 1070 | Loss: -1319.571 | lengthscale: 1.307 | outputscale: 2.079 | noise: 0.098
Iter 1080 | Loss: -1319.692 | lengthscale: 1.312 | outputscale: 2.117 | noise: 0.098
Iter 1090 | Loss: -1319.718 | lengthscale: 1.318 | outputscale: 2.121 | noise: 0.098
Iter 1100 | Loss: -1319.696 | lengthscale: 1.309 | outputscale: 2.097 | noise: 0.098
Iter 1110 | Loss: -1319.752 | lengthscale: 1.312 | outputscale: 2.084 | noise: 0.098
Iter 1120 | Loss: -1319.633 | lengthscale: 1.306 | outputscale: 2.064 | noise: 0.098
Iter 1130 | Loss: -1319.561 | lengthscale: 1.310 | outputscale: 2.088 | noise: 0.098
Iter 1140 | Loss: -1319.704 | lengthscale: 1.317 | outputscale: 2.119 | noise: 0.098
Iter 1150 | Loss: -1319.586 | lengthscale: 1.316 | outputscale: 2.135 | noise: 0.098
Iter 1160 | Loss: -1319.622 | lengthscale: 1.320 | outputscale: 2.134 | noise: 0.098
Iter 1170 | Loss: -1319.558 | lengthscale: 1.307 | outputscale: 2.080 | noise: 0.098
Iter 1180 | Loss: -1319.588 | lengthscale: 1.301 | outputscale: 2.014 | noise: 0.098
Iter 1190 | Loss: -1319.551 | lengthscale: 1.301 | outputscale: 2.043 | noise: 0.098
Iter 1200 | Loss: -1319.652 | lengthscale: 1.310 | outputscale: 2.085 | noise: 0.098
Iter 1210 | Loss: -1319.833 | lengthscale: 1.316 | outputscale: 2.113 | noise: 0.098
Iter 1220 | Loss: -1319.773 | lengthscale: 1.316 | outputscale: 2.102 | noise: 0.098
Iter 1230 | Loss: -1319.699 | lengthscale: 1.309 | outputscale: 2.098 | noise: 0.098
Iter 1240 | Loss: -1319.637 | lengthscale: 1.314 | outputscale: 2.112 | noise: 0.098
Iter 1250 | Loss: -1319.672 | lengthscale: 1.312 | outputscale: 2.100 | noise: 0.098
Iter 1260 | Loss: -1319.724 | lengthscale: 1.311 | outputscale: 2.087 | noise: 0.098
Iter 1270 | Loss: -1319.675 | lengthscale: 1.308 | outputscale: 2.086 | noise: 0.098
Iter 1280 | Loss: -1319.780 | lengthscale: 1.314 | outputscale: 2.100 | noise: 0.098
Iter 1290 | Loss: -1319.722 | lengthscale: 1.308 | outputscale: 2.085 | noise: 0.098
Iter 1300 | Loss: -1319.608 | lengthscale: 1.308 | outputscale: 2.067 | noise: 0.098
Iter 1310 | Loss: -1319.482 | lengthscale: 1.308 | outputscale: 2.066 | noise: 0.098
Iter 1320 | Loss: -1319.581 | lengthscale: 1.306 | outputscale: 2.065 | noise: 0.098
Iter 1330 | Loss: -1319.693 | lengthscale: 1.314 | outputscale: 2.093 | noise: 0.098
Iter 1340 | Loss: -1319.760 | lengthscale: 1.324 | outputscale: 2.173 | noise: 0.098
Iter 1350 | Loss: -1319.655 | lengthscale: 1.328 | outputscale: 2.186 | noise: 0.098
Iter 1360 | Loss: -1319.630 | lengthscale: 1.318 | outputscale: 2.136 | noise: 0.098
Iter 1370 | Loss: -1319.789 | lengthscale: 1.310 | outputscale: 2.092 | noise: 0.098
Iter 1380 | Loss: -1319.547 | lengthscale: 1.302 | outputscale: 2.049 | noise: 0.098
Iter 1390 | Loss: -1319.514 | lengthscale: 1.307 | outputscale: 2.061 | noise: 0.098
Iter 1400 | Loss: -1319.663 | lengthscale: 1.306 | outputscale: 2.055 | noise: 0.098
Iter 1410 | Loss: -1319.626 | lengthscale: 1.301 | outputscale: 2.049 | noise: 0.098
Iter 1420 | Loss: -1319.554 | lengthscale: 1.306 | outputscale: 2.057 | noise: 0.098
Iter 1430 | Loss: -1319.748 | lengthscale: 1.313 | outputscale: 2.104 | noise: 0.098
Iter 1440 | Loss: -1319.725 | lengthscale: 1.320 | outputscale: 2.150 | noise: 0.098
Iter 1450 | Loss: -1319.703 | lengthscale: 1.318 | outputscale: 2.115 | noise: 0.098
Iter 1460 | Loss: -1319.706 | lengthscale: 1.312 | outputscale: 2.103 | noise: 0.098
Iter 1470 | Loss: -1319.680 | lengthscale: 1.315 | outputscale: 2.109 | noise: 0.098
Iter 1480 | Loss: -1319.798 | lengthscale: 1.312 | outputscale: 2.106 | noise: 0.098
Iter 1490 | Loss: -1319.835 | lengthscale: 1.318 | outputscale: 2.131 | noise: 0.098
Iter 1500 | Loss: -1319.796 | lengthscale: 1.314 | outputscale: 2.105 | noise: 0.098
Iter 1510 | Loss: -1319.664 | lengthscale: 1.308 | outputscale: 2.099 | noise: 0.098
Iter 1520 | Loss: -1319.774 | lengthscale: 1.310 | outputscale: 2.080 | noise: 0.098
Iter 1530 | Loss: -1319.698 | lengthscale: 1.309 | outputscale: 2.084 | noise: 0.098
Iter 1540 | Loss: -1319.740 | lengthscale: 1.311 | outputscale: 2.098 | noise: 0.098
Iter 1550 | Loss: -1319.778 | lengthscale: 1.318 | outputscale: 2.132 | noise: 0.098
Iter 1560 | Loss: -1319.703 | lengthscale: 1.317 | outputscale: 2.136 | noise: 0.098
Iter 1570 | Loss: -1319.681 | lengthscale: 1.310 | outputscale: 2.083 | noise: 0.098
Iter 1580 | Loss: -1319.718 | lengthscale: 1.310 | outputscale: 2.082 | noise: 0.098
Iter 1590 | Loss: -1319.881 | lengthscale: 1.315 | outputscale: 2.109 | noise: 0.098
Iter 1600 | Loss: -1319.665 | lengthscale: 1.314 | outputscale: 2.110 | noise: 0.098
Iter 1610 | Loss: -1319.657 | lengthscale: 1.307 | outputscale: 2.073 | noise: 0.098
Iter 1620 | Loss: -1319.624 | lengthscale: 1.309 | outputscale: 2.078 | noise: 0.098
Iter 1630 | Loss: -1319.766 | lengthscale: 1.316 | outputscale: 2.147 | noise: 0.098
Iter 1640 | Loss: -1319.738 | lengthscale: 1.317 | outputscale: 2.119 | noise: 0.098
Iter 1650 | Loss: -1319.807 | lengthscale: 1.312 | outputscale: 2.096 | noise: 0.098
Iter 1660 | Loss: -1319.775 | lengthscale: 1.310 | outputscale: 2.098 | noise: 0.098
Iter 1670 | Loss: -1319.636 | lengthscale: 1.311 | outputscale: 2.092 | noise: 0.098
Iter 1680 | Loss: -1319.686 | lengthscale: 1.308 | outputscale: 2.081 | noise: 0.098
Iter 1690 | Loss: -1319.834 | lengthscale: 1.315 | outputscale: 2.107 | noise: 0.098
Iter 1700 | Loss: -1319.613 | lengthscale: 1.318 | outputscale: 2.132 | noise: 0.098
Iter 1710 | Loss: -1319.752 | lengthscale: 1.313 | outputscale: 2.112 | noise: 0.098
Iter 1720 | Loss: -1319.738 | lengthscale: 1.316 | outputscale: 2.117 | noise: 0.098
Iter 1730 | Loss: -1319.753 | lengthscale: 1.310 | outputscale: 2.089 | noise: 0.098
Iter 1740 | Loss: -1319.623 | lengthscale: 1.305 | outputscale: 2.046 | noise: 0.098
Iter 1750 | Loss: -1319.601 | lengthscale: 1.304 | outputscale: 2.049 | noise: 0.098
Iter 1760 | Loss: -1319.532 | lengthscale: 1.305 | outputscale: 2.068 | noise: 0.098
Iter 1770 | Loss: -1319.746 | lengthscale: 1.318 | outputscale: 2.119 | noise: 0.098
Iter 1780 | Loss: -1319.694 | lengthscale: 1.312 | outputscale: 2.127 | noise: 0.098
Iter 1790 | Loss: -1319.654 | lengthscale: 1.315 | outputscale: 2.103 | noise: 0.098
Iter 1800 | Loss: -1319.833 | lengthscale: 1.311 | outputscale: 2.097 | noise: 0.098
Iter 1810 | Loss: -1319.781 | lengthscale: 1.317 | outputscale: 2.124 | noise: 0.098
Iter 1820 | Loss: -1319.864 | lengthscale: 1.314 | outputscale: 2.103 | noise: 0.098
Iter 1830 | Loss: -1319.683 | lengthscale: 1.308 | outputscale: 2.077 | noise: 0.098
Iter 1840 | Loss: -1319.720 | lengthscale: 1.308 | outputscale: 2.080 | noise: 0.098
Iter 1850 | Loss: -1319.857 | lengthscale: 1.315 | outputscale: 2.115 | noise: 0.098
Iter 1860 | Loss: -1319.752 | lengthscale: 1.312 | outputscale: 2.114 | noise: 0.098
Iter 1870 | Loss: -1319.728 | lengthscale: 1.319 | outputscale: 2.130 | noise: 0.098
Iter 1880 | Loss: -1319.710 | lengthscale: 1.315 | outputscale: 2.143 | noise: 0.098
Iter 1890 | Loss: -1319.724 | lengthscale: 1.313 | outputscale: 2.099 | noise: 0.098
Iter 1900 | Loss: -1319.654 | lengthscale: 1.306 | outputscale: 2.067 | noise: 0.098
Iter 1910 | Loss: -1319.553 | lengthscale: 1.305 | outputscale: 2.055 | noise: 0.098
Iter 1920 | Loss: -1319.737 | lengthscale: 1.303 | outputscale: 2.030 | noise: 0.098
Iter 1930 | Loss: -1319.688 | lengthscale: 1.311 | outputscale: 2.092 | noise: 0.098
Iter 1940 | Loss: -1319.711 | lengthscale: 1.321 | outputscale: 2.168 | noise: 0.098
Iter 1950 | Loss: -1319.728 | lengthscale: 1.325 | outputscale: 2.168 | noise: 0.098
Iter 1960 | Loss: -1319.720 | lengthscale: 1.319 | outputscale: 2.125 | noise: 0.098
Iter 1970 | Loss: -1319.554 | lengthscale: 1.301 | outputscale: 2.054 | noise: 0.098
Iter 1980 | Loss: -1319.591 | lengthscale: 1.303 | outputscale: 2.029 | noise: 0.098
Iter 1990 | Loss: -1319.614 | lengthscale: 1.303 | outputscale: 2.052 | noise: 0.098
Iter 2000 | Loss: -1319.587 | lengthscale: 1.309 | outputscale: 2.083 | noise: 0.098
Iter 2010 | Loss: -1319.839 | lengthscale: 1.312 | outputscale: 2.104 | noise: 0.098
Iter 2020 | Loss: -1319.646 | lengthscale: 1.316 | outputscale: 2.123 | noise: 0.098
Iter 2030 | Loss: -1319.724 | lengthscale: 1.311 | outputscale: 2.062 | noise: 0.098
Iter 2040 | Loss: -1319.534 | lengthscale: 1.301 | outputscale: 2.041 | noise: 0.098
Iter 2050 | Loss: -1319.542 | lengthscale: 1.307 | outputscale: 2.056 | noise: 0.098
Iter 2060 | Loss: -1319.646 | lengthscale: 1.308 | outputscale: 2.082 | noise: 0.098
Iter 2070 | Loss: -1319.717 | lengthscale: 1.314 | outputscale: 2.113 | noise: 0.098
Iter 2080 | Loss: -1319.620 | lengthscale: 1.316 | outputscale: 2.129 | noise: 0.098
Iter 2090 | Loss: -1319.682 | lengthscale: 1.312 | outputscale: 2.109 | noise: 0.098
Iter 2100 | Loss: -1319.674 | lengthscale: 1.317 | outputscale: 2.116 | noise: 0.098
Iter 2110 | Loss: -1319.685 | lengthscale: 1.309 | outputscale: 2.077 | noise: 0.098
Iter 2120 | Loss: -1319.644 | lengthscale: 1.308 | outputscale: 2.065 | noise: 0.098
Iter 2130 | Loss: -1319.609 | lengthscale: 1.304 | outputscale: 2.047 | noise: 0.098
Iter 2140 | Loss: -1319.631 | lengthscale: 1.300 | outputscale: 2.026 | noise: 0.098
Iter 2150 | Loss: -1319.657 | lengthscale: 1.300 | outputscale: 2.041 | noise: 0.098
Iter 2160 | Loss: -1319.797 | lengthscale: 1.316 | outputscale: 2.107 | noise: 0.098
Iter 2170 | Loss: -1319.684 | lengthscale: 1.312 | outputscale: 2.105 | noise: 0.098
Iter 2180 | Loss: -1319.553 | lengthscale: 1.306 | outputscale: 2.061 | noise: 0.098
Iter 2190 | Loss: -1319.571 | lengthscale: 1.304 | outputscale: 2.048 | noise: 0.098
Iter 2200 | Loss: -1319.484 | lengthscale: 1.306 | outputscale: 2.065 | noise: 0.098
Iter 2210 | Loss: -1319.599 | lengthscale: 1.307 | outputscale: 2.068 | noise: 0.098
Iter 2220 | Loss: -1319.526 | lengthscale: 1.307 | outputscale: 2.073 | noise: 0.098
Iter 2230 | Loss: -1319.748 | lengthscale: 1.319 | outputscale: 2.126 | noise: 0.098
Iter 2240 | Loss: -1319.668 | lengthscale: 1.317 | outputscale: 2.144 | noise: 0.098
Iter 2250 | Loss: -1319.701 | lengthscale: 1.312 | outputscale: 2.080 | noise: 0.098
Iter 2260 | Loss: -1319.669 | lengthscale: 1.295 | outputscale: 2.013 | noise: 0.098
Iter 2270 | Loss: -1319.721 | lengthscale: 1.299 | outputscale: 2.028 | noise: 0.098
Iter 2280 | Loss: -1319.596 | lengthscale: 1.305 | outputscale: 2.045 | noise: 0.098
Iter 2290 | Loss: -1319.598 | lengthscale: 1.309 | outputscale: 2.080 | noise: 0.098
Iter 2300 | Loss: -1319.815 | lengthscale: 1.316 | outputscale: 2.117 | noise: 0.098
Iter 2310 | Loss: -1319.643 | lengthscale: 1.319 | outputscale: 2.151 | noise: 0.098
Iter 2320 | Loss: -1319.678 | lengthscale: 1.322 | outputscale: 2.148 | noise: 0.098
Iter 2330 | Loss: -1319.720 | lengthscale: 1.312 | outputscale: 2.102 | noise: 0.098
Iter 2340 | Loss: -1319.771 | lengthscale: 1.313 | outputscale: 2.088 | noise: 0.098
Iter 2350 | Loss: -1319.607 | lengthscale: 1.305 | outputscale: 2.067 | noise: 0.098
Iter 2360 | Loss: -1319.631 | lengthscale: 1.307 | outputscale: 2.071 | noise: 0.098
Iter 2370 | Loss: -1319.645 | lengthscale: 1.312 | outputscale: 2.078 | noise: 0.098
Iter 2380 | Loss: -1319.516 | lengthscale: 1.305 | outputscale: 2.057 | noise: 0.098
Iter 2390 | Loss: -1319.696 | lengthscale: 1.311 | outputscale: 2.095 | noise: 0.098
Iter 2400 | Loss: -1319.756 | lengthscale: 1.319 | outputscale: 2.122 | noise: 0.098
Iter 2410 | Loss: -1319.708 | lengthscale: 1.321 | outputscale: 2.150 | noise: 0.098
Iter 2420 | Loss: -1319.742 | lengthscale: 1.317 | outputscale: 2.148 | noise: 0.098
Iter 2430 | Loss: -1319.723 | lengthscale: 1.325 | outputscale: 2.159 | noise: 0.098
Iter 2440 | Loss: -1319.666 | lengthscale: 1.320 | outputscale: 2.158 | noise: 0.098
Iter 2450 | Loss: -1319.760 | lengthscale: 1.319 | outputscale: 2.135 | noise: 0.098
Iter 2460 | Loss: -1319.785 | lengthscale: 1.310 | outputscale: 2.088 | noise: 0.098
Iter 2470 | Loss: -1319.565 | lengthscale: 1.299 | outputscale: 2.040 | noise: 0.098
Iter 2480 | Loss: -1319.592 | lengthscale: 1.308 | outputscale: 2.052 | noise: 0.098
Iter 2490 | Loss: -1319.723 | lengthscale: 1.308 | outputscale: 2.068 | noise: 0.098
Iter 2499 | Loss: -1319.654 | lengthscale: 1.306 | outputscale: 2.072 | noise: 0.098
Learned Hyperparams:  {'lengthscale': 1.3059189319610596, 'outputscale': 2.072343111038208, 'noise': 0.09797923266887665, 'marginal_likelihood_loss_history': [-821.4049072265625, -832.7423095703125, -844.0015869140625, -855.1771240234375, -866.2694091796875, -877.2750244140625, -888.1915283203125, -899.0198974609375, -909.7586669921875, -920.4034423828125, -930.9464111328125, -941.3814697265625, -951.7152099609375, -961.9459228515625, -972.0640869140625, -982.0675048828125, -991.9517822265625, -1001.7139892578125, -1011.3614501953125, -1020.8822021484375, -1030.2767333984375, -1039.5306396484375, -1048.6597900390625, -1057.6519775390625, -1066.4974365234375, -1075.2122802734375, -1083.7791748046875, -1092.2015380859375, -1100.4730224609375, -1108.5875244140625, -1116.5570068359375, -1124.3699951171875, -1132.0291748046875, -1139.5186767578125, -1146.8582763671875, -1154.0306396484375, -1161.0321044921875, -1167.8895263671875, -1174.5555419921875, -1181.0601806640625, -1187.4161376953125, -1193.5789794921875, -1199.5804443359375, -1205.4041748046875, -1211.0665283203125, -1216.5345458984375, -1221.8648681640625, -1227.0030517578125, -1231.9930419921875, -1236.7884521484375, -1241.4173583984375, -1245.9202880859375, -1250.2186279296875, -1254.3599853515625, -1258.3111572265625, -1262.1378173828125, -1265.7864990234375, -1269.2852783203125, -1272.6104736328125, -1275.8116455078125, -1278.8272705078125, -1281.7237548828125, -1284.4359130859375, -1287.0794677734375, -1289.5457763671875, -1291.8472900390625, -1294.0528564453125, -1296.1453857421875, -1298.1046142578125, -1299.8826904296875, -1301.6417236328125, -1303.1810302734375, -1304.6451416015625, -1306.0399169921875, -1307.2669677734375, -1308.4674072265625, -1309.6322021484375, -1310.6649169921875, -1311.5406494140625, -1312.4820556640625, -1313.2489013671875, -1313.9295654296875, -1314.5677490234375, -1315.2110595703125, -1315.7193603515625, -1316.2540283203125, -1316.6468505859375, -1317.0611572265625, -1317.4329833984375, -1317.7474365234375, -1317.9344482421875, -1318.2352294921875, -1318.4588623046875, -1318.6004638671875, -1318.7015380859375, -1318.8768310546875, -1318.9530029296875, -1319.0692138671875, -1319.2320556640625, -1319.2611083984375, -1319.2918701171875, -1319.4661865234375, -1319.5130615234375, -1319.5277099609375, -1319.5335693359375, -1319.5252685546875, -1319.6380615234375, -1319.6287841796875, -1319.6529541015625, -1319.5780029296875, -1319.6038818359375, -1319.6092529296875, -1319.7415771484375, -1319.6971435546875, -1319.6966552734375, -1319.6981201171875, -1319.6807861328125, -1319.6427001953125, -1319.5408935546875, -1319.5672607421875, -1319.6824951171875, -1319.6668701171875, -1319.6929931640625, -1319.6737060546875, -1319.6380615234375, -1319.6009521484375, -1319.5155029296875, -1319.5614013671875, -1319.5179443359375, -1319.6859130859375, -1319.5533447265625, -1319.5301513671875, -1319.5526123046875, -1319.5267333984375, -1319.5816650390625, -1319.5216064453125, -1319.4530029296875, -1319.5535888671875, -1319.5765380859375, -1319.6566162109375, -1319.5860595703125, -1319.7022705078125, -1319.7376708984375, -1319.7127685546875, -1319.5677490234375, -1319.6114501953125, -1319.7340087890625, -1319.7239990234375, -1319.7442626953125, -1319.7384033203125, -1319.6903076171875, -1319.6942138671875, -1319.6260986328125, -1319.7130126953125, -1319.6802978515625, -1319.7628173828125, -1319.7637939453125, -1319.7298583984375, -1319.8277587890625, -1319.6854248046875, -1319.7037353515625, -1319.6512451171875, -1319.6541748046875, -1319.7132568359375, -1319.7733154296875, -1319.6893310546875, -1319.7113037109375, -1319.7137451171875, -1319.6307373046875, -1319.6751708984375, -1319.6507568359375, -1319.6837158203125, -1319.7884521484375, -1319.7196044921875, -1319.8319091796875, -1319.7142333984375, -1319.6258544921875, -1319.4261474609375, -1319.5975341796875, -1319.6495361328125, -1319.7332763671875, -1319.8294677734375, -1319.7110595703125, -1319.7152099609375, -1319.6712646484375, -1319.7171630859375, -1319.6282958984375, -1319.6121826171875, -1319.6727294921875, -1319.7313232421875, -1319.8656005859375, -1319.7249755859375, -1319.7918701171875, -1319.6739501953125, -1319.6888427734375, -1319.6434326171875, -1319.7181396484375, -1319.7186279296875, -1319.7906494140625, -1319.8221435546875, -1319.7198486328125, -1319.6859130859375, -1319.7205810546875, -1319.7835693359375, -1319.7093505859375, -1319.7376708984375, -1319.7261962890625, -1319.6363525390625, -1319.7386474609375, -1319.6102294921875, -1319.6561279296875, -1319.8077392578125, -1319.7552490234375, -1319.8297119140625, -1319.7957763671875, -1319.7398681640625, -1319.6468505859375, -1319.6534423828125, -1319.6112060546875, -1319.7906494140625, -1319.7493896484375, -1319.6468505859375, -1319.6407470703125, -1319.6575927734375, -1319.6593017578125, -1319.6029052734375, -1319.6427001953125, -1319.6229248046875, -1319.6329345703125, -1319.5963134765625, -1319.6812744140625, -1319.6644287109375, -1319.6356201171875, -1319.6124267578125, -1319.6419677734375, -1319.7078857421875, -1319.5999755859375, -1319.6019287109375, -1319.6697998046875, -1319.7176513671875, -1319.6639404296875, -1319.6214599609375, -1319.6358642578125, -1319.6385498046875, -1319.6141357421875, -1319.6444091796875, -1319.7398681640625, -1319.5477294921875, -1319.6190185546875, -1319.6243896484375, -1319.6141357421875, -1319.5672607421875, -1319.6351318359375, -1319.7303466796875, -1319.7738037109375, -1319.6597900390625, -1319.6746826171875, -1319.7149658203125, -1319.6458740234375, -1319.6617431640625, -1319.7425537109375, -1319.8309326171875, -1319.8253173828125, -1319.6925048828125, -1319.6478271484375, -1319.6356201171875, -1319.6956787109375, -1319.7152099609375, -1319.8431396484375, -1319.7784423828125, -1319.7874755859375, -1319.6507568359375, -1319.6395263671875, -1319.6439208984375, -1319.6248779296875, -1319.6663818359375, -1319.8602294921875, -1319.7945556640625, -1319.6744384765625, -1319.6517333984375, -1319.6209716796875, -1319.6243896484375, -1319.6400146484375, -1319.5584716796875, -1319.7843017578125, -1319.6031494140625, -1319.6492919921875, -1319.6634521484375, -1319.5306396484375, -1319.6322021484375, -1319.5443115234375, -1319.4937744140625, -1319.6768798828125, -1319.5360107421875, -1319.5872802734375, -1319.6331787109375, -1319.6131591796875, -1319.5635986328125, -1319.5775146484375, -1319.7005615234375, -1319.6585693359375, -1319.6107177734375, -1319.5574951171875, -1319.6400146484375, -1319.6463623046875, -1319.5987548828125, -1319.5736083984375, -1319.5291748046875, -1319.5570068359375, -1319.5531005859375, -1319.5596923828125, -1319.6768798828125, -1319.7161865234375, -1319.6361083984375, -1319.6256103515625, -1319.5523681640625, -1319.6072998046875, -1319.6873779296875, -1319.5682373046875, -1319.6583251953125, -1319.6146240234375, -1319.6317138671875, -1319.6141357421875, -1319.6180419921875, -1319.5745849609375, -1319.5955810546875, -1319.5384521484375, -1319.5562744140625, -1319.5972900390625, -1319.5701904296875, -1319.6741943359375, -1319.5340576171875, -1319.6729736328125, -1319.5677490234375, -1319.5914306640625, -1319.5989990234375, -1319.6776123046875, -1319.6568603515625, -1319.5943603515625, -1319.6239013671875, -1319.6014404296875, -1319.5655517578125, -1319.5941162109375, -1319.6434326171875, -1319.6680908203125, -1319.6531982421875, -1319.6424560546875, -1319.5108642578125, -1319.5325927734375, -1319.5286865234375, -1319.6756591796875, -1319.5404052734375, -1319.6033935546875, -1319.5484619140625, -1319.6405029296875, -1319.6016845703125, -1319.4935302734375, -1319.4923095703125, -1319.6112060546875, -1319.7034912109375, -1319.6263427734375, -1319.6756591796875, -1319.5960693359375, -1319.5985107421875, -1319.6258544921875, -1319.6590576171875, -1319.7220458984375, -1319.7071533203125, -1319.5491943359375, -1319.4732666015625, -1319.6993408203125, -1319.7159423828125, -1319.5198974609375, -1319.6146240234375, -1319.8221435546875, -1319.7591552734375, -1319.6510009765625, -1319.4879150390625, -1319.6004638671875, -1319.5164794921875, -1319.6724853515625, -1319.6302490234375, -1319.7896728515625, -1319.5794677734375, -1319.6541748046875, -1319.5079345703125, -1319.6146240234375, -1319.5281982421875, -1319.5794677734375, -1319.7698974609375, -1319.6998291015625, -1319.7103271484375, -1319.6395263671875, -1319.5125732421875, -1319.6649169921875, -1319.5960693359375, -1319.5960693359375, -1319.6566162109375, -1319.7454833984375, -1319.6898193359375, -1319.6136474609375, -1319.5618896484375, -1319.6190185546875, -1319.5963134765625, -1319.5616455078125, -1319.6741943359375, -1319.7415771484375, -1319.5677490234375, -1319.5618896484375, -1319.6151123046875, -1319.6063232421875, -1319.6278076171875, -1319.5777587890625, -1319.6195068359375, -1319.6229248046875, -1319.6204833984375, -1319.5609130859375, -1319.6490478515625, -1319.5750732421875, -1319.6419677734375, -1319.6204833984375, -1319.6878662109375, -1319.6676025390625, -1319.6253662109375, -1319.7010498046875, -1319.7918701171875, -1319.5828857421875, -1319.6695556640625, -1319.7447509765625, -1319.7362060546875, -1319.6522216796875, -1319.6304931640625, -1319.6468505859375, -1319.6932373046875, -1319.6571044921875, -1319.6480712890625, -1319.6629638671875, -1319.7655029296875, -1319.7852783203125, -1319.6966552734375, -1319.7894287109375, -1319.7608642578125, -1319.6927490234375, -1319.7711181640625, -1319.6634521484375, -1319.7833251953125, -1319.7586669921875, -1319.7161865234375, -1319.7147216796875, -1319.7393798828125, -1319.7496337890625, -1319.6041259765625, -1319.6634521484375, -1319.8092041015625, -1319.6888427734375, -1319.6937255859375, -1319.7696533203125, -1319.7176513671875, -1319.7406005859375, -1319.7935791015625, -1319.6707763671875, -1319.6864013671875, -1319.7469482421875, -1319.8485107421875, -1319.8114013671875, -1319.8074951171875, -1319.6832275390625, -1319.7747802734375, -1319.7816162109375, -1319.6712646484375, -1319.7196044921875, -1319.7181396484375, -1319.7279052734375, -1319.8189697265625, -1319.7354736328125, -1319.6815185546875, -1319.7647705078125, -1319.8275146484375, -1319.7872314453125, -1319.8372802734375, -1319.7606201171875, -1319.7198486328125, -1319.7408447265625, -1319.7767333984375, -1319.6668701171875, -1319.7647705078125, -1319.7132568359375, -1319.7777099609375, -1319.7872314453125, -1319.7056884765625, -1319.7086181640625, -1319.6336669921875, -1319.6656494140625, -1319.5477294921875, -1319.7659912109375, -1319.7054443359375, -1319.6575927734375, -1319.7071533203125, -1319.6829833984375, -1319.7098388671875, -1319.7904052734375, -1319.6737060546875, -1319.6790771484375, -1319.6693115234375, -1319.7432861328125, -1319.6453857421875, -1319.6490478515625, -1319.6517333984375, -1319.6810302734375, -1319.5050048828125, -1319.5833740234375, -1319.5528564453125, -1319.6649169921875, -1319.6920166015625, -1319.6473388671875, -1319.5404052734375, -1319.6097412109375, -1319.4952392578125, -1319.5018310546875, -1319.5179443359375, -1319.4989013671875, -1319.6004638671875, -1319.5535888671875, -1319.6409912109375, -1319.5037841796875, -1319.6414794921875, -1319.5628662109375, -1319.5760498046875, -1319.5145263671875, -1319.5872802734375, -1319.6219482421875, -1319.6868896484375, -1319.5994873046875, -1319.6617431640625, -1319.6778564453125, -1319.7098388671875, -1319.7066650390625, -1319.7510986328125, -1319.7581787109375, -1319.8519287109375, -1319.7518310546875, -1319.5435791015625, -1319.6153564453125, -1319.6805419921875, -1319.6048583984375, -1319.7606201171875, -1319.7767333984375, -1319.6873779296875, -1319.6575927734375, -1319.7425537109375, -1319.7987060546875, -1319.6822509765625, -1319.7230224609375, -1319.6888427734375, -1319.6722412109375, -1319.7237548828125, -1319.6312255859375, -1319.5731201171875, -1319.6319580078125, -1319.6756591796875, -1319.6148681640625, -1319.6778564453125, -1319.6490478515625, -1319.6478271484375, -1319.6578369140625, -1319.6492919921875, -1319.6473388671875, -1319.7406005859375, -1319.6627197265625, -1319.6307373046875, -1319.5391845703125, -1319.6737060546875, -1319.6729736328125, -1319.6551513671875, -1319.6214599609375, -1319.6839599609375, -1319.6405029296875, -1319.7042236328125, -1319.5906982421875, -1319.6258544921875, -1319.7132568359375, -1319.7017822265625, -1319.5972900390625, -1319.6187744140625, -1319.6514892578125, -1319.6663818359375, -1319.6873779296875, -1319.6832275390625, -1319.7205810546875, -1319.5980224609375, -1319.6715087890625, -1319.7813720703125, -1319.7615966796875, -1319.7803955078125, -1319.6558837890625, -1319.6568603515625, -1319.7132568359375, -1319.6766357421875, -1319.7283935546875, -1319.7110595703125, -1319.7464599609375, -1319.8485107421875, -1319.8197021484375, -1319.7381591796875, -1319.6473388671875, -1319.6578369140625, -1319.6483154296875, -1319.7152099609375, -1319.6348876953125, -1319.7620849609375, -1319.6800537109375, -1319.6810302734375, -1319.7059326171875, -1319.6297607421875, -1319.7279052734375, -1319.7398681640625, -1319.7674560546875, -1319.7293701171875, -1319.5999755859375, -1319.7471923828125, -1319.7196044921875, -1319.6239013671875, -1319.7427978515625, -1319.7142333984375, -1319.7266845703125, -1319.7584228515625, -1319.7137451171875, -1319.7161865234375, -1319.7279052734375, -1319.6722412109375, -1319.6373291015625, -1319.7684326171875, -1319.8489990234375, -1319.7762451171875, -1319.6741943359375, -1319.6409912109375, -1319.6148681640625, -1319.6500244140625, -1319.6971435546875, -1319.6712646484375, -1319.6947021484375, -1319.6322021484375, -1319.6614990234375, -1319.6907958984375, -1319.6837158203125, -1319.8280029296875, -1319.8494873046875, -1319.6871337890625, -1319.7916259765625, -1319.7904052734375, -1319.8309326171875, -1319.7415771484375, -1319.6995849609375, -1319.7664794921875, -1319.7208251953125, -1319.7801513671875, -1319.8179931640625, -1319.5946044921875, -1319.6585693359375, -1319.7708740234375, -1319.7977294921875, -1319.7615966796875, -1319.7711181640625, -1319.6915283203125, -1319.6593017578125, -1319.7132568359375, -1319.6944580078125, -1319.6981201171875, -1319.7498779296875, -1319.7108154296875, -1319.7049560546875, -1319.7591552734375, -1319.6663818359375, -1319.4105224609375, -1319.6531982421875, -1319.6380615234375, -1319.7818603515625, -1319.8050537109375, -1319.6646728515625, -1319.5946044921875, -1319.6195068359375, -1319.7425537109375, -1319.7872314453125, -1319.6622314453125, -1319.7335205078125, -1319.7030029296875, -1319.6925048828125, -1319.6424560546875, -1319.5450439453125, -1319.7191162109375, -1319.6793212890625, -1319.8380126953125, -1319.6595458984375, -1319.7789306640625, -1319.6756591796875, -1319.6429443359375, -1319.6373291015625, -1319.7047119140625, -1319.7957763671875, -1319.7445068359375, -1319.6947021484375, -1319.5208740234375, -1319.5953369140625, -1319.6273193359375, -1319.7523193359375, -1319.7779541015625, -1319.6668701171875, -1319.6666259765625, -1319.6695556640625, -1319.6292724609375, -1319.5635986328125, -1319.6309814453125, -1319.7357177734375, -1319.8138427734375, -1319.7720947265625, -1319.8289794921875, -1319.7728271484375, -1319.7205810546875, -1319.6461181640625, -1319.7098388671875, -1319.8406982421875, -1319.8126220703125, -1319.6751708984375, -1319.8416748046875, -1319.7222900390625, -1319.6990966796875, -1319.6912841796875, -1319.6741943359375, -1319.7786865234375, -1319.6468505859375, -1319.7904052734375, -1319.7728271484375, -1319.7884521484375, -1319.7183837890625, -1319.8023681640625, -1319.6007080078125, -1319.7318115234375, -1319.7110595703125, -1319.6141357421875, -1319.7620849609375, -1319.7152099609375, -1319.6807861328125, -1319.6849365234375, -1319.6282958984375, -1319.6004638671875, -1319.6463623046875, -1319.6793212890625, -1319.8231201171875, -1319.6832275390625, -1319.7464599609375, -1319.6715087890625, -1319.5980224609375, -1319.6925048828125, -1319.6976318359375, -1319.7547607421875, -1319.6932373046875, -1319.7200927734375, -1319.5931396484375, -1319.7083740234375, -1319.6981201171875, -1319.6815185546875, -1319.7315673828125, -1319.8109130859375, -1319.7034912109375, -1319.7779541015625, -1319.7117919921875, -1319.8363037109375, -1319.6629638671875, -1319.7032470703125, -1319.6961669921875, -1319.7620849609375, -1319.7374267578125, -1319.6925048828125, -1319.6844482421875, -1319.6456298828125, -1319.5980224609375, -1319.5277099609375, -1319.6951904296875, -1319.6644287109375, -1319.6693115234375, -1319.6971435546875, -1319.5936279296875, -1319.6700439453125, -1319.6060791015625, -1319.6893310546875, -1319.6385498046875, -1319.6766357421875, -1319.7052001953125, -1319.7479248046875, -1319.6444091796875, -1319.6033935546875, -1319.6461181640625, -1319.7337646484375, -1319.7957763671875, -1319.6578369140625, -1319.5897216796875, -1319.6004638671875, -1319.6209716796875, -1319.7203369140625, -1319.7430419921875, -1319.6573486328125, -1319.7156982421875, -1319.6495361328125, -1319.6295166015625, -1319.7103271484375, -1319.7696533203125, -1319.7449951171875, -1319.6771240234375, -1319.6658935546875, -1319.7384033203125, -1319.6761474609375, -1319.7669677734375, -1319.8753662109375, -1319.7513427734375, -1319.7005615234375, -1319.6629638671875, -1319.7283935546875, -1319.8055419921875, -1319.6182861328125, -1319.6849365234375, -1319.6746826171875, -1319.7144775390625, -1319.7425537109375, -1319.5909423828125, -1319.7264404296875, -1319.6573486328125, -1319.6981201171875, -1319.6903076171875, -1319.7435302734375, -1319.6949462890625, -1319.5653076171875, -1319.6287841796875, -1319.6888427734375, -1319.7523193359375, -1319.7840576171875, -1319.7401123046875, -1319.7960205078125, -1319.7156982421875, -1319.6905517578125, -1319.6087646484375, -1319.7803955078125, -1319.6873779296875, -1319.6602783203125, -1319.6441650390625, -1319.7169189453125, -1319.8363037109375, -1319.7840576171875, -1319.7650146484375, -1319.6878662109375, -1319.5228271484375, -1319.6922607421875, -1319.7274169921875, -1319.7547607421875, -1319.8829345703125, -1319.7545166015625, -1319.7113037109375, -1319.6737060546875, -1319.6180419921875, -1319.7054443359375, -1319.6754150390625, -1319.7557373046875, -1319.7781982421875, -1319.8260498046875, -1319.7750244140625, -1319.6751708984375, -1319.7816162109375, -1319.7454833984375, -1319.7391357421875, -1319.6846923828125, -1319.7701416015625, -1319.7222900390625, -1319.6707763671875, -1319.6593017578125, -1319.7122802734375, -1319.6531982421875, -1319.6561279296875, -1319.6942138671875, -1319.7044677734375, -1319.7896728515625, -1319.6707763671875, -1319.7593994140625, -1319.5853271484375, -1319.7291259765625, -1319.6444091796875, -1319.7027587890625, -1319.8763427734375, -1319.6165771484375, -1319.6851806640625, -1319.6798095703125, -1319.7415771484375, -1319.7186279296875, -1319.7059326171875, -1319.7855224609375, -1319.7603759765625, -1319.6744384765625, -1319.8248291015625, -1319.8592529296875, -1319.8006591796875, -1319.6846923828125, -1319.6336669921875, -1319.6358642578125, -1319.5814208984375, -1319.7056884765625, -1319.6448974609375, -1319.7139892578125, -1319.7503662109375, -1319.6981201171875, -1319.7086181640625, -1319.7135009765625, -1319.6239013671875, -1319.6695556640625, -1319.6048583984375, -1319.6741943359375, -1319.5892333984375, -1319.5765380859375, -1319.6785888671875, -1319.6453857421875, -1319.6966552734375, -1319.6820068359375, -1319.6522216796875, -1319.7149658203125, -1319.6868896484375, -1319.7403564453125, -1319.7078857421875, -1319.6534423828125, -1319.7171630859375, -1319.6683349609375, -1319.7728271484375, -1319.8018798828125, -1319.7174072265625, -1319.7596435546875, -1319.7117919921875, -1319.5594482421875, -1319.6663818359375, -1319.7327880859375, -1319.7708740234375, -1319.7891845703125, -1319.7008056640625, -1319.5980224609375, -1319.6717529296875, -1319.6837158203125, -1319.7720947265625, -1319.7840576171875, -1319.8021240234375, -1319.7464599609375, -1319.6458740234375, -1319.6461181640625, -1319.7330322265625, -1319.7620849609375, -1319.7777099609375, -1319.8201904296875, -1319.6263427734375, -1319.6434326171875, -1319.6065673828125, -1319.6561279296875, -1319.6009521484375, -1319.6575927734375, -1319.6451416015625, -1319.5797119140625, -1319.5618896484375, -1319.5985107421875, -1319.5594482421875, -1319.4774169921875, -1319.4962158203125, -1319.6580810546875, -1319.6688232421875, -1319.6488037109375, -1319.6448974609375, -1319.5694580078125, -1319.4530029296875, -1319.5047607421875, -1319.6534423828125, -1319.6141357421875, -1319.6815185546875, -1319.6617431640625, -1319.6890869140625, -1319.6834716796875, -1319.6907958984375, -1319.6622314453125, -1319.7947998046875, -1319.7406005859375, -1319.7442626953125, -1319.6551513671875, -1319.7071533203125, -1319.6925048828125, -1319.7318115234375, -1319.6976318359375, -1319.6524658203125, -1319.7667236328125, -1319.6961669921875, -1319.7198486328125, -1319.7227783203125, -1319.6781005859375, -1319.6011962890625, -1319.7054443359375, -1319.6824951171875, -1319.6732177734375, -1319.7838134765625, -1319.6986083984375, -1319.6864013671875, -1319.6458740234375, -1319.7608642578125, -1319.7645263671875, -1319.7982177734375, -1319.7684326171875, -1319.7410888671875, -1319.8128662109375, -1319.7445068359375, -1319.7476806640625, -1319.7049560546875, -1319.7003173828125, -1319.6817626953125, -1319.6302490234375, -1319.6568603515625, -1319.7152099609375, -1319.6578369140625, -1319.6678466796875, -1319.6966552734375, -1319.6707763671875, -1319.6766357421875, -1319.6556396484375, -1319.6099853515625, -1319.6009521484375, -1319.6341552734375, -1319.6400146484375, -1319.5474853515625, -1319.5877685546875, -1319.6680908203125, -1319.6798095703125, -1319.6705322265625, -1319.6654052734375, -1319.6429443359375, -1319.7264404296875, -1319.5877685546875, -1319.6297607421875, -1319.7069091796875, -1319.6654052734375, -1319.7493896484375, -1319.6029052734375, -1319.7054443359375, -1319.7406005859375, -1319.6322021484375, -1319.7010498046875, -1319.7630615234375, -1319.6912841796875, -1319.7259521484375, -1319.7220458984375, -1319.6600341796875, -1319.7042236328125, -1319.6756591796875, -1319.7476806640625, -1319.7059326171875, -1319.6517333984375, -1319.6600341796875, -1319.6092529296875, -1319.6966552734375, -1319.7200927734375, -1319.7137451171875, -1319.6422119140625, -1319.7901611328125, -1319.7572021484375, -1319.5697021484375, -1319.7318115234375, -1319.6446533203125, -1319.6595458984375, -1319.6607666015625, -1319.6727294921875, -1319.6907958984375, -1319.7420654296875, -1319.6051025390625, -1319.5706787109375, -1319.6280517578125, -1319.5140380859375, -1319.6634521484375, -1319.6739501953125, -1319.7747802734375, -1319.7598876953125, -1319.8096923828125, -1319.6024169921875, -1319.6873779296875, -1319.6922607421875, -1319.7164306640625, -1319.7208251953125, -1319.7125244140625, -1319.6356201171875, -1319.7000732421875, -1319.6741943359375, -1319.6673583984375, -1319.7276611328125, -1319.7530517578125, -1319.7181396484375, -1319.7452392578125, -1319.7598876953125, -1319.6744384765625, -1319.6419677734375, -1319.6575927734375, -1319.7528076171875, -1319.7098388671875, -1319.8265380859375, -1319.7513427734375, -1319.6956787109375, -1319.6453857421875, -1319.6400146484375, -1319.7650146484375, -1319.7137451171875, -1319.8016357421875, -1319.6551513671875, -1319.7132568359375, -1319.6351318359375, -1319.6739501953125, -1319.7523193359375, -1319.7669677734375, -1319.6175537109375, -1319.6475830078125, -1319.6317138671875, -1319.5042724609375, -1319.5447998046875, -1319.6143798828125, -1319.6248779296875, -1319.7542724609375, -1319.6326904296875, -1319.5618896484375, -1319.5887451171875, -1319.6090087890625, -1319.6031494140625, -1319.6412353515625, -1319.6549072265625, -1319.6834716796875, -1319.6556396484375, -1319.5653076171875, -1319.5606689453125, -1319.7645263671875, -1319.8138427734375, -1319.6961669921875, -1319.7977294921875, -1319.8231201171875, -1319.7498779296875, -1319.6624755859375, -1319.7969970703125, -1319.7501220703125, -1319.7039794921875, -1319.7147216796875, -1319.6888427734375, -1319.7625732421875, -1319.7789306640625, -1319.6995849609375, -1319.6544189453125, -1319.6177978515625, -1319.6490478515625, -1319.7601318359375, -1319.5858154296875, -1319.8680419921875, -1319.5994873046875, -1319.7904052734375, -1319.7078857421875, -1319.6988525390625, -1319.7640380859375, -1319.7457275390625, -1319.7352294921875, -1319.6805419921875, -1319.6219482421875, -1319.7181396484375, -1319.7647705078125, -1319.6873779296875, -1319.6976318359375, -1319.6959228515625, -1319.7510986328125, -1319.7691650390625, -1319.6497802734375, -1319.7750244140625, -1319.5584716796875, -1319.6998291015625, -1319.5318603515625, -1319.5689697265625, -1319.6956787109375, -1319.5892333984375, -1319.7117919921875, -1319.6690673828125, -1319.6793212890625, -1319.6241455078125, -1319.5882568359375, -1319.6038818359375, -1319.5694580078125, -1319.5548095703125, -1319.6553955078125, -1319.5821533203125, -1319.6239013671875, -1319.5491943359375, -1319.6739501953125, -1319.6607666015625, -1319.5509033203125, -1319.6761474609375, -1319.5496826171875, -1319.5311279296875, -1319.6463623046875, -1319.6390380859375, -1319.6080322265625, -1319.6622314453125, -1319.7017822265625, -1319.6312255859375, -1319.6522216796875, -1319.8104248046875, -1319.7327880859375, -1319.5989990234375, -1319.8094482421875, -1319.7730712890625, -1319.8656005859375, -1319.7242431640625, -1319.7789306640625, -1319.6829833984375, -1319.8333740234375, -1319.6771240234375, -1319.7015380859375, -1319.7130126953125, -1319.7120361328125, -1319.7659912109375, -1319.6514892578125, -1319.6478271484375, -1319.6356201171875, -1319.8568115234375, -1319.7728271484375, -1319.8309326171875, -1319.7335205078125, -1319.7034912109375, -1319.6951904296875, -1319.6678466796875, -1319.7279052734375, -1319.7835693359375, -1319.6907958984375, -1319.6566162109375, -1319.6990966796875, -1319.6536865234375, -1319.6131591796875, -1319.7181396484375, -1319.6917724609375, -1319.7816162109375, -1319.7291259765625, -1319.7454833984375, -1319.6629638671875, -1319.7864990234375, -1319.6368408203125, -1319.7386474609375, -1319.7337646484375, -1319.7518310546875, -1319.7469482421875, -1319.7200927734375, -1319.7410888671875, -1319.6873779296875, -1319.8458251953125, -1319.7491455078125, -1319.6724853515625, -1319.7281494140625, -1319.6571044921875, -1319.6195068359375, -1319.6781005859375, -1319.6380615234375, -1319.6715087890625, -1319.6751708984375, -1319.6544189453125, -1319.6817626953125, -1319.7237548828125, -1319.6678466796875, -1319.6666259765625, -1319.6976318359375, -1319.7188720703125, -1319.7034912109375, -1319.6732177734375, -1319.7247314453125, -1319.7303466796875, -1319.7225341796875, -1319.6746826171875, -1319.7359619140625, -1319.7208251953125, -1319.6888427734375, -1319.6275634765625, -1319.7581787109375, -1319.6673583984375, -1319.6387939453125, -1319.6317138671875, -1319.6441650390625, -1319.7803955078125, -1319.7918701171875, -1319.7728271484375, -1319.7635498046875, -1319.7020263671875, -1319.6654052734375, -1319.7205810546875, -1319.7752685546875, -1319.7713623046875, -1319.6954345703125, -1319.7220458984375, -1319.7322998046875, -1319.6614990234375, -1319.6556396484375, -1319.6368408203125, -1319.6597900390625, -1319.6444091796875, -1319.6400146484375, -1319.6610107421875, -1319.4725341796875, -1319.6075439453125, -1319.5992431640625, -1319.6278076171875, -1319.6226806640625, -1319.6624755859375, -1319.5238037109375, -1319.5574951171875, -1319.6292724609375, -1319.6512451171875, -1319.6375732421875, -1319.4818115234375, -1319.5640869140625, -1319.6812744140625, -1319.6312255859375, -1319.5631103515625, -1319.5648193359375, -1319.6048583984375, -1319.6658935546875, -1319.6195068359375, -1319.5428466796875, -1319.5814208984375, -1319.6697998046875, -1319.5452880859375, -1319.4952392578125, -1319.6214599609375, -1319.6214599609375, -1319.6346435546875, -1319.6710205078125, -1319.7467041015625, -1319.6910400390625, -1319.6925048828125, -1319.6912841796875, -1319.6783447265625, -1319.7874755859375, -1319.7249755859375, -1319.6763916015625, -1319.6627197265625, -1319.7918701171875, -1319.7066650390625, -1319.6781005859375, -1319.7603759765625, -1319.6942138671875, -1319.7567138671875, -1319.6942138671875, -1319.6990966796875, -1319.7037353515625, -1319.7537841796875, -1319.6956787109375, -1319.6981201171875, -1319.6446533203125, -1319.6549072265625, -1319.7239990234375, -1319.7620849609375, -1319.6607666015625, -1319.7777099609375, -1319.8082275390625, -1319.6971435546875, -1319.6754150390625, -1319.6617431640625, -1319.7430419921875, -1319.6295166015625, -1319.7281494140625, -1319.6939697265625, -1319.7664794921875, -1319.6798095703125, -1319.7127685546875, -1319.6990966796875, -1319.7479248046875, -1319.7232666015625, -1319.6243896484375, -1319.7889404296875, -1319.7088623046875, -1319.6927490234375, -1319.6658935546875, -1319.6763916015625, -1319.6126708984375, -1319.5938720703125, -1319.5819091796875, -1319.5989990234375, -1319.6253662109375, -1319.5474853515625, -1319.5885009765625, -1319.5928955078125, -1319.5985107421875, -1319.5838623046875, -1319.6273193359375, -1319.5877685546875, -1319.5758056640625, -1319.6451416015625, -1319.4666748046875, -1319.5140380859375, -1319.6131591796875, -1319.7113037109375, -1319.5982666015625, -1319.5916748046875, -1319.5604248046875, -1319.6422119140625, -1319.4210205078125, -1319.6573486328125, -1319.6502685546875, -1319.6632080078125, -1319.5926513671875, -1319.5718994140625, -1319.6300048828125, -1319.6192626953125, -1319.6314697265625, -1319.5469970703125, -1319.7191162109375, -1319.6671142578125, -1319.5343017578125, -1319.6260986328125, -1319.7322998046875, -1319.6468505859375, -1319.5968017578125, -1319.5755615234375, -1319.6539306640625, -1319.5579833984375, -1319.6107177734375, -1319.6292724609375, -1319.5848388671875, -1319.5543212890625, -1319.6312255859375, -1319.6571044921875, -1319.6397705078125, -1319.6024169921875, -1319.5650634765625, -1319.4700927734375, -1319.6436767578125, -1319.7044677734375, -1319.7088623046875, -1319.7481689453125, -1319.7933349609375, -1319.6624755859375, -1319.7376708984375, -1319.6986083984375, -1319.6829833984375, -1319.7283935546875, -1319.6690673828125, -1319.7611083984375, -1319.7552490234375, -1319.7249755859375, -1319.7388916015625, -1319.7420654296875, -1319.7010498046875, -1319.8070068359375, -1319.7281494140625, -1319.7156982421875, -1319.7738037109375, -1319.6727294921875, -1319.7379150390625, -1319.7032470703125, -1319.7296142578125, -1319.7757568359375, -1319.7774658203125, -1319.7239990234375, -1319.6429443359375, -1319.6859130859375, -1319.7645263671875, -1319.7757568359375, -1319.7747802734375, -1319.7064208984375, -1319.7406005859375, -1319.6837158203125, -1319.7078857421875, -1319.7352294921875, -1319.8021240234375, -1319.7376708984375, -1319.7200927734375, -1319.6273193359375, -1319.6114501953125, -1319.6802978515625, -1319.8385009765625, -1319.7371826171875, -1319.7830810546875, -1319.7171630859375, -1319.6712646484375, -1319.6807861328125, -1319.6937255859375, -1319.8475341796875, -1319.6531982421875, -1319.7982177734375, -1319.7413330078125, -1319.7388916015625, -1319.7183837890625, -1319.7000732421875, -1319.7564697265625, -1319.7078857421875, -1319.7364501953125, -1319.6986083984375, -1319.8055419921875, -1319.8345947265625, -1319.7823486328125, -1319.8123779296875, -1319.6663818359375, -1319.7191162109375, -1319.7122802734375, -1319.7430419921875, -1319.7650146484375, -1319.7000732421875, -1319.7025146484375, -1319.7962646484375, -1319.7257080078125, -1319.7279052734375, -1319.6439208984375, -1319.6124267578125, -1319.7308349609375, -1319.7254638671875, -1319.6619873046875, -1319.7188720703125, -1319.7760009765625, -1319.6641845703125, -1319.5950927734375, -1319.6307373046875, -1319.7430419921875, -1319.7117919921875, -1319.7166748046875, -1319.7689208984375, -1319.6195068359375, -1319.5965576171875, -1319.6121826171875, -1319.7738037109375, -1319.7000732421875, -1319.6080322265625, -1319.6282958984375, -1319.6202392578125, -1319.6370849609375, -1319.7042236328125, -1319.7879638671875, -1319.7083740234375, -1319.7698974609375, -1319.6981201171875, -1319.6544189453125, -1319.6873779296875, -1319.6097412109375, -1319.7598876953125, -1319.6307373046875, -1319.7093505859375, -1319.7142333984375, -1319.7615966796875, -1319.7205810546875, -1319.7401123046875, -1319.7923583984375, -1319.6810302734375, -1319.7523193359375, -1319.8343505859375, -1319.7926025390625, -1319.7674560546875, -1319.7625732421875, -1319.6414794921875, -1319.7703857421875, -1319.7781982421875, -1319.6414794921875, -1319.6903076171875, -1319.7144775390625, -1319.7601318359375, -1319.7425537109375, -1319.6390380859375, -1319.6751708984375, -1319.7801513671875, -1319.6697998046875, -1319.7025146484375, -1319.6622314453125, -1319.7061767578125, -1319.7232666015625, -1319.7132568359375, -1319.7200927734375, -1319.8841552734375, -1319.6871337890625, -1319.6107177734375, -1319.6837158203125, -1319.6812744140625, -1319.6199951171875, -1319.7313232421875, -1319.6644287109375, -1319.6961669921875, -1319.7171630859375, -1319.6256103515625, -1319.6903076171875, -1319.6912841796875, -1319.6917724609375, -1319.7176513671875, -1319.7347412109375, -1319.7747802734375, -1319.7884521484375, -1319.8514404296875, -1319.7144775390625, -1319.6864013671875, -1319.6629638671875, -1319.7928466796875, -1319.8050537109375, -1319.8807373046875, -1319.7655029296875, -1319.7359619140625, -1319.7230224609375, -1319.6732177734375, -1319.7303466796875, -1319.6868896484375, -1319.7056884765625, -1319.6810302734375, -1319.6644287109375, -1319.6651611328125, -1319.7886962890625, -1319.8006591796875, -1319.7203369140625, -1319.6771240234375, -1319.7064208984375, -1319.6864013671875, -1319.7293701171875, -1319.7213134765625, -1319.7381591796875, -1319.6566162109375, -1319.6243896484375, -1319.6021728515625, -1319.5584716796875, -1319.5802001953125, -1319.6199951171875, -1319.4573974609375, -1319.6019287109375, -1319.5675048828125, -1319.6099853515625, -1319.6241455078125, -1319.6116943359375, -1319.7269287109375, -1319.5980224609375, -1319.6395263671875, -1319.6885986328125, -1319.7156982421875, -1319.7410888671875, -1319.7567138671875, -1319.7232666015625, -1319.7659912109375, -1319.7447509765625, -1319.7532958984375, -1319.7032470703125, -1319.6278076171875, -1319.6673583984375, -1319.6566162109375, -1319.6907958984375, -1319.7247314453125, -1319.6702880859375, -1319.7376708984375, -1319.7239990234375, -1319.7569580078125, -1319.7403564453125, -1319.7220458984375, -1319.6402587890625, -1319.7496337890625, -1319.7835693359375, -1319.7476806640625, -1319.7982177734375, -1319.8072509765625, -1319.7779541015625, -1319.6781005859375, -1319.7000732421875, -1319.6131591796875, -1319.6988525390625, -1319.7225341796875, -1319.7103271484375, -1319.6939697265625, -1319.7562255859375, -1319.7750244140625, -1319.7078857421875, -1319.7655029296875, -1319.6778564453125, -1319.8487548828125, -1319.7530517578125, -1319.6883544921875, -1319.7137451171875, -1319.7403564453125, -1319.6785888671875, -1319.6361083984375, -1319.6395263671875, -1319.6956787109375, -1319.6497802734375, -1319.6160888671875, -1319.6307373046875, -1319.5640869140625, -1319.5716552734375, -1319.6243896484375, -1319.6322021484375, -1319.6859130859375, -1319.6085205078125, -1319.6383056640625, -1319.5533447265625, -1319.6539306640625, -1319.6563720703125, -1319.7401123046875, -1319.7904052734375, -1319.7164306640625, -1319.7078857421875, -1319.8341064453125, -1319.7479248046875, -1319.7513427734375, -1319.6766357421875, -1319.7259521484375, -1319.7008056640625, -1319.7376708984375, -1319.7342529296875, -1319.7381591796875, -1319.7469482421875, -1319.6126708984375, -1319.7213134765625, -1319.6131591796875, -1319.6077880859375, -1319.7681884765625, -1319.6409912109375, -1319.8353271484375, -1319.7222900390625, -1319.7862548828125, -1319.7420654296875, -1319.7520751953125, -1319.7083740234375, -1319.7154541015625, -1319.6829833984375, -1319.7786865234375, -1319.7723388671875, -1319.6732177734375, -1319.8121337890625, -1319.7996826171875, -1319.6397705078125, -1319.7376708984375, -1319.7957763671875, -1319.7279052734375, -1319.7279052734375, -1319.7100830078125, -1319.7938232421875, -1319.7349853515625, -1319.6356201171875, -1319.8267822265625, -1319.8416748046875, -1319.7528076171875, -1319.6766357421875, -1319.6983642578125, -1319.6112060546875, -1319.6478271484375, -1319.7806396484375, -1319.6068115234375, -1319.6046142578125, -1319.5252685546875, -1319.6229248046875, -1319.6226806640625, -1319.5496826171875, -1319.6693115234375, -1319.6717529296875, -1319.5172119140625, -1319.6566162109375, -1319.6839599609375, -1319.5887451171875, -1319.6448974609375, -1319.6990966796875, -1319.6014404296875, -1319.5994873046875, -1319.7320556640625, -1319.5819091796875, -1319.5235595703125, -1319.5379638671875, -1319.6634521484375, -1319.6717529296875, -1319.6722412109375, -1319.5999755859375, -1319.5316162109375, -1319.5657958984375, -1319.6890869140625, -1319.7052001953125, -1319.5767822265625, -1319.8436279296875, -1319.7816162109375, -1319.7215576171875, -1319.6287841796875, -1319.6453857421875, -1319.7459716796875, -1319.7745361328125, -1319.6771240234375, -1319.6917724609375, -1319.7161865234375, -1319.6600341796875, -1319.6600341796875, -1319.6121826171875, -1319.6112060546875, -1319.6517333984375, -1319.6937255859375, -1319.6868896484375, -1319.7037353515625, -1319.6873779296875, -1319.6883544921875, -1319.7913818359375, -1319.6910400390625, -1319.7237548828125, -1319.7220458984375, -1319.6727294921875, -1319.6541748046875, -1319.7205810546875, -1319.7032470703125, -1319.7200927734375, -1319.7178955078125, -1319.5594482421875, -1319.7772216796875, -1319.6527099609375, -1319.7684326171875, -1319.7352294921875, -1319.8328857421875, -1319.5828857421875, -1319.6649169921875, -1319.6822509765625, -1319.7608642578125, -1319.7679443359375, -1319.6805419921875, -1319.6920166015625, -1319.7718505859375, -1319.8021240234375, -1319.7811279296875, -1319.7445068359375, -1319.7227783203125, -1319.7921142578125, -1319.7286376953125, -1319.7725830078125, -1319.7232666015625, -1319.6605224609375, -1319.7794189453125, -1319.6917724609375, -1319.8641357421875, -1319.8192138671875, -1319.7171630859375, -1319.7384033203125, -1319.6961669921875, -1319.6541748046875, -1319.7044677734375, -1319.5533447265625, -1319.6451416015625, -1319.6646728515625, -1319.6827392578125, -1319.6046142578125, -1319.6339111328125, -1319.6632080078125, -1319.6717529296875, -1319.6270751953125, -1319.6180419921875, -1319.6705322265625, -1319.7481689453125, -1319.7244873046875, -1319.7200927734375, -1319.6165771484375, -1319.6348876953125, -1319.6961669921875, -1319.7366943359375, -1319.7103271484375, -1319.6705322265625, -1319.6114501953125, -1319.7435302734375, -1319.6365966796875, -1319.8568115234375, -1319.7379150390625, -1319.7938232421875, -1319.7642822265625, -1319.5675048828125, -1319.6282958984375, -1319.6898193359375, -1319.7659912109375, -1319.8306884765625, -1319.7103271484375, -1319.7515869140625, -1319.6732177734375, -1319.5516357421875, -1319.7545166015625, -1319.7623291015625, -1319.7384033203125, -1319.7835693359375, -1319.7713623046875, -1319.5828857421875, -1319.6439208984375, -1319.7276611328125, -1319.6932373046875, -1319.7005615234375, -1319.6751708984375, -1319.6746826171875, -1319.6009521484375, -1319.6893310546875, -1319.7117919921875, -1319.6671142578125, -1319.6351318359375, -1319.7100830078125, -1319.7176513671875, -1319.7435302734375, -1319.8348388671875, -1319.8817138671875, -1319.6922607421875, -1319.7376708984375, -1319.6961669921875, -1319.7293701171875, -1319.7493896484375, -1319.7237548828125, -1319.8460693359375, -1319.7540283203125, -1319.8084716796875, -1319.7445068359375, -1319.7110595703125, -1319.6466064453125, -1319.6417236328125, -1319.5770263671875, -1319.6104736328125, -1319.6536865234375, -1319.5335693359375, -1319.5516357421875, -1319.6175537109375, -1319.5933837890625, -1319.6358642578125, -1319.5545654296875, -1319.5902099609375, -1319.5950927734375, -1319.5526123046875, -1319.5533447265625, -1319.6002197265625, -1319.6358642578125, -1319.5252685546875, -1319.6273193359375, -1319.5770263671875, -1319.5872802734375, -1319.5582275390625, -1319.5557861328125, -1319.6170654296875, -1319.7366943359375, -1319.6434326171875, -1319.5877685546875, -1319.6466064453125, -1319.6405029296875, -1319.7225341796875, -1319.5145263671875, -1319.5023193359375, -1319.6243896484375, -1319.6192626953125, -1319.6883544921875, -1319.7230224609375, -1319.6905517578125, -1319.6951904296875, -1319.6839599609375, -1319.6134033203125, -1319.6658935546875, -1319.7108154296875, -1319.6243896484375, -1319.7772216796875, -1319.7108154296875, -1319.7918701171875, -1319.8160400390625, -1319.6512451171875, -1319.6883544921875, -1319.7127685546875, -1319.6971435546875, -1319.6473388671875, -1319.7554931640625, -1319.7215576171875, -1319.7283935546875, -1319.6732177734375, -1319.6595458984375, -1319.7884521484375, -1319.6895751953125, -1319.8792724609375, -1319.7899169921875, -1319.7374267578125, -1319.8011474609375, -1319.7332763671875, -1319.7203369140625, -1319.6385498046875, -1319.7186279296875, -1319.6595458984375, -1319.7454833984375, -1319.6405029296875, -1319.7960205078125, -1319.6929931640625, -1319.7030029296875, -1319.6502685546875, -1319.5543212890625, -1319.7137451171875, -1319.6285400390625, -1319.6771240234375, -1319.6395263671875, -1319.7330322265625, -1319.6412353515625, -1319.6812744140625, -1319.6326904296875, -1319.6473388671875, -1319.5906982421875, -1319.7142333984375, -1319.5418701171875, -1319.5965576171875, -1319.6312255859375, -1319.6085205078125, -1319.6663818359375, -1319.5472412109375, -1319.6658935546875, -1319.6385498046875, -1319.6143798828125, -1319.5076904296875, -1319.4947509765625, -1319.5340576171875, -1319.4842529296875, -1319.6004638671875, -1319.6964111328125, -1319.5867919921875, -1319.5989990234375, -1319.6051025390625, -1319.5872802734375, -1319.7093505859375, -1319.6219482421875, -1319.8055419921875, -1319.6541748046875, -1319.6846923828125, -1319.7073974609375, -1319.6072998046875, -1319.7105712890625, -1319.8123779296875, -1319.8392333984375, -1319.7423095703125, -1319.7176513671875, -1319.7769775390625, -1319.7542724609375, -1319.7542724609375, -1319.7093505859375, -1319.7933349609375, -1319.6556396484375, -1319.6790771484375, -1319.6461181640625, -1319.7357177734375, -1319.7952880859375, -1319.7923583984375, -1319.7015380859375, -1319.7904052734375, -1319.6614990234375, -1319.5587158203125, -1319.5831298828125, -1319.6495361328125, -1319.7239990234375, -1319.6929931640625, -1319.6195068359375, -1319.6610107421875, -1319.6448974609375, -1319.6409912109375, -1319.5699462890625, -1319.6380615234375, -1319.6297607421875, -1319.6121826171875, -1319.5338134765625, -1319.6505126953125, -1319.5892333984375, -1319.4937744140625, -1319.5413818359375, -1319.6221923828125, -1319.6868896484375, -1319.6795654296875, -1319.5457763671875, -1319.5401611328125, -1319.5416259765625, -1319.6761474609375, -1319.5623779296875, -1319.7406005859375, -1319.5455322265625, -1319.4696044921875, -1319.5828857421875, -1319.6219482421875, -1319.5638427734375, -1319.6624755859375, -1319.6458740234375, -1319.6505126953125, -1319.6512451171875, -1319.6768798828125, -1319.6644287109375, -1319.6866455078125, -1319.8436279296875, -1319.7987060546875, -1319.7557373046875, -1319.6483154296875, -1319.7171630859375, -1319.6795654296875, -1319.6773681640625, -1319.8258056640625, -1319.6697998046875, -1319.7098388671875, -1319.6851806640625, -1319.8482666015625, -1319.8135986328125, -1319.7044677734375, -1319.6204833984375, -1319.7139892578125, -1319.7098388671875, -1319.7310791015625, -1319.8001708984375, -1319.8763427734375, -1319.7811279296875, -1319.7249755859375, -1319.7437744140625, -1319.7034912109375, -1319.6820068359375, -1319.6624755859375, -1319.7781982421875, -1319.7320556640625, -1319.7669677734375, -1319.9075927734375, -1319.6536865234375, -1319.6744384765625, -1319.7447509765625, -1319.7989501953125, -1319.6744384765625, -1319.7130126953125, -1319.6800537109375, -1319.6961669921875, -1319.6820068359375, -1319.7066650390625, -1319.7923583984375, -1319.8192138671875, -1319.7655029296875, -1319.7601318359375, -1319.6854248046875, -1319.6121826171875, -1319.6085205078125, -1319.6160888671875, -1319.7030029296875, -1319.7147216796875, -1319.5089111328125, -1319.5389404296875, -1319.6097412109375, -1319.5609130859375, -1319.6439208984375, -1319.6805419921875, -1319.6234130859375, -1319.6463623046875, -1319.5792236328125, -1319.6937255859375, -1319.6177978515625, -1319.6253662109375, -1319.6324462890625, -1319.5550537109375, -1319.6087646484375, -1319.5428466796875, -1319.6304931640625, -1319.6204833984375, -1319.5863037109375, -1319.6341552734375, -1319.6807861328125, -1319.5623779296875, -1319.5780029296875, -1319.6212158203125, -1319.6312255859375, -1319.5924072265625, -1319.5745849609375, -1319.7149658203125, -1319.6844482421875, -1319.7332763671875, -1319.5316162109375, -1319.5928955078125, -1319.6195068359375, -1319.5469970703125, -1319.6566162109375, -1319.6556396484375, -1319.6343994140625, -1319.5882568359375, -1319.6585693359375, -1319.6436767578125, -1319.7586669921875, -1319.6629638671875, -1319.7506103515625, -1319.7069091796875, -1319.7965087890625, -1319.6644287109375, -1319.6820068359375, -1319.7611083984375, -1319.7786865234375, -1319.6390380859375, -1319.6878662109375, -1319.7674560546875, -1319.7105712890625, -1319.6041259765625, -1319.6842041015625, -1319.7171630859375, -1319.8070068359375, -1319.6610107421875, -1319.7083740234375, -1319.8690185546875, -1319.7142333984375, -1319.6417236328125, -1319.6759033203125, -1319.6287841796875, -1319.5526123046875, -1319.4871826171875, -1319.6473388671875, -1319.5760498046875, -1319.6383056640625, -1319.5618896484375, -1319.5860595703125, -1319.5660400390625, -1319.5936279296875, -1319.6571044921875, -1319.5711669921875, -1319.6480712890625, -1319.5560302734375, -1319.7012939453125, -1319.6405029296875, -1319.6080322265625, -1319.7545166015625, -1319.6441650390625, -1319.5843505859375, -1319.5845947265625, -1319.4844970703125, -1319.6488037109375, -1319.5550537109375, -1319.7176513671875, -1319.7210693359375, -1319.6478271484375, -1319.5355224609375, -1319.4788818359375, -1319.5775146484375, -1319.5328369140625, -1319.5992431640625, -1319.5762939453125, -1319.5623779296875, -1319.6439208984375, -1319.7064208984375, -1319.6805419921875, -1319.6490478515625, -1319.6785888671875, -1319.6439208984375, -1319.5277099609375, -1319.5264892578125, -1319.6024169921875, -1319.6326904296875, -1319.6199951171875, -1319.7755126953125, -1319.6373291015625, -1319.6092529296875, -1319.6673583984375, -1319.7396240234375, -1319.8057861328125, -1319.7479248046875, -1319.6795654296875, -1319.6920166015625, -1319.6998291015625, -1319.8250732421875, -1319.7576904296875, -1319.7049560546875, -1319.6405029296875, -1319.6976318359375, -1319.7567138671875, -1319.6680908203125, -1319.7525634765625, -1319.6361083984375, -1319.6903076171875, -1319.7176513671875, -1319.6453857421875, -1319.6214599609375, -1319.6756591796875, -1319.6131591796875, -1319.7342529296875, -1319.7010498046875, -1319.6546630859375, -1319.6651611328125, -1319.4776611328125, -1319.6448974609375, -1319.6097412109375, -1319.5706787109375, -1319.6075439453125, -1319.5616455078125, -1319.6217041015625, -1319.6688232421875, -1319.6407470703125, -1319.6878662109375, -1319.5755615234375, -1319.6429443359375, -1319.6097412109375, -1319.5477294921875, -1319.6783447265625, -1319.7347412109375, -1319.6561279296875, -1319.7213134765625, -1319.7010498046875, -1319.6163330078125, -1319.5736083984375, -1319.6483154296875, -1319.6217041015625, -1319.5638427734375, -1319.5579833984375, -1319.6497802734375, -1319.5467529296875, -1319.5958251953125, -1319.6917724609375, -1319.5709228515625, -1319.5203857421875, -1319.5628662109375, -1319.6263427734375, -1319.6221923828125, -1319.6990966796875, -1319.6697998046875, -1319.5828857421875, -1319.5980224609375, -1319.6204833984375, -1319.6185302734375, -1319.6385498046875, -1319.7071533203125, -1319.6666259765625, -1319.7379150390625, -1319.6490478515625, -1319.6195068359375, -1319.7225341796875, -1319.8148193359375, -1319.7716064453125, -1319.7547607421875, -1319.8021240234375, -1319.7015380859375, -1319.7564697265625, -1319.6673583984375, -1319.6639404296875, -1319.5826416015625, -1319.7532958984375, -1319.6431884765625, -1319.7283935546875, -1319.7281494140625, -1319.7635498046875, -1319.7078857421875, -1319.7335205078125, -1319.7081298828125, -1319.7442626953125, -1319.7342529296875, -1319.7225341796875, -1319.6776123046875, -1319.7049560546875, -1319.6978759765625, -1319.6466064453125, -1319.7034912109375, -1319.8319091796875, -1319.7589111328125, -1319.7911376953125, -1319.7283935546875, -1319.7938232421875, -1319.7198486328125, -1319.6834716796875, -1319.6990966796875, -1319.7322998046875, -1319.8074951171875, -1319.7215576171875, -1319.6483154296875, -1319.6766357421875, -1319.7523193359375, -1319.7073974609375, -1319.7713623046875, -1319.7786865234375, -1319.6580810546875, -1319.7161865234375, -1319.7178955078125, -1319.6136474609375, -1319.6522216796875, -1319.7078857421875, -1319.7772216796875, -1319.6905517578125, -1319.6065673828125, -1319.5059814453125, -1319.5006103515625, -1319.5291748046875, -1319.6160888671875, -1319.6292724609375, -1319.6734619140625, -1319.6597900390625, -1319.6263427734375, -1319.6561279296875, -1319.6307373046875, -1319.6024169921875, -1319.6456298828125, -1319.6619873046875, -1319.6614990234375, -1319.5950927734375, -1319.5245361328125, -1319.6080322265625, -1319.7677001953125, -1319.6492919921875, -1319.6451416015625, -1319.6927490234375, -1319.5740966796875, -1319.6348876953125, -1319.5496826171875, -1319.4395751953125, -1319.5384521484375, -1319.5740966796875, -1319.5711669921875, -1319.5540771484375, -1319.5157470703125, -1319.5430908203125, -1319.5648193359375, -1319.5643310546875, -1319.5062255859375, -1319.6456298828125, -1319.6060791015625, -1319.6761474609375, -1319.7562255859375, -1319.7396240234375, -1319.6961669921875, -1319.6063232421875, -1319.6761474609375, -1319.7127685546875, -1319.7752685546875, -1319.6676025390625, -1319.6766357421875, -1319.7127685546875, -1319.6732177734375, -1319.7103271484375, -1319.7557373046875, -1319.7977294921875, -1319.6842041015625, -1319.6175537109375, -1319.7435302734375, -1319.7069091796875, -1319.6912841796875, -1319.7845458984375, -1319.7362060546875, -1319.6834716796875, -1319.7078857421875, -1319.6700439453125, -1319.7757568359375, -1319.7742919921875, -1319.8265380859375, -1319.7733154296875, -1319.7479248046875, -1319.7093505859375, -1319.7017822265625, -1319.6685791015625, -1319.7415771484375, -1319.7803955078125, -1319.7745361328125, -1319.6756591796875, -1319.7479248046875, -1319.7025146484375, -1319.7701416015625, -1319.6917724609375, -1319.6700439453125, -1319.6546630859375, -1319.7227783203125, -1319.6702880859375, -1319.7347412109375, -1319.7940673828125, -1319.7381591796875, -1319.6785888671875, -1319.6746826171875, -1319.6517333984375, -1319.6475830078125, -1319.7000732421875, -1319.6663818359375, -1319.8026123046875, -1319.6190185546875, -1319.6993408203125, -1319.6937255859375, -1319.6922607421875, -1319.7459716796875, -1319.6549072265625, -1319.7581787109375, -1319.7152099609375, -1319.7598876953125, -1319.6905517578125, -1319.6556396484375, -1319.7520751953125, -1319.7110595703125, -1319.7884521484375, -1319.7108154296875, -1319.7176513671875, -1319.7496337890625, -1319.7352294921875, -1319.7850341796875, -1319.6585693359375, -1319.6278076171875, -1319.5902099609375, -1319.8170166015625, -1319.6912841796875, -1319.6854248046875, -1319.7078857421875, -1319.5902099609375, -1319.5926513671875, -1319.5653076171875, -1319.6785888671875, -1319.6258544921875, -1319.5880126953125, -1319.6512451171875, -1319.6656494140625, -1319.6219482421875, -1319.6412353515625, -1319.6895751953125, -1319.6561279296875, -1319.5921630859375, -1319.6802978515625, -1319.5662841796875, -1319.6583251953125, -1319.6048583984375, -1319.6507568359375, -1319.6470947265625, -1319.5672607421875, -1319.5174560546875, -1319.6673583984375, -1319.7230224609375, -1319.6807861328125, -1319.4866943359375, -1319.4935302734375, -1319.5423583984375, -1319.6529541015625, -1319.6619873046875, -1319.6678466796875, -1319.7376708984375, -1319.6536865234375]}
Warning: Cholesky failed, using eigendecomposition fallback
{'mse': 0.010012933053076267, 'rmse': 0.10006464272737503, 'test_ll': -244289.0625, 'total_test_ll': -6107226624.0}
/cluster/tufts/hugheslab/swilli26/stat-patt-final/gp_vs_sngp/results/hyperparam_search/GP/Sin_1500_5001/logs
/cluster/tufts/hugheslab/swilli26/stat-patt-final/gp_vs_sngp/results/hyperparam_search/logs/GP_VS_SNGP_25028889.out
/cluster/tufts/hugheslab/swilli26/stat-patt-final/gp_vs_sngp/results/hyperparam_search/logs/GP_VS_SNGP_25028889.err
