Starting imports...
Importing argparse...
Importing torch...
Importing os...
Importing sngp.train and sngp.model...
Importing gaussian_process...
Importing dataset...
Importing json...
ALL IMPORTS COMPLETE!
Parsing arguments...
Arguments parsed! Running GP on Sin with N=1500
Checking CUDA availability...
Using CPU
Making Datasets...
Making Model...
Training Gaussian Process...
Iter   0 | Loss: -815.154 | lengthscale: 1.010 | outputscale: 1.010 | noise: 0.198
Iter  10 | Loss: -923.203 | lengthscale: 1.039 | outputscale: 1.115 | noise: 0.179
Iter  20 | Loss: -1020.715 | lengthscale: 1.072 | outputscale: 1.221 | noise: 0.162
Iter  30 | Loss: -1104.781 | lengthscale: 1.097 | outputscale: 1.322 | noise: 0.148
Iter  40 | Loss: -1173.024 | lengthscale: 1.119 | outputscale: 1.410 | noise: 0.135
Iter  50 | Loss: -1224.193 | lengthscale: 1.134 | outputscale: 1.484 | noise: 0.125
Iter  60 | Loss: -1258.702 | lengthscale: 1.145 | outputscale: 1.541 | noise: 0.116
Iter  70 | Loss: -1278.995 | lengthscale: 1.153 | outputscale: 1.584 | noise: 0.110
Iter  80 | Loss: -1288.848 | lengthscale: 1.157 | outputscale: 1.615 | noise: 0.105
Iter  90 | Loss: -1292.552 | lengthscale: 1.161 | outputscale: 1.637 | noise: 0.102
Iter 100 | Loss: -1293.470 | lengthscale: 1.162 | outputscale: 1.648 | noise: 0.100
Iter 110 | Loss: -1293.600 | lengthscale: 1.165 | outputscale: 1.651 | noise: 0.100
Iter 120 | Loss: -1293.498 | lengthscale: 1.164 | outputscale: 1.651 | noise: 0.099
Iter 130 | Loss: -1293.488 | lengthscale: 1.161 | outputscale: 1.656 | noise: 0.099
Iter 140 | Loss: -1293.586 | lengthscale: 1.162 | outputscale: 1.654 | noise: 0.099
Iter 150 | Loss: -1293.526 | lengthscale: 1.165 | outputscale: 1.656 | noise: 0.100
Iter 160 | Loss: -1293.584 | lengthscale: 1.162 | outputscale: 1.658 | noise: 0.100
Iter 170 | Loss: -1293.555 | lengthscale: 1.165 | outputscale: 1.658 | noise: 0.100
Iter 180 | Loss: -1293.589 | lengthscale: 1.162 | outputscale: 1.660 | noise: 0.100
Iter 190 | Loss: -1293.535 | lengthscale: 1.164 | outputscale: 1.657 | noise: 0.100
Iter 200 | Loss: -1293.557 | lengthscale: 1.162 | outputscale: 1.650 | noise: 0.100
Iter 210 | Loss: -1293.574 | lengthscale: 1.161 | outputscale: 1.642 | noise: 0.100
Iter 220 | Loss: -1293.564 | lengthscale: 1.160 | outputscale: 1.640 | noise: 0.100
Iter 230 | Loss: -1293.568 | lengthscale: 1.161 | outputscale: 1.642 | noise: 0.100
Iter 240 | Loss: -1293.593 | lengthscale: 1.160 | outputscale: 1.637 | noise: 0.100
Iter 250 | Loss: -1293.587 | lengthscale: 1.161 | outputscale: 1.640 | noise: 0.100
Iter 260 | Loss: -1293.532 | lengthscale: 1.160 | outputscale: 1.639 | noise: 0.100
Iter 270 | Loss: -1293.539 | lengthscale: 1.157 | outputscale: 1.636 | noise: 0.100
Iter 280 | Loss: -1293.610 | lengthscale: 1.162 | outputscale: 1.640 | noise: 0.100
Iter 290 | Loss: -1293.606 | lengthscale: 1.160 | outputscale: 1.646 | noise: 0.100
Iter 300 | Loss: -1293.630 | lengthscale: 1.162 | outputscale: 1.649 | noise: 0.100
Iter 310 | Loss: -1293.553 | lengthscale: 1.165 | outputscale: 1.650 | noise: 0.100
Iter 320 | Loss: -1293.600 | lengthscale: 1.160 | outputscale: 1.649 | noise: 0.100
Iter 330 | Loss: -1293.599 | lengthscale: 1.163 | outputscale: 1.647 | noise: 0.100
Iter 340 | Loss: -1293.624 | lengthscale: 1.164 | outputscale: 1.653 | noise: 0.100
Iter 350 | Loss: -1293.602 | lengthscale: 1.162 | outputscale: 1.658 | noise: 0.100
Iter 360 | Loss: -1293.588 | lengthscale: 1.163 | outputscale: 1.648 | noise: 0.100
Iter 370 | Loss: -1293.575 | lengthscale: 1.160 | outputscale: 1.639 | noise: 0.100
Iter 380 | Loss: -1293.562 | lengthscale: 1.161 | outputscale: 1.641 | noise: 0.100
Iter 390 | Loss: -1293.535 | lengthscale: 1.161 | outputscale: 1.648 | noise: 0.100
Iter 400 | Loss: -1293.523 | lengthscale: 1.163 | outputscale: 1.650 | noise: 0.100
Iter 410 | Loss: -1293.596 | lengthscale: 1.161 | outputscale: 1.648 | noise: 0.100
Iter 420 | Loss: -1293.552 | lengthscale: 1.160 | outputscale: 1.646 | noise: 0.100
Iter 430 | Loss: -1293.575 | lengthscale: 1.157 | outputscale: 1.628 | noise: 0.100
Iter 440 | Loss: -1293.559 | lengthscale: 1.156 | outputscale: 1.622 | noise: 0.100
Iter 450 | Loss: -1293.565 | lengthscale: 1.160 | outputscale: 1.635 | noise: 0.100
Iter 460 | Loss: -1293.543 | lengthscale: 1.163 | outputscale: 1.657 | noise: 0.100
Iter 470 | Loss: -1293.528 | lengthscale: 1.167 | outputscale: 1.669 | noise: 0.100
Iter 480 | Loss: -1293.610 | lengthscale: 1.165 | outputscale: 1.670 | noise: 0.100
Iter 490 | Loss: -1293.589 | lengthscale: 1.163 | outputscale: 1.654 | noise: 0.100
Iter 500 | Loss: -1293.555 | lengthscale: 1.162 | outputscale: 1.640 | noise: 0.100
Iter 510 | Loss: -1293.535 | lengthscale: 1.160 | outputscale: 1.642 | noise: 0.100
Iter 520 | Loss: -1293.598 | lengthscale: 1.164 | outputscale: 1.660 | noise: 0.100
Iter 530 | Loss: -1293.641 | lengthscale: 1.167 | outputscale: 1.665 | noise: 0.100
Iter 540 | Loss: -1293.549 | lengthscale: 1.161 | outputscale: 1.646 | noise: 0.100
Iter 550 | Loss: -1293.607 | lengthscale: 1.159 | outputscale: 1.629 | noise: 0.100
Iter 560 | Loss: -1293.553 | lengthscale: 1.156 | outputscale: 1.627 | noise: 0.100
Iter 570 | Loss: -1293.564 | lengthscale: 1.160 | outputscale: 1.635 | noise: 0.100
Iter 580 | Loss: -1293.533 | lengthscale: 1.158 | outputscale: 1.637 | noise: 0.100
Iter 590 | Loss: -1293.592 | lengthscale: 1.163 | outputscale: 1.651 | noise: 0.100
Iter 600 | Loss: -1293.552 | lengthscale: 1.162 | outputscale: 1.652 | noise: 0.100
Iter 610 | Loss: -1293.640 | lengthscale: 1.165 | outputscale: 1.648 | noise: 0.100
Iter 620 | Loss: -1293.534 | lengthscale: 1.163 | outputscale: 1.659 | noise: 0.100
Iter 630 | Loss: -1293.587 | lengthscale: 1.167 | outputscale: 1.669 | noise: 0.100
Iter 640 | Loss: -1293.567 | lengthscale: 1.169 | outputscale: 1.683 | noise: 0.100
Iter 650 | Loss: -1293.557 | lengthscale: 1.169 | outputscale: 1.688 | noise: 0.100
Iter 660 | Loss: -1293.546 | lengthscale: 1.170 | outputscale: 1.673 | noise: 0.100
Iter 670 | Loss: -1293.548 | lengthscale: 1.164 | outputscale: 1.659 | noise: 0.100
Iter 680 | Loss: -1293.599 | lengthscale: 1.159 | outputscale: 1.636 | noise: 0.100
Iter 690 | Loss: -1293.543 | lengthscale: 1.161 | outputscale: 1.639 | noise: 0.100
Iter 700 | Loss: -1293.536 | lengthscale: 1.158 | outputscale: 1.632 | noise: 0.100
Iter 710 | Loss: -1293.557 | lengthscale: 1.157 | outputscale: 1.622 | noise: 0.100
Iter 720 | Loss: -1293.516 | lengthscale: 1.157 | outputscale: 1.631 | noise: 0.100
Iter 730 | Loss: -1293.589 | lengthscale: 1.165 | outputscale: 1.654 | noise: 0.100
Iter 740 | Loss: -1293.593 | lengthscale: 1.166 | outputscale: 1.660 | noise: 0.100
Iter 750 | Loss: -1293.584 | lengthscale: 1.162 | outputscale: 1.654 | noise: 0.100
Iter 760 | Loss: -1293.608 | lengthscale: 1.162 | outputscale: 1.651 | noise: 0.100
Iter 770 | Loss: -1293.604 | lengthscale: 1.160 | outputscale: 1.641 | noise: 0.100
Iter 780 | Loss: -1293.583 | lengthscale: 1.161 | outputscale: 1.638 | noise: 0.100
Iter 790 | Loss: -1293.543 | lengthscale: 1.157 | outputscale: 1.631 | noise: 0.100
Iter 800 | Loss: -1293.576 | lengthscale: 1.159 | outputscale: 1.633 | noise: 0.100
Iter 810 | Loss: -1293.524 | lengthscale: 1.159 | outputscale: 1.646 | noise: 0.100
Iter 820 | Loss: -1293.536 | lengthscale: 1.163 | outputscale: 1.646 | noise: 0.100
Iter 830 | Loss: -1293.527 | lengthscale: 1.161 | outputscale: 1.647 | noise: 0.100
Iter 840 | Loss: -1293.534 | lengthscale: 1.161 | outputscale: 1.649 | noise: 0.100
Iter 850 | Loss: -1293.599 | lengthscale: 1.161 | outputscale: 1.642 | noise: 0.100
Iter 860 | Loss: -1293.579 | lengthscale: 1.160 | outputscale: 1.641 | noise: 0.100
Iter 870 | Loss: -1293.542 | lengthscale: 1.161 | outputscale: 1.646 | noise: 0.100
Iter 880 | Loss: -1293.537 | lengthscale: 1.166 | outputscale: 1.659 | noise: 0.100
Iter 890 | Loss: -1293.607 | lengthscale: 1.167 | outputscale: 1.665 | noise: 0.100
Iter 900 | Loss: -1293.609 | lengthscale: 1.167 | outputscale: 1.676 | noise: 0.100
Iter 910 | Loss: -1293.624 | lengthscale: 1.168 | outputscale: 1.674 | noise: 0.100
Iter 920 | Loss: -1293.540 | lengthscale: 1.163 | outputscale: 1.664 | noise: 0.100
Iter 930 | Loss: -1293.511 | lengthscale: 1.170 | outputscale: 1.671 | noise: 0.100
Iter 940 | Loss: -1293.646 | lengthscale: 1.167 | outputscale: 1.678 | noise: 0.100
Iter 950 | Loss: -1293.566 | lengthscale: 1.166 | outputscale: 1.662 | noise: 0.100
Iter 960 | Loss: -1293.586 | lengthscale: 1.166 | outputscale: 1.660 | noise: 0.100
Iter 970 | Loss: -1293.559 | lengthscale: 1.163 | outputscale: 1.665 | noise: 0.100
Iter 980 | Loss: -1293.513 | lengthscale: 1.165 | outputscale: 1.655 | noise: 0.100
Iter 990 | Loss: -1293.571 | lengthscale: 1.162 | outputscale: 1.647 | noise: 0.100
Iter 1000 | Loss: -1293.557 | lengthscale: 1.161 | outputscale: 1.655 | noise: 0.100
Iter 1010 | Loss: -1293.625 | lengthscale: 1.162 | outputscale: 1.649 | noise: 0.100
Iter 1020 | Loss: -1293.559 | lengthscale: 1.158 | outputscale: 1.637 | noise: 0.100
Iter 1030 | Loss: -1293.569 | lengthscale: 1.162 | outputscale: 1.645 | noise: 0.100
Iter 1040 | Loss: -1293.533 | lengthscale: 1.165 | outputscale: 1.658 | noise: 0.100
Iter 1050 | Loss: -1293.529 | lengthscale: 1.164 | outputscale: 1.658 | noise: 0.100
Iter 1060 | Loss: -1293.554 | lengthscale: 1.165 | outputscale: 1.657 | noise: 0.100
Iter 1070 | Loss: -1293.547 | lengthscale: 1.167 | outputscale: 1.679 | noise: 0.100
Iter 1080 | Loss: -1293.568 | lengthscale: 1.164 | outputscale: 1.658 | noise: 0.100
Iter 1090 | Loss: -1293.523 | lengthscale: 1.162 | outputscale: 1.654 | noise: 0.100
Iter 1100 | Loss: -1293.567 | lengthscale: 1.157 | outputscale: 1.631 | noise: 0.100
Iter 1110 | Loss: -1293.540 | lengthscale: 1.162 | outputscale: 1.649 | noise: 0.100
Iter 1120 | Loss: -1293.534 | lengthscale: 1.169 | outputscale: 1.682 | noise: 0.100
Iter 1130 | Loss: -1293.635 | lengthscale: 1.166 | outputscale: 1.669 | noise: 0.100
Iter 1140 | Loss: -1293.615 | lengthscale: 1.166 | outputscale: 1.669 | noise: 0.100
Iter 1150 | Loss: -1293.523 | lengthscale: 1.164 | outputscale: 1.661 | noise: 0.100
Iter 1160 | Loss: -1293.588 | lengthscale: 1.165 | outputscale: 1.653 | noise: 0.100
Iter 1170 | Loss: -1293.591 | lengthscale: 1.164 | outputscale: 1.659 | noise: 0.100
Iter 1180 | Loss: -1293.576 | lengthscale: 1.163 | outputscale: 1.646 | noise: 0.100
Iter 1190 | Loss: -1293.562 | lengthscale: 1.162 | outputscale: 1.656 | noise: 0.100
Iter 1200 | Loss: -1293.573 | lengthscale: 1.164 | outputscale: 1.660 | noise: 0.100
Iter 1210 | Loss: -1293.601 | lengthscale: 1.166 | outputscale: 1.658 | noise: 0.100
Iter 1220 | Loss: -1293.582 | lengthscale: 1.164 | outputscale: 1.665 | noise: 0.100
Iter 1230 | Loss: -1293.570 | lengthscale: 1.166 | outputscale: 1.661 | noise: 0.100
Iter 1240 | Loss: -1293.552 | lengthscale: 1.162 | outputscale: 1.649 | noise: 0.100
Iter 1250 | Loss: -1293.566 | lengthscale: 1.164 | outputscale: 1.657 | noise: 0.100
Iter 1260 | Loss: -1293.615 | lengthscale: 1.168 | outputscale: 1.670 | noise: 0.100
Iter 1270 | Loss: -1293.539 | lengthscale: 1.161 | outputscale: 1.656 | noise: 0.100
Iter 1280 | Loss: -1293.602 | lengthscale: 1.160 | outputscale: 1.638 | noise: 0.100
Iter 1290 | Loss: -1293.556 | lengthscale: 1.155 | outputscale: 1.623 | noise: 0.100
Iter 1300 | Loss: -1293.593 | lengthscale: 1.163 | outputscale: 1.648 | noise: 0.100
Iter 1310 | Loss: -1293.570 | lengthscale: 1.171 | outputscale: 1.685 | noise: 0.100
Iter 1320 | Loss: -1293.564 | lengthscale: 1.161 | outputscale: 1.658 | noise: 0.100
Iter 1330 | Loss: -1293.557 | lengthscale: 1.161 | outputscale: 1.641 | noise: 0.100
Iter 1340 | Loss: -1293.540 | lengthscale: 1.162 | outputscale: 1.646 | noise: 0.100
Iter 1350 | Loss: -1293.574 | lengthscale: 1.161 | outputscale: 1.644 | noise: 0.100
Iter 1360 | Loss: -1293.668 | lengthscale: 1.163 | outputscale: 1.653 | noise: 0.100
Iter 1370 | Loss: -1293.594 | lengthscale: 1.164 | outputscale: 1.654 | noise: 0.100
Iter 1380 | Loss: -1293.611 | lengthscale: 1.161 | outputscale: 1.641 | noise: 0.100
Iter 1390 | Loss: -1293.602 | lengthscale: 1.161 | outputscale: 1.646 | noise: 0.100
Iter 1400 | Loss: -1293.556 | lengthscale: 1.165 | outputscale: 1.664 | noise: 0.100
Iter 1410 | Loss: -1293.523 | lengthscale: 1.172 | outputscale: 1.689 | noise: 0.100
Iter 1420 | Loss: -1293.627 | lengthscale: 1.166 | outputscale: 1.669 | noise: 0.100
Iter 1430 | Loss: -1293.587 | lengthscale: 1.161 | outputscale: 1.646 | noise: 0.100
Iter 1440 | Loss: -1293.563 | lengthscale: 1.160 | outputscale: 1.643 | noise: 0.100
Iter 1450 | Loss: -1293.603 | lengthscale: 1.162 | outputscale: 1.645 | noise: 0.100
Iter 1460 | Loss: -1293.557 | lengthscale: 1.165 | outputscale: 1.655 | noise: 0.100
Iter 1470 | Loss: -1293.524 | lengthscale: 1.163 | outputscale: 1.665 | noise: 0.100
Iter 1480 | Loss: -1293.546 | lengthscale: 1.168 | outputscale: 1.673 | noise: 0.100
Iter 1490 | Loss: -1293.578 | lengthscale: 1.169 | outputscale: 1.673 | noise: 0.100
Iter 1500 | Loss: -1293.526 | lengthscale: 1.163 | outputscale: 1.663 | noise: 0.100
Iter 1510 | Loss: -1293.589 | lengthscale: 1.164 | outputscale: 1.661 | noise: 0.100
Iter 1520 | Loss: -1293.623 | lengthscale: 1.165 | outputscale: 1.661 | noise: 0.100
Iter 1530 | Loss: -1293.559 | lengthscale: 1.160 | outputscale: 1.635 | noise: 0.100
Iter 1540 | Loss: -1293.518 | lengthscale: 1.157 | outputscale: 1.630 | noise: 0.100
Iter 1550 | Loss: -1293.560 | lengthscale: 1.162 | outputscale: 1.643 | noise: 0.100
Iter 1560 | Loss: -1293.564 | lengthscale: 1.162 | outputscale: 1.657 | noise: 0.100
Iter 1570 | Loss: -1293.576 | lengthscale: 1.161 | outputscale: 1.638 | noise: 0.100
Iter 1580 | Loss: -1293.586 | lengthscale: 1.165 | outputscale: 1.665 | noise: 0.100
Iter 1590 | Loss: -1293.584 | lengthscale: 1.169 | outputscale: 1.680 | noise: 0.100
Iter 1600 | Loss: -1293.559 | lengthscale: 1.167 | outputscale: 1.677 | noise: 0.100
Iter 1610 | Loss: -1293.584 | lengthscale: 1.166 | outputscale: 1.664 | noise: 0.100
Iter 1620 | Loss: -1293.554 | lengthscale: 1.160 | outputscale: 1.633 | noise: 0.100
Iter 1630 | Loss: -1293.497 | lengthscale: 1.151 | outputscale: 1.613 | noise: 0.100
Iter 1640 | Loss: -1293.554 | lengthscale: 1.164 | outputscale: 1.649 | noise: 0.100
Iter 1650 | Loss: -1293.656 | lengthscale: 1.171 | outputscale: 1.695 | noise: 0.100
Iter 1660 | Loss: -1293.615 | lengthscale: 1.165 | outputscale: 1.669 | noise: 0.100
Iter 1670 | Loss: -1293.599 | lengthscale: 1.163 | outputscale: 1.646 | noise: 0.100
Iter 1680 | Loss: -1293.569 | lengthscale: 1.154 | outputscale: 1.626 | noise: 0.100
Iter 1690 | Loss: -1293.507 | lengthscale: 1.163 | outputscale: 1.650 | noise: 0.100
Iter 1700 | Loss: -1293.637 | lengthscale: 1.169 | outputscale: 1.681 | noise: 0.100
Iter 1710 | Loss: -1293.516 | lengthscale: 1.171 | outputscale: 1.690 | noise: 0.100
Iter 1720 | Loss: -1293.587 | lengthscale: 1.164 | outputscale: 1.651 | noise: 0.100
Iter 1730 | Loss: -1293.636 | lengthscale: 1.154 | outputscale: 1.618 | noise: 0.100
Iter 1740 | Loss: -1293.620 | lengthscale: 1.158 | outputscale: 1.633 | noise: 0.100
Iter 1750 | Loss: -1293.617 | lengthscale: 1.162 | outputscale: 1.650 | noise: 0.100
Iter 1760 | Loss: -1293.539 | lengthscale: 1.164 | outputscale: 1.659 | noise: 0.100
Iter 1770 | Loss: -1293.554 | lengthscale: 1.167 | outputscale: 1.671 | noise: 0.100
Iter 1780 | Loss: -1293.543 | lengthscale: 1.165 | outputscale: 1.658 | noise: 0.100
Iter 1790 | Loss: -1293.558 | lengthscale: 1.159 | outputscale: 1.639 | noise: 0.100
Iter 1800 | Loss: -1293.608 | lengthscale: 1.154 | outputscale: 1.616 | noise: 0.100
Iter 1810 | Loss: -1293.511 | lengthscale: 1.158 | outputscale: 1.630 | noise: 0.100
Iter 1820 | Loss: -1293.556 | lengthscale: 1.164 | outputscale: 1.654 | noise: 0.100
Iter 1830 | Loss: -1293.612 | lengthscale: 1.164 | outputscale: 1.658 | noise: 0.100
Iter 1840 | Loss: -1293.516 | lengthscale: 1.159 | outputscale: 1.637 | noise: 0.100
Iter 1850 | Loss: -1293.535 | lengthscale: 1.157 | outputscale: 1.629 | noise: 0.100
Iter 1860 | Loss: -1293.562 | lengthscale: 1.165 | outputscale: 1.660 | noise: 0.100
Iter 1870 | Loss: -1293.576 | lengthscale: 1.166 | outputscale: 1.667 | noise: 0.100
Iter 1880 | Loss: -1293.570 | lengthscale: 1.163 | outputscale: 1.648 | noise: 0.100
Iter 1890 | Loss: -1293.623 | lengthscale: 1.162 | outputscale: 1.649 | noise: 0.100
Iter 1900 | Loss: -1293.504 | lengthscale: 1.160 | outputscale: 1.643 | noise: 0.100
Iter 1910 | Loss: -1293.587 | lengthscale: 1.161 | outputscale: 1.647 | noise: 0.100
Iter 1920 | Loss: -1293.645 | lengthscale: 1.163 | outputscale: 1.651 | noise: 0.100
Iter 1930 | Loss: -1293.530 | lengthscale: 1.162 | outputscale: 1.650 | noise: 0.100
Iter 1940 | Loss: -1293.567 | lengthscale: 1.161 | outputscale: 1.642 | noise: 0.100
Iter 1950 | Loss: -1293.597 | lengthscale: 1.160 | outputscale: 1.640 | noise: 0.100
Iter 1960 | Loss: -1293.584 | lengthscale: 1.165 | outputscale: 1.662 | noise: 0.100
Iter 1970 | Loss: -1293.545 | lengthscale: 1.166 | outputscale: 1.667 | noise: 0.100
Iter 1980 | Loss: -1293.630 | lengthscale: 1.164 | outputscale: 1.652 | noise: 0.100
Iter 1990 | Loss: -1293.517 | lengthscale: 1.162 | outputscale: 1.653 | noise: 0.100
Iter 2000 | Loss: -1293.599 | lengthscale: 1.163 | outputscale: 1.653 | noise: 0.100
Iter 2010 | Loss: -1293.531 | lengthscale: 1.163 | outputscale: 1.654 | noise: 0.100
Iter 2020 | Loss: -1293.570 | lengthscale: 1.164 | outputscale: 1.659 | noise: 0.100
Iter 2030 | Loss: -1293.526 | lengthscale: 1.168 | outputscale: 1.672 | noise: 0.100
Iter 2040 | Loss: -1293.609 | lengthscale: 1.167 | outputscale: 1.667 | noise: 0.100
Iter 2050 | Loss: -1293.561 | lengthscale: 1.163 | outputscale: 1.663 | noise: 0.100
Iter 2060 | Loss: -1293.600 | lengthscale: 1.163 | outputscale: 1.650 | noise: 0.100
Iter 2070 | Loss: -1293.599 | lengthscale: 1.168 | outputscale: 1.667 | noise: 0.100
Iter 2080 | Loss: -1293.566 | lengthscale: 1.164 | outputscale: 1.665 | noise: 0.100
Iter 2090 | Loss: -1293.611 | lengthscale: 1.165 | outputscale: 1.660 | noise: 0.100
Iter 2100 | Loss: -1293.578 | lengthscale: 1.169 | outputscale: 1.673 | noise: 0.100
Iter 2110 | Loss: -1293.569 | lengthscale: 1.166 | outputscale: 1.668 | noise: 0.100
Iter 2120 | Loss: -1293.555 | lengthscale: 1.160 | outputscale: 1.643 | noise: 0.100
Iter 2130 | Loss: -1293.574 | lengthscale: 1.164 | outputscale: 1.654 | noise: 0.100
Iter 2140 | Loss: -1293.558 | lengthscale: 1.164 | outputscale: 1.660 | noise: 0.100
Iter 2150 | Loss: -1293.589 | lengthscale: 1.158 | outputscale: 1.630 | noise: 0.100
Iter 2160 | Loss: -1293.582 | lengthscale: 1.165 | outputscale: 1.657 | noise: 0.100
Iter 2170 | Loss: -1293.609 | lengthscale: 1.170 | outputscale: 1.678 | noise: 0.100
Iter 2180 | Loss: -1293.562 | lengthscale: 1.157 | outputscale: 1.641 | noise: 0.100
Iter 2190 | Loss: -1293.581 | lengthscale: 1.159 | outputscale: 1.625 | noise: 0.100
Iter 2200 | Loss: -1293.595 | lengthscale: 1.161 | outputscale: 1.644 | noise: 0.100
Iter 2210 | Loss: -1293.593 | lengthscale: 1.162 | outputscale: 1.647 | noise: 0.100
Iter 2220 | Loss: -1293.578 | lengthscale: 1.161 | outputscale: 1.652 | noise: 0.100
Iter 2230 | Loss: -1293.610 | lengthscale: 1.163 | outputscale: 1.658 | noise: 0.100
Iter 2240 | Loss: -1293.507 | lengthscale: 1.170 | outputscale: 1.677 | noise: 0.100
Iter 2250 | Loss: -1293.653 | lengthscale: 1.164 | outputscale: 1.665 | noise: 0.100
Iter 2260 | Loss: -1293.557 | lengthscale: 1.161 | outputscale: 1.645 | noise: 0.100
Iter 2270 | Loss: -1293.567 | lengthscale: 1.160 | outputscale: 1.647 | noise: 0.100
Iter 2280 | Loss: -1293.569 | lengthscale: 1.163 | outputscale: 1.651 | noise: 0.100
Iter 2290 | Loss: -1293.545 | lengthscale: 1.158 | outputscale: 1.631 | noise: 0.100
Iter 2300 | Loss: -1293.627 | lengthscale: 1.165 | outputscale: 1.658 | noise: 0.100
Iter 2310 | Loss: -1293.515 | lengthscale: 1.172 | outputscale: 1.694 | noise: 0.100
Iter 2320 | Loss: -1293.610 | lengthscale: 1.168 | outputscale: 1.680 | noise: 0.100
Iter 2330 | Loss: -1293.605 | lengthscale: 1.164 | outputscale: 1.657 | noise: 0.100
Iter 2340 | Loss: -1293.557 | lengthscale: 1.164 | outputscale: 1.652 | noise: 0.100
Iter 2350 | Loss: -1293.573 | lengthscale: 1.163 | outputscale: 1.667 | noise: 0.100
Iter 2360 | Loss: -1293.522 | lengthscale: 1.164 | outputscale: 1.652 | noise: 0.100
Iter 2370 | Loss: -1293.544 | lengthscale: 1.158 | outputscale: 1.627 | noise: 0.100
Iter 2380 | Loss: -1293.562 | lengthscale: 1.163 | outputscale: 1.652 | noise: 0.100
Iter 2390 | Loss: -1293.550 | lengthscale: 1.169 | outputscale: 1.675 | noise: 0.100
Iter 2400 | Loss: -1293.567 | lengthscale: 1.165 | outputscale: 1.652 | noise: 0.100
Iter 2410 | Loss: -1293.553 | lengthscale: 1.159 | outputscale: 1.634 | noise: 0.100
Iter 2420 | Loss: -1293.599 | lengthscale: 1.161 | outputscale: 1.651 | noise: 0.100
Iter 2430 | Loss: -1293.592 | lengthscale: 1.168 | outputscale: 1.676 | noise: 0.100
Iter 2440 | Loss: -1293.511 | lengthscale: 1.170 | outputscale: 1.687 | noise: 0.100
Iter 2450 | Loss: -1293.581 | lengthscale: 1.167 | outputscale: 1.661 | noise: 0.100
Iter 2460 | Loss: -1293.524 | lengthscale: 1.164 | outputscale: 1.661 | noise: 0.100
Iter 2470 | Loss: -1293.587 | lengthscale: 1.166 | outputscale: 1.669 | noise: 0.100
Iter 2480 | Loss: -1293.614 | lengthscale: 1.161 | outputscale: 1.645 | noise: 0.100
Iter 2490 | Loss: -1293.570 | lengthscale: 1.162 | outputscale: 1.646 | noise: 0.100
Iter 2499 | Loss: -1293.575 | lengthscale: 1.163 | outputscale: 1.659 | noise: 0.100
Learned Hyperparams:  {'lengthscale': 1.163280725479126, 'outputscale': 1.6591767072677612, 'noise': 0.09966203570365906, 'marginal_likelihood_loss_history': [-815.1541748046875, -826.3482666015625, -837.4615478515625, -848.4962158203125, -859.4432373046875, -870.3072509765625, -881.0775146484375, -891.7584228515625, -902.3409423828125, -912.8226318359375, -923.2030029296875, -933.4793701171875, -943.6448974609375, -953.7015380859375, -963.6441650390625, -973.4674072265625, -983.1680908203125, -992.7486572265625, -1002.2030029296875, -1011.5308837890625, -1020.7154541015625, -1029.7723388671875, -1038.6917724609375, -1047.4754638671875, -1056.1121826171875, -1064.5953369140625, -1072.9434814453125, -1081.1329345703125, -1089.1854248046875, -1097.0574951171875, -1104.7813720703125, -1112.3572998046875, -1119.7598876953125, -1127.0023193359375, -1134.0792236328125, -1140.9945068359375, -1147.7366943359375, -1154.3184814453125, -1160.7161865234375, -1166.9456787109375, -1173.0235595703125, -1178.9056396484375, -1184.6236572265625, -1190.1717529296875, -1195.5501708984375, -1200.7379150390625, -1205.7852783203125, -1210.6510009765625, -1215.3104248046875, -1219.8199462890625, -1224.1932373046875, -1228.3353271484375, -1232.3726806640625, -1236.2005615234375, -1239.8751220703125, -1243.3931884765625, -1246.7738037109375, -1249.9810791015625, -1253.0501708984375, -1255.9254150390625, -1258.7020263671875, -1261.3323974609375, -1263.7806396484375, -1266.1068115234375, -1268.3494873046875, -1270.4283447265625, -1272.4061279296875, -1274.1761474609375, -1275.9000244140625, -1277.4876708984375, -1278.9949951171875, -1280.3485107421875, -1281.6036376953125, -1282.7967529296875, -1283.9495849609375, -1284.8770751953125, -1285.8516845703125, -1286.7127685546875, -1287.4796142578125, -1288.1966552734375, -1288.8480224609375, -1289.3585205078125, -1289.9395751953125, -1290.3724365234375, -1290.7952880859375, -1291.2144775390625, -1291.4989013671875, -1291.8050537109375, -1292.0487060546875, -1292.2908935546875, -1292.5518798828125, -1292.6343994140625, -1292.8670654296875, -1292.9832763671875, -1293.0633544921875, -1293.2430419921875, -1293.2137451171875, -1293.3094482421875, -1293.4129638671875, -1293.4742431640625, -1293.4696044921875, -1293.5494384765625, -1293.5057373046875, -1293.5133056640625, -1293.5679931640625, -1293.5760498046875, -1293.5643310546875, -1293.5604248046875, -1293.5296630859375, -1293.5194091796875, -1293.5999755859375, -1293.6256103515625, -1293.5667724609375, -1293.5164794921875, -1293.5296630859375, -1293.5675048828125, -1293.5706787109375, -1293.5340576171875, -1293.4901123046875, -1293.5682373046875, -1293.4981689453125, -1293.6072998046875, -1293.5281982421875, -1293.5240478515625, -1293.5264892578125, -1293.4603271484375, -1293.5450439453125, -1293.5653076171875, -1293.5716552734375, -1293.4813232421875, -1293.4879150390625, -1293.4842529296875, -1293.5687255859375, -1293.5706787109375, -1293.5032958984375, -1293.5648193359375, -1293.5003662109375, -1293.5394287109375, -1293.5101318359375, -1293.5330810546875, -1293.5863037109375, -1293.5364990234375, -1293.5140380859375, -1293.5386962890625, -1293.5721435546875, -1293.6300048828125, -1293.5379638671875, -1293.5545654296875, -1293.5531005859375, -1293.5408935546875, -1293.5255126953125, -1293.5611572265625, -1293.5880126953125, -1293.6241455078125, -1293.5972900390625, -1293.5399169921875, -1293.5916748046875, -1293.6126708984375, -1293.6190185546875, -1293.5931396484375, -1293.5843505859375, -1293.5355224609375, -1293.5301513671875, -1293.6051025390625, -1293.5521240234375, -1293.6094970703125, -1293.5684814453125, -1293.5858154296875, -1293.5162353515625, -1293.5906982421875, -1293.5550537109375, -1293.5765380859375, -1293.5697021484375, -1293.5152587890625, -1293.5640869140625, -1293.5753173828125, -1293.5882568359375, -1293.5657958984375, -1293.5794677734375, -1293.6326904296875, -1293.5894775390625, -1293.6055908203125, -1293.6314697265625, -1293.5823974609375, -1293.6187744140625, -1293.5723876953125, -1293.5316162109375, -1293.5906982421875, -1293.5789794921875, -1293.5335693359375, -1293.5345458984375, -1293.6304931640625, -1293.5836181640625, -1293.5550537109375, -1293.5699462890625, -1293.5557861328125, -1293.5972900390625, -1293.5848388671875, -1293.5501708984375, -1293.5711669921875, -1293.5574951171875, -1293.5750732421875, -1293.5894775390625, -1293.5794677734375, -1293.5635986328125, -1293.6107177734375, -1293.5711669921875, -1293.5777587890625, -1293.5921630859375, -1293.5789794921875, -1293.5736083984375, -1293.5245361328125, -1293.6207275390625, -1293.5738525390625, -1293.5843505859375, -1293.5177001953125, -1293.5606689453125, -1293.5662841796875, -1293.5955810546875, -1293.5350341796875, -1293.5638427734375, -1293.6395263671875, -1293.5181884765625, -1293.5863037109375, -1293.5472412109375, -1293.5819091796875, -1293.5855712890625, -1293.5555419921875, -1293.5443115234375, -1293.5584716796875, -1293.5677490234375, -1293.5850830078125, -1293.6156005859375, -1293.5814208984375, -1293.5902099609375, -1293.5565185546875, -1293.6014404296875, -1293.5765380859375, -1293.5535888671875, -1293.5657958984375, -1293.5926513671875, -1293.5853271484375, -1293.5108642578125, -1293.5526123046875, -1293.5728759765625, -1293.5433349609375, -1293.6231689453125, -1293.5745849609375, -1293.5697021484375, -1293.6221923828125, -1293.5867919921875, -1293.5596923828125, -1293.5479736328125, -1293.5335693359375, -1293.5155029296875, -1293.6009521484375, -1293.5731201171875, -1293.5799560546875, -1293.5269775390625, -1293.5255126953125, -1293.5321044921875, -1293.5631103515625, -1293.5594482421875, -1293.5714111328125, -1293.5306396484375, -1293.5472412109375, -1293.5147705078125, -1293.5467529296875, -1293.5494384765625, -1293.5726318359375, -1293.5386962890625, -1293.5523681640625, -1293.5911865234375, -1293.6011962890625, -1293.6011962890625, -1293.6204833984375, -1293.5709228515625, -1293.5262451171875, -1293.5723876953125, -1293.5792236328125, -1293.6097412109375, -1293.5623779296875, -1293.5184326171875, -1293.5609130859375, -1293.5450439453125, -1293.5877685546875, -1293.5582275390625, -1293.5672607421875, -1293.5389404296875, -1293.5560302734375, -1293.6058349609375, -1293.5843505859375, -1293.5909423828125, -1293.5865478515625, -1293.5946044921875, -1293.6065673828125, -1293.5184326171875, -1293.5426025390625, -1293.5887451171875, -1293.5960693359375, -1293.6297607421875, -1293.5491943359375, -1293.5531005859375, -1293.5374755859375, -1293.5950927734375, -1293.5633544921875, -1293.6175537109375, -1293.5472412109375, -1293.5184326171875, -1293.5438232421875, -1293.5528564453125, -1293.5596923828125, -1293.6048583984375, -1293.6024169921875, -1293.5364990234375, -1293.5738525390625, -1293.5184326171875, -1293.6202392578125, -1293.5321044921875, -1293.5716552734375, -1293.5999755859375, -1293.5281982421875, -1293.4964599609375, -1293.6077880859375, -1293.5255126953125, -1293.5330810546875, -1293.5867919921875, -1293.5340576171875, -1293.6214599609375, -1293.5408935546875, -1293.5994873046875, -1293.5799560546875, -1293.5533447265625, -1293.5169677734375, -1293.5921630859375, -1293.5765380859375, -1293.5728759765625, -1293.5150146484375, -1293.5697021484375, -1293.6810302734375, -1293.6243896484375, -1293.6146240234375, -1293.6077880859375, -1293.6082763671875, -1293.5711669921875, -1293.5484619140625, -1293.5889892578125, -1293.5877685546875, -1293.6346435546875, -1293.5550537109375, -1293.6019287109375, -1293.5682373046875, -1293.5369873046875, -1293.5999755859375, -1293.5433349609375, -1293.6380615234375, -1293.5567626953125, -1293.5186767578125, -1293.5831298828125, -1293.5555419921875, -1293.5882568359375, -1293.5946044921875, -1293.6004638671875, -1293.5203857421875, -1293.5540771484375, -1293.6041259765625, -1293.5682373046875, -1293.5718994140625, -1293.6263427734375, -1293.5897216796875, -1293.5745849609375, -1293.5765380859375, -1293.5560302734375, -1293.5694580078125, -1293.6004638671875, -1293.5496826171875, -1293.5589599609375, -1293.6014404296875, -1293.4984130859375, -1293.5823974609375, -1293.5616455078125, -1293.5482177734375, -1293.5765380859375, -1293.6363525390625, -1293.5565185546875, -1293.5738525390625, -1293.5726318359375, -1293.5443115234375, -1293.5877685546875, -1293.5806884765625, -1293.5350341796875, -1293.5906982421875, -1293.5960693359375, -1293.5755615234375, -1293.5264892578125, -1293.5904541015625, -1293.5892333984375, -1293.5863037109375, -1293.5330810546875, -1293.5843505859375, -1293.5228271484375, -1293.5362548828125, -1293.6068115234375, -1293.6065673828125, -1293.5936279296875, -1293.5391845703125, -1293.5223388671875, -1293.5457763671875, -1293.5670166015625, -1293.5748291015625, -1293.5960693359375, -1293.5552978515625, -1293.5643310546875, -1293.5867919921875, -1293.6380615234375, -1293.5648193359375, -1293.5623779296875, -1293.5516357421875, -1293.5811767578125, -1293.5374755859375, -1293.5521240234375, -1293.5457763671875, -1293.5643310546875, -1293.5281982421875, -1293.5452880859375, -1293.5880126953125, -1293.5599365234375, -1293.5516357421875, -1293.6397705078125, -1293.5780029296875, -1293.5748291015625, -1293.5740966796875, -1293.5965576171875, -1293.5960693359375, -1293.5972900390625, -1293.5238037109375, -1293.5565185546875, -1293.5235595703125, -1293.6033935546875, -1293.5303955078125, -1293.5587158203125, -1293.5833740234375, -1293.5579833984375, -1293.5955810546875, -1293.5601806640625, -1293.5682373046875, -1293.5555419921875, -1293.4974365234375, -1293.5433349609375, -1293.5640869140625, -1293.5653076171875, -1293.5784912109375, -1293.5704345703125, -1293.6033935546875, -1293.5550537109375, -1293.5350341796875, -1293.5726318359375, -1293.5782470703125, -1293.5853271484375, -1293.5618896484375, -1293.5433349609375, -1293.5526123046875, -1293.5599365234375, -1293.5946044921875, -1293.5897216796875, -1293.6092529296875, -1293.5921630859375, -1293.5736083984375, -1293.5811767578125, -1293.5552978515625, -1293.5279541015625, -1293.6463623046875, -1293.5968017578125, -1293.6051025390625, -1293.6270751953125, -1293.5816650390625, -1293.5474853515625, -1293.5528564453125, -1293.5706787109375, -1293.5728759765625, -1293.6102294921875, -1293.5792236328125, -1293.5477294921875, -1293.5743408203125, -1293.5714111328125, -1293.5899658203125, -1293.5692138671875, -1293.5467529296875, -1293.5755615234375, -1293.5975341796875, -1293.5894775390625, -1293.5628662109375, -1293.6004638671875, -1293.5946044921875, -1293.5335693359375, -1293.5657958984375, -1293.6026611328125, -1293.5963134765625, -1293.5843505859375, -1293.5411376953125, -1293.5545654296875, -1293.6048583984375, -1293.5684814453125, -1293.5491943359375, -1293.5516357421875, -1293.5987548828125, -1293.5814208984375, -1293.5611572265625, -1293.5982666015625, -1293.5657958984375, -1293.5350341796875, -1293.5897216796875, -1293.5340576171875, -1293.5531005859375, -1293.5838623046875, -1293.5889892578125, -1293.6610107421875, -1293.5538330078125, -1293.5609130859375, -1293.6141357421875, -1293.5975341796875, -1293.5543212890625, -1293.5355224609375, -1293.6253662109375, -1293.5958251953125, -1293.6068115234375, -1293.5511474609375, -1293.5989990234375, -1293.6278076171875, -1293.5386962890625, -1293.6409912109375, -1293.5611572265625, -1293.6007080078125, -1293.6043701171875, -1293.5780029296875, -1293.5589599609375, -1293.5677490234375, -1293.5020751953125, -1293.5863037109375, -1293.5697021484375, -1293.5491943359375, -1293.5731201171875, -1293.5997314453125, -1293.5877685546875, -1293.5838623046875, -1293.5472412109375, -1293.5906982421875, -1293.5599365234375, -1293.5770263671875, -1293.4830322265625, -1293.6065673828125, -1293.5916748046875, -1293.5435791015625, -1293.5701904296875, -1293.6046142578125, -1293.6151123046875, -1293.5128173828125, -1293.5897216796875, -1293.5809326171875, -1293.6072998046875, -1293.5526123046875, -1293.6077880859375, -1293.5633544921875, -1293.5745849609375, -1293.5482177734375, -1293.5809326171875, -1293.5555419921875, -1293.5758056640625, -1293.4998779296875, -1293.5523681640625, -1293.5643310546875, -1293.5531005859375, -1293.5355224609375, -1293.5919189453125, -1293.5836181640625, -1293.5120849609375, -1293.5267333984375, -1293.5936279296875, -1293.5528564453125, -1293.5697021484375, -1293.5325927734375, -1293.5089111328125, -1293.5638427734375, -1293.5489501953125, -1293.5823974609375, -1293.5506591796875, -1293.5806884765625, -1293.5137939453125, -1293.5970458984375, -1293.5230712890625, -1293.5916748046875, -1293.5443115234375, -1293.5721435546875, -1293.5194091796875, -1293.5738525390625, -1293.5728759765625, -1293.5452880859375, -1293.5714111328125, -1293.5684814453125, -1293.5765380859375, -1293.5516357421875, -1293.5650634765625, -1293.5306396484375, -1293.5225830078125, -1293.6112060546875, -1293.5604248046875, -1293.5736083984375, -1293.5906982421875, -1293.5853271484375, -1293.5928955078125, -1293.6395263671875, -1293.5521240234375, -1293.5982666015625, -1293.5477294921875, -1293.5135498046875, -1293.5682373046875, -1293.6009521484375, -1293.5555419921875, -1293.6937255859375, -1293.5802001953125, -1293.5340576171875, -1293.5213623046875, -1293.5770263671875, -1293.5682373046875, -1293.5213623046875, -1293.5169677734375, -1293.5721435546875, -1293.6214599609375, -1293.5653076171875, -1293.5880126953125, -1293.5870361328125, -1293.5902099609375, -1293.5328369140625, -1293.5457763671875, -1293.5648193359375, -1293.5440673828125, -1293.5335693359375, -1293.5091552734375, -1293.5828857421875, -1293.5960693359375, -1293.5665283203125, -1293.6151123046875, -1293.5396728515625, -1293.5235595703125, -1293.5394287109375, -1293.6033935546875, -1293.6124267578125, -1293.5172119140625, -1293.5262451171875, -1293.5875244140625, -1293.5570068359375, -1293.6041259765625, -1293.5697021484375, -1293.5677490234375, -1293.5072021484375, -1293.5550537109375, -1293.5506591796875, -1293.5902099609375, -1293.6016845703125, -1293.6087646484375, -1293.5457763671875, -1293.5069580078125, -1293.5653076171875, -1293.6202392578125, -1293.5753173828125, -1293.5643310546875, -1293.5413818359375, -1293.4637451171875, -1293.5860595703125, -1293.5865478515625, -1293.5482177734375, -1293.5772705078125, -1293.5865478515625, -1293.5743408203125, -1293.5443115234375, -1293.5384521484375, -1293.5718994140625, -1293.5745849609375, -1293.6395263671875, -1293.5638427734375, -1293.5989990234375, -1293.5548095703125, -1293.5701904296875, -1293.5482177734375, -1293.5699462890625, -1293.5501708984375, -1293.5257568359375, -1293.5574951171875, -1293.5999755859375, -1293.5745849609375, -1293.5428466796875, -1293.5496826171875, -1293.5311279296875, -1293.5147705078125, -1293.5706787109375, -1293.5440673828125, -1293.5755615234375, -1293.5906982421875, -1293.5584716796875, -1293.5716552734375, -1293.5364990234375, -1293.5155029296875, -1293.5946044921875, -1293.5289306640625, -1293.5985107421875, -1293.5804443359375, -1293.5511474609375, -1293.5384521484375, -1293.6102294921875, -1293.5770263671875, -1293.5574951171875, -1293.4964599609375, -1293.5679931640625, -1293.6204833984375, -1293.5692138671875, -1293.5938720703125, -1293.5755615234375, -1293.5467529296875, -1293.5386962890625, -1293.5638427734375, -1293.5162353515625, -1293.6068115234375, -1293.5526123046875, -1293.5941162109375, -1293.5865478515625, -1293.5545654296875, -1293.5885009765625, -1293.6290283203125, -1293.6151123046875, -1293.5799560546875, -1293.5887451171875, -1293.5682373046875, -1293.6068115234375, -1293.5467529296875, -1293.5535888671875, -1293.5845947265625, -1293.5784912109375, -1293.5577392578125, -1293.5289306640625, -1293.6358642578125, -1293.5933837890625, -1293.6004638671875, -1293.5682373046875, -1293.6219482421875, -1293.5848388671875, -1293.5731201171875, -1293.6097412109375, -1293.5889892578125, -1293.5760498046875, -1293.6053466796875, -1293.5843505859375, -1293.6163330078125, -1293.6024169921875, -1293.5814208984375, -1293.6158447265625, -1293.5633544921875, -1293.6099853515625, -1293.5767822265625, -1293.5103759765625, -1293.6036376953125, -1293.6077880859375, -1293.5863037109375, -1293.5814208984375, -1293.5758056640625, -1293.5987548828125, -1293.5921630859375, -1293.5926513671875, -1293.5111083984375, -1293.5933837890625, -1293.5994873046875, -1293.6043701171875, -1293.5379638671875, -1293.5076904296875, -1293.5521240234375, -1293.5147705078125, -1293.5816650390625, -1293.6278076171875, -1293.5662841796875, -1293.5616455078125, -1293.5531005859375, -1293.5828857421875, -1293.5452880859375, -1293.5120849609375, -1293.6051025390625, -1293.5831298828125, -1293.5335693359375, -1293.5592041015625, -1293.5565185546875, -1293.5457763671875, -1293.5526123046875, -1293.5428466796875, -1293.5184326171875, -1293.5335693359375, -1293.5955810546875, -1293.5750732421875, -1293.5921630859375, -1293.5711669921875, -1293.5047607421875, -1293.5823974609375, -1293.5496826171875, -1293.5762939453125, -1293.5833740234375, -1293.5435791015625, -1293.5421142578125, -1293.5799560546875, -1293.5784912109375, -1293.5291748046875, -1293.5355224609375, -1293.6072998046875, -1293.5667724609375, -1293.5240478515625, -1293.5487060546875, -1293.5462646484375, -1293.6121826171875, -1293.6021728515625, -1293.5572509765625, -1293.6134033203125, -1293.5355224609375, -1293.5455322265625, -1293.5809326171875, -1293.5360107421875, -1293.5362548828125, -1293.5758056640625, -1293.5623779296875, -1293.5150146484375, -1293.5435791015625, -1293.6234130859375, -1293.5882568359375, -1293.5582275390625, -1293.5946044921875, -1293.5272216796875, -1293.4998779296875, -1293.5301513671875, -1293.6248779296875, -1293.5535888671875, -1293.5548095703125, -1293.5802001953125, -1293.6114501953125, -1293.6107177734375, -1293.5228271484375, -1293.5335693359375, -1293.5408935546875, -1293.5408935546875, -1293.5609130859375, -1293.5037841796875, -1293.5894775390625, -1293.5572509765625, -1293.6182861328125, -1293.5516357421875, -1293.5462646484375, -1293.5987548828125, -1293.5867919921875, -1293.5999755859375, -1293.5633544921875, -1293.5736083984375, -1293.5675048828125, -1293.5672607421875, -1293.5802001953125, -1293.5748291015625, -1293.5804443359375, -1293.5794677734375, -1293.5635986328125, -1293.6060791015625, -1293.5823974609375, -1293.5506591796875, -1293.5626220703125, -1293.5635986328125, -1293.5750732421875, -1293.5838623046875, -1293.5584716796875, -1293.5418701171875, -1293.5833740234375, -1293.5870361328125, -1293.5709228515625, -1293.5584716796875, -1293.5574951171875, -1293.6041259765625, -1293.6641845703125, -1293.5301513671875, -1293.6260986328125, -1293.5369873046875, -1293.5958251953125, -1293.5648193359375, -1293.5843505859375, -1293.5509033203125, -1293.5552978515625, -1293.5819091796875, -1293.5733642578125, -1293.5828857421875, -1293.6541748046875, -1293.6068115234375, -1293.5904541015625, -1293.6378173828125, -1293.6053466796875, -1293.5347900390625, -1293.5235595703125, -1293.6192626953125, -1293.6297607421875, -1293.5692138671875, -1293.5372314453125, -1293.6085205078125, -1293.5687255859375, -1293.6134033203125, -1293.4439697265625, -1293.5262451171875, -1293.5189208984375, -1293.5843505859375, -1293.5592041015625, -1293.5848388671875, -1293.5382080078125, -1293.6243896484375, -1293.5692138671875, -1293.5557861328125, -1293.5157470703125, -1293.5904541015625, -1293.5162353515625, -1293.5255126953125, -1293.5692138671875, -1293.4964599609375, -1293.5938720703125, -1293.5399169921875, -1293.6099853515625, -1293.5096435546875, -1293.5594482421875, -1293.5355224609375, -1293.5631103515625, -1293.6153564453125, -1293.5880126953125, -1293.6297607421875, -1293.6102294921875, -1293.5106201171875, -1293.5135498046875, -1293.5355224609375, -1293.5601806640625, -1293.5946044921875, -1293.6209716796875, -1293.6336669921875, -1293.5584716796875, -1293.5301513671875, -1293.6134033203125, -1293.6456298828125, -1293.5789794921875, -1293.5277099609375, -1293.5247802734375, -1293.5877685546875, -1293.5831298828125, -1293.5428466796875, -1293.6024169921875, -1293.5545654296875, -1293.5645751953125, -1293.5657958984375, -1293.5599365234375, -1293.5560302734375, -1293.5738525390625, -1293.5565185546875, -1293.5281982421875, -1293.4732666015625, -1293.5931396484375, -1293.6170654296875, -1293.5555419921875, -1293.5858154296875, -1293.5618896484375, -1293.5836181640625, -1293.5860595703125, -1293.5501708984375, -1293.6343994140625, -1293.5238037109375, -1293.5570068359375, -1293.4632568359375, -1293.5404052734375, -1293.5589599609375, -1293.5738525390625, -1293.5223388671875, -1293.6146240234375, -1293.5406494140625, -1293.5784912109375, -1293.5653076171875, -1293.5667724609375, -1293.6439208984375, -1293.5526123046875, -1293.5125732421875, -1293.6119384765625, -1293.5445556640625, -1293.5281982421875, -1293.5631103515625, -1293.5330810546875, -1293.5614013671875, -1293.5662841796875, -1293.5655517578125, -1293.5391845703125, -1293.5711669921875, -1293.6029052734375, -1293.6033935546875, -1293.6036376953125, -1293.5389404296875, -1293.5765380859375, -1293.5672607421875, -1293.6114501953125, -1293.5853271484375, -1293.6104736328125, -1293.5565185546875, -1293.5404052734375, -1293.6072998046875, -1293.6068115234375, -1293.5301513671875, -1293.5706787109375, -1293.5350341796875, -1293.5750732421875, -1293.5833740234375, -1293.5799560546875, -1293.6248779296875, -1293.6129150390625, -1293.5440673828125, -1293.5526123046875, -1293.5357666015625, -1293.5577392578125, -1293.5989990234375, -1293.5797119140625, -1293.6219482421875, -1293.5511474609375, -1293.5594482421875, -1293.5391845703125, -1293.5775146484375, -1293.5858154296875, -1293.6160888671875, -1293.6009521484375, -1293.5833740234375, -1293.5257568359375, -1293.5321044921875, -1293.5704345703125, -1293.5689697265625, -1293.5816650390625, -1293.5838623046875, -1293.5931396484375, -1293.5750732421875, -1293.5814208984375, -1293.5755615234375, -1293.5831298828125, -1293.5809326171875, -1293.5562744140625, -1293.5325927734375, -1293.6124267578125, -1293.5850830078125, -1293.5325927734375, -1293.5772705078125, -1293.5750732421875, -1293.6219482421875, -1293.5853271484375, -1293.5909423828125, -1293.6097412109375, -1293.5286865234375, -1293.5777587890625, -1293.5677490234375, -1293.5711669921875, -1293.5233154296875, -1293.6165771484375, -1293.5618896484375, -1293.5447998046875, -1293.6300048828125, -1293.5706787109375, -1293.5538330078125, -1293.6639404296875, -1293.5914306640625, -1293.6195068359375, -1293.5882568359375, -1293.6063232421875, -1293.5955810546875, -1293.6165771484375, -1293.5120849609375, -1293.5296630859375, -1293.5474853515625, -1293.6099853515625, -1293.5655517578125, -1293.5877685546875, -1293.5491943359375, -1293.5552978515625, -1293.5902099609375, -1293.5863037109375, -1293.5740966796875, -1293.5919189453125, -1293.5677490234375, -1293.5382080078125, -1293.5535888671875, -1293.4857177734375, -1293.5462646484375, -1293.5228271484375, -1293.6087646484375, -1293.5677490234375, -1293.5809326171875, -1293.5311279296875, -1293.5228271484375, -1293.5623779296875, -1293.5833740234375, -1293.5731201171875, -1293.5394287109375, -1293.5955810546875, -1293.5577392578125, -1293.5306396484375, -1293.5657958984375, -1293.5655517578125, -1293.5672607421875, -1293.5433349609375, -1293.5208740234375, -1293.5848388671875, -1293.5889892578125, -1293.5672607421875, -1293.5592041015625, -1293.5570068359375, -1293.5860595703125, -1293.5775146484375, -1293.5399169921875, -1293.5511474609375, -1293.5311279296875, -1293.5294189453125, -1293.5828857421875, -1293.5640869140625, -1293.5562744140625, -1293.6239013671875, -1293.5855712890625, -1293.5733642578125, -1293.5340576171875, -1293.5709228515625, -1293.4708251953125, -1293.5465087890625, -1293.5982666015625, -1293.5601806640625, -1293.5916748046875, -1293.6375732421875, -1293.5765380859375, -1293.5618896484375, -1293.6351318359375, -1293.5408935546875, -1293.5697021484375, -1293.5750732421875, -1293.5521240234375, -1293.6173095703125, -1293.5941162109375, -1293.5833740234375, -1293.6717529296875, -1293.5731201171875, -1293.6153564453125, -1293.6024169921875, -1293.6248779296875, -1293.5936279296875, -1293.6097412109375, -1293.5604248046875, -1293.5987548828125, -1293.5499267578125, -1293.5616455078125, -1293.5560302734375, -1293.5230712890625, -1293.4893798828125, -1293.5184326171875, -1293.5772705078125, -1293.5545654296875, -1293.5609130859375, -1293.6165771484375, -1293.5731201171875, -1293.6182861328125, -1293.5850830078125, -1293.5882568359375, -1293.5531005859375, -1293.5399169921875, -1293.5716552734375, -1293.5675048828125, -1293.5687255859375, -1293.6063232421875, -1293.5943603515625, -1293.6270751953125, -1293.5902099609375, -1293.5911865234375, -1293.5633544921875, -1293.5687255859375, -1293.6011962890625, -1293.4835205078125, -1293.6116943359375, -1293.5521240234375, -1293.6282958984375, -1293.5750732421875, -1293.5447998046875, -1293.5755615234375, -1293.5994873046875, -1293.5555419921875, -1293.5965576171875, -1293.5599365234375, -1293.5589599609375, -1293.5784912109375, -1293.6295166015625, -1293.6341552734375, -1293.5697021484375, -1293.5621337890625, -1293.6009521484375, -1293.5711669921875, -1293.5897216796875, -1293.5675048828125, -1293.5184326171875, -1293.5404052734375, -1293.5950927734375, -1293.5494384765625, -1293.6163330078125, -1293.5728759765625, -1293.5760498046875, -1293.5023193359375, -1293.5389404296875, -1293.6138916015625, -1293.5933837890625, -1293.5950927734375, -1293.5994873046875, -1293.5489501953125, -1293.5367431640625, -1293.6011962890625, -1293.5980224609375, -1293.6080322265625, -1293.5819091796875, -1293.6204833984375, -1293.6507568359375, -1293.5980224609375, -1293.6346435546875, -1293.5784912109375, -1293.5950927734375, -1293.5816650390625, -1293.5189208984375, -1293.6214599609375, -1293.5867919921875, -1293.5919189453125, -1293.6141357421875, -1293.6185302734375, -1293.6046142578125, -1293.5828857421875, -1293.6170654296875, -1293.5697021484375, -1293.5423583984375, -1293.6068115234375, -1293.5816650390625, -1293.5081787109375, -1293.5728759765625, -1293.6517333984375, -1293.5875244140625, -1293.6072998046875, -1293.5423583984375, -1293.5516357421875, -1293.5928955078125, -1293.6011962890625, -1293.5745849609375, -1293.5540771484375, -1293.5714111328125, -1293.5792236328125, -1293.5496826171875, -1293.5838623046875, -1293.5550537109375, -1293.5657958984375, -1293.5631103515625, -1293.5787353515625, -1293.5660400390625, -1293.5765380859375, -1293.5906982421875, -1293.5616455078125, -1293.5484619140625, -1293.5775146484375, -1293.6134033203125, -1293.6146240234375, -1293.5096435546875, -1293.4947509765625, -1293.5435791015625, -1293.5667724609375, -1293.6068115234375, -1293.5450439453125, -1293.5675048828125, -1293.5233154296875, -1293.6090087890625, -1293.5394287109375, -1293.5462646484375, -1293.5343017578125, -1293.5723876953125, -1293.5775146484375, -1293.5506591796875, -1293.5633544921875, -1293.5628662109375, -1293.5936279296875, -1293.5809326171875, -1293.6019287109375, -1293.5706787109375, -1293.6019287109375, -1293.5421142578125, -1293.5260009765625, -1293.5545654296875, -1293.5428466796875, -1293.5777587890625, -1293.5916748046875, -1293.5804443359375, -1293.5560302734375, -1293.5233154296875, -1293.5814208984375, -1293.5482177734375, -1293.5379638671875, -1293.5242919921875, -1293.6234130859375, -1293.5291748046875, -1293.5775146484375, -1293.5198974609375, -1293.5928955078125, -1293.6148681640625, -1293.5189208984375, -1293.5965576171875, -1293.5919189453125, -1293.5325927734375, -1293.5494384765625, -1293.5921630859375, -1293.5784912109375, -1293.5894775390625, -1293.5701904296875, -1293.5462646484375, -1293.5450439453125, -1293.6004638671875, -1293.6136474609375, -1293.5865478515625, -1293.5706787109375, -1293.5360107421875, -1293.4776611328125, -1293.5692138671875, -1293.5643310546875, -1293.5609130859375, -1293.5914306640625, -1293.5711669921875, -1293.5518798828125, -1293.5682373046875, -1293.5389404296875, -1293.6119384765625, -1293.5504150390625, -1293.5711669921875, -1293.5565185546875, -1293.5623779296875, -1293.6395263671875, -1293.6063232421875, -1293.6395263671875, -1293.5484619140625, -1293.5528564453125, -1293.6527099609375, -1293.5672607421875, -1293.5706787109375, -1293.5399169921875, -1293.5909423828125, -1293.5711669921875, -1293.5272216796875, -1293.6424560546875, -1293.5501708984375, -1293.6187744140625, -1293.6165771484375, -1293.5418701171875, -1293.5428466796875, -1293.5743408203125, -1293.5955810546875, -1293.6468505859375, -1293.6185302734375, -1293.5716552734375, -1293.5931396484375, -1293.5440673828125, -1293.5594482421875, -1293.6566162109375, -1293.5853271484375, -1293.6683349609375, -1293.5809326171875, -1293.6011962890625, -1293.5643310546875, -1293.5496826171875, -1293.5953369140625, -1293.5799560546875, -1293.6326904296875, -1293.5933837890625, -1293.5211181640625, -1293.5941162109375, -1293.5809326171875, -1293.6046142578125, -1293.5777587890625, -1293.4947509765625, -1293.6070556640625, -1293.6170654296875, -1293.5872802734375, -1293.6131591796875, -1293.5831298828125, -1293.6109619140625, -1293.5953369140625, -1293.5518798828125, -1293.5745849609375, -1293.5614013671875, -1293.5638427734375, -1293.5809326171875, -1293.5394287109375, -1293.5770263671875, -1293.5550537109375, -1293.6016845703125, -1293.5443115234375, -1293.5906982421875, -1293.5794677734375, -1293.6029052734375, -1293.5604248046875, -1293.5443115234375, -1293.5291748046875, -1293.6243896484375, -1293.5902099609375, -1293.5555419921875, -1293.6136474609375, -1293.5286865234375, -1293.6141357421875, -1293.5211181640625, -1293.5301513671875, -1293.5577392578125, -1293.6077880859375, -1293.5828857421875, -1293.5355224609375, -1293.5233154296875, -1293.4945068359375, -1293.5677490234375, -1293.5767822265625, -1293.5848388671875, -1293.5828857421875, -1293.5050048828125, -1293.5633544921875, -1293.5306396484375, -1293.5435791015625, -1293.6265869140625, -1293.5311279296875, -1293.6080322265625, -1293.5521240234375, -1293.6080322265625, -1293.5731201171875, -1293.5797119140625, -1293.6160888671875, -1293.6126708984375, -1293.5975341796875, -1293.5867919921875, -1293.5582275390625, -1293.6219482421875, -1293.5762939453125, -1293.5499267578125, -1293.5501708984375, -1293.5885009765625, -1293.6160888671875, -1293.6068115234375, -1293.5474853515625, -1293.5628662109375, -1293.5609130859375, -1293.5560302734375, -1293.5653076171875, -1293.5970458984375, -1293.5697021484375, -1293.5545654296875, -1293.5047607421875, -1293.5233154296875, -1293.5863037109375, -1293.6029052734375, -1293.5970458984375, -1293.5623779296875, -1293.5301513671875, -1293.5765380859375, -1293.5697021484375, -1293.5115966796875, -1293.5911865234375, -1293.5643310546875, -1293.5550537109375, -1293.5565185546875, -1293.6024169921875, -1293.5198974609375, -1293.6317138671875, -1293.5198974609375, -1293.6165771484375, -1293.5445556640625, -1293.6134033203125, -1293.5902099609375, -1293.5587158203125, -1293.5242919921875, -1293.6016845703125, -1293.5316162109375, -1293.5821533203125, -1293.5750732421875, -1293.5819091796875, -1293.5858154296875, -1293.6229248046875, -1293.6007080078125, -1293.5841064453125, -1293.5460205078125, -1293.6148681640625, -1293.5513916015625, -1293.5955810546875, -1293.6224365234375, -1293.5819091796875, -1293.5406494140625, -1293.6009521484375, -1293.5819091796875, -1293.6331787109375, -1293.5784912109375, -1293.5255126953125, -1293.5728759765625, -1293.6121826171875, -1293.5828857421875, -1293.6295166015625, -1293.5687255859375, -1293.5267333984375, -1293.5552978515625, -1293.6072998046875, -1293.5262451171875, -1293.5772705078125, -1293.5802001953125, -1293.6038818359375, -1293.5430908203125, -1293.5780029296875, -1293.5889892578125, -1293.5753173828125, -1293.6121826171875, -1293.5736083984375, -1293.5892333984375, -1293.5267333984375, -1293.6143798828125, -1293.6014404296875, -1293.6187744140625, -1293.5611572265625, -1293.5819091796875, -1293.6051025390625, -1293.6014404296875, -1293.5660400390625, -1293.6231689453125, -1293.6143798828125, -1293.5277099609375, -1293.5406494140625, -1293.5528564453125, -1293.5672607421875, -1293.5902099609375, -1293.6317138671875, -1293.5325927734375, -1293.5408935546875, -1293.5589599609375, -1293.4954833984375, -1293.5770263671875, -1293.6136474609375, -1293.5457763671875, -1293.5299072265625, -1293.6102294921875, -1293.5277099609375, -1293.5189208984375, -1293.5919189453125, -1293.5184326171875, -1293.5633544921875, -1293.6273193359375, -1293.5657958984375, -1293.5806884765625, -1293.5089111328125, -1293.5306396484375, -1293.5887451171875, -1293.5047607421875, -1293.5281982421875, -1293.5604248046875, -1293.5882568359375, -1293.5963134765625, -1293.5574951171875, -1293.5462646484375, -1293.5184326171875, -1293.6072998046875, -1293.6356201171875, -1293.6024169921875, -1293.5662841796875, -1293.5638427734375, -1293.6331787109375, -1293.5164794921875, -1293.5897216796875, -1293.5531005859375, -1293.5726318359375, -1293.5567626953125, -1293.5731201171875, -1293.5472412109375, -1293.5328369140625, -1293.5760498046875, -1293.5819091796875, -1293.5721435546875, -1293.5477294921875, -1293.5235595703125, -1293.5740966796875, -1293.5682373046875, -1293.5804443359375, -1293.6058349609375, -1293.5482177734375, -1293.5863037109375, -1293.5819091796875, -1293.5853271484375, -1293.6051025390625, -1293.5677490234375, -1293.5802001953125, -1293.5618896484375, -1293.6058349609375, -1293.5911865234375, -1293.5867919921875, -1293.5843505859375, -1293.5843505859375, -1293.5980224609375, -1293.6156005859375, -1293.6141357421875, -1293.5465087890625, -1293.5247802734375, -1293.5355224609375, -1293.5802001953125, -1293.6107177734375, -1293.5594482421875, -1293.6004638671875, -1293.5999755859375, -1293.5745849609375, -1293.4925537109375, -1293.5924072265625, -1293.5565185546875, -1293.6251220703125, -1293.5465087890625, -1293.5218505859375, -1293.5836181640625, -1293.6422119140625, -1293.5804443359375, -1293.5228271484375, -1293.5831298828125, -1293.5970458984375, -1293.6419677734375, -1293.5716552734375, -1293.5755615234375, -1293.5355224609375, -1293.5540771484375, -1293.5472412109375, -1293.6136474609375, -1293.5291748046875, -1293.5269775390625, -1293.4818115234375, -1293.5650634765625, -1293.4930419921875, -1293.6343994140625, -1293.5804443359375, -1293.4974365234375, -1293.5240478515625, -1293.4561767578125, -1293.4906005859375, -1293.5662841796875, -1293.5526123046875, -1293.5462646484375, -1293.5770263671875, -1293.5670166015625, -1293.5887451171875, -1293.5535888671875, -1293.5902099609375, -1293.6004638671875, -1293.5413818359375, -1293.5965576171875, -1293.5733642578125, -1293.5618896484375, -1293.4534912109375, -1293.4605712890625, -1293.6051025390625, -1293.6558837890625, -1293.5489501953125, -1293.5286865234375, -1293.5079345703125, -1293.5880126953125, -1293.5318603515625, -1293.6273193359375, -1293.5975341796875, -1293.5931396484375, -1293.5897216796875, -1293.6153564453125, -1293.5955810546875, -1293.5648193359375, -1293.5628662109375, -1293.6114501953125, -1293.5557861328125, -1293.5657958984375, -1293.6114501953125, -1293.6043701171875, -1293.4893798828125, -1293.5985107421875, -1293.6126708984375, -1293.5877685546875, -1293.5858154296875, -1293.5118408203125, -1293.5426025390625, -1293.5499267578125, -1293.6004638671875, -1293.6209716796875, -1293.5736083984375, -1293.5687255859375, -1293.5067138671875, -1293.5648193359375, -1293.5538330078125, -1293.5687255859375, -1293.5523681640625, -1293.5750732421875, -1293.5743408203125, -1293.5399169921875, -1293.5728759765625, -1293.5067138671875, -1293.5828857421875, -1293.5621337890625, -1293.4969482421875, -1293.5985107421875, -1293.5599365234375, -1293.5941162109375, -1293.6116943359375, -1293.5767822265625, -1293.5753173828125, -1293.6365966796875, -1293.5567626953125, -1293.5111083984375, -1293.5189208984375, -1293.5223388671875, -1293.5938720703125, -1293.5823974609375, -1293.5570068359375, -1293.4847412109375, -1293.5150146484375, -1293.5159912109375, -1293.5267333984375, -1293.4998779296875, -1293.5577392578125, -1293.4876708984375, -1293.5135498046875, -1293.6148681640625, -1293.6253662109375, -1293.5721435546875, -1293.5804443359375, -1293.5872802734375, -1293.5762939453125, -1293.5675048828125, -1293.5364990234375, -1293.5428466796875, -1293.5721435546875, -1293.5648193359375, -1293.5504150390625, -1293.5338134765625, -1293.5623779296875, -1293.6361083984375, -1293.5565185546875, -1293.5467529296875, -1293.5889892578125, -1293.5618896484375, -1293.5687255859375, -1293.4906005859375, -1293.5496826171875, -1293.5748291015625, -1293.5833740234375, -1293.6195068359375, -1293.5838623046875, -1293.5426025390625, -1293.6024169921875, -1293.5848388671875, -1293.5531005859375, -1293.6097412109375, -1293.5272216796875, -1293.5665283203125, -1293.5828857421875, -1293.6170654296875, -1293.6375732421875, -1293.5594482421875, -1293.5592041015625, -1293.5897216796875, -1293.6282958984375, -1293.5997314453125, -1293.6583251953125, -1293.5775146484375, -1293.5133056640625, -1293.5386962890625, -1293.5152587890625, -1293.5301513671875, -1293.5203857421875, -1293.6593017578125, -1293.5904541015625, -1293.5926513671875, -1293.5906982421875, -1293.5628662109375, -1293.5928955078125, -1293.5540771484375, -1293.5916748046875, -1293.5799560546875, -1293.6197509765625, -1293.5494384765625, -1293.6016845703125, -1293.5948486328125, -1293.5201416015625, -1293.5408935546875, -1293.5843505859375, -1293.5430908203125, -1293.5933837890625, -1293.5755615234375, -1293.5125732421875, -1293.6094970703125, -1293.5545654296875, -1293.5933837890625, -1293.5989990234375, -1293.5919189453125, -1293.5809326171875, -1293.5577392578125, -1293.5433349609375, -1293.5860595703125, -1293.5909423828125, -1293.5484619140625, -1293.5611572265625, -1293.4871826171875, -1293.5067138671875, -1293.5628662109375, -1293.5775146484375, -1293.6077880859375, -1293.4984130859375, -1293.5487060546875, -1293.5885009765625, -1293.5882568359375, -1293.5313720703125, -1293.5447998046875, -1293.5838623046875, -1293.5787353515625, -1293.5640869140625, -1293.5106201171875, -1293.5140380859375, -1293.5435791015625, -1293.5262451171875, -1293.5638427734375, -1293.5921630859375, -1293.5325927734375, -1293.5015869140625, -1293.5587158203125, -1293.5760498046875, -1293.5557861328125, -1293.5526123046875, -1293.6444091796875, -1293.5897216796875, -1293.5731201171875, -1293.5443115234375, -1293.5294189453125, -1293.5694580078125, -1293.6224365234375, -1293.5897216796875, -1293.6119384765625, -1293.6336669921875, -1293.6243896484375, -1293.5821533203125, -1293.5306396484375, -1293.5780029296875, -1293.5545654296875, -1293.5628662109375, -1293.5770263671875, -1293.5655517578125, -1293.5159912109375, -1293.5408935546875, -1293.5994873046875, -1293.6051025390625, -1293.5330810546875, -1293.5716552734375, -1293.5438232421875, -1293.5440673828125, -1293.5609130859375, -1293.5426025390625, -1293.5350341796875, -1293.5423583984375, -1293.5130615234375, -1293.5311279296875, -1293.5863037109375, -1293.5643310546875, -1293.5562744140625, -1293.5438232421875, -1293.5404052734375, -1293.5687255859375, -1293.5623779296875, -1293.6102294921875, -1293.5755615234375, -1293.6134033203125, -1293.5819091796875, -1293.5770263671875, -1293.6119384765625, -1293.5506591796875, -1293.5828857421875, -1293.5716552734375, -1293.5755615234375, -1293.5858154296875, -1293.5872802734375, -1293.5887451171875, -1293.5999755859375, -1293.5274658203125, -1293.5467529296875, -1293.6053466796875, -1293.5950927734375, -1293.5509033203125, -1293.5704345703125, -1293.5919189453125, -1293.5010986328125, -1293.5872802734375, -1293.5640869140625, -1293.5731201171875, -1293.6221923828125, -1293.6395263671875, -1293.5775146484375, -1293.5523681640625, -1293.6231689453125, -1293.5616455078125, -1293.5950927734375, -1293.6229248046875, -1293.5665283203125, -1293.5382080078125, -1293.6138916015625, -1293.6346435546875, -1293.5753173828125, -1293.5599365234375, -1293.5035400390625, -1293.5677490234375, -1293.5755615234375, -1293.5780029296875, -1293.5286865234375, -1293.5535888671875, -1293.5526123046875, -1293.5980224609375, -1293.5548095703125, -1293.5836181640625, -1293.5870361328125, -1293.5574951171875, -1293.5255126953125, -1293.5364990234375, -1293.5489501953125, -1293.6043701171875, -1293.6011962890625, -1293.5592041015625, -1293.5616455078125, -1293.5638427734375, -1293.6446533203125, -1293.6258544921875, -1293.5350341796875, -1293.6175537109375, -1293.5911865234375, -1293.5487060546875, -1293.6322021484375, -1293.6417236328125, -1293.5980224609375, -1293.5667724609375, -1293.5299072265625, -1293.5347900390625, -1293.6195068359375, -1293.5577392578125, -1293.6302490234375, -1293.6234130859375, -1293.5616455078125, -1293.5474853515625, -1293.5626220703125, -1293.5784912109375, -1293.5667724609375, -1293.5938720703125, -1293.5614013671875, -1293.5643310546875, -1293.5491943359375, -1293.6063232421875, -1293.5579833984375, -1293.5325927734375, -1293.5677490234375, -1293.5662841796875, -1293.5972900390625, -1293.5687255859375, -1293.6041259765625, -1293.5179443359375, -1293.5220947265625, -1293.5606689453125, -1293.5931396484375, -1293.5733642578125, -1293.6561279296875, -1293.6077880859375, -1293.5836181640625, -1293.5938720703125, -1293.5535888671875, -1293.5623779296875, -1293.5606689453125, -1293.5838623046875, -1293.5775146484375, -1293.5660400390625, -1293.6053466796875, -1293.5828857421875, -1293.5447998046875, -1293.5516357421875, -1293.6077880859375, -1293.6124267578125, -1293.5892333984375, -1293.5738525390625, -1293.5950927734375, -1293.5286865234375, -1293.5716552734375, -1293.5557861328125, -1293.6297607421875, -1293.5660400390625, -1293.6156005859375, -1293.5760498046875, -1293.5340576171875, -1293.5042724609375, -1293.6251220703125, -1293.5950927734375, -1293.5255126953125, -1293.5592041015625, -1293.5167236328125, -1293.5755615234375, -1293.5555419921875, -1293.5596923828125, -1293.6033935546875, -1293.5035400390625, -1293.5706787109375, -1293.5369873046875, -1293.6038818359375, -1293.6300048828125, -1293.5994873046875, -1293.5106201171875, -1293.5867919921875, -1293.5701904296875, -1293.6031494140625, -1293.5711669921875, -1293.5819091796875, -1293.5975341796875, -1293.5775146484375, -1293.6146240234375, -1293.5308837890625, -1293.5872802734375, -1293.5758056640625, -1293.5767822265625, -1293.5496826171875, -1293.6016845703125, -1293.5770263671875, -1293.5704345703125, -1293.6209716796875, -1293.5902099609375, -1293.5701904296875, -1293.6331787109375, -1293.5989990234375, -1293.6004638671875, -1293.6058349609375, -1293.5506591796875, -1293.5760498046875, -1293.5535888671875, -1293.6119384765625, -1293.5521240234375, -1293.5257568359375, -1293.5980224609375, -1293.6092529296875, -1293.5643310546875, -1293.6121826171875, -1293.6009521484375, -1293.5938720703125, -1293.6260986328125, -1293.5716552734375, -1293.5770263671875, -1293.6092529296875, -1293.6219482421875, -1293.5789794921875, -1293.5867919921875, -1293.5374755859375, -1293.5992431640625, -1293.6180419921875, -1293.5838623046875, -1293.5885009765625, -1293.6085205078125, -1293.5609130859375, -1293.5845947265625, -1293.5926513671875, -1293.5609130859375, -1293.5931396484375, -1293.5574951171875, -1293.5313720703125, -1293.5765380859375, -1293.5648193359375, -1293.5960693359375, -1293.6004638671875, -1293.5975341796875, -1293.5726318359375, -1293.5345458984375, -1293.5267333984375, -1293.5638427734375, -1293.5589599609375, -1293.6173095703125, -1293.5828857421875, -1293.5709228515625, -1293.5994873046875, -1293.5435791015625, -1293.5399169921875, -1293.5599365234375, -1293.6141357421875, -1293.5396728515625, -1293.5762939453125, -1293.5811767578125, -1293.5377197265625, -1293.5252685546875, -1293.5662841796875, -1293.5853271484375, -1293.5496826171875, -1293.5733642578125, -1293.5926513671875, -1293.5972900390625, -1293.5706787109375, -1293.5484619140625, -1293.5977783203125, -1293.5936279296875, -1293.6114501953125, -1293.5506591796875, -1293.5108642578125, -1293.5433349609375, -1293.5684814453125, -1293.5679931640625, -1293.5555419921875, -1293.6859130859375, -1293.5799560546875, -1293.5748291015625, -1293.5777587890625, -1293.5828857421875, -1293.5653076171875, -1293.6348876953125, -1293.6351318359375, -1293.6029052734375, -1293.6771240234375, -1293.5838623046875, -1293.5767822265625, -1293.6038818359375, -1293.5694580078125, -1293.5704345703125, -1293.5745849609375, -1293.5836181640625, -1293.5338134765625, -1293.5638427734375, -1293.5487060546875, -1293.6121826171875, -1293.5706787109375, -1293.5614013671875, -1293.5548095703125, -1293.5562744140625, -1293.6063232421875, -1293.5655517578125, -1293.5833740234375, -1293.5311279296875, -1293.5548095703125, -1293.5567626953125, -1293.5252685546875, -1293.5816650390625, -1293.5736083984375, -1293.5994873046875, -1293.5706787109375, -1293.5701904296875, -1293.5853271484375, -1293.5731201171875, -1293.5660400390625, -1293.5596923828125, -1293.5887451171875, -1293.5877685546875, -1293.5579833984375, -1293.5614013671875, -1293.5599365234375, -1293.5535888671875, -1293.6217041015625, -1293.5574951171875, -1293.5570068359375, -1293.5589599609375, -1293.5333251953125, -1293.5948486328125, -1293.5894775390625, -1293.6002197265625, -1293.5560302734375, -1293.5057373046875, -1293.5018310546875, -1293.5496826171875, -1293.5701904296875, -1293.5731201171875, -1293.5604248046875, -1293.5843505859375, -1293.5823974609375, -1293.5401611328125, -1293.5982666015625, -1293.5113525390625, -1293.5826416015625, -1293.6295166015625, -1293.5264892578125, -1293.5804443359375, -1293.5648193359375, -1293.6688232421875, -1293.6087646484375, -1293.5279541015625, -1293.5174560546875, -1293.5203857421875, -1293.5457763671875, -1293.5767822265625, -1293.5965576171875, -1293.5396728515625, -1293.5965576171875, -1293.5853271484375, -1293.5623779296875, -1293.5543212890625, -1293.5474853515625, -1293.5858154296875, -1293.5721435546875, -1293.5682373046875, -1293.5836181640625, -1293.5218505859375, -1293.5831298828125, -1293.5701904296875, -1293.5814208984375, -1293.5340576171875, -1293.5711669921875, -1293.5614013671875, -1293.6068115234375, -1293.5775146484375, -1293.5394287109375, -1293.5850830078125, -1293.5604248046875, -1293.5281982421875, -1293.5950927734375, -1293.5426025390625, -1293.5880126953125, -1293.6229248046875, -1293.5447998046875, -1293.5555419921875, -1293.5316162109375, -1293.5740966796875, -1293.5572509765625, -1293.6148681640625, -1293.5928955078125, -1293.5826416015625, -1293.5714111328125, -1293.6119384765625, -1293.5506591796875, -1293.5267333984375, -1293.6334228515625, -1293.5721435546875, -1293.6165771484375, -1293.5169677734375, -1293.5775146484375, -1293.5736083984375, -1293.5643310546875, -1293.5916748046875, -1293.5833740234375, -1293.6107177734375, -1293.5819091796875, -1293.5333251953125, -1293.5777587890625, -1293.5804443359375, -1293.6104736328125, -1293.5506591796875, -1293.5867919921875, -1293.5555419921875, -1293.6351318359375, -1293.5914306640625, -1293.5672607421875, -1293.5992431640625, -1293.5943603515625, -1293.5848388671875, -1293.5067138671875, -1293.4642333984375, -1293.5614013671875, -1293.5955810546875, -1293.6075439453125, -1293.5311279296875, -1293.5797119140625, -1293.5531005859375, -1293.5946044921875, -1293.6422119140625, -1293.6531982421875, -1293.5560302734375, -1293.5762939453125, -1293.5672607421875, -1293.6229248046875, -1293.6170654296875, -1293.5574951171875, -1293.5938720703125, -1293.6224365234375, -1293.5562744140625, -1293.5567626953125, -1293.5316162109375, -1293.5928955078125, -1293.5960693359375, -1293.5621337890625, -1293.6029052734375, -1293.5921630859375, -1293.5975341796875, -1293.5855712890625, -1293.5384521484375, -1293.5667724609375, -1293.5574951171875, -1293.5599365234375, -1293.6160888671875, -1293.5858154296875, -1293.5853271484375, -1293.5394287109375, -1293.5765380859375, -1293.5277099609375, -1293.6312255859375, -1293.5692138671875, -1293.5032958984375, -1293.5711669921875, -1293.6072998046875, -1293.5953369140625, -1293.5718994140625, -1293.6253662109375, -1293.5408935546875, -1293.5902099609375, -1293.5113525390625, -1293.5447998046875, -1293.5750732421875, -1293.5565185546875, -1293.6019287109375, -1293.5831298828125, -1293.5584716796875, -1293.6177978515625, -1293.5999755859375, -1293.5601806640625, -1293.5596923828125, -1293.6273193359375, -1293.5953369140625, -1293.5950927734375, -1293.6016845703125, -1293.6287841796875, -1293.5499267578125, -1293.5594482421875, -1293.5614013671875, -1293.5411376953125, -1293.5611572265625, -1293.5150146484375, -1293.5462646484375, -1293.5660400390625, -1293.5364990234375, -1293.5975341796875, -1293.5262451171875, -1293.5374755859375, -1293.5345458984375, -1293.4947509765625, -1293.5130615234375, -1293.6097412109375, -1293.5833740234375, -1293.5997314453125, -1293.6256103515625, -1293.6134033203125, -1293.5823974609375, -1293.5853271484375, -1293.6107177734375, -1293.5784912109375, -1293.6177978515625, -1293.6053466796875, -1293.6170654296875, -1293.5404052734375, -1293.6414794921875, -1293.5902099609375, -1293.6280517578125, -1293.5931396484375, -1293.5145263671875, -1293.5941162109375, -1293.6063232421875, -1293.5572509765625, -1293.5709228515625, -1293.5919189453125, -1293.5838623046875, -1293.5777587890625, -1293.5150146484375, -1293.5281982421875, -1293.6226806640625, -1293.5203857421875, -1293.5626220703125, -1293.5726318359375, -1293.6297607421875, -1293.5863037109375, -1293.6199951171875, -1293.5438232421875, -1293.5623779296875, -1293.5618896484375, -1293.5985107421875, -1293.5802001953125, -1293.5767822265625, -1293.5216064453125, -1293.6002197265625, -1293.5350341796875, -1293.5189208984375, -1293.5323486328125, -1293.5755615234375, -1293.5765380859375, -1293.5452880859375, -1293.5872802734375, -1293.5921630859375, -1293.5440673828125, -1293.5447998046875, -1293.5621337890625, -1293.6390380859375, -1293.6185302734375, -1293.5892333984375, -1293.5516357421875, -1293.5518798828125, -1293.5831298828125, -1293.5433349609375, -1293.5623779296875, -1293.5936279296875, -1293.5169677734375, -1293.5931396484375, -1293.5823974609375, -1293.6031494140625, -1293.5755615234375, -1293.5462646484375, -1293.6126708984375, -1293.5511474609375, -1293.5501708984375, -1293.5535888671875, -1293.6168212890625, -1293.5548095703125, -1293.5364990234375, -1293.5718994140625, -1293.5885009765625, -1293.5740966796875, -1293.5633544921875, -1293.5811767578125, -1293.5667724609375, -1293.6124267578125, -1293.5428466796875, -1293.5657958984375, -1293.5653076171875, -1293.5765380859375, -1293.5726318359375, -1293.5989990234375, -1293.5931396484375, -1293.5894775390625, -1293.5526123046875, -1293.5721435546875, -1293.5543212890625, -1293.5394287109375, -1293.5128173828125, -1293.5628662109375, -1293.6092529296875, -1293.5814208984375, -1293.5645751953125, -1293.5526123046875, -1293.5989990234375, -1293.5628662109375, -1293.5985107421875, -1293.5784912109375, -1293.5635986328125, -1293.5584716796875, -1293.5452880859375, -1293.5272216796875, -1293.5355224609375, -1293.6251220703125, -1293.5921630859375, -1293.5589599609375, -1293.4822998046875, -1293.5394287109375, -1293.5899658203125, -1293.5501708984375, -1293.5408935546875, -1293.6019287109375, -1293.5816650390625, -1293.5272216796875, -1293.5111083984375, -1293.5350341796875, -1293.5313720703125, -1293.6199951171875, -1293.5394287109375, -1293.5050048828125, -1293.5819091796875, -1293.6556396484375, -1293.5699462890625, -1293.6082763671875, -1293.5809326171875, -1293.5699462890625, -1293.5526123046875, -1293.6326904296875, -1293.6495361328125, -1293.5604248046875, -1293.5482177734375, -1293.5828857421875, -1293.6693115234375, -1293.5858154296875, -1293.5242919921875, -1293.5648193359375, -1293.6075439453125, -1293.5821533203125, -1293.6107177734375, -1293.5872802734375, -1293.6165771484375, -1293.5404052734375, -1293.6058349609375, -1293.5614013671875, -1293.5872802734375, -1293.5985107421875, -1293.6148681640625, -1293.5804443359375, -1293.6104736328125, -1293.5999755859375, -1293.5731201171875, -1293.5638427734375, -1293.5509033203125, -1293.5953369140625, -1293.6136474609375, -1293.5677490234375, -1293.5443115234375, -1293.5440673828125, -1293.5411376953125, -1293.5501708984375, -1293.5521240234375, -1293.5826416015625, -1293.5814208984375, -1293.5208740234375, -1293.5699462890625, -1293.5426025390625, -1293.5628662109375, -1293.5980224609375, -1293.5633544921875, -1293.5638427734375, -1293.5765380859375, -1293.5596923828125, -1293.6024169921875, -1293.5745849609375]}
Warning: Cholesky failed, using eigendecomposition fallback
{'mse': 0.01015626359730959, 'rmse': 0.10077828913927078, 'test_ll': -245255.734375, 'total_test_ll': -6131393536.0}
/cluster/tufts/hugheslab/swilli26/stat-patt-final/gp_vs_sngp/results/hyperparam_search/GP/Sin_1500_2001/logs
/cluster/tufts/hugheslab/swilli26/stat-patt-final/gp_vs_sngp/results/hyperparam_search/logs/GP_VS_SNGP_25028886.out
/cluster/tufts/hugheslab/swilli26/stat-patt-final/gp_vs_sngp/results/hyperparam_search/logs/GP_VS_SNGP_25028886.err
