Starting imports...
Importing argparse...
Importing torch...
Importing os...
Importing sngp.train and sngp.model...
Importing gaussian_process...
Importing dataset...
Importing json...
ALL IMPORTS COMPLETE!
Parsing arguments...
Arguments parsed! Running GP on Sin with N=1500
Checking CUDA availability...
Using CPU
Making Datasets...
Making Model...
Training Gaussian Process...
Iter   0 | Loss: -826.303 | lengthscale: 1.010 | outputscale: 1.010 | noise: 0.198
Iter  10 | Loss: -936.887 | lengthscale: 1.048 | outputscale: 1.116 | noise: 0.179
Iter  20 | Loss: -1037.538 | lengthscale: 1.084 | outputscale: 1.224 | noise: 0.162
Iter  30 | Loss: -1125.462 | lengthscale: 1.115 | outputscale: 1.329 | noise: 0.148
Iter  40 | Loss: -1198.275 | lengthscale: 1.139 | outputscale: 1.426 | noise: 0.135
Iter  50 | Loss: -1254.539 | lengthscale: 1.158 | outputscale: 1.511 | noise: 0.124
Iter  60 | Loss: -1294.164 | lengthscale: 1.174 | outputscale: 1.584 | noise: 0.116
Iter  70 | Loss: -1318.941 | lengthscale: 1.186 | outputscale: 1.646 | noise: 0.109
Iter  80 | Loss: -1332.129 | lengthscale: 1.197 | outputscale: 1.702 | noise: 0.104
Iter  90 | Loss: -1337.792 | lengthscale: 1.206 | outputscale: 1.745 | noise: 0.100
Iter 100 | Loss: -1339.722 | lengthscale: 1.211 | outputscale: 1.777 | noise: 0.098
Iter 110 | Loss: -1340.101 | lengthscale: 1.215 | outputscale: 1.799 | noise: 0.097
Iter 120 | Loss: -1340.064 | lengthscale: 1.216 | outputscale: 1.811 | noise: 0.096
Iter 130 | Loss: -1339.984 | lengthscale: 1.218 | outputscale: 1.821 | noise: 0.096
Iter 140 | Loss: -1340.086 | lengthscale: 1.220 | outputscale: 1.838 | noise: 0.096
Iter 150 | Loss: -1340.057 | lengthscale: 1.223 | outputscale: 1.848 | noise: 0.096
Iter 160 | Loss: -1340.059 | lengthscale: 1.222 | outputscale: 1.847 | noise: 0.097
Iter 170 | Loss: -1340.119 | lengthscale: 1.223 | outputscale: 1.847 | noise: 0.097
Iter 180 | Loss: -1340.074 | lengthscale: 1.223 | outputscale: 1.851 | noise: 0.097
Iter 190 | Loss: -1340.123 | lengthscale: 1.222 | outputscale: 1.848 | noise: 0.097
Iter 200 | Loss: -1340.031 | lengthscale: 1.225 | outputscale: 1.851 | noise: 0.097
Iter 210 | Loss: -1340.077 | lengthscale: 1.220 | outputscale: 1.844 | noise: 0.097
Iter 220 | Loss: -1340.010 | lengthscale: 1.222 | outputscale: 1.837 | noise: 0.097
Iter 230 | Loss: -1340.109 | lengthscale: 1.224 | outputscale: 1.853 | noise: 0.097
Iter 240 | Loss: -1340.054 | lengthscale: 1.225 | outputscale: 1.865 | noise: 0.097
Iter 250 | Loss: -1340.077 | lengthscale: 1.228 | outputscale: 1.870 | noise: 0.097
Iter 260 | Loss: -1340.043 | lengthscale: 1.224 | outputscale: 1.858 | noise: 0.097
Iter 270 | Loss: -1340.070 | lengthscale: 1.224 | outputscale: 1.855 | noise: 0.097
Iter 280 | Loss: -1340.090 | lengthscale: 1.223 | outputscale: 1.849 | noise: 0.097
Iter 290 | Loss: -1340.045 | lengthscale: 1.225 | outputscale: 1.847 | noise: 0.097
Iter 300 | Loss: -1340.008 | lengthscale: 1.220 | outputscale: 1.846 | noise: 0.097
Iter 310 | Loss: -1340.078 | lengthscale: 1.222 | outputscale: 1.835 | noise: 0.097
Iter 320 | Loss: -1340.041 | lengthscale: 1.220 | outputscale: 1.837 | noise: 0.097
Iter 330 | Loss: -1340.047 | lengthscale: 1.225 | outputscale: 1.854 | noise: 0.097
Iter 340 | Loss: -1340.057 | lengthscale: 1.223 | outputscale: 1.868 | noise: 0.097
Iter 350 | Loss: -1340.135 | lengthscale: 1.227 | outputscale: 1.868 | noise: 0.097
Iter 360 | Loss: -1340.053 | lengthscale: 1.227 | outputscale: 1.866 | noise: 0.097
Iter 370 | Loss: -1340.076 | lengthscale: 1.223 | outputscale: 1.854 | noise: 0.097
Iter 380 | Loss: -1340.030 | lengthscale: 1.221 | outputscale: 1.829 | noise: 0.097
Iter 390 | Loss: -1340.051 | lengthscale: 1.219 | outputscale: 1.835 | noise: 0.097
Iter 400 | Loss: -1340.050 | lengthscale: 1.222 | outputscale: 1.841 | noise: 0.097
Iter 410 | Loss: -1340.097 | lengthscale: 1.225 | outputscale: 1.859 | noise: 0.097
Iter 420 | Loss: -1340.071 | lengthscale: 1.225 | outputscale: 1.861 | noise: 0.097
Iter 430 | Loss: -1340.128 | lengthscale: 1.228 | outputscale: 1.880 | noise: 0.097
Iter 440 | Loss: -1340.087 | lengthscale: 1.229 | outputscale: 1.878 | noise: 0.097
Iter 450 | Loss: -1340.188 | lengthscale: 1.228 | outputscale: 1.870 | noise: 0.097
Iter 460 | Loss: -1340.061 | lengthscale: 1.225 | outputscale: 1.848 | noise: 0.097
Iter 470 | Loss: -1339.997 | lengthscale: 1.221 | outputscale: 1.844 | noise: 0.097
Iter 480 | Loss: -1340.056 | lengthscale: 1.226 | outputscale: 1.861 | noise: 0.097
Iter 490 | Loss: -1340.050 | lengthscale: 1.227 | outputscale: 1.879 | noise: 0.097
Iter 500 | Loss: -1340.154 | lengthscale: 1.225 | outputscale: 1.875 | noise: 0.097
Iter 510 | Loss: -1340.064 | lengthscale: 1.224 | outputscale: 1.849 | noise: 0.097
Iter 520 | Loss: -1340.049 | lengthscale: 1.220 | outputscale: 1.834 | noise: 0.097
Iter 530 | Loss: -1340.094 | lengthscale: 1.224 | outputscale: 1.847 | noise: 0.097
Iter 540 | Loss: -1340.016 | lengthscale: 1.223 | outputscale: 1.858 | noise: 0.097
Iter 550 | Loss: -1340.134 | lengthscale: 1.225 | outputscale: 1.865 | noise: 0.097
Iter 560 | Loss: -1340.080 | lengthscale: 1.223 | outputscale: 1.844 | noise: 0.097
Iter 570 | Loss: -1340.102 | lengthscale: 1.220 | outputscale: 1.839 | noise: 0.097
Iter 580 | Loss: -1340.047 | lengthscale: 1.220 | outputscale: 1.828 | noise: 0.097
Iter 590 | Loss: -1340.112 | lengthscale: 1.219 | outputscale: 1.830 | noise: 0.097
Iter 600 | Loss: -1340.084 | lengthscale: 1.223 | outputscale: 1.837 | noise: 0.097
Iter 610 | Loss: -1340.059 | lengthscale: 1.225 | outputscale: 1.855 | noise: 0.097
Iter 620 | Loss: -1340.132 | lengthscale: 1.223 | outputscale: 1.848 | noise: 0.097
Iter 630 | Loss: -1340.030 | lengthscale: 1.223 | outputscale: 1.850 | noise: 0.097
Iter 640 | Loss: -1340.106 | lengthscale: 1.225 | outputscale: 1.858 | noise: 0.097
Iter 650 | Loss: -1340.072 | lengthscale: 1.224 | outputscale: 1.864 | noise: 0.097
Iter 660 | Loss: -1340.036 | lengthscale: 1.224 | outputscale: 1.853 | noise: 0.097
Iter 670 | Loss: -1340.130 | lengthscale: 1.223 | outputscale: 1.844 | noise: 0.097
Iter 680 | Loss: -1340.078 | lengthscale: 1.222 | outputscale: 1.842 | noise: 0.097
Iter 690 | Loss: -1340.129 | lengthscale: 1.222 | outputscale: 1.849 | noise: 0.097
Iter 700 | Loss: -1340.056 | lengthscale: 1.227 | outputscale: 1.861 | noise: 0.097
Iter 710 | Loss: -1340.104 | lengthscale: 1.221 | outputscale: 1.854 | noise: 0.097
Iter 720 | Loss: -1340.130 | lengthscale: 1.224 | outputscale: 1.833 | noise: 0.097
Iter 730 | Loss: -1340.072 | lengthscale: 1.218 | outputscale: 1.822 | noise: 0.097
Iter 740 | Loss: -1340.149 | lengthscale: 1.220 | outputscale: 1.832 | noise: 0.097
Iter 750 | Loss: -1340.062 | lengthscale: 1.227 | outputscale: 1.870 | noise: 0.097
Iter 760 | Loss: -1340.102 | lengthscale: 1.227 | outputscale: 1.878 | noise: 0.097
Iter 770 | Loss: -1340.111 | lengthscale: 1.228 | outputscale: 1.861 | noise: 0.097
Iter 780 | Loss: -1340.062 | lengthscale: 1.223 | outputscale: 1.856 | noise: 0.097
Iter 790 | Loss: -1340.041 | lengthscale: 1.221 | outputscale: 1.836 | noise: 0.097
Iter 800 | Loss: -1340.112 | lengthscale: 1.223 | outputscale: 1.850 | noise: 0.097
Iter 810 | Loss: -1340.036 | lengthscale: 1.223 | outputscale: 1.850 | noise: 0.097
Iter 820 | Loss: -1340.125 | lengthscale: 1.220 | outputscale: 1.832 | noise: 0.097
Iter 830 | Loss: -1340.099 | lengthscale: 1.224 | outputscale: 1.848 | noise: 0.097
Iter 840 | Loss: -1340.026 | lengthscale: 1.225 | outputscale: 1.857 | noise: 0.097
Iter 850 | Loss: -1340.126 | lengthscale: 1.226 | outputscale: 1.864 | noise: 0.097
Iter 860 | Loss: -1340.033 | lengthscale: 1.220 | outputscale: 1.833 | noise: 0.097
Iter 870 | Loss: -1340.112 | lengthscale: 1.216 | outputscale: 1.810 | noise: 0.097
Iter 880 | Loss: -1340.071 | lengthscale: 1.219 | outputscale: 1.820 | noise: 0.097
Iter 890 | Loss: -1340.071 | lengthscale: 1.222 | outputscale: 1.848 | noise: 0.097
Iter 900 | Loss: -1340.033 | lengthscale: 1.225 | outputscale: 1.860 | noise: 0.097
Iter 910 | Loss: -1340.030 | lengthscale: 1.227 | outputscale: 1.874 | noise: 0.097
Iter 920 | Loss: -1340.089 | lengthscale: 1.222 | outputscale: 1.853 | noise: 0.097
Iter 930 | Loss: -1340.135 | lengthscale: 1.224 | outputscale: 1.849 | noise: 0.097
Iter 940 | Loss: -1340.092 | lengthscale: 1.224 | outputscale: 1.858 | noise: 0.097
Iter 950 | Loss: -1340.104 | lengthscale: 1.226 | outputscale: 1.864 | noise: 0.097
Iter 960 | Loss: -1340.117 | lengthscale: 1.228 | outputscale: 1.891 | noise: 0.097
Iter 970 | Loss: -1340.179 | lengthscale: 1.230 | outputscale: 1.878 | noise: 0.097
Iter 980 | Loss: -1340.036 | lengthscale: 1.224 | outputscale: 1.863 | noise: 0.097
Iter 990 | Loss: -1340.108 | lengthscale: 1.229 | outputscale: 1.888 | noise: 0.097
Iter 1000 | Loss: -1340.179 | lengthscale: 1.228 | outputscale: 1.883 | noise: 0.097
Iter 1010 | Loss: -1340.042 | lengthscale: 1.219 | outputscale: 1.832 | noise: 0.097
Iter 1020 | Loss: -1340.029 | lengthscale: 1.220 | outputscale: 1.820 | noise: 0.097
Iter 1030 | Loss: -1340.003 | lengthscale: 1.218 | outputscale: 1.817 | noise: 0.097
Iter 1040 | Loss: -1340.094 | lengthscale: 1.218 | outputscale: 1.831 | noise: 0.097
Iter 1050 | Loss: -1340.148 | lengthscale: 1.224 | outputscale: 1.851 | noise: 0.097
Iter 1060 | Loss: -1340.047 | lengthscale: 1.228 | outputscale: 1.868 | noise: 0.097
Iter 1070 | Loss: -1340.099 | lengthscale: 1.225 | outputscale: 1.872 | noise: 0.097
Iter 1080 | Loss: -1340.106 | lengthscale: 1.227 | outputscale: 1.864 | noise: 0.097
Iter 1090 | Loss: -1340.074 | lengthscale: 1.220 | outputscale: 1.840 | noise: 0.097
Iter 1100 | Loss: -1340.090 | lengthscale: 1.218 | outputscale: 1.823 | noise: 0.097
Iter 1110 | Loss: -1340.118 | lengthscale: 1.228 | outputscale: 1.861 | noise: 0.097
Iter 1120 | Loss: -1340.054 | lengthscale: 1.225 | outputscale: 1.868 | noise: 0.097
Iter 1130 | Loss: -1340.170 | lengthscale: 1.229 | outputscale: 1.872 | noise: 0.097
Iter 1140 | Loss: -1340.059 | lengthscale: 1.226 | outputscale: 1.876 | noise: 0.097
Iter 1150 | Loss: -1340.117 | lengthscale: 1.225 | outputscale: 1.870 | noise: 0.097
Iter 1160 | Loss: -1340.095 | lengthscale: 1.227 | outputscale: 1.859 | noise: 0.097
Iter 1170 | Loss: -1340.066 | lengthscale: 1.223 | outputscale: 1.859 | noise: 0.097
Iter 1180 | Loss: -1340.084 | lengthscale: 1.225 | outputscale: 1.852 | noise: 0.097
Iter 1190 | Loss: -1340.049 | lengthscale: 1.221 | outputscale: 1.845 | noise: 0.097
Iter 1200 | Loss: -1340.104 | lengthscale: 1.222 | outputscale: 1.843 | noise: 0.097
Iter 1210 | Loss: -1340.048 | lengthscale: 1.221 | outputscale: 1.825 | noise: 0.097
Iter 1220 | Loss: -1340.046 | lengthscale: 1.218 | outputscale: 1.828 | noise: 0.097
Iter 1230 | Loss: -1340.109 | lengthscale: 1.223 | outputscale: 1.851 | noise: 0.097
Iter 1240 | Loss: -1340.107 | lengthscale: 1.227 | outputscale: 1.865 | noise: 0.097
Iter 1250 | Loss: -1340.061 | lengthscale: 1.223 | outputscale: 1.854 | noise: 0.097
Iter 1260 | Loss: -1340.024 | lengthscale: 1.224 | outputscale: 1.855 | noise: 0.097
Iter 1270 | Loss: -1340.101 | lengthscale: 1.220 | outputscale: 1.833 | noise: 0.097
Iter 1280 | Loss: -1340.072 | lengthscale: 1.220 | outputscale: 1.832 | noise: 0.097
Iter 1290 | Loss: -1340.140 | lengthscale: 1.224 | outputscale: 1.857 | noise: 0.097
Iter 1300 | Loss: -1340.089 | lengthscale: 1.224 | outputscale: 1.858 | noise: 0.097
Iter 1310 | Loss: -1340.112 | lengthscale: 1.223 | outputscale: 1.844 | noise: 0.097
Iter 1320 | Loss: -1340.075 | lengthscale: 1.219 | outputscale: 1.826 | noise: 0.097
Iter 1330 | Loss: -1340.117 | lengthscale: 1.219 | outputscale: 1.832 | noise: 0.097
Iter 1340 | Loss: -1340.063 | lengthscale: 1.221 | outputscale: 1.832 | noise: 0.097
Iter 1350 | Loss: -1340.058 | lengthscale: 1.217 | outputscale: 1.823 | noise: 0.097
Iter 1360 | Loss: -1340.060 | lengthscale: 1.223 | outputscale: 1.841 | noise: 0.097
Iter 1370 | Loss: -1340.106 | lengthscale: 1.227 | outputscale: 1.865 | noise: 0.097
Iter 1380 | Loss: -1340.125 | lengthscale: 1.230 | outputscale: 1.886 | noise: 0.097
Iter 1390 | Loss: -1340.141 | lengthscale: 1.231 | outputscale: 1.896 | noise: 0.097
Iter 1400 | Loss: -1340.102 | lengthscale: 1.231 | outputscale: 1.886 | noise: 0.097
Iter 1410 | Loss: -1340.026 | lengthscale: 1.218 | outputscale: 1.816 | noise: 0.097
Iter 1420 | Loss: -1340.070 | lengthscale: 1.218 | outputscale: 1.815 | noise: 0.097
Iter 1430 | Loss: -1340.080 | lengthscale: 1.223 | outputscale: 1.844 | noise: 0.097
Iter 1440 | Loss: -1340.106 | lengthscale: 1.227 | outputscale: 1.864 | noise: 0.097
Iter 1450 | Loss: -1340.050 | lengthscale: 1.218 | outputscale: 1.826 | noise: 0.097
Iter 1460 | Loss: -1340.084 | lengthscale: 1.220 | outputscale: 1.828 | noise: 0.097
Iter 1470 | Loss: -1340.085 | lengthscale: 1.224 | outputscale: 1.859 | noise: 0.097
Iter 1480 | Loss: -1340.094 | lengthscale: 1.227 | outputscale: 1.862 | noise: 0.097
Iter 1490 | Loss: -1340.068 | lengthscale: 1.221 | outputscale: 1.843 | noise: 0.097
Iter 1500 | Loss: -1340.076 | lengthscale: 1.224 | outputscale: 1.846 | noise: 0.097
Iter 1510 | Loss: -1340.046 | lengthscale: 1.221 | outputscale: 1.834 | noise: 0.097
Iter 1520 | Loss: -1340.105 | lengthscale: 1.218 | outputscale: 1.817 | noise: 0.097
Iter 1530 | Loss: -1340.099 | lengthscale: 1.222 | outputscale: 1.842 | noise: 0.097
Iter 1540 | Loss: -1340.009 | lengthscale: 1.216 | outputscale: 1.823 | noise: 0.097
Iter 1550 | Loss: -1340.057 | lengthscale: 1.224 | outputscale: 1.841 | noise: 0.097
Iter 1560 | Loss: -1340.082 | lengthscale: 1.225 | outputscale: 1.856 | noise: 0.097
Iter 1570 | Loss: -1340.113 | lengthscale: 1.229 | outputscale: 1.880 | noise: 0.097
Iter 1580 | Loss: -1340.076 | lengthscale: 1.229 | outputscale: 1.888 | noise: 0.097
Iter 1590 | Loss: -1340.036 | lengthscale: 1.223 | outputscale: 1.848 | noise: 0.097
Iter 1600 | Loss: -1340.082 | lengthscale: 1.221 | outputscale: 1.852 | noise: 0.097
Iter 1610 | Loss: -1340.113 | lengthscale: 1.224 | outputscale: 1.859 | noise: 0.097
Iter 1620 | Loss: -1340.091 | lengthscale: 1.225 | outputscale: 1.846 | noise: 0.097
Iter 1630 | Loss: -1340.090 | lengthscale: 1.226 | outputscale: 1.876 | noise: 0.097
Iter 1640 | Loss: -1340.112 | lengthscale: 1.226 | outputscale: 1.863 | noise: 0.097
Iter 1650 | Loss: -1340.048 | lengthscale: 1.226 | outputscale: 1.852 | noise: 0.097
Iter 1660 | Loss: -1340.051 | lengthscale: 1.224 | outputscale: 1.859 | noise: 0.097
Iter 1670 | Loss: -1340.133 | lengthscale: 1.228 | outputscale: 1.868 | noise: 0.097
Iter 1680 | Loss: -1340.061 | lengthscale: 1.225 | outputscale: 1.866 | noise: 0.097
Iter 1690 | Loss: -1340.085 | lengthscale: 1.224 | outputscale: 1.856 | noise: 0.097
Iter 1700 | Loss: -1340.012 | lengthscale: 1.226 | outputscale: 1.855 | noise: 0.097
Iter 1710 | Loss: -1340.007 | lengthscale: 1.217 | outputscale: 1.823 | noise: 0.097
Iter 1720 | Loss: -1340.084 | lengthscale: 1.221 | outputscale: 1.828 | noise: 0.097
Iter 1730 | Loss: -1340.061 | lengthscale: 1.224 | outputscale: 1.863 | noise: 0.097
Iter 1740 | Loss: -1340.139 | lengthscale: 1.227 | outputscale: 1.864 | noise: 0.097
Iter 1750 | Loss: -1339.976 | lengthscale: 1.226 | outputscale: 1.864 | noise: 0.097
Iter 1760 | Loss: -1340.102 | lengthscale: 1.222 | outputscale: 1.843 | noise: 0.097
Iter 1770 | Loss: -1340.099 | lengthscale: 1.224 | outputscale: 1.851 | noise: 0.097
Iter 1780 | Loss: -1340.054 | lengthscale: 1.223 | outputscale: 1.852 | noise: 0.097
Iter 1790 | Loss: -1340.045 | lengthscale: 1.225 | outputscale: 1.865 | noise: 0.097
Iter 1800 | Loss: -1340.131 | lengthscale: 1.228 | outputscale: 1.872 | noise: 0.097
Iter 1810 | Loss: -1340.114 | lengthscale: 1.225 | outputscale: 1.858 | noise: 0.097
Iter 1820 | Loss: -1340.023 | lengthscale: 1.222 | outputscale: 1.845 | noise: 0.097
Iter 1830 | Loss: -1340.096 | lengthscale: 1.221 | outputscale: 1.835 | noise: 0.097
Iter 1840 | Loss: -1340.127 | lengthscale: 1.221 | outputscale: 1.832 | noise: 0.097
Iter 1850 | Loss: -1340.105 | lengthscale: 1.222 | outputscale: 1.841 | noise: 0.097
Iter 1860 | Loss: -1340.058 | lengthscale: 1.223 | outputscale: 1.854 | noise: 0.097
Iter 1870 | Loss: -1340.117 | lengthscale: 1.227 | outputscale: 1.869 | noise: 0.097
Iter 1880 | Loss: -1340.133 | lengthscale: 1.228 | outputscale: 1.868 | noise: 0.097
Iter 1890 | Loss: -1340.115 | lengthscale: 1.223 | outputscale: 1.865 | noise: 0.097
Iter 1900 | Loss: -1340.142 | lengthscale: 1.228 | outputscale: 1.872 | noise: 0.097
Iter 1910 | Loss: -1339.995 | lengthscale: 1.222 | outputscale: 1.838 | noise: 0.097
Iter 1920 | Loss: -1340.135 | lengthscale: 1.216 | outputscale: 1.823 | noise: 0.097
Iter 1930 | Loss: -1340.073 | lengthscale: 1.218 | outputscale: 1.813 | noise: 0.097
Iter 1940 | Loss: -1340.079 | lengthscale: 1.220 | outputscale: 1.824 | noise: 0.097
Iter 1950 | Loss: -1340.053 | lengthscale: 1.223 | outputscale: 1.857 | noise: 0.097
Iter 1960 | Loss: -1340.129 | lengthscale: 1.229 | outputscale: 1.879 | noise: 0.097
Iter 1970 | Loss: -1340.130 | lengthscale: 1.223 | outputscale: 1.858 | noise: 0.097
Iter 1980 | Loss: -1340.122 | lengthscale: 1.226 | outputscale: 1.864 | noise: 0.097
Iter 1990 | Loss: -1340.052 | lengthscale: 1.222 | outputscale: 1.843 | noise: 0.097
Iter 2000 | Loss: -1340.107 | lengthscale: 1.223 | outputscale: 1.844 | noise: 0.097
Iter 2010 | Loss: -1340.077 | lengthscale: 1.228 | outputscale: 1.870 | noise: 0.097
Iter 2020 | Loss: -1340.109 | lengthscale: 1.224 | outputscale: 1.874 | noise: 0.097
Iter 2030 | Loss: -1340.116 | lengthscale: 1.229 | outputscale: 1.875 | noise: 0.097
Iter 2040 | Loss: -1339.930 | lengthscale: 1.226 | outputscale: 1.861 | noise: 0.097
Iter 2050 | Loss: -1340.003 | lengthscale: 1.225 | outputscale: 1.874 | noise: 0.097
Iter 2060 | Loss: -1340.127 | lengthscale: 1.227 | outputscale: 1.852 | noise: 0.097
Iter 2070 | Loss: -1340.027 | lengthscale: 1.214 | outputscale: 1.816 | noise: 0.097
Iter 2080 | Loss: -1340.093 | lengthscale: 1.220 | outputscale: 1.826 | noise: 0.097
Iter 2090 | Loss: -1340.063 | lengthscale: 1.222 | outputscale: 1.847 | noise: 0.097
Iter 2100 | Loss: -1340.014 | lengthscale: 1.223 | outputscale: 1.847 | noise: 0.097
Iter 2110 | Loss: -1340.064 | lengthscale: 1.221 | outputscale: 1.843 | noise: 0.097
Iter 2120 | Loss: -1340.172 | lengthscale: 1.221 | outputscale: 1.835 | noise: 0.097
Iter 2130 | Loss: -1340.080 | lengthscale: 1.222 | outputscale: 1.844 | noise: 0.097
Iter 2140 | Loss: -1340.216 | lengthscale: 1.226 | outputscale: 1.861 | noise: 0.097
Iter 2150 | Loss: -1340.003 | lengthscale: 1.228 | outputscale: 1.869 | noise: 0.097
Iter 2160 | Loss: -1340.135 | lengthscale: 1.221 | outputscale: 1.843 | noise: 0.097
Iter 2170 | Loss: -1340.029 | lengthscale: 1.220 | outputscale: 1.833 | noise: 0.097
Iter 2180 | Loss: -1340.160 | lengthscale: 1.223 | outputscale: 1.852 | noise: 0.097
Iter 2190 | Loss: -1340.098 | lengthscale: 1.227 | outputscale: 1.868 | noise: 0.097
Iter 2200 | Loss: -1340.158 | lengthscale: 1.221 | outputscale: 1.843 | noise: 0.097
Iter 2210 | Loss: -1340.044 | lengthscale: 1.222 | outputscale: 1.830 | noise: 0.097
Iter 2220 | Loss: -1340.100 | lengthscale: 1.217 | outputscale: 1.831 | noise: 0.097
Iter 2230 | Loss: -1340.100 | lengthscale: 1.225 | outputscale: 1.851 | noise: 0.097
Iter 2240 | Loss: -1340.152 | lengthscale: 1.225 | outputscale: 1.859 | noise: 0.097
Iter 2250 | Loss: -1340.082 | lengthscale: 1.230 | outputscale: 1.883 | noise: 0.097
Iter 2260 | Loss: -1340.144 | lengthscale: 1.230 | outputscale: 1.895 | noise: 0.097
Iter 2270 | Loss: -1340.168 | lengthscale: 1.224 | outputscale: 1.856 | noise: 0.097
Iter 2280 | Loss: -1340.036 | lengthscale: 1.222 | outputscale: 1.840 | noise: 0.097
Iter 2290 | Loss: -1340.123 | lengthscale: 1.219 | outputscale: 1.828 | noise: 0.097
Iter 2300 | Loss: -1340.135 | lengthscale: 1.228 | outputscale: 1.869 | noise: 0.097
Iter 2310 | Loss: -1340.032 | lengthscale: 1.226 | outputscale: 1.869 | noise: 0.097
Iter 2320 | Loss: -1340.093 | lengthscale: 1.223 | outputscale: 1.852 | noise: 0.097
Iter 2330 | Loss: -1340.095 | lengthscale: 1.224 | outputscale: 1.848 | noise: 0.097
Iter 2340 | Loss: -1340.067 | lengthscale: 1.220 | outputscale: 1.838 | noise: 0.097
Iter 2350 | Loss: -1340.088 | lengthscale: 1.222 | outputscale: 1.837 | noise: 0.097
Iter 2360 | Loss: -1340.031 | lengthscale: 1.217 | outputscale: 1.819 | noise: 0.097
Iter 2370 | Loss: -1340.078 | lengthscale: 1.221 | outputscale: 1.836 | noise: 0.097
Iter 2380 | Loss: -1340.076 | lengthscale: 1.227 | outputscale: 1.864 | noise: 0.097
Iter 2390 | Loss: -1340.007 | lengthscale: 1.229 | outputscale: 1.878 | noise: 0.097
Iter 2400 | Loss: -1340.165 | lengthscale: 1.218 | outputscale: 1.828 | noise: 0.097
Iter 2410 | Loss: -1340.091 | lengthscale: 1.224 | outputscale: 1.852 | noise: 0.097
Iter 2420 | Loss: -1340.134 | lengthscale: 1.227 | outputscale: 1.863 | noise: 0.097
Iter 2430 | Loss: -1340.049 | lengthscale: 1.227 | outputscale: 1.860 | noise: 0.097
Iter 2440 | Loss: -1340.104 | lengthscale: 1.225 | outputscale: 1.862 | noise: 0.097
Iter 2450 | Loss: -1340.129 | lengthscale: 1.217 | outputscale: 1.818 | noise: 0.097
Iter 2460 | Loss: -1340.090 | lengthscale: 1.217 | outputscale: 1.806 | noise: 0.097
Iter 2470 | Loss: -1340.018 | lengthscale: 1.219 | outputscale: 1.826 | noise: 0.097
Iter 2480 | Loss: -1340.119 | lengthscale: 1.227 | outputscale: 1.868 | noise: 0.097
Iter 2490 | Loss: -1340.159 | lengthscale: 1.230 | outputscale: 1.898 | noise: 0.097
Iter 2499 | Loss: -1339.997 | lengthscale: 1.229 | outputscale: 1.879 | noise: 0.097
Learned Hyperparams:  {'lengthscale': 1.2293306589126587, 'outputscale': 1.878656268119812, 'noise': 0.09661204367876053, 'marginal_likelihood_loss_history': [-826.3026123046875, -837.7349853515625, -849.0863037109375, -860.3585205078125, -871.5531005859375, -882.6617431640625, -893.6881103515625, -904.6268310546875, -915.4761962890625, -926.2293701171875, -936.8868408203125, -947.4459228515625, -957.9066162109375, -968.2510986328125, -978.4986572265625, -988.6353759765625, -998.6485595703125, -1008.5511474609375, -1018.3336181640625, -1028.0015869140625, -1037.5382080078125, -1046.9461669921875, -1056.2259521484375, -1065.3726806640625, -1074.3841552734375, -1083.2596435546875, -1091.9871826171875, -1100.5782470703125, -1109.0233154296875, -1117.3187255859375, -1125.4620361328125, -1133.4608154296875, -1141.3016357421875, -1148.9884033203125, -1156.5230712890625, -1163.8834228515625, -1171.0897216796875, -1178.1351318359375, -1185.0174560546875, -1191.7406005859375, -1198.2750244140625, -1204.6668701171875, -1210.8809814453125, -1216.9193115234375, -1222.8096923828125, -1228.4976806640625, -1234.0535888671875, -1239.4312744140625, -1244.6463623046875, -1249.6834716796875, -1254.5386962890625, -1259.2381591796875, -1263.7694091796875, -1268.1278076171875, -1272.3009033203125, -1276.3695068359375, -1280.2088623046875, -1283.9669189453125, -1287.5098876953125, -1290.9119873046875, -1294.1639404296875, -1297.2713623046875, -1300.2535400390625, -1303.0565185546875, -1305.7032470703125, -1308.2252197265625, -1310.6473388671875, -1312.9119873046875, -1315.0286865234375, -1317.0699462890625, -1318.9407958984375, -1320.7457275390625, -1322.4217529296875, -1323.8968505859375, -1325.3709716796875, -1326.7423095703125, -1328.0157470703125, -1329.2169189453125, -1330.2386474609375, -1331.2066650390625, -1332.1287841796875, -1332.9493408203125, -1333.7259521484375, -1334.4478759765625, -1335.1492919921875, -1335.7242431640625, -1336.2103271484375, -1336.6947021484375, -1337.1407470703125, -1337.4561767578125, -1337.7923583984375, -1338.1820068359375, -1338.4515380859375, -1338.7122802734375, -1338.8988037109375, -1339.0960693359375, -1339.2955322265625, -1339.4674072265625, -1339.5867919921875, -1339.6456298828125, -1339.7220458984375, -1339.8433837890625, -1339.8675537109375, -1339.9295654296875, -1339.9071044921875, -1339.9720458984375, -1339.9840087890625, -1339.9632568359375, -1340.1151123046875, -1340.0916748046875, -1340.1009521484375, -1340.1068115234375, -1340.0828857421875, -1340.0941162109375, -1340.0848388671875, -1340.0799560546875, -1340.0504150390625, -1340.0843505859375, -1340.0740966796875, -1340.1121826171875, -1340.0638427734375, -1340.1019287109375, -1340.0941162109375, -1340.1387939453125, -1340.1109619140625, -1340.0736083984375, -1340.1263427734375, -1340.0994873046875, -1340.1092529296875, -1340.0526123046875, -1339.9844970703125, -1340.0638427734375, -1340.1009521484375, -1340.0599365234375, -1340.0545654296875, -1339.9681396484375, -1340.0247802734375, -1340.0897216796875, -1340.0819091796875, -1340.0130615234375, -1340.0858154296875, -1340.1104736328125, -1340.0213623046875, -1340.0733642578125, -1340.1151123046875, -1340.0831298828125, -1340.0672607421875, -1340.0633544921875, -1340.0850830078125, -1340.0843505859375, -1340.0567626953125, -1340.0589599609375, -1340.0404052734375, -1340.0911865234375, -1340.0557861328125, -1340.0863037109375, -1340.0723876953125, -1340.1658935546875, -1340.1046142578125, -1340.0159912109375, -1340.0589599609375, -1340.0677490234375, -1340.0428466796875, -1340.0604248046875, -1340.1370849609375, -1340.0726318359375, -1340.0836181640625, -1340.0897216796875, -1340.1163330078125, -1340.1546630859375, -1340.1190185546875, -1340.1090087890625, -1340.0828857421875, -1340.0838623046875, -1340.0423583984375, -1339.9849853515625, -1340.0577392578125, -1340.1109619140625, -1340.0836181640625, -1340.1273193359375, -1340.0736083984375, -1340.0423583984375, -1340.0789794921875, -1340.1192626953125, -1340.0511474609375, -1340.0545654296875, -1340.0189208984375, -1340.0618896484375, -1340.0946044921875, -1340.1014404296875, -1340.1229248046875, -1340.0638427734375, -1340.0953369140625, -1340.0296630859375, -1340.1348876953125, -1340.1688232421875, -1340.1319580078125, -1340.0106201171875, -1340.0438232421875, -1339.9439697265625, -1340.0311279296875, -1340.0872802734375, -1340.1312255859375, -1340.0772705078125, -1340.0325927734375, -1340.0941162109375, -1340.0040283203125, -1340.0704345703125, -1340.0980224609375, -1340.0325927734375, -1340.0765380859375, -1340.0047607421875, -1340.1336669921875, -1340.1173095703125, -1340.0714111328125, -1340.1536865234375, -1340.1195068359375, -1340.0963134765625, -1340.1129150390625, -1340.0526123046875, -1340.0101318359375, -1340.1224365234375, -1340.0970458984375, -1340.1385498046875, -1340.0653076171875, -1339.9876708984375, -1340.1151123046875, -1340.1427001953125, -1340.0655517578125, -1340.0755615234375, -1340.1087646484375, -1340.0916748046875, -1340.0784912109375, -1340.0408935546875, -1340.0987548828125, -1340.0765380859375, -1340.1126708984375, -1340.0875244140625, -1340.0413818359375, -1340.0701904296875, -1340.0543212890625, -1340.0069580078125, -1340.0726318359375, -1340.0479736328125, -1340.1058349609375, -1340.1583251953125, -1340.1497802734375, -1340.1151123046875, -1340.0364990234375, -1340.0650634765625, -1340.0765380859375, -1340.1351318359375, -1340.1629638671875, -1340.0394287109375, -1340.0379638671875, -1340.0540771484375, -1340.1566162109375, -1340.1324462890625, -1340.1209716796875, -1340.1087646484375, -1340.0433349609375, -1340.0584716796875, -1340.0755615234375, -1340.2410888671875, -1340.1102294921875, -1340.0352783203125, -1340.0623779296875, -1340.0238037109375, -1340.0299072265625, -1340.0487060546875, -1340.0699462890625, -1340.0916748046875, -1340.1151123046875, -1340.0660400390625, -1340.0902099609375, -1340.0682373046875, -1340.0574951171875, -1340.0557861328125, -1340.0643310546875, -1340.0916748046875, -1340.0897216796875, -1340.0872802734375, -1340.0697021484375, -1340.0418701171875, -1340.0770263671875, -1340.1187744140625, -1340.0150146484375, -1340.0526123046875, -1340.0284423828125, -1340.0003662109375, -1340.0452880859375, -1340.0428466796875, -1340.0604248046875, -1340.1170654296875, -1340.0716552734375, -1340.0560302734375, -1340.1199951171875, -1340.0543212890625, -1340.1239013671875, -1340.1292724609375, -1340.0076904296875, -1340.0574951171875, -1340.0067138671875, -1340.1082763671875, -1340.1219482421875, -1340.1072998046875, -1340.0550537109375, -1340.0159912109375, -1340.0760498046875, -1340.0552978515625, -1340.0780029296875, -1340.0926513671875, -1340.0379638671875, -1340.0921630859375, -1340.0364990234375, -1340.0416259765625, -1340.0809326171875, -1340.1195068359375, -1340.0792236328125, -1340.1864013671875, -1340.0411376953125, -1340.0599365234375, -1340.1351318359375, -1340.0321044921875, -1340.0460205078125, -1340.1197509765625, -1340.1358642578125, -1340.1417236328125, -1340.0355224609375, -1340.0340576171875, -1340.0465087890625, -1340.0682373046875, -1340.1636962890625, -1340.0308837890625, -1340.0506591796875, -1340.0467529296875, -1340.0335693359375, -1340.0853271484375, -1340.1033935546875, -1340.1927490234375, -1340.0570068359375, -1339.9881591796875, -1339.9893798828125, -1340.0513916015625, -1340.1224365234375, -1340.1229248046875, -1340.1119384765625, -1340.0662841796875, -1340.0640869140625, -1340.0882568359375, -1340.1348876953125, -1340.1556396484375, -1340.0772705078125, -1340.1717529296875, -1340.0614013671875, -1340.0921630859375, -1340.1187744140625, -1340.1243896484375, -1340.1021728515625, -1340.0968017578125, -1340.0533447265625, -1340.1175537109375, -1340.0965576171875, -1340.0399169921875, -1340.0616455078125, -1340.0599365234375, -1340.0855712890625, -1340.0240478515625, -1340.0780029296875, -1340.0772705078125, -1340.0760498046875, -1340.0174560546875, -1340.0667724609375, -1340.1326904296875, -1340.1304931640625, -1340.1107177734375, -1340.1441650390625, -1340.1322021484375, -1340.0897216796875, -1340.0616455078125, -1340.0296630859375, -1340.1214599609375, -1340.1424560546875, -1340.0987548828125, -1340.0504150390625, -1340.0433349609375, -1340.0628662109375, -1340.1297607421875, -1340.1273193359375, -1340.0150146484375, -1340.0506591796875, -1340.0462646484375, -1340.0792236328125, -1340.0714111328125, -1340.0765380859375, -1340.1072998046875, -1340.0430908203125, -1340.0201416015625, -1340.0606689453125, -1340.0645751953125, -1340.0501708984375, -1340.0838623046875, -1340.0860595703125, -1340.0921630859375, -1340.0655517578125, -1340.0496826171875, -1340.0635986328125, -1340.0804443359375, -1340.0345458984375, -1340.0428466796875, -1340.0965576171875, -1340.0882568359375, -1340.0079345703125, -1339.9998779296875, -1340.0975341796875, -1340.0916748046875, -1340.0833740234375, -1340.0975341796875, -1340.1068115234375, -1340.0975341796875, -1340.0709228515625, -1340.0716552734375, -1340.0697021484375, -1340.1766357421875, -1340.1556396484375, -1340.0672607421875, -1340.0799560546875, -1340.1336669921875, -1340.1473388671875, -1340.1204833984375, -1340.1275634765625, -1340.0775146484375, -1340.0833740234375, -1340.0882568359375, -1340.1290283203125, -1340.1619873046875, -1340.1226806640625, -1340.1561279296875, -1340.1199951171875, -1340.0491943359375, -1340.0867919921875, -1340.1317138671875, -1340.0662841796875, -1340.1575927734375, -1340.1072998046875, -1340.1009521484375, -1340.1358642578125, -1340.0325927734375, -1340.0848388671875, -1340.0521240234375, -1340.1883544921875, -1340.1632080078125, -1340.1141357421875, -1340.0916748046875, -1340.0806884765625, -1340.1033935546875, -1340.1102294921875, -1340.1473388671875, -1340.0616455078125, -1340.0889892578125, -1340.0609130859375, -1340.0626220703125, -1340.1112060546875, -1340.1502685546875, -1340.0447998046875, -1340.0799560546875, -1340.1392822265625, -1340.0701904296875, -1340.0843505859375, -1340.0975341796875, -1339.9974365234375, -1340.0538330078125, -1340.0660400390625, -1340.0650634765625, -1340.1336669921875, -1340.1417236328125, -1340.0396728515625, -1339.9964599609375, -1340.0504150390625, -1340.0706787109375, -1340.0557861328125, -1340.0909423828125, -1340.1112060546875, -1340.1007080078125, -1340.0650634765625, -1340.0731201171875, -1340.1566162109375, -1340.1097412109375, -1340.1243896484375, -1340.0906982421875, -1340.0496826171875, -1340.0592041015625, -1340.1663818359375, -1340.1185302734375, -1340.1336669921875, -1340.1004638671875, -1340.0386962890625, -1340.0633544921875, -1340.1419677734375, -1340.0946044921875, -1340.1541748046875, -1339.9971923828125, -1339.9935302734375, -1340.1312255859375, -1340.1112060546875, -1340.1004638671875, -1340.1124267578125, -1340.0748291015625, -1340.1151123046875, -1340.1175537109375, -1340.0640869140625, -1340.0662841796875, -1340.0833740234375, -1340.0999755859375, -1340.0889892578125, -1340.0443115234375, -1340.1268310546875, -1340.0797119140625, -1340.0877685546875, -1340.0885009765625, -1340.0489501953125, -1340.1063232421875, -1340.0750732421875, -1340.0826416015625, -1340.1453857421875, -1340.1368408203125, -1340.0758056640625, -1340.0477294921875, -1340.0926513671875, -1340.0233154296875, -1340.0936279296875, -1340.0926513671875, -1340.0758056640625, -1340.0386962890625, -1340.0321044921875, -1340.0487060546875, -1340.1456298828125, -1340.1463623046875, -1340.1160888671875, -1340.0926513671875, -1340.0155029296875, -1340.0264892578125, -1340.0985107421875, -1340.1373291015625, -1340.1456298828125, -1340.0140380859375, -1339.9744873046875, -1340.0931396484375, -1340.0350341796875, -1340.1322021484375, -1340.1343994140625, -1340.1041259765625, -1340.0638427734375, -1340.0726318359375, -1340.1453857421875, -1340.1243896484375, -1340.1087646484375, -1340.0780029296875, -1340.0301513671875, -1340.0474853515625, -1340.0804443359375, -1340.1326904296875, -1340.1158447265625, -1340.0799560546875, -1340.0323486328125, -1340.0189208984375, -1340.0394287109375, -1340.0794677734375, -1340.1304931640625, -1340.1549072265625, -1340.1019287109375, -1340.0596923828125, -1340.0645751953125, -1340.0469970703125, -1340.0401611328125, -1340.0689697265625, -1340.0982666015625, -1340.1024169921875, -1340.0623779296875, -1340.0936279296875, -1340.0465087890625, -1340.0821533203125, -1340.1121826171875, -1340.0931396484375, -1340.0316162109375, -1340.1002197265625, -1340.0938720703125, -1340.1087646484375, -1340.1197509765625, -1340.1282958984375, -1340.1124267578125, -1340.0445556640625, -1340.0709228515625, -1340.1160888671875, -1340.0213623046875, -1340.1114501953125, -1340.0545654296875, -1340.0684814453125, -1340.0799560546875, -1340.0367431640625, -1340.0836181640625, -1340.1004638671875, -1340.0528564453125, -1340.1488037109375, -1340.0921630859375, -1340.0679931640625, -1340.0570068359375, -1340.1014404296875, -1340.0767822265625, -1340.1329345703125, -1340.0592041015625, -1340.0025634765625, -1340.0242919921875, -1340.0694580078125, -1340.0850830078125, -1340.0955810546875, -1340.2054443359375, -1340.0836181640625, -1340.0357666015625, -1340.0738525390625, -1340.1322021484375, -1340.1815185546875, -1340.0384521484375, -1340.0350341796875, -1340.0745849609375, -1340.1153564453125, -1340.1214599609375, -1340.1280517578125, -1340.0789794921875, -1339.9749755859375, -1340.0301513671875, -1340.1253662109375, -1340.0665283203125, -1340.0902099609375, -1340.0623779296875, -1340.0775146484375, -1340.1177978515625, -1340.0550537109375, -1340.0770263671875, -1340.0948486328125, -1340.1060791015625, -1340.0753173828125, -1340.0430908203125, -1340.0321044921875, -1340.0838623046875, -1340.1275634765625, -1340.1502685546875, -1340.0943603515625, -1340.0531005859375, -1340.1109619140625, -1340.0723876953125, -1339.9906005859375, -1340.1448974609375, -1340.0477294921875, -1340.0887451171875, -1340.1104736328125, -1340.0665283203125, -1340.1190185546875, -1340.0374755859375, -1340.0819091796875, -1340.0362548828125, -1340.0391845703125, -1340.0535888671875, -1340.0777587890625, -1340.0343017578125, -1339.9703369140625, -1340.0013427734375, -1340.0535888671875, -1340.1014404296875, -1340.0360107421875, -1340.1302490234375, -1340.0845947265625, -1340.0194091796875, -1340.0491943359375, -1340.0150146484375, -1340.0643310546875, -1340.1109619140625, -1340.1500244140625, -1340.0953369140625, -1340.0347900390625, -1340.0777587890625, -1340.1727294921875, -1340.0875244140625, -1340.0106201171875, -1340.0911865234375, -1340.0518798828125, -1340.0648193359375, -1340.0487060546875, -1340.0452880859375, -1340.0635986328125, -1340.1292724609375, -1340.0848388671875, -1340.0306396484375, -1340.0614013671875, -1340.1363525390625, -1340.0758056640625, -1340.0867919921875, -1340.0716552734375, -1340.0792236328125, -1340.1392822265625, -1340.0560302734375, -1340.1343994140625, -1340.1942138671875, -1340.1322021484375, -1340.0906982421875, -1340.0482177734375, -1340.0902099609375, -1340.0760498046875, -1340.1285400390625, -1340.1094970703125, -1340.1038818359375, -1340.0479736328125, -1340.0889892578125, -1340.0531005859375, -1340.0975341796875, -1340.1695556640625, -1340.1187744140625, -1340.1243896484375, -1340.0379638671875, -1340.0496826171875, -1340.1297607421875, -1340.1478271484375, -1340.1119384765625, -1340.1129150390625, -1340.0535888671875, -1340.0760498046875, -1340.1004638671875, -1340.0404052734375, -1340.0772705078125, -1340.0599365234375, -1340.0716552734375, -1340.1234130859375, -1340.0350341796875, -1340.0426025390625, -1340.0531005859375, -1340.0836181640625, -1340.0301513671875, -1340.0721435546875, -1340.0745849609375, -1340.0784912109375, -1340.1488037109375, -1340.0799560546875, -1340.0819091796875, -1340.0443115234375, -1340.0692138671875, -1340.0960693359375, -1340.1173095703125, -1340.1353759765625, -1340.0755615234375, -1340.0772705078125, -1340.0618896484375, -1340.1322021484375, -1340.1160888671875, -1340.1168212890625, -1340.1107177734375, -1340.0906982421875, -1340.1507568359375, -1340.0277099609375, -1340.0384521484375, -1340.1368408203125, -1340.1024169921875, -1340.0098876953125, -1340.0682373046875, -1340.1102294921875, -1340.1260986328125, -1340.0750732421875, -1340.1378173828125, -1340.0682373046875, -1340.0550537109375, -1340.0301513671875, -1340.1114501953125, -1340.1524658203125, -1340.2122802734375, -1340.0550537109375, -1340.0386962890625, -1340.0831298828125, -1340.0865478515625, -1340.0594482421875, -1340.0838623046875, -1340.0858154296875, -1340.0623779296875, -1339.9915771484375, -1340.0848388671875, -1340.1199951171875, -1340.0755615234375, -1340.0933837890625, -1340.1424560546875, -1340.0804443359375, -1340.1051025390625, -1340.0560302734375, -1340.0413818359375, -1340.1033935546875, -1340.0203857421875, -1340.0816650390625, -1340.0736083984375, -1340.0013427734375, -1340.1214599609375, -1340.1248779296875, -1340.0853271484375, -1340.1129150390625, -1340.1119384765625, -1340.0640869140625, -1340.0382080078125, -1340.0814208984375, -1340.0516357421875, -1340.1190185546875, -1340.0765380859375, -1340.0953369140625, -1340.1097412109375, -1340.0257568359375, -1340.0357666015625, -1340.0042724609375, -1340.0633544921875, -1340.0621337890625, -1340.1600341796875, -1340.0289306640625, -1340.1153564453125, -1340.0501708984375, -1340.0540771484375, -1340.1380615234375, -1340.1253662109375, -1340.0067138671875, -1340.1038818359375, -1340.1114501953125, -1340.1322021484375, -1340.0318603515625, -1340.0677490234375, -1340.0548095703125, -1340.0611572265625, -1340.0306396484375, -1340.0987548828125, -1340.0052490234375, -1340.0203857421875, -1340.0555419921875, -1340.0843505859375, -1340.0994873046875, -1340.1033935546875, -1340.0965576171875, -1340.1014404296875, -1340.0657958984375, -1340.0255126953125, -1340.1541748046875, -1340.1585693359375, -1340.0799560546875, -1340.0733642578125, -1340.0545654296875, -1340.0657958984375, -1340.0648193359375, -1340.1063232421875, -1340.0687255859375, -1340.1263427734375, -1340.0784912109375, -1340.0858154296875, -1340.0501708984375, -1340.0657958984375, -1340.1004638671875, -1340.0516357421875, -1340.1334228515625, -1340.0887451171875, -1340.0406494140625, -1340.0328369140625, -1340.1070556640625, -1340.0946044921875, -1340.0643310546875, -1340.0899658203125, -1340.0955810546875, -1340.0465087890625, -1340.0765380859375, -1340.1322021484375, -1340.1026611328125, -1340.1116943359375, -1340.0614013671875, -1340.1168212890625, -1340.0921630859375, -1340.0286865234375, -1339.9822998046875, -1340.0755615234375, -1340.1031494140625, -1340.0880126953125, -1340.1094970703125, -1340.0706787109375, -1340.0477294921875, -1340.0435791015625, -1340.0689697265625, -1340.1136474609375, -1340.0911865234375, -1340.0682373046875, -1340.1380615234375, -1340.1148681640625, -1340.1351318359375, -1340.0706787109375, -1339.9947509765625, -1340.0042724609375, -1340.1129150390625, -1340.0528564453125, -1340.0899658203125, -1340.0306396484375, -1340.0689697265625, -1340.0142822265625, -1340.0338134765625, -1340.0325927734375, -1340.0545654296875, -1340.1282958984375, -1340.1185302734375, -1340.0831298828125, -1340.0889892578125, -1340.1185302734375, -1340.1202392578125, -1340.0697021484375, -1340.0540771484375, -1340.0299072265625, -1340.0672607421875, -1340.0697021484375, -1340.1239013671875, -1340.1429443359375, -1340.0396728515625, -1340.0677490234375, -1340.1138916015625, -1340.1842041015625, -1340.1746826171875, -1340.0885009765625, -1340.1214599609375, -1340.0828857421875, -1340.1019287109375, -1340.1370849609375, -1340.1016845703125, -1340.0965576171875, -1340.0560302734375, -1340.1448974609375, -1339.9935302734375, -1340.1346435546875, -1340.0836181640625, -1340.1014404296875, -1340.0089111328125, -1340.0914306640625, -1340.0321044921875, -1340.0609130859375, -1340.0909423828125, -1340.1390380859375, -1340.1033935546875, -1340.0916748046875, -1340.0477294921875, -1340.0928955078125, -1340.1063232421875, -1340.0687255859375, -1340.0850830078125, -1340.1541748046875, -1340.1265869140625, -1340.0374755859375, -1340.1414794921875, -1340.1041259765625, -1340.0579833984375, -1340.1212158203125, -1340.1771240234375, -1340.1405029296875, -1340.1385498046875, -1340.0428466796875, -1340.0523681640625, -1340.1519775390625, -1340.1156005859375, -1340.1170654296875, -1340.0838623046875, -1340.0364990234375, -1340.1060791015625, -1340.0633544921875, -1340.0565185546875, -1340.0943603515625, -1340.1600341796875, -1340.1004638671875, -1340.0479736328125, -1340.1793212890625, -1340.0858154296875, -1340.1246337890625, -1340.1588134765625, -1340.0482177734375, -1339.9827880859375, -1340.1158447265625, -1340.1182861328125, -1340.1395263671875, -1340.1153564453125, -1340.0362548828125, -1340.0762939453125, -1340.0843505859375, -1340.1387939453125, -1340.1199951171875, -1340.1180419921875, -1340.0714111328125, -1340.1317138671875, -1340.1358642578125, -1340.0941162109375, -1340.1082763671875, -1340.0609130859375, -1340.0731201171875, -1340.0643310546875, -1340.0936279296875, -1340.1624755859375, -1340.1361083984375, -1340.1453857421875, -1340.0450439453125, -1340.1192626953125, -1340.1785888671875, -1340.0985107421875, -1340.1160888671875, -1340.1622314453125, -1340.1051025390625, -1340.0433349609375, -1340.0462646484375, -1340.0687255859375, -1340.1082763671875, -1340.0474853515625, -1340.0421142578125, -1340.0894775390625, -1340.0623779296875, -1340.0618896484375, -1340.0926513671875, -1340.0257568359375, -1340.1156005859375, -1340.1448974609375, -1340.0928955078125, -1340.1102294921875, -1340.0291748046875, -1340.1170654296875, -1340.0921630859375, -1340.0731201171875, -1340.0577392578125, -1340.0870361328125, -1340.0772705078125, -1340.0955810546875, -1340.0653076171875, -1340.0780029296875, -1340.0032958984375, -1340.0960693359375, -1340.0447998046875, -1340.1134033203125, -1340.1531982421875, -1340.0150146484375, -1340.1383056640625, -1340.1353759765625, -1340.1053466796875, -1340.0355224609375, -1340.0936279296875, -1340.0921630859375, -1340.1021728515625, -1340.1571044921875, -1340.1341552734375, -1340.0985107421875, -1340.0150146484375, -1340.0601806640625, -1340.0599365234375, -1340.0946044921875, -1340.1480712890625, -1340.0404052734375, -1340.1151123046875, -1340.1097412109375, -1340.1121826171875, -1340.0985107421875, -1340.1107177734375, -1340.0794677734375, -1340.0804443359375, -1340.1253662109375, -1340.0469970703125, -1340.1412353515625, -1340.0743408203125, -1340.0731201171875, -1340.0594482421875, -1340.1009521484375, -1340.0758056640625, -1340.1092529296875, -1340.0887451171875, -1340.1263427734375, -1340.0987548828125, -1340.0296630859375, -1340.0113525390625, -1340.1121826171875, -1340.1336669921875, -1340.1121826171875, -1340.1031494140625, -1340.0164794921875, -1340.1595458984375, -1340.1395263671875, -1340.1060791015625, -1340.1646728515625, -1340.0965576171875, -1340.1209716796875, -1340.0999755859375, -1340.0555419921875, -1340.0902099609375, -1340.0718994140625, -1340.0887451171875, -1340.0780029296875, -1340.0736083984375, -1340.0294189453125, -1340.1209716796875, -1340.1072998046875, -1340.1334228515625, -1340.1007080078125, -1340.0538330078125, -1340.0968017578125, -1340.0802001953125, -1340.0848388671875, -1340.0904541015625, -1340.0726318359375, -1340.0721435546875, -1340.0509033203125, -1340.1099853515625, -1340.1182861328125, -1340.1046142578125, -1340.0311279296875, -1340.0579833984375, -1340.1153564453125, -1340.1180419921875, -1340.1351318359375, -1340.0462646484375, -1340.1077880859375, -1340.0540771484375, -1340.1429443359375, -1340.0848388671875, -1340.1119384765625, -1340.1197509765625, -1339.9935302734375, -1340.0535888671875, -1340.0447998046875, -1340.1634521484375, -1340.1654052734375, -1340.1285400390625, -1340.0931396484375, -1340.0491943359375, -1340.0430908203125, -1340.0408935546875, -1340.1263427734375, -1340.1702880859375, -1340.1563720703125, -1340.1568603515625, -1340.0994873046875, -1340.0989990234375, -1340.1304931640625, -1340.0677490234375, -1340.0789794921875, -1340.0823974609375, -1340.0950927734375, -1340.0594482421875, -1339.9937744140625, -1340.0963134765625, -1340.0491943359375, -1340.1175537109375, -1340.1007080078125, -1340.0587158203125, -1340.0120849609375, -1340.1605224609375, -1340.1507568359375, -1340.1170654296875, -1340.1202392578125, -1340.0770263671875, -1340.0579833984375, -1340.1053466796875, -1340.1253662109375, -1340.1517333984375, -1340.0789794921875, -1340.0091552734375, -1340.0191650390625, -1340.0953369140625, -1340.0594482421875, -1340.1729736328125, -1340.0279541015625, -1340.0687255859375, -1340.0648193359375, -1340.0758056640625, -1340.1734619140625, -1340.1424560546875, -1340.1041259765625, -1340.0662841796875, -1340.0382080078125, -1340.0775146484375, -1340.1007080078125, -1340.0965576171875, -1340.0101318359375, -1339.9927978515625, -1340.0316162109375, -1340.1239013671875, -1340.0863037109375, -1340.0838623046875, -1340.0843505859375, -1340.0950927734375, -1340.0540771484375, -1340.0699462890625, -1340.0037841796875, -1340.1094970703125, -1340.1575927734375, -1340.0401611328125, -1340.0301513671875, -1340.0487060546875, -1340.0592041015625, -1340.1427001953125, -1340.1488037109375, -1340.1226806640625, -1340.0718994140625, -1340.1204833984375, -1340.0401611328125, -1340.0924072265625, -1340.0614013671875, -1340.1043701171875, -1340.0306396484375, -1340.0831298828125, -1340.0216064453125, -1340.0130615234375, -1340.1043701171875, -1340.1258544921875, -1340.0838623046875, -1340.0477294921875, -1340.1427001953125, -1340.0482177734375, -1340.1556396484375, -1340.1307373046875, -1340.0924072265625, -1340.0833740234375, -1340.0587158203125, -1340.0399169921875, -1340.0140380859375, -1340.1053466796875, -1340.0750732421875, -1340.0460205078125, -1340.0682373046875, -1340.0648193359375, -1340.1844482421875, -1340.1527099609375, -1340.0804443359375, -1340.0736083984375, -1340.1072998046875, -1340.0399169921875, -1340.0928955078125, -1340.1087646484375, -1340.0423583984375, -1340.1063232421875, -1340.0770263671875, -1340.0697021484375, -1340.1002197265625, -1340.1898193359375, -1340.0916748046875, -1340.1007080078125, -1339.9969482421875, -1340.1072998046875, -1340.1195068359375, -1340.1011962890625, -1340.0938720703125, -1340.0032958984375, -1340.0814208984375, -1340.0316162109375, -1340.0916748046875, -1340.1343994140625, -1340.0716552734375, -1340.0614013671875, -1340.0340576171875, -1340.0228271484375, -1340.0262451171875, -1340.0682373046875, -1340.0609130859375, -1340.0379638671875, -1340.0975341796875, -1339.9940185546875, -1340.1136474609375, -1340.0242919921875, -1340.0206298828125, -1340.1104736328125, -1340.0823974609375, -1340.1153564453125, -1340.0062255859375, -1340.0811767578125, -1340.1302490234375, -1340.0914306640625, -1340.1160888671875, -1340.1011962890625, -1340.1019287109375, -1340.1053466796875, -1340.1107177734375, -1340.0916748046875, -1340.1531982421875, -1340.1329345703125, -1340.0621337890625, -1340.0870361328125, -1340.0682373046875, -1340.0718994140625, -1340.1185302734375, -1340.1080322265625, -1340.1322021484375, -1340.1302490234375, -1340.0716552734375, -1340.0853271484375, -1340.0816650390625, -1340.0843505859375, -1340.0679931640625, -1340.1395263671875, -1340.1129150390625, -1340.1815185546875, -1340.0838623046875, -1339.9881591796875, -1340.0445556640625, -1340.1546630859375, -1340.1273193359375, -1340.0213623046875, -1340.0447998046875, -1340.0887451171875, -1340.0609130859375, -1340.0367431640625, -1340.1239013671875, -1340.1290283203125, -1340.0469970703125, -1340.0994873046875, -1340.0697021484375, -1340.0472412109375, -1340.0980224609375, -1340.1124267578125, -1340.0926513671875, -1340.0726318359375, -1340.0706787109375, -1340.0877685546875, -1340.0941162109375, -1340.0867919921875, -1340.0882568359375, -1340.0394287109375, -1340.0399169921875, -1340.0750732421875, -1340.0408935546875, -1340.0345458984375, -1340.0936279296875, -1340.1004638671875, -1340.0848388671875, -1340.0819091796875, -1340.0589599609375, -1340.0980224609375, -1340.0770263671875, -1340.1165771484375, -1340.0770263671875, -1340.0482177734375, -1340.0941162109375, -1340.1280517578125, -1340.1668701171875, -1340.1282958984375, -1340.1444091796875, -1340.1026611328125, -1340.0755615234375, -1340.0631103515625, -1340.0970458984375, -1340.1619873046875, -1340.0460205078125, -1340.0643310546875, -1340.0748291015625, -1340.0164794921875, -1340.0601806640625, -1340.0970458984375, -1340.0960693359375, -1340.0579833984375, -1340.0716552734375, -1340.0770263671875, -1340.0325927734375, -1340.0928955078125, -1340.1473388671875, -1340.1571044921875, -1340.0928955078125, -1340.1199951171875, -1340.1419677734375, -1340.0599365234375, -1340.1156005859375, -1340.0941162109375, -1340.0975341796875, -1340.0540771484375, -1340.0911865234375, -1340.1107177734375, -1340.1214599609375, -1340.1160888671875, -1340.1390380859375, -1340.1063232421875, -1340.0848388671875, -1340.1724853515625, -1340.0765380859375, -1340.0574951171875, -1340.1107177734375, -1340.0926513671875, -1340.1417236328125, -1340.1129150390625, -1340.1094970703125, -1340.1253662109375, -1340.2264404296875, -1340.0833740234375, -1340.1158447265625, -1340.0880126953125, -1340.0755615234375, -1340.1422119140625, -1340.1751708984375, -1340.0552978515625, -1340.0887451171875, -1340.1405029296875, -1340.0682373046875, -1340.0899658203125, -1340.1207275390625, -1340.0994873046875, -1340.1473388671875, -1340.1614990234375, -1340.1036376953125, -1340.0765380859375, -1340.1253662109375, -1340.1019287109375, -1340.0543212890625, -1340.0863037109375, -1340.0738525390625, -1340.0858154296875, -1340.0687255859375, -1340.0892333984375, -1340.1129150390625, -1340.0657958984375, -1340.1094970703125, -1340.0264892578125, -1340.0711669921875, -1340.0494384765625, -1340.0501708984375, -1340.0599365234375, -1340.1077880859375, -1340.0711669921875, -1340.0804443359375, -1340.0601806640625, -1340.1177978515625, -1340.0697021484375, -1340.0330810546875, -1340.0736083984375, -1340.0582275390625, -1340.1473388671875, -1340.0443115234375, -1340.0501708984375, -1340.0540771484375, -1340.0291748046875, -1340.0802001953125, -1340.0799560546875, -1340.0667724609375, -1340.1002197265625, -1340.0960693359375, -1340.0120849609375, -1340.1312255859375, -1340.1024169921875, -1340.0657958984375, -1340.0135498046875, -1340.0902099609375, -1340.1060791015625, -1340.1605224609375, -1340.1351318359375, -1340.0980224609375, -1340.1319580078125, -1340.0140380859375, -1340.0892333984375, -1340.0882568359375, -1340.1273193359375, -1340.0374755859375, -1340.0504150390625, -1340.0955810546875, -1340.1102294921875, -1340.0958251953125, -1340.1309814453125, -1340.0562744140625, -1340.0628662109375, -1340.1112060546875, -1340.1156005859375, -1340.1236572265625, -1340.0843505859375, -1340.0477294921875, -1340.0775146484375, -1340.0521240234375, -1339.9832763671875, -1340.0284423828125, -1340.0321044921875, -1340.1290283203125, -1340.0775146484375, -1340.1365966796875, -1340.0845947265625, -1340.0799560546875, -1340.0704345703125, -1340.0333251953125, -1340.1417236328125, -1340.0604248046875, -1340.1766357421875, -1340.0589599609375, -1340.0657958984375, -1340.0301513671875, -1340.0936279296875, -1340.0855712890625, -1340.1644287109375, -1339.9622802734375, -1340.0352783203125, -1340.0550537109375, -1340.0897216796875, -1340.1578369140625, -1340.1424560546875, -1340.0108642578125, -1340.0682373046875, -1340.0543212890625, -1340.0574951171875, -1340.0594482421875, -1340.0643310546875, -1340.0408935546875, -1340.0736083984375, -1340.0328369140625, -1340.0413818359375, -1339.9842529296875, -1340.0760498046875, -1340.0462646484375, -1340.0838623046875, -1340.0294189453125, -1340.0042724609375, -1340.0794677734375, -1340.1038818359375, -1340.0286865234375, -1340.0277099609375, -1340.1278076171875, -1340.0460205078125, -1340.1055908203125, -1340.1375732421875, -1340.0784912109375, -1340.0823974609375, -1340.0955810546875, -1340.0914306640625, -1340.0736083984375, -1340.0262451171875, -1340.0604248046875, -1340.1053466796875, -1340.1180419921875, -1340.1688232421875, -1340.1187744140625, -1340.0531005859375, -1340.0672607421875, -1340.0933837890625, -1340.0845947265625, -1340.0938720703125, -1340.0418701171875, -1340.0994873046875, -1340.1312255859375, -1340.0330810546875, -1340.0772705078125, -1340.0802001953125, -1340.0316162109375, -1340.0792236328125, -1340.0430908203125, -1340.1063232421875, -1340.1195068359375, -1340.0086669921875, -1340.0936279296875, -1340.0828857421875, -1340.0872802734375, -1340.1888427734375, -1340.1326904296875, -1340.1148681640625, -1340.0506591796875, -1340.0780029296875, -1340.0562744140625, -1340.0572509765625, -1340.1072998046875, -1340.1375732421875, -1340.0955810546875, -1340.0711669921875, -1340.0650634765625, -1340.1126708984375, -1340.1224365234375, -1340.1226806640625, -1340.0721435546875, -1340.0819091796875, -1340.0823974609375, -1340.0721435546875, -1340.0948486328125, -1340.1102294921875, -1340.0726318359375, -1340.1226806640625, -1340.1390380859375, -1340.1326904296875, -1340.0968017578125, -1340.1131591796875, -1340.1341552734375, -1340.1287841796875, -1340.0928955078125, -1340.1641845703125, -1340.0867919921875, -1340.1656494140625, -1340.1160888671875, -1340.2032470703125, -1340.1214599609375, -1340.0758056640625, -1340.1678466796875, -1340.1485595703125, -1340.1319580078125, -1340.0472412109375, -1340.1107177734375, -1340.0792236328125, -1340.0723876953125, -1340.1043701171875, -1340.0657958984375, -1340.0360107421875, -1340.1326904296875, -1340.0606689453125, -1340.1090087890625, -1340.1107177734375, -1340.1241455078125, -1340.1126708984375, -1340.0721435546875, -1340.1146240234375, -1340.0772705078125, -1340.0823974609375, -1340.0550537109375, -1340.0743408203125, -1340.1849365234375, -1340.1258544921875, -1340.0594482421875, -1340.1488037109375, -1340.0443115234375, -1340.1102294921875, -1340.0989990234375, -1340.1131591796875, -1340.0382080078125, -1340.0946044921875, -1340.1029052734375, -1340.0899658203125, -1340.1314697265625, -1340.1693115234375, -1340.0118408203125, -1340.0662841796875, -1340.0570068359375, -1340.0909423828125, -1340.1092529296875, -1340.1143798828125, -1340.0523681640625, -1340.0997314453125, -1340.0455322265625, -1340.1634521484375, -1340.1705322265625, -1340.0872802734375, -1340.0291748046875, -1340.0904541015625, -1340.1085205078125, -1340.1094970703125, -1340.1580810546875, -1340.1292724609375, -1340.0994873046875, -1340.0682373046875, -1340.0848388671875, -1340.1185302734375, -1340.1197509765625, -1340.1124267578125, -1340.1695556640625, -1340.0035400390625, -1339.9903564453125, -1340.0870361328125, -1340.1656494140625, -1340.1678466796875, -1340.1221923828125, -1340.0555419921875, -1339.9783935546875, -1340.0484619140625, -1340.1536865234375, -1340.1671142578125, -1340.0306396484375, -1340.0736083984375, -1340.0098876953125, -1340.0999755859375, -1340.0809326171875, -1340.1085205078125, -1340.0501708984375, -1340.0509033203125, -1340.0533447265625, -1340.1268310546875, -1340.1497802734375, -1340.1922607421875, -1340.0750732421875, -1340.1221923828125, -1340.1102294921875, -1340.0692138671875, -1340.1314697265625, -1340.1326904296875, -1340.1009521484375, -1340.1522216796875, -1340.1483154296875, -1340.0941162109375, -1340.1253662109375, -1340.1319580078125, -1340.1397705078125, -1340.1309814453125, -1340.0487060546875, -1340.0614013671875, -1340.0931396484375, -1340.1624755859375, -1340.1400146484375, -1340.1343994140625, -1340.0487060546875, -1339.9661865234375, -1340.0218505859375, -1340.1895751953125, -1340.1087646484375, -1340.0848388671875, -1340.0389404296875, -1340.0560302734375, -1340.0614013671875, -1340.0560302734375, -1340.1561279296875, -1340.1947021484375, -1340.0584716796875, -1340.0789794921875, -1340.0367431640625, -1340.0120849609375, -1340.1217041015625, -1340.1063232421875, -1340.1522216796875, -1340.0521240234375, -1340.0452880859375, -1340.1116943359375, -1340.0111083984375, -1340.1170654296875, -1340.0882568359375, -1340.0069580078125, -1340.1092529296875, -1340.1038818359375, -1340.0853271484375, -1340.1190185546875, -1340.0516357421875, -1340.0765380859375, -1340.0501708984375, -1340.1097412109375, -1340.1021728515625, -1340.0843505859375, -1340.0936279296875, -1340.1546630859375, -1340.0472412109375, -1340.0689697265625, -1340.0264892578125, -1340.1346435546875, -1340.1722412109375, -1340.1356201171875, -1340.0579833984375, -1340.0606689453125, -1340.0184326171875, -1340.1021728515625, -1340.0770263671875, -1340.1300048828125, -1340.1549072265625, -1340.0667724609375, -1340.1341552734375, -1340.0333251953125, -1340.1134033203125, -1340.1387939453125, -1340.1590576171875, -1340.1448974609375, -1340.0379638671875, -1340.0799560546875, -1340.1165771484375, -1340.1339111328125, -1340.1676025390625, -1340.0911865234375, -1340.0113525390625, -1339.9761962890625, -1340.0599365234375, -1340.1488037109375, -1340.1063232421875, -1340.0919189453125, -1339.9525146484375, -1340.0240478515625, -1340.0267333984375, -1340.1568603515625, -1340.1365966796875, -1340.1016845703125, -1340.0062255859375, -1340.1229248046875, -1340.0521240234375, -1340.1270751953125, -1340.1112060546875, -1340.1346435546875, -1340.0946044921875, -1340.0633544921875, -1340.0604248046875, -1340.0985107421875, -1340.0447998046875, -1340.0653076171875, -1340.0374755859375, -1340.0726318359375, -1340.1058349609375, -1340.1356201171875, -1340.0423583984375, -1340.0736083984375, -1340.0618896484375, -1340.0540771484375, -1340.0933837890625, -1340.0404052734375, -1340.1004638671875, -1340.0462646484375, -1340.1768798828125, -1340.0882568359375, -1340.1163330078125, -1340.0863037109375, -1340.0560302734375, -1340.0452880859375, -1340.1307373046875, -1339.9954833984375, -1340.1243896484375, -1340.1417236328125, -1340.0736083984375, -1340.0635986328125, -1340.0340576171875, -1340.0679931640625, -1340.1744384765625, -1340.1314697265625, -1340.1033935546875, -1340.1361083984375, -1339.9874267578125, -1340.0335693359375, -1340.1092529296875, -1340.0677490234375, -1340.0814208984375, -1340.0526123046875, -1340.0804443359375, -1340.1143798828125, -1340.0711669921875, -1340.1151123046875, -1340.0989990234375, -1340.0496826171875, -1340.0797119140625, -1340.1126708984375, -1340.0584716796875, -1340.0418701171875, -1340.1009521484375, -1340.0228271484375, -1340.0067138671875, -1340.0491943359375, -1340.0511474609375, -1340.1531982421875, -1340.0777587890625, -1340.0992431640625, -1340.0277099609375, -1340.0823974609375, -1340.0291748046875, -1340.0958251953125, -1340.0955810546875, -1340.1529541015625, -1340.0687255859375, -1340.0408935546875, -1340.0728759765625, -1340.0731201171875, -1340.0321044921875, -1340.0706787109375, -1339.9818115234375, -1340.1273193359375, -1340.0360107421875, -1340.1046142578125, -1340.1024169921875, -1340.0430908203125, -1340.1380615234375, -1340.0504150390625, -1340.1312255859375, -1340.0723876953125, -1340.0350341796875, -1340.1048583984375, -1340.0784912109375, -1340.1104736328125, -1340.0631103515625, -1340.0799560546875, -1340.0648193359375, -1340.1439208984375, -1340.0804443359375, -1340.1361083984375, -1340.0247802734375, -1340.0582275390625, -1340.0750732421875, -1340.0584716796875, -1340.0648193359375, -1340.0887451171875, -1340.0257568359375, -1340.0455322265625, -1340.0540771484375, -1340.0177001953125, -1340.1397705078125, -1340.1170654296875, -1340.0965576171875, -1340.0762939453125, -1340.1107177734375, -1340.1573486328125, -1340.1280517578125, -1340.1839599609375, -1340.0469970703125, -1340.1302490234375, -1340.1307373046875, -1340.1326904296875, -1340.0665283203125, -1340.0570068359375, -1340.0709228515625, -1340.0821533203125, -1340.0487060546875, -1340.1126708984375, -1340.0706787109375, -1340.0057373046875, -1340.1080322265625, -1340.1146240234375, -1340.0364990234375, -1340.1234130859375, -1340.0985107421875, -1340.1541748046875, -1340.0867919921875, -1340.0472412109375, -1340.0499267578125, -1340.1033935546875, -1340.0706787109375, -1340.1419677734375, -1340.1112060546875, -1340.0574951171875, -1340.0924072265625, -1340.0157470703125, -1340.0985107421875, -1340.1514892578125, -1340.1038818359375, -1340.0350341796875, -1340.0565185546875, -1339.9945068359375, -1340.0562744140625, -1340.0902099609375, -1340.0789794921875, -1340.0531005859375, -1340.0858154296875, -1340.0374755859375, -1340.0484619140625, -1340.1419677734375, -1340.0633544921875, -1340.1353759765625, -1340.0814208984375, -1340.0208740234375, -1340.0579833984375, -1340.1258544921875, -1340.0716552734375, -1340.0892333984375, -1340.0345458984375, -1340.0411376953125, -1340.0516357421875, -1340.0731201171875, -1340.0531005859375, -1340.0841064453125, -1340.1243896484375, -1340.0321044921875, -1340.0328369140625, -1340.1400146484375, -1340.0584716796875, -1340.0784912109375, -1340.0889892578125, -1340.0787353515625, -1340.0755615234375, -1340.0570068359375, -1340.0897216796875, -1340.1248779296875, -1340.0496826171875, -1340.1368408203125, -1340.0447998046875, -1340.0911865234375, -1340.0579833984375, -1340.0533447265625, -1340.0091552734375, -1340.0943603515625, -1340.1175537109375, -1340.1590576171875, -1340.1507568359375, -1340.1468505859375, -1340.0601806640625, -1340.1263427734375, -1340.1346435546875, -1340.1292724609375, -1340.1600341796875, -1340.0799560546875, -1340.1175537109375, -1340.1439208984375, -1340.0157470703125, -1340.0401611328125, -1340.1102294921875, -1340.0894775390625, -1340.1185302734375, -1340.1297607421875, -1340.0718994140625, -1340.0926513671875, -1340.0662841796875, -1340.1268310546875, -1340.1275634765625, -1340.0892333984375, -1340.1170654296875, -1340.1190185546875, -1340.1356201171875, -1340.1221923828125, -1340.0960693359375, -1340.0308837890625, -1340.0257568359375, -1340.0770263671875, -1340.0560302734375, -1340.1649169921875, -1340.0125732421875, -1340.0140380859375, -1340.0887451171875, -1340.0516357421875, -1340.0450439453125, -1340.0389404296875, -1340.0628662109375, -1340.0328369140625, -1340.1556396484375, -1340.0233154296875, -1340.0767822265625, -1340.1610107421875, -1340.1297607421875, -1340.1070556640625, -1340.1009521484375, -1340.0531005859375, -1340.0926513671875, -1340.0469970703125, -1340.0555419921875, -1340.1134033203125, -1340.1207275390625, -1340.0738525390625, -1340.0823974609375, -1340.0765380859375, -1340.0579833984375, -1340.1099853515625, -1340.1878662109375, -1340.0775146484375, -1339.9874267578125, -1340.0325927734375, -1340.1063232421875, -1340.1134033203125, -1340.0780029296875, -1340.1094970703125, -1340.1026611328125, -1340.0125732421875, -1340.1278076171875, -1340.1685791015625, -1340.1285400390625, -1339.9801025390625, -1340.0921630859375, -1340.0599365234375, -1340.1102294921875, -1340.1160888671875, -1340.0838623046875, -1340.0975341796875, -1340.0860595703125, -1340.0604248046875, -1340.1622314453125, -1340.1522216796875, -1340.1248779296875, -1340.1268310546875, -1340.0018310546875, -1339.9300537109375, -1340.0889892578125, -1340.1717529296875, -1340.0692138671875, -1340.0843505859375, -1340.0379638671875, -1340.0770263671875, -1340.0750732421875, -1340.1368408203125, -1340.1229248046875, -1340.0030517578125, -1340.0394287109375, -1340.0614013671875, -1340.1141357421875, -1340.1590576171875, -1340.0965576171875, -1340.1556396484375, -1340.0894775390625, -1340.0809326171875, -1340.0213623046875, -1340.1268310546875, -1340.1663818359375, -1340.1649169921875, -1340.0340576171875, -1340.0640869140625, -1340.1131591796875, -1340.0218505859375, -1340.1624755859375, -1340.1043701171875, -1340.0535888671875, -1340.0269775390625, -1340.0477294921875, -1340.0648193359375, -1340.0804443359375, -1340.1365966796875, -1340.0848388671875, -1340.0960693359375, -1340.0640869140625, -1340.0911865234375, -1340.0325927734375, -1340.0931396484375, -1340.0941162109375, -1340.0921630859375, -1340.0697021484375, -1340.0838623046875, -1340.0811767578125, -1340.1717529296875, -1340.0330810546875, -1340.0457763671875, -1340.0355224609375, -1340.0631103515625, -1340.0323486328125, -1340.0965576171875, -1340.1373291015625, -1340.0609130859375, -1340.0843505859375, -1340.0438232421875, -1340.0496826171875, -1340.0540771484375, -1340.1248779296875, -1340.0140380859375, -1340.0977783203125, -1340.1427001953125, -1340.1072998046875, -1340.0220947265625, -1340.0643310546875, -1340.1309814453125, -1340.0921630859375, -1340.0814208984375, -1340.0316162109375, -1340.0640869140625, -1340.0269775390625, -1340.0714111328125, -1340.1358642578125, -1340.0640869140625, -1340.0914306640625, -1340.0557861328125, -1339.9891357421875, -1340.0836181640625, -1340.1673583984375, -1340.1722412109375, -1340.0701904296875, -1340.0198974609375, -1340.1075439453125, -1340.0657958984375, -1340.1202392578125, -1340.1688232421875, -1340.1197509765625, -1340.0733642578125, -1340.0843505859375, -1340.0799560546875, -1340.0140380859375, -1340.1507568359375, -1340.2044677734375, -1340.0623779296875, -1340.0189208984375, -1340.1041259765625, -1340.0311279296875, -1340.0467529296875, -1340.1312255859375, -1340.2161865234375, -1340.0638427734375, -1340.0635986328125, -1340.0477294921875, -1340.1048583984375, -1340.1131591796875, -1340.1566162109375, -1340.1695556640625, -1340.1395263671875, -1340.0328369140625, -1340.0028076171875, -1340.1590576171875, -1340.1475830078125, -1340.0892333984375, -1340.0865478515625, -1340.0760498046875, -1340.1361083984375, -1340.0592041015625, -1340.0858154296875, -1340.0609130859375, -1340.1346435546875, -1340.0692138671875, -1340.0262451171875, -1340.1295166015625, -1340.0906982421875, -1340.0814208984375, -1340.0609130859375, -1340.1690673828125, -1340.0716552734375, -1340.0958251953125, -1340.0286865234375, -1340.0667724609375, -1340.0648193359375, -1340.0753173828125, -1340.0706787109375, -1340.0003662109375, -1340.0277099609375, -1340.0648193359375, -1340.0687255859375, -1340.1302490234375, -1340.1595458984375, -1340.0833740234375, -1340.0621337890625, -1340.0294189453125, -1340.0858154296875, -1340.1341552734375, -1340.1343994140625, -1340.1346435546875, -1340.0516357421875, -1340.0706787109375, -1340.0980224609375, -1340.2059326171875, -1340.1370849609375, -1340.1312255859375, -1340.0574951171875, -1340.0784912109375, -1340.0526123046875, -1340.1055908203125, -1340.0897216796875, -1340.1002197265625, -1340.1578369140625, -1340.0906982421875, -1340.0804443359375, -1340.1082763671875, -1340.0789794921875, -1340.0660400390625, -1340.1500244140625, -1340.1380615234375, -1340.0472412109375, -1340.0250244140625, -1340.0435791015625, -1340.1248779296875, -1340.1014404296875, -1340.0286865234375, -1340.0362548828125, -1340.0623779296875, -1340.0460205078125, -1340.0928955078125, -1340.0765380859375, -1340.0943603515625, -1340.0999755859375, -1340.0606689453125, -1340.0926513671875, -1340.0257568359375, -1340.1209716796875, -1340.1026611328125, -1340.1312255859375, -1340.0330810546875, -1340.0560302734375, -1340.0328369140625, -1340.0997314453125, -1340.1248779296875, -1340.1942138671875, -1340.1336669921875, -1340.0130615234375, -1340.0487060546875, -1340.0618896484375, -1340.0384521484375, -1340.0594482421875, -1340.1727294921875, -1340.1517333984375, -1340.0159912109375, -1340.0994873046875, -1340.1629638671875, -1340.0489501953125, -1340.1192626953125, -1340.1221923828125, -1340.0555419921875, -1340.1724853515625, -1340.0770263671875, -1340.0819091796875, -1340.0931396484375, -1340.1353759765625, -1340.1331787109375, -1340.1051025390625, -1340.0633544921875, -1340.1475830078125, -1340.0489501953125, -1340.0970458984375, -1340.1868896484375, -1340.1444091796875, -1340.0672607421875, -1340.0760498046875, -1340.1568603515625, -1340.0650634765625, -1340.0765380859375, -1340.0445556640625, -1340.1187744140625, -1340.1837158203125, -1340.0943603515625, -1340.1683349609375, -1340.0491943359375, -1339.9837646484375, -1340.0587158203125, -1340.1048583984375, -1340.0977783203125, -1340.0963134765625, -1340.0938720703125, -1340.0030517578125, -1340.0657958984375, -1340.0355224609375, -1340.0372314453125, -1340.1768798828125, -1340.0838623046875, -1340.0577392578125, -1340.0950927734375, -1340.0247802734375, -1340.0770263671875, -1340.0828857421875, -1340.1302490234375, -1340.1234130859375, -1340.0260009765625, -1339.9825439453125, -1340.0694580078125, -1340.0770263671875, -1340.0526123046875, -1340.1322021484375, -1340.1185302734375, -1340.1029052734375, -1340.0701904296875, -1340.1348876953125, -1340.1285400390625, -1340.0858154296875, -1340.0858154296875, -1340.0015869140625, -1340.0252685546875, -1340.0704345703125, -1340.1712646484375, -1340.0831298828125, -1340.1146240234375, -1340.0318603515625, -1340.0721435546875, -1340.0701904296875, -1340.0992431640625, -1340.0955810546875, -1340.1414794921875, -1340.0628662109375, -1340.1488037109375, -1340.1998291015625, -1340.0897216796875, -1340.0933837890625, -1340.0843505859375, -1340.0589599609375, -1340.0101318359375, -1340.1610107421875, -1340.1053466796875, -1340.0706787109375, -1340.0211181640625, -1340.0433349609375, -1340.0802001953125, -1340.0950927734375, -1340.1138916015625, -1340.1173095703125, -1340.0689697265625, -1340.1129150390625, -1340.0291748046875, -1340.1065673828125, -1340.0882568359375, -1340.0430908203125, -1340.0777587890625, -1340.0667724609375, -1340.1063232421875, -1340.0887451171875, -1340.0648193359375, -1340.0767822265625, -1340.1092529296875, -1340.0601806640625, -1340.1282958984375, -1340.0233154296875, -1340.1180419921875, -1340.0875244140625, -1340.0684814453125, -1340.0716552734375, -1340.0594482421875, -1340.0570068359375, -1340.0648193359375, -1340.0150146484375, -1340.0535888671875, -1340.1290283203125, -1340.0760498046875, -1340.0313720703125, -1340.1138916015625, -1340.1029052734375, -1340.1058349609375, -1340.1036376953125, -1340.0875244140625, -1340.0740966796875, -1340.0672607421875, -1340.0889892578125, -1340.0540771484375, -1340.0780029296875, -1340.0594482421875, -1340.1199951171875, -1340.0679931640625, -1340.0755615234375, -1340.0845947265625, -1340.0587158203125, -1340.0491943359375, -1340.0484619140625, -1340.0770263671875, -1340.0762939453125, -1340.1219482421875, -1339.9786376953125, -1340.0460205078125, -1340.0733642578125, -1340.0860595703125, -1340.0970458984375, -1340.1385498046875, -1340.1265869140625, -1340.0194091796875, -1340.0067138671875, -1340.1646728515625, -1340.1766357421875, -1340.1544189453125, -1340.0374755859375, -1340.0604248046875, -1340.0916748046875, -1340.1297607421875, -1340.1522216796875, -1340.1033935546875, -1340.1654052734375, -1340.0799560546875, -1340.0733642578125, -1340.0477294921875, -1340.1458740234375, -1340.1199951171875, -1340.0599365234375, -1340.1124267578125, -1340.0931396484375, -1340.1058349609375, -1340.0911865234375, -1339.9779052734375, -1340.0245361328125, -1340.0091552734375, -1340.1087646484375, -1340.2115478515625, -1340.1561279296875, -1340.1058349609375, -1340.0406494140625, -1340.0745849609375, -1340.1341552734375, -1340.1114501953125, -1340.0946044921875, -1340.1343994140625, -1340.0867919921875, -1340.0985107421875, -1340.0633544921875, -1340.1280517578125, -1340.0926513671875, -1340.0799560546875, -1340.0491943359375, -1340.1463623046875, -1340.1231689453125, -1340.1285400390625, -1340.0804443359375, -1340.0933837890625, -1340.1883544921875, -1340.1004638671875, -1340.1199951171875, -1340.1424560546875, -1340.1043701171875, -1340.0997314453125, -1339.9879150390625, -1340.0821533203125, -1340.0526123046875, -1340.1153564453125, -1340.0755615234375, -1340.0811767578125, -1340.0726318359375, -1340.0345458984375, -1340.1287841796875, -1340.0863037109375, -1340.1077880859375, -1340.1705322265625, -1340.0875244140625, -1340.0350341796875, -1340.0831298828125, -1340.0091552734375, -1340.0980224609375, -1340.0989990234375, -1340.0899658203125, -1340.1011962890625, -1340.1112060546875, -1340.1151123046875, -1340.0823974609375, -1340.0914306640625, -1340.1263427734375, -1340.0916748046875, -1340.0989990234375, -1340.0723876953125, -1340.0184326171875, -1340.1097412109375, -1340.0548095703125, -1340.0653076171875, -1340.0823974609375, -1340.1112060546875, -1340.1048583984375, -1340.1429443359375, -1340.1214599609375, -1340.1134033203125, -1340.1192626953125, -1340.1029052734375, -1340.0867919921875, -1340.0694580078125, -1339.9981689453125, -1340.0614013671875, -1340.1114501953125, -1340.1204833984375, -1340.0882568359375, -1340.0906982421875, -1340.1593017578125, -1340.1199951171875, -1340.1195068359375, -1340.0379638671875, -1340.0731201171875, -1340.0963134765625, -1340.1075439453125, -1339.9969482421875, -1340.0272216796875, -1339.9967041015625]}
Warning: Cholesky failed, using eigendecomposition fallback
{'mse': 0.009961649775505066, 'rmse': 0.09980806708335876, 'test_ll': -246681.984375, 'total_test_ll': -6167049728.0}
/cluster/tufts/hugheslab/swilli26/stat-patt-final/gp_vs_sngp/results/hyperparam_search/GP/Sin_1500_9001/logs
/cluster/tufts/hugheslab/swilli26/stat-patt-final/gp_vs_sngp/results/hyperparam_search/logs/GP_VS_SNGP_25028893.out
/cluster/tufts/hugheslab/swilli26/stat-patt-final/gp_vs_sngp/results/hyperparam_search/logs/GP_VS_SNGP_25028893.err
