eval dir: 
/cluster/tufts/hugheslab/swilli26/stat-patt-final/gp_vs_sngp/results/SNGP_FINAL_RESULTS/SNGP/SNGP_R3750_LS1.25_OS1.75_75000Sin
/cluster/tufts/hugheslab/swilli26/stat-patt-final/gp_vs_sngp/results/SNGP_FINAL_RESULTS/SNGP/SNGP_R3750_LS1.25_OS1.75_75000Sin/logs/logs.out
/cluster/tufts/hugheslab/swilli26/stat-patt-final/gp_vs_sngp/results/SNGP_75000/logs/GP_VS_SNGP_25180301.out
/cluster/tufts/hugheslab/swilli26/stat-patt-final/gp_vs_sngp/results/SNGP_75000/logs/GP_VS_SNGP_25180301.err
Starting imports...
Parsing arguments...
Arguments parsed! Running SNGP on Sin with N=75000
EXPERIMENT SUMMARY
===================
  - Model Training for SNGP and GP on Regression Tasks
  - modelName: SNGP
  - dataset: Sin
  - num_examples: 75000
  - seed: 1001
  - rank (for SNGP): 3750
  - lengthscale: 1.25
  - outputscale: 1.75
  - noise: 0.1
===================
Checking CUDA availability...
Using CPU
Making Datasets...
Making Model...
Training SNGP Model...
Value:  inf , Tolerance:  0.001
Value:  0.6770004034042358 , Tolerance:  0.001
Value:  0.20246657729148865 , Tolerance:  0.001
Value:  0.09155188500881195 , Tolerance:  0.001
Value:  0.04565228521823883 , Tolerance:  0.001
Value:  0.029115870594978333 , Tolerance:  0.001
Value:  0.019967779517173767 , Tolerance:  0.001
Value:  0.015387006103992462 , Tolerance:  0.001
Value:  0.011965163052082062 , Tolerance:  0.001
Value:  0.009787507355213165 , Tolerance:  0.001
Value:  0.007976986467838287 , Tolerance:  0.001
Value:  0.006704449653625488 , Tolerance:  0.001
Value:  0.005632393062114716 , Tolerance:  0.001
Value:  0.004838474094867706 , Tolerance:  0.001
Value:  0.004171788692474365 , Tolerance:  0.001
