eval dir: 
/cluster/tufts/hugheslab/swilli26/stat-patt-final/gp_vs_sngp/results/SNGP_FINAL_RESULTS/SNGP/SNGP_R56250_LS1.25_OS1.75_75000Sin
/cluster/tufts/hugheslab/swilli26/stat-patt-final/gp_vs_sngp/results/SNGP_FINAL_RESULTS/SNGP/SNGP_R56250_LS1.25_OS1.75_75000Sin/logs/logs.out
/cluster/tufts/hugheslab/swilli26/stat-patt-final/gp_vs_sngp/results/SNGP_75000/logs/GP_VS_SNGP_25180879.out
/cluster/tufts/hugheslab/swilli26/stat-patt-final/gp_vs_sngp/results/SNGP_75000/logs/GP_VS_SNGP_25180879.err
Starting imports...
Parsing arguments...
Arguments parsed! Running SNGP on Sin with N=75000
EXPERIMENT SUMMARY
===================
  - Model Training for SNGP and GP on Regression Tasks
  - modelName: SNGP
  - dataset: Sin
  - num_examples: 75000
  - seed: 1001
  - rank (for SNGP): 56250
  - lengthscale: 1.25
  - outputscale: 1.75
  - noise: 0.1
===================
Checking CUDA availability...
Using CPU
Making Datasets...
Making Model...
Training SNGP Model...
Value:  inf , Tolerance:  0.0001 , Better:  True
Value:  0.5487410426139832 , Tolerance:  0.0001 , Better:  True
Value:  0.21829453110694885 , Tolerance:  0.0001 , Better:  True
Value:  0.11618256568908691 , Tolerance:  0.0001 , Better:  True
Value:  0.0674019604921341 , Tolerance:  0.0001 , Better:  True
Value:  0.042267411947250366 , Tolerance:  0.0001 , Better:  True
Value:  0.028540194034576416 , Tolerance:  0.0001 , Better:  True
Value:  0.020624488592147827 , Tolerance:  0.0001 , Better:  True
Value:  0.01575753092765808 , Tolerance:  0.0001 , Better:  True
Value:  0.012555383145809174 , Tolerance:  0.0001 , Better:  True
Value:  0.010309621691703796 , Tolerance:  0.0001 , Better:  True
Value:  0.00864766538143158 , Tolerance:  0.0001 , Better:  True
Value:  0.007366068661212921 , Tolerance:  0.0001 , Better:  True
Value:  0.006348215043544769 , Tolerance:  0.0001 , Better:  True
Value:  0.005522832274436951 , Tolerance:  0.0001 , Better:  True
