eval dir: 
/cluster/tufts/hugheslab/swilli26/stat-patt-final/gp_vs_sngp/results/SNGP_FINAL_RESULTS/SNGP/SNGP_R18750_LS1.25_OS1.75_75000Sin
/cluster/tufts/hugheslab/swilli26/stat-patt-final/gp_vs_sngp/results/SNGP_FINAL_RESULTS/SNGP/SNGP_R18750_LS1.25_OS1.75_75000Sin/logs/logs.out
/cluster/tufts/hugheslab/swilli26/stat-patt-final/gp_vs_sngp/results/SNGP_75000/logs/GP_VS_SNGP_25180303.out
/cluster/tufts/hugheslab/swilli26/stat-patt-final/gp_vs_sngp/results/SNGP_75000/logs/GP_VS_SNGP_25180303.err
Starting imports...
Parsing arguments...
Arguments parsed! Running SNGP on Sin with N=75000
EXPERIMENT SUMMARY
===================
  - Model Training for SNGP and GP on Regression Tasks
  - modelName: SNGP
  - dataset: Sin
  - num_examples: 75000
  - seed: 1001
  - rank (for SNGP): 18750
  - lengthscale: 1.25
  - outputscale: 1.75
  - noise: 0.1
===================
Checking CUDA availability...
Using CPU
Making Datasets...
Making Model...
Training SNGP Model...
Value:  inf , Tolerance:  0.001
Value:  0.6714722514152527 , Tolerance:  0.001
Value:  0.2061973512172699 , Tolerance:  0.001
Value:  0.09417101740837097 , Tolerance:  0.001
Value:  0.04707740247249603 , Tolerance:  0.001
Value:  0.029678180813789368 , Tolerance:  0.001
Value:  0.020091667771339417 , Tolerance:  0.001
Value:  0.015252701938152313 , Tolerance:  0.001
Value:  0.011735938489437103 , Tolerance:  0.001
Value:  0.009505726397037506 , Tolerance:  0.001
Value:  0.007707320153713226 , Tolerance:  0.001
Value:  0.00644645094871521 , Tolerance:  0.001
Value:  0.0054106637835502625 , Tolerance:  0.001
Value:  0.004642963409423828 , Tolerance:  0.001
Value:  0.004009641706943512 , Tolerance:  0.001
