eval dir: 
/cluster/tufts/hugheslab/swilli26/stat-patt-final/gp_vs_sngp/results/SNGP_FINAL_RESULTS/SNGP/SNGP_R56250_LS1.25_OS1.75_75000Sin
/cluster/tufts/hugheslab/swilli26/stat-patt-final/gp_vs_sngp/results/SNGP_FINAL_RESULTS/SNGP/SNGP_R56250_LS1.25_OS1.75_75000Sin/logs/logs.out
/cluster/tufts/hugheslab/swilli26/stat-patt-final/gp_vs_sngp/results/SNGP_75000/logs/GP_VS_SNGP_25180305.out
/cluster/tufts/hugheslab/swilli26/stat-patt-final/gp_vs_sngp/results/SNGP_75000/logs/GP_VS_SNGP_25180305.err
Starting imports...
Parsing arguments...
Arguments parsed! Running SNGP on Sin with N=75000
EXPERIMENT SUMMARY
===================
  - Model Training for SNGP and GP on Regression Tasks
  - modelName: SNGP
  - dataset: Sin
  - num_examples: 75000
  - seed: 1001
  - rank (for SNGP): 56250
  - lengthscale: 1.25
  - outputscale: 1.75
  - noise: 0.1
===================
Checking CUDA availability...
Using CPU
Making Datasets...
Making Model...
Training SNGP Model...
Value:  inf , Tolerance:  0.001
Value:  0.6714509725570679 , Tolerance:  0.001
Value:  0.20732909440994263 , Tolerance:  0.001
Value:  0.09498180449008942 , Tolerance:  0.001
Value:  0.047488272190093994 , Tolerance:  0.001
Value:  0.02986101806163788 , Tolerance:  0.001
Value:  0.020235762000083923 , Tolerance:  0.001
Value:  0.015332669019699097 , Tolerance:  0.001
Value:  0.01181522011756897 , Tolerance:  0.001
Value:  0.009548559784889221 , Tolerance:  0.001
Value:  0.007739931344985962 , Tolerance:  0.001
Value:  0.00645175576210022 , Tolerance:  0.001
Value:  0.0054026395082473755 , Tolerance:  0.001
Value:  0.004616051912307739 , Tolerance:  0.001
Value:  0.003971990197896957 , Tolerance:  0.001
