eval dir: 
/cluster/tufts/hugheslab/swilli26/stat-patt-final/gp_vs_sngp/results/SNGP_75000/SNGP/SNGP_R3750_LS1.23_OS1.81_75000Sin
/cluster/tufts/hugheslab/swilli26/stat-patt-final/gp_vs_sngp/results/SNGP_75000/SNGP/SNGP_R3750_LS1.23_OS1.81_75000Sin/logs/logs.out
/cluster/tufts/hugheslab/swilli26/stat-patt-final/gp_vs_sngp/results/SNGP_75000/logs/GP_VS_SNGP_25174521.out
/cluster/tufts/hugheslab/swilli26/stat-patt-final/gp_vs_sngp/results/SNGP_75000/logs/GP_VS_SNGP_25174521.err
Starting imports...
Parsing arguments...
Arguments parsed! Running SNGP on Sin with N=75000
EXPERIMENT SUMMARY
===================
  - Model Training for SNGP and GP on Regression Tasks
  - modelName: SNGP
  - dataset: Sin
  - num_examples: 75000
  - seed: 1001
  - rank (for SNGP): 3750
  - lengthscale: 1.226761
  - outputscale: 1.805912
  - noise: 0.100047
===================
Checking CUDA availability...
Using CPU
Making Datasets...
Making Model...
Training SNGP Model...
inf
0.5838732123374939
0.22321340441703796
0.11455103754997253
0.06457100808620453
0.039869293570518494
0.026738688349723816
0.019266486167907715
0.014665424823760986
0.011609494686126709
0.00944439321756363
0.007833242416381836
0.006591960787773132
0.005612678825855255
0.004827253520488739
0.004189684987068176
0.003667157143354416
0.0032353773713111877
0.0028758347034454346
0.0025741830468177795
0.0023192130029201508
0.002102091908454895
0.0019157566130161285
0.001754656434059143
0.001614309847354889
0.0014911629259586334
0.0013823211193084717
0.0012855082750320435
0.0011988244950771332
0.00112074613571167
0.0010500624775886536
0.0009857341647148132
0.0009269323199987411
0.0008729845285415649
0.0008232928812503815
0.0007773712277412415
0.0007348358631134033
0.0006953198462724686
0.0006585344672203064
0.0006242319941520691
0.0005921795964241028
0.0005621928721666336
0.0005341004580259323
0.0005077514797449112
0.0004830043762922287
0.0004597548395395279
0.00043787993490695953
0.0004172883927822113
0.0003979019820690155
0.00037961453199386597
0.00036238133907318115
0.00034611113369464874
0.00033075548708438873
0.00031624361872673035
0.0003025345504283905
0.0002895724028348923
0.0002773124724626541
0.0002657119184732437
0.000254729762673378
0.00024432502686977386
0.0002344716340303421
0.00022513233125209808
0.00021627359092235565
0.00020787306129932404
0.0001998990774154663
0.00019233115017414093
0.00018514133989810944
0.00017831102013587952
0.0001718178391456604
0.00016564317047595978
0.00015976838767528534
0.00015417858958244324
0.0001488570123910904
0.0001437794417142868
0.00013895053416490555
0.00013434048742055893
0.0001299465075135231
0.00012574996799230576
0.00012174621224403381
0.00011792127043008804
0.00011426489800214767
0.00011076871305704117
0.00010742712765932083
0.00010422803461551666
0.00010116025805473328
9.823031723499298e-05
9.541679173707962e-05
9.27196815609932e-05
9.013433009386063e-05
8.764956146478653e-05
8.52653756737709e-05
8.297618478536606e-05
8.077360689640045e-05
7.86585733294487e-05
7.662083953619003e-05
7.466040551662445e-05
7.277168333530426e-05
7.095281034708023e-05
6.92000612616539e-05
6.751157343387604e-05
6.587803363800049e-05
6.430502980947495e-05
6.278231739997864e-05
6.131362169981003e-05
5.989428609609604e-05
5.8516860008239746e-05
5.7192519307136536e-05
5.590822547674179e-05
5.465839058160782e-05
5.3456053137779236e-05
5.2286311984062195e-05
5.115289241075516e-05
5.005393177270889e-05
4.898570477962494e-05
4.7954730689525604e-05
4.6947039663791656e-05
4.597194492816925e-05
4.502478986978531e-05
4.410184919834137e-05
4.320591688156128e-05
4.233513027429581e-05
4.148203879594803e-05
4.0660612285137177e-05
3.98559495806694e-05
3.9072707295417786e-05
3.830995410680771e-05
3.756769001483917e-05
3.6840327084064484e-05
3.613438457250595e-05
3.544893115758896e-05
3.477092832326889e-05
3.4117139875888824e-05
3.3478252589702606e-05
3.2850541174411774e-05
3.224145621061325e-05
3.1645409762859344e-05
3.105960786342621e-05
3.049522638320923e-05
2.9933638870716095e-05
2.9392540454864502e-05
2.8858892619609833e-05
2.833828330039978e-05
2.783164381980896e-05
2.7331523597240448e-05
2.6843510568141937e-05
2.6368536055088043e-05
2.5899149477481842e-05
2.544466406106949e-05
2.4995766580104828e-05
2.4559907615184784e-05
2.4128705263137817e-05
2.3706816136837006e-05
2.3297034204006195e-05
2.2891908884048462e-05
2.2496096789836884e-05
2.210773527622223e-05
2.1729618310928345e-05
2.1356157958507538e-05
2.09929421544075e-05
2.063252031803131e-05
2.0281411707401276e-05
1.993868499994278e-05
1.9599683582782745e-05
1.926720142364502e-05
1.8944963812828064e-05
1.862458884716034e-05
1.8310733139514923e-05
1.80024653673172e-05
1.7702579498291016e-05
1.740735024213791e-05
1.711677759885788e-05
1.6831792891025543e-05
1.6551464796066284e-05
1.6279518604278564e-05
1.600664108991623e-05
1.5745870769023895e-05
1.5482306480407715e-05
1.522991806268692e-05
1.4977529644966125e-05
1.4730729162693024e-05
1.449044793844223e-05
1.4252960681915283e-05
1.4020130038261414e-05
1.3792887330055237e-05
1.3563781976699829e-05
1.3345852494239807e-05
1.312699168920517e-05
1.2915581464767456e-05
1.2705102562904358e-05
1.2500211596488953e-05
1.2297183275222778e-05
1.2098811566829681e-05
1.1903233826160431e-05
1.1711381375789642e-05
1.1523254215717316e-05
1.1337921023368835e-05
1.1155381798744202e-05
1.097656786441803e-05
1.080147922039032e-05
1.0627321898937225e-05
1.0457821190357208e-05
1.0291114449501038e-05
1.0126270353794098e-05
9.967014193534851e-06
1.977384090423584e-05
9.651295840740204e-06
1.914985477924347e-05
9.345822036266327e-06
1.854635775089264e-05
9.051524102687836e-06
1.7964281141757965e-05
8.767470717430115e-06
1.7399899661540985e-05
8.49459320306778e-06
1.6856007277965546e-05
8.230097591876984e-06
1.63298100233078e-05
7.973983883857727e-06
1.582317054271698e-05
7.724389433860779e-06
1.5327706933021545e-05
7.486902177333832e-06
1.4856457710266113e-05
7.254071533679962e-06
1.4395453035831451e-05
7.030554115772247e-06
1.3949349522590637e-05
6.81169331073761e-06
1.3520009815692902e-05
6.602145731449127e-06
1.3103708624839783e-05
6.400048732757568e-06
1.2702308595180511e-05
6.203539669513702e-06
1.231115311384201e-05
6.01448118686676e-06
1.1935830116271973e-05
5.8300793170928955e-06
1.1572614312171936e-05
5.653128027915955e-06
1.1218711733818054e-05
5.479902029037476e-06
1.0875985026359558e-05
5.316920578479767e-06
1.055002212524414e-05
5.153007805347443e-06
1.02287158370018e-05
4.998408257961273e-06
9.919516742229462e-06
1.4766119420528412e-05
4.774890840053558e-06
9.476207196712494e-06
1.4107674360275269e-05
4.559755325317383e-06
9.051524102687836e-06
1.3475306332111359e-05
4.357658326625824e-06
8.648261427879333e-06
1.2876465916633606e-05
4.161149263381958e-06
8.262693881988525e-06
1.2303702533245087e-05
3.97954136133194e-06
7.898546755313873e-06
1.1760741472244263e-05
3.8035213947296143e-06
7.5511634349823e-06
1.1243857443332672e-05
3.635883331298828e-06
7.2177499532699585e-06
1.0747462511062622e-05
3.4775584936141968e-06
6.903894245624542e-06
1.0278075933456421e-05
3.3266842365264893e-06
6.603077054023743e-06
9.832903742790222e-06
1.3014301657676697e-05
3.1348317861557007e-06
6.224960088729858e-06
9.265728294849396e-06
1.2265518307685852e-05
2.9550865292549133e-06
5.867332220077515e-06
8.73766839504242e-06
1.1566095054149628e-05
2.7865171432495117e-06
5.533918738365173e-06
8.242204785346985e-06
1.0909512639045715e-05
2.630986273288727e-06
5.221925675868988e-06
7.777474820613861e-06
1.0295771062374115e-05
2.4819746613502502e-06
4.929490387439728e-06
7.340684533119202e-06
9.717419743537903e-06
1.2061558663845062e-05
2.3078173398971558e-06
4.585832357406616e-06
6.83218240737915e-06
9.044073522090912e-06
1.1226162314414978e-05
2.152286469936371e-06
4.274770617485046e-06
6.36465847492218e-06
8.427537977695465e-06
1.0458752512931824e-05
2.007000148296356e-06
3.983266651630402e-06
5.931593477725983e-06
7.85384327173233e-06
9.750016033649445e-06
1.161918044090271e-05
1.843087375164032e-06
3.661029040813446e-06
5.453824996948242e-06
7.223337888717651e-06
8.967705070972443e-06
1.0686926543712616e-05
1.6987323760986328e-06
3.3723190426826477e-06
5.022622644901276e-06
6.652437150478363e-06
8.258968591690063e-06
9.843148291110992e-06
1.1407770216464996e-05
1.5422701835632324e-06
3.063119947910309e-06
4.56441193819046e-06
6.0461461544036865e-06
7.507391273975372e-06
8.950009942054749e-06
1.0374002158641815e-05
1.4035031199455261e-06
2.789311110973358e-06
4.157423973083496e-06
5.505979061126709e-06
6.837770342826843e-06
8.152797818183899e-06
9.449198842048645e-06
1.0729767382144928e-05
1.2647360563278198e-06
2.5117769837379456e-06
3.7439167499542236e-06
4.958361387252808e-06
6.157904863357544e-06
7.342547178268433e-06
8.511357009410858e-06
9.665265679359436e-06
1.0804273188114166e-05
1.1259689927101135e-06
2.2370368242263794e-06
3.334134817123413e-06
4.41819429397583e-06
5.487352609634399e-06
6.543472409248352e-06
7.586553692817688e-06
8.616596460342407e-06
9.63360071182251e-06
1.0640360414981842e-05
9.909272193908691e-07
1.969747245311737e-06
2.93925404548645e-06
3.894791007041931e-06
4.841014742851257e-06
5.773268640041351e-06
6.697140634059906e-06
7.6070427894592285e-06
8.507631719112396e-06
9.397976100444794e-06
1.027621328830719e-05
8.670613169670105e-07
1.7266720533370972e-06
2.575106918811798e-06
3.411434590816498e-06
4.239380359649658e-06
5.057081580162048e-06
5.864538252353668e-06
6.66547566652298e-06
7.456168532371521e-06
8.236616849899292e-06
9.008683264255524e-06
9.772367775440216e-06
1.0526739060878754e-05
7.450580596923828e-07
1.4826655387878418e-06
2.2137537598609924e-06
2.9336661100387573e-06
3.6461278796195984e-06
4.352070391178131e-06
5.0496309995651245e-06
5.738809704780579e-06
6.423331797122955e-06
7.096678018569946e-06
7.762573659420013e-06
8.422881364822388e-06
9.074807167053223e-06
9.721145033836365e-06
1.0360963642597198e-05
6.323680281639099e-07
1.255422830581665e-06
1.8747523427009583e-06
2.4884939193725586e-06
3.0938535928726196e-06
3.693625330924988e-06
4.285015165805817e-06
4.872679710388184e-06
5.454756319522858e-06
6.029382348060608e-06
6.596557796001434e-06
7.162801921367645e-06
7.719732820987701e-06
8.272938430309296e-06
8.818693459033966e-06
Stopped early.
Finished after epoch 415, best epoch=400
Model saved to /cluster/tufts/hugheslab/swilli26/stat-patt-final/gp_vs_sngp/results/SNGP_75000/SNGP/SNGP_R3750_LS1.23_OS1.81_75000Sin/model.pt
TEST LOG LIKELIHOOD SCORE:  0.861978582903556
TEST MSE:  0.010442201048135757
TEST RMSE:  0.10218708962202072
