eval dir: 
/cluster/tufts/hugheslab/swilli26/stat-patt-final/gp_vs_sngp/results/SNGP_75000/SNGP/SNGP_R750_LS1.23_OS1.81_75000Sin
/cluster/tufts/hugheslab/swilli26/stat-patt-final/gp_vs_sngp/results/SNGP_75000/SNGP/SNGP_R750_LS1.23_OS1.81_75000Sin/logs/logs.out
/cluster/tufts/hugheslab/swilli26/stat-patt-final/gp_vs_sngp/results/SNGP_75000/logs/GP_VS_SNGP_25174520.out
/cluster/tufts/hugheslab/swilli26/stat-patt-final/gp_vs_sngp/results/SNGP_75000/logs/GP_VS_SNGP_25174520.err
Starting imports...
Parsing arguments...
Arguments parsed! Running SNGP on Sin with N=75000
EXPERIMENT SUMMARY
===================
  - Model Training for SNGP and GP on Regression Tasks
  - modelName: SNGP
  - dataset: Sin
  - num_examples: 75000
  - seed: 1001
  - rank (for SNGP): 750
  - lengthscale: 1.226761
  - outputscale: 1.805912
  - noise: 0.100047
===================
Checking CUDA availability...
Using CPU
Making Datasets...
Making Model...
Training SNGP Model...
inf
0.5590773224830627
0.2119540274143219
0.10917562246322632
0.06284798681735992
0.039929479360580444
0.02749897539615631
0.02018047869205475
0.015504926443099976
0.01230628788471222
0.010001324117183685
0.008278504014015198
0.0069581493735313416
0.005928106606006622
0.005113691091537476
0.004462443292140961
0.003936246037483215
0.003506787121295929
0.0031526759266853333
0.002857580780982971
0.002609036862850189
0.0023974254727363586
0.0022152848541736603
0.002056896686553955
0.0019177533686161041
0.0017943419516086578
0.0016839616000652313
0.0015844181180000305
0.0014940127730369568
0.001411397010087967
0.0013354755938053131
0.0012653693556785583
0.0012003667652606964
0.0011398829519748688
0.0010834410786628723
0.0010306164622306824
0.0009810961782932281
0.0009345561265945435
0.0008907690644264221
0.0008495114743709564
0.0008105933666229248
0.0007738359272480011
0.0007391013205051422
0.0007062535732984543
0.0006751567125320435
0.0006457027047872543
0.0006178077310323715
0.0005913469940423965
0.0005662664771080017
0.0005424618721008301
0.0005198698490858078
0.0004984140396118164
0.0004780404269695282
0.0004586707800626755
0.00044026970863342285
0.0004227682948112488
0.00040612369775772095
0.0003902949392795563
0.00037522241473197937
0.0003608744591474533
0.00034721195697784424
0.00033420324325561523
0.0003218017518520355
0.0003099832683801651
0.00029871053993701935
0.0002879668027162552
0.00027771294116973877
0.0002679303288459778
0.00025858543813228607
0.000249665230512619
0.0002411436289548874
0.00023300200700759888
0.0002252180129289627
0.00021777302026748657
0.00021065585315227509
0.00020384043455123901
0.00019731931388378143
0.00019107945263385773
0.00018509291112422943
0.000179363414645195
0.00017387233674526215
0.00016860105097293854
0.0001635514199733734
0.000158701092004776
0.00015404634177684784
0.00014957599341869354
0.00014528073370456696
0.00014115683734416962
0.00013718940317630768
0.00013337098062038422
0.0001297052949666977
0.00012616999447345734
0.0001227688044309616
0.0001194952055811882
0.00011633802205324173
0.0001132916659116745
0.0001103617250919342
0.00010752957314252853
0.00010480079799890518
0.00010216515511274338
9.961705654859543e-05
9.716302156448364e-05
9.478442370891571e-05
9.248405694961548e-05
9.026844054460526e-05
8.811615407466888e-05
8.603744208812714e-05
8.402299135923386e-05
8.207466453313828e-05
8.01868736743927e-05
7.835403084754944e-05
7.65826553106308e-05
7.485970854759216e-05
7.319264113903046e-05
7.157120853662491e-05
7.000099867582321e-05
6.847269833087921e-05
6.699375808238983e-05
6.555207073688507e-05
6.4152292907238e-05
6.279256194829941e-05
6.146728992462158e-05
6.018392741680145e-05
5.8931298553943634e-05
5.771312862634659e-05
5.652569234371185e-05
5.537085235118866e-05
5.424767732620239e-05
5.3153373301029205e-05
5.208328366279602e-05
5.1043927669525146e-05
5.002785474061966e-05
4.903972148895264e-05
4.807673394680023e-05
4.713144153356552e-05
4.621502012014389e-05
4.5320019125938416e-05
4.444364458322525e-05
4.359055310487747e-05
4.275515675544739e-05
4.1942112147808075e-05
4.114583134651184e-05
4.036538302898407e-05
3.961008042097092e-05
3.886595368385315e-05
3.8139522075653076e-05
3.7428922951221466e-05
3.6736950278282166e-05
3.6053359508514404e-05
3.539305180311203e-05
3.474391996860504e-05
3.410596400499344e-05
3.3484771847724915e-05
3.287568688392639e-05
3.22805717587471e-05
3.169570118188858e-05
3.112666308879852e-05
3.0566006898880005e-05
3.0018389225006104e-05
2.9481947422027588e-05
2.8957612812519073e-05
2.8440728783607483e-05
2.7937814593315125e-05
2.7443282306194305e-05
2.6959925889968872e-05
2.6484020054340363e-05
2.602115273475647e-05
2.556387335062027e-05
2.511683851480484e-05
2.4677254259586334e-05
2.424977719783783e-05
2.3830682039260864e-05
2.3414380848407745e-05
2.3010186851024628e-05
2.2615306079387665e-05
2.222508192062378e-05
2.1842308342456818e-05
2.1466054022312164e-05
2.1100975573062897e-05
2.0738691091537476e-05
2.038758248090744e-05
2.003554254770279e-05
1.96993350982666e-05
1.9364990293979645e-05
1.9035302102565765e-05
1.871306449174881e-05
1.8398277461528778e-05
1.808907836675644e-05
1.7784535884857178e-05
1.7486512660980225e-05
1.7191283404827118e-05
1.690443605184555e-05
1.6623176634311676e-05
1.6344711184501648e-05
1.6073696315288544e-05
1.5805475413799286e-05
1.5543773770332336e-05
1.5284866094589233e-05
1.5032477676868439e-05
1.4785677194595337e-05
1.4538876712322235e-05
1.4299526810646057e-05
1.4066696166992188e-05
1.3834796845912933e-05
1.3607554137706757e-05
1.3384968042373657e-05
1.3167038559913635e-05
1.2950971722602844e-05
1.273956149816513e-05
1.2530945241451263e-05
1.2327916920185089e-05
1.2131407856941223e-05
1.1933036148548126e-05
1.1739321053028107e-05
1.1549331247806549e-05
1.1363066732883453e-05
1.118052750825882e-05
1.1001713573932648e-05
1.0822899639606476e-05
1.0652467608451843e-05
1.048017293214798e-05
1.0311603546142578e-05
1.0146759450435638e-05
9.988434612751007e-06
1.981481909751892e-05
9.67271625995636e-06
1.918897032737732e-05
9.369105100631714e-06
1.858733594417572e-05
9.074807167053223e-06
1.8003396689891815e-05
8.791685104370117e-06
1.7443671822547913e-05
8.516944944858551e-06
1.6898848116397858e-05
8.252449333667755e-06
1.637544482946396e-05
7.997266948223114e-06
1.5867874026298523e-05
7.750466465950012e-06
1.5379860997200012e-05
7.51204788684845e-06
1.4907680451869965e-05
7.281079888343811e-06
1.4450401067733765e-05
7.060356438159943e-06
1.4009885489940643e-05
6.844289600849152e-06
1.3583339750766754e-05
6.637535989284515e-06
1.3173557817935944e-05
6.4354389905929565e-06
1.2774020433425903e-05
6.241723895072937e-06
1.2388452887535095e-05
6.054528057575226e-06
1.2020580470561981e-05
5.8747828006744385e-06
1.1661089956760406e-05
5.6978315114974976e-06
1.1313706636428833e-05
5.5301934480667114e-06
1.0979361832141876e-05
5.366280674934387e-06
1.0654330253601074e-05
5.209818482398987e-06
1.0341405868530273e-05
5.056150257587433e-06
1.0040588676929474e-05
4.909001290798187e-06
9.747222065925598e-06
1.4513731002807617e-05
4.695728421211243e-06
9.325332939624786e-06
1.3886019587516785e-05
4.498288035392761e-06
8.927658200263977e-06
1.3294629752635956e-05
4.305504262447357e-06
8.547678589820862e-06
1.2730248272418976e-05
4.120171070098877e-06
8.18539410829544e-06
1.2191012501716614e-05
3.948807716369629e-06
7.841736078262329e-06
1.1679716408252716e-05
3.7848949432373047e-06
7.515773177146912e-06
1.1196359992027283e-05
3.6265701055526733e-06
7.202848792076111e-06
1.0730698704719543e-05
3.4803524613380432e-06
6.910413503646851e-06
1.0293908417224884e-05
3.337860107421875e-06
6.628222763538361e-06
9.87667590379715e-06
1.3078562915325165e-05
3.1581148505210876e-06
6.274320185184479e-06
9.350478649139404e-06
1.2382864952087402e-05
2.9923394322395325e-06
5.945563316345215e-06
8.858740329742432e-06
1.1730939149856567e-05
2.8368085622787476e-06
5.636364221572876e-06
8.39773565530777e-06
1.1123716831207275e-05
2.6905909180641174e-06
5.346722900867462e-06
7.966533303260803e-06
1.0553747415542603e-05
2.5527551770210266e-06
5.073845386505127e-06
7.5623393058776855e-06
1.0019168257713318e-05
2.4260953068733215e-06
4.820525646209717e-06
7.184222340583801e-06
9.519048035144806e-06
1.1825934052467346e-05
2.275221049785614e-06
4.524365067481995e-06
6.746500730514526e-06
8.939765393733978e-06
1.1106021702289581e-05
2.139247953891754e-06
4.25335019826889e-06
6.340444087982178e-06
8.403323590755463e-06
1.044105738401413e-05
2.0153820514678955e-06
4.004687070846558e-06
5.969777703285217e-06
7.912516593933105e-06
9.831972420215607e-06
1.1729076504707336e-05
1.8738210201263428e-06
3.727152943611145e-06
5.559064447879791e-06
7.3695555329322815e-06
9.158626198768616e-06
1.0926276445388794e-05
1.7508864402770996e-06
3.4794211387634277e-06
5.189329385757446e-06
6.878748536109924e-06
8.550472557544708e-06
1.0203570127487183e-05
1.6363337635993958e-06
3.252178430557251e-06
4.850327968597412e-06
6.43264502286911e-06
7.99819827079773e-06
9.543262422084808e-06
1.107528805732727e-05
1.514330506324768e-06
3.010965883731842e-06
4.494562745094299e-06
5.961395800113678e-06
7.411465048789978e-06
8.848495781421661e-06
1.0270625352859497e-05
1.4062970876693726e-06
2.798624336719513e-06
4.176050424575806e-06
5.539506673812866e-06
6.891787052154541e-06
8.228234946727753e-06
9.552575647830963e-06
1.0862015187740326e-05
1.2973323464393616e-06
2.5816261768341064e-06
3.8547441363334656e-06
5.114823579788208e-06
6.361864507198334e-06
7.595866918563843e-06
8.821487426757812e-06
1.0032206773757935e-05
1.2042000889778137e-06
2.391636371612549e-06
3.5706907510757446e-06
4.738569259643555e-06
5.8943405747413635e-06
7.041729986667633e-06
8.176080882549286e-06
9.3020498752594e-06
1.0418705642223358e-05
1.105479896068573e-06
2.201646566390991e-06
3.287568688392639e-06
4.363246262073517e-06
5.432404577732086e-06
6.491318345069885e-06
7.539056241512299e-06
8.579343557357788e-06
9.610317647457123e-06
1.0631978511810303e-05
1.014210283756256e-06
2.021901309490204e-06
3.018416464328766e-06
4.0084123611450195e-06
4.990957677364349e-06
5.9623271226882935e-06
6.929971277713776e-06
7.886439561843872e-06
8.837319910526276e-06
9.77981835603714e-06
1.071486622095108e-05
9.30391252040863e-07
1.8496066331863403e-06
2.7632340788841248e-06
3.6712735891342163e-06
4.571862518787384e-06
5.465932190418243e-06
6.3534826040267944e-06
7.233582437038422e-06
8.106231689453125e-06
8.975155651569366e-06
9.836629033088684e-06
1.0692514479160309e-05
8.502975106239319e-07
1.6922131180763245e-06
2.530403435230255e-06
3.3620744943618774e-06
4.189088940620422e-06
5.007721483707428e-06
5.822628736495972e-06
6.632879376411438e-06
7.4356794357299805e-06
8.233822882175446e-06
9.028241038322449e-06
9.816139936447144e-06
1.0599382221698761e-05
7.776543498039246e-07
1.5525147318840027e-06
2.3189932107925415e-06
3.0836090445518494e-06
3.840774297714233e-06
4.5942142605781555e-06
5.343928933143616e-06
6.0908496379852295e-06
6.829388439655304e-06
7.566995918750763e-06
8.295290172100067e-06
9.023584425449371e-06
9.747222065925598e-06
1.0466203093528748e-05
7.14324414730072e-07
1.4249235391616821e-06
2.1317973732948303e-06
2.8330832719802856e-06
3.53250652551651e-06
4.2263418436050415e-06
4.918314516544342e-06
5.606561899185181e-06
6.290152668952942e-06
6.969086825847626e-06
7.645227015018463e-06
8.320435881614685e-06
8.987262845039368e-06
9.65408980846405e-06
1.0317191481590271e-05
6.584450602531433e-07
1.3150274753570557e-06
1.966021955013275e-06
2.6151537895202637e-06
3.2624229788780212e-06
3.905966877937317e-06
4.544854164123535e-06
5.1818788051605225e-06
5.815178155899048e-06
6.446614861488342e-06
7.073394954204559e-06
7.698312401771545e-06
8.322298526763916e-06
8.94162803888321e-06
9.558163583278656e-06
Stopped early.
Finished after epoch 481, best epoch=466
Model saved to /cluster/tufts/hugheslab/swilli26/stat-patt-final/gp_vs_sngp/results/SNGP_75000/SNGP/SNGP_R750_LS1.23_OS1.81_75000Sin/model.pt
TEST LOG LIKELIHOOD SCORE:  0.8469086142203034
TEST MSE:  0.01074809767305851
TEST RMSE:  0.10367303341627121
