eval dir: 
/cluster/tufts/hugheslab/swilli26/stat-patt-final/gp_vs_sngp/results/SNGP_FINAL_RESULTS/SNGP/SNGP_R37500_LS1.25_OS1.75_75000Sin
/cluster/tufts/hugheslab/swilli26/stat-patt-final/gp_vs_sngp/results/SNGP_FINAL_RESULTS/SNGP/SNGP_R37500_LS1.25_OS1.75_75000Sin/logs/logs.out
/cluster/tufts/hugheslab/swilli26/stat-patt-final/gp_vs_sngp/results/SNGP_75000/logs/GP_VS_SNGP_25180878.out
/cluster/tufts/hugheslab/swilli26/stat-patt-final/gp_vs_sngp/results/SNGP_75000/logs/GP_VS_SNGP_25180878.err
Starting imports...
Parsing arguments...
Arguments parsed! Running SNGP on Sin with N=75000
EXPERIMENT SUMMARY
===================
  - Model Training for SNGP and GP on Regression Tasks
  - modelName: SNGP
  - dataset: Sin
  - num_examples: 75000
  - seed: 1001
  - rank (for SNGP): 37500
  - lengthscale: 1.25
  - outputscale: 1.75
  - noise: 0.1
===================
Checking CUDA availability...
Using CPU
Making Datasets...
Making Model...
Training SNGP Model...
Value:  inf , Tolerance:  0.0001 , Better:  True
Value:  0.55084627866745 , Tolerance:  0.0001 , Better:  True
Value:  0.21580860018730164 , Tolerance:  0.0001 , Better:  True
Value:  0.1151840090751648 , Tolerance:  0.0001 , Better:  True
Value:  0.06731116771697998 , Tolerance:  0.0001 , Better:  True
Value:  0.04258054494857788 , Tolerance:  0.0001 , Better:  True
Value:  0.028996556997299194 , Tolerance:  0.0001 , Better:  True
Value:  0.021090850234031677 , Tolerance:  0.0001 , Better:  True
Value:  0.01617474853992462 , Tolerance:  0.0001 , Better:  True
Value:  0.012902647256851196 , Tolerance:  0.0001 , Better:  True
Value:  0.010584928095340729 , Tolerance:  0.0001 , Better:  True
Value:  0.008857421576976776 , Tolerance:  0.0001 , Better:  True
Value:  0.007519736886024475 , Tolerance:  0.0001 , Better:  True
Value:  0.006455428898334503 , Tolerance:  0.0001 , Better:  True
Value:  0.005592569708824158 , Tolerance:  0.0001 , Better:  True
