Starting imports...
Importing argparse...
Importing torch...
Importing os...
Importing sngp.train and sngp.model...
Importing gaussian_process...
Importing dataset...
Importing json...
ALL IMPORTS COMPLETE!
Parsing arguments...
Arguments parsed! Running GP on Friedman with N=1500
Checking CUDA availability...
Using CPU
Making Datasets...
Making Model...
Training Gaussian Process...
Iter   0 | Loss: 2751.072 | lengthscale: 1.010 | outputscale: 1.010 | noise: 0.202
Iter  10 | Loss: 2651.147 | lengthscale: 1.116 | outputscale: 1.113 | noise: 0.223
Iter  20 | Loss: 2599.868 | lengthscale: 1.230 | outputscale: 1.211 | noise: 0.242
Iter  30 | Loss: 2579.071 | lengthscale: 1.355 | outputscale: 1.288 | noise: 0.256
Iter  40 | Loss: 2570.115 | lengthscale: 1.500 | outputscale: 1.333 | noise: 0.263
Iter  50 | Loss: 2561.242 | lengthscale: 1.676 | outputscale: 1.349 | noise: 0.263
Iter  60 | Loss: 2546.927 | lengthscale: 1.900 | outputscale: 1.344 | noise: 0.258
Iter  70 | Loss: 2522.947 | lengthscale: 2.194 | outputscale: 1.328 | noise: 0.249
Iter  80 | Loss: 2482.385 | lengthscale: 2.583 | outputscale: 1.308 | noise: 0.236
Iter  90 | Loss: 2414.550 | lengthscale: 3.096 | outputscale: 1.282 | noise: 0.220
Iter 100 | Loss: 2306.836 | lengthscale: 3.759 | outputscale: 1.246 | noise: 0.200
Iter 110 | Loss: 2148.586 | lengthscale: 4.601 | outputscale: 1.194 | noise: 0.177
Iter 120 | Loss: 1936.320 | lengthscale: 5.652 | outputscale: 1.124 | noise: 0.154
Iter 130 | Loss: 1683.778 | lengthscale: 6.938 | outputscale: 1.044 | noise: 0.134
Iter 140 | Loss: 1440.380 | lengthscale: 8.440 | outputscale: 0.969 | noise: 0.125
Iter 150 | Loss: 1260.997 | lengthscale: 10.021 | outputscale: 0.916 | noise: 0.142
Iter 160 | Loss: 1116.484 | lengthscale: 11.537 | outputscale: 0.886 | noise: 0.180
Iter 170 | Loss:  995.727 | lengthscale: 13.082 | outputscale: 0.860 | noise: 0.224
Iter 180 | Loss:  901.657 | lengthscale: 14.758 | outputscale: 0.833 | noise: 0.249
Iter 190 | Loss:  821.446 | lengthscale: 16.532 | outputscale: 0.807 | noise: 0.250
Iter 200 | Loss:  758.195 | lengthscale: 18.320 | outputscale: 0.788 | noise: 0.253
Iter 210 | Loss:  707.794 | lengthscale: 20.083 | outputscale: 0.774 | noise: 0.262
Iter 220 | Loss:  666.723 | lengthscale: 21.834 | outputscale: 0.763 | noise: 0.266
Iter 230 | Loss:  631.756 | lengthscale: 23.585 | outputscale: 0.753 | noise: 0.268
Iter 240 | Loss:  601.022 | lengthscale: 25.354 | outputscale: 0.746 | noise: 0.272
Iter 250 | Loss:  573.683 | lengthscale: 27.154 | outputscale: 0.739 | noise: 0.273
Iter 260 | Loss:  549.531 | lengthscale: 28.979 | outputscale: 0.733 | noise: 0.274
Iter 270 | Loss:  528.497 | lengthscale: 30.812 | outputscale: 0.728 | noise: 0.275
Iter 280 | Loss:  510.353 | lengthscale: 32.637 | outputscale: 0.724 | noise: 0.276
Iter 290 | Loss:  494.707 | lengthscale: 34.444 | outputscale: 0.721 | noise: 0.277
Iter 300 | Loss:  481.136 | lengthscale: 36.229 | outputscale: 0.718 | noise: 0.278
Iter 310 | Loss:  469.298 | lengthscale: 37.992 | outputscale: 0.716 | noise: 0.278
Iter 320 | Loss:  458.946 | lengthscale: 39.731 | outputscale: 0.715 | noise: 0.279
Iter 330 | Loss:  449.885 | lengthscale: 41.444 | outputscale: 0.714 | noise: 0.279
Iter 340 | Loss:  441.936 | lengthscale: 43.127 | outputscale: 0.714 | noise: 0.280
Iter 350 | Loss:  434.928 | lengthscale: 44.780 | outputscale: 0.714 | noise: 0.280
Iter 360 | Loss:  428.704 | lengthscale: 46.406 | outputscale: 0.715 | noise: 0.281
Iter 370 | Loss:  423.121 | lengthscale: 48.008 | outputscale: 0.716 | noise: 0.281
Iter 380 | Loss:  418.059 | lengthscale: 49.594 | outputscale: 0.717 | noise: 0.281
Iter 390 | Loss:  413.421 | lengthscale: 51.168 | outputscale: 0.718 | noise: 0.282
Iter 400 | Loss:  409.128 | lengthscale: 52.737 | outputscale: 0.719 | noise: 0.282
Iter 410 | Loss:  405.117 | lengthscale: 54.308 | outputscale: 0.721 | noise: 0.282
Iter 420 | Loss:  401.334 | lengthscale: 55.886 | outputscale: 0.722 | noise: 0.283
Iter 430 | Loss:  397.734 | lengthscale: 57.478 | outputscale: 0.723 | noise: 0.283
Iter 440 | Loss:  394.279 | lengthscale: 59.089 | outputscale: 0.725 | noise: 0.283
Iter 450 | Loss:  390.934 | lengthscale: 60.726 | outputscale: 0.726 | noise: 0.284
Iter 460 | Loss:  387.675 | lengthscale: 62.396 | outputscale: 0.727 | noise: 0.284
Iter 470 | Loss:  384.490 | lengthscale: 64.102 | outputscale: 0.728 | noise: 0.284
Iter 480 | Loss:  381.378 | lengthscale: 65.845 | outputscale: 0.729 | noise: 0.284
Iter 490 | Loss:  378.346 | lengthscale: 67.623 | outputscale: 0.730 | noise: 0.285
Iter 500 | Loss:  375.415 | lengthscale: 69.432 | outputscale: 0.731 | noise: 0.285
Iter 510 | Loss:  372.604 | lengthscale: 71.264 | outputscale: 0.732 | noise: 0.285
Iter 520 | Loss:  369.936 | lengthscale: 73.110 | outputscale: 0.733 | noise: 0.285
Iter 530 | Loss:  367.427 | lengthscale: 74.960 | outputscale: 0.734 | noise: 0.285
Iter 540 | Loss:  365.088 | lengthscale: 76.802 | outputscale: 0.735 | noise: 0.285
Iter 550 | Loss:  362.923 | lengthscale: 78.631 | outputscale: 0.737 | noise: 0.285
Iter 560 | Loss:  360.925 | lengthscale: 80.438 | outputscale: 0.738 | noise: 0.285
Iter 570 | Loss:  359.081 | lengthscale: 82.223 | outputscale: 0.740 | noise: 0.285
Iter 580 | Loss:  357.373 | lengthscale: 83.986 | outputscale: 0.742 | noise: 0.286
Iter 590 | Loss:  355.782 | lengthscale: 85.730 | outputscale: 0.744 | noise: 0.286
Iter 600 | Loss:  354.286 | lengthscale: 87.461 | outputscale: 0.746 | noise: 0.286
Iter 610 | Loss:  352.866 | lengthscale: 89.187 | outputscale: 0.749 | noise: 0.286
Iter 620 | Loss:  351.507 | lengthscale: 90.915 | outputscale: 0.751 | noise: 0.286
Iter 630 | Loss:  350.195 | lengthscale: 92.651 | outputscale: 0.753 | noise: 0.286
Iter 640 | Loss:  348.922 | lengthscale: 94.401 | outputscale: 0.755 | noise: 0.286
Iter 650 | Loss:  347.682 | lengthscale: 96.168 | outputscale: 0.757 | noise: 0.286
Iter 660 | Loss:  346.474 | lengthscale: 97.954 | outputscale: 0.759 | noise: 0.286
Iter 670 | Loss:  345.301 | lengthscale: 99.756 | outputscale: 0.761 | noise: 0.287
Iter 680 | Loss:  344.163 | lengthscale: 101.573 | outputscale: 0.763 | noise: 0.287
Iter 690 | Loss:  343.067 | lengthscale: 103.400 | outputscale: 0.765 | noise: 0.287
Iter 700 | Loss:  342.014 | lengthscale: 105.232 | outputscale: 0.767 | noise: 0.287
Iter 710 | Loss:  341.005 | lengthscale: 107.064 | outputscale: 0.769 | noise: 0.287
Iter 720 | Loss:  340.042 | lengthscale: 108.895 | outputscale: 0.772 | noise: 0.287
Iter 730 | Loss:  339.124 | lengthscale: 110.721 | outputscale: 0.774 | noise: 0.287
Iter 740 | Loss:  338.245 | lengthscale: 112.544 | outputscale: 0.776 | noise: 0.287
Iter 750 | Loss:  337.401 | lengthscale: 114.366 | outputscale: 0.779 | noise: 0.287
Iter 760 | Loss:  336.586 | lengthscale: 116.191 | outputscale: 0.781 | noise: 0.287
Iter 770 | Loss:  335.796 | lengthscale: 118.022 | outputscale: 0.784 | noise: 0.287
Iter 780 | Loss:  335.025 | lengthscale: 119.866 | outputscale: 0.786 | noise: 0.287
Iter 790 | Loss:  334.269 | lengthscale: 121.727 | outputscale: 0.788 | noise: 0.287
Iter 800 | Loss:  333.525 | lengthscale: 123.609 | outputscale: 0.791 | noise: 0.287
Iter 810 | Loss:  332.790 | lengthscale: 125.517 | outputscale: 0.793 | noise: 0.288
Iter 820 | Loss:  332.061 | lengthscale: 127.452 | outputscale: 0.796 | noise: 0.288
Iter 830 | Loss:  331.340 | lengthscale: 129.416 | outputscale: 0.798 | noise: 0.288
Iter 840 | Loss:  330.626 | lengthscale: 131.410 | outputscale: 0.800 | noise: 0.288
Iter 850 | Loss:  329.918 | lengthscale: 133.434 | outputscale: 0.803 | noise: 0.288
Iter 860 | Loss:  329.218 | lengthscale: 135.487 | outputscale: 0.805 | noise: 0.288
Iter 870 | Loss:  328.525 | lengthscale: 137.570 | outputscale: 0.807 | noise: 0.288
Iter 880 | Loss:  327.840 | lengthscale: 139.682 | outputscale: 0.810 | noise: 0.288
Iter 890 | Loss:  327.162 | lengthscale: 141.823 | outputscale: 0.812 | noise: 0.288
Iter 900 | Loss:  326.491 | lengthscale: 143.996 | outputscale: 0.814 | noise: 0.288
Iter 910 | Loss:  325.827 | lengthscale: 146.200 | outputscale: 0.816 | noise: 0.288
Iter 920 | Loss:  325.167 | lengthscale: 148.438 | outputscale: 0.819 | noise: 0.288
Iter 930 | Loss:  324.512 | lengthscale: 150.711 | outputscale: 0.821 | noise: 0.288
Iter 940 | Loss:  323.862 | lengthscale: 153.020 | outputscale: 0.823 | noise: 0.288
Iter 950 | Loss:  323.217 | lengthscale: 155.365 | outputscale: 0.826 | noise: 0.288
Iter 960 | Loss:  322.575 | lengthscale: 157.748 | outputscale: 0.828 | noise: 0.288
Iter 970 | Loss:  321.938 | lengthscale: 160.166 | outputscale: 0.830 | noise: 0.288
Iter 980 | Loss:  321.310 | lengthscale: 162.619 | outputscale: 0.833 | noise: 0.288
Iter 990 | Loss:  320.688 | lengthscale: 165.105 | outputscale: 0.835 | noise: 0.288
Iter 1000 | Loss:  320.077 | lengthscale: 167.620 | outputscale: 0.838 | noise: 0.288
Iter 1010 | Loss:  319.475 | lengthscale: 170.162 | outputscale: 0.840 | noise: 0.288
Iter 1020 | Loss:  318.885 | lengthscale: 172.726 | outputscale: 0.843 | noise: 0.288
Iter 1030 | Loss:  318.311 | lengthscale: 175.310 | outputscale: 0.845 | noise: 0.288
Iter 1040 | Loss:  317.750 | lengthscale: 177.909 | outputscale: 0.848 | noise: 0.288
Iter 1050 | Loss:  317.202 | lengthscale: 180.519 | outputscale: 0.850 | noise: 0.288
Iter 1060 | Loss:  316.673 | lengthscale: 183.138 | outputscale: 0.853 | noise: 0.288
Iter 1070 | Loss:  316.159 | lengthscale: 185.762 | outputscale: 0.856 | noise: 0.288
Iter 1080 | Loss:  315.662 | lengthscale: 188.386 | outputscale: 0.859 | noise: 0.288
Iter 1090 | Loss:  315.186 | lengthscale: 191.008 | outputscale: 0.861 | noise: 0.288
Iter 1100 | Loss:  314.727 | lengthscale: 193.624 | outputscale: 0.864 | noise: 0.288
Iter 1110 | Loss:  314.285 | lengthscale: 196.229 | outputscale: 0.867 | noise: 0.288
Iter 1120 | Loss:  313.862 | lengthscale: 198.822 | outputscale: 0.870 | noise: 0.288
Iter 1130 | Loss:  313.458 | lengthscale: 201.399 | outputscale: 0.874 | noise: 0.288
Iter 1140 | Loss:  313.070 | lengthscale: 203.958 | outputscale: 0.877 | noise: 0.289
Iter 1150 | Loss:  312.701 | lengthscale: 206.497 | outputscale: 0.880 | noise: 0.289
Iter 1160 | Loss:  312.348 | lengthscale: 209.014 | outputscale: 0.884 | noise: 0.289
Iter 1170 | Loss:  312.011 | lengthscale: 211.510 | outputscale: 0.887 | noise: 0.289
Iter 1180 | Loss:  311.690 | lengthscale: 213.983 | outputscale: 0.891 | noise: 0.289
Iter 1190 | Loss:  311.377 | lengthscale: 216.436 | outputscale: 0.895 | noise: 0.289
Iter 1200 | Loss:  311.083 | lengthscale: 218.869 | outputscale: 0.898 | noise: 0.289
Iter 1210 | Loss:  310.799 | lengthscale: 221.284 | outputscale: 0.902 | noise: 0.289
Iter 1220 | Loss:  310.525 | lengthscale: 223.684 | outputscale: 0.906 | noise: 0.289
Iter 1230 | Loss:  310.260 | lengthscale: 226.071 | outputscale: 0.910 | noise: 0.289
Iter 1240 | Loss:  310.001 | lengthscale: 228.448 | outputscale: 0.914 | noise: 0.289
Iter 1250 | Loss:  309.753 | lengthscale: 230.818 | outputscale: 0.918 | noise: 0.289
Iter 1260 | Loss:  309.512 | lengthscale: 233.184 | outputscale: 0.922 | noise: 0.289
Iter 1270 | Loss:  309.276 | lengthscale: 235.549 | outputscale: 0.926 | noise: 0.289
Iter 1280 | Loss:  309.046 | lengthscale: 237.916 | outputscale: 0.930 | noise: 0.289
Iter 1290 | Loss:  308.822 | lengthscale: 240.287 | outputscale: 0.934 | noise: 0.289
Iter 1300 | Loss:  308.600 | lengthscale: 242.666 | outputscale: 0.938 | noise: 0.289
Iter 1310 | Loss:  308.383 | lengthscale: 245.054 | outputscale: 0.943 | noise: 0.289
Iter 1320 | Loss:  308.170 | lengthscale: 247.454 | outputscale: 0.947 | noise: 0.289
Iter 1330 | Loss:  307.957 | lengthscale: 249.867 | outputscale: 0.951 | noise: 0.289
Iter 1340 | Loss:  307.748 | lengthscale: 252.294 | outputscale: 0.955 | noise: 0.289
Iter 1350 | Loss:  307.545 | lengthscale: 254.737 | outputscale: 0.959 | noise: 0.289
Iter 1360 | Loss:  307.342 | lengthscale: 257.194 | outputscale: 0.963 | noise: 0.289
Iter 1370 | Loss:  307.141 | lengthscale: 259.667 | outputscale: 0.968 | noise: 0.289
Iter 1380 | Loss:  306.948 | lengthscale: 262.155 | outputscale: 0.972 | noise: 0.289
Iter 1390 | Loss:  306.753 | lengthscale: 264.657 | outputscale: 0.976 | noise: 0.289
Iter 1400 | Loss:  306.557 | lengthscale: 267.171 | outputscale: 0.980 | noise: 0.289
Iter 1410 | Loss:  306.372 | lengthscale: 269.697 | outputscale: 0.985 | noise: 0.289
Iter 1420 | Loss:  306.188 | lengthscale: 272.231 | outputscale: 0.989 | noise: 0.289
Iter 1430 | Loss:  306.006 | lengthscale: 274.773 | outputscale: 0.993 | noise: 0.289
Iter 1440 | Loss:  305.828 | lengthscale: 277.320 | outputscale: 0.997 | noise: 0.289
Iter 1450 | Loss:  305.653 | lengthscale: 279.871 | outputscale: 1.002 | noise: 0.289
Iter 1460 | Loss:  305.483 | lengthscale: 282.424 | outputscale: 1.006 | noise: 0.289
Iter 1470 | Loss:  305.319 | lengthscale: 284.977 | outputscale: 1.010 | noise: 0.289
Iter 1480 | Loss:  305.155 | lengthscale: 287.529 | outputscale: 1.015 | noise: 0.289
Iter 1490 | Loss:  304.996 | lengthscale: 290.080 | outputscale: 1.019 | noise: 0.289
Iter 1500 | Loss:  304.842 | lengthscale: 292.628 | outputscale: 1.023 | noise: 0.289
Iter 1510 | Loss:  304.693 | lengthscale: 295.174 | outputscale: 1.028 | noise: 0.289
Iter 1520 | Loss:  304.547 | lengthscale: 297.719 | outputscale: 1.032 | noise: 0.289
Iter 1530 | Loss:  304.403 | lengthscale: 300.263 | outputscale: 1.037 | noise: 0.289
Iter 1540 | Loss:  304.259 | lengthscale: 302.807 | outputscale: 1.041 | noise: 0.289
Iter 1550 | Loss:  304.118 | lengthscale: 305.353 | outputscale: 1.046 | noise: 0.289
Iter 1560 | Loss:  303.989 | lengthscale: 307.903 | outputscale: 1.050 | noise: 0.289
Iter 1570 | Loss:  303.850 | lengthscale: 310.459 | outputscale: 1.055 | noise: 0.289
Iter 1580 | Loss:  303.719 | lengthscale: 313.022 | outputscale: 1.059 | noise: 0.289
Iter 1590 | Loss:  303.589 | lengthscale: 315.597 | outputscale: 1.064 | noise: 0.289
Iter 1600 | Loss:  303.463 | lengthscale: 318.185 | outputscale: 1.068 | noise: 0.289
Iter 1610 | Loss:  303.333 | lengthscale: 320.788 | outputscale: 1.073 | noise: 0.289
Iter 1620 | Loss:  303.210 | lengthscale: 323.411 | outputscale: 1.077 | noise: 0.289
Iter 1630 | Loss:  303.085 | lengthscale: 326.055 | outputscale: 1.082 | noise: 0.289
Iter 1640 | Loss:  302.960 | lengthscale: 328.724 | outputscale: 1.086 | noise: 0.289
Iter 1650 | Loss:  302.835 | lengthscale: 331.420 | outputscale: 1.091 | noise: 0.289
Iter 1660 | Loss:  302.706 | lengthscale: 334.147 | outputscale: 1.095 | noise: 0.289
Iter 1670 | Loss:  302.587 | lengthscale: 336.908 | outputscale: 1.100 | noise: 0.289
Iter 1680 | Loss:  302.457 | lengthscale: 339.703 | outputscale: 1.105 | noise: 0.289
Iter 1690 | Loss:  302.333 | lengthscale: 342.538 | outputscale: 1.109 | noise: 0.289
Iter 1700 | Loss:  302.209 | lengthscale: 345.414 | outputscale: 1.114 | noise: 0.289
Iter 1710 | Loss:  302.078 | lengthscale: 348.335 | outputscale: 1.118 | noise: 0.289
Iter 1720 | Loss:  301.954 | lengthscale: 351.301 | outputscale: 1.123 | noise: 0.289
Iter 1730 | Loss:  301.825 | lengthscale: 354.315 | outputscale: 1.127 | noise: 0.289
Iter 1740 | Loss:  301.695 | lengthscale: 357.381 | outputscale: 1.132 | noise: 0.289
Iter 1750 | Loss:  301.566 | lengthscale: 360.498 | outputscale: 1.136 | noise: 0.289
Iter 1760 | Loss:  301.436 | lengthscale: 363.669 | outputscale: 1.141 | noise: 0.289
Iter 1770 | Loss:  301.298 | lengthscale: 366.895 | outputscale: 1.145 | noise: 0.289
Iter 1780 | Loss:  301.164 | lengthscale: 370.179 | outputscale: 1.150 | noise: 0.289
Iter 1790 | Loss:  301.032 | lengthscale: 373.520 | outputscale: 1.154 | noise: 0.289
Iter 1800 | Loss:  300.889 | lengthscale: 376.920 | outputscale: 1.159 | noise: 0.289
Iter 1810 | Loss:  300.750 | lengthscale: 380.380 | outputscale: 1.164 | noise: 0.289
Iter 1820 | Loss:  300.611 | lengthscale: 383.899 | outputscale: 1.168 | noise: 0.289
Iter 1830 | Loss:  300.476 | lengthscale: 387.478 | outputscale: 1.173 | noise: 0.289
Iter 1840 | Loss:  300.327 | lengthscale: 391.117 | outputscale: 1.178 | noise: 0.289
Iter 1850 | Loss:  300.188 | lengthscale: 394.815 | outputscale: 1.183 | noise: 0.289
Iter 1860 | Loss:  300.041 | lengthscale: 398.571 | outputscale: 1.187 | noise: 0.289
Iter 1870 | Loss:  299.897 | lengthscale: 402.383 | outputscale: 1.192 | noise: 0.289
Iter 1880 | Loss:  299.755 | lengthscale: 406.252 | outputscale: 1.197 | noise: 0.289
Iter 1890 | Loss:  299.604 | lengthscale: 410.174 | outputscale: 1.202 | noise: 0.289
Iter 1900 | Loss:  299.459 | lengthscale: 414.146 | outputscale: 1.207 | noise: 0.289
Iter 1910 | Loss:  299.313 | lengthscale: 418.167 | outputscale: 1.212 | noise: 0.289
Iter 1920 | Loss:  299.165 | lengthscale: 422.234 | outputscale: 1.218 | noise: 0.289
Iter 1930 | Loss:  299.021 | lengthscale: 426.342 | outputscale: 1.223 | noise: 0.289
Iter 1940 | Loss:  298.878 | lengthscale: 430.488 | outputscale: 1.228 | noise: 0.289
Iter 1950 | Loss:  298.734 | lengthscale: 434.668 | outputscale: 1.234 | noise: 0.289
Iter 1960 | Loss:  298.589 | lengthscale: 438.877 | outputscale: 1.240 | noise: 0.289
Iter 1970 | Loss:  298.448 | lengthscale: 443.110 | outputscale: 1.245 | noise: 0.289
Iter 1980 | Loss:  298.312 | lengthscale: 447.363 | outputscale: 1.251 | noise: 0.289
Iter 1990 | Loss:  298.173 | lengthscale: 451.630 | outputscale: 1.257 | noise: 0.289
Iter 2000 | Loss:  298.041 | lengthscale: 455.907 | outputscale: 1.264 | noise: 0.289
Iter 2010 | Loss:  297.909 | lengthscale: 460.188 | outputscale: 1.270 | noise: 0.289
Iter 2020 | Loss:  297.780 | lengthscale: 464.469 | outputscale: 1.276 | noise: 0.289
Iter 2030 | Loss:  297.652 | lengthscale: 468.745 | outputscale: 1.283 | noise: 0.289
Iter 2040 | Loss:  297.524 | lengthscale: 473.011 | outputscale: 1.290 | noise: 0.289
Iter 2050 | Loss:  297.410 | lengthscale: 477.262 | outputscale: 1.297 | noise: 0.289
Iter 2060 | Loss:  297.288 | lengthscale: 481.494 | outputscale: 1.304 | noise: 0.289
Iter 2070 | Loss:  297.173 | lengthscale: 485.703 | outputscale: 1.312 | noise: 0.289
Iter 2080 | Loss:  297.059 | lengthscale: 489.885 | outputscale: 1.319 | noise: 0.289
Iter 2090 | Loss:  296.953 | lengthscale: 494.037 | outputscale: 1.327 | noise: 0.289
Iter 2100 | Loss:  296.846 | lengthscale: 498.155 | outputscale: 1.335 | noise: 0.289
Iter 2110 | Loss:  296.745 | lengthscale: 502.237 | outputscale: 1.343 | noise: 0.289
Iter 2120 | Loss:  296.637 | lengthscale: 506.280 | outputscale: 1.352 | noise: 0.289
Iter 2130 | Loss:  296.547 | lengthscale: 510.281 | outputscale: 1.361 | noise: 0.289
Iter 2140 | Loss:  296.448 | lengthscale: 514.238 | outputscale: 1.369 | noise: 0.289
Iter 2150 | Loss:  296.356 | lengthscale: 518.149 | outputscale: 1.378 | noise: 0.289
Iter 2160 | Loss:  296.266 | lengthscale: 522.014 | outputscale: 1.388 | noise: 0.289
Iter 2170 | Loss:  296.180 | lengthscale: 525.830 | outputscale: 1.397 | noise: 0.289
Iter 2180 | Loss:  296.094 | lengthscale: 529.597 | outputscale: 1.407 | noise: 0.289
Iter 2190 | Loss:  296.016 | lengthscale: 533.313 | outputscale: 1.417 | noise: 0.289
Iter 2200 | Loss:  295.935 | lengthscale: 536.980 | outputscale: 1.427 | noise: 0.289
Iter 2210 | Loss:  295.860 | lengthscale: 540.596 | outputscale: 1.437 | noise: 0.289
Iter 2220 | Loss:  295.785 | lengthscale: 544.161 | outputscale: 1.448 | noise: 0.289
Iter 2230 | Loss:  295.710 | lengthscale: 547.676 | outputscale: 1.458 | noise: 0.289
Iter 2240 | Loss:  295.635 | lengthscale: 551.140 | outputscale: 1.469 | noise: 0.289
Iter 2250 | Loss:  295.564 | lengthscale: 554.555 | outputscale: 1.481 | noise: 0.289
Iter 2260 | Loss:  295.505 | lengthscale: 557.920 | outputscale: 1.492 | noise: 0.289
Iter 2270 | Loss:  295.429 | lengthscale: 561.235 | outputscale: 1.504 | noise: 0.289
Iter 2280 | Loss:  295.367 | lengthscale: 564.502 | outputscale: 1.515 | noise: 0.289
Iter 2290 | Loss:  295.305 | lengthscale: 567.722 | outputscale: 1.527 | noise: 0.289
Iter 2300 | Loss:  295.244 | lengthscale: 570.895 | outputscale: 1.540 | noise: 0.289
Iter 2310 | Loss:  295.169 | lengthscale: 574.024 | outputscale: 1.552 | noise: 0.289
Iter 2320 | Loss:  295.114 | lengthscale: 577.108 | outputscale: 1.565 | noise: 0.289
Iter 2330 | Loss:  295.046 | lengthscale: 580.148 | outputscale: 1.577 | noise: 0.289
Iter 2340 | Loss:  295.001 | lengthscale: 583.145 | outputscale: 1.590 | noise: 0.289
Iter 2350 | Loss:  294.941 | lengthscale: 586.099 | outputscale: 1.604 | noise: 0.289
Iter 2360 | Loss:  294.891 | lengthscale: 589.014 | outputscale: 1.617 | noise: 0.289
Iter 2370 | Loss:  294.828 | lengthscale: 591.891 | outputscale: 1.631 | noise: 0.289
Iter 2380 | Loss:  294.773 | lengthscale: 594.729 | outputscale: 1.645 | noise: 0.289
Iter 2390 | Loss:  294.710 | lengthscale: 597.529 | outputscale: 1.659 | noise: 0.289
Iter 2400 | Loss:  294.667 | lengthscale: 600.293 | outputscale: 1.673 | noise: 0.289
Iter 2410 | Loss:  294.615 | lengthscale: 603.022 | outputscale: 1.688 | noise: 0.289
Iter 2420 | Loss:  294.568 | lengthscale: 605.718 | outputscale: 1.702 | noise: 0.289
Iter 2430 | Loss:  294.514 | lengthscale: 608.381 | outputscale: 1.717 | noise: 0.289
Iter 2440 | Loss:  294.457 | lengthscale: 611.013 | outputscale: 1.733 | noise: 0.289
Iter 2450 | Loss:  294.408 | lengthscale: 613.617 | outputscale: 1.748 | noise: 0.289
Iter 2460 | Loss:  294.367 | lengthscale: 616.191 | outputscale: 1.764 | noise: 0.289
Iter 2470 | Loss:  294.317 | lengthscale: 618.736 | outputscale: 1.780 | noise: 0.289
Iter 2480 | Loss:  294.274 | lengthscale: 621.253 | outputscale: 1.796 | noise: 0.289
Iter 2490 | Loss:  294.219 | lengthscale: 623.743 | outputscale: 1.813 | noise: 0.289
Iter 2499 | Loss:  294.168 | lengthscale: 625.963 | outputscale: 1.828 | noise: 0.289
Learned Hyperparams:  {'lengthscale': 625.9628295898438, 'outputscale': 1.8277926445007324, 'noise': 0.28897327184677124, 'marginal_likelihood_loss_history': [2751.07177734375, 2738.5546875, 2726.614013671875, 2715.24658203125, 2704.447509765625, 2694.2109375, 2684.529052734375, 2675.392822265625, 2666.7919921875, 2658.714599609375, 2651.1474609375, 2644.075927734375, 2637.48486328125, 2631.357421875, 2625.67529296875, 2620.421142578125, 2615.5751953125, 2611.1171875, 2607.02734375, 2603.2841796875, 2599.86767578125, 2596.755615234375, 2593.92724609375, 2591.36181640625, 2589.0380859375, 2586.93603515625, 2585.03564453125, 2583.3173828125, 2581.76220703125, 2580.3525390625, 2579.0712890625, 2577.9013671875, 2576.8271484375, 2575.8349609375, 2574.90966796875, 2574.0390625, 2573.21142578125, 2572.414794921875, 2571.6396484375, 2570.8759765625, 2570.115234375, 2569.35009765625, 2568.572998046875, 2567.77734375, 2566.95703125, 2566.1064453125, 2565.22119140625, 2564.2958984375, 2563.3271484375, 2562.31005859375, 2561.24169921875, 2560.11767578125, 2558.93505859375, 2557.690185546875, 2556.37939453125, 2554.99951171875, 2553.546630859375, 2552.01708984375, 2550.40673828125, 2548.71142578125, 2546.927001953125, 2545.04833984375, 2543.070556640625, 2540.98828125, 2538.79541015625, 2536.486328125, 2534.0537109375, 2531.4912109375, 2528.791015625, 2525.94580078125, 2522.94677734375, 2519.785400390625, 2516.45263671875, 2512.9384765625, 2509.2333984375, 2505.3271484375, 2501.208740234375, 2496.86669921875, 2492.2900390625, 2487.466796875, 2482.38525390625, 2477.032470703125, 2471.396484375, 2465.4638671875, 2459.22216796875, 2452.65869140625, 2445.759765625, 2438.512451171875, 2430.90380859375, 2422.92041015625, 2414.5498046875, 2405.77880859375, 2396.5947265625, 2386.9853515625, 2376.9384765625, 2366.4423828125, 2355.485595703125, 2344.056640625, 2332.1455078125, 2319.741943359375, 2306.836181640625, 2293.419677734375, 2279.48388671875, 2265.021484375, 2250.025390625, 2234.490234375, 2218.410888671875, 2201.783203125, 2184.60400390625, 2166.872314453125, 2148.58642578125, 2129.748291015625, 2110.359375, 2090.423583984375, 2069.947021484375, 2048.93701171875, 2027.4036865234375, 2005.359130859375, 1982.8179931640625, 1959.7979736328125, 1936.3199462890625, 1912.408203125, 1888.0909423828125, 1863.39990234375, 1838.37158203125, 1813.0472412109375, 1787.47265625, 1761.69921875, 1735.7833251953125, 1709.787109375, 1683.778076171875, 1657.8291015625, 1632.0172119140625, 1606.424560546875, 1581.1356201171875, 1556.236572265625, 1531.812744140625, 1507.9459228515625, 1484.71142578125, 1462.1727294921875, 1440.3798828125, 1419.3636474609375, 1399.134765625, 1379.6824951171875, 1360.974853515625, 1342.963134765625, 1325.58642578125, 1308.7744140625, 1292.45361328125, 1276.550537109375, 1260.9970703125, 1245.7313232421875, 1230.701171875, 1215.865966796875, 1201.19775390625, 1186.679931640625, 1172.3074951171875, 1158.0855712890625, 1144.02734375, 1130.152099609375, 1116.4835205078125, 1103.046630859375, 1089.8675537109375, 1076.9697265625, 1064.3748779296875, 1052.099853515625, 1040.15673828125, 1028.55126953125, 1017.2833251953125, 1006.3463134765625, 995.7269287109375, 985.4060668945312, 975.35986328125, 965.560791015625, 955.979248046875, 946.58642578125, 937.3548583984375, 928.26123046875, 919.286865234375, 910.420654296875, 901.6566772460938, 892.99560546875, 884.444091796875, 876.012451171875, 867.7144165039062, 859.5642700195312, 851.576171875, 843.7627563476562, 836.133056640625, 828.6934814453125, 821.4462890625, 814.3895263671875, 807.518310546875, 800.824951171875, 794.3004150390625, 787.9342041015625, 781.7174682617188, 775.64111328125, 769.698486328125, 763.884033203125, 758.1946411132812, 752.6278686523438, 747.1827392578125, 741.85791015625, 736.65283203125, 731.5660400390625, 726.59521484375, 721.7369384765625, 716.9871826171875, 712.3412475585938, 707.793701171875, 703.3396606445312, 698.972900390625, 694.6893920898438, 690.48388671875, 686.35302734375, 682.293701171875, 678.302978515625, 674.379150390625, 670.519775390625, 666.72314453125, 662.9872436523438, 659.310302734375, 655.6904296875, 652.1251220703125, 648.6121826171875, 645.1491088867188, 641.734130859375, 638.3646240234375, 635.0389404296875, 631.755859375, 628.5133056640625, 625.3106689453125, 622.146728515625, 619.0203857421875, 615.931640625, 612.8792724609375, 609.8626708984375, 606.8815307617188, 603.9345092773438, 601.0216064453125, 598.1423950195312, 595.2960205078125, 592.482177734375, 589.70068359375, 586.951171875, 584.2337036132812, 581.54833984375, 578.8943481445312, 576.2725219726562, 573.6827392578125, 571.12451171875, 568.5982666015625, 566.103759765625, 563.6414794921875, 561.2108154296875, 558.8116455078125, 556.4442749023438, 554.108642578125, 551.804443359375, 549.53125, 547.2896728515625, 545.0792236328125, 542.9000244140625, 540.75146484375, 538.6339111328125, 536.5466918945312, 534.489501953125, 532.4625244140625, 530.4652099609375, 528.4970703125, 526.5580444335938, 524.6478881835938, 522.7657470703125, 520.9117431640625, 519.0853271484375, 517.2862548828125, 515.5140380859375, 513.767578125, 512.04736328125, 510.3525390625, 508.68280029296875, 507.0374755859375, 505.4163818359375, 503.81884765625, 502.24462890625, 500.693115234375, 499.1641845703125, 497.65692138671875, 496.17144775390625, 494.706787109375, 493.26287841796875, 491.839111328125, 490.4349365234375, 489.05084228515625, 487.6856689453125, 486.33935546875, 485.0115966796875, 483.70184326171875, 482.41015625, 481.13555908203125, 479.8787841796875, 478.638671875, 477.4151611328125, 476.2080078125, 475.017578125, 473.84271240234375, 472.683349609375, 471.539794921875, 470.41107177734375, 469.2979736328125, 468.19952392578125, 467.11529541015625, 466.0457763671875, 464.990478515625, 463.949462890625, 462.9217529296875, 461.90789794921875, 460.9075927734375, 459.92034912109375, 458.9462890625, 457.9853515625, 457.036865234375, 456.100830078125, 455.17724609375, 454.26580810546875, 453.3663330078125, 452.47882080078125, 451.60302734375, 450.73834228515625, 449.88525390625, 449.0428466796875, 448.211669921875, 447.39141845703125, 446.58148193359375, 445.782470703125, 444.9932861328125, 444.2142333984375, 443.4449462890625, 442.6856689453125, 441.9359130859375, 441.195556640625, 440.46435546875, 439.7423095703125, 439.029296875, 438.3245849609375, 437.62872314453125, 436.941650390625, 436.2625732421875, 435.5914306640625, 434.92828369140625, 434.273193359375, 433.6256103515625, 432.985107421875, 432.35284423828125, 431.7276611328125, 431.109130859375, 430.4976806640625, 429.89312744140625, 429.295166015625, 428.703857421875, 428.11865234375, 427.5400390625, 426.96734619140625, 426.40081787109375, 425.840087890625, 425.2852783203125, 424.73583984375, 424.19207763671875, 423.653564453125, 423.12066650390625, 422.59295654296875, 422.06988525390625, 421.5523681640625, 421.0394287109375, 420.531494140625, 420.0279541015625, 419.5291748046875, 419.03485107421875, 418.54473876953125, 418.059326171875, 417.5777587890625, 417.1005859375, 416.62738037109375, 416.157958984375, 415.69287109375, 415.2313232421875, 414.773193359375, 414.3189697265625, 413.868408203125, 413.42144775390625, 412.97760009765625, 412.5372314453125, 412.1002197265625, 411.66680908203125, 411.23626708984375, 410.808349609375, 410.3837890625, 409.962646484375, 409.5443115234375, 409.1282958984375, 408.715576171875, 408.30517578125, 407.89794921875, 407.4930419921875, 407.0908203125, 406.69091796875, 406.293701171875, 405.899169921875, 405.50653076171875, 405.116943359375, 404.72894287109375, 404.3431396484375, 403.9600830078125, 403.57916259765625, 403.19940185546875, 402.822509765625, 402.447509765625, 402.07421875, 401.70294189453125, 401.333740234375, 400.9666748046875, 400.6007080078125, 400.236572265625, 399.8743896484375, 399.513916015625, 399.15478515625, 398.79742431640625, 398.441650390625, 398.0875244140625, 397.7344970703125, 397.38275146484375, 397.0328369140625, 396.68408203125, 396.3367919921875, 395.99072265625, 395.6461181640625, 395.302490234375, 394.95977783203125, 394.618896484375, 394.27911376953125, 393.9398193359375, 393.60205078125, 393.26483154296875, 392.9293212890625, 392.59423828125, 392.26031494140625, 391.9267578125, 391.5955810546875, 391.26416015625, 390.93365478515625, 390.6041259765625, 390.2757568359375, 389.9481201171875, 389.6209716796875, 389.2947998046875, 388.969482421875, 388.64453125, 388.32086181640625, 387.9979248046875, 387.6751708984375, 387.353759765625, 387.032470703125, 386.71240234375, 386.39239501953125, 386.0738525390625, 385.756103515625, 385.438232421875, 385.121337890625, 384.8055419921875, 384.4903564453125, 384.17578125, 383.861572265625, 383.5484619140625, 383.236083984375, 382.9244384765625, 382.613525390625, 382.3031005859375, 381.99395751953125, 381.6849365234375, 381.3775634765625, 381.0704345703125, 380.7640380859375, 380.45916748046875, 380.1539306640625, 379.850830078125, 379.5482177734375, 379.24615478515625, 378.9454345703125, 378.645263671875, 378.34613037109375, 378.04827880859375, 377.7515869140625, 377.45526123046875, 377.160400390625, 376.86676025390625, 376.5738525390625, 376.28271484375, 375.9918212890625, 375.70263671875, 375.4151611328125, 375.1280517578125, 374.84185791015625, 374.55810546875, 374.2750244140625, 373.99298095703125, 373.71240234375, 373.43304443359375, 373.15521240234375, 372.879150390625, 372.60394287109375, 372.33038330078125, 372.0582275390625, 371.787353515625, 371.518310546875, 371.250732421875, 370.984375, 370.72021484375, 370.45654296875, 370.19482421875, 369.935546875, 369.677001953125, 369.42059326171875, 369.1651611328125, 368.9117431640625, 368.6600341796875, 368.40966796875, 368.16168212890625, 367.9150390625, 367.66949462890625, 367.426513671875, 367.18475341796875, 366.94476318359375, 366.706787109375, 366.47015380859375, 366.2354736328125, 366.0028076171875, 365.771484375, 365.541748046875, 365.314208984375, 365.0880126953125, 364.864013671875, 364.6414794921875, 364.42095947265625, 364.2015380859375, 363.98419189453125, 363.7681884765625, 363.5545654296875, 363.34197998046875, 363.1319580078125, 362.92315673828125, 362.71551513671875, 362.5098876953125, 362.306396484375, 362.1041259765625, 361.90380859375, 361.7042236328125, 361.50732421875, 361.31109619140625, 361.1170654296875, 360.925048828125, 360.733642578125, 360.54461669921875, 360.3564453125, 360.1693115234375, 359.984619140625, 359.80133056640625, 359.618896484375, 359.43798828125, 359.2587890625, 359.0810546875, 358.9041748046875, 358.7291259765625, 358.5550537109375, 358.38275146484375, 358.2115478515625, 358.041259765625, 357.87200927734375, 357.7049560546875, 357.53857421875, 357.3734130859375, 357.2091064453125, 357.0460205078125, 356.884521484375, 356.72412109375, 356.56451416015625, 356.406005859375, 356.24853515625, 356.091796875, 355.93585205078125, 355.7816162109375, 355.6280517578125, 355.475341796875, 355.32354736328125, 355.1724853515625, 355.02294921875, 354.873779296875, 354.7255859375, 354.578369140625, 354.4307861328125, 354.2855224609375, 354.1409912109375, 353.9957275390625, 353.85205078125, 353.7091064453125, 353.5672607421875, 353.4261474609375, 353.2845458984375, 353.144775390625, 353.004638671875, 352.8656005859375, 352.7275390625, 352.5894775390625, 352.4517822265625, 352.3155517578125, 352.1796875, 352.0438232421875, 351.907958984375, 351.7745361328125, 351.639892578125, 351.5067138671875, 351.3731689453125, 351.2406005859375, 351.1080322265625, 350.9761962890625, 350.844970703125, 350.7147216796875, 350.5841064453125, 350.453369140625, 350.3231201171875, 350.1947021484375, 350.0660400390625, 349.9368896484375, 349.8089599609375, 349.6802978515625, 349.5535888671875, 349.4263916015625, 349.2991943359375, 349.173095703125, 349.0472412109375, 348.9217529296875, 348.79638671875, 348.6707763671875, 348.5460205078125, 348.4215087890625, 348.2972412109375, 348.1732177734375, 348.0501708984375, 347.9273681640625, 347.804443359375, 347.681640625, 347.5601806640625, 347.4381103515625, 347.316162109375, 347.1947021484375, 347.0743408203125, 346.9534912109375, 346.8330078125, 346.7137451171875, 346.59326171875, 346.474365234375, 346.3553466796875, 346.2366943359375, 346.1187744140625, 346.001220703125, 345.8834228515625, 345.7662353515625, 345.6492919921875, 345.532470703125, 345.416748046875, 345.3011474609375, 345.1856689453125, 345.070068359375, 344.9554443359375, 344.841796875, 344.727294921875, 344.614013671875, 344.5008544921875, 344.3875732421875, 344.27587890625, 344.1632080078125, 344.0523681640625, 343.9403076171875, 343.830322265625, 343.7197265625, 343.60986328125, 343.5003662109375, 343.39111328125, 343.2822265625, 343.1746826171875, 343.0667724609375, 342.95849609375, 342.8524169921875, 342.7459716796875, 342.640625, 342.5338134765625, 342.4288330078125, 342.3243408203125, 342.2205810546875, 342.1158447265625, 342.0137939453125, 341.9105224609375, 341.8082275390625, 341.70556640625, 341.6043701171875, 341.50341796875, 341.4029541015625, 341.3031005859375, 341.202392578125, 341.10302734375, 341.0048828125, 340.9063720703125, 340.8095703125, 340.7125244140625, 340.6146240234375, 340.5185546875, 340.4229736328125, 340.32666015625, 340.2314453125, 340.1370849609375, 340.04248046875, 339.9486083984375, 339.855224609375, 339.762451171875, 339.67041015625, 339.5782470703125, 339.48583984375, 339.395751953125, 339.30419921875, 339.2147216796875, 339.1236572265625, 339.034423828125, 338.94482421875, 338.8553466796875, 338.7674560546875, 338.6793212890625, 338.5908203125, 338.5042724609375, 338.4180908203125, 338.3309326171875, 338.2447509765625, 338.1583251953125, 338.0733642578125, 337.9879150390625, 337.903076171875, 337.8194580078125, 337.7342529296875, 337.6510009765625, 337.5673828125, 337.4830322265625, 337.4010009765625, 337.3194580078125, 337.2359619140625, 337.1527099609375, 337.07177734375, 336.9910888671875, 336.9083251953125, 336.828369140625, 336.7464599609375, 336.6663818359375, 336.586181640625, 336.5062255859375, 336.4267578125, 336.3465576171875, 336.2672119140625, 336.1883544921875, 336.1094970703125, 336.03076171875, 335.9525146484375, 335.874267578125, 335.7957763671875, 335.7191162109375, 335.639892578125, 335.56298828125, 335.4853515625, 335.4078369140625, 335.331787109375, 335.25439453125, 335.1776123046875, 335.102294921875, 335.0247802734375, 334.9493408203125, 334.8720703125, 334.796875, 334.720703125, 334.645263671875, 334.5714111328125, 334.4954833984375, 334.419677734375, 334.3446044921875, 334.269287109375, 334.1956787109375, 334.1202392578125, 334.04541015625, 333.9700927734375, 333.89599609375, 333.8221435546875, 333.747314453125, 333.6737060546875, 333.5987548828125, 333.5247802734375, 333.4508056640625, 333.3768310546875, 333.30419921875, 333.228759765625, 333.1563720703125, 333.082763671875, 333.0087890625, 332.9368896484375, 332.8626708984375, 332.7901611328125, 332.717041015625, 332.6436767578125, 332.570556640625, 332.4971923828125, 332.424560546875, 332.3516845703125, 332.2794189453125, 332.2064208984375, 332.1337890625, 332.0611572265625, 331.9884033203125, 331.9158935546875, 331.8448486328125, 331.7720947265625, 331.7008056640625, 331.627685546875, 331.5560302734375, 331.484130859375, 331.4117431640625, 331.3402099609375, 331.26806640625, 331.1968994140625, 331.12451171875, 331.0531005859375, 330.9820556640625, 330.9111328125, 330.8389892578125, 330.7681884765625, 330.6966552734375, 330.6256103515625, 330.5552978515625, 330.4835205078125, 330.4127197265625, 330.3419189453125, 330.2703857421875, 330.2005615234375, 330.130126953125, 330.0584716796875, 329.9896240234375, 329.91845703125, 329.8477783203125, 329.778076171875, 329.707275390625, 329.6378173828125, 329.5679931640625, 329.497802734375, 329.4271240234375, 329.3577880859375, 329.2872314453125, 329.2181396484375, 329.1488037109375, 329.077880859375, 329.009765625, 328.9407958984375, 328.870849609375, 328.80078125, 328.732177734375, 328.663818359375, 328.5948486328125, 328.5250244140625, 328.4571533203125, 328.38818359375, 328.3192138671875, 328.2506103515625, 328.18212890625, 328.1143798828125, 328.0467529296875, 327.9769287109375, 327.9085693359375, 327.8397216796875, 327.77197265625, 327.703857421875, 327.6357421875, 327.56787109375, 327.50048828125, 327.433349609375, 327.364501953125, 327.2972412109375, 327.2296142578125, 327.1624755859375, 327.0960693359375, 327.0291748046875, 326.9603271484375, 326.8929443359375, 326.825439453125, 326.759765625, 326.692626953125, 326.6251220703125, 326.5572509765625, 326.4908447265625, 326.4251708984375, 326.3575439453125, 326.290771484375, 326.2252197265625, 326.1580810546875, 326.0919189453125, 326.0262451171875, 325.959228515625, 325.892578125, 325.827392578125, 325.7613525390625, 325.694091796875, 325.6285400390625, 325.5626220703125, 325.4959716796875, 325.431396484375, 325.363525390625, 325.2989501953125, 325.232666015625, 325.16748046875, 325.100341796875, 325.0347900390625, 324.968994140625, 324.904541015625, 324.8392333984375, 324.77294921875, 324.7078857421875, 324.6427001953125, 324.5770263671875, 324.5120849609375, 324.4451904296875, 324.3809814453125, 324.3154296875, 324.251953125, 324.1866455078125, 324.12109375, 324.056884765625, 323.9915771484375, 323.9276123046875, 323.8616943359375, 323.796875, 323.7318115234375, 323.6673583984375, 323.60205078125, 323.5369873046875, 323.4739990234375, 323.4088134765625, 323.3448486328125, 323.280517578125, 323.2169189453125, 323.1517333984375, 323.087646484375, 323.024169921875, 322.9583740234375, 322.8941650390625, 322.8304443359375, 322.7655029296875, 322.7025146484375, 322.6370849609375, 322.5745849609375, 322.510009765625, 322.4461669921875, 322.3826904296875, 322.3182373046875, 322.2559814453125, 322.1932373046875, 322.1285400390625, 322.0660400390625, 322.001953125, 321.9384765625, 321.8759765625, 321.8121337890625, 321.7503662109375, 321.6873779296875, 321.6224365234375, 321.56103515625, 321.4986572265625, 321.4359130859375, 321.3720703125, 321.31005859375, 321.2469482421875, 321.184326171875, 321.1226806640625, 321.05908203125, 320.9974365234375, 320.9344482421875, 320.872314453125, 320.811279296875, 320.7489013671875, 320.687744140625, 320.6259765625, 320.5638427734375, 320.5035400390625, 320.442626953125, 320.38037109375, 320.3187255859375, 320.2576904296875, 320.1968994140625, 320.1358642578125, 320.07666015625, 320.015380859375, 319.95458984375, 319.89501953125, 319.8328857421875, 319.7738037109375, 319.713623046875, 319.6536865234375, 319.5931396484375, 319.534423828125, 319.4749755859375, 319.4144287109375, 319.3560791015625, 319.29638671875, 319.2379150390625, 319.1776123046875, 319.1204833984375, 319.0606689453125, 319.001953125, 318.9443359375, 318.8848876953125, 318.8262939453125, 318.769287109375, 318.7110595703125, 318.6529541015625, 318.5943603515625, 318.5377197265625, 318.4801025390625, 318.4241943359375, 318.3677978515625, 318.3109130859375, 318.2525634765625, 318.196044921875, 318.139404296875, 318.082275390625, 318.0277099609375, 317.97021484375, 317.9156494140625, 317.85986328125, 317.8037109375, 317.74951171875, 317.6922607421875, 317.6378173828125, 317.5841064453125, 317.52783203125, 317.4720458984375, 317.418212890625, 317.3646240234375, 317.310791015625, 317.2567138671875, 317.2022705078125, 317.1478271484375, 317.09619140625, 317.0419921875, 316.9886474609375, 316.935302734375, 316.8826904296875, 316.8282470703125, 316.77783203125, 316.724853515625, 316.6729736328125, 316.6197509765625, 316.569580078125, 316.5167236328125, 316.4649658203125, 316.4136962890625, 316.3619384765625, 316.310546875, 316.258544921875, 316.20947265625, 316.1588134765625, 316.107666015625, 316.0577392578125, 316.00830078125, 315.9583740234375, 315.9102783203125, 315.858642578125, 315.80908203125, 315.76171875, 315.709228515625, 315.6624755859375, 315.6141357421875, 315.5654296875, 315.517822265625, 315.470703125, 315.4232177734375, 315.3756103515625, 315.328125, 315.2808837890625, 315.2315673828125, 315.1859130859375, 315.1400146484375, 315.0926513671875, 315.0467529296875, 314.9998779296875, 314.9571533203125, 314.9090576171875, 314.86279296875, 314.8179931640625, 314.7734375, 314.72705078125, 314.6815185546875, 314.6370849609375, 314.5924072265625, 314.5462646484375, 314.5029296875, 314.4595947265625, 314.41455078125, 314.3714599609375, 314.3294677734375, 314.285400390625, 314.2415771484375, 314.1990966796875, 314.156982421875, 314.1148681640625, 314.0716552734375, 314.029541015625, 313.987060546875, 313.9459228515625, 313.9034423828125, 313.8623046875, 313.8203125, 313.7803955078125, 313.7398681640625, 313.6993408203125, 313.6583251953125, 313.6181640625, 313.577392578125, 313.5372314453125, 313.4991455078125, 313.4578857421875, 313.4207763671875, 313.3798828125, 313.3399658203125, 313.2996826171875, 313.2620849609375, 313.22412109375, 313.1854248046875, 313.147705078125, 313.111328125, 313.0703125, 313.0340576171875, 312.9967041015625, 312.9591064453125, 312.921630859375, 312.88427734375, 312.8468017578125, 312.8099365234375, 312.7744140625, 312.73681640625, 312.7012939453125, 312.6639404296875, 312.629150390625, 312.59326171875, 312.5582275390625, 312.523193359375, 312.4854736328125, 312.45166015625, 312.4168701171875, 312.3828125, 312.3482666015625, 312.3133544921875, 312.2796630859375, 312.2454833984375, 312.2119140625, 312.1766357421875, 312.143798828125, 312.11083984375, 312.07666015625, 312.0426025390625, 312.010986328125, 311.9779052734375, 311.945556640625, 311.9119873046875, 311.88037109375, 311.8470458984375, 311.81396484375, 311.7840576171875, 311.7503662109375, 311.7191162109375, 311.6895751953125, 311.6573486328125, 311.6243896484375, 311.5936279296875, 311.5621337890625, 311.53125, 311.500244140625, 311.4691162109375, 311.4385986328125, 311.4083251953125, 311.376953125, 311.34912109375, 311.31787109375, 311.2884521484375, 311.258056640625, 311.2293701171875, 311.19873046875, 311.1695556640625, 311.140380859375, 311.1103515625, 311.0830078125, 311.0538330078125, 311.0245361328125, 310.9969482421875, 310.96630859375, 310.9393310546875, 310.9100341796875, 310.8819580078125, 310.8529052734375, 310.8262939453125, 310.7987060546875, 310.77001953125, 310.7406005859375, 310.7166748046875, 310.686279296875, 310.66064453125, 310.6309814453125, 310.6043701171875, 310.5767822265625, 310.5506591796875, 310.524658203125, 310.4974365234375, 310.4700927734375, 310.44384765625, 310.4180908203125, 310.3907470703125, 310.365478515625, 310.3388671875, 310.3128662109375, 310.2852783203125, 310.259521484375, 310.233154296875, 310.2069091796875, 310.18212890625, 310.1578369140625, 310.1290283203125, 310.104248046875, 310.0799560546875, 310.0545654296875, 310.0260009765625, 310.0010986328125, 309.9755859375, 309.9510498046875, 309.9271240234375, 309.9019775390625, 309.8758544921875, 309.8514404296875, 309.8280029296875, 309.8021240234375, 309.779052734375, 309.7532958984375, 309.7276611328125, 309.7042236328125, 309.680419921875, 309.65869140625, 309.6324462890625, 309.6077880859375, 309.587158203125, 309.5615234375, 309.5367431640625, 309.512451171875, 309.4892578125, 309.4647216796875, 309.441650390625, 309.4185791015625, 309.3946533203125, 309.37158203125, 309.3487548828125, 309.3248291015625, 309.3021240234375, 309.276123046875, 309.2554931640625, 309.2327880859375, 309.2103271484375, 309.1851806640625, 309.1619873046875, 309.13818359375, 309.115478515625, 309.0938720703125, 309.0697021484375, 309.0462646484375, 309.0242919921875, 309.00341796875, 308.9771728515625, 308.9569091796875, 308.9359130859375, 308.9139404296875, 308.888427734375, 308.8671875, 308.844482421875, 308.8221435546875, 308.7991943359375, 308.7762451171875, 308.7576904296875, 308.734375, 308.71142578125, 308.6885986328125, 308.6663818359375, 308.64501953125, 308.6253662109375, 308.6002197265625, 308.5794677734375, 308.5592041015625, 308.536376953125, 308.513671875, 308.4932861328125, 308.47216796875, 308.4486083984375, 308.425537109375, 308.4061279296875, 308.383056640625, 308.362548828125, 308.339111328125, 308.3192138671875, 308.297607421875, 308.274658203125, 308.2576904296875, 308.23486328125, 308.2122802734375, 308.190185546875, 308.1700439453125, 308.1475830078125, 308.12841796875, 308.107421875, 308.084716796875, 308.064697265625, 308.0428466796875, 308.0201416015625, 308.0013427734375, 307.97900390625, 307.9569091796875, 307.9371337890625, 307.915283203125, 307.8936767578125, 307.8740234375, 307.8551025390625, 307.8336181640625, 307.8128662109375, 307.7904052734375, 307.7689208984375, 307.7481689453125, 307.72900390625, 307.7086181640625, 307.6885986328125, 307.667724609375, 307.6497802734375, 307.6241455078125, 307.60693359375, 307.5848388671875, 307.564697265625, 307.5445556640625, 307.5240478515625, 307.5035400390625, 307.4847412109375, 307.4656982421875, 307.44384765625, 307.423095703125, 307.4019775390625, 307.383544921875, 307.361572265625, 307.3424072265625, 307.3218994140625, 307.301025390625, 307.283447265625, 307.2620849609375, 307.2418212890625, 307.2215576171875, 307.203857421875, 307.185791015625, 307.1610107421875, 307.141357421875, 307.1220703125, 307.10400390625, 307.08056640625, 307.0640869140625, 307.044189453125, 307.0223388671875, 307.0052490234375, 306.984130859375, 306.9664306640625, 306.9481201171875, 306.927490234375, 306.9080810546875, 306.888427734375, 306.8687744140625, 306.8465576171875, 306.8262939453125, 306.810791015625, 306.790283203125, 306.771240234375, 306.7528076171875, 306.732177734375, 306.7113037109375, 306.69482421875, 306.6746826171875, 306.6541748046875, 306.6353759765625, 306.619384765625, 306.5997314453125, 306.5789794921875, 306.5574951171875, 306.5411376953125, 306.5242919921875, 306.503662109375, 306.4853515625, 306.4652099609375, 306.4462890625, 306.4290771484375, 306.4117431640625, 306.3900146484375, 306.3721923828125, 306.3543701171875, 306.334228515625, 306.3157958984375, 306.2984619140625, 306.279541015625, 306.2586669921875, 306.2425537109375, 306.22412109375, 306.205810546875, 306.1876220703125, 306.16943359375, 306.1505126953125, 306.133056640625, 306.1165771484375, 306.0975341796875, 306.078857421875, 306.0596923828125, 306.042236328125, 306.025634765625, 306.0057373046875, 305.9893798828125, 305.9722900390625, 305.9525146484375, 305.9376220703125, 305.9190673828125, 305.9007568359375, 305.880859375, 305.86376953125, 305.84814453125, 305.828125, 305.81005859375, 305.7935791015625, 305.774169921875, 305.7584228515625, 305.7410888671875, 305.7237548828125, 305.707275390625, 305.6881103515625, 305.6729736328125, 305.6529541015625, 305.637939453125, 305.6197509765625, 305.6038818359375, 305.587646484375, 305.5682373046875, 305.552490234375, 305.5350341796875, 305.5166015625, 305.501708984375, 305.4832763671875, 305.4661865234375, 305.4495849609375, 305.4317626953125, 305.4171142578125, 305.4012451171875, 305.3839111328125, 305.3682861328125, 305.3509521484375, 305.337158203125, 305.3194580078125, 305.29833984375, 305.2877197265625, 305.2716064453125, 305.252685546875, 305.2352294921875, 305.2186279296875, 305.202880859375, 305.1868896484375, 305.1705322265625, 305.1551513671875, 305.1390380859375, 305.1256103515625, 305.10791015625, 305.088623046875, 305.0753173828125, 305.0592041015625, 305.0462646484375, 305.0284423828125, 305.0135498046875, 304.9957275390625, 304.9840087890625, 304.967041015625, 304.9505615234375, 304.9349365234375, 304.9195556640625, 304.909423828125, 304.8912353515625, 304.8731689453125, 304.8603515625, 304.842041015625, 304.8272705078125, 304.81298828125, 304.7957763671875, 304.7808837890625, 304.7694091796875, 304.7515869140625, 304.7369384765625, 304.7239990234375, 304.70703125, 304.6927490234375, 304.6773681640625, 304.6651611328125, 304.6451416015625, 304.63427734375, 304.6168212890625, 304.6041259765625, 304.5888671875, 304.5733642578125, 304.5606689453125, 304.5465087890625, 304.5308837890625, 304.5155029296875, 304.501708984375, 304.484619140625, 304.471435546875, 304.46044921875, 304.4459228515625, 304.4298095703125, 304.4146728515625, 304.4029541015625, 304.3870849609375, 304.3736572265625, 304.3592529296875, 304.345458984375, 304.3284912109375, 304.316650390625, 304.3016357421875, 304.286865234375, 304.2733154296875, 304.2589111328125, 304.2467041015625, 304.229736328125, 304.2156982421875, 304.2008056640625, 304.1917724609375, 304.17529296875, 304.162353515625, 304.1488037109375, 304.1331787109375, 304.1182861328125, 304.107666015625, 304.0919189453125, 304.0784912109375, 304.0682373046875, 304.0589599609375, 304.0411376953125, 304.02685546875, 304.0164794921875, 304.0023193359375, 303.989013671875, 303.9742431640625, 303.9617919921875, 303.9493408203125, 303.932861328125, 303.915771484375, 303.905517578125, 303.889404296875, 303.8795166015625, 303.8653564453125, 303.8502197265625, 303.8375244140625, 303.8251953125, 303.8115234375, 303.798583984375, 303.7816162109375, 303.7696533203125, 303.7579345703125, 303.7440185546875, 303.731689453125, 303.7193603515625, 303.7049560546875, 303.688720703125, 303.678955078125, 303.6661376953125, 303.65283203125, 303.642578125, 303.6268310546875, 303.6162109375, 303.6043701171875, 303.5892333984375, 303.5750732421875, 303.5634765625, 303.5552978515625, 303.5330810546875, 303.5255126953125, 303.509521484375, 303.5018310546875, 303.4886474609375, 303.4747314453125, 303.46337890625, 303.449462890625, 303.4375, 303.4239501953125, 303.4129638671875, 303.3980712890625, 303.3863525390625, 303.3712158203125, 303.3587646484375, 303.3436279296875, 303.3330078125, 303.3214111328125, 303.3070068359375, 303.2947998046875, 303.2840576171875, 303.2733154296875, 303.2586669921875, 303.2486572265625, 303.23291015625, 303.2205810546875, 303.2098388671875, 303.197021484375, 303.1839599609375, 303.1661376953125, 303.1580810546875, 303.1439208984375, 303.1336669921875, 303.121826171875, 303.1080322265625, 303.0928955078125, 303.0850830078125, 303.072265625, 303.0587158203125, 303.041259765625, 303.0341796875, 303.017822265625, 303.0059814453125, 302.9981689453125, 302.9822998046875, 302.9713134765625, 302.9598388671875, 302.9471435546875, 302.93017578125, 302.9202880859375, 302.9071044921875, 302.8975830078125, 302.880859375, 302.8709716796875, 302.8546142578125, 302.8436279296875, 302.8353271484375, 302.8211669921875, 302.8074951171875, 302.7977294921875, 302.7845458984375, 302.772216796875, 302.764404296875, 302.7489013671875, 302.7359619140625, 302.7237548828125, 302.7064208984375, 302.6971435546875, 302.6842041015625, 302.6759033203125, 302.6600341796875, 302.6475830078125, 302.635498046875, 302.6241455078125, 302.610107421875, 302.5947265625, 302.586669921875, 302.57421875, 302.55908203125, 302.5455322265625, 302.5335693359375, 302.52392578125, 302.5081787109375, 302.4964599609375, 302.4814453125, 302.4708251953125, 302.45654296875, 302.4493408203125, 302.4351806640625, 302.4195556640625, 302.410888671875, 302.39990234375, 302.388427734375, 302.3734130859375, 302.3612060546875, 302.3460693359375, 302.3328857421875, 302.3221435546875, 302.3096923828125, 302.29638671875, 302.282470703125, 302.2723388671875, 302.2562255859375, 302.2418212890625, 302.233154296875, 302.2216796875, 302.208984375, 302.1982421875, 302.183349609375, 302.1712646484375, 302.1583251953125, 302.145751953125, 302.1304931640625, 302.1199951171875, 302.1046142578125, 302.095458984375, 302.078369140625, 302.0684814453125, 302.0511474609375, 302.0430908203125, 302.0328369140625, 302.018310546875, 302.0087890625, 301.9915771484375, 301.980712890625, 301.9686279296875, 301.954345703125, 301.94140625, 301.9273681640625, 301.917236328125, 301.9000244140625, 301.8880615234375, 301.8759765625, 301.8623046875, 301.85302734375, 301.83837890625, 301.8251953125, 301.814697265625, 301.8011474609375, 301.7850341796875, 301.7725830078125, 301.76318359375, 301.750732421875, 301.7322998046875, 301.718994140625, 301.7034912109375, 301.6951904296875, 301.680419921875, 301.6661376953125, 301.65625, 301.6434326171875, 301.630126953125, 301.614501953125, 301.6011962890625, 301.5899658203125, 301.577880859375, 301.5657958984375, 301.5489501953125, 301.5382080078125, 301.526123046875, 301.5133056640625, 301.4970703125, 301.4844970703125, 301.472412109375, 301.4569091796875, 301.4432373046875, 301.4356689453125, 301.4210205078125, 301.4046630859375, 301.3909912109375, 301.3802490234375, 301.3638916015625, 301.3533935546875, 301.3409423828125, 301.3250732421875, 301.3114013671875, 301.2978515625, 301.2882080078125, 301.2772216796875, 301.2630615234375, 301.24609375, 301.2320556640625, 301.21923828125, 301.2025146484375, 301.1904296875, 301.177490234375, 301.1641845703125, 301.1549072265625, 301.1348876953125, 301.1231689453125, 301.1075439453125, 301.1031494140625, 301.0855712890625, 301.0687255859375, 301.05908203125, 301.0411376953125, 301.03173828125, 301.012451171875, 301.0037841796875, 300.989990234375, 300.9775390625, 300.9581298828125, 300.945556640625, 300.9281005859375, 300.9151611328125, 300.9007568359375, 300.8887939453125, 300.8741455078125, 300.8641357421875, 300.8480224609375, 300.8350830078125, 300.8262939453125, 300.813232421875, 300.7916259765625, 300.77978515625, 300.76806640625, 300.7498779296875, 300.7388916015625, 300.7247314453125, 300.708740234375, 300.6934814453125, 300.6812744140625, 300.666015625, 300.6546630859375, 300.6385498046875, 300.62646484375, 300.610595703125, 300.597412109375, 300.58349609375, 300.567626953125, 300.5557861328125, 300.5426025390625, 300.5267333984375, 300.5140380859375, 300.49365234375, 300.4852294921875, 300.475830078125, 300.458251953125, 300.4412841796875, 300.4329833984375, 300.413818359375, 300.4010009765625, 300.3858642578125, 300.3726806640625, 300.3564453125, 300.3460693359375, 300.3267822265625, 300.3111572265625, 300.2987060546875, 300.2816162109375, 300.2681884765625, 300.2574462890625, 300.2353515625, 300.226806640625, 300.2169189453125, 300.2015380859375, 300.1875, 300.1690673828125, 300.1566162109375, 300.1414794921875, 300.1273193359375, 300.115478515625, 300.09521484375, 300.083740234375, 300.0689697265625, 300.0606689453125, 300.04052734375, 300.02734375, 300.0069580078125, 300.0015869140625, 299.9794921875, 299.9697265625, 299.95068359375, 299.9400634765625, 299.9210205078125, 299.9112548828125, 299.8974609375, 299.8780517578125, 299.86767578125, 299.85595703125, 299.837890625, 299.8280029296875, 299.811279296875, 299.7950439453125, 299.77392578125, 299.763427734375, 299.7550048828125, 299.736572265625, 299.7210693359375, 299.7071533203125, 299.6895751953125, 299.67578125, 299.6639404296875, 299.6510009765625, 299.6348876953125, 299.6197509765625, 299.6038818359375, 299.5894775390625, 299.5760498046875, 299.5616455078125, 299.544677734375, 299.5302734375, 299.5164794921875, 299.50244140625, 299.486328125, 299.4749755859375, 299.458984375, 299.447998046875, 299.4332275390625, 299.4180908203125, 299.398193359375, 299.3861083984375, 299.3740234375, 299.3560791015625, 299.3453369140625, 299.330078125, 299.31298828125, 299.3011474609375, 299.2822265625, 299.2689208984375, 299.253662109375, 299.2425537109375, 299.2266845703125, 299.20751953125, 299.1943359375, 299.1756591796875, 299.1651611328125, 299.1500244140625, 299.140380859375, 299.1251220703125, 299.1082763671875, 299.09326171875, 299.0784912109375, 299.06005859375, 299.0465087890625, 299.0386962890625, 299.0206298828125, 299.010498046875, 298.9967041015625, 298.9766845703125, 298.960693359375, 298.947021484375, 298.9345703125, 298.9227294921875, 298.9097900390625, 298.894287109375, 298.8779296875, 298.8651123046875, 298.8519287109375, 298.830322265625, 298.8192138671875, 298.805419921875, 298.79541015625, 298.7772216796875, 298.76171875, 298.7449951171875, 298.7337646484375, 298.7200927734375, 298.7022705078125, 298.68701171875, 298.6776123046875, 298.666015625, 298.6495361328125, 298.634033203125, 298.6212158203125, 298.6033935546875, 298.5885009765625, 298.5733642578125, 298.5638427734375, 298.548583984375, 298.5406494140625, 298.51416015625, 298.5028076171875, 298.49365234375, 298.4786376953125, 298.4620361328125, 298.4482421875, 298.43310546875, 298.4217529296875, 298.40966796875, 298.3939208984375, 298.3785400390625, 298.3651123046875, 298.3487548828125, 298.343017578125, 298.3240966796875, 298.3125, 298.2957763671875, 298.2877197265625, 298.2725830078125, 298.2578125, 298.2408447265625, 298.2291259765625, 298.218994140625, 298.1998291015625, 298.1878662109375, 298.1729736328125, 298.161865234375, 298.151611328125, 298.1336669921875, 298.12109375, 298.1046142578125, 298.092041015625, 298.0860595703125, 298.072265625, 298.05419921875, 298.04052734375, 298.0260009765625, 298.0211181640625, 298.0059814453125, 297.99267578125, 297.9747314453125, 297.9615478515625, 297.9462890625, 297.93603515625, 297.9232177734375, 297.9091796875, 297.8905029296875, 297.8814697265625, 297.87548828125, 297.8570556640625, 297.8414306640625, 297.827392578125, 297.821533203125, 297.8013916015625, 297.792724609375, 297.7801513671875, 297.76806640625, 297.7530517578125, 297.7435302734375, 297.7330322265625, 297.7210693359375, 297.7071533203125, 297.6956787109375, 297.6767578125, 297.6641845703125, 297.65185546875, 297.6397705078125, 297.6318359375, 297.622802734375, 297.60888671875, 297.584228515625, 297.5782470703125, 297.5628662109375, 297.5516357421875, 297.5411376953125, 297.5235595703125, 297.5115966796875, 297.5037841796875, 297.489990234375, 297.4791259765625, 297.4691162109375, 297.4527587890625, 297.4437255859375, 297.427490234375, 297.4171142578125, 297.4095458984375, 297.393798828125, 297.3848876953125, 297.36962890625, 297.359375, 297.3424072265625, 297.3397216796875, 297.3204345703125, 297.313232421875, 297.30224609375, 297.2877197265625, 297.2784423828125, 297.2623291015625, 297.2515869140625, 297.2454833984375, 297.2313232421875, 297.21923828125, 297.2059326171875, 297.196533203125, 297.1824951171875, 297.1734619140625, 297.1573486328125, 297.1539306640625, 297.1353759765625, 297.1243896484375, 297.1080322265625, 297.102294921875, 297.0914306640625, 297.0828857421875, 297.0711669921875, 297.0587158203125, 297.049072265625, 297.0389404296875, 297.0262451171875, 297.0179443359375, 297.004150390625, 296.9969482421875, 296.9847412109375, 296.9725341796875, 296.9610595703125, 296.9527587890625, 296.936279296875, 296.9287109375, 296.92431640625, 296.9083251953125, 296.8917236328125, 296.8836669921875, 296.87548828125, 296.8658447265625, 296.857421875, 296.8458251953125, 296.8404541015625, 296.8289794921875, 296.819091796875, 296.8045654296875, 296.79541015625, 296.7825927734375, 296.7720947265625, 296.7564697265625, 296.7496337890625, 296.7447509765625, 296.7332763671875, 296.7216796875, 296.7120361328125, 296.7017822265625, 296.688232421875, 296.6829833984375, 296.6751708984375, 296.66162109375, 296.6585693359375, 296.6370849609375, 296.62890625, 296.6165771484375, 296.605712890625, 296.6015625, 296.5936279296875, 296.583251953125, 296.5726318359375, 296.5645751953125, 296.5511474609375, 296.547119140625, 296.5355224609375, 296.5303955078125, 296.5203857421875, 296.5052490234375, 296.4981689453125, 296.48583984375, 296.47607421875, 296.4669189453125, 296.45751953125, 296.447998046875, 296.4429931640625, 296.4342041015625, 296.4195556640625, 296.4114990234375, 296.4039306640625, 296.3929443359375, 296.3868408203125, 296.376708984375, 296.3653564453125, 296.3564453125, 296.347900390625, 296.34130859375, 296.3333740234375, 296.320068359375, 296.3114013671875, 296.3038330078125, 296.2965087890625, 296.2845458984375, 296.2742919921875, 296.2657470703125, 296.256591796875, 296.2525634765625, 296.2401123046875, 296.2327880859375, 296.2247314453125, 296.2119140625, 296.20703125, 296.2020263671875, 296.1905517578125, 296.18017578125, 296.1702880859375, 296.1661376953125, 296.1561279296875, 296.1468505859375, 296.1368408203125, 296.1300048828125, 296.12158203125, 296.1119384765625, 296.107421875, 296.0938720703125, 296.0875244140625, 296.0809326171875, 296.0679931640625, 296.064453125, 296.056396484375, 296.0487060546875, 296.0384521484375, 296.025390625, 296.02734375, 296.016357421875, 296.0040283203125, 295.9906005859375, 295.9869384765625, 295.9774169921875, 295.971435546875, 295.9593505859375, 295.9610595703125, 295.94580078125, 295.9403076171875, 295.9346923828125, 295.9227294921875, 295.9178466796875, 295.910400390625, 295.8997802734375, 295.8897705078125, 295.8892822265625, 295.8792724609375, 295.8739013671875, 295.867431640625, 295.8602294921875, 295.8521728515625, 295.8414306640625, 295.8387451171875, 295.8309326171875, 295.8240966796875, 295.8082275390625, 295.7979736328125, 295.79736328125, 295.7825927734375, 295.785400390625, 295.771728515625, 295.7701416015625, 295.758056640625, 295.74658203125, 295.738525390625, 295.7335205078125, 295.7286376953125, 295.7274169921875, 295.7164306640625, 295.710205078125, 295.7003173828125, 295.6982421875, 295.6890869140625, 295.6783447265625, 295.6661376953125, 295.663818359375, 295.652587890625, 295.6444091796875, 295.6353759765625, 295.635009765625, 295.621337890625, 295.618896484375, 295.6121826171875, 295.6065673828125, 295.5965576171875, 295.5794677734375, 295.57275390625, 295.5780029296875, 295.5662841796875, 295.56396484375, 295.5501708984375, 295.5494384765625, 295.541015625, 295.5367431640625, 295.5296630859375, 295.5252685546875, 295.52001953125, 295.511962890625, 295.5045166015625, 295.5047607421875, 295.4921875, 295.478515625, 295.4739990234375, 295.4697265625, 295.45166015625, 295.4530029296875, 295.45068359375, 295.4378662109375, 295.4310302734375, 295.428955078125, 295.421875, 295.4217529296875, 295.401611328125, 295.4080810546875, 295.40234375, 295.3927001953125, 295.3792724609375, 295.3636474609375, 295.364013671875, 295.3665771484375, 295.3594970703125, 295.3492431640625, 295.3387451171875, 295.3431396484375, 295.3408203125, 295.3203125, 295.3236083984375, 295.31005859375, 295.3057861328125, 295.3048095703125, 295.3018798828125, 295.2886962890625, 295.2833251953125, 295.280029296875, 295.2713623046875, 295.2666015625, 295.262451171875, 295.2579345703125, 295.2413330078125, 295.2440185546875, 295.235595703125, 295.2220458984375, 295.2183837890625, 295.2042236328125, 295.2061767578125, 295.197265625, 295.193115234375, 295.1890869140625, 295.1761474609375, 295.1693115234375, 295.1722412109375, 295.1602783203125, 295.15087890625, 295.1474609375, 295.1419677734375, 295.131591796875, 295.1273193359375, 295.1243896484375, 295.1209716796875, 295.114013671875, 295.1060791015625, 295.1036376953125, 295.0989990234375, 295.0906982421875, 295.0789794921875, 295.0914306640625, 295.0723876953125, 295.0657958984375, 295.055908203125, 295.04638671875, 295.048828125, 295.0440673828125, 295.0421142578125, 295.041259765625, 295.0286865234375, 295.0296630859375, 295.0233154296875, 295.010498046875, 295.009765625, 295.0008544921875, 294.9903564453125, 294.9912109375, 294.9986572265625, 294.976318359375, 294.975341796875, 294.9720458984375, 294.9639892578125, 294.9429931640625, 294.93994140625, 294.9405517578125, 294.9447021484375, 294.9373779296875, 294.93115234375, 294.9244384765625, 294.9158935546875, 294.9049072265625, 294.9080810546875, 294.899658203125, 294.8892822265625, 294.8909912109375, 294.8758544921875, 294.868896484375, 294.859130859375, 294.8599853515625, 294.8555908203125, 294.8441162109375, 294.8394775390625, 294.8370361328125, 294.830322265625, 294.8277587890625, 294.8109130859375, 294.8184814453125, 294.8026123046875, 294.8062744140625, 294.8062744140625, 294.7965087890625, 294.7923583984375, 294.780029296875, 294.774658203125, 294.7725830078125, 294.762939453125, 294.7552490234375, 294.760009765625, 294.7489013671875, 294.745849609375, 294.7381591796875, 294.7342529296875, 294.7332763671875, 294.720458984375, 294.7099609375, 294.7047119140625, 294.7047119140625, 294.70166015625, 294.696044921875, 294.6898193359375, 294.681640625, 294.679931640625, 294.681640625, 294.672607421875, 294.6666259765625, 294.6676025390625, 294.654541015625, 294.653076171875, 294.6463623046875, 294.6395263671875, 294.6356201171875, 294.6241455078125, 294.626220703125, 294.613525390625, 294.6146240234375, 294.6092529296875, 294.595703125, 294.5931396484375, 294.58935546875, 294.583984375, 294.57568359375, 294.5762939453125, 294.5738525390625, 294.5758056640625, 294.5684814453125, 294.5745849609375, 294.5570068359375, 294.5487060546875, 294.545166015625, 294.5389404296875, 294.52685546875, 294.5206298828125, 294.5238037109375, 294.5179443359375, 294.5142822265625, 294.49853515625, 294.50146484375, 294.4957275390625, 294.4896240234375, 294.49560546875, 294.4864501953125, 294.4725341796875, 294.4617919921875, 294.45166015625, 294.45654296875, 294.4566650390625, 294.4439697265625, 294.4390869140625, 294.430419921875, 294.4261474609375, 294.4261474609375, 294.4246826171875, 294.4219970703125, 294.4068603515625, 294.4078369140625, 294.4007568359375, 294.402587890625, 294.4014892578125, 294.3968505859375, 294.393310546875, 294.3782958984375, 294.3817138671875, 294.37353515625, 294.3739013671875, 294.3670654296875, 294.3558349609375, 294.3486328125, 294.3465576171875, 294.35400390625, 294.341552734375, 294.3328857421875, 294.335693359375, 294.3306884765625, 294.330322265625, 294.317138671875, 294.32177734375, 294.3070068359375, 294.3092041015625, 294.299560546875, 294.2957763671875, 294.2938232421875, 294.2882080078125, 294.2725830078125, 294.2728271484375, 294.2738037109375, 294.256591796875, 294.26123046875, 294.2547607421875, 294.247802734375, 294.2332763671875, 294.2275390625, 294.232177734375, 294.2347412109375, 294.23095703125, 294.2186279296875, 294.2139892578125, 294.2110595703125, 294.2049560546875, 294.1912841796875, 294.1944580078125, 294.1876220703125, 294.1820068359375, 294.17138671875, 294.1683349609375]}
Warning: Cholesky failed, using eigendecomposition fallback
{'mse': 0.07791148126125336, 'rmse': 0.27912628650665283, 'test_ll': -1006797.8125, 'total_test_ll': -25169944576.0}
/cluster/tufts/hugheslab/swilli26/stat-patt-final/gp_vs_sngp/results/hyperparam_search/GP/Friedman_1500_5001/logs
/cluster/tufts/hugheslab/swilli26/stat-patt-final/gp_vs_sngp/results/hyperparam_search/logs/GP_VS_SNGP_25028913.out
/cluster/tufts/hugheslab/swilli26/stat-patt-final/gp_vs_sngp/results/hyperparam_search/logs/GP_VS_SNGP_25028913.err
