Starting imports...
Importing argparse...
Importing torch...
Importing os...
Importing sngp.train and sngp.model...
Importing gaussian_process...
Importing dataset...
Importing json...
ALL IMPORTS COMPLETE!
Parsing arguments...
Arguments parsed! Running GP on CrazySin with N=1500
Checking CUDA availability...
Using CPU
Making Datasets...
Making Model...
Training Gaussian Process...
Iter   0 | Loss: 17103.781 | lengthscale: 0.990 | outputscale: 1.010 | noise: 0.202
Iter  10 | Loss: 13870.134 | lengthscale: 0.896 | outputscale: 1.116 | noise: 0.223
Iter  20 | Loss: 11250.197 | lengthscale: 0.804 | outputscale: 1.240 | noise: 0.245
Iter  30 | Loss: 8854.186 | lengthscale: 0.712 | outputscale: 1.395 | noise: 0.267
Iter  40 | Loss: 5792.374 | lengthscale: 0.619 | outputscale: 1.600 | noise: 0.287
Iter  50 | Loss: 3705.843 | lengthscale: 0.540 | outputscale: 1.831 | noise: 0.303
Iter  60 | Loss: 2797.910 | lengthscale: 0.488 | outputscale: 2.030 | noise: 0.315
Iter  70 | Loss: 1602.788 | lengthscale: 0.440 | outputscale: 2.231 | noise: 0.323
Iter  80 | Loss:  355.068 | lengthscale: 0.392 | outputscale: 2.477 | noise: 0.327
Iter  90 | Loss:   16.518 | lengthscale: 0.362 | outputscale: 2.680 | noise: 0.326
Iter 100 | Loss:  -62.827 | lengthscale: 0.346 | outputscale: 2.805 | noise: 0.325
Iter 110 | Loss:  -96.331 | lengthscale: 0.338 | outputscale: 2.881 | noise: 0.322
Iter 120 | Loss: -118.746 | lengthscale: 0.333 | outputscale: 2.930 | noise: 0.319
Iter 130 | Loss: -137.752 | lengthscale: 0.330 | outputscale: 2.966 | noise: 0.316
Iter 140 | Loss: -155.587 | lengthscale: 0.327 | outputscale: 2.996 | noise: 0.312
Iter 150 | Loss: -173.032 | lengthscale: 0.325 | outputscale: 3.022 | noise: 0.309
Iter 160 | Loss: -190.394 | lengthscale: 0.323 | outputscale: 3.045 | noise: 0.305
Iter 170 | Loss: -207.810 | lengthscale: 0.322 | outputscale: 3.067 | noise: 0.302
Iter 180 | Loss: -225.351 | lengthscale: 0.320 | outputscale: 3.088 | noise: 0.298
Iter 190 | Loss: -243.049 | lengthscale: 0.318 | outputscale: 3.107 | noise: 0.294
Iter 200 | Loss: -260.925 | lengthscale: 0.317 | outputscale: 3.125 | noise: 0.291
Iter 210 | Loss: -278.995 | lengthscale: 0.316 | outputscale: 3.142 | noise: 0.287
Iter 220 | Loss: -297.259 | lengthscale: 0.314 | outputscale: 3.159 | noise: 0.283
Iter 230 | Loss: -315.722 | lengthscale: 0.313 | outputscale: 3.174 | noise: 0.279
Iter 240 | Loss: -334.376 | lengthscale: 0.312 | outputscale: 3.189 | noise: 0.275
Iter 250 | Loss: -353.213 | lengthscale: 0.311 | outputscale: 3.202 | noise: 0.272
Iter 260 | Loss: -372.240 | lengthscale: 0.310 | outputscale: 3.215 | noise: 0.268
Iter 270 | Loss: -391.433 | lengthscale: 0.309 | outputscale: 3.228 | noise: 0.264
Iter 280 | Loss: -410.779 | lengthscale: 0.308 | outputscale: 3.239 | noise: 0.260
Iter 290 | Loss: -430.277 | lengthscale: 0.307 | outputscale: 3.250 | noise: 0.256
Iter 300 | Loss: -449.920 | lengthscale: 0.307 | outputscale: 3.261 | noise: 0.252
Iter 310 | Loss: -469.667 | lengthscale: 0.306 | outputscale: 3.270 | noise: 0.248
Iter 320 | Loss: -489.521 | lengthscale: 0.305 | outputscale: 3.280 | noise: 0.244
Iter 330 | Loss: -509.479 | lengthscale: 0.304 | outputscale: 3.288 | noise: 0.240
Iter 340 | Loss: -529.488 | lengthscale: 0.304 | outputscale: 3.296 | noise: 0.236
Iter 350 | Loss: -549.557 | lengthscale: 0.303 | outputscale: 3.304 | noise: 0.233
Iter 360 | Loss: -569.672 | lengthscale: 0.302 | outputscale: 3.311 | noise: 0.229
Iter 370 | Loss: -589.790 | lengthscale: 0.302 | outputscale: 3.318 | noise: 0.225
Iter 380 | Loss: -609.909 | lengthscale: 0.301 | outputscale: 3.324 | noise: 0.221
Iter 390 | Loss: -630.008 | lengthscale: 0.301 | outputscale: 3.329 | noise: 0.218
Iter 400 | Loss: -650.050 | lengthscale: 0.300 | outputscale: 3.335 | noise: 0.214
Iter 410 | Loss: -670.038 | lengthscale: 0.300 | outputscale: 3.340 | noise: 0.210
Iter 420 | Loss: -689.935 | lengthscale: 0.299 | outputscale: 3.344 | noise: 0.207
Iter 430 | Loss: -709.717 | lengthscale: 0.299 | outputscale: 3.348 | noise: 0.203
Iter 440 | Loss: -729.379 | lengthscale: 0.298 | outputscale: 3.352 | noise: 0.200
Iter 450 | Loss: -748.876 | lengthscale: 0.298 | outputscale: 3.355 | noise: 0.196
Iter 460 | Loss: -768.197 | lengthscale: 0.297 | outputscale: 3.358 | noise: 0.193
Iter 470 | Loss: -787.314 | lengthscale: 0.297 | outputscale: 3.361 | noise: 0.189
Iter 480 | Loss: -806.197 | lengthscale: 0.297 | outputscale: 3.363 | noise: 0.186
Iter 490 | Loss: -824.842 | lengthscale: 0.296 | outputscale: 3.365 | noise: 0.183
Iter 500 | Loss: -843.220 | lengthscale: 0.296 | outputscale: 3.367 | noise: 0.180
Iter 510 | Loss: -861.304 | lengthscale: 0.296 | outputscale: 3.369 | noise: 0.177
Iter 520 | Loss: -879.061 | lengthscale: 0.295 | outputscale: 3.370 | noise: 0.174
Iter 530 | Loss: -896.466 | lengthscale: 0.295 | outputscale: 3.371 | noise: 0.171
Iter 540 | Loss: -913.542 | lengthscale: 0.295 | outputscale: 3.372 | noise: 0.168
Iter 550 | Loss: -930.214 | lengthscale: 0.295 | outputscale: 3.372 | noise: 0.165
Iter 560 | Loss: -946.482 | lengthscale: 0.294 | outputscale: 3.372 | noise: 0.162
Iter 570 | Loss: -962.332 | lengthscale: 0.294 | outputscale: 3.372 | noise: 0.159
Iter 580 | Loss: -977.761 | lengthscale: 0.294 | outputscale: 3.372 | noise: 0.157
Iter 590 | Loss: -992.703 | lengthscale: 0.294 | outputscale: 3.372 | noise: 0.154
Iter 600 | Loss: -1007.170 | lengthscale: 0.293 | outputscale: 3.371 | noise: 0.151
Iter 610 | Loss: -1021.150 | lengthscale: 0.293 | outputscale: 3.370 | noise: 0.149
Iter 620 | Loss: -1034.666 | lengthscale: 0.293 | outputscale: 3.370 | noise: 0.147
Iter 630 | Loss: -1047.620 | lengthscale: 0.293 | outputscale: 3.368 | noise: 0.144
Iter 640 | Loss: -1060.077 | lengthscale: 0.293 | outputscale: 3.367 | noise: 0.142
Iter 650 | Loss: -1071.986 | lengthscale: 0.293 | outputscale: 3.366 | noise: 0.140
Iter 660 | Loss: -1083.393 | lengthscale: 0.292 | outputscale: 3.364 | noise: 0.138
Iter 670 | Loss: -1094.233 | lengthscale: 0.292 | outputscale: 3.362 | noise: 0.136
Iter 680 | Loss: -1104.552 | lengthscale: 0.292 | outputscale: 3.360 | noise: 0.134
Iter 690 | Loss: -1114.327 | lengthscale: 0.292 | outputscale: 3.358 | noise: 0.132
Iter 700 | Loss: -1123.591 | lengthscale: 0.292 | outputscale: 3.356 | noise: 0.130
Iter 710 | Loss: -1132.277 | lengthscale: 0.292 | outputscale: 3.354 | noise: 0.128
Iter 720 | Loss: -1140.439 | lengthscale: 0.292 | outputscale: 3.351 | noise: 0.127
Iter 730 | Loss: -1148.149 | lengthscale: 0.291 | outputscale: 3.349 | noise: 0.125
Iter 740 | Loss: -1155.333 | lengthscale: 0.291 | outputscale: 3.346 | noise: 0.123
Iter 750 | Loss: -1162.048 | lengthscale: 0.291 | outputscale: 3.343 | noise: 0.122
Iter 760 | Loss: -1168.265 | lengthscale: 0.291 | outputscale: 3.340 | noise: 0.120
Iter 770 | Loss: -1174.019 | lengthscale: 0.291 | outputscale: 3.337 | noise: 0.119
Iter 780 | Loss: -1179.359 | lengthscale: 0.291 | outputscale: 3.334 | noise: 0.118
Iter 790 | Loss: -1184.286 | lengthscale: 0.291 | outputscale: 3.331 | noise: 0.117
Iter 800 | Loss: -1188.790 | lengthscale: 0.291 | outputscale: 3.328 | noise: 0.115
Iter 810 | Loss: -1192.915 | lengthscale: 0.291 | outputscale: 3.325 | noise: 0.114
Iter 820 | Loss: -1196.712 | lengthscale: 0.291 | outputscale: 3.321 | noise: 0.113
Iter 830 | Loss: -1200.050 | lengthscale: 0.291 | outputscale: 3.318 | noise: 0.112
Iter 840 | Loss: -1203.160 | lengthscale: 0.290 | outputscale: 3.314 | noise: 0.111
Iter 850 | Loss: -1205.991 | lengthscale: 0.290 | outputscale: 3.311 | noise: 0.110
Iter 860 | Loss: -1208.451 | lengthscale: 0.290 | outputscale: 3.307 | noise: 0.109
Iter 870 | Loss: -1210.777 | lengthscale: 0.290 | outputscale: 3.303 | noise: 0.109
Iter 880 | Loss: -1212.841 | lengthscale: 0.290 | outputscale: 3.300 | noise: 0.108
Iter 890 | Loss: -1214.690 | lengthscale: 0.290 | outputscale: 3.296 | noise: 0.107
Iter 900 | Loss: -1216.275 | lengthscale: 0.290 | outputscale: 3.292 | noise: 0.106
Iter 910 | Loss: -1217.722 | lengthscale: 0.290 | outputscale: 3.288 | noise: 0.106
Iter 920 | Loss: -1218.975 | lengthscale: 0.290 | outputscale: 3.284 | noise: 0.105
Iter 930 | Loss: -1220.118 | lengthscale: 0.290 | outputscale: 3.280 | noise: 0.105
Iter 940 | Loss: -1221.128 | lengthscale: 0.290 | outputscale: 3.276 | noise: 0.104
Iter 950 | Loss: -1222.032 | lengthscale: 0.290 | outputscale: 3.272 | noise: 0.103
Iter 960 | Loss: -1222.668 | lengthscale: 0.290 | outputscale: 3.268 | noise: 0.103
Iter 970 | Loss: -1223.411 | lengthscale: 0.290 | outputscale: 3.264 | noise: 0.103
Iter 980 | Loss: -1223.939 | lengthscale: 0.289 | outputscale: 3.259 | noise: 0.102
Iter 990 | Loss: -1224.461 | lengthscale: 0.289 | outputscale: 3.255 | noise: 0.102
Iter 1000 | Loss: -1224.843 | lengthscale: 0.289 | outputscale: 3.251 | noise: 0.101
Iter 1010 | Loss: -1225.259 | lengthscale: 0.289 | outputscale: 3.247 | noise: 0.101
Iter 1020 | Loss: -1225.576 | lengthscale: 0.289 | outputscale: 3.242 | noise: 0.101
Iter 1030 | Loss: -1225.931 | lengthscale: 0.289 | outputscale: 3.238 | noise: 0.100
Iter 1040 | Loss: -1226.145 | lengthscale: 0.289 | outputscale: 3.234 | noise: 0.100
Iter 1050 | Loss: -1226.323 | lengthscale: 0.289 | outputscale: 3.230 | noise: 0.100
Iter 1060 | Loss: -1226.595 | lengthscale: 0.289 | outputscale: 3.226 | noise: 0.100
Iter 1070 | Loss: -1226.733 | lengthscale: 0.289 | outputscale: 3.221 | noise: 0.100
Iter 1080 | Loss: -1226.863 | lengthscale: 0.289 | outputscale: 3.217 | noise: 0.099
Iter 1090 | Loss: -1226.907 | lengthscale: 0.289 | outputscale: 3.213 | noise: 0.099
Iter 1100 | Loss: -1227.085 | lengthscale: 0.289 | outputscale: 3.208 | noise: 0.099
Iter 1110 | Loss: -1227.093 | lengthscale: 0.289 | outputscale: 3.204 | noise: 0.099
Iter 1120 | Loss: -1227.154 | lengthscale: 0.288 | outputscale: 3.200 | noise: 0.099
Iter 1130 | Loss: -1227.300 | lengthscale: 0.288 | outputscale: 3.195 | noise: 0.099
Iter 1140 | Loss: -1227.309 | lengthscale: 0.288 | outputscale: 3.191 | noise: 0.098
Iter 1150 | Loss: -1227.302 | lengthscale: 0.288 | outputscale: 3.187 | noise: 0.098
Iter 1160 | Loss: -1227.361 | lengthscale: 0.288 | outputscale: 3.183 | noise: 0.098
Iter 1170 | Loss: -1227.277 | lengthscale: 0.288 | outputscale: 3.178 | noise: 0.098
Iter 1180 | Loss: -1227.456 | lengthscale: 0.288 | outputscale: 3.174 | noise: 0.098
Iter 1190 | Loss: -1227.381 | lengthscale: 0.288 | outputscale: 3.170 | noise: 0.098
Iter 1200 | Loss: -1227.401 | lengthscale: 0.288 | outputscale: 3.165 | noise: 0.098
Iter 1210 | Loss: -1227.462 | lengthscale: 0.288 | outputscale: 3.161 | noise: 0.098
Iter 1220 | Loss: -1227.405 | lengthscale: 0.288 | outputscale: 3.157 | noise: 0.098
Iter 1230 | Loss: -1227.592 | lengthscale: 0.288 | outputscale: 3.152 | noise: 0.098
Iter 1240 | Loss: -1227.518 | lengthscale: 0.288 | outputscale: 3.147 | noise: 0.098
Iter 1250 | Loss: -1227.554 | lengthscale: 0.287 | outputscale: 3.143 | noise: 0.098
Iter 1260 | Loss: -1227.511 | lengthscale: 0.287 | outputscale: 3.139 | noise: 0.098
Iter 1270 | Loss: -1227.578 | lengthscale: 0.287 | outputscale: 3.134 | noise: 0.098
Iter 1280 | Loss: -1227.562 | lengthscale: 0.287 | outputscale: 3.130 | noise: 0.098
Iter 1290 | Loss: -1227.583 | lengthscale: 0.287 | outputscale: 3.126 | noise: 0.098
Iter 1300 | Loss: -1227.550 | lengthscale: 0.287 | outputscale: 3.122 | noise: 0.098
Iter 1310 | Loss: -1227.633 | lengthscale: 0.287 | outputscale: 3.118 | noise: 0.097
Iter 1320 | Loss: -1227.607 | lengthscale: 0.287 | outputscale: 3.113 | noise: 0.097
Iter 1330 | Loss: -1227.530 | lengthscale: 0.287 | outputscale: 3.109 | noise: 0.097
Iter 1340 | Loss: -1227.589 | lengthscale: 0.287 | outputscale: 3.105 | noise: 0.097
Iter 1350 | Loss: -1227.625 | lengthscale: 0.287 | outputscale: 3.100 | noise: 0.097
Iter 1360 | Loss: -1227.654 | lengthscale: 0.286 | outputscale: 3.096 | noise: 0.097
Iter 1370 | Loss: -1227.630 | lengthscale: 0.286 | outputscale: 3.092 | noise: 0.097
Iter 1380 | Loss: -1227.583 | lengthscale: 0.286 | outputscale: 3.088 | noise: 0.097
Iter 1390 | Loss: -1227.665 | lengthscale: 0.286 | outputscale: 3.084 | noise: 0.097
Iter 1400 | Loss: -1227.602 | lengthscale: 0.286 | outputscale: 3.079 | noise: 0.097
Iter 1410 | Loss: -1227.684 | lengthscale: 0.286 | outputscale: 3.075 | noise: 0.097
Iter 1420 | Loss: -1227.662 | lengthscale: 0.286 | outputscale: 3.071 | noise: 0.097
Iter 1430 | Loss: -1227.724 | lengthscale: 0.286 | outputscale: 3.067 | noise: 0.097
Iter 1440 | Loss: -1227.715 | lengthscale: 0.286 | outputscale: 3.062 | noise: 0.097
Iter 1450 | Loss: -1227.664 | lengthscale: 0.286 | outputscale: 3.058 | noise: 0.097
Iter 1460 | Loss: -1227.670 | lengthscale: 0.286 | outputscale: 3.054 | noise: 0.097
Iter 1470 | Loss: -1227.663 | lengthscale: 0.285 | outputscale: 3.050 | noise: 0.097
Iter 1480 | Loss: -1227.682 | lengthscale: 0.285 | outputscale: 3.045 | noise: 0.097
Iter 1490 | Loss: -1227.657 | lengthscale: 0.285 | outputscale: 3.041 | noise: 0.097
Iter 1500 | Loss: -1227.620 | lengthscale: 0.285 | outputscale: 3.037 | noise: 0.097
Iter 1510 | Loss: -1227.650 | lengthscale: 0.285 | outputscale: 3.033 | noise: 0.097
Iter 1520 | Loss: -1227.622 | lengthscale: 0.285 | outputscale: 3.029 | noise: 0.097
Iter 1530 | Loss: -1227.675 | lengthscale: 0.285 | outputscale: 3.024 | noise: 0.097
Iter 1540 | Loss: -1227.626 | lengthscale: 0.285 | outputscale: 3.020 | noise: 0.097
Iter 1550 | Loss: -1227.765 | lengthscale: 0.285 | outputscale: 3.016 | noise: 0.097
Iter 1560 | Loss: -1227.693 | lengthscale: 0.285 | outputscale: 3.012 | noise: 0.097
Iter 1570 | Loss: -1227.727 | lengthscale: 0.285 | outputscale: 3.008 | noise: 0.097
Iter 1580 | Loss: -1227.764 | lengthscale: 0.284 | outputscale: 3.004 | noise: 0.097
Iter 1590 | Loss: -1227.742 | lengthscale: 0.284 | outputscale: 3.000 | noise: 0.097
Iter 1600 | Loss: -1227.738 | lengthscale: 0.284 | outputscale: 2.995 | noise: 0.097
Iter 1610 | Loss: -1227.679 | lengthscale: 0.284 | outputscale: 2.991 | noise: 0.097
Iter 1620 | Loss: -1227.713 | lengthscale: 0.284 | outputscale: 2.987 | noise: 0.097
Iter 1630 | Loss: -1227.711 | lengthscale: 0.284 | outputscale: 2.983 | noise: 0.097
Iter 1640 | Loss: -1227.714 | lengthscale: 0.284 | outputscale: 2.978 | noise: 0.097
Iter 1650 | Loss: -1227.703 | lengthscale: 0.284 | outputscale: 2.974 | noise: 0.097
Iter 1660 | Loss: -1227.788 | lengthscale: 0.284 | outputscale: 2.970 | noise: 0.097
Iter 1670 | Loss: -1227.692 | lengthscale: 0.284 | outputscale: 2.965 | noise: 0.097
Iter 1680 | Loss: -1227.774 | lengthscale: 0.283 | outputscale: 2.961 | noise: 0.097
Iter 1690 | Loss: -1227.671 | lengthscale: 0.283 | outputscale: 2.957 | noise: 0.097
Iter 1700 | Loss: -1227.687 | lengthscale: 0.283 | outputscale: 2.953 | noise: 0.097
Iter 1710 | Loss: -1227.702 | lengthscale: 0.283 | outputscale: 2.949 | noise: 0.097
Iter 1720 | Loss: -1227.686 | lengthscale: 0.283 | outputscale: 2.945 | noise: 0.097
Iter 1730 | Loss: -1227.770 | lengthscale: 0.283 | outputscale: 2.941 | noise: 0.097
Iter 1740 | Loss: -1227.780 | lengthscale: 0.283 | outputscale: 2.937 | noise: 0.097
Iter 1750 | Loss: -1227.755 | lengthscale: 0.283 | outputscale: 2.933 | noise: 0.097
Iter 1760 | Loss: -1227.781 | lengthscale: 0.283 | outputscale: 2.929 | noise: 0.097
Iter 1770 | Loss: -1227.706 | lengthscale: 0.283 | outputscale: 2.925 | noise: 0.097
Iter 1780 | Loss: -1227.801 | lengthscale: 0.283 | outputscale: 2.921 | noise: 0.097
Iter 1790 | Loss: -1227.807 | lengthscale: 0.282 | outputscale: 2.917 | noise: 0.097
Iter 1800 | Loss: -1227.751 | lengthscale: 0.282 | outputscale: 2.913 | noise: 0.097
Iter 1810 | Loss: -1227.787 | lengthscale: 0.282 | outputscale: 2.909 | noise: 0.097
Iter 1820 | Loss: -1227.769 | lengthscale: 0.282 | outputscale: 2.905 | noise: 0.097
Iter 1830 | Loss: -1227.776 | lengthscale: 0.282 | outputscale: 2.901 | noise: 0.097
Iter 1840 | Loss: -1227.814 | lengthscale: 0.282 | outputscale: 2.897 | noise: 0.097
Iter 1850 | Loss: -1227.856 | lengthscale: 0.282 | outputscale: 2.893 | noise: 0.097
Iter 1860 | Loss: -1227.818 | lengthscale: 0.282 | outputscale: 2.889 | noise: 0.097
Iter 1870 | Loss: -1227.843 | lengthscale: 0.282 | outputscale: 2.885 | noise: 0.097
Iter 1880 | Loss: -1227.884 | lengthscale: 0.282 | outputscale: 2.881 | noise: 0.097
Iter 1890 | Loss: -1227.807 | lengthscale: 0.282 | outputscale: 2.877 | noise: 0.097
Iter 1900 | Loss: -1227.872 | lengthscale: 0.281 | outputscale: 2.873 | noise: 0.097
Iter 1910 | Loss: -1227.863 | lengthscale: 0.281 | outputscale: 2.869 | noise: 0.097
Iter 1920 | Loss: -1227.812 | lengthscale: 0.281 | outputscale: 2.865 | noise: 0.097
Iter 1930 | Loss: -1227.756 | lengthscale: 0.281 | outputscale: 2.861 | noise: 0.097
Iter 1940 | Loss: -1227.800 | lengthscale: 0.281 | outputscale: 2.857 | noise: 0.097
Iter 1950 | Loss: -1227.840 | lengthscale: 0.281 | outputscale: 2.853 | noise: 0.097
Iter 1960 | Loss: -1227.817 | lengthscale: 0.281 | outputscale: 2.849 | noise: 0.097
Iter 1970 | Loss: -1227.789 | lengthscale: 0.281 | outputscale: 2.845 | noise: 0.097
Iter 1980 | Loss: -1227.837 | lengthscale: 0.281 | outputscale: 2.841 | noise: 0.097
Iter 1990 | Loss: -1227.849 | lengthscale: 0.281 | outputscale: 2.838 | noise: 0.097
Iter 2000 | Loss: -1227.874 | lengthscale: 0.280 | outputscale: 2.834 | noise: 0.097
Iter 2010 | Loss: -1227.891 | lengthscale: 0.280 | outputscale: 2.830 | noise: 0.097
Iter 2020 | Loss: -1227.831 | lengthscale: 0.280 | outputscale: 2.826 | noise: 0.097
Iter 2030 | Loss: -1227.840 | lengthscale: 0.280 | outputscale: 2.823 | noise: 0.097
Iter 2040 | Loss: -1227.902 | lengthscale: 0.280 | outputscale: 2.819 | noise: 0.097
Iter 2050 | Loss: -1227.846 | lengthscale: 0.280 | outputscale: 2.815 | noise: 0.097
Iter 2060 | Loss: -1227.832 | lengthscale: 0.280 | outputscale: 2.812 | noise: 0.097
Iter 2070 | Loss: -1227.873 | lengthscale: 0.280 | outputscale: 2.808 | noise: 0.097
Iter 2080 | Loss: -1227.888 | lengthscale: 0.280 | outputscale: 2.804 | noise: 0.097
Iter 2090 | Loss: -1227.913 | lengthscale: 0.280 | outputscale: 2.801 | noise: 0.097
Iter 2100 | Loss: -1227.895 | lengthscale: 0.280 | outputscale: 2.797 | noise: 0.097
Iter 2110 | Loss: -1227.890 | lengthscale: 0.279 | outputscale: 2.794 | noise: 0.097
Iter 2120 | Loss: -1227.840 | lengthscale: 0.279 | outputscale: 2.791 | noise: 0.097
Iter 2130 | Loss: -1227.870 | lengthscale: 0.279 | outputscale: 2.787 | noise: 0.097
Iter 2140 | Loss: -1227.918 | lengthscale: 0.279 | outputscale: 2.784 | noise: 0.097
Iter 2150 | Loss: -1227.889 | lengthscale: 0.279 | outputscale: 2.780 | noise: 0.097
Iter 2160 | Loss: -1227.849 | lengthscale: 0.279 | outputscale: 2.777 | noise: 0.097
Iter 2170 | Loss: -1227.920 | lengthscale: 0.279 | outputscale: 2.773 | noise: 0.097
Iter 2180 | Loss: -1227.897 | lengthscale: 0.279 | outputscale: 2.769 | noise: 0.097
Iter 2190 | Loss: -1227.896 | lengthscale: 0.279 | outputscale: 2.766 | noise: 0.097
Iter 2200 | Loss: -1227.958 | lengthscale: 0.279 | outputscale: 2.762 | noise: 0.097
Iter 2210 | Loss: -1227.898 | lengthscale: 0.279 | outputscale: 2.759 | noise: 0.097
Iter 2220 | Loss: -1227.922 | lengthscale: 0.279 | outputscale: 2.755 | noise: 0.097
Iter 2230 | Loss: -1227.938 | lengthscale: 0.278 | outputscale: 2.752 | noise: 0.097
Iter 2240 | Loss: -1227.941 | lengthscale: 0.278 | outputscale: 2.748 | noise: 0.097
Iter 2250 | Loss: -1227.938 | lengthscale: 0.278 | outputscale: 2.745 | noise: 0.097
Iter 2260 | Loss: -1227.910 | lengthscale: 0.278 | outputscale: 2.742 | noise: 0.097
Iter 2270 | Loss: -1227.917 | lengthscale: 0.278 | outputscale: 2.738 | noise: 0.097
Iter 2280 | Loss: -1227.917 | lengthscale: 0.278 | outputscale: 2.735 | noise: 0.097
Iter 2290 | Loss: -1227.930 | lengthscale: 0.278 | outputscale: 2.731 | noise: 0.097
Iter 2300 | Loss: -1227.901 | lengthscale: 0.278 | outputscale: 2.728 | noise: 0.097
Iter 2310 | Loss: -1227.983 | lengthscale: 0.278 | outputscale: 2.724 | noise: 0.097
Iter 2320 | Loss: -1227.941 | lengthscale: 0.278 | outputscale: 2.721 | noise: 0.097
Iter 2330 | Loss: -1227.972 | lengthscale: 0.278 | outputscale: 2.718 | noise: 0.097
Iter 2340 | Loss: -1227.943 | lengthscale: 0.277 | outputscale: 2.714 | noise: 0.097
Iter 2350 | Loss: -1227.995 | lengthscale: 0.277 | outputscale: 2.711 | noise: 0.097
Iter 2360 | Loss: -1227.985 | lengthscale: 0.277 | outputscale: 2.708 | noise: 0.097
Iter 2370 | Loss: -1227.953 | lengthscale: 0.277 | outputscale: 2.705 | noise: 0.097
Iter 2380 | Loss: -1227.934 | lengthscale: 0.277 | outputscale: 2.701 | noise: 0.097
Iter 2390 | Loss: -1227.947 | lengthscale: 0.277 | outputscale: 2.698 | noise: 0.097
Iter 2400 | Loss: -1227.914 | lengthscale: 0.277 | outputscale: 2.695 | noise: 0.097
Iter 2410 | Loss: -1227.948 | lengthscale: 0.277 | outputscale: 2.692 | noise: 0.097
Iter 2420 | Loss: -1227.935 | lengthscale: 0.277 | outputscale: 2.689 | noise: 0.097
Iter 2430 | Loss: -1227.949 | lengthscale: 0.277 | outputscale: 2.686 | noise: 0.097
Iter 2440 | Loss: -1227.977 | lengthscale: 0.277 | outputscale: 2.683 | noise: 0.097
Iter 2450 | Loss: -1227.957 | lengthscale: 0.277 | outputscale: 2.679 | noise: 0.097
Iter 2460 | Loss: -1227.918 | lengthscale: 0.276 | outputscale: 2.676 | noise: 0.097
Iter 2470 | Loss: -1227.952 | lengthscale: 0.276 | outputscale: 2.673 | noise: 0.097
Iter 2480 | Loss: -1227.982 | lengthscale: 0.276 | outputscale: 2.670 | noise: 0.097
Iter 2490 | Loss: -1228.019 | lengthscale: 0.276 | outputscale: 2.667 | noise: 0.097
Iter 2499 | Loss: -1227.988 | lengthscale: 0.276 | outputscale: 2.664 | noise: 0.097
Learned Hyperparams:  {'lengthscale': 0.27616024017333984, 'outputscale': 2.6643872261047363, 'noise': 0.09729023277759552, 'marginal_likelihood_loss_history': [17103.78125, 16745.810546875, 16397.310546875, 16056.0302734375, 15722.455078125, 15396.1630859375, 15077.662109375, 14765.9833984375, 14460.744140625, 14162.068359375, 13870.1337890625, 13583.904296875, 13303.732421875, 13029.259765625, 12760.7197265625, 12496.9970703125, 12238.5888671875, 11984.53515625, 11735.7041015625, 11491.2099609375, 11250.197265625, 11012.609375, 10777.3798828125, 10543.92578125, 10311.5400390625, 10078.7294921875, 9843.9912109375, 9605.8251953125, 9362.70703125, 9112.759765625, 8854.185546875, 8585.5576171875, 8305.5185546875, 8013.4267578125, 7710.85986328125, 7397.9189453125, 7077.3662109375, 6752.439453125, 6426.53173828125, 6105.03125, 5792.37353515625, 5493.326171875, 5211.359375, 4949.71630859375, 4709.6982421875, 4492.53369140625, 4297.62548828125, 4123.58935546875, 3968.552734375, 3830.07080078125, 3705.84326171875, 3593.4326171875, 3490.47509765625, 3394.9130859375, 3304.892578125, 3218.72900390625, 3134.8994140625, 3052.18994140625, 2969.19287109375, 2884.862548828125, 2797.91015625, 2707.34130859375, 2612.4169921875, 2511.8740234375, 2404.8359375, 2290.443359375, 2168.1005859375, 2037.665771484375, 1899.26416015625, 1753.7789306640625, 1602.7877197265625, 1448.368896484375, 1293.4583740234375, 1141.236083984375, 994.9647216796875, 857.6044921875, 731.405029296875, 617.8285522460938, 517.468505859375, 430.147705078125, 355.067626953125, 291.0848388671875, 236.868408203125, 191.0709228515625, 152.419921875, 119.7713623046875, 92.12353515625, 68.6259765625, 48.5687255859375, 31.3614501953125, 16.5179443359375, 3.6390380859375, -7.6070556640625, -17.486572265625, -26.2191162109375, -33.99169921875, -40.9482421875, -47.2164306640625, -52.8968505859375, -58.0772705078125, -62.8271484375, -67.209716796875, -71.2718505859375, -75.06005859375, -78.608642578125, -81.9537353515625, -85.1092529296875, -88.1053466796875, -90.96923828125, -93.7060546875, -96.3306884765625, -98.8641357421875, -101.306396484375, -103.6805419921875, -105.9818115234375, -108.2261962890625, -110.4134521484375, -112.556640625, -114.65625, -116.7213134765625, -118.746337890625, -120.74365234375, -122.716796875, -124.6571044921875, -126.5831298828125, -128.4832763671875, -130.3670654296875, -132.2353515625, -134.084228515625, -135.9296875, -137.75244140625, -139.5716552734375, -141.3795166015625, -143.181396484375, -144.9705810546875, -146.750732421875, -148.52734375, -150.3018798828125, -152.068359375, -153.8282470703125, -155.586669921875, -157.3472900390625, -159.0947265625, -160.8438720703125, -162.593505859375, -164.3345947265625, -166.07568359375, -167.8153076171875, -169.557861328125, -171.2952880859375, -173.03173828125, -174.7730712890625, -176.5037841796875, -178.2403564453125, -179.973876953125, -181.7139892578125, -183.4520263671875, -185.1822509765625, -186.924560546875, -188.658203125, -190.3939208984375, -192.134033203125, -193.87255859375, -195.6109619140625, -197.350341796875, -199.0885009765625, -200.8345947265625, -202.579345703125, -204.3172607421875, -206.0634765625, -207.8096923828125, -209.555419921875, -211.3095703125, -213.0567626953125, -214.8131103515625, -216.5631103515625, -218.3199462890625, -220.0777587890625, -221.8292236328125, -223.5894775390625, -225.3509521484375, -227.1138916015625, -228.8751220703125, -230.6468505859375, -232.4136962890625, -234.1815185546875, -235.9501953125, -237.72119140625, -239.500244140625, -241.2735595703125, -243.048828125, -244.831298828125, -246.60986328125, -248.390380859375, -250.180908203125, -251.966064453125, -253.7509765625, -255.5479736328125, -257.3377685546875, -259.132080078125, -260.924560546875, -262.723388671875, -264.522216796875, -266.331298828125, -268.1346435546875, -269.93359375, -271.7423095703125, -273.5537109375, -275.3681640625, -277.1842041015625, -278.9954833984375, -280.8167724609375, -282.631591796875, -284.451416015625, -286.2744140625, -288.10595703125, -289.93359375, -291.7574462890625, -293.5902099609375, -295.426513671875, -297.2589111328125, -299.099853515625, -300.9361572265625, -302.7763671875, -304.6207275390625, -306.4671630859375, -308.3162841796875, -310.1612548828125, -312.0166015625, -313.868408203125, -315.7222900390625, -317.579833984375, -319.433349609375, -321.2967529296875, -323.1571044921875, -325.02685546875, -326.89404296875, -328.755859375, -330.62841796875, -332.4962158203125, -334.3756103515625, -336.2528076171875, -338.1319580078125, -340.0047607421875, -341.891357421875, -343.7734375, -345.6612548828125, -347.5467529296875, -349.43212890625, -351.3189697265625, -353.212890625, -355.107421875, -357.005859375, -358.9022216796875, -360.8021240234375, -362.701904296875, -364.609130859375, -366.511474609375, -368.4141845703125, -370.3255615234375, -372.240478515625, -374.1478271484375, -376.0614013671875, -377.978759765625, -379.889892578125, -381.8167724609375, -383.7379150390625, -385.6524658203125, -387.58056640625, -389.5052490234375, -391.4326171875, -393.356689453125, -395.2845458984375, -397.216552734375, -399.14990234375, -401.084716796875, -403.0194091796875, -404.9605712890625, -406.8975830078125, -408.836181640625, -410.7791748046875, -412.7274169921875, -414.6715087890625, -416.61767578125, -418.5643310546875, -420.5068359375, -422.4605712890625, -424.4171142578125, -426.3702392578125, -428.3243408203125, -430.27734375, -432.2425537109375, -434.1929931640625, -436.1593017578125, -438.116943359375, -440.0836181640625, -442.04345703125, -444.00439453125, -445.97509765625, -447.940673828125, -449.9200439453125, -451.8819580078125, -453.8507080078125, -455.8248291015625, -457.8009033203125, -459.775390625, -461.75341796875, -463.7344970703125, -465.7125244140625, -467.6829833984375, -469.6671142578125, -471.650634765625, -473.6253662109375, -475.6177978515625, -477.595703125, -479.5843505859375, -481.5714111328125, -483.557861328125, -485.5479736328125, -487.536865234375, -489.5205078125, -491.5120849609375, -493.508056640625, -495.498291015625, -497.4931640625, -499.490966796875, -501.4842529296875, -503.4827880859375, -505.4776611328125, -507.4769287109375, -509.478515625, -511.4749755859375, -513.4656982421875, -515.4764404296875, -517.470458984375, -519.4761962890625, -521.4742431640625, -523.4813232421875, -525.48095703125, -527.4898681640625, -529.4881591796875, -531.4937744140625, -533.4935302734375, -535.50830078125, -537.5089111328125, -539.5137939453125, -541.523681640625, -543.5384521484375, -545.5474853515625, -547.5528564453125, -549.557373046875, -551.57177734375, -553.5772705078125, -555.5894775390625, -557.6068115234375, -559.6190185546875, -561.6234130859375, -563.6319580078125, -565.6475830078125, -567.65869140625, -569.6719970703125, -571.6817626953125, -573.6927490234375, -575.693603515625, -577.712890625, -579.7296142578125, -581.7403564453125, -583.7548828125, -585.764404296875, -587.7803955078125, -589.7900390625, -591.8052978515625, -593.8218994140625, -595.8314208984375, -597.841796875, -599.849853515625, -601.86376953125, -603.870361328125, -605.8880615234375, -607.8953857421875, -609.9088134765625, -611.91552734375, -613.9283447265625, -615.9471435546875, -617.9547119140625, -619.9700927734375, -621.9730224609375, -623.9764404296875, -625.9937744140625, -627.9952392578125, -630.0076904296875, -632.0054931640625, -634.0164794921875, -636.0250244140625, -638.02392578125, -640.0330810546875, -642.0408935546875, -644.0443115234375, -646.05126953125, -648.0513916015625, -650.0501708984375, -652.057373046875, -654.0615234375, -656.0604248046875, -658.0609130859375, -660.053955078125, -662.0543212890625, -664.0572509765625, -666.051513671875, -668.0416259765625, -670.0384521484375, -672.0313720703125, -674.0238037109375, -676.0186767578125, -678.0098876953125, -679.9986572265625, -681.9832763671875, -683.9779052734375, -685.9744873046875, -687.9505615234375, -689.9346923828125, -691.9202880859375, -693.9053955078125, -695.8912353515625, -697.8612060546875, -699.8365478515625, -701.8189697265625, -703.7918701171875, -705.7686767578125, -707.7532958984375, -709.7166748046875, -711.6932373046875, -713.6658935546875, -715.6302490234375, -717.5941162109375, -719.5682373046875, -721.5279541015625, -723.4866943359375, -725.4598388671875, -727.4114990234375, -729.3785400390625, -731.3223876953125, -733.2889404296875, -735.2464599609375, -737.1917724609375, -739.1414794921875, -741.0804443359375, -743.0364990234375, -744.9908447265625, -746.9295654296875, -748.8760986328125, -750.8194580078125, -752.7581787109375, -754.6905517578125, -756.6322021484375, -758.5521240234375, -760.4906005859375, -762.4129638671875, -764.3377685546875, -766.2706298828125, -768.1971435546875, -770.1192626953125, -772.0367431640625, -773.9488525390625, -775.8712158203125, -777.7711181640625, -779.6937255859375, -781.6011962890625, -783.4991455078125, -785.4014892578125, -787.3143310546875, -789.2083740234375, -791.1002197265625, -793.0093994140625, -794.8944091796875, -796.7908935546875, -798.6673583984375, -800.5609130859375, -802.4471435546875, -804.3233642578125, -806.1973876953125, -808.0784912109375, -809.9503173828125, -811.8267822265625, -813.6820068359375, -815.5616455078125, -817.4227294921875, -819.2760009765625, -821.1375732421875, -823.0028076171875, -824.8416748046875, -826.7120361328125, -828.5428466796875, -830.4041748046875, -832.2249755859375, -834.0716552734375, -835.9080810546875, -837.7384033203125, -839.5635986328125, -841.3980712890625, -843.2198486328125, -845.0435791015625, -846.8524169921875, -848.6719970703125, -850.4876708984375, -852.2955322265625, -854.1180419921875, -855.9151611328125, -857.7156982421875, -859.5064697265625, -861.3038330078125, -863.0838623046875, -864.8773193359375, -866.6595458984375, -868.4422607421875, -870.2193603515625, -871.9893798828125, -873.7633056640625, -875.5399169921875, -877.3043212890625, -879.0609130859375, -880.8238525390625, -882.5772705078125, -884.3265380859375, -886.0662841796875, -887.8292236328125, -889.5614013671875, -891.2916259765625, -893.0303955078125, -894.7640380859375, -896.4661865234375, -898.1868896484375, -899.9171142578125, -901.6275634765625, -903.3563232421875, -905.0489501953125, -906.7452392578125, -908.4569091796875, -910.1478271484375, -911.8458251953125, -913.5421142578125, -915.2166748046875, -916.9022216796875, -918.5755615234375, -920.2537841796875, -921.9053955078125, -923.5802001953125, -925.2403564453125, -926.9010009765625, -928.5574951171875, -930.2135009765625, -931.8492431640625, -933.4986572265625, -935.1339111328125, -936.7725830078125, -938.4014892578125, -940.0213623046875, -941.6439208984375, -943.2650146484375, -944.8807373046875, -946.4820556640625, -948.0697021484375, -949.6829833984375, -951.2891845703125, -952.8770751953125, -954.4656982421875, -956.0379638671875, -957.6309814453125, -959.2025146484375, -960.7877197265625, -962.3323974609375, -963.8975830078125, -965.4725341796875, -967.0145263671875, -968.5543212890625, -970.1033935546875, -971.6309814453125, -973.1727294921875, -974.7120361328125, -976.2423095703125, -977.7606201171875, -979.2435302734375, -980.7528076171875, -982.2689208984375, -983.7979736328125, -985.2916259765625, -986.7650146484375, -988.2508544921875, -989.7335205078125, -991.2266845703125, -992.7025146484375, -994.1778564453125, -995.6324462890625, -997.1021728515625, -998.5374755859375, -1000.0096435546875, -1001.4544677734375, -1002.8841552734375, -1004.3238525390625, -1005.7435302734375, -1007.1700439453125, -1008.5858154296875, -1010.0028076171875, -1011.3953857421875, -1012.8179931640625, -1014.2122802734375, -1015.6094970703125, -1017.0155029296875, -1018.3988037109375, -1019.7623291015625, -1021.1502685546875, -1022.5240478515625, -1023.8731689453125, -1025.2471923828125, -1026.6199951171875, -1027.9495849609375, -1029.3184814453125, -1030.6390380859375, -1031.9898681640625, -1033.3387451171875, -1034.6656494140625, -1035.9615478515625, -1037.2923583984375, -1038.5865478515625, -1039.9185791015625, -1041.2005615234375, -1042.4940185546875, -1043.7821044921875, -1045.0491943359375, -1046.3343505859375, -1047.6204833984375, -1048.8951416015625, -1050.1534423828125, -1051.4022216796875, -1052.6741943359375, -1053.8934326171875, -1055.1676025390625, -1056.3756103515625, -1057.5948486328125, -1058.8533935546875, -1060.0770263671875, -1061.2755126953125, -1062.5030517578125, -1063.7073974609375, -1064.9190673828125, -1066.1004638671875, -1067.2960205078125, -1068.4761962890625, -1069.6651611328125, -1070.8304443359375, -1071.9862060546875, -1073.1688232421875, -1074.3001708984375, -1075.4622802734375, -1076.5885009765625, -1077.7921142578125, -1078.8856201171875, -1080.0216064453125, -1081.1636962890625, -1082.2606201171875, -1083.3934326171875, -1084.5037841796875, -1085.5863037109375, -1086.6776123046875, -1087.7677001953125, -1088.8858642578125, -1089.9603271484375, -1091.0240478515625, -1092.0897216796875, -1093.1741943359375, -1094.2327880859375, -1095.2947998046875, -1096.3277587890625, -1097.3980712890625, -1098.4461669921875, -1099.4627685546875, -1100.5023193359375, -1101.5111083984375, -1102.4991455078125, -1103.5474853515625, -1104.5516357421875, -1105.5360107421875, -1106.5313720703125, -1107.5538330078125, -1108.5296630859375, -1109.5206298828125, -1110.4959716796875, -1111.4803466796875, -1112.4364013671875, -1113.3675537109375, -1114.3270263671875, -1115.2728271484375, -1116.2259521484375, -1117.1751708984375, -1118.0850830078125, -1119.0150146484375, -1119.9117431640625, -1120.8302001953125, -1121.7813720703125, -1122.7030029296875, -1123.5909423828125, -1124.4620361328125, -1125.3514404296875, -1126.2352294921875, -1127.1405029296875, -1127.9866943359375, -1128.8568115234375, -1129.7493896484375, -1130.5970458984375, -1131.4234619140625, -1132.2774658203125, -1133.1292724609375, -1133.9815673828125, -1134.8226318359375, -1135.6351318359375, -1136.4554443359375, -1137.2901611328125, -1138.0989990234375, -1138.8692626953125, -1139.6986083984375, -1140.4393310546875, -1141.2623291015625, -1142.0550537109375, -1142.8768310546875, -1143.6385498046875, -1144.4049072265625, -1145.1795654296875, -1145.9571533203125, -1146.6707763671875, -1147.4156494140625, -1148.1488037109375, -1148.8907470703125, -1149.6453857421875, -1150.3753662109375, -1151.0916748046875, -1151.8048095703125, -1152.5535888671875, -1153.2545166015625, -1153.9896240234375, -1154.6573486328125, -1155.3326416015625, -1156.0357666015625, -1156.7135009765625, -1157.4205322265625, -1158.0985107421875, -1158.7376708984375, -1159.4134521484375, -1160.0609130859375, -1160.6937255859375, -1161.3917236328125, -1162.0477294921875, -1162.6934814453125, -1163.2750244140625, -1163.9110107421875, -1164.5435791015625, -1165.1890869140625, -1165.8489990234375, -1166.4554443359375, -1167.0682373046875, -1167.6202392578125, -1168.2652587890625, -1168.8214111328125, -1169.4827880859375, -1170.0250244140625, -1170.6358642578125, -1171.1915283203125, -1171.7327880859375, -1172.3358154296875, -1172.9110107421875, -1173.4627685546875, -1174.0191650390625, -1174.5968017578125, -1175.1326904296875, -1175.6380615234375, -1176.2225341796875, -1176.7713623046875, -1177.2943115234375, -1177.8228759765625, -1178.3280029296875, -1178.8739013671875, -1179.3587646484375, -1179.8873291015625, -1180.4117431640625, -1180.8929443359375, -1181.3533935546875, -1181.8377685546875, -1182.3846435546875, -1182.8284912109375, -1183.3084716796875, -1183.7952880859375, -1184.2855224609375, -1184.7086181640625, -1185.1981201171875, -1185.6346435546875, -1186.1612548828125, -1186.5679931640625, -1187.0042724609375, -1187.4637451171875, -1187.8905029296875, -1188.3333740234375, -1188.7899169921875, -1189.2020263671875, -1189.6121826171875, -1189.9984130859375, -1190.4754638671875, -1190.9193115234375, -1191.2618408203125, -1191.7108154296875, -1192.1221923828125, -1192.4940185546875, -1192.9149169921875, -1193.2982177734375, -1193.6646728515625, -1194.0980224609375, -1194.4632568359375, -1194.8072509765625, -1195.1522216796875, -1195.5726318359375, -1195.9263916015625, -1196.3060302734375, -1196.7120361328125, -1197.0399169921875, -1197.3875732421875, -1197.7481689453125, -1198.0665283203125, -1198.3782958984375, -1198.7196044921875, -1199.0408935546875, -1199.3951416015625, -1199.7083740234375, -1200.0499267578125, -1200.3558349609375, -1200.6795654296875, -1200.9578857421875, -1201.2864990234375, -1201.5650634765625, -1201.9058837890625, -1202.2071533203125, -1202.5604248046875, -1202.8514404296875, -1203.1600341796875, -1203.3944091796875, -1203.6910400390625, -1204.0008544921875, -1204.3328857421875, -1204.5953369140625, -1204.8114013671875, -1205.1593017578125, -1205.3851318359375, -1205.7044677734375, -1205.9910888671875, -1206.2139892578125, -1206.4730224609375, -1206.7923583984375, -1206.9808349609375, -1207.2291259765625, -1207.4559326171875, -1207.7916259765625, -1208.0316162109375, -1208.1712646484375, -1208.4505615234375, -1208.7384033203125, -1208.9466552734375, -1209.2279052734375, -1209.4183349609375, -1209.6746826171875, -1209.8748779296875, -1210.1434326171875, -1210.3529052734375, -1210.5401611328125, -1210.7774658203125, -1211.0335693359375, -1211.2100830078125, -1211.3905029296875, -1211.6229248046875, -1211.7835693359375, -1211.9744873046875, -1212.2069091796875, -1212.3836669921875, -1212.6092529296875, -1212.8406982421875, -1213.0208740234375, -1213.1910400390625, -1213.3895263671875, -1213.5911865234375, -1213.7110595703125, -1213.8978271484375, -1214.0657958984375, -1214.2728271484375, -1214.4622802734375, -1214.6903076171875, -1214.8499755859375, -1214.9730224609375, -1215.1414794921875, -1215.3702392578125, -1215.4991455078125, -1215.6351318359375, -1215.7669677734375, -1215.9530029296875, -1216.0765380859375, -1216.2752685546875, -1216.3880615234375, -1216.5306396484375, -1216.6827392578125, -1216.8741455078125, -1217.0467529296875, -1217.1451416015625, -1217.3184814453125, -1217.4171142578125, -1217.5684814453125, -1217.7218017578125, -1217.8343505859375, -1217.9796142578125, -1218.0653076171875, -1218.2386474609375, -1218.3780517578125, -1218.5047607421875, -1218.6217041015625, -1218.7630615234375, -1218.8319091796875, -1218.9754638671875, -1219.0667724609375, -1219.1773681640625, -1219.3592529296875, -1219.5125732421875, -1219.6356201171875, -1219.7098388671875, -1219.8104248046875, -1219.8875732421875, -1220.0035400390625, -1220.1175537109375, -1220.2501220703125, -1220.3597412109375, -1220.4952392578125, -1220.5655517578125, -1220.5980224609375, -1220.7254638671875, -1220.8233642578125, -1220.9266357421875, -1220.9891357421875, -1221.1282958984375, -1221.1961669921875, -1221.3026123046875, -1221.4083251953125, -1221.4710693359375, -1221.6053466796875, -1221.6585693359375, -1221.6947021484375, -1221.7430419921875, -1221.8131103515625, -1222.0323486328125, -1222.0384521484375, -1222.1331787109375, -1222.2086181640625, -1222.2923583984375, -1222.3668212890625, -1222.3843994140625, -1222.4212646484375, -1222.5794677734375, -1222.5718994140625, -1222.6678466796875, -1222.7662353515625, -1222.7674560546875, -1222.8970947265625, -1222.9473876953125, -1223.0211181640625, -1223.1141357421875, -1223.2408447265625, -1223.1856689453125, -1223.3260498046875, -1223.4105224609375, -1223.4266357421875, -1223.5423583984375, -1223.5428466796875, -1223.5364990234375, -1223.7352294921875, -1223.7413330078125, -1223.8179931640625, -1223.8577880859375, -1223.9495849609375, -1223.9393310546875, -1223.9744873046875, -1224.0716552734375, -1224.1461181640625, -1224.1497802734375, -1224.2242431640625, -1224.2508544921875, -1224.2872314453125, -1224.2923583984375, -1224.4127197265625, -1224.4613037109375, -1224.4808349609375, -1224.5733642578125, -1224.5555419921875, -1224.6141357421875, -1224.6998291015625, -1224.7232666015625, -1224.7474365234375, -1224.8548583984375, -1224.8104248046875, -1224.8433837890625, -1224.8841552734375, -1224.9222412109375, -1224.9110107421875, -1224.9871826171875, -1225.0289306640625, -1225.0675048828125, -1225.1380615234375, -1225.1556396484375, -1225.2379150390625, -1225.2593994140625, -1225.2696533203125, -1225.3018798828125, -1225.4166259765625, -1225.4017333984375, -1225.4583740234375, -1225.4615478515625, -1225.5262451171875, -1225.5350341796875, -1225.5782470703125, -1225.5755615234375, -1225.5379638671875, -1225.6229248046875, -1225.6986083984375, -1225.7005615234375, -1225.7457275390625, -1225.7078857421875, -1225.8101806640625, -1225.8114013671875, -1225.7681884765625, -1225.9310302734375, -1225.9805908203125, -1225.9559326171875, -1226.0108642578125, -1226.0360107421875, -1226.0155029296875, -1225.9981689453125, -1226.0616455078125, -1226.0535888671875, -1226.1539306640625, -1226.1453857421875, -1226.2325439453125, -1226.2137451171875, -1226.2437744140625, -1226.2137451171875, -1226.2298583984375, -1226.2122802734375, -1226.3216552734375, -1226.2640380859375, -1226.2767333984375, -1226.3226318359375, -1226.3389892578125, -1226.3875732421875, -1226.4107666015625, -1226.4281005859375, -1226.3963623046875, -1226.4920654296875, -1226.4676513671875, -1226.5467529296875, -1226.5816650390625, -1226.5950927734375, -1226.6075439453125, -1226.6319580078125, -1226.5716552734375, -1226.6263427734375, -1226.5955810546875, -1226.6507568359375, -1226.6385498046875, -1226.6585693359375, -1226.6944580078125, -1226.7332763671875, -1226.6553955078125, -1226.7523193359375, -1226.7532958984375, -1226.7816162109375, -1226.7503662109375, -1226.8421630859375, -1226.7684326171875, -1226.8751220703125, -1226.8309326171875, -1226.8634033203125, -1226.8939208984375, -1226.8377685546875, -1226.8460693359375, -1226.8502197265625, -1226.9124755859375, -1226.9002685546875, -1226.8399658203125, -1226.9202880859375, -1226.9010009765625, -1226.9071044921875, -1226.8797607421875, -1226.9007568359375, -1226.9339599609375, -1226.9425048828125, -1226.9862060546875, -1227.0084228515625, -1226.9808349609375, -1226.9466552734375, -1226.9803466796875, -1227.0845947265625, -1227.0399169921875, -1227.0081787109375, -1227.0252685546875, -1227.0545654296875, -1227.0723876953125, -1227.0911865234375, -1227.0423583984375, -1227.1036376953125, -1227.1063232421875, -1227.0926513671875, -1227.0655517578125, -1227.1156005859375, -1227.0946044921875, -1227.1629638671875, -1227.2056884765625, -1227.1556396484375, -1227.1773681640625, -1227.1697998046875, -1227.1385498046875, -1227.1544189453125, -1227.1302490234375, -1227.2318115234375, -1227.1781005859375, -1227.2071533203125, -1227.1927490234375, -1227.2528076171875, -1227.1739501953125, -1227.2891845703125, -1227.1949462890625, -1227.2999267578125, -1227.3074951171875, -1227.2674560546875, -1227.2913818359375, -1227.2723388671875, -1227.2813720703125, -1227.3133544921875, -1227.2615966796875, -1227.2952880859375, -1227.3280029296875, -1227.3094482421875, -1227.2982177734375, -1227.3560791015625, -1227.3824462890625, -1227.2655029296875, -1227.3192138671875, -1227.3548583984375, -1227.4139404296875, -1227.3765869140625, -1227.4476318359375, -1227.3021240234375, -1227.3294677734375, -1227.4061279296875, -1227.3348388671875, -1227.3228759765625, -1227.2689208984375, -1227.3858642578125, -1227.3392333984375, -1227.2877197265625, -1227.2857666015625, -1227.3614501953125, -1227.3270263671875, -1227.3880615234375, -1227.3167724609375, -1227.3255615234375, -1227.4176025390625, -1227.3897705078125, -1227.3572998046875, -1227.3609619140625, -1227.3934326171875, -1227.2772216796875, -1227.3363037109375, -1227.3575439453125, -1227.4093017578125, -1227.3870849609375, -1227.4090576171875, -1227.3114013671875, -1227.3939208984375, -1227.3677978515625, -1227.4488525390625, -1227.4564208984375, -1227.4085693359375, -1227.4095458984375, -1227.4271240234375, -1227.4056396484375, -1227.4244384765625, -1227.4759521484375, -1227.3717041015625, -1227.4117431640625, -1227.4176025390625, -1227.3814697265625, -1227.3660888671875, -1227.4129638671875, -1227.4217529296875, -1227.4351806640625, -1227.3812255859375, -1227.3604736328125, -1227.3680419921875, -1227.4471435546875, -1227.4300537109375, -1227.4014892578125, -1227.4632568359375, -1227.4415283203125, -1227.4161376953125, -1227.4390869140625, -1227.4769287109375, -1227.4815673828125, -1227.3990478515625, -1227.4339599609375, -1227.4930419921875, -1227.4617919921875, -1227.4617919921875, -1227.4896240234375, -1227.5242919921875, -1227.4779052734375, -1227.5059814453125, -1227.5260009765625, -1227.4888916015625, -1227.4759521484375, -1227.4141845703125, -1227.4051513671875, -1227.4495849609375, -1227.4090576171875, -1227.4178466796875, -1227.4229736328125, -1227.5035400390625, -1227.4847412109375, -1227.4532470703125, -1227.4959716796875, -1227.5084228515625, -1227.5916748046875, -1227.4588623046875, -1227.4461669921875, -1227.4827880859375, -1227.5216064453125, -1227.5548095703125, -1227.5550537109375, -1227.5462646484375, -1227.5050048828125, -1227.5279541015625, -1227.5177001953125, -1227.5609130859375, -1227.5594482421875, -1227.5968017578125, -1227.5194091796875, -1227.5960693359375, -1227.5506591796875, -1227.5872802734375, -1227.6141357421875, -1227.5628662109375, -1227.5540771484375, -1227.5501708984375, -1227.5833740234375, -1227.5567626953125, -1227.6219482421875, -1227.5299072265625, -1227.4991455078125, -1227.6033935546875, -1227.5892333984375, -1227.5877685546875, -1227.5111083984375, -1227.5653076171875, -1227.4835205078125, -1227.5823974609375, -1227.5748291015625, -1227.5599365234375, -1227.5562744140625, -1227.6114501953125, -1227.6322021484375, -1227.5789794921875, -1227.5782470703125, -1227.5804443359375, -1227.6707763671875, -1227.5843505859375, -1227.6094970703125, -1227.5750732421875, -1227.5335693359375, -1227.6051025390625, -1227.5697021484375, -1227.5457763671875, -1227.5618896484375, -1227.6065673828125, -1227.4857177734375, -1227.5931396484375, -1227.5926513671875, -1227.5926513671875, -1227.5731201171875, -1227.5203857421875, -1227.5687255859375, -1227.5155029296875, -1227.5826416015625, -1227.5648193359375, -1227.5623779296875, -1227.6053466796875, -1227.5623779296875, -1227.5711669921875, -1227.5311279296875, -1227.5794677734375, -1227.6121826171875, -1227.6190185546875, -1227.5496826171875, -1227.6351318359375, -1227.5914306640625, -1227.6497802734375, -1227.6014404296875, -1227.5865478515625, -1227.5628662109375, -1227.5863037109375, -1227.5640869140625, -1227.6322021484375, -1227.6326904296875, -1227.6231689453125, -1227.5687255859375, -1227.6287841796875, -1227.6260986328125, -1227.6214599609375, -1227.6634521484375, -1227.6380615234375, -1227.6097412109375, -1227.5877685546875, -1227.6065673828125, -1227.6258544921875, -1227.5989990234375, -1227.5780029296875, -1227.5753173828125, -1227.6214599609375, -1227.6378173828125, -1227.6348876953125, -1227.6182861328125, -1227.5970458984375, -1227.5296630859375, -1227.5736083984375, -1227.5953369140625, -1227.5770263671875, -1227.6190185546875, -1227.5941162109375, -1227.5899658203125, -1227.5804443359375, -1227.6348876953125, -1227.6346435546875, -1227.5889892578125, -1227.5860595703125, -1227.5308837890625, -1227.6473388671875, -1227.5870361328125, -1227.6085205078125, -1227.6488037109375, -1227.5953369140625, -1227.6722412109375, -1227.6378173828125, -1227.6253662109375, -1227.6546630859375, -1227.6864013671875, -1227.7186279296875, -1227.6099853515625, -1227.5701904296875, -1227.5902099609375, -1227.6243896484375, -1227.5941162109375, -1227.6578369140625, -1227.6541748046875, -1227.6680908203125, -1227.6353759765625, -1227.6102294921875, -1227.6580810546875, -1227.6317138671875, -1227.6556396484375, -1227.6424560546875, -1227.6688232421875, -1227.5804443359375, -1227.6295166015625, -1227.6199951171875, -1227.6319580078125, -1227.6441650390625, -1227.6883544921875, -1227.6436767578125, -1227.6695556640625, -1227.6209716796875, -1227.6834716796875, -1227.6444091796875, -1227.5828857421875, -1227.7274169921875, -1227.5762939453125, -1227.6170654296875, -1227.6356201171875, -1227.6502685546875, -1227.6309814453125, -1227.7100830078125, -1227.7139892578125, -1227.7032470703125, -1227.6654052734375, -1227.6575927734375, -1227.6285400390625, -1227.6463623046875, -1227.6910400390625, -1227.6583251953125, -1227.6053466796875, -1227.6170654296875, -1227.6361083984375, -1227.6051025390625, -1227.6021728515625, -1227.5804443359375, -1227.6038818359375, -1227.6561279296875, -1227.6492919921875, -1227.6812744140625, -1227.5919189453125, -1227.6444091796875, -1227.6534423828125, -1227.6485595703125, -1227.6844482421875, -1227.6453857421875, -1227.6812744140625, -1227.6234130859375, -1227.6502685546875, -1227.5938720703125, -1227.6146240234375, -1227.6080322265625, -1227.6397705078125, -1227.6932373046875, -1227.6624755859375, -1227.6722412109375, -1227.7176513671875, -1227.6778564453125, -1227.6485595703125, -1227.6195068359375, -1227.6302490234375, -1227.6815185546875, -1227.7244873046875, -1227.7100830078125, -1227.7244873046875, -1227.6947021484375, -1227.6881103515625, -1227.6053466796875, -1227.6700439453125, -1227.6373291015625, -1227.6341552734375, -1227.6417236328125, -1227.6844482421875, -1227.7142333984375, -1227.7147216796875, -1227.7088623046875, -1227.6329345703125, -1227.6927490234375, -1227.6964111328125, -1227.7039794921875, -1227.6995849609375, -1227.7308349609375, -1227.6907958984375, -1227.7454833984375, -1227.6639404296875, -1227.6741943359375, -1227.6810302734375, -1227.6715087890625, -1227.6243896484375, -1227.6236572265625, -1227.6121826171875, -1227.6566162109375, -1227.6392822265625, -1227.6549072265625, -1227.6702880859375, -1227.6514892578125, -1227.6297607421875, -1227.7171630859375, -1227.6136474609375, -1227.6575927734375, -1227.6917724609375, -1227.6624755859375, -1227.6356201171875, -1227.6712646484375, -1227.6632080078125, -1227.7288818359375, -1227.6707763671875, -1227.7222900390625, -1227.6683349609375, -1227.6673583984375, -1227.6956787109375, -1227.7054443359375, -1227.7235107421875, -1227.6571044921875, -1227.6815185546875, -1227.6497802734375, -1227.7020263671875, -1227.6304931640625, -1227.6424560546875, -1227.6033935546875, -1227.7091064453125, -1227.6766357421875, -1227.6756591796875, -1227.6993408203125, -1227.6571044921875, -1227.7122802734375, -1227.6265869140625, -1227.6668701171875, -1227.6864013671875, -1227.6558837890625, -1227.6600341796875, -1227.6312255859375, -1227.6156005859375, -1227.6480712890625, -1227.6195068359375, -1227.6895751953125, -1227.6300048828125, -1227.6314697265625, -1227.6541748046875, -1227.6363525390625, -1227.7174072265625, -1227.6517333984375, -1227.6824951171875, -1227.6331787109375, -1227.6500244140625, -1227.6353759765625, -1227.6878662109375, -1227.6846923828125, -1227.6663818359375, -1227.7020263671875, -1227.6536865234375, -1227.7249755859375, -1227.6817626953125, -1227.7227783203125, -1227.6219482421875, -1227.6370849609375, -1227.7269287109375, -1227.7108154296875, -1227.7181396484375, -1227.6619873046875, -1227.7076416015625, -1227.6658935546875, -1227.6685791015625, -1227.5946044921875, -1227.6751708984375, -1227.6998291015625, -1227.6937255859375, -1227.6658935546875, -1227.7020263671875, -1227.7325439453125, -1227.6160888671875, -1227.6405029296875, -1227.6297607421875, -1227.6414794921875, -1227.6263427734375, -1227.6739501953125, -1227.6571044921875, -1227.5701904296875, -1227.5943603515625, -1227.6573486328125, -1227.6727294921875, -1227.6585693359375, -1227.6968994140625, -1227.6961669921875, -1227.7645263671875, -1227.7100830078125, -1227.6827392578125, -1227.6502685546875, -1227.6990966796875, -1227.7239990234375, -1227.6683349609375, -1227.6925048828125, -1227.6873779296875, -1227.7083740234375, -1227.6932373046875, -1227.6629638671875, -1227.7249755859375, -1227.7772216796875, -1227.7694091796875, -1227.7698974609375, -1227.7762451171875, -1227.7132568359375, -1227.6961669921875, -1227.7105712890625, -1227.7274169921875, -1227.7264404296875, -1227.7489013671875, -1227.6807861328125, -1227.6741943359375, -1227.6812744140625, -1227.6998291015625, -1227.7142333984375, -1227.6925048828125, -1227.7415771484375, -1227.7635498046875, -1227.7501220703125, -1227.7425537109375, -1227.6951904296875, -1227.6900634765625, -1227.7322998046875, -1227.7171630859375, -1227.7178955078125, -1227.7371826171875, -1227.7523193359375, -1227.7415771484375, -1227.6932373046875, -1227.7652587890625, -1227.7235107421875, -1227.7489013671875, -1227.7752685546875, -1227.7645263671875, -1227.7386474609375, -1227.7103271484375, -1227.7742919921875, -1227.7379150390625, -1227.7042236328125, -1227.7117919921875, -1227.6925048828125, -1227.7384033203125, -1227.7701416015625, -1227.7437744140625, -1227.7020263671875, -1227.7027587890625, -1227.7020263671875, -1227.6785888671875, -1227.7117919921875, -1227.6773681640625, -1227.6790771484375, -1227.7664794921875, -1227.7010498046875, -1227.7442626953125, -1227.7513427734375, -1227.7589111328125, -1227.7733154296875, -1227.7127685546875, -1227.7325439453125, -1227.6885986328125, -1227.6888427734375, -1227.6741943359375, -1227.6805419921875, -1227.7279052734375, -1227.6622314453125, -1227.6981201171875, -1227.7711181640625, -1227.7113037109375, -1227.7164306640625, -1227.6693115234375, -1227.6561279296875, -1227.6593017578125, -1227.6356201171875, -1227.6517333984375, -1227.7003173828125, -1227.7213134765625, -1227.6859130859375, -1227.7142333984375, -1227.7049560546875, -1227.7581787109375, -1227.7135009765625, -1227.7335205078125, -1227.7327880859375, -1227.7237548828125, -1227.7010498046875, -1227.6458740234375, -1227.7069091796875, -1227.7025146484375, -1227.6961669921875, -1227.7069091796875, -1227.7025146484375, -1227.6890869140625, -1227.7523193359375, -1227.6976318359375, -1227.7498779296875, -1227.7664794921875, -1227.7740478515625, -1227.7879638671875, -1227.8314208984375, -1227.6790771484375, -1227.7640380859375, -1227.7371826171875, -1227.7227783203125, -1227.7149658203125, -1227.7098388671875, -1227.7508544921875, -1227.6676025390625, -1227.6922607421875, -1227.7281494140625, -1227.7623291015625, -1227.7078857421875, -1227.7740478515625, -1227.7454833984375, -1227.7523193359375, -1227.7239990234375, -1227.7276611328125, -1227.7069091796875, -1227.7735595703125, -1227.7208251953125, -1227.7376708984375, -1227.7139892578125, -1227.7679443359375, -1227.6932373046875, -1227.7503662109375, -1227.7103271484375, -1227.7205810546875, -1227.6571044921875, -1227.6705322265625, -1227.7210693359375, -1227.7156982421875, -1227.7406005859375, -1227.7254638671875, -1227.7098388671875, -1227.6688232421875, -1227.6839599609375, -1227.7086181640625, -1227.6697998046875, -1227.6873779296875, -1227.7232666015625, -1227.7786865234375, -1227.7254638671875, -1227.7032470703125, -1227.7215576171875, -1227.7430419921875, -1227.7005615234375, -1227.7213134765625, -1227.6595458984375, -1227.7020263671875, -1227.6605224609375, -1227.7144775390625, -1227.7369384765625, -1227.6729736328125, -1227.7166748046875, -1227.6385498046875, -1227.7303466796875, -1227.7098388671875, -1227.6644287109375, -1227.6864013671875, -1227.6988525390625, -1227.7484130859375, -1227.6849365234375, -1227.7156982421875, -1227.7620849609375, -1227.7188720703125, -1227.7337646484375, -1227.7620849609375, -1227.7327880859375, -1227.7703857421875, -1227.7415771484375, -1227.8055419921875, -1227.7567138671875, -1227.7864990234375, -1227.7830810546875, -1227.8304443359375, -1227.7474365234375, -1227.8055419921875, -1227.8035888671875, -1227.7803955078125, -1227.8104248046875, -1227.7977294921875, -1227.7935791015625, -1227.7989501953125, -1227.7987060546875, -1227.7694091796875, -1227.7728271484375, -1227.7528076171875, -1227.7816162109375, -1227.7550048828125, -1227.7950439453125, -1227.7708740234375, -1227.7464599609375, -1227.8162841796875, -1227.7816162109375, -1227.7830810546875, -1227.7635498046875, -1227.8026123046875, -1227.7305908203125, -1227.7811279296875, -1227.7730712890625, -1227.7406005859375, -1227.7791748046875, -1227.7806396484375, -1227.7728271484375, -1227.7225341796875, -1227.7279052734375, -1227.7532958984375, -1227.7430419921875, -1227.7064208984375, -1227.6519775390625, -1227.7879638671875, -1227.7860107421875, -1227.7855224609375, -1227.7327880859375, -1227.7191162109375, -1227.7669677734375, -1227.7777099609375, -1227.7752685546875, -1227.8006591796875, -1227.7869873046875, -1227.7298583984375, -1227.8526611328125, -1227.8123779296875, -1227.8192138671875, -1227.7789306640625, -1227.7935791015625, -1227.7767333984375, -1227.8197021484375, -1227.8072509765625, -1227.7874755859375, -1227.8067626953125, -1227.7235107421875, -1227.7623291015625, -1227.7557373046875, -1227.7635498046875, -1227.7825927734375, -1227.7572021484375, -1227.8123779296875, -1227.7513427734375, -1227.7537841796875, -1227.7774658203125, -1227.6890869140625, -1227.7501220703125, -1227.7147216796875, -1227.7320556640625, -1227.7620849609375, -1227.7479248046875, -1227.7796630859375, -1227.7869873046875, -1227.8157958984375, -1227.7608642578125, -1227.7645263671875, -1227.8211669921875, -1227.7540283203125, -1227.7667236328125, -1227.7882080078125, -1227.7681884765625, -1227.7989501953125, -1227.7694091796875, -1227.8485107421875, -1227.7772216796875, -1227.8218994140625, -1227.8216552734375, -1227.7769775390625, -1227.7745361328125, -1227.7698974609375, -1227.8021240234375, -1227.7833251953125, -1227.7757568359375, -1227.7857666015625, -1227.7967529296875, -1227.8233642578125, -1227.7784423828125, -1227.7950439453125, -1227.7269287109375, -1227.8516845703125, -1227.8289794921875, -1227.8338623046875, -1227.8138427734375, -1227.8031005859375, -1227.8297119140625, -1227.8292236328125, -1227.8001708984375, -1227.7823486328125, -1227.8470458984375, -1227.8436279296875, -1227.8065185546875, -1227.8116455078125, -1227.8563232421875, -1227.8123779296875, -1227.8055419921875, -1227.8287353515625, -1227.8402099609375, -1227.8309326171875, -1227.7830810546875, -1227.8499755859375, -1227.8548583984375, -1227.8309326171875, -1227.8179931640625, -1227.8228759765625, -1227.8194580078125, -1227.7745361328125, -1227.7967529296875, -1227.8428955078125, -1227.8453369140625, -1227.8052978515625, -1227.8194580078125, -1227.8460693359375, -1227.8433837890625, -1227.8714599609375, -1227.8270263671875, -1227.8719482421875, -1227.9061279296875, -1227.8533935546875, -1227.8006591796875, -1227.8353271484375, -1227.8216552734375, -1227.8255615234375, -1227.8836669921875, -1227.8023681640625, -1227.8485107421875, -1227.8184814453125, -1227.7957763671875, -1227.8377685546875, -1227.7945556640625, -1227.8153076171875, -1227.8358154296875, -1227.7708740234375, -1227.8074951171875, -1227.8638916015625, -1227.8065185546875, -1227.8538818359375, -1227.8280029296875, -1227.8006591796875, -1227.8416748046875, -1227.8336181640625, -1227.8218994140625, -1227.8079833984375, -1227.8719482421875, -1227.8350830078125, -1227.8736572265625, -1227.8275146484375, -1227.8153076171875, -1227.7886962890625, -1227.8399658203125, -1227.8233642578125, -1227.8890380859375, -1227.8782958984375, -1227.8626708984375, -1227.8348388671875, -1227.8509521484375, -1227.8270263671875, -1227.8204345703125, -1227.8299560546875, -1227.8594970703125, -1227.8836669921875, -1227.8570556640625, -1227.8348388671875, -1227.8116455078125, -1227.8433837890625, -1227.7847900390625, -1227.7935791015625, -1227.7752685546875, -1227.8077392578125, -1227.7816162109375, -1227.8050537109375, -1227.7562255859375, -1227.7874755859375, -1227.7557373046875, -1227.7821044921875, -1227.8145751953125, -1227.8123779296875, -1227.8201904296875, -1227.8182373046875, -1227.8460693359375, -1227.8184814453125, -1227.8084716796875, -1227.8177490234375, -1227.7996826171875, -1227.7415771484375, -1227.8258056640625, -1227.7779541015625, -1227.7239990234375, -1227.7987060546875, -1227.7728271484375, -1227.7403564453125, -1227.7750244140625, -1227.7889404296875, -1227.8402099609375, -1227.7943115234375, -1227.7808837890625, -1227.8316650390625, -1227.8148193359375, -1227.8035888671875, -1227.8055419921875, -1227.7845458984375, -1227.7554931640625, -1227.8621826171875, -1227.8167724609375, -1227.7940673828125, -1227.8565673828125, -1227.8131103515625, -1227.7952880859375, -1227.8477783203125, -1227.7864990234375, -1227.8441162109375, -1227.8333740234375, -1227.8201904296875, -1227.7894287109375, -1227.8375244140625, -1227.7928466796875, -1227.8494873046875, -1227.8621826171875, -1227.8360595703125, -1227.8695068359375, -1227.8309326171875, -1227.8475341796875, -1227.8414306640625, -1227.8372802734375, -1227.8302001953125, -1227.7872314453125, -1227.8311767578125, -1227.8389892578125, -1227.8153076171875, -1227.8485107421875, -1227.8197021484375, -1227.7613525390625, -1227.8055419921875, -1227.8485107421875, -1227.8656005859375, -1227.8695068359375, -1227.8509521484375, -1227.8387451171875, -1227.8807373046875, -1227.8529052734375, -1227.8787841796875, -1227.8753662109375, -1227.8060302734375, -1227.8736572265625, -1227.8201904296875, -1227.8499755859375, -1227.8817138671875, -1227.8714599609375, -1227.8707275390625, -1227.8692626953125, -1227.8514404296875, -1227.8297119140625, -1227.8646240234375, -1227.8905029296875, -1227.8719482421875, -1227.8406982421875, -1227.9031982421875, -1227.8402099609375, -1227.8746337890625, -1227.8489990234375, -1227.8172607421875, -1227.8370361328125, -1227.8477783203125, -1227.8314208984375, -1227.8602294921875, -1227.8724365234375, -1227.8114013671875, -1227.8656005859375, -1227.8453369140625, -1227.8319091796875, -1227.8587646484375, -1227.8602294921875, -1227.8675537109375, -1227.8397216796875, -1227.8411865234375, -1227.8680419921875, -1227.8516845703125, -1227.8450927734375, -1227.8258056640625, -1227.9200439453125, -1227.9178466796875, -1227.8944091796875, -1227.8880615234375, -1227.9017333984375, -1227.8695068359375, -1227.8619384765625, -1227.8753662109375, -1227.8612060546875, -1227.8709716796875, -1227.8135986328125, -1227.8519287109375, -1227.7930908203125, -1227.8223876953125, -1227.8455810546875, -1227.7991943359375, -1227.7801513671875, -1227.8114013671875, -1227.8394775390625, -1227.8563232421875, -1227.8221435546875, -1227.8753662109375, -1227.8709716796875, -1227.8782958984375, -1227.8321533203125, -1227.8582763671875, -1227.8577880859375, -1227.8900146484375, -1227.9053955078125, -1227.8656005859375, -1227.8568115234375, -1227.8734130859375, -1227.8919677734375, -1227.8702392578125, -1227.8731689453125, -1227.9068603515625, -1227.8890380859375, -1227.8714599609375, -1227.9163818359375, -1227.9049072265625, -1227.8917236328125, -1227.9154052734375, -1227.9329833984375, -1227.8905029296875, -1227.8875732421875, -1227.9097900390625, -1227.9317626953125, -1227.9197998046875, -1227.8787841796875, -1227.9210205078125, -1227.9237060546875, -1227.9237060546875, -1227.8885498046875, -1227.9315185546875, -1227.9134521484375, -1227.8870849609375, -1227.8802490234375, -1227.8865966796875, -1227.8941650390625, -1227.8660888671875, -1227.8726806640625, -1227.8699951171875, -1227.8763427734375, -1227.8880615234375, -1227.8953857421875, -1227.8839111328125, -1227.8575439453125, -1227.8797607421875, -1227.9049072265625, -1227.8582763671875, -1227.8865966796875, -1227.8343505859375, -1227.8360595703125, -1227.8421630859375, -1227.8895263671875, -1227.9285888671875, -1227.9212646484375, -1227.9005126953125, -1227.9078369140625, -1227.8341064453125, -1227.8719482421875, -1227.9173583984375, -1227.8477783203125, -1227.8128662109375, -1227.8404541015625, -1227.8870849609375, -1227.8653564453125, -1227.8758544921875, -1227.9139404296875, -1227.9168701171875, -1227.8934326171875, -1227.8560791015625, -1227.8792724609375, -1227.9051513671875, -1227.8704833984375, -1227.8958740234375, -1227.9007568359375, -1227.8863525390625, -1227.8885498046875, -1227.8853759765625, -1227.8992919921875, -1227.8631591796875, -1227.9437255859375, -1227.8895263671875, -1227.9178466796875, -1227.8807373046875, -1227.8763427734375, -1227.9259033203125, -1227.8309326171875, -1227.9027099609375, -1227.8851318359375, -1227.8656005859375, -1227.9219970703125, -1227.8856201171875, -1227.8890380859375, -1227.8836669921875, -1227.8636474609375, -1227.8699951171875, -1227.8812255859375, -1227.8929443359375, -1227.8651123046875, -1227.9027099609375, -1227.8533935546875, -1227.8822021484375, -1227.8485107421875, -1227.8812255859375, -1227.9053955078125, -1227.8631591796875, -1227.8643798828125, -1227.8895263671875, -1227.8489990234375, -1227.8668212890625, -1227.8455810546875, -1227.9002685546875, -1227.9197998046875, -1227.9161376953125, -1227.8792724609375, -1227.8587646484375, -1227.8604736328125, -1227.8970947265625, -1227.8983154296875, -1227.8924560546875, -1227.8675537109375, -1227.8616943359375, -1227.8973388671875, -1227.8531494140625, -1227.9163818359375, -1227.9022216796875, -1227.8922119140625, -1227.9080810546875, -1227.8822021484375, -1227.9105224609375, -1227.9012451171875, -1227.9276123046875, -1227.8956298828125, -1227.8968505859375, -1227.8851318359375, -1227.8895263671875, -1227.9107666015625, -1227.9024658203125, -1227.9237060546875, -1227.8995361328125, -1227.8970947265625, -1227.8572998046875, -1227.9581298828125, -1227.8787841796875, -1227.9234619140625, -1227.9183349609375, -1227.8800048828125, -1227.8748779296875, -1227.8790283203125, -1227.8695068359375, -1227.9056396484375, -1227.8712158203125, -1227.8975830078125, -1227.8734130859375, -1227.9007568359375, -1227.8612060546875, -1227.9134521484375, -1227.9202880859375, -1227.8992919921875, -1227.8978271484375, -1227.8892822265625, -1227.8792724609375, -1227.9222412109375, -1227.9227294921875, -1227.8758544921875, -1227.8182373046875, -1227.9217529296875, -1227.8966064453125, -1227.9022216796875, -1227.9063720703125, -1227.9005126953125, -1227.8988037109375, -1227.9376220703125, -1227.9173583984375, -1227.9390869140625, -1227.8978271484375, -1227.9300537109375, -1227.9188232421875, -1227.9075927734375, -1227.9244384765625, -1227.9613037109375, -1227.9407958984375, -1227.9410400390625, -1227.9053955078125, -1227.8924560546875, -1227.8988037109375, -1227.8948974609375, -1227.9036865234375, -1227.9486083984375, -1227.8875732421875, -1227.9315185546875, -1227.8975830078125, -1227.9378662109375, -1227.9134521484375, -1227.9427490234375, -1227.9093017578125, -1227.9176025390625, -1227.9168701171875, -1227.8961181640625, -1227.9136962890625, -1227.8953857421875, -1227.8992919921875, -1227.9100341796875, -1227.9359130859375, -1227.9075927734375, -1227.8831787109375, -1227.9178466796875, -1227.8885498046875, -1227.9437255859375, -1227.9732666015625, -1227.9207763671875, -1227.9168701171875, -1227.9173583984375, -1227.9266357421875, -1227.9447021484375, -1227.9119873046875, -1227.9027099609375, -1227.9603271484375, -1227.9024658203125, -1227.8900146484375, -1227.8917236328125, -1227.9412841796875, -1227.9168701171875, -1227.9412841796875, -1227.9014892578125, -1227.9334716796875, -1227.9261474609375, -1227.9281005859375, -1227.9366455078125, -1227.8966064453125, -1227.9210205078125, -1227.9588623046875, -1227.9302978515625, -1227.9613037109375, -1227.9144287109375, -1227.9359130859375, -1227.9447021484375, -1227.9268798828125, -1227.8997802734375, -1227.8951416015625, -1227.9498291015625, -1227.9019775390625, -1227.9005126953125, -1227.9339599609375, -1227.9334716796875, -1227.9359130859375, -1227.9310302734375, -1227.9041748046875, -1227.9415283203125, -1227.9417724609375, -1227.9263916015625, -1227.9310302734375, -1227.9832763671875, -1227.9237060546875, -1227.9007568359375, -1227.9293212890625, -1227.9488525390625, -1227.9339599609375, -1227.9710693359375, -1227.9644775390625, -1227.9642333984375, -1227.9407958984375, -1227.9410400390625, -1227.9730224609375, -1227.9432373046875, -1227.9520263671875, -1227.8831787109375, -1227.9222412109375, -1227.9705810546875, -1227.9503173828125, -1227.9803466796875, -1227.9422607421875, -1227.9720458984375, -1227.9739990234375, -1227.9578857421875, -1227.9117431640625, -1227.9791259765625, -1227.9703369140625, -1227.9649658203125, -1227.9364013671875, -1227.9344482421875, -1227.9154052734375, -1227.9425048828125, -1227.9979248046875, -1227.9603271484375, -1227.9454345703125, -1227.9466552734375, -1227.9647216796875, -1227.9910888671875, -1227.9395751953125, -1227.9451904296875, -1227.9720458984375, -1227.9952392578125, -1227.9486083984375, -1227.9678955078125, -1227.9827880859375, -1227.9969482421875, -1227.9818115234375, -1227.9822998046875, -1227.9735107421875, -1227.9798583984375, -1227.9649658203125, -1227.9847412109375, -1227.9874267578125, -1227.9761962890625, -1227.9339599609375, -1227.9102783203125, -1227.9530029296875, -1227.9884033203125, -1227.9888916015625, -1227.9752197265625, -1227.9652099609375, -1227.9532470703125, -1227.9613037109375, -1227.9298095703125, -1227.9700927734375, -1227.9566650390625, -1227.9625244140625, -1227.9281005859375, -1227.9227294921875, -1227.9417724609375, -1227.8985595703125, -1227.9344482421875, -1227.9642333984375, -1227.9168701171875, -1227.9920654296875, -1227.8909912109375, -1227.9232177734375, -1227.8817138671875, -1227.9154052734375, -1227.9349365234375, -1227.8575439453125, -1227.9466552734375, -1227.9078369140625, -1227.8931884765625, -1227.9202880859375, -1227.9464111328125, -1227.9471435546875, -1227.9388427734375, -1227.9979248046875, -1227.9212646484375, -1227.9522705078125, -1227.9136962890625, -1227.9622802734375, -1227.9217529296875, -1227.9635009765625, -1227.9813232421875, -1227.9847412109375, -1227.9779052734375, -1227.9371337890625, -1227.9151611328125, -1227.9805908203125, -1227.9478759765625, -1227.9212646484375, -1227.9119873046875, -1227.9749755859375, -1227.9154052734375, -1227.9515380859375, -1227.9188232421875, -1227.9383544921875, -1227.8912353515625, -1227.9158935546875, -1227.9354248046875, -1227.9241943359375, -1227.8909912109375, -1227.9237060546875, -1227.9608154296875, -1227.9730224609375, -1227.9019775390625, -1227.9620361328125, -1227.8900146484375, -1227.9718017578125, -1227.9486083984375, -1227.9466552734375, -1227.9835205078125, -1227.9354248046875, -1228.0057373046875, -1227.9302978515625, -1227.9898681640625, -1227.9654541015625, -1227.9825439453125, -1227.9539794921875, -1227.9771728515625, -1227.9444580078125, -1227.9498291015625, -1228.0111083984375, -1227.9710693359375, -1227.9710693359375, -1227.9576416015625, -1227.9647216796875, -1227.9388427734375, -1227.9808349609375, -1227.9573974609375, -1227.9105224609375, -1227.9427490234375, -1227.9527587890625, -1227.9376220703125, -1227.8909912109375, -1227.9398193359375, -1227.9486083984375, -1227.9522705078125, -1227.9324951171875, -1227.9183349609375, -1227.9212646484375, -1227.9105224609375, -1227.8948974609375, -1227.9193115234375, -1227.9085693359375, -1227.9517822265625, -1227.9515380859375, -1227.9261474609375, -1227.9378662109375, -1227.9515380859375, -1227.9193115234375, -1227.9520263671875, -1227.9608154296875, -1227.9937744140625, -1227.9964599609375, -1227.9984130859375, -1227.9969482421875, -1228.0064697265625, -1228.0377197265625, -1227.9822998046875, -1227.9967041015625, -1228.0057373046875, -1228.0223388671875, -1227.9979248046875, -1228.0406494140625, -1227.9683837890625, -1227.9945068359375, -1227.9979248046875, -1227.9798583984375, -1228.0186767578125, -1227.9964599609375, -1227.9688720703125, -1228.0201416015625, -1227.9788818359375, -1227.9913330078125, -1228.0010986328125, -1227.9613037109375, -1227.9656982421875, -1227.9881591796875]}
Warning: Cholesky failed, using eigendecomposition fallback
{'mse': 0.010288269259035587, 'rmse': 0.10143110901117325, 'test_ll': -248800.1875, 'total_test_ll': -6220004864.0}
/cluster/tufts/hugheslab/swilli26/stat-patt-final/gp_vs_sngp/results/hyperparam_search/GP/CrazySin_1500_42/logs
/cluster/tufts/hugheslab/swilli26/stat-patt-final/gp_vs_sngp/results/hyperparam_search/logs/GP_VS_SNGP_25028896.out
/cluster/tufts/hugheslab/swilli26/stat-patt-final/gp_vs_sngp/results/hyperparam_search/logs/GP_VS_SNGP_25028896.err
