Starting imports...
Importing argparse...
Importing torch...
Importing os...
Importing sngp.train and sngp.model...
Importing gaussian_process...
Importing dataset...
Importing json...
ALL IMPORTS COMPLETE!
Parsing arguments...
Arguments parsed! Running GP on Sin with N=1500
Checking CUDA availability...
Using CPU
Making Datasets...
Making Model...
Training Gaussian Process...
Iter   0 | Loss: -798.989 | lengthscale: 1.010 | outputscale: 1.010 | noise: 0.198
Iter  10 | Loss: -903.487 | lengthscale: 1.066 | outputscale: 1.117 | noise: 0.179
Iter  20 | Loss: -996.500 | lengthscale: 1.103 | outputscale: 1.226 | noise: 0.163
Iter  30 | Loss: -1074.998 | lengthscale: 1.131 | outputscale: 1.332 | noise: 0.148
Iter  40 | Loss: -1136.671 | lengthscale: 1.161 | outputscale: 1.429 | noise: 0.136
Iter  50 | Loss: -1180.703 | lengthscale: 1.184 | outputscale: 1.513 | noise: 0.125
Iter  60 | Loss: -1208.284 | lengthscale: 1.201 | outputscale: 1.584 | noise: 0.117
Iter  70 | Loss: -1222.758 | lengthscale: 1.215 | outputscale: 1.642 | noise: 0.112
Iter  80 | Loss: -1228.735 | lengthscale: 1.225 | outputscale: 1.689 | noise: 0.108
Iter  90 | Loss: -1230.397 | lengthscale: 1.233 | outputscale: 1.728 | noise: 0.105
Iter 100 | Loss: -1230.665 | lengthscale: 1.239 | outputscale: 1.755 | noise: 0.104
Iter 110 | Loss: -1230.546 | lengthscale: 1.243 | outputscale: 1.771 | noise: 0.104
Iter 120 | Loss: -1230.682 | lengthscale: 1.244 | outputscale: 1.782 | noise: 0.104
Iter 130 | Loss: -1230.643 | lengthscale: 1.244 | outputscale: 1.781 | noise: 0.104
Iter 140 | Loss: -1230.634 | lengthscale: 1.244 | outputscale: 1.782 | noise: 0.104
Iter 150 | Loss: -1230.609 | lengthscale: 1.246 | outputscale: 1.788 | noise: 0.104
Iter 160 | Loss: -1230.661 | lengthscale: 1.246 | outputscale: 1.790 | noise: 0.104
Iter 170 | Loss: -1230.589 | lengthscale: 1.245 | outputscale: 1.790 | noise: 0.104
Iter 180 | Loss: -1230.662 | lengthscale: 1.247 | outputscale: 1.796 | noise: 0.104
Iter 190 | Loss: -1230.627 | lengthscale: 1.248 | outputscale: 1.800 | noise: 0.104
Iter 200 | Loss: -1230.654 | lengthscale: 1.247 | outputscale: 1.799 | noise: 0.104
Iter 210 | Loss: -1230.710 | lengthscale: 1.244 | outputscale: 1.787 | noise: 0.104
Iter 220 | Loss: -1230.651 | lengthscale: 1.243 | outputscale: 1.783 | noise: 0.104
Iter 230 | Loss: -1230.698 | lengthscale: 1.245 | outputscale: 1.785 | noise: 0.104
Iter 240 | Loss: -1230.702 | lengthscale: 1.245 | outputscale: 1.783 | noise: 0.104
Iter 250 | Loss: -1230.663 | lengthscale: 1.244 | outputscale: 1.780 | noise: 0.104
Iter 260 | Loss: -1230.664 | lengthscale: 1.244 | outputscale: 1.786 | noise: 0.104
Iter 270 | Loss: -1230.656 | lengthscale: 1.246 | outputscale: 1.799 | noise: 0.104
Iter 280 | Loss: -1230.654 | lengthscale: 1.249 | outputscale: 1.799 | noise: 0.104
Iter 290 | Loss: -1230.629 | lengthscale: 1.246 | outputscale: 1.786 | noise: 0.104
Iter 300 | Loss: -1230.641 | lengthscale: 1.243 | outputscale: 1.787 | noise: 0.104
Iter 310 | Loss: -1230.643 | lengthscale: 1.244 | outputscale: 1.788 | noise: 0.104
Iter 320 | Loss: -1230.653 | lengthscale: 1.246 | outputscale: 1.785 | noise: 0.104
Iter 330 | Loss: -1230.601 | lengthscale: 1.246 | outputscale: 1.790 | noise: 0.104
Iter 340 | Loss: -1230.614 | lengthscale: 1.248 | outputscale: 1.800 | noise: 0.104
Iter 350 | Loss: -1230.630 | lengthscale: 1.247 | outputscale: 1.799 | noise: 0.104
Iter 360 | Loss: -1230.694 | lengthscale: 1.249 | outputscale: 1.806 | noise: 0.104
Iter 370 | Loss: -1230.613 | lengthscale: 1.247 | outputscale: 1.791 | noise: 0.104
Iter 380 | Loss: -1230.635 | lengthscale: 1.243 | outputscale: 1.775 | noise: 0.104
Iter 390 | Loss: -1230.620 | lengthscale: 1.239 | outputscale: 1.760 | noise: 0.104
Iter 400 | Loss: -1230.660 | lengthscale: 1.243 | outputscale: 1.768 | noise: 0.104
Iter 410 | Loss: -1230.655 | lengthscale: 1.243 | outputscale: 1.784 | noise: 0.104
Iter 420 | Loss: -1230.623 | lengthscale: 1.247 | outputscale: 1.790 | noise: 0.104
Iter 430 | Loss: -1230.625 | lengthscale: 1.247 | outputscale: 1.791 | noise: 0.104
Iter 440 | Loss: -1230.641 | lengthscale: 1.244 | outputscale: 1.779 | noise: 0.104
Iter 450 | Loss: -1230.655 | lengthscale: 1.244 | outputscale: 1.778 | noise: 0.104
Iter 460 | Loss: -1230.667 | lengthscale: 1.245 | outputscale: 1.790 | noise: 0.104
Iter 470 | Loss: -1230.737 | lengthscale: 1.247 | outputscale: 1.783 | noise: 0.104
Iter 480 | Loss: -1230.685 | lengthscale: 1.242 | outputscale: 1.778 | noise: 0.104
Iter 490 | Loss: -1230.700 | lengthscale: 1.247 | outputscale: 1.789 | noise: 0.104
Iter 500 | Loss: -1230.668 | lengthscale: 1.246 | outputscale: 1.797 | noise: 0.104
Iter 510 | Loss: -1230.607 | lengthscale: 1.246 | outputscale: 1.792 | noise: 0.104
Iter 520 | Loss: -1230.617 | lengthscale: 1.243 | outputscale: 1.781 | noise: 0.104
Iter 530 | Loss: -1230.656 | lengthscale: 1.247 | outputscale: 1.794 | noise: 0.104
Iter 540 | Loss: -1230.635 | lengthscale: 1.248 | outputscale: 1.794 | noise: 0.104
Iter 550 | Loss: -1230.689 | lengthscale: 1.244 | outputscale: 1.790 | noise: 0.104
Iter 560 | Loss: -1230.691 | lengthscale: 1.248 | outputscale: 1.792 | noise: 0.104
Iter 570 | Loss: -1230.689 | lengthscale: 1.242 | outputscale: 1.779 | noise: 0.104
Iter 580 | Loss: -1230.679 | lengthscale: 1.244 | outputscale: 1.775 | noise: 0.104
Iter 590 | Loss: -1230.639 | lengthscale: 1.240 | outputscale: 1.764 | noise: 0.104
Iter 600 | Loss: -1230.661 | lengthscale: 1.245 | outputscale: 1.783 | noise: 0.104
Iter 610 | Loss: -1230.651 | lengthscale: 1.251 | outputscale: 1.815 | noise: 0.104
Iter 620 | Loss: -1230.689 | lengthscale: 1.250 | outputscale: 1.812 | noise: 0.104
Iter 630 | Loss: -1230.674 | lengthscale: 1.245 | outputscale: 1.792 | noise: 0.104
Iter 640 | Loss: -1230.703 | lengthscale: 1.243 | outputscale: 1.777 | noise: 0.104
Iter 650 | Loss: -1230.642 | lengthscale: 1.241 | outputscale: 1.768 | noise: 0.104
Iter 660 | Loss: -1230.673 | lengthscale: 1.244 | outputscale: 1.786 | noise: 0.104
Iter 670 | Loss: -1230.634 | lengthscale: 1.246 | outputscale: 1.792 | noise: 0.104
Iter 680 | Loss: -1230.603 | lengthscale: 1.244 | outputscale: 1.778 | noise: 0.104
Iter 690 | Loss: -1230.647 | lengthscale: 1.243 | outputscale: 1.775 | noise: 0.104
Iter 700 | Loss: -1230.680 | lengthscale: 1.243 | outputscale: 1.787 | noise: 0.104
Iter 710 | Loss: -1230.663 | lengthscale: 1.247 | outputscale: 1.784 | noise: 0.104
Iter 720 | Loss: -1230.600 | lengthscale: 1.241 | outputscale: 1.769 | noise: 0.104
Iter 730 | Loss: -1230.706 | lengthscale: 1.242 | outputscale: 1.772 | noise: 0.104
Iter 740 | Loss: -1230.680 | lengthscale: 1.247 | outputscale: 1.789 | noise: 0.104
Iter 750 | Loss: -1230.627 | lengthscale: 1.250 | outputscale: 1.814 | noise: 0.104
Iter 760 | Loss: -1230.700 | lengthscale: 1.250 | outputscale: 1.808 | noise: 0.104
Iter 770 | Loss: -1230.679 | lengthscale: 1.245 | outputscale: 1.782 | noise: 0.104
Iter 780 | Loss: -1230.628 | lengthscale: 1.245 | outputscale: 1.789 | noise: 0.104
Iter 790 | Loss: -1230.615 | lengthscale: 1.246 | outputscale: 1.795 | noise: 0.104
Iter 800 | Loss: -1230.641 | lengthscale: 1.248 | outputscale: 1.795 | noise: 0.104
Iter 810 | Loss: -1230.643 | lengthscale: 1.249 | outputscale: 1.803 | noise: 0.104
Iter 820 | Loss: -1230.654 | lengthscale: 1.248 | outputscale: 1.804 | noise: 0.104
Iter 830 | Loss: -1230.684 | lengthscale: 1.244 | outputscale: 1.794 | noise: 0.104
Iter 840 | Loss: -1230.657 | lengthscale: 1.242 | outputscale: 1.766 | noise: 0.104
Iter 850 | Loss: -1230.609 | lengthscale: 1.241 | outputscale: 1.758 | noise: 0.104
Iter 860 | Loss: -1230.609 | lengthscale: 1.242 | outputscale: 1.782 | noise: 0.104
Iter 870 | Loss: -1230.712 | lengthscale: 1.250 | outputscale: 1.801 | noise: 0.104
Iter 880 | Loss: -1230.717 | lengthscale: 1.249 | outputscale: 1.813 | noise: 0.104
Iter 890 | Loss: -1230.649 | lengthscale: 1.248 | outputscale: 1.798 | noise: 0.104
Iter 900 | Loss: -1230.658 | lengthscale: 1.244 | outputscale: 1.792 | noise: 0.104
Iter 910 | Loss: -1230.654 | lengthscale: 1.248 | outputscale: 1.796 | noise: 0.104
Iter 920 | Loss: -1230.704 | lengthscale: 1.247 | outputscale: 1.793 | noise: 0.104
Iter 930 | Loss: -1230.674 | lengthscale: 1.243 | outputscale: 1.786 | noise: 0.104
Iter 940 | Loss: -1230.659 | lengthscale: 1.249 | outputscale: 1.800 | noise: 0.104
Iter 950 | Loss: -1230.657 | lengthscale: 1.243 | outputscale: 1.781 | noise: 0.104
Iter 960 | Loss: -1230.667 | lengthscale: 1.242 | outputscale: 1.771 | noise: 0.104
Iter 970 | Loss: -1230.662 | lengthscale: 1.245 | outputscale: 1.782 | noise: 0.104
Iter 980 | Loss: -1230.638 | lengthscale: 1.244 | outputscale: 1.788 | noise: 0.104
Iter 990 | Loss: -1230.692 | lengthscale: 1.249 | outputscale: 1.802 | noise: 0.104
Iter 1000 | Loss: -1230.681 | lengthscale: 1.247 | outputscale: 1.795 | noise: 0.104
Iter 1010 | Loss: -1230.641 | lengthscale: 1.245 | outputscale: 1.793 | noise: 0.104
Iter 1020 | Loss: -1230.641 | lengthscale: 1.247 | outputscale: 1.801 | noise: 0.104
Iter 1030 | Loss: -1230.679 | lengthscale: 1.250 | outputscale: 1.807 | noise: 0.104
Iter 1040 | Loss: -1230.651 | lengthscale: 1.247 | outputscale: 1.799 | noise: 0.104
Iter 1050 | Loss: -1230.678 | lengthscale: 1.246 | outputscale: 1.790 | noise: 0.104
Iter 1060 | Loss: -1230.650 | lengthscale: 1.242 | outputscale: 1.772 | noise: 0.104
Iter 1070 | Loss: -1230.705 | lengthscale: 1.242 | outputscale: 1.774 | noise: 0.104
Iter 1080 | Loss: -1230.698 | lengthscale: 1.248 | outputscale: 1.795 | noise: 0.104
Iter 1090 | Loss: -1230.618 | lengthscale: 1.250 | outputscale: 1.808 | noise: 0.104
Iter 1100 | Loss: -1230.637 | lengthscale: 1.245 | outputscale: 1.781 | noise: 0.104
Iter 1110 | Loss: -1230.643 | lengthscale: 1.244 | outputscale: 1.786 | noise: 0.104
Iter 1120 | Loss: -1230.681 | lengthscale: 1.247 | outputscale: 1.797 | noise: 0.104
Iter 1130 | Loss: -1230.647 | lengthscale: 1.245 | outputscale: 1.775 | noise: 0.104
Iter 1140 | Loss: -1230.588 | lengthscale: 1.244 | outputscale: 1.789 | noise: 0.104
Iter 1150 | Loss: -1230.677 | lengthscale: 1.243 | outputscale: 1.777 | noise: 0.104
Iter 1160 | Loss: -1230.618 | lengthscale: 1.243 | outputscale: 1.781 | noise: 0.104
Iter 1170 | Loss: -1230.705 | lengthscale: 1.241 | outputscale: 1.779 | noise: 0.104
Iter 1180 | Loss: -1230.646 | lengthscale: 1.250 | outputscale: 1.801 | noise: 0.104
Iter 1190 | Loss: -1230.647 | lengthscale: 1.245 | outputscale: 1.789 | noise: 0.104
Iter 1200 | Loss: -1230.643 | lengthscale: 1.242 | outputscale: 1.764 | noise: 0.104
Iter 1210 | Loss: -1230.634 | lengthscale: 1.238 | outputscale: 1.747 | noise: 0.104
Iter 1220 | Loss: -1230.631 | lengthscale: 1.238 | outputscale: 1.754 | noise: 0.104
Iter 1230 | Loss: -1230.636 | lengthscale: 1.245 | outputscale: 1.780 | noise: 0.104
Iter 1240 | Loss: -1230.603 | lengthscale: 1.245 | outputscale: 1.796 | noise: 0.104
Iter 1250 | Loss: -1230.665 | lengthscale: 1.239 | outputscale: 1.762 | noise: 0.104
Iter 1260 | Loss: -1230.646 | lengthscale: 1.246 | outputscale: 1.783 | noise: 0.104
Iter 1270 | Loss: -1230.668 | lengthscale: 1.247 | outputscale: 1.797 | noise: 0.104
Iter 1280 | Loss: -1230.652 | lengthscale: 1.249 | outputscale: 1.805 | noise: 0.104
Iter 1290 | Loss: -1230.667 | lengthscale: 1.248 | outputscale: 1.793 | noise: 0.104
Iter 1300 | Loss: -1230.691 | lengthscale: 1.241 | outputscale: 1.771 | noise: 0.104
Iter 1310 | Loss: -1230.712 | lengthscale: 1.243 | outputscale: 1.774 | noise: 0.104
Iter 1320 | Loss: -1230.661 | lengthscale: 1.245 | outputscale: 1.774 | noise: 0.104
Iter 1330 | Loss: -1230.662 | lengthscale: 1.245 | outputscale: 1.785 | noise: 0.104
Iter 1340 | Loss: -1230.620 | lengthscale: 1.244 | outputscale: 1.781 | noise: 0.104
Iter 1350 | Loss: -1230.648 | lengthscale: 1.244 | outputscale: 1.778 | noise: 0.104
Iter 1360 | Loss: -1230.685 | lengthscale: 1.246 | outputscale: 1.786 | noise: 0.104
Iter 1370 | Loss: -1230.668 | lengthscale: 1.247 | outputscale: 1.784 | noise: 0.104
Iter 1380 | Loss: -1230.730 | lengthscale: 1.243 | outputscale: 1.784 | noise: 0.104
Iter 1390 | Loss: -1230.657 | lengthscale: 1.242 | outputscale: 1.777 | noise: 0.104
Iter 1400 | Loss: -1230.655 | lengthscale: 1.241 | outputscale: 1.767 | noise: 0.104
Iter 1410 | Loss: -1230.647 | lengthscale: 1.243 | outputscale: 1.787 | noise: 0.104
Iter 1420 | Loss: -1230.589 | lengthscale: 1.254 | outputscale: 1.822 | noise: 0.104
Iter 1430 | Loss: -1230.673 | lengthscale: 1.242 | outputscale: 1.778 | noise: 0.104
Iter 1440 | Loss: -1230.632 | lengthscale: 1.243 | outputscale: 1.778 | noise: 0.104
Iter 1450 | Loss: -1230.634 | lengthscale: 1.247 | outputscale: 1.795 | noise: 0.104
Iter 1460 | Loss: -1230.657 | lengthscale: 1.246 | outputscale: 1.801 | noise: 0.104
Iter 1470 | Loss: -1230.650 | lengthscale: 1.243 | outputscale: 1.772 | noise: 0.104
Iter 1480 | Loss: -1230.677 | lengthscale: 1.243 | outputscale: 1.776 | noise: 0.104
Iter 1490 | Loss: -1230.736 | lengthscale: 1.253 | outputscale: 1.823 | noise: 0.104
Iter 1500 | Loss: -1230.691 | lengthscale: 1.252 | outputscale: 1.813 | noise: 0.104
Iter 1510 | Loss: -1230.616 | lengthscale: 1.245 | outputscale: 1.791 | noise: 0.104
Iter 1520 | Loss: -1230.643 | lengthscale: 1.241 | outputscale: 1.768 | noise: 0.104
Iter 1530 | Loss: -1230.593 | lengthscale: 1.245 | outputscale: 1.786 | noise: 0.104
Iter 1540 | Loss: -1230.605 | lengthscale: 1.246 | outputscale: 1.798 | noise: 0.104
Iter 1550 | Loss: -1230.700 | lengthscale: 1.250 | outputscale: 1.821 | noise: 0.104
Iter 1560 | Loss: -1230.694 | lengthscale: 1.251 | outputscale: 1.808 | noise: 0.104
Iter 1570 | Loss: -1230.612 | lengthscale: 1.243 | outputscale: 1.780 | noise: 0.104
Iter 1580 | Loss: -1230.669 | lengthscale: 1.242 | outputscale: 1.780 | noise: 0.104
Iter 1590 | Loss: -1230.734 | lengthscale: 1.249 | outputscale: 1.801 | noise: 0.104
Iter 1600 | Loss: -1230.660 | lengthscale: 1.245 | outputscale: 1.789 | noise: 0.104
Iter 1610 | Loss: -1230.658 | lengthscale: 1.244 | outputscale: 1.782 | noise: 0.104
Iter 1620 | Loss: -1230.651 | lengthscale: 1.243 | outputscale: 1.773 | noise: 0.104
Iter 1630 | Loss: -1230.635 | lengthscale: 1.243 | outputscale: 1.774 | noise: 0.104
Iter 1640 | Loss: -1230.673 | lengthscale: 1.245 | outputscale: 1.783 | noise: 0.104
Iter 1650 | Loss: -1230.637 | lengthscale: 1.247 | outputscale: 1.796 | noise: 0.104
Iter 1660 | Loss: -1230.685 | lengthscale: 1.248 | outputscale: 1.802 | noise: 0.104
Iter 1670 | Loss: -1230.642 | lengthscale: 1.245 | outputscale: 1.781 | noise: 0.104
Iter 1680 | Loss: -1230.629 | lengthscale: 1.242 | outputscale: 1.771 | noise: 0.104
Iter 1690 | Loss: -1230.621 | lengthscale: 1.246 | outputscale: 1.779 | noise: 0.104
Iter 1700 | Loss: -1230.660 | lengthscale: 1.250 | outputscale: 1.818 | noise: 0.104
Iter 1710 | Loss: -1230.687 | lengthscale: 1.243 | outputscale: 1.785 | noise: 0.104
Iter 1720 | Loss: -1230.676 | lengthscale: 1.244 | outputscale: 1.780 | noise: 0.104
Iter 1730 | Loss: -1230.590 | lengthscale: 1.244 | outputscale: 1.781 | noise: 0.104
Iter 1740 | Loss: -1230.666 | lengthscale: 1.245 | outputscale: 1.779 | noise: 0.104
Iter 1750 | Loss: -1230.652 | lengthscale: 1.242 | outputscale: 1.773 | noise: 0.104
Iter 1760 | Loss: -1230.665 | lengthscale: 1.247 | outputscale: 1.788 | noise: 0.104
Iter 1770 | Loss: -1230.641 | lengthscale: 1.245 | outputscale: 1.787 | noise: 0.104
Iter 1780 | Loss: -1230.604 | lengthscale: 1.250 | outputscale: 1.811 | noise: 0.104
Iter 1790 | Loss: -1230.660 | lengthscale: 1.246 | outputscale: 1.792 | noise: 0.104
Iter 1800 | Loss: -1230.672 | lengthscale: 1.241 | outputscale: 1.766 | noise: 0.104
Iter 1810 | Loss: -1230.705 | lengthscale: 1.239 | outputscale: 1.755 | noise: 0.104
Iter 1820 | Loss: -1230.604 | lengthscale: 1.245 | outputscale: 1.772 | noise: 0.104
Iter 1830 | Loss: -1230.675 | lengthscale: 1.247 | outputscale: 1.802 | noise: 0.104
Iter 1840 | Loss: -1230.631 | lengthscale: 1.249 | outputscale: 1.814 | noise: 0.104
Iter 1850 | Loss: -1230.708 | lengthscale: 1.251 | outputscale: 1.811 | noise: 0.104
Iter 1860 | Loss: -1230.657 | lengthscale: 1.241 | outputscale: 1.760 | noise: 0.104
Iter 1870 | Loss: -1230.626 | lengthscale: 1.235 | outputscale: 1.743 | noise: 0.104
Iter 1880 | Loss: -1230.623 | lengthscale: 1.240 | outputscale: 1.760 | noise: 0.104
Iter 1890 | Loss: -1230.610 | lengthscale: 1.248 | outputscale: 1.803 | noise: 0.104
Iter 1900 | Loss: -1230.693 | lengthscale: 1.244 | outputscale: 1.778 | noise: 0.104
Iter 1910 | Loss: -1230.671 | lengthscale: 1.240 | outputscale: 1.762 | noise: 0.104
Iter 1920 | Loss: -1230.631 | lengthscale: 1.243 | outputscale: 1.784 | noise: 0.104
Iter 1930 | Loss: -1230.632 | lengthscale: 1.244 | outputscale: 1.791 | noise: 0.104
Iter 1940 | Loss: -1230.687 | lengthscale: 1.243 | outputscale: 1.769 | noise: 0.104
Iter 1950 | Loss: -1230.654 | lengthscale: 1.243 | outputscale: 1.775 | noise: 0.104
Iter 1960 | Loss: -1230.652 | lengthscale: 1.246 | outputscale: 1.787 | noise: 0.104
Iter 1970 | Loss: -1230.606 | lengthscale: 1.241 | outputscale: 1.775 | noise: 0.104
Iter 1980 | Loss: -1230.676 | lengthscale: 1.246 | outputscale: 1.782 | noise: 0.104
Iter 1990 | Loss: -1230.673 | lengthscale: 1.238 | outputscale: 1.759 | noise: 0.104
Iter 2000 | Loss: -1230.610 | lengthscale: 1.238 | outputscale: 1.761 | noise: 0.104
Iter 2010 | Loss: -1230.720 | lengthscale: 1.248 | outputscale: 1.805 | noise: 0.104
Iter 2020 | Loss: -1230.675 | lengthscale: 1.249 | outputscale: 1.801 | noise: 0.104
Iter 2030 | Loss: -1230.645 | lengthscale: 1.246 | outputscale: 1.788 | noise: 0.104
Iter 2040 | Loss: -1230.647 | lengthscale: 1.245 | outputscale: 1.783 | noise: 0.104
Iter 2050 | Loss: -1230.695 | lengthscale: 1.244 | outputscale: 1.785 | noise: 0.104
Iter 2060 | Loss: -1230.702 | lengthscale: 1.243 | outputscale: 1.778 | noise: 0.104
Iter 2070 | Loss: -1230.629 | lengthscale: 1.247 | outputscale: 1.785 | noise: 0.104
Iter 2080 | Loss: -1230.668 | lengthscale: 1.245 | outputscale: 1.785 | noise: 0.104
Iter 2090 | Loss: -1230.631 | lengthscale: 1.249 | outputscale: 1.809 | noise: 0.104
Iter 2100 | Loss: -1230.690 | lengthscale: 1.250 | outputscale: 1.809 | noise: 0.104
Iter 2110 | Loss: -1230.610 | lengthscale: 1.240 | outputscale: 1.762 | noise: 0.104
Iter 2120 | Loss: -1230.626 | lengthscale: 1.238 | outputscale: 1.759 | noise: 0.104
Iter 2130 | Loss: -1230.639 | lengthscale: 1.244 | outputscale: 1.787 | noise: 0.104
Iter 2140 | Loss: -1230.676 | lengthscale: 1.256 | outputscale: 1.836 | noise: 0.104
Iter 2150 | Loss: -1230.661 | lengthscale: 1.250 | outputscale: 1.811 | noise: 0.104
Iter 2160 | Loss: -1230.583 | lengthscale: 1.241 | outputscale: 1.764 | noise: 0.104
Iter 2170 | Loss: -1230.629 | lengthscale: 1.246 | outputscale: 1.795 | noise: 0.104
Iter 2180 | Loss: -1230.634 | lengthscale: 1.240 | outputscale: 1.765 | noise: 0.104
Iter 2190 | Loss: -1230.683 | lengthscale: 1.243 | outputscale: 1.780 | noise: 0.104
Iter 2200 | Loss: -1230.623 | lengthscale: 1.244 | outputscale: 1.782 | noise: 0.104
Iter 2210 | Loss: -1230.692 | lengthscale: 1.242 | outputscale: 1.762 | noise: 0.104
Iter 2220 | Loss: -1230.638 | lengthscale: 1.244 | outputscale: 1.786 | noise: 0.104
Iter 2230 | Loss: -1230.631 | lengthscale: 1.243 | outputscale: 1.779 | noise: 0.104
Iter 2240 | Loss: -1230.637 | lengthscale: 1.244 | outputscale: 1.785 | noise: 0.104
Iter 2250 | Loss: -1230.623 | lengthscale: 1.246 | outputscale: 1.784 | noise: 0.104
Iter 2260 | Loss: -1230.580 | lengthscale: 1.237 | outputscale: 1.747 | noise: 0.104
Iter 2270 | Loss: -1230.641 | lengthscale: 1.240 | outputscale: 1.756 | noise: 0.104
Iter 2280 | Loss: -1230.694 | lengthscale: 1.245 | outputscale: 1.803 | noise: 0.104
Iter 2290 | Loss: -1230.680 | lengthscale: 1.251 | outputscale: 1.818 | noise: 0.104
Iter 2300 | Loss: -1230.631 | lengthscale: 1.245 | outputscale: 1.775 | noise: 0.104
Iter 2310 | Loss: -1230.663 | lengthscale: 1.238 | outputscale: 1.757 | noise: 0.104
Iter 2320 | Loss: -1230.615 | lengthscale: 1.235 | outputscale: 1.743 | noise: 0.104
Iter 2330 | Loss: -1230.609 | lengthscale: 1.246 | outputscale: 1.794 | noise: 0.104
Iter 2340 | Loss: -1230.705 | lengthscale: 1.252 | outputscale: 1.817 | noise: 0.104
Iter 2350 | Loss: -1230.674 | lengthscale: 1.249 | outputscale: 1.805 | noise: 0.104
Iter 2360 | Loss: -1230.654 | lengthscale: 1.241 | outputscale: 1.757 | noise: 0.104
Iter 2370 | Loss: -1230.652 | lengthscale: 1.241 | outputscale: 1.769 | noise: 0.104
Iter 2380 | Loss: -1230.645 | lengthscale: 1.252 | outputscale: 1.820 | noise: 0.104
Iter 2390 | Loss: -1230.624 | lengthscale: 1.249 | outputscale: 1.811 | noise: 0.104
Iter 2400 | Loss: -1230.671 | lengthscale: 1.243 | outputscale: 1.776 | noise: 0.104
Iter 2410 | Loss: -1230.652 | lengthscale: 1.241 | outputscale: 1.767 | noise: 0.104
Iter 2420 | Loss: -1230.659 | lengthscale: 1.247 | outputscale: 1.791 | noise: 0.104
Iter 2430 | Loss: -1230.629 | lengthscale: 1.245 | outputscale: 1.790 | noise: 0.104
Iter 2440 | Loss: -1230.626 | lengthscale: 1.240 | outputscale: 1.765 | noise: 0.104
Iter 2450 | Loss: -1230.645 | lengthscale: 1.240 | outputscale: 1.765 | noise: 0.104
Iter 2460 | Loss: -1230.662 | lengthscale: 1.246 | outputscale: 1.790 | noise: 0.104
Iter 2470 | Loss: -1230.686 | lengthscale: 1.244 | outputscale: 1.792 | noise: 0.104
Iter 2480 | Loss: -1230.654 | lengthscale: 1.244 | outputscale: 1.788 | noise: 0.104
Iter 2490 | Loss: -1230.658 | lengthscale: 1.244 | outputscale: 1.785 | noise: 0.104
Iter 2499 | Loss: -1230.680 | lengthscale: 1.240 | outputscale: 1.762 | noise: 0.104
Learned Hyperparams:  {'lengthscale': 1.2396457195281982, 'outputscale': 1.7616064548492432, 'noise': 0.1040172129869461, 'marginal_likelihood_loss_history': [-798.9886474609375, -809.8719482421875, -820.6649169921875, -831.3702392578125, -841.9757080078125, -852.4808349609375, -862.8929443359375, -873.1986083984375, -883.4017333984375, -893.4998779296875, -903.4866943359375, -913.3572998046875, -923.1087646484375, -932.7366943359375, -942.2415771484375, -951.6219482421875, -960.8721923828125, -969.9884033203125, -978.9674072265625, -987.8055419921875, -996.4996337890625, -1005.0487060546875, -1013.4520263671875, -1021.7030029296875, -1029.7960205078125, -1037.7374267578125, -1045.5230712890625, -1053.1331787109375, -1060.5943603515625, -1067.8763427734375, -1074.9984130859375, -1081.9515380859375, -1088.7386474609375, -1095.3372802734375, -1101.7784423828125, -1108.0255126953125, -1114.1094970703125, -1120.0245361328125, -1125.7449951171875, -1131.2984619140625, -1136.6710205078125, -1141.8609619140625, -1146.8787841796875, -1151.7132568359375, -1156.3675537109375, -1160.8370361328125, -1165.1751708984375, -1169.3052978515625, -1173.2645263671875, -1177.0860595703125, -1180.7032470703125, -1184.1536865234375, -1187.4232177734375, -1190.5882568359375, -1193.5399169921875, -1196.3775634765625, -1199.0587158203125, -1201.5687255859375, -1203.9464111328125, -1206.1781005859375, -1208.2840576171875, -1210.2586669921875, -1212.0428466796875, -1213.7884521484375, -1215.4207763671875, -1216.9056396484375, -1218.3065185546875, -1219.5745849609375, -1220.7342529296875, -1221.8114013671875, -1222.7584228515625, -1223.6624755859375, -1224.4698486328125, -1225.2186279296875, -1225.9217529296875, -1226.5633544921875, -1227.0828857421875, -1227.5938720703125, -1227.9920654296875, -1228.4095458984375, -1228.7352294921875, -1229.0233154296875, -1229.2972412109375, -1229.5279541015625, -1229.6947021484375, -1229.8392333984375, -1230.0111083984375, -1230.1405029296875, -1230.2303466796875, -1230.2911376953125, -1230.3968505859375, -1230.5113525390625, -1230.4979248046875, -1230.5799560546875, -1230.6588134765625, -1230.5692138671875, -1230.6156005859375, -1230.6160888671875, -1230.6761474609375, -1230.6561279296875, -1230.6654052734375, -1230.6610107421875, -1230.6715087890625, -1230.6595458984375, -1230.6790771484375, -1230.6143798828125, -1230.6021728515625, -1230.6488037109375, -1230.6026611328125, -1230.6170654296875, -1230.5457763671875, -1230.6510009765625, -1230.6175537109375, -1230.6424560546875, -1230.6500244140625, -1230.6209716796875, -1230.6151123046875, -1230.7183837890625, -1230.6190185546875, -1230.6112060546875, -1230.6820068359375, -1230.6842041015625, -1230.6636962890625, -1230.6285400390625, -1230.5731201171875, -1230.6370849609375, -1230.6224365234375, -1230.6051025390625, -1230.6353759765625, -1230.6519775390625, -1230.6429443359375, -1230.6175537109375, -1230.6429443359375, -1230.6009521484375, -1230.6302490234375, -1230.6505126953125, -1230.6182861328125, -1230.5958251953125, -1230.5919189453125, -1230.6617431640625, -1230.6336669921875, -1230.6378173828125, -1230.6488037109375, -1230.6837158203125, -1230.6287841796875, -1230.6507568359375, -1230.5994873046875, -1230.6424560546875, -1230.6656494140625, -1230.6253662109375, -1230.6085205078125, -1230.6539306640625, -1230.6790771484375, -1230.6273193359375, -1230.6722412109375, -1230.6370849609375, -1230.6912841796875, -1230.6566162109375, -1230.6737060546875, -1230.7034912109375, -1230.6605224609375, -1230.6697998046875, -1230.6107177734375, -1230.6072998046875, -1230.6688232421875, -1230.6927490234375, -1230.6842041015625, -1230.6744384765625, -1230.6976318359375, -1230.6795654296875, -1230.5887451171875, -1230.6768798828125, -1230.6990966796875, -1230.5621337890625, -1230.6195068359375, -1230.6375732421875, -1230.6707763671875, -1230.6749267578125, -1230.6727294921875, -1230.6644287109375, -1230.6624755859375, -1230.5887451171875, -1230.6160888671875, -1230.6429443359375, -1230.6329345703125, -1230.6378173828125, -1230.6644287109375, -1230.6500244140625, -1230.6446533203125, -1230.6434326171875, -1230.6273193359375, -1230.6444091796875, -1230.6771240234375, -1230.6512451171875, -1230.6087646484375, -1230.6016845703125, -1230.6112060546875, -1230.5950927734375, -1230.6785888671875, -1230.6175537109375, -1230.6544189453125, -1230.6861572265625, -1230.6639404296875, -1230.6685791015625, -1230.6759033203125, -1230.6258544921875, -1230.5892333984375, -1230.5999755859375, -1230.6771240234375, -1230.6322021484375, -1230.7098388671875, -1230.6790771484375, -1230.6644287109375, -1230.6280517578125, -1230.6673583984375, -1230.6414794921875, -1230.6478271484375, -1230.6551513671875, -1230.6331787109375, -1230.6197509765625, -1230.6512451171875, -1230.6649169921875, -1230.6820068359375, -1230.6619873046875, -1230.6492919921875, -1230.6317138671875, -1230.6973876953125, -1230.6370849609375, -1230.6702880859375, -1230.6212158203125, -1230.6976318359375, -1230.6395263671875, -1230.6038818359375, -1230.6331787109375, -1230.6182861328125, -1230.6561279296875, -1230.6646728515625, -1230.6600341796875, -1230.6766357421875, -1230.6131591796875, -1230.7015380859375, -1230.6451416015625, -1230.6317138671875, -1230.6737060546875, -1230.6883544921875, -1230.6607666015625, -1230.6209716796875, -1230.6839599609375, -1230.6387939453125, -1230.6617431640625, -1230.6627197265625, -1230.6947021484375, -1230.6761474609375, -1230.6680908203125, -1230.6295166015625, -1230.6414794921875, -1230.6632080078125, -1230.6514892578125, -1230.6563720703125, -1230.6644287109375, -1230.6639404296875, -1230.7005615234375, -1230.6671142578125, -1230.6375732421875, -1230.6849365234375, -1230.6434326171875, -1230.6312255859375, -1230.6795654296875, -1230.6468505859375, -1230.6712646484375, -1230.6556396484375, -1230.6346435546875, -1230.6744384765625, -1230.6566162109375, -1230.6783447265625, -1230.6339111328125, -1230.6610107421875, -1230.6629638671875, -1230.6580810546875, -1230.6409912109375, -1230.6536865234375, -1230.6383056640625, -1230.7264404296875, -1230.6812744140625, -1230.6624755859375, -1230.6556396484375, -1230.6556396484375, -1230.6815185546875, -1230.6273193359375, -1230.6561279296875, -1230.6287841796875, -1230.6414794921875, -1230.6954345703125, -1230.6380615234375, -1230.6644287109375, -1230.6712646484375, -1230.6246337890625, -1230.6639404296875, -1230.6634521484375, -1230.7117919921875, -1230.6414794921875, -1230.6693115234375, -1230.6800537109375, -1230.6527099609375, -1230.6903076171875, -1230.6234130859375, -1230.6243896484375, -1230.6517333984375, -1230.6561279296875, -1230.7025146484375, -1230.6429443359375, -1230.6756591796875, -1230.6907958984375, -1230.6175537109375, -1230.6605224609375, -1230.6768798828125, -1230.7044677734375, -1230.6258544921875, -1230.6248779296875, -1230.6986083984375, -1230.6531982421875, -1230.6641845703125, -1230.6468505859375, -1230.6370849609375, -1230.6407470703125, -1230.6485595703125, -1230.6595458984375, -1230.6610107421875, -1230.6517333984375, -1230.6170654296875, -1230.6014404296875, -1230.6844482421875, -1230.6534423828125, -1230.6336669921875, -1230.6864013671875, -1230.5902099609375, -1230.6849365234375, -1230.5770263671875, -1230.6190185546875, -1230.6248779296875, -1230.6136474609375, -1230.6214599609375, -1230.6444091796875, -1230.6307373046875, -1230.6876220703125, -1230.6207275390625, -1230.5704345703125, -1230.6610107421875, -1230.6688232421875, -1230.6802978515625, -1230.6297607421875, -1230.6844482421875, -1230.6566162109375, -1230.6641845703125, -1230.6146240234375, -1230.6988525390625, -1230.6551513671875, -1230.6475830078125, -1230.6297607421875, -1230.6419677734375, -1230.6942138671875, -1230.6483154296875, -1230.6202392578125, -1230.6273193359375, -1230.6590576171875, -1230.6473388671875, -1230.6292724609375, -1230.6654052734375, -1230.6546630859375, -1230.6942138671875, -1230.6134033203125, -1230.6234130859375, -1230.6185302734375, -1230.7166748046875, -1230.6282958984375, -1230.6146240234375, -1230.6517333984375, -1230.6590576171875, -1230.6971435546875, -1230.6246337890625, -1230.6346435546875, -1230.6192626953125, -1230.6282958984375, -1230.6090087890625, -1230.6439208984375, -1230.6795654296875, -1230.6956787109375, -1230.6365966796875, -1230.6539306640625, -1230.6446533203125, -1230.6204833984375, -1230.6268310546875, -1230.5802001953125, -1230.6221923828125, -1230.6673583984375, -1230.6956787109375, -1230.6383056640625, -1230.6312255859375, -1230.6573486328125, -1230.6676025390625, -1230.6595458984375, -1230.6248779296875, -1230.6566162109375, -1230.6285400390625, -1230.6590576171875, -1230.6195068359375, -1230.6331787109375, -1230.6175537109375, -1230.6495361328125, -1230.6341552734375, -1230.6551513671875, -1230.6156005859375, -1230.6805419921875, -1230.6556396484375, -1230.6263427734375, -1230.6265869140625, -1230.6341552734375, -1230.6724853515625, -1230.6666259765625, -1230.6690673828125, -1230.6229248046875, -1230.6427001953125, -1230.7127685546875, -1230.6343994140625, -1230.6192626953125, -1230.6409912109375, -1230.6595458984375, -1230.6302490234375, -1230.6478271484375, -1230.6112060546875, -1230.6253662109375, -1230.6297607421875, -1230.6771240234375, -1230.6517333984375, -1230.6661376953125, -1230.6488037109375, -1230.6986083984375, -1230.6326904296875, -1230.6468505859375, -1230.6656494140625, -1230.6414794921875, -1230.6444091796875, -1230.6400146484375, -1230.6412353515625, -1230.6461181640625, -1230.5977783203125, -1230.6248779296875, -1230.7352294921875, -1230.6036376953125, -1230.5914306640625, -1230.6546630859375, -1230.6141357421875, -1230.6370849609375, -1230.6434326171875, -1230.6766357421875, -1230.6473388671875, -1230.6614990234375, -1230.6058349609375, -1230.6612548828125, -1230.6202392578125, -1230.6673583984375, -1230.6456298828125, -1230.6290283203125, -1230.7098388671875, -1230.6829833984375, -1230.7056884765625, -1230.6507568359375, -1230.6502685546875, -1230.6832275390625, -1230.6248779296875, -1230.7374267578125, -1230.6566162109375, -1230.7264404296875, -1230.6246337890625, -1230.6864013671875, -1230.6612548828125, -1230.6473388671875, -1230.6756591796875, -1230.6593017578125, -1230.6827392578125, -1230.6854248046875, -1230.6727294921875, -1230.6688232421875, -1230.6673583984375, -1230.6678466796875, -1230.7225341796875, -1230.6534423828125, -1230.6688232421875, -1230.6488037109375, -1230.6131591796875, -1230.6995849609375, -1230.6458740234375, -1230.6820068359375, -1230.6954345703125, -1230.6737060546875, -1230.6356201171875, -1230.6243896484375, -1230.6463623046875, -1230.6092529296875, -1230.6378173828125, -1230.6676025390625, -1230.6697998046875, -1230.6324462890625, -1230.6654052734375, -1230.6058349609375, -1230.6265869140625, -1230.6021728515625, -1230.6619873046875, -1230.6605224609375, -1230.6646728515625, -1230.6068115234375, -1230.6629638671875, -1230.6776123046875, -1230.6636962890625, -1230.6854248046875, -1230.6234130859375, -1230.6905517578125, -1230.6397705078125, -1230.6268310546875, -1230.6348876953125, -1230.6173095703125, -1230.5748291015625, -1230.6846923828125, -1230.6282958984375, -1230.6622314453125, -1230.6678466796875, -1230.7249755859375, -1230.6844482421875, -1230.6165771484375, -1230.6820068359375, -1230.6556396484375, -1230.7073974609375, -1230.6075439453125, -1230.6324462890625, -1230.6236572265625, -1230.6712646484375, -1230.7247314453125, -1230.6326904296875, -1230.6654052734375, -1230.6622314453125, -1230.6346435546875, -1230.6771240234375, -1230.6502685546875, -1230.6480712890625, -1230.7515869140625, -1230.6900634765625, -1230.7078857421875, -1230.6893310546875, -1230.7210693359375, -1230.7039794921875, -1230.6890869140625, -1230.6414794921875, -1230.6644287109375, -1230.6502685546875, -1230.6385498046875, -1230.6693115234375, -1230.6202392578125, -1230.6456298828125, -1230.6785888671875, -1230.6475830078125, -1230.6907958984375, -1230.7230224609375, -1230.7042236328125, -1230.5858154296875, -1230.6080322265625, -1230.6092529296875, -1230.6688232421875, -1230.7030029296875, -1230.7210693359375, -1230.6907958984375, -1230.6888427734375, -1230.6463623046875, -1230.6173095703125, -1230.6910400390625, -1230.6400146484375, -1230.6646728515625, -1230.6903076171875, -1230.6270751953125, -1230.6580810546875, -1230.6209716796875, -1230.6793212890625, -1230.6741943359375, -1230.5782470703125, -1230.6295166015625, -1230.6451416015625, -1230.6253662109375, -1230.6158447265625, -1230.6683349609375, -1230.6634521484375, -1230.6939697265625, -1230.6390380859375, -1230.6239013671875, -1230.6483154296875, -1230.6646728515625, -1230.6160888671875, -1230.6180419921875, -1230.6292724609375, -1230.6209716796875, -1230.6141357421875, -1230.6812744140625, -1230.6610107421875, -1230.6600341796875, -1230.6785888671875, -1230.6668701171875, -1230.6898193359375, -1230.6439208984375, -1230.7025146484375, -1230.6124267578125, -1230.6507568359375, -1230.6937255859375, -1230.6507568359375, -1230.6805419921875, -1230.6595458984375, -1230.6649169921875, -1230.7176513671875, -1230.6783447265625, -1230.6571044921875, -1230.6544189453125, -1230.6531982421875, -1230.6951904296875, -1230.6888427734375, -1230.6395263671875, -1230.6651611328125, -1230.6697998046875, -1230.5924072265625, -1230.6414794921875, -1230.6365966796875, -1230.6619873046875, -1230.5916748046875, -1230.6173095703125, -1230.6741943359375, -1230.5906982421875, -1230.6668701171875, -1230.6431884765625, -1230.6300048828125, -1230.6348876953125, -1230.6456298828125, -1230.6573486328125, -1230.6566162109375, -1230.6351318359375, -1230.7025146484375, -1230.6817626953125, -1230.6385498046875, -1230.6798095703125, -1230.6343994140625, -1230.6973876953125, -1230.6488037109375, -1230.6571044921875, -1230.6422119140625, -1230.6646728515625, -1230.6419677734375, -1230.6646728515625, -1230.6258544921875, -1230.6661376953125, -1230.6278076171875, -1230.6776123046875, -1230.6463623046875, -1230.7181396484375, -1230.6497802734375, -1230.6375732421875, -1230.6732177734375, -1230.6951904296875, -1230.6395263671875, -1230.6424560546875, -1230.6644287109375, -1230.6419677734375, -1230.6585693359375, -1230.6199951171875, -1230.6781005859375, -1230.6173095703125, -1230.6336669921875, -1230.6722412109375, -1230.6414794921875, -1230.6470947265625, -1230.6483154296875, -1230.6510009765625, -1230.6400146484375, -1230.6925048828125, -1230.6700439453125, -1230.6434326171875, -1230.6033935546875, -1230.6395263671875, -1230.6705322265625, -1230.6468505859375, -1230.6160888671875, -1230.6160888671875, -1230.7108154296875, -1230.6468505859375, -1230.6185302734375, -1230.6693115234375, -1230.6468505859375, -1230.6927490234375, -1230.6243896484375, -1230.6741943359375, -1230.6549072265625, -1230.6156005859375, -1230.6195068359375, -1230.6124267578125, -1230.6253662109375, -1230.6490478515625, -1230.6795654296875, -1230.7032470703125, -1230.6492919921875, -1230.5960693359375, -1230.6859130859375, -1230.5887451171875, -1230.6470947265625, -1230.6436767578125, -1230.6749267578125, -1230.6304931640625, -1230.6627197265625, -1230.6807861328125, -1230.6146240234375, -1230.6837158203125, -1230.6478271484375, -1230.6458740234375, -1230.6253662109375, -1230.6439208984375, -1230.6785888671875, -1230.6634521484375, -1230.5999755859375, -1230.6314697265625, -1230.6395263671875, -1230.6827392578125, -1230.6165771484375, -1230.6307373046875, -1230.7174072265625, -1230.6527099609375, -1230.6505126953125, -1230.6168212890625, -1230.7059326171875, -1230.6336669921875, -1230.6234130859375, -1230.6124267578125, -1230.6243896484375, -1230.6800537109375, -1230.6744384765625, -1230.5965576171875, -1230.6531982421875, -1230.6248779296875, -1230.6800537109375, -1230.5889892578125, -1230.6392822265625, -1230.6243896484375, -1230.6400146484375, -1230.7254638671875, -1230.6563720703125, -1230.5606689453125, -1230.6832275390625, -1230.6588134765625, -1230.6268310546875, -1230.7049560546875, -1230.6480712890625, -1230.7054443359375, -1230.7222900390625, -1230.6688232421875, -1230.6246337890625, -1230.6824951171875, -1230.6949462890625, -1230.7401123046875, -1230.6995849609375, -1230.6094970703125, -1230.6456298828125, -1230.6820068359375, -1230.6160888671875, -1230.6502685546875, -1230.6268310546875, -1230.6785888671875, -1230.6385498046875, -1230.6158447265625, -1230.6785888671875, -1230.6451416015625, -1230.6031494140625, -1230.6522216796875, -1230.6951904296875, -1230.6639404296875, -1230.6224365234375, -1230.7088623046875, -1230.6466064453125, -1230.6458740234375, -1230.6282958984375, -1230.7027587890625, -1230.6683349609375, -1230.6590576171875, -1230.6976318359375, -1230.5740966796875, -1230.6688232421875, -1230.6068115234375, -1230.6937255859375, -1230.6702880859375, -1230.6151123046875, -1230.6715087890625, -1230.6441650390625, -1230.7098388671875, -1230.6622314453125, -1230.6627197265625, -1230.6019287109375, -1230.6395263671875, -1230.6319580078125, -1230.6903076171875, -1230.6405029296875, -1230.6197509765625, -1230.5980224609375, -1230.6331787109375, -1230.6358642578125, -1230.6373291015625, -1230.6820068359375, -1230.6502685546875, -1230.6263427734375, -1230.7073974609375, -1230.6429443359375, -1230.6517333984375, -1230.6981201171875, -1230.5887451171875, -1230.6795654296875, -1230.6768798828125, -1230.5955810546875, -1230.6722412109375, -1230.6746826171875, -1230.6968994140625, -1230.6536865234375, -1230.5938720703125, -1230.6507568359375, -1230.6527099609375, -1230.6612548828125, -1230.6671142578125, -1230.6766357421875, -1230.6614990234375, -1230.6522216796875, -1230.6199951171875, -1230.6837158203125, -1230.6795654296875, -1230.6280517578125, -1230.6461181640625, -1230.6746826171875, -1230.6746826171875, -1230.6451416015625, -1230.6590576171875, -1230.6463623046875, -1230.6380615234375, -1230.6566162109375, -1230.6627197265625, -1230.6470947265625, -1230.6495361328125, -1230.6805419921875, -1230.6812744140625, -1230.6541748046875, -1230.6192626953125, -1230.6810302734375, -1230.6629638671875, -1230.6087646484375, -1230.6058349609375, -1230.6531982421875, -1230.6287841796875, -1230.6053466796875, -1230.6522216796875, -1230.6239013671875, -1230.6365966796875, -1230.6219482421875, -1230.6756591796875, -1230.6092529296875, -1230.6536865234375, -1230.6475830078125, -1230.6983642578125, -1230.7054443359375, -1230.6356201171875, -1230.6888427734375, -1230.6607666015625, -1230.6951904296875, -1230.6336669921875, -1230.7122802734375, -1230.6732177734375, -1230.6590576171875, -1230.6182861328125, -1230.6478271484375, -1230.6358642578125, -1230.6895751953125, -1230.6593017578125, -1230.6407470703125, -1230.7264404296875, -1230.7171630859375, -1230.6363525390625, -1230.6258544921875, -1230.7095947265625, -1230.6612548828125, -1230.6251220703125, -1230.6610107421875, -1230.5772705078125, -1230.6842041015625, -1230.6236572265625, -1230.6488037109375, -1230.6063232421875, -1230.6312255859375, -1230.6737060546875, -1230.6492919921875, -1230.6719970703125, -1230.6229248046875, -1230.6610107421875, -1230.6802978515625, -1230.6365966796875, -1230.6575927734375, -1230.6844482421875, -1230.6253662109375, -1230.6385498046875, -1230.7322998046875, -1230.6783447265625, -1230.6441650390625, -1230.6448974609375, -1230.6837158203125, -1230.6297607421875, -1230.6544189453125, -1230.6624755859375, -1230.6256103515625, -1230.6878662109375, -1230.6610107421875, -1230.6588134765625, -1230.6019287109375, -1230.7052001953125, -1230.6468505859375, -1230.6688232421875, -1230.7042236328125, -1230.6519775390625, -1230.7113037109375, -1230.5587158203125, -1230.6446533203125, -1230.6160888671875, -1230.6712646484375, -1230.6478271484375, -1230.6180419921875, -1230.6451416015625, -1230.6737060546875, -1230.7213134765625, -1230.6500244140625, -1230.6890869140625, -1230.6314697265625, -1230.6248779296875, -1230.6346435546875, -1230.6473388671875, -1230.6783447265625, -1230.6453857421875, -1230.6585693359375, -1230.6497802734375, -1230.6126708984375, -1230.6629638671875, -1230.6488037109375, -1230.5943603515625, -1230.6219482421875, -1230.6160888671875, -1230.6116943359375, -1230.6287841796875, -1230.6571044921875, -1230.6156005859375, -1230.6585693359375, -1230.7073974609375, -1230.6424560546875, -1230.5955810546875, -1230.7039794921875, -1230.6219482421875, -1230.6944580078125, -1230.6842041015625, -1230.6668701171875, -1230.6453857421875, -1230.6353759765625, -1230.5860595703125, -1230.6339111328125, -1230.6678466796875, -1230.6815185546875, -1230.7122802734375, -1230.6688232421875, -1230.6776123046875, -1230.6624755859375, -1230.6597900390625, -1230.6920166015625, -1230.6578369140625, -1230.7088623046875, -1230.5982666015625, -1230.6478271484375, -1230.6751708984375, -1230.6568603515625, -1230.6727294921875, -1230.6380615234375, -1230.6253662109375, -1230.6934814453125, -1230.6788330078125, -1230.6204833984375, -1230.6466064453125, -1230.6268310546875, -1230.6507568359375, -1230.6600341796875, -1230.6109619140625, -1230.6917724609375, -1230.6912841796875, -1230.6309814453125, -1230.6312255859375, -1230.6727294921875, -1230.6278076171875, -1230.6712646484375, -1230.6448974609375, -1230.6680908203125, -1230.6885986328125, -1230.6810302734375, -1230.6485595703125, -1230.6895751953125, -1230.6571044921875, -1230.7078857421875, -1230.7037353515625, -1230.6761474609375, -1230.6624755859375, -1230.6871337890625, -1230.6585693359375, -1230.6405029296875, -1230.6595458984375, -1230.6605224609375, -1230.6190185546875, -1230.6346435546875, -1230.6610107421875, -1230.6773681640625, -1230.6580810546875, -1230.6273193359375, -1230.5906982421875, -1230.6405029296875, -1230.6868896484375, -1230.6173095703125, -1230.6317138671875, -1230.6766357421875, -1230.6942138671875, -1230.6407470703125, -1230.6239013671875, -1230.6112060546875, -1230.6722412109375, -1230.6785888671875, -1230.6495361328125, -1230.6185302734375, -1230.6583251953125, -1230.6751708984375, -1230.6126708984375, -1230.6531982421875, -1230.6322021484375, -1230.6444091796875, -1230.6876220703125, -1230.6514892578125, -1230.6754150390625, -1230.6539306640625, -1230.6151123046875, -1230.6624755859375, -1230.6556396484375, -1230.6644287109375, -1230.6883544921875, -1230.6832275390625, -1230.6422119140625, -1230.6783447265625, -1230.6695556640625, -1230.7191162109375, -1230.5882568359375, -1230.6776123046875, -1230.6444091796875, -1230.7127685546875, -1230.6561279296875, -1230.6348876953125, -1230.6815185546875, -1230.6500244140625, -1230.6234130859375, -1230.7025146484375, -1230.6514892578125, -1230.6820068359375, -1230.5916748046875, -1230.6390380859375, -1230.6402587890625, -1230.6556396484375, -1230.6605224609375, -1230.7052001953125, -1230.6485595703125, -1230.6297607421875, -1230.6575927734375, -1230.6517333984375, -1230.6873779296875, -1230.6702880859375, -1230.6414794921875, -1230.6519775390625, -1230.6815185546875, -1230.6981201171875, -1230.6558837890625, -1230.6202392578125, -1230.6453857421875, -1230.6102294921875, -1230.6427001953125, -1230.6610107421875, -1230.6190185546875, -1230.6483154296875, -1230.6981201171875, -1230.6180419921875, -1230.7032470703125, -1230.6910400390625, -1230.6751708984375, -1230.6517333984375, -1230.6256103515625, -1230.6175537109375, -1230.6536865234375, -1230.6878662109375, -1230.6517333984375, -1230.6365966796875, -1230.6304931640625, -1230.6524658203125, -1230.6800537109375, -1230.6849365234375, -1230.6160888671875, -1230.7078857421875, -1230.6722412109375, -1230.6585693359375, -1230.7261962890625, -1230.6429443359375, -1230.6373291015625, -1230.6441650390625, -1230.6407470703125, -1230.5980224609375, -1230.6280517578125, -1230.6280517578125, -1230.7005615234375, -1230.6512451171875, -1230.7164306640625, -1230.6810302734375, -1230.5755615234375, -1230.6431884765625, -1230.6617431640625, -1230.6802978515625, -1230.6800537109375, -1230.6253662109375, -1230.6639404296875, -1230.6488037109375, -1230.6478271484375, -1230.6470947265625, -1230.6834716796875, -1230.6712646484375, -1230.6329345703125, -1230.6612548828125, -1230.6588134765625, -1230.6834716796875, -1230.6600341796875, -1230.6331787109375, -1230.6502685546875, -1230.5882568359375, -1230.5863037109375, -1230.6551513671875, -1230.7171630859375, -1230.6287841796875, -1230.6820068359375, -1230.6729736328125, -1230.6434326171875, -1230.6243896484375, -1230.6263427734375, -1230.6766357421875, -1230.6358642578125, -1230.6644287109375, -1230.6287841796875, -1230.6763916015625, -1230.6546630859375, -1230.6422119140625, -1230.6634521484375, -1230.6126708984375, -1230.6082763671875, -1230.6177978515625, -1230.6302490234375, -1230.6497802734375, -1230.6790771484375, -1230.6680908203125, -1230.6229248046875, -1230.6353759765625, -1230.6668701171875, -1230.6427001953125, -1230.6322021484375, -1230.7052001953125, -1230.6068115234375, -1230.6422119140625, -1230.6549072265625, -1230.6453857421875, -1230.6866455078125, -1230.6334228515625, -1230.6710205078125, -1230.6441650390625, -1230.6998291015625, -1230.6458740234375, -1230.6771240234375, -1230.6732177734375, -1230.6397705078125, -1230.6497802734375, -1230.6485595703125, -1230.6434326171875, -1230.6502685546875, -1230.6595458984375, -1230.7344970703125, -1230.6473388671875, -1230.6527099609375, -1230.6942138671875, -1230.6583251953125, -1230.6473388671875, -1230.6060791015625, -1230.6385498046875, -1230.6876220703125, -1230.6685791015625, -1230.7108154296875, -1230.6431884765625, -1230.6497802734375, -1230.6612548828125, -1230.6199951171875, -1230.6014404296875, -1230.6571044921875, -1230.6734619140625, -1230.6387939453125, -1230.6600341796875, -1230.6705322265625, -1230.6339111328125, -1230.6129150390625, -1230.7174072265625, -1230.7034912109375, -1230.6309814453125, -1230.6214599609375, -1230.6341552734375, -1230.5902099609375, -1230.6492919921875, -1230.6634521484375, -1230.6309814453125, -1230.6309814453125, -1230.6414794921875, -1230.6209716796875, -1230.6702880859375, -1230.6820068359375, -1230.6324462890625, -1230.6322021484375, -1230.6375732421875, -1230.6387939453125, -1230.6356201171875, -1230.6251220703125, -1230.6527099609375, -1230.6500244140625, -1230.6995849609375, -1230.6632080078125, -1230.6517333984375, -1230.5758056640625, -1230.6722412109375, -1230.6719970703125, -1230.6031494140625, -1230.6663818359375, -1230.6126708984375, -1230.6600341796875, -1230.6170654296875, -1230.6929931640625, -1230.6566162109375, -1230.6368408203125, -1230.6185302734375, -1230.6663818359375, -1230.6646728515625, -1230.6239013671875, -1230.6595458984375, -1230.6453857421875, -1230.5999755859375, -1230.6273193359375, -1230.6654052734375, -1230.6170654296875, -1230.6590576171875, -1230.6697998046875, -1230.6463623046875, -1230.6644287109375, -1230.6854248046875, -1230.6112060546875, -1230.6561279296875, -1230.7093505859375, -1230.6912841796875, -1230.6119384765625, -1230.6304931640625, -1230.6129150390625, -1230.6680908203125, -1230.6678466796875, -1230.6231689453125, -1230.6517333984375, -1230.6456298828125, -1230.5853271484375, -1230.6800537109375, -1230.6724853515625, -1230.6380615234375, -1230.6883544921875, -1230.6517333984375, -1230.6724853515625, -1230.6854248046875, -1230.6556396484375, -1230.6566162109375, -1230.6287841796875, -1230.6922607421875, -1230.6116943359375, -1230.7025146484375, -1230.6536865234375, -1230.6673583984375, -1230.6639404296875, -1230.6390380859375, -1230.6981201171875, -1230.6998291015625, -1230.6690673828125, -1230.7095947265625, -1230.6295166015625, -1230.6375732421875, -1230.6185302734375, -1230.6907958984375, -1230.5921630859375, -1230.6378173828125, -1230.6868896484375, -1230.6636962890625, -1230.6326904296875, -1230.6273193359375, -1230.6141357421875, -1230.6239013671875, -1230.6556396484375, -1230.7122802734375, -1230.6444091796875, -1230.6390380859375, -1230.6636962890625, -1230.6531982421875, -1230.6278076171875, -1230.7044677734375, -1230.6634521484375, -1230.6268310546875, -1230.6302490234375, -1230.6614990234375, -1230.6488037109375, -1230.6751708984375, -1230.6099853515625, -1230.5963134765625, -1230.6248779296875, -1230.6649169921875, -1230.6351318359375, -1230.6834716796875, -1230.6370849609375, -1230.6617431640625, -1230.6285400390625, -1230.6348876953125, -1230.5972900390625, -1230.6878662109375, -1230.6287841796875, -1230.6175537109375, -1230.6246337890625, -1230.6170654296875, -1230.6390380859375, -1230.6199951171875, -1230.6688232421875, -1230.6732177734375, -1230.6341552734375, -1230.6844482421875, -1230.6661376953125, -1230.6409912109375, -1230.6370849609375, -1230.6810302734375, -1230.6531982421875, -1230.6478271484375, -1230.6751708984375, -1230.6466064453125, -1230.6219482421875, -1230.6871337890625, -1230.5906982421875, -1230.6556396484375, -1230.6693115234375, -1230.6134033203125, -1230.6693115234375, -1230.6846923828125, -1230.6243896484375, -1230.6712646484375, -1230.6658935546875, -1230.6727294921875, -1230.6190185546875, -1230.6873779296875, -1230.7025146484375, -1230.6629638671875, -1230.6937255859375, -1230.6680908203125, -1230.6512451171875, -1230.6607666015625, -1230.6729736328125, -1230.6822509765625, -1230.6263427734375, -1230.6295166015625, -1230.7039794921875, -1230.6673583984375, -1230.6876220703125, -1230.7303466796875, -1230.6534423828125, -1230.6927490234375, -1230.6995849609375, -1230.6380615234375, -1230.6107177734375, -1230.6500244140625, -1230.6527099609375, -1230.6439208984375, -1230.6693115234375, -1230.6568603515625, -1230.6263427734375, -1230.6632080078125, -1230.6275634765625, -1230.6409912109375, -1230.6214599609375, -1230.6431884765625, -1230.6654052734375, -1230.6458740234375, -1230.6199951171875, -1230.6549072265625, -1230.6492919921875, -1230.6595458984375, -1230.6834716796875, -1230.5828857421875, -1230.6185302734375, -1230.6383056640625, -1230.6268310546875, -1230.6478271484375, -1230.6214599609375, -1230.6468505859375, -1230.6927490234375, -1230.6961669921875, -1230.6312255859375, -1230.7093505859375, -1230.6898193359375, -1230.6561279296875, -1230.6041259765625, -1230.6590576171875, -1230.7020263671875, -1230.5894775390625, -1230.7261962890625, -1230.6448974609375, -1230.6507568359375, -1230.6644287109375, -1230.7020263671875, -1230.6795654296875, -1230.7215576171875, -1230.6668701171875, -1230.7113037109375, -1230.6732177734375, -1230.6580810546875, -1230.6424560546875, -1230.6573486328125, -1230.7000732421875, -1230.6566162109375, -1230.6473388671875, -1230.6510009765625, -1230.6390380859375, -1230.6551513671875, -1230.6317138671875, -1230.6046142578125, -1230.6092529296875, -1230.6927490234375, -1230.7098388671875, -1230.6444091796875, -1230.6878662109375, -1230.6820068359375, -1230.7457275390625, -1230.6851806640625, -1230.6343994140625, -1230.6268310546875, -1230.6497802734375, -1230.5775146484375, -1230.6617431640625, -1230.7056884765625, -1230.6263427734375, -1230.6832275390625, -1230.6654052734375, -1230.6883544921875, -1230.6571044921875, -1230.6231689453125, -1230.6453857421875, -1230.6102294921875, -1230.6441650390625, -1230.6788330078125, -1230.6639404296875, -1230.6322021484375, -1230.6712646484375, -1230.5887451171875, -1230.6502685546875, -1230.6195068359375, -1230.6522216796875, -1230.6700439453125, -1230.6636962890625, -1230.6341552734375, -1230.6151123046875, -1230.6346435546875, -1230.6600341796875, -1230.6849365234375, -1230.6766357421875, -1230.6549072265625, -1230.6541748046875, -1230.6072998046875, -1230.6405029296875, -1230.7193603515625, -1230.6663818359375, -1230.6031494140625, -1230.6761474609375, -1230.6849365234375, -1230.7362060546875, -1230.6986083984375, -1230.6678466796875, -1230.6824951171875, -1230.6629638671875, -1230.6866455078125, -1230.6993408203125, -1230.6546630859375, -1230.6644287109375, -1230.6671142578125, -1230.6912841796875, -1230.7086181640625, -1230.6878662109375, -1230.6343994140625, -1230.6597900390625, -1230.6776123046875, -1230.5987548828125, -1230.6292724609375, -1230.5933837890625, -1230.7183837890625, -1230.6160888671875, -1230.6590576171875, -1230.6580810546875, -1230.6490478515625, -1230.6256103515625, -1230.6497802734375, -1230.6268310546875, -1230.6571044921875, -1230.6492919921875, -1230.6712646484375, -1230.6434326171875, -1230.6507568359375, -1230.6448974609375, -1230.6055908203125, -1230.6632080078125, -1230.6915283203125, -1230.6336669921875, -1230.6287841796875, -1230.6468505859375, -1230.6629638671875, -1230.5926513671875, -1230.6778564453125, -1230.6610107421875, -1230.6600341796875, -1230.6571044921875, -1230.6531982421875, -1230.6541748046875, -1230.6907958984375, -1230.6468505859375, -1230.6519775390625, -1230.6048583984375, -1230.6058349609375, -1230.6102294921875, -1230.6641845703125, -1230.6397705078125, -1230.6553955078125, -1230.6239013671875, -1230.6759033203125, -1230.7078857421875, -1230.6519775390625, -1230.6998291015625, -1230.6444091796875, -1230.6246337890625, -1230.6663818359375, -1230.7547607421875, -1230.6861572265625, -1230.6624755859375, -1230.6654052734375, -1230.6312255859375, -1230.6497802734375, -1230.6937255859375, -1230.7078857421875, -1230.6119384765625, -1230.6573486328125, -1230.6834716796875, -1230.6759033203125, -1230.6556396484375, -1230.6209716796875, -1230.6707763671875, -1230.6632080078125, -1230.6116943359375, -1230.6768798828125, -1230.6917724609375, -1230.6341552734375, -1230.6595458984375, -1230.6075439453125, -1230.6658935546875, -1230.6253662109375, -1230.7078857421875, -1230.6981201171875, -1230.6688232421875, -1230.6295166015625, -1230.6693115234375, -1230.6116943359375, -1230.6956787109375, -1230.6776123046875, -1230.6121826171875, -1230.6712646484375, -1230.6136474609375, -1230.6478271484375, -1230.7337646484375, -1230.7056884765625, -1230.6234130859375, -1230.5880126953125, -1230.6710205078125, -1230.6197509765625, -1230.6729736328125, -1230.6270751953125, -1230.6575927734375, -1230.6214599609375, -1230.6595458984375, -1230.6387939453125, -1230.5970458984375, -1230.6751708984375, -1230.6610107421875, -1230.6351318359375, -1230.6265869140625, -1230.6239013671875, -1230.6400146484375, -1230.6378173828125, -1230.6575927734375, -1230.6693115234375, -1230.6268310546875, -1230.6429443359375, -1230.6419677734375, -1230.6561279296875, -1230.5909423828125, -1230.6595458984375, -1230.6539306640625, -1230.6268310546875, -1230.6505126953125, -1230.6365966796875, -1230.6800537109375, -1230.5997314453125, -1230.6512451171875, -1230.6207275390625, -1230.6658935546875, -1230.6541748046875, -1230.6326904296875, -1230.6741943359375, -1230.6353759765625, -1230.7181396484375, -1230.6407470703125, -1230.6065673828125, -1230.6451416015625, -1230.6199951171875, -1230.6392822265625, -1230.5841064453125, -1230.6839599609375, -1230.6883544921875, -1230.6732177734375, -1230.6981201171875, -1230.6541748046875, -1230.6553955078125, -1230.6810302734375, -1230.6898193359375, -1230.6573486328125, -1230.6400146484375, -1230.6715087890625, -1230.6937255859375, -1230.6368408203125, -1230.7030029296875, -1230.6219482421875, -1230.6165771484375, -1230.6043701171875, -1230.6253662109375, -1230.7015380859375, -1230.6566162109375, -1230.6307373046875, -1230.6739501953125, -1230.6854248046875, -1230.5965576171875, -1230.7208251953125, -1230.6456298828125, -1230.6224365234375, -1230.6741943359375, -1230.6080322265625, -1230.6561279296875, -1230.6226806640625, -1230.6605224609375, -1230.6422119140625, -1230.6412353515625, -1230.6014404296875, -1230.6600341796875, -1230.7010498046875, -1230.6292724609375, -1230.6859130859375, -1230.6802978515625, -1230.6378173828125, -1230.6558837890625, -1230.6290283203125, -1230.6424560546875, -1230.6627197265625, -1230.6102294921875, -1230.6737060546875, -1230.6392822265625, -1230.6785888671875, -1230.6734619140625, -1230.6282958984375, -1230.6553955078125, -1230.6212158203125, -1230.6375732421875, -1230.6724853515625, -1230.6766357421875, -1230.6771240234375, -1230.6702880859375, -1230.7576904296875, -1230.6890869140625, -1230.7537841796875, -1230.6634521484375, -1230.6600341796875, -1230.6722412109375, -1230.7176513671875, -1230.7440185546875, -1230.7108154296875, -1230.6939697265625, -1230.6829833984375, -1230.6407470703125, -1230.6820068359375, -1230.5985107421875, -1230.6873779296875, -1230.6912841796875, -1230.6947021484375, -1230.6456298828125, -1230.6820068359375, -1230.6971435546875, -1230.5960693359375, -1230.6678466796875, -1230.6824951171875, -1230.6527099609375, -1230.6756591796875, -1230.6285400390625, -1230.6314697265625, -1230.6273193359375, -1230.6002197265625, -1230.6837158203125, -1230.6431884765625, -1230.6478271484375, -1230.6522216796875, -1230.6226806640625, -1230.5904541015625, -1230.6544189453125, -1230.6278076171875, -1230.6854248046875, -1230.6614990234375, -1230.6563720703125, -1230.6614990234375, -1230.6297607421875, -1230.7108154296875, -1230.6600341796875, -1230.6661376953125, -1230.6282958984375, -1230.7127685546875, -1230.6761474609375, -1230.6805419921875, -1230.6717529296875, -1230.6654052734375, -1230.6737060546875, -1230.6878662109375, -1230.6441650390625, -1230.6522216796875, -1230.6671142578125, -1230.6541748046875, -1230.6536865234375, -1230.6336669921875, -1230.6514892578125, -1230.6475830078125, -1230.6690673828125, -1230.6527099609375, -1230.6353759765625, -1230.6649169921875, -1230.6688232421875, -1230.6544189453125, -1230.6629638671875, -1230.6734619140625, -1230.6822509765625, -1230.6207275390625, -1230.6473388671875, -1230.6414794921875, -1230.6766357421875, -1230.6409912109375, -1230.6844482421875, -1230.6678466796875, -1230.5892333984375, -1230.6527099609375, -1230.6688232421875, -1230.6866455078125, -1230.7117919921875, -1230.6661376953125, -1230.6741943359375, -1230.6043701171875, -1230.7073974609375, -1230.6885986328125, -1230.6500244140625, -1230.6561279296875, -1230.6448974609375, -1230.6856689453125, -1230.6134033203125, -1230.6207275390625, -1230.6326904296875, -1230.6595458984375, -1230.6878662109375, -1230.6773681640625, -1230.6331787109375, -1230.6561279296875, -1230.6490478515625, -1230.6387939453125, -1230.6531982421875, -1230.6212158203125, -1230.6329345703125, -1230.6722412109375, -1230.5814208984375, -1230.6422119140625, -1230.6693115234375, -1230.6063232421875, -1230.6783447265625, -1230.6712646484375, -1230.6409912109375, -1230.6807861328125, -1230.6463623046875, -1230.7052001953125, -1230.6702880859375, -1230.6258544921875, -1230.5745849609375, -1230.6527099609375, -1230.6400146484375, -1230.6390380859375, -1230.6766357421875, -1230.6326904296875, -1230.6260986328125, -1230.6038818359375, -1230.7044677734375, -1230.6783447265625, -1230.6336669921875, -1230.6165771484375, -1230.7283935546875, -1230.6341552734375, -1230.6761474609375, -1230.6688232421875, -1230.6392822265625, -1230.6746826171875, -1230.6956787109375, -1230.6524658203125, -1230.6959228515625, -1230.7098388671875, -1230.7161865234375, -1230.6688232421875, -1230.6888427734375, -1230.6571044921875, -1230.7110595703125, -1230.6314697265625, -1230.6956787109375, -1230.7117919921875, -1230.7227783203125, -1230.7132568359375, -1230.7020263671875, -1230.6903076171875, -1230.6839599609375, -1230.6531982421875, -1230.6326904296875, -1230.7076416015625, -1230.7015380859375, -1230.6641845703125, -1230.6986083984375, -1230.6588134765625, -1230.6351318359375, -1230.6405029296875, -1230.6854248046875, -1230.6317138671875, -1230.7037353515625, -1230.6568603515625, -1230.6683349609375, -1230.6868896484375, -1230.6448974609375, -1230.6495361328125, -1230.6075439453125, -1230.6605224609375, -1230.6644287109375, -1230.6217041015625, -1230.6749267578125, -1230.6263427734375, -1230.6541748046875, -1230.6981201171875, -1230.6195068359375, -1230.6483154296875, -1230.6107177734375, -1230.6273193359375, -1230.6405029296875, -1230.6312255859375, -1230.6810302734375, -1230.6231689453125, -1230.6209716796875, -1230.6517333984375, -1230.6483154296875, -1230.6390380859375, -1230.6490478515625, -1230.6790771484375, -1230.6832275390625, -1230.6815185546875, -1230.6834716796875, -1230.6102294921875, -1230.6685791015625, -1230.6451416015625, -1230.6868896484375, -1230.6412353515625, -1230.6422119140625, -1230.6307373046875, -1230.6688232421875, -1230.7235107421875, -1230.6429443359375, -1230.6927490234375, -1230.6439208984375, -1230.6102294921875, -1230.6114501953125, -1230.6663818359375, -1230.5953369140625, -1230.6502685546875, -1230.6163330078125, -1230.6856689453125, -1230.6317138671875, -1230.6707763671875, -1230.6234130859375, -1230.6590576171875, -1230.6522216796875, -1230.6204833984375, -1230.6546630859375, -1230.6527099609375, -1230.6954345703125, -1230.6439208984375, -1230.6678466796875, -1230.6309814453125, -1230.6593017578125, -1230.6802978515625, -1230.6304931640625, -1230.6888427734375, -1230.6746826171875, -1230.7142333984375, -1230.7064208984375, -1230.6505126953125, -1230.6693115234375, -1230.6322021484375, -1230.6868896484375, -1230.6553955078125, -1230.6776123046875, -1230.6534423828125, -1230.6209716796875, -1230.6312255859375, -1230.5904541015625, -1230.6217041015625, -1230.6868896484375, -1230.6871337890625, -1230.6759033203125, -1230.6317138671875, -1230.6209716796875, -1230.6480712890625, -1230.6778564453125, -1230.6947021484375, -1230.6502685546875, -1230.6802978515625, -1230.6617431640625, -1230.6539306640625, -1230.6490478515625, -1230.6661376953125, -1230.6546630859375, -1230.6197509765625, -1230.6641845703125, -1230.6790771484375, -1230.7115478515625, -1230.6693115234375, -1230.6898193359375, -1230.6522216796875, -1230.6524658203125, -1230.6175537109375, -1230.6986083984375, -1230.6224365234375, -1230.6641845703125, -1230.6768798828125, -1230.6431884765625, -1230.6424560546875, -1230.6702880859375, -1230.6055908203125, -1230.6246337890625, -1230.6524658203125, -1230.6829833984375, -1230.6668701171875, -1230.6234130859375, -1230.6522216796875, -1230.5782470703125, -1230.6458740234375, -1230.6697998046875, -1230.6761474609375, -1230.6907958984375, -1230.6519775390625, -1230.6510009765625, -1230.6243896484375, -1230.6881103515625, -1230.6734619140625, -1230.6495361328125, -1230.5994873046875, -1230.6448974609375, -1230.6727294921875, -1230.5750732421875, -1230.6927490234375, -1230.6514892578125, -1230.6732177734375, -1230.6280517578125, -1230.6505126953125, -1230.6951904296875, -1230.6776123046875, -1230.6248779296875, -1230.6102294921875, -1230.6495361328125, -1230.6273193359375, -1230.7030029296875, -1230.6409912109375, -1230.6805419921875, -1230.6234130859375, -1230.6278076171875, -1230.6605224609375, -1230.6463623046875, -1230.7200927734375, -1230.6456298828125, -1230.6890869140625, -1230.6905517578125, -1230.6575927734375, -1230.6439208984375, -1230.6055908203125, -1230.6077880859375, -1230.6834716796875, -1230.6226806640625, -1230.6746826171875, -1230.6024169921875, -1230.5960693359375, -1230.6658935546875, -1230.6483154296875, -1230.6903076171875, -1230.6651611328125, -1230.6732177734375, -1230.7257080078125, -1230.6590576171875, -1230.6446533203125, -1230.6158447265625, -1230.6697998046875, -1230.6639404296875, -1230.6424560546875, -1230.6873779296875, -1230.6944580078125, -1230.6776123046875, -1230.6236572265625, -1230.6610107421875, -1230.6466064453125, -1230.6292724609375, -1230.6744384765625, -1230.6783447265625, -1230.6695556640625, -1230.6639404296875, -1230.6597900390625, -1230.6519775390625, -1230.6063232421875, -1230.6302490234375, -1230.6954345703125, -1230.6925048828125, -1230.6595458984375, -1230.6768798828125, -1230.6004638671875, -1230.6351318359375, -1230.6453857421875, -1230.7166748046875, -1230.6502685546875, -1230.6724853515625, -1230.7015380859375, -1230.6405029296875, -1230.6368408203125, -1230.5589599609375, -1230.7064208984375, -1230.6478271484375, -1230.6304931640625, -1230.6795654296875, -1230.6585693359375, -1230.6253662109375, -1230.6285400390625, -1230.6656494140625, -1230.6605224609375, -1230.6263427734375, -1230.6834716796875, -1230.6649169921875, -1230.6075439453125, -1230.7044677734375, -1230.6719970703125, -1230.7069091796875, -1230.6678466796875, -1230.6273193359375, -1230.6719970703125, -1230.6256103515625, -1230.6927490234375, -1230.6156005859375, -1230.6204833984375, -1230.6156005859375, -1230.6158447265625, -1230.7200927734375, -1230.6312255859375, -1230.6795654296875, -1230.6939697265625, -1230.6781005859375, -1230.6395263671875, -1230.6624755859375, -1230.6697998046875, -1230.6805419921875, -1230.6204833984375, -1230.6849365234375, -1230.6898193359375, -1230.6751708984375, -1230.6734619140625, -1230.6292724609375, -1230.6690673828125, -1230.6634521484375, -1230.6383056640625, -1230.6219482421875, -1230.7359619140625, -1230.6517333984375, -1230.6097412109375, -1230.6107177734375, -1230.6431884765625, -1230.6368408203125, -1230.6112060546875, -1230.6600341796875, -1230.6697998046875, -1230.5701904296875, -1230.6102294921875, -1230.6541748046875, -1230.6256103515625, -1230.6309814453125, -1230.6766357421875, -1230.6661376953125, -1230.6595458984375, -1230.6502685546875, -1230.6029052734375, -1230.6102294921875, -1230.6429443359375, -1230.6280517578125, -1230.6385498046875, -1230.6483154296875, -1230.6912841796875, -1230.6146240234375, -1230.6678466796875, -1230.7061767578125, -1230.6641845703125, -1230.6641845703125, -1230.6756591796875, -1230.6644287109375, -1230.6761474609375, -1230.6536865234375, -1230.6768798828125, -1230.6761474609375, -1230.6949462890625, -1230.7069091796875, -1230.6915283203125, -1230.7000732421875, -1230.6683349609375, -1230.6627197265625, -1230.6610107421875, -1230.6790771484375, -1230.6693115234375, -1230.6612548828125, -1230.6649169921875, -1230.6688232421875, -1230.7086181640625, -1230.6414794921875, -1230.6580810546875, -1230.6737060546875, -1230.5833740234375, -1230.6646728515625, -1230.6214599609375, -1230.6844482421875, -1230.6849365234375, -1230.6141357421875, -1230.6568603515625, -1230.6517333984375, -1230.6519775390625, -1230.6417236328125, -1230.6285400390625, -1230.6473388671875, -1230.6304931640625, -1230.6353759765625, -1230.6636962890625, -1230.6761474609375, -1230.6593017578125, -1230.6729736328125, -1230.6756591796875, -1230.6419677734375, -1230.6339111328125, -1230.5965576171875, -1230.6300048828125, -1230.6717529296875, -1230.6441650390625, -1230.6199951171875, -1230.6160888671875, -1230.6849365234375, -1230.6956787109375, -1230.6580810546875, -1230.6829833984375, -1230.6529541015625, -1230.6405029296875, -1230.6751708984375, -1230.6790771484375, -1230.6658935546875, -1230.7000732421875, -1230.6531982421875, -1230.5972900390625, -1230.6297607421875, -1230.6231689453125, -1230.6781005859375, -1230.6304931640625, -1230.6263427734375, -1230.6239013671875, -1230.6634521484375, -1230.6666259765625, -1230.6854248046875, -1230.5799560546875, -1230.6156005859375, -1230.6917724609375, -1230.5955810546875, -1230.6483154296875, -1230.6644287109375, -1230.6380615234375, -1230.6336669921875, -1230.5965576171875, -1230.6688232421875, -1230.6961669921875, -1230.6622314453125, -1230.6378173828125, -1230.6712646484375, -1230.6395263671875, -1230.6905517578125, -1230.6253662109375, -1230.6063232421875, -1230.6922607421875, -1230.6043701171875, -1230.6373291015625, -1230.6370849609375, -1230.6312255859375, -1230.6605224609375, -1230.6209716796875, -1230.6163330078125, -1230.6951904296875, -1230.6722412109375, -1230.7264404296875, -1230.6556396484375, -1230.6766357421875, -1230.7110595703125, -1230.6373291015625, -1230.6824951171875, -1230.7391357421875, -1230.7296142578125, -1230.6397705078125, -1230.6370849609375, -1230.7135009765625, -1230.7293701171875, -1230.6783447265625, -1230.6551513671875, -1230.6231689453125, -1230.6795654296875, -1230.6651611328125, -1230.6512451171875, -1230.6331787109375, -1230.6400146484375, -1230.6656494140625, -1230.5833740234375, -1230.6302490234375, -1230.6444091796875, -1230.5799560546875, -1230.6634521484375, -1230.6634521484375, -1230.6605224609375, -1230.6309814453125, -1230.6834716796875, -1230.5819091796875, -1230.6351318359375, -1230.6544189453125, -1230.6734619140625, -1230.6414794921875, -1230.5997314453125, -1230.6395263671875, -1230.6204833984375, -1230.6571044921875, -1230.6224365234375, -1230.7025146484375, -1230.6893310546875, -1230.6356201171875, -1230.6837158203125, -1230.6942138671875, -1230.6812744140625, -1230.6282958984375, -1230.7166748046875, -1230.6480712890625, -1230.7288818359375, -1230.6317138671875, -1230.6668701171875, -1230.6619873046875, -1230.7127685546875, -1230.6795654296875, -1230.6683349609375, -1230.6663818359375, -1230.6217041015625, -1230.6707763671875, -1230.6700439453125, -1230.6688232421875, -1230.7325439453125, -1230.6387939453125, -1230.6324462890625, -1230.6314697265625, -1230.6744384765625, -1230.6717529296875, -1230.6163330078125, -1230.6158447265625, -1230.6390380859375, -1230.5560302734375, -1230.6976318359375, -1230.6551513671875, -1230.6126708984375, -1230.6632080078125, -1230.5701904296875, -1230.6556396484375, -1230.6719970703125, -1230.5963134765625, -1230.6883544921875, -1230.6832275390625, -1230.6429443359375, -1230.6707763671875, -1230.6697998046875, -1230.6151123046875, -1230.6873779296875, -1230.6763916015625, -1230.6522216796875, -1230.6478271484375, -1230.6746826171875, -1230.6385498046875, -1230.6712646484375, -1230.6392822265625, -1230.6429443359375, -1230.6094970703125, -1230.6844482421875, -1230.6417236328125, -1230.6773681640625, -1230.6417236328125, -1230.6798095703125, -1230.6922607421875, -1230.6478271484375, -1230.6636962890625, -1230.6539306640625, -1230.7054443359375, -1230.6961669921875, -1230.6546630859375, -1230.7279052734375, -1230.7244873046875, -1230.6434326171875, -1230.6710205078125, -1230.7003173828125, -1230.7064208984375, -1230.6932373046875, -1230.6741943359375, -1230.6595458984375, -1230.6536865234375, -1230.6492919921875, -1230.7127685546875, -1230.7640380859375, -1230.6832275390625, -1230.6361083984375, -1230.6273193359375, -1230.6619873046875, -1230.6539306640625, -1230.6273193359375, -1230.6898193359375, -1230.6180419921875, -1230.6610107421875, -1230.6407470703125, -1230.7091064453125, -1230.6673583984375, -1230.6854248046875, -1230.6270751953125, -1230.6519775390625, -1230.6448974609375, -1230.6756591796875, -1230.6700439453125, -1230.6551513671875, -1230.6824951171875, -1230.7188720703125, -1230.6341552734375, -1230.6207275390625, -1230.6507568359375, -1230.6453857421875, -1230.6282958984375, -1230.6690673828125, -1230.6722412109375, -1230.6971435546875, -1230.6243896484375, -1230.7069091796875, -1230.6837158203125, -1230.6785888671875, -1230.6600341796875, -1230.6236572265625, -1230.6168212890625, -1230.6712646484375, -1230.6336669921875, -1230.6683349609375, -1230.6732177734375, -1230.6568603515625, -1230.6768798828125, -1230.6302490234375, -1230.6673583984375, -1230.6712646484375, -1230.6314697265625, -1230.6370849609375, -1230.6741943359375, -1230.6639404296875, -1230.6517333984375, -1230.6387939453125, -1230.5870361328125, -1230.6663818359375, -1230.5960693359375, -1230.6517333984375, -1230.6483154296875, -1230.6873779296875, -1230.6597900390625, -1230.6854248046875, -1230.6812744140625, -1230.7308349609375, -1230.6353759765625, -1230.6673583984375, -1230.6717529296875, -1230.6588134765625, -1230.6439208984375, -1230.6568603515625, -1230.6331787109375, -1230.6253662109375, -1230.6453857421875, -1230.6639404296875, -1230.6751708984375, -1230.6575927734375, -1230.6134033203125, -1230.6290283203125, -1230.6529541015625, -1230.5994873046875, -1230.6849365234375, -1230.6290283203125, -1230.6944580078125, -1230.6627197265625, -1230.6466064453125, -1230.6243896484375, -1230.6212158203125, -1230.6258544921875, -1230.6353759765625, -1230.6585693359375, -1230.6282958984375, -1230.6495361328125, -1230.6561279296875, -1230.6490478515625, -1230.6666259765625, -1230.6199951171875, -1230.6859130859375, -1230.6446533203125, -1230.6942138671875, -1230.5948486328125, -1230.6917724609375, -1230.6160888671875, -1230.6048583984375, -1230.6512451171875, -1230.6749267578125, -1230.6199951171875, -1230.6834716796875, -1230.6624755859375, -1230.6590576171875, -1230.7381591796875, -1230.7047119140625, -1230.6746826171875, -1230.6844482421875, -1230.6583251953125, -1230.6365966796875, -1230.6287841796875, -1230.5892333984375, -1230.6861572265625, -1230.6729736328125, -1230.7164306640625, -1230.6707763671875, -1230.6395263671875, -1230.6851806640625, -1230.6307373046875, -1230.6644287109375, -1230.6358642578125, -1230.6365966796875, -1230.6541748046875, -1230.6434326171875, -1230.6597900390625, -1230.6573486328125, -1230.6170654296875, -1230.6458740234375, -1230.6219482421875, -1230.6431884765625, -1230.6781005859375, -1230.6287841796875, -1230.6580810546875, -1230.6395263671875, -1230.7052001953125, -1230.6522216796875, -1230.5948486328125, -1230.7205810546875, -1230.6654052734375, -1230.6280517578125, -1230.6739501953125, -1230.6800537109375]}
Warning: Cholesky failed, using eigendecomposition fallback
{'mse': 0.010054118931293488, 'rmse': 0.10027022659778595, 'test_ll': -250365.03125, 'total_test_ll': -6259125760.0}
/cluster/tufts/hugheslab/swilli26/stat-patt-final/gp_vs_sngp/results/hyperparam_search/GP/Sin_1500_3001/logs
/cluster/tufts/hugheslab/swilli26/stat-patt-final/gp_vs_sngp/results/hyperparam_search/logs/GP_VS_SNGP_25028887.out
/cluster/tufts/hugheslab/swilli26/stat-patt-final/gp_vs_sngp/results/hyperparam_search/logs/GP_VS_SNGP_25028887.err
