Starting imports...
Importing argparse...
Importing torch...
Importing os...
Importing sngp.train and sngp.model...
Importing gaussian_process...
Importing dataset...
Importing json...
ALL IMPORTS COMPLETE!
Parsing arguments...
Arguments parsed! Running GP on CrazySin with N=1500
Checking CUDA availability...
Using CPU
Making Datasets...
Making Model...
Training Gaussian Process...
Iter   0 | Loss: 17027.854 | lengthscale: 0.990 | outputscale: 1.010 | noise: 0.202
Iter  10 | Loss: 13764.642 | lengthscale: 0.894 | outputscale: 1.117 | noise: 0.223
Iter  20 | Loss: 11086.830 | lengthscale: 0.802 | outputscale: 1.243 | noise: 0.245
Iter  30 | Loss: 8708.008 | lengthscale: 0.712 | outputscale: 1.397 | noise: 0.267
Iter  40 | Loss: 5760.831 | lengthscale: 0.619 | outputscale: 1.597 | noise: 0.287
Iter  50 | Loss: 3777.674 | lengthscale: 0.542 | outputscale: 1.823 | noise: 0.303
Iter  60 | Loss: 2869.415 | lengthscale: 0.489 | outputscale: 2.017 | noise: 0.315
Iter  70 | Loss: 1638.242 | lengthscale: 0.440 | outputscale: 2.218 | noise: 0.323
Iter  80 | Loss:  354.570 | lengthscale: 0.391 | outputscale: 2.465 | noise: 0.327
Iter  90 | Loss:   19.051 | lengthscale: 0.361 | outputscale: 2.666 | noise: 0.327
Iter 100 | Loss:  -58.028 | lengthscale: 0.345 | outputscale: 2.790 | noise: 0.325
Iter 110 | Loss:  -90.623 | lengthscale: 0.337 | outputscale: 2.864 | noise: 0.322
Iter 120 | Loss: -112.579 | lengthscale: 0.332 | outputscale: 2.912 | noise: 0.319
Iter 130 | Loss: -131.292 | lengthscale: 0.329 | outputscale: 2.947 | noise: 0.316
Iter 140 | Loss: -148.913 | lengthscale: 0.327 | outputscale: 2.976 | noise: 0.313
Iter 150 | Loss: -166.176 | lengthscale: 0.325 | outputscale: 3.002 | noise: 0.309
Iter 160 | Loss: -183.378 | lengthscale: 0.323 | outputscale: 3.025 | noise: 0.306
Iter 170 | Loss: -200.642 | lengthscale: 0.321 | outputscale: 3.046 | noise: 0.302
Iter 180 | Loss: -218.031 | lengthscale: 0.319 | outputscale: 3.066 | noise: 0.299
Iter 190 | Loss: -235.586 | lengthscale: 0.318 | outputscale: 3.085 | noise: 0.295
Iter 200 | Loss: -253.317 | lengthscale: 0.317 | outputscale: 3.103 | noise: 0.291
Iter 210 | Loss: -271.234 | lengthscale: 0.315 | outputscale: 3.120 | noise: 0.287
Iter 220 | Loss: -289.344 | lengthscale: 0.314 | outputscale: 3.136 | noise: 0.284
Iter 230 | Loss: -307.643 | lengthscale: 0.313 | outputscale: 3.151 | noise: 0.280
Iter 240 | Loss: -326.126 | lengthscale: 0.312 | outputscale: 3.166 | noise: 0.276
Iter 250 | Loss: -344.782 | lengthscale: 0.311 | outputscale: 3.180 | noise: 0.272
Iter 260 | Loss: -363.615 | lengthscale: 0.310 | outputscale: 3.193 | noise: 0.268
Iter 270 | Loss: -382.608 | lengthscale: 0.309 | outputscale: 3.205 | noise: 0.264
Iter 280 | Loss: -401.744 | lengthscale: 0.308 | outputscale: 3.217 | noise: 0.260
Iter 290 | Loss: -421.010 | lengthscale: 0.307 | outputscale: 3.228 | noise: 0.256
Iter 300 | Loss: -440.400 | lengthscale: 0.306 | outputscale: 3.238 | noise: 0.252
Iter 310 | Loss: -459.890 | lengthscale: 0.305 | outputscale: 3.248 | noise: 0.248
Iter 320 | Loss: -479.470 | lengthscale: 0.305 | outputscale: 3.257 | noise: 0.245
Iter 330 | Loss: -499.128 | lengthscale: 0.304 | outputscale: 3.266 | noise: 0.241
Iter 340 | Loss: -518.822 | lengthscale: 0.303 | outputscale: 3.274 | noise: 0.237
Iter 350 | Loss: -538.564 | lengthscale: 0.303 | outputscale: 3.282 | noise: 0.233
Iter 360 | Loss: -558.311 | lengthscale: 0.302 | outputscale: 3.290 | noise: 0.229
Iter 370 | Loss: -578.058 | lengthscale: 0.301 | outputscale: 3.296 | noise: 0.225
Iter 380 | Loss: -597.774 | lengthscale: 0.301 | outputscale: 3.303 | noise: 0.222
Iter 390 | Loss: -617.448 | lengthscale: 0.300 | outputscale: 3.309 | noise: 0.218
Iter 400 | Loss: -637.058 | lengthscale: 0.300 | outputscale: 3.315 | noise: 0.214
Iter 410 | Loss: -656.568 | lengthscale: 0.299 | outputscale: 3.320 | noise: 0.211
Iter 420 | Loss: -675.964 | lengthscale: 0.299 | outputscale: 3.325 | noise: 0.207
Iter 430 | Loss: -695.228 | lengthscale: 0.298 | outputscale: 3.329 | noise: 0.204
Iter 440 | Loss: -714.333 | lengthscale: 0.298 | outputscale: 3.334 | noise: 0.200
Iter 450 | Loss: -733.260 | lengthscale: 0.297 | outputscale: 3.337 | noise: 0.197
Iter 460 | Loss: -751.979 | lengthscale: 0.297 | outputscale: 3.341 | noise: 0.193
Iter 470 | Loss: -770.470 | lengthscale: 0.297 | outputscale: 3.344 | noise: 0.190
Iter 480 | Loss: -788.715 | lengthscale: 0.296 | outputscale: 3.347 | noise: 0.187
Iter 490 | Loss: -806.680 | lengthscale: 0.296 | outputscale: 3.350 | noise: 0.184
Iter 500 | Loss: -824.331 | lengthscale: 0.296 | outputscale: 3.352 | noise: 0.180
Iter 510 | Loss: -841.699 | lengthscale: 0.295 | outputscale: 3.354 | noise: 0.177
Iter 520 | Loss: -858.697 | lengthscale: 0.295 | outputscale: 3.356 | noise: 0.174
Iter 530 | Loss: -875.344 | lengthscale: 0.295 | outputscale: 3.358 | noise: 0.171
Iter 540 | Loss: -891.599 | lengthscale: 0.294 | outputscale: 3.359 | noise: 0.168
Iter 550 | Loss: -907.433 | lengthscale: 0.294 | outputscale: 3.360 | noise: 0.166
Iter 560 | Loss: -922.870 | lengthscale: 0.294 | outputscale: 3.361 | noise: 0.163
Iter 570 | Loss: -937.871 | lengthscale: 0.294 | outputscale: 3.362 | noise: 0.160
Iter 580 | Loss: -952.389 | lengthscale: 0.293 | outputscale: 3.362 | noise: 0.158
Iter 590 | Loss: -966.439 | lengthscale: 0.293 | outputscale: 3.362 | noise: 0.155
Iter 600 | Loss: -980.030 | lengthscale: 0.293 | outputscale: 3.363 | noise: 0.153
Iter 610 | Loss: -993.106 | lengthscale: 0.293 | outputscale: 3.363 | noise: 0.150
Iter 620 | Loss: -1005.668 | lengthscale: 0.293 | outputscale: 3.362 | noise: 0.148
Iter 630 | Loss: -1017.731 | lengthscale: 0.292 | outputscale: 3.362 | noise: 0.146
Iter 640 | Loss: -1029.264 | lengthscale: 0.292 | outputscale: 3.361 | noise: 0.143
Iter 650 | Loss: -1040.250 | lengthscale: 0.292 | outputscale: 3.361 | noise: 0.141
Iter 660 | Loss: -1050.722 | lengthscale: 0.292 | outputscale: 3.360 | noise: 0.139
Iter 670 | Loss: -1060.689 | lengthscale: 0.292 | outputscale: 3.359 | noise: 0.137
Iter 680 | Loss: -1070.087 | lengthscale: 0.291 | outputscale: 3.358 | noise: 0.135
Iter 690 | Loss: -1078.982 | lengthscale: 0.291 | outputscale: 3.357 | noise: 0.133
Iter 700 | Loss: -1087.330 | lengthscale: 0.291 | outputscale: 3.355 | noise: 0.132
Iter 710 | Loss: -1095.182 | lengthscale: 0.291 | outputscale: 3.354 | noise: 0.130
Iter 720 | Loss: -1102.595 | lengthscale: 0.291 | outputscale: 3.353 | noise: 0.128
Iter 730 | Loss: -1109.462 | lengthscale: 0.291 | outputscale: 3.351 | noise: 0.127
Iter 740 | Loss: -1115.856 | lengthscale: 0.291 | outputscale: 3.349 | noise: 0.125
Iter 750 | Loss: -1121.802 | lengthscale: 0.291 | outputscale: 3.348 | noise: 0.124
Iter 760 | Loss: -1127.281 | lengthscale: 0.291 | outputscale: 3.346 | noise: 0.122
Iter 770 | Loss: -1132.391 | lengthscale: 0.290 | outputscale: 3.344 | noise: 0.121
Iter 780 | Loss: -1137.026 | lengthscale: 0.290 | outputscale: 3.342 | noise: 0.120
Iter 790 | Loss: -1141.320 | lengthscale: 0.290 | outputscale: 3.340 | noise: 0.119
Iter 800 | Loss: -1145.205 | lengthscale: 0.290 | outputscale: 3.338 | noise: 0.117
Iter 810 | Loss: -1148.810 | lengthscale: 0.290 | outputscale: 3.336 | noise: 0.116
Iter 820 | Loss: -1152.068 | lengthscale: 0.290 | outputscale: 3.333 | noise: 0.115
Iter 830 | Loss: -1154.965 | lengthscale: 0.290 | outputscale: 3.331 | noise: 0.114
Iter 840 | Loss: -1157.604 | lengthscale: 0.290 | outputscale: 3.329 | noise: 0.113
Iter 850 | Loss: -1160.019 | lengthscale: 0.290 | outputscale: 3.326 | noise: 0.113
Iter 860 | Loss: -1162.151 | lengthscale: 0.290 | outputscale: 3.324 | noise: 0.112
Iter 870 | Loss: -1164.069 | lengthscale: 0.290 | outputscale: 3.322 | noise: 0.111
Iter 880 | Loss: -1165.805 | lengthscale: 0.289 | outputscale: 3.319 | noise: 0.110
Iter 890 | Loss: -1167.246 | lengthscale: 0.289 | outputscale: 3.317 | noise: 0.110
Iter 900 | Loss: -1168.591 | lengthscale: 0.289 | outputscale: 3.315 | noise: 0.109
Iter 910 | Loss: -1169.859 | lengthscale: 0.289 | outputscale: 3.312 | noise: 0.108
Iter 920 | Loss: -1170.905 | lengthscale: 0.289 | outputscale: 3.310 | noise: 0.108
Iter 930 | Loss: -1171.817 | lengthscale: 0.289 | outputscale: 3.307 | noise: 0.107
Iter 940 | Loss: -1172.594 | lengthscale: 0.289 | outputscale: 3.304 | noise: 0.107
Iter 950 | Loss: -1173.262 | lengthscale: 0.289 | outputscale: 3.302 | noise: 0.106
Iter 960 | Loss: -1173.932 | lengthscale: 0.289 | outputscale: 3.299 | noise: 0.106
Iter 970 | Loss: -1174.535 | lengthscale: 0.289 | outputscale: 3.296 | noise: 0.105
Iter 980 | Loss: -1174.887 | lengthscale: 0.289 | outputscale: 3.294 | noise: 0.105
Iter 990 | Loss: -1175.313 | lengthscale: 0.289 | outputscale: 3.291 | noise: 0.105
Iter 1000 | Loss: -1175.614 | lengthscale: 0.289 | outputscale: 3.288 | noise: 0.104
Iter 1010 | Loss: -1175.974 | lengthscale: 0.289 | outputscale: 3.286 | noise: 0.104
Iter 1020 | Loss: -1176.232 | lengthscale: 0.289 | outputscale: 3.283 | noise: 0.104
Iter 1030 | Loss: -1176.520 | lengthscale: 0.288 | outputscale: 3.280 | noise: 0.103
Iter 1040 | Loss: -1176.591 | lengthscale: 0.288 | outputscale: 3.277 | noise: 0.103
Iter 1050 | Loss: -1176.836 | lengthscale: 0.288 | outputscale: 3.274 | noise: 0.103
Iter 1060 | Loss: -1176.985 | lengthscale: 0.288 | outputscale: 3.271 | noise: 0.103
Iter 1070 | Loss: -1177.132 | lengthscale: 0.288 | outputscale: 3.269 | noise: 0.103
Iter 1080 | Loss: -1177.185 | lengthscale: 0.288 | outputscale: 3.266 | noise: 0.102
Iter 1090 | Loss: -1177.278 | lengthscale: 0.288 | outputscale: 3.263 | noise: 0.102
Iter 1100 | Loss: -1177.329 | lengthscale: 0.288 | outputscale: 3.260 | noise: 0.102
Iter 1110 | Loss: -1177.351 | lengthscale: 0.288 | outputscale: 3.258 | noise: 0.102
Iter 1120 | Loss: -1177.420 | lengthscale: 0.288 | outputscale: 3.255 | noise: 0.102
Iter 1130 | Loss: -1177.506 | lengthscale: 0.288 | outputscale: 3.252 | noise: 0.102
Iter 1140 | Loss: -1177.530 | lengthscale: 0.288 | outputscale: 3.249 | noise: 0.102
Iter 1150 | Loss: -1177.543 | lengthscale: 0.288 | outputscale: 3.246 | noise: 0.102
Iter 1160 | Loss: -1177.498 | lengthscale: 0.288 | outputscale: 3.243 | noise: 0.101
Iter 1170 | Loss: -1177.610 | lengthscale: 0.288 | outputscale: 3.240 | noise: 0.101
Iter 1180 | Loss: -1177.595 | lengthscale: 0.288 | outputscale: 3.236 | noise: 0.101
Iter 1190 | Loss: -1177.589 | lengthscale: 0.287 | outputscale: 3.233 | noise: 0.101
Iter 1200 | Loss: -1177.669 | lengthscale: 0.287 | outputscale: 3.230 | noise: 0.101
Iter 1210 | Loss: -1177.621 | lengthscale: 0.287 | outputscale: 3.227 | noise: 0.101
Iter 1220 | Loss: -1177.721 | lengthscale: 0.287 | outputscale: 3.224 | noise: 0.101
Iter 1230 | Loss: -1177.693 | lengthscale: 0.287 | outputscale: 3.221 | noise: 0.101
Iter 1240 | Loss: -1177.646 | lengthscale: 0.287 | outputscale: 3.218 | noise: 0.101
Iter 1250 | Loss: -1177.651 | lengthscale: 0.287 | outputscale: 3.215 | noise: 0.101
Iter 1260 | Loss: -1177.769 | lengthscale: 0.287 | outputscale: 3.212 | noise: 0.101
Iter 1270 | Loss: -1177.708 | lengthscale: 0.287 | outputscale: 3.209 | noise: 0.101
Iter 1280 | Loss: -1177.785 | lengthscale: 0.287 | outputscale: 3.206 | noise: 0.101
Iter 1290 | Loss: -1177.740 | lengthscale: 0.287 | outputscale: 3.203 | noise: 0.101
Iter 1300 | Loss: -1177.652 | lengthscale: 0.287 | outputscale: 3.200 | noise: 0.101
Iter 1310 | Loss: -1177.774 | lengthscale: 0.287 | outputscale: 3.198 | noise: 0.101
Iter 1320 | Loss: -1177.702 | lengthscale: 0.287 | outputscale: 3.195 | noise: 0.101
Iter 1330 | Loss: -1177.776 | lengthscale: 0.287 | outputscale: 3.192 | noise: 0.101
Iter 1340 | Loss: -1177.771 | lengthscale: 0.286 | outputscale: 3.189 | noise: 0.101
Iter 1350 | Loss: -1177.746 | lengthscale: 0.286 | outputscale: 3.186 | noise: 0.101
Iter 1360 | Loss: -1177.755 | lengthscale: 0.286 | outputscale: 3.183 | noise: 0.101
Iter 1370 | Loss: -1177.772 | lengthscale: 0.286 | outputscale: 3.180 | noise: 0.101
Iter 1380 | Loss: -1177.763 | lengthscale: 0.286 | outputscale: 3.177 | noise: 0.101
Iter 1390 | Loss: -1177.752 | lengthscale: 0.286 | outputscale: 3.174 | noise: 0.101
Iter 1400 | Loss: -1177.809 | lengthscale: 0.286 | outputscale: 3.171 | noise: 0.101
Iter 1410 | Loss: -1177.771 | lengthscale: 0.286 | outputscale: 3.168 | noise: 0.101
Iter 1420 | Loss: -1177.824 | lengthscale: 0.286 | outputscale: 3.165 | noise: 0.101
Iter 1430 | Loss: -1177.809 | lengthscale: 0.286 | outputscale: 3.161 | noise: 0.101
Iter 1440 | Loss: -1177.784 | lengthscale: 0.286 | outputscale: 3.158 | noise: 0.101
Iter 1450 | Loss: -1177.723 | lengthscale: 0.286 | outputscale: 3.155 | noise: 0.101
Iter 1460 | Loss: -1177.690 | lengthscale: 0.286 | outputscale: 3.152 | noise: 0.101
Iter 1470 | Loss: -1177.672 | lengthscale: 0.286 | outputscale: 3.149 | noise: 0.101
Iter 1480 | Loss: -1177.706 | lengthscale: 0.285 | outputscale: 3.146 | noise: 0.101
Iter 1490 | Loss: -1177.686 | lengthscale: 0.285 | outputscale: 3.143 | noise: 0.101
Iter 1500 | Loss: -1177.776 | lengthscale: 0.285 | outputscale: 3.140 | noise: 0.101
Iter 1510 | Loss: -1177.717 | lengthscale: 0.285 | outputscale: 3.137 | noise: 0.101
Iter 1520 | Loss: -1177.712 | lengthscale: 0.285 | outputscale: 3.133 | noise: 0.101
Iter 1530 | Loss: -1177.772 | lengthscale: 0.285 | outputscale: 3.130 | noise: 0.101
Iter 1540 | Loss: -1177.704 | lengthscale: 0.285 | outputscale: 3.127 | noise: 0.101
Iter 1550 | Loss: -1177.796 | lengthscale: 0.285 | outputscale: 3.124 | noise: 0.101
Iter 1560 | Loss: -1177.727 | lengthscale: 0.285 | outputscale: 3.120 | noise: 0.101
Iter 1570 | Loss: -1177.713 | lengthscale: 0.285 | outputscale: 3.117 | noise: 0.101
Iter 1580 | Loss: -1177.756 | lengthscale: 0.285 | outputscale: 3.114 | noise: 0.101
Iter 1590 | Loss: -1177.772 | lengthscale: 0.285 | outputscale: 3.111 | noise: 0.101
Iter 1600 | Loss: -1177.740 | lengthscale: 0.285 | outputscale: 3.108 | noise: 0.101
Iter 1610 | Loss: -1177.745 | lengthscale: 0.285 | outputscale: 3.104 | noise: 0.101
Iter 1620 | Loss: -1177.804 | lengthscale: 0.284 | outputscale: 3.101 | noise: 0.101
Iter 1630 | Loss: -1177.849 | lengthscale: 0.284 | outputscale: 3.098 | noise: 0.101
Iter 1640 | Loss: -1177.753 | lengthscale: 0.284 | outputscale: 3.095 | noise: 0.101
Iter 1650 | Loss: -1177.769 | lengthscale: 0.284 | outputscale: 3.092 | noise: 0.101
Iter 1660 | Loss: -1177.790 | lengthscale: 0.284 | outputscale: 3.089 | noise: 0.101
Iter 1670 | Loss: -1177.767 | lengthscale: 0.284 | outputscale: 3.086 | noise: 0.101
Iter 1680 | Loss: -1177.792 | lengthscale: 0.284 | outputscale: 3.083 | noise: 0.101
Iter 1690 | Loss: -1177.763 | lengthscale: 0.284 | outputscale: 3.079 | noise: 0.101
Iter 1700 | Loss: -1177.771 | lengthscale: 0.284 | outputscale: 3.076 | noise: 0.101
Iter 1710 | Loss: -1177.761 | lengthscale: 0.284 | outputscale: 3.073 | noise: 0.101
Iter 1720 | Loss: -1177.841 | lengthscale: 0.284 | outputscale: 3.069 | noise: 0.101
Iter 1730 | Loss: -1177.791 | lengthscale: 0.284 | outputscale: 3.066 | noise: 0.101
Iter 1740 | Loss: -1177.834 | lengthscale: 0.284 | outputscale: 3.063 | noise: 0.101
Iter 1750 | Loss: -1177.754 | lengthscale: 0.283 | outputscale: 3.059 | noise: 0.101
Iter 1760 | Loss: -1177.771 | lengthscale: 0.283 | outputscale: 3.056 | noise: 0.101
Iter 1770 | Loss: -1177.760 | lengthscale: 0.283 | outputscale: 3.053 | noise: 0.101
Iter 1780 | Loss: -1177.837 | lengthscale: 0.283 | outputscale: 3.050 | noise: 0.101
Iter 1790 | Loss: -1177.801 | lengthscale: 0.283 | outputscale: 3.047 | noise: 0.101
Iter 1800 | Loss: -1177.807 | lengthscale: 0.283 | outputscale: 3.044 | noise: 0.101
Iter 1810 | Loss: -1177.830 | lengthscale: 0.283 | outputscale: 3.041 | noise: 0.101
Iter 1820 | Loss: -1177.862 | lengthscale: 0.283 | outputscale: 3.037 | noise: 0.101
Iter 1830 | Loss: -1177.881 | lengthscale: 0.283 | outputscale: 3.034 | noise: 0.101
Iter 1840 | Loss: -1177.851 | lengthscale: 0.283 | outputscale: 3.030 | noise: 0.101
Iter 1850 | Loss: -1177.915 | lengthscale: 0.283 | outputscale: 3.027 | noise: 0.101
Iter 1860 | Loss: -1177.831 | lengthscale: 0.283 | outputscale: 3.024 | noise: 0.101
Iter 1870 | Loss: -1177.939 | lengthscale: 0.283 | outputscale: 3.020 | noise: 0.101
Iter 1880 | Loss: -1177.865 | lengthscale: 0.282 | outputscale: 3.016 | noise: 0.101
Iter 1890 | Loss: -1177.882 | lengthscale: 0.282 | outputscale: 3.012 | noise: 0.101
Iter 1900 | Loss: -1177.888 | lengthscale: 0.282 | outputscale: 3.009 | noise: 0.101
Iter 1910 | Loss: -1177.923 | lengthscale: 0.282 | outputscale: 3.005 | noise: 0.101
Iter 1920 | Loss: -1177.868 | lengthscale: 0.282 | outputscale: 3.001 | noise: 0.101
Iter 1930 | Loss: -1177.924 | lengthscale: 0.282 | outputscale: 2.997 | noise: 0.101
Iter 1940 | Loss: -1177.830 | lengthscale: 0.282 | outputscale: 2.994 | noise: 0.101
Iter 1950 | Loss: -1177.899 | lengthscale: 0.282 | outputscale: 2.991 | noise: 0.101
Iter 1960 | Loss: -1177.937 | lengthscale: 0.282 | outputscale: 2.987 | noise: 0.101
Iter 1970 | Loss: -1177.884 | lengthscale: 0.282 | outputscale: 2.984 | noise: 0.101
Iter 1980 | Loss: -1177.937 | lengthscale: 0.282 | outputscale: 2.980 | noise: 0.101
Iter 1990 | Loss: -1177.881 | lengthscale: 0.282 | outputscale: 2.976 | noise: 0.101
Iter 2000 | Loss: -1177.851 | lengthscale: 0.281 | outputscale: 2.973 | noise: 0.101
Iter 2010 | Loss: -1177.862 | lengthscale: 0.281 | outputscale: 2.969 | noise: 0.101
Iter 2020 | Loss: -1177.869 | lengthscale: 0.281 | outputscale: 2.966 | noise: 0.101
Iter 2030 | Loss: -1177.856 | lengthscale: 0.281 | outputscale: 2.962 | noise: 0.101
Iter 2040 | Loss: -1177.896 | lengthscale: 0.281 | outputscale: 2.959 | noise: 0.101
Iter 2050 | Loss: -1177.909 | lengthscale: 0.281 | outputscale: 2.955 | noise: 0.101
Iter 2060 | Loss: -1177.970 | lengthscale: 0.281 | outputscale: 2.952 | noise: 0.101
Iter 2070 | Loss: -1177.937 | lengthscale: 0.281 | outputscale: 2.948 | noise: 0.101
Iter 2080 | Loss: -1177.895 | lengthscale: 0.281 | outputscale: 2.945 | noise: 0.101
Iter 2090 | Loss: -1177.911 | lengthscale: 0.281 | outputscale: 2.941 | noise: 0.101
Iter 2100 | Loss: -1177.944 | lengthscale: 0.281 | outputscale: 2.937 | noise: 0.101
Iter 2110 | Loss: -1177.913 | lengthscale: 0.280 | outputscale: 2.934 | noise: 0.101
Iter 2120 | Loss: -1177.972 | lengthscale: 0.280 | outputscale: 2.930 | noise: 0.101
Iter 2130 | Loss: -1177.911 | lengthscale: 0.280 | outputscale: 2.927 | noise: 0.101
Iter 2140 | Loss: -1177.958 | lengthscale: 0.280 | outputscale: 2.924 | noise: 0.101
Iter 2150 | Loss: -1177.969 | lengthscale: 0.280 | outputscale: 2.920 | noise: 0.101
Iter 2160 | Loss: -1177.944 | lengthscale: 0.280 | outputscale: 2.917 | noise: 0.101
Iter 2170 | Loss: -1178.004 | lengthscale: 0.280 | outputscale: 2.914 | noise: 0.101
Iter 2180 | Loss: -1178.005 | lengthscale: 0.280 | outputscale: 2.910 | noise: 0.101
Iter 2190 | Loss: -1178.000 | lengthscale: 0.280 | outputscale: 2.907 | noise: 0.101
Iter 2200 | Loss: -1177.958 | lengthscale: 0.280 | outputscale: 2.904 | noise: 0.101
Iter 2210 | Loss: -1178.018 | lengthscale: 0.280 | outputscale: 2.900 | noise: 0.101
Iter 2220 | Loss: -1177.998 | lengthscale: 0.280 | outputscale: 2.897 | noise: 0.101
Iter 2230 | Loss: -1177.957 | lengthscale: 0.279 | outputscale: 2.893 | noise: 0.101
Iter 2240 | Loss: -1177.999 | lengthscale: 0.279 | outputscale: 2.890 | noise: 0.101
Iter 2250 | Loss: -1178.013 | lengthscale: 0.279 | outputscale: 2.886 | noise: 0.101
Iter 2260 | Loss: -1178.053 | lengthscale: 0.279 | outputscale: 2.883 | noise: 0.101
Iter 2270 | Loss: -1178.063 | lengthscale: 0.279 | outputscale: 2.879 | noise: 0.101
Iter 2280 | Loss: -1178.015 | lengthscale: 0.279 | outputscale: 2.875 | noise: 0.101
Iter 2290 | Loss: -1178.027 | lengthscale: 0.279 | outputscale: 2.872 | noise: 0.101
Iter 2300 | Loss: -1178.042 | lengthscale: 0.279 | outputscale: 2.868 | noise: 0.101
Iter 2310 | Loss: -1177.975 | lengthscale: 0.279 | outputscale: 2.865 | noise: 0.101
Iter 2320 | Loss: -1177.977 | lengthscale: 0.279 | outputscale: 2.861 | noise: 0.101
Iter 2330 | Loss: -1178.000 | lengthscale: 0.279 | outputscale: 2.858 | noise: 0.101
Iter 2340 | Loss: -1177.964 | lengthscale: 0.278 | outputscale: 2.855 | noise: 0.101
Iter 2350 | Loss: -1177.964 | lengthscale: 0.278 | outputscale: 2.851 | noise: 0.101
Iter 2360 | Loss: -1178.026 | lengthscale: 0.278 | outputscale: 2.848 | noise: 0.101
Iter 2370 | Loss: -1178.021 | lengthscale: 0.278 | outputscale: 2.845 | noise: 0.101
Iter 2380 | Loss: -1177.987 | lengthscale: 0.278 | outputscale: 2.841 | noise: 0.101
Iter 2390 | Loss: -1177.967 | lengthscale: 0.278 | outputscale: 2.838 | noise: 0.101
Iter 2400 | Loss: -1178.000 | lengthscale: 0.278 | outputscale: 2.835 | noise: 0.101
Iter 2410 | Loss: -1178.036 | lengthscale: 0.278 | outputscale: 2.831 | noise: 0.101
Iter 2420 | Loss: -1178.043 | lengthscale: 0.278 | outputscale: 2.827 | noise: 0.101
Iter 2430 | Loss: -1178.075 | lengthscale: 0.278 | outputscale: 2.824 | noise: 0.101
Iter 2440 | Loss: -1178.020 | lengthscale: 0.278 | outputscale: 2.820 | noise: 0.101
Iter 2450 | Loss: -1178.050 | lengthscale: 0.278 | outputscale: 2.817 | noise: 0.101
Iter 2460 | Loss: -1178.024 | lengthscale: 0.277 | outputscale: 2.814 | noise: 0.101
Iter 2470 | Loss: -1178.035 | lengthscale: 0.277 | outputscale: 2.810 | noise: 0.101
Iter 2480 | Loss: -1178.050 | lengthscale: 0.277 | outputscale: 2.807 | noise: 0.101
Iter 2490 | Loss: -1178.027 | lengthscale: 0.277 | outputscale: 2.804 | noise: 0.101
Iter 2499 | Loss: -1178.036 | lengthscale: 0.277 | outputscale: 2.801 | noise: 0.101
Learned Hyperparams:  {'lengthscale': 0.27707329392433167, 'outputscale': 2.800508499145508, 'noise': 0.10058014839887619, 'marginal_likelihood_loss_history': [17027.853515625, 16670.35546875, 16321.6044921875, 15979.3125, 15643.4765625, 15314.84765625, 14992.76171875, 14676.6826171875, 14366.59375, 14062.416015625, 13764.6416015625, 13472.13671875, 13185.00390625, 12904.109375, 12628.1865234375, 12358.1630859375, 12093.40625, 11833.7890625, 11580.0078125, 11330.7744140625, 11086.830078125, 10846.232421875, 10609.7626953125, 10375.8994140625, 10143.3349609375, 9911.927734375, 9679.2138671875, 9444.43359375, 9205.6455078125, 8960.6796875, 8708.0078125, 8446.5478515625, 8174.68212890625, 7891.201171875, 7598.2861328125, 7296.2333984375, 6987.322265625, 6675.4580078125, 6364.25537109375, 6057.64892578125, 5760.83056640625, 5477.0078125, 5210.4833984375, 4963.2216796875, 4736.60205078125, 4531.31201171875, 4346.32861328125, 4180.13916015625, 4031.6640625, 3898.23095703125, 3777.673828125, 3667.58251953125, 3566.1201171875, 3471.39111328125, 3381.728515625, 3295.411376953125, 3211.16357421875, 3127.614990234375, 3043.455810546875, 2957.755615234375, 2869.41455078125, 2776.99853515625, 2679.8525390625, 2576.884765625, 2467.083984375, 2349.486328125, 2223.43359375, 2088.7392578125, 1945.5638427734375, 1794.8695068359375, 1638.2418212890625, 1478.0697021484375, 1317.42578125, 1159.719970703125, 1008.4696044921875, 866.7947998046875, 737.1282958984375, 620.9262084960938, 518.7454833984375, 430.2572021484375, 354.5699462890625, 290.3770751953125, 236.2374267578125, 190.7027587890625, 152.4283447265625, 120.2088623046875, 93.0091552734375, 69.9620361328125, 50.3319091796875, 33.5250244140625, 19.051025390625, 6.5106201171875, -4.42578125, -14.0257568359375, -22.5067138671875, -30.04931640625, -36.7999267578125, -42.8798828125, -48.391357421875, -53.4161376953125, -58.0277099609375, -62.284423828125, -66.2310791015625, -69.9097900390625, -73.3602294921875, -76.611328125, -79.6851806640625, -82.606689453125, -85.3900146484375, -88.056640625, -90.6234130859375, -93.095703125, -95.486572265625, -97.8057861328125, -100.061767578125, -102.2562255859375, -104.40380859375, -106.501953125, -108.5638427734375, -110.588134765625, -112.5789794921875, -114.54052734375, -116.4815673828125, -118.3931884765625, -120.2847900390625, -122.15771484375, -124.0081787109375, -125.8526611328125, -127.678955078125, -129.492431640625, -131.2916259765625, -133.0899658203125, -134.87060546875, -136.65087890625, -138.4141845703125, -140.181884765625, -141.9320068359375, -143.6876220703125, -145.4298095703125, -147.1722412109375, -148.913330078125, -150.6500244140625, -152.3817138671875, -154.1136474609375, -155.8419189453125, -157.56640625, -159.286865234375, -161.010498046875, -162.7373046875, -164.454833984375, -166.1763916015625, -167.8980712890625, -169.6148681640625, -171.3372802734375, -173.0509033203125, -174.7769775390625, -176.4957275390625, -178.2119140625, -179.934814453125, -181.6549072265625, -183.377685546875, -185.0982666015625, -186.8194580078125, -188.5467529296875, -190.2720947265625, -191.992431640625, -193.71875, -195.453369140625, -197.179931640625, -198.9075927734375, -200.6417236328125, -202.3699951171875, -204.1085205078125, -205.8428955078125, -207.5811767578125, -209.3192138671875, -211.0589599609375, -212.798583984375, -214.54443359375, -216.2877197265625, -218.0311279296875, -219.7840576171875, -221.5302734375, -223.28466796875, -225.0316162109375, -226.7884521484375, -228.546875, -230.301025390625, -232.06298828125, -233.8262939453125, -235.5860595703125, -237.3519287109375, -239.1199951171875, -240.8848876953125, -242.6575927734375, -244.4344482421875, -246.203857421875, -247.98291015625, -249.7559814453125, -251.537841796875, -253.316650390625, -255.103759765625, -256.8868408203125, -258.6717529296875, -260.4580078125, -262.25537109375, -264.0474853515625, -265.8427734375, -267.6409912109375, -269.431884765625, -271.233642578125, -273.0384521484375, -274.8389892578125, -276.6494140625, -278.45263671875, -280.26953125, -282.079345703125, -283.8929443359375, -285.7105712890625, -287.521240234375, -289.3438720703125, -291.161865234375, -292.98974609375, -294.8133544921875, -296.6405029296875, -298.4659423828125, -300.3021240234375, -302.1307373046875, -303.96728515625, -305.802978515625, -307.64306640625, -309.4833984375, -311.3271484375, -313.163818359375, -315.0159912109375, -316.86328125, -318.712646484375, -320.5640869140625, -322.41259765625, -324.270263671875, -326.1258544921875, -327.9866943359375, -329.8392333984375, -331.7060546875, -333.5654296875, -335.4312744140625, -337.2984619140625, -339.1707763671875, -341.034912109375, -342.90673828125, -344.7823486328125, -346.6607666015625, -348.53369140625, -350.419677734375, -352.300048828125, -354.1776123046875, -356.0657958984375, -357.9503173828125, -359.83740234375, -361.7198486328125, -363.614990234375, -365.50927734375, -367.4051513671875, -369.2955322265625, -371.1898193359375, -373.0877685546875, -374.99072265625, -376.889892578125, -378.7911376953125, -380.69873046875, -382.6082763671875, -384.5115966796875, -386.4176025390625, -388.326171875, -390.2454833984375, -392.1583251953125, -394.066162109375, -395.98779296875, -397.9051513671875, -399.819091796875, -401.743896484375, -403.6644287109375, -405.587158203125, -407.5101318359375, -409.433349609375, -411.364013671875, -413.285888671875, -415.2152099609375, -417.1478271484375, -419.077392578125, -421.010009765625, -422.94287109375, -424.8778076171875, -426.810791015625, -428.7530517578125, -430.690185546875, -432.6287841796875, -434.5743408203125, -436.5150146484375, -438.4588623046875, -440.399658203125, -442.34326171875, -444.2899169921875, -446.2314453125, -448.1839599609375, -450.1351318359375, -452.083740234375, -454.03662109375, -455.9853515625, -457.9366455078125, -459.889892578125, -461.8411865234375, -463.8011474609375, -465.7601318359375, -467.7154541015625, -469.6767578125, -471.6329345703125, -473.5899658203125, -475.5443115234375, -477.5152587890625, -479.469970703125, -481.4376220703125, -483.401611328125, -485.361083984375, -487.3221435546875, -489.2884521484375, -491.2493896484375, -493.216796875, -495.1903076171875, -497.1573486328125, -499.127685546875, -501.0921630859375, -503.061279296875, -505.0281982421875, -506.9949951171875, -508.9742431640625, -510.9415283203125, -512.9139404296875, -514.8846435546875, -516.8568115234375, -518.822265625, -520.7952880859375, -522.7745361328125, -524.745849609375, -526.7188720703125, -528.6929931640625, -530.667724609375, -532.6383056640625, -534.6092529296875, -536.5887451171875, -538.56396484375, -540.542236328125, -542.5140380859375, -544.4884033203125, -546.460205078125, -548.4371337890625, -550.4150390625, -552.39111328125, -554.3614501953125, -556.335205078125, -558.3106689453125, -560.2830810546875, -562.263427734375, -564.2335205078125, -566.207763671875, -568.1905517578125, -570.1651611328125, -572.13134765625, -574.1051025390625, -576.082275390625, -578.057861328125, -580.03173828125, -582.0018310546875, -583.9710693359375, -585.9517822265625, -587.91943359375, -589.89501953125, -591.867431640625, -593.8460693359375, -595.810302734375, -597.7742919921875, -599.74267578125, -601.7177734375, -603.678955078125, -605.6513671875, -607.625732421875, -609.58056640625, -611.5535888671875, -613.5220947265625, -615.4796142578125, -617.4481201171875, -619.417724609375, -621.376220703125, -623.3458251953125, -625.303955078125, -627.2615966796875, -629.2271728515625, -631.174072265625, -633.1395263671875, -635.104736328125, -637.0582275390625, -639.0126953125, -640.95654296875, -642.913818359375, -644.8782958984375, -646.8260498046875, -648.7698974609375, -650.7203369140625, -652.6776123046875, -654.6192626953125, -656.5684814453125, -658.51220703125, -660.4573974609375, -662.39501953125, -664.343994140625, -666.2703857421875, -668.218994140625, -670.1646728515625, -672.1053466796875, -674.0289306640625, -675.9637451171875, -677.9019775390625, -679.8389892578125, -681.7567138671875, -683.6876220703125, -685.6146240234375, -687.5421142578125, -689.4661865234375, -691.3817138671875, -693.3148193359375, -695.2283935546875, -697.1475830078125, -699.0714111328125, -700.9835205078125, -702.8897705078125, -704.7987060546875, -706.7215576171875, -708.6292724609375, -710.5250244140625, -712.4271240234375, -714.3333740234375, -716.2347412109375, -718.1358642578125, -720.0306396484375, -721.9246826171875, -723.8162841796875, -725.7086181640625, -727.6116943359375, -729.4884033203125, -731.3746337890625, -733.2598876953125, -735.1527099609375, -737.0247802734375, -738.8880615234375, -740.7716064453125, -742.6427001953125, -744.5147705078125, -746.3831787109375, -748.2489013671875, -750.1121826171875, -751.9791259765625, -753.8399658203125, -755.6988525390625, -757.5474853515625, -759.4056396484375, -761.2513427734375, -763.0897216796875, -764.9464111328125, -766.7823486328125, -768.6365966796875, -770.4703369140625, -772.3150634765625, -774.1409912109375, -775.9661865234375, -777.7969970703125, -779.6346435546875, -781.4505615234375, -783.2598876953125, -785.0816650390625, -786.8907470703125, -788.7152099609375, -790.5111083984375, -792.3238525390625, -794.1304931640625, -795.9234619140625, -797.7156982421875, -799.5216064453125, -801.3155517578125, -803.1114501953125, -804.8907470703125, -806.6795654296875, -808.4500732421875, -810.2310791015625, -811.9896240234375, -813.7830810546875, -815.5469970703125, -817.3094482421875, -819.0736083984375, -820.8365478515625, -822.5787353515625, -824.3309326171875, -826.0887451171875, -827.8363037109375, -829.5853271484375, -831.3277587890625, -833.0594482421875, -834.7867431640625, -836.5172119140625, -838.2503662109375, -839.9644775390625, -841.6986083984375, -843.4073486328125, -845.1116943359375, -846.8179931640625, -848.5247802734375, -850.2303466796875, -851.9324951171875, -853.6270751953125, -855.3096923828125, -857.0040283203125, -858.6971435546875, -860.3890380859375, -862.0364990234375, -863.7303466796875, -865.3856201171875, -867.0701904296875, -868.7205810546875, -870.3839111328125, -872.0360107421875, -873.6907958984375, -875.3443603515625, -876.9796142578125, -878.6207275390625, -880.2603759765625, -881.8880615234375, -883.5135498046875, -885.1322021484375, -886.7574462890625, -888.3619384765625, -889.9808349609375, -891.5994873046875, -893.1949462890625, -894.7913818359375, -896.4036865234375, -897.9866943359375, -899.5706787109375, -901.1571044921875, -902.7252197265625, -904.3062744140625, -905.8587646484375, -907.4334716796875, -909.0069580078125, -910.5772705078125, -912.1124267578125, -913.6783447265625, -915.2088623046875, -916.7484130859375, -918.2916259765625, -919.8406982421875, -921.3509521484375, -922.8704833984375, -924.3917236328125, -925.9044189453125, -927.4205322265625, -928.9207763671875, -930.4398193359375, -931.9200439453125, -933.4168701171875, -934.9183349609375, -936.3934326171875, -937.8709716796875, -939.3397216796875, -940.8023681640625, -942.2625732421875, -943.7318115234375, -945.1905517578125, -946.6217041015625, -948.0579833984375, -949.5330810546875, -950.9605712890625, -952.3892822265625, -953.8389892578125, -955.2523193359375, -956.6568603515625, -958.0802001953125, -959.4854736328125, -960.8765869140625, -962.2811279296875, -963.6646728515625, -965.0533447265625, -966.4385986328125, -967.8411865234375, -969.2122802734375, -970.5848388671875, -971.9327392578125, -973.3006591796875, -974.6541748046875, -976.0064697265625, -977.3758544921875, -978.7037353515625, -980.0301513671875, -981.3861083984375, -982.6854248046875, -984.0069580078125, -985.3084716796875, -986.6246337890625, -987.9412841796875, -989.2406005859375, -990.5242919921875, -991.8145751953125, -993.1063232421875, -994.3851318359375, -995.6536865234375, -996.9359130859375, -998.2022705078125, -999.4588623046875, -1000.7227783203125, -1001.9525146484375, -1003.1942138671875, -1004.4622802734375, -1005.6678466796875, -1006.9024658203125, -1008.1219482421875, -1009.3389892578125, -1010.5555419921875, -1011.7518310546875, -1012.9720458984375, -1014.1658935546875, -1015.3568115234375, -1016.5423583984375, -1017.7308349609375, -1018.9010009765625, -1020.0648193359375, -1021.2611083984375, -1022.4110107421875, -1023.5535888671875, -1024.6910400390625, -1025.8841552734375, -1027.0089111328125, -1028.1138916015625, -1029.2635498046875, -1030.3836669921875, -1031.4869384765625, -1032.6256103515625, -1033.7200927734375, -1034.8387451171875, -1035.9031982421875, -1037.0159912109375, -1038.0877685546875, -1039.1873779296875, -1040.2498779296875, -1041.3509521484375, -1042.4000244140625, -1043.4735107421875, -1044.5238037109375, -1045.5667724609375, -1046.5965576171875, -1047.6553955078125, -1048.6839599609375, -1049.7108154296875, -1050.7222900390625, -1051.7493896484375, -1052.7435302734375, -1053.7576904296875, -1054.7816162109375, -1055.7528076171875, -1056.7718505859375, -1057.7640380859375, -1058.7264404296875, -1059.6895751953125, -1060.6888427734375, -1061.6229248046875, -1062.5772705078125, -1063.5443115234375, -1064.4864501953125, -1065.4486083984375, -1066.4229736328125, -1067.3433837890625, -1068.2674560546875, -1069.1680908203125, -1070.0870361328125, -1070.9935302734375, -1071.9046630859375, -1072.8138427734375, -1073.6942138671875, -1074.6116943359375, -1075.4918212890625, -1076.3433837890625, -1077.2135009765625, -1078.1278076171875, -1078.9820556640625, -1079.8314208984375, -1080.6893310546875, -1081.5269775390625, -1082.3773193359375, -1083.2322998046875, -1084.0616455078125, -1084.8636474609375, -1085.7127685546875, -1086.5379638671875, -1087.3297119140625, -1088.1510009765625, -1088.9761962890625, -1089.7698974609375, -1090.5552978515625, -1091.3345947265625, -1092.1168212890625, -1092.9146728515625, -1093.6951904296875, -1094.4439697265625, -1095.1822509765625, -1095.9627685546875, -1096.7230224609375, -1097.4403076171875, -1098.2025146484375, -1098.9508056640625, -1099.7117919921875, -1100.4085693359375, -1101.1495361328125, -1101.8590087890625, -1102.5953369140625, -1103.2701416015625, -1103.9942626953125, -1104.6781005859375, -1105.3780517578125, -1106.0238037109375, -1106.7515869140625, -1107.4793701171875, -1108.1329345703125, -1108.7886962890625, -1109.4615478515625, -1110.1290283203125, -1110.7659912109375, -1111.4332275390625, -1112.0628662109375, -1112.7188720703125, -1113.3448486328125, -1113.9962158203125, -1114.5960693359375, -1115.2567138671875, -1115.8563232421875, -1116.4788818359375, -1117.0885009765625, -1117.7205810546875, -1118.3441162109375, -1118.9190673828125, -1119.4935302734375, -1120.0826416015625, -1120.6365966796875, -1121.2369384765625, -1121.8023681640625, -1122.4093017578125, -1122.9642333984375, -1123.5482177734375, -1124.0650634765625, -1124.6246337890625, -1125.1527099609375, -1125.6917724609375, -1126.2281494140625, -1126.7830810546875, -1127.2806396484375, -1127.8658447265625, -1128.3782958984375, -1128.8614501953125, -1129.3919677734375, -1129.9178466796875, -1130.4241943359375, -1130.9134521484375, -1131.3692626953125, -1131.8880615234375, -1132.3905029296875, -1132.8558349609375, -1133.3616943359375, -1133.7860107421875, -1134.3106689453125, -1134.7340087890625, -1135.2376708984375, -1135.6573486328125, -1136.1173095703125, -1136.5628662109375, -1137.0262451171875, -1137.5072021484375, -1137.9727783203125, -1138.3597412109375, -1138.7906494140625, -1139.2423095703125, -1139.6536865234375, -1140.0689697265625, -1140.4984130859375, -1140.9085693359375, -1141.3197021484375, -1141.7303466796875, -1142.1363525390625, -1142.5418701171875, -1142.9378662109375, -1143.3184814453125, -1143.7325439453125, -1144.1053466796875, -1144.5120849609375, -1144.8385009765625, -1145.2054443359375, -1145.6331787109375, -1145.9202880859375, -1146.2947998046875, -1146.6959228515625, -1147.0858154296875, -1147.4239501953125, -1147.7698974609375, -1148.1177978515625, -1148.4432373046875, -1148.8104248046875, -1149.1561279296875, -1149.5247802734375, -1149.8302001953125, -1150.1492919921875, -1150.4315185546875, -1150.7928466796875, -1151.1256103515625, -1151.4373779296875, -1151.7198486328125, -1152.0677490234375, -1152.3421630859375, -1152.6595458984375, -1152.9110107421875, -1153.2244873046875, -1153.5362548828125, -1153.8245849609375, -1154.1441650390625, -1154.4007568359375, -1154.6900634765625, -1154.9647216796875, -1155.2579345703125, -1155.5330810546875, -1155.7498779296875, -1156.0496826171875, -1156.2596435546875, -1156.6119384765625, -1156.8328857421875, -1157.0626220703125, -1157.4202880859375, -1157.6036376953125, -1157.9061279296875, -1158.1204833984375, -1158.3685302734375, -1158.5828857421875, -1158.8331298828125, -1159.0999755859375, -1159.3411865234375, -1159.5435791015625, -1159.7928466796875, -1160.0189208984375, -1160.2479248046875, -1160.4285888671875, -1160.6463623046875, -1160.9061279296875, -1161.1409912109375, -1161.3006591796875, -1161.5814208984375, -1161.7642822265625, -1161.9976806640625, -1162.1507568359375, -1162.3502197265625, -1162.5103759765625, -1162.7816162109375, -1162.9315185546875, -1163.1241455078125, -1163.2698974609375, -1163.5189208984375, -1163.6866455078125, -1163.8758544921875, -1164.0692138671875, -1164.2659912109375, -1164.4844970703125, -1164.6234130859375, -1164.8070068359375, -1164.9923095703125, -1165.1365966796875, -1165.3848876953125, -1165.4559326171875, -1165.6341552734375, -1165.8050537109375, -1165.9769287109375, -1166.1688232421875, -1166.2650146484375, -1166.4190673828125, -1166.5821533203125, -1166.7352294921875, -1166.8675537109375, -1167.0147705078125, -1167.1624755859375, -1167.2459716796875, -1167.4581298828125, -1167.5792236328125, -1167.7281494140625, -1167.8653564453125, -1167.9510498046875, -1168.1072998046875, -1168.2601318359375, -1168.3560791015625, -1168.5223388671875, -1168.5911865234375, -1168.7845458984375, -1168.8787841796875, -1169.0015869140625, -1169.0850830078125, -1169.2218017578125, -1169.3719482421875, -1169.4864501953125, -1169.6180419921875, -1169.7261962890625, -1169.8592529296875, -1169.9071044921875, -1170.0135498046875, -1170.1488037109375, -1170.2586669921875, -1170.3516845703125, -1170.4527587890625, -1170.5428466796875, -1170.7127685546875, -1170.8311767578125, -1170.9049072265625, -1170.9344482421875, -1171.0540771484375, -1171.2064208984375, -1171.2965087890625, -1171.3809814453125, -1171.4351806640625, -1171.4779052734375, -1171.6927490234375, -1171.7464599609375, -1171.8172607421875, -1171.8883056640625, -1171.9769287109375, -1171.9671630859375, -1172.1319580078125, -1172.1856689453125, -1172.2716064453125, -1172.3734130859375, -1172.4473876953125, -1172.5294189453125, -1172.5943603515625, -1172.7073974609375, -1172.7823486328125, -1172.7667236328125, -1172.9122314453125, -1172.9385986328125, -1172.9930419921875, -1173.1187744140625, -1173.1868896484375, -1173.2266845703125, -1173.2615966796875, -1173.3431396484375, -1173.4276123046875, -1173.4949951171875, -1173.5872802734375, -1173.6072998046875, -1173.7215576171875, -1173.7264404296875, -1173.7772216796875, -1173.8348388671875, -1173.9317626953125, -1173.9710693359375, -1173.9906005859375, -1174.0909423828125, -1174.1895751953125, -1174.1790771484375, -1174.2711181640625, -1174.3206787109375, -1174.3636474609375, -1174.4337158203125, -1174.5345458984375, -1174.5928955078125, -1174.5609130859375, -1174.5972900390625, -1174.7000732421875, -1174.7025146484375, -1174.6964111328125, -1174.7567138671875, -1174.8880615234375, -1174.8382568359375, -1174.8873291015625, -1174.9583740234375, -1174.9927978515625, -1175.0611572265625, -1175.0570068359375, -1175.1512451171875, -1175.1551513671875, -1175.2213134765625, -1175.2576904296875, -1175.2738037109375, -1175.3131103515625, -1175.3319091796875, -1175.3699951171875, -1175.3760986328125, -1175.4063720703125, -1175.4906005859375, -1175.5091552734375, -1175.5335693359375, -1175.5767822265625, -1175.6585693359375, -1175.6136474609375, -1175.6790771484375, -1175.6922607421875, -1175.7801513671875, -1175.7943115234375, -1175.8001708984375, -1175.8563232421875, -1175.8646240234375, -1175.9066162109375, -1175.9237060546875, -1175.9742431640625, -1175.9595947265625, -1176.0509033203125, -1175.9857177734375, -1176.0902099609375, -1176.0843505859375, -1176.1600341796875, -1176.0543212890625, -1176.1553955078125, -1176.1361083984375, -1176.2322998046875, -1176.2994384765625, -1176.2535400390625, -1176.3074951171875, -1176.3533935546875, -1176.3968505859375, -1176.3907470703125, -1176.4293212890625, -1176.4024658203125, -1176.4578857421875, -1176.5198974609375, -1176.4588623046875, -1176.4393310546875, -1176.5135498046875, -1176.5404052734375, -1176.5321044921875, -1176.6683349609375, -1176.6068115234375, -1176.6136474609375, -1176.6072998046875, -1176.5911865234375, -1176.6707763671875, -1176.6763916015625, -1176.6839599609375, -1176.8148193359375, -1176.7550048828125, -1176.7176513671875, -1176.7691650390625, -1176.7691650390625, -1176.8043212890625, -1176.8358154296875, -1176.8377685546875, -1176.8341064453125, -1176.7977294921875, -1176.8675537109375, -1176.8570556640625, -1176.8641357421875, -1176.8509521484375, -1176.9649658203125, -1176.8983154296875, -1176.9854736328125, -1176.9466552734375, -1177.0357666015625, -1177.0174560546875, -1177.0120849609375, -1176.9915771484375, -1177.0330810546875, -1177.0933837890625, -1177.0364990234375, -1177.0758056640625, -1177.1322021484375, -1177.1353759765625, -1177.1378173828125, -1177.1395263671875, -1177.1737060546875, -1177.1873779296875, -1177.1995849609375, -1177.1815185546875, -1177.1844482421875, -1177.1636962890625, -1177.1849365234375, -1177.1942138671875, -1177.2445068359375, -1177.2357177734375, -1177.1929931640625, -1177.2025146484375, -1177.2288818359375, -1177.2733154296875, -1177.1878662109375, -1177.2991943359375, -1177.2777099609375, -1177.2183837890625, -1177.2742919921875, -1177.3292236328125, -1177.3074951171875, -1177.2928466796875, -1177.3055419921875, -1177.2884521484375, -1177.2716064453125, -1177.3199462890625, -1177.3289794921875, -1177.3350830078125, -1177.3082275390625, -1177.3343505859375, -1177.3184814453125, -1177.3392333984375, -1177.3482666015625, -1177.3436279296875, -1177.3856201171875, -1177.3616943359375, -1177.3509521484375, -1177.3492431640625, -1177.4237060546875, -1177.3739013671875, -1177.3609619140625, -1177.4129638671875, -1177.4573974609375, -1177.4705810546875, -1177.4393310546875, -1177.4031982421875, -1177.4202880859375, -1177.4229736328125, -1177.5001220703125, -1177.4454345703125, -1177.4537353515625, -1177.4598388671875, -1177.4637451171875, -1177.4486083984375, -1177.5037841796875, -1177.5357666015625, -1177.5057373046875, -1177.5330810546875, -1177.5059814453125, -1177.5152587890625, -1177.5164794921875, -1177.5743408203125, -1177.5330810546875, -1177.4967041015625, -1177.5433349609375, -1177.5091552734375, -1177.5301513671875, -1177.4354248046875, -1177.5111083984375, -1177.5125732421875, -1177.5225830078125, -1177.4810791015625, -1177.4783935546875, -1177.5423583984375, -1177.5574951171875, -1177.5323486328125, -1177.5428466796875, -1177.5272216796875, -1177.5960693359375, -1177.5382080078125, -1177.5496826171875, -1177.5906982421875, -1177.5833740234375, -1177.5328369140625, -1177.5877685546875, -1177.5550537109375, -1177.4976806640625, -1177.5513916015625, -1177.4918212890625, -1177.5750732421875, -1177.5374755859375, -1177.5928955078125, -1177.5567626953125, -1177.5887451171875, -1177.5357666015625, -1177.5316162109375, -1177.6097412109375, -1177.6199951171875, -1177.5682373046875, -1177.5760498046875, -1177.6385498046875, -1177.6160888671875, -1177.6068115234375, -1177.6322021484375, -1177.6368408203125, -1177.6614990234375, -1177.5946044921875, -1177.5682373046875, -1177.5838623046875, -1177.5543212890625, -1177.6661376953125, -1177.6722412109375, -1177.6334228515625, -1177.6468505859375, -1177.5792236328125, -1177.5699462890625, -1177.5892333984375, -1177.5965576171875, -1177.6776123046875, -1177.5745849609375, -1177.6175537109375, -1177.7178955078125, -1177.6478271484375, -1177.5782470703125, -1177.6390380859375, -1177.6571044921875, -1177.6693115234375, -1177.6644287109375, -1177.7008056640625, -1177.7325439453125, -1177.6795654296875, -1177.6680908203125, -1177.6751708984375, -1177.6707763671875, -1177.6781005859375, -1177.6998291015625, -1177.6212158203125, -1177.6363525390625, -1177.6785888671875, -1177.7225341796875, -1177.6619873046875, -1177.6734619140625, -1177.5941162109375, -1177.6651611328125, -1177.7154541015625, -1177.7030029296875, -1177.7213134765625, -1177.6644287109375, -1177.6270751953125, -1177.7122802734375, -1177.7235107421875, -1177.7264404296875, -1177.7352294921875, -1177.7161865234375, -1177.6273193359375, -1177.6654052734375, -1177.6927490234375, -1177.7445068359375, -1177.7506103515625, -1177.7015380859375, -1177.7318115234375, -1177.7022705078125, -1177.7640380859375, -1177.7928466796875, -1177.6727294921875, -1177.6966552734375, -1177.6458740234375, -1177.7164306640625, -1177.6712646484375, -1177.7313232421875, -1177.7132568359375, -1177.6605224609375, -1177.7052001953125, -1177.6556396484375, -1177.7098388671875, -1177.6947021484375, -1177.6505126953125, -1177.6234130859375, -1177.6636962890625, -1177.6766357421875, -1177.6219482421875, -1177.6600341796875, -1177.7093505859375, -1177.6199951171875, -1177.6846923828125, -1177.7069091796875, -1177.7694091796875, -1177.7457275390625, -1177.6414794921875, -1177.7213134765625, -1177.7244873046875, -1177.7127685546875, -1177.7230224609375, -1177.6986083984375, -1177.6854248046875, -1177.7645263671875, -1177.7076416015625, -1177.7088623046875, -1177.7152099609375, -1177.6610107421875, -1177.7303466796875, -1177.7093505859375, -1177.7454833984375, -1177.7752685546875, -1177.6861572265625, -1177.7044677734375, -1177.7852783203125, -1177.7589111328125, -1177.6805419921875, -1177.7301025390625, -1177.7503662109375, -1177.7410888671875, -1177.7645263671875, -1177.7156982421875, -1177.6864013671875, -1177.7161865234375, -1177.7396240234375, -1177.7696533203125, -1177.6890869140625, -1177.6732177734375, -1177.7049560546875, -1177.7034912109375, -1177.7044677734375, -1177.7347412109375, -1177.7208251953125, -1177.6541748046875, -1177.6522216796875, -1177.7200927734375, -1177.6990966796875, -1177.6873779296875, -1177.7650146484375, -1177.7061767578125, -1177.6707763671875, -1177.7042236328125, -1177.7059326171875, -1177.6390380859375, -1177.7738037109375, -1177.6861572265625, -1177.7186279296875, -1177.7318115234375, -1177.7337646484375, -1177.6949462890625, -1177.7254638671875, -1177.6986083984375, -1177.7215576171875, -1177.7596435546875, -1177.7020263671875, -1177.6898193359375, -1177.7750244140625, -1177.7274169921875, -1177.6888427734375, -1177.6644287109375, -1177.6922607421875, -1177.7508544921875, -1177.6788330078125, -1177.7210693359375, -1177.7764892578125, -1177.7532958984375, -1177.7628173828125, -1177.7601318359375, -1177.7528076171875, -1177.7703857421875, -1177.7899169921875, -1177.7327880859375, -1177.7254638671875, -1177.8292236328125, -1177.7706298828125, -1177.7391357421875, -1177.7308349609375, -1177.7752685546875, -1177.7457275390625, -1177.7530517578125, -1177.7481689453125, -1177.7261962890625, -1177.7845458984375, -1177.7259521484375, -1177.7459716796875, -1177.7889404296875, -1177.6834716796875, -1177.7701416015625, -1177.7222900390625, -1177.7205810546875, -1177.6990966796875, -1177.7452392578125, -1177.7874755859375, -1177.7528076171875, -1177.7547607421875, -1177.7554931640625, -1177.8172607421875, -1177.8861083984375, -1177.7491455078125, -1177.7816162109375, -1177.7991943359375, -1177.7205810546875, -1177.7569580078125, -1177.7176513671875, -1177.7718505859375, -1177.7608642578125, -1177.8341064453125, -1177.7938232421875, -1177.7474365234375, -1177.7506103515625, -1177.7659912109375, -1177.7547607421875, -1177.7413330078125, -1177.7303466796875, -1177.7630615234375, -1177.7259521484375, -1177.8502197265625, -1177.7225341796875, -1177.7696533203125, -1177.7362060546875, -1177.7938232421875, -1177.8294677734375, -1177.7811279296875, -1177.8299560546875, -1177.7520751953125, -1177.8050537109375, -1177.7567138671875, -1177.8143310546875, -1177.7581787109375, -1177.8275146484375, -1177.7615966796875, -1177.7733154296875, -1177.7779541015625, -1177.7684326171875, -1177.8094482421875, -1177.8216552734375, -1177.7623291015625, -1177.7899169921875, -1177.8204345703125, -1177.8216552734375, -1177.7535400390625, -1177.7869873046875, -1177.7806396484375, -1177.8089599609375, -1177.7711181640625, -1177.7259521484375, -1177.7921142578125, -1177.7862548828125, -1177.7633056640625, -1177.8060302734375, -1177.8162841796875, -1177.7811279296875, -1177.7764892578125, -1177.7745361328125, -1177.8240966796875, -1177.7816162109375, -1177.8223876953125, -1177.8314208984375, -1177.7716064453125, -1177.7818603515625, -1177.7650146484375, -1177.7154541015625, -1177.8162841796875, -1177.8023681640625, -1177.8087158203125, -1177.7532958984375, -1177.7620849609375, -1177.8001708984375, -1177.8006591796875, -1177.7762451171875, -1177.7420654296875, -1177.7635498046875, -1177.7012939453125, -1177.7503662109375, -1177.7838134765625, -1177.7469482421875, -1177.7537841796875, -1177.8170166015625, -1177.7874755859375, -1177.7567138671875, -1177.8275146484375, -1177.7049560546875, -1177.7264404296875, -1177.7081298828125, -1177.7232666015625, -1177.7423095703125, -1177.7225341796875, -1177.6986083984375, -1177.6697998046875, -1177.6907958984375, -1177.7156982421875, -1177.7103271484375, -1177.7371826171875, -1177.8104248046875, -1177.6900634765625, -1177.7308349609375, -1177.7308349609375, -1177.7210693359375, -1177.7445068359375, -1177.6800537109375, -1177.6932373046875, -1177.7220458984375, -1177.7186279296875, -1177.7200927734375, -1177.6717529296875, -1177.7440185546875, -1177.7318115234375, -1177.7239990234375, -1177.7042236328125, -1177.7235107421875, -1177.7139892578125, -1177.7376708984375, -1177.7274169921875, -1177.6961669921875, -1177.7059326171875, -1177.7679443359375, -1177.7318115234375, -1177.8001708984375, -1177.7728271484375, -1177.7315673828125, -1177.7550048828125, -1177.7518310546875, -1177.8028564453125, -1177.7840576171875, -1177.6864013671875, -1177.6812744140625, -1177.7508544921875, -1177.6981201171875, -1177.8243408203125, -1177.7723388671875, -1177.7352294921875, -1177.7064208984375, -1177.6634521484375, -1177.7276611328125, -1177.7762451171875, -1177.7957763671875, -1177.7359619140625, -1177.7655029296875, -1177.7635498046875, -1177.7493896484375, -1177.7210693359375, -1177.7154541015625, -1177.7659912109375, -1177.7657470703125, -1177.7174072265625, -1177.7674560546875, -1177.7528076171875, -1177.7760009765625, -1177.7808837890625, -1177.7161865234375, -1177.7144775390625, -1177.7281494140625, -1177.7127685546875, -1177.7171630859375, -1177.7122802734375, -1177.7869873046875, -1177.7523193359375, -1177.7515869140625, -1177.7198486328125, -1177.7581787109375, -1177.7015380859375, -1177.7142333984375, -1177.7677001953125, -1177.7869873046875, -1177.7718505859375, -1177.7462158203125, -1177.7711181640625, -1177.6688232421875, -1177.7503662109375, -1177.7125244140625, -1177.7381591796875, -1177.7520751953125, -1177.7698974609375, -1177.7164306640625, -1177.7039794921875, -1177.7381591796875, -1177.6951904296875, -1177.7474365234375, -1177.8050537109375, -1177.7615966796875, -1177.6986083984375, -1177.7337646484375, -1177.7142333984375, -1177.6817626953125, -1177.7955322265625, -1177.6890869140625, -1177.7044677734375, -1177.7572021484375, -1177.7933349609375, -1177.7449951171875, -1177.7620849609375, -1177.7479248046875, -1177.7806396484375, -1177.7830810546875, -1177.7274169921875, -1177.7269287109375, -1177.7733154296875, -1177.7496337890625, -1177.7342529296875, -1177.7298583984375, -1177.7086181640625, -1177.7359619140625, -1177.7767333984375, -1177.6934814453125, -1177.7125244140625, -1177.7254638671875, -1177.7144775390625, -1177.7166748046875, -1177.7308349609375, -1177.7401123046875, -1177.7518310546875, -1177.7493896484375, -1177.7762451171875, -1177.7288818359375, -1177.7562255859375, -1177.7313232421875, -1177.7393798828125, -1177.7701416015625, -1177.8070068359375, -1177.7286376953125, -1177.7210693359375, -1177.7283935546875, -1177.7354736328125, -1177.7689208984375, -1177.7720947265625, -1177.7386474609375, -1177.7987060546875, -1177.7996826171875, -1177.7623291015625, -1177.7181396484375, -1177.7342529296875, -1177.7344970703125, -1177.6868896484375, -1177.7713623046875, -1177.7396240234375, -1177.7210693359375, -1177.7562255859375, -1177.7288818359375, -1177.7156982421875, -1177.7186279296875, -1177.7677001953125, -1177.7589111328125, -1177.7491455078125, -1177.7435302734375, -1177.7447509765625, -1177.7733154296875, -1177.7816162109375, -1177.8231201171875, -1177.7733154296875, -1177.7967529296875, -1177.7767333984375, -1177.7156982421875, -1177.8133544921875, -1177.7982177734375, -1177.8040771484375, -1177.7906494140625, -1177.7313232421875, -1177.7728271484375, -1177.8114013671875, -1177.8321533203125, -1177.8372802734375, -1177.8360595703125, -1177.8272705078125, -1177.7518310546875, -1177.8489990234375, -1177.7850341796875, -1177.7755126953125, -1177.7869873046875, -1177.7943115234375, -1177.8287353515625, -1177.7972412109375, -1177.7833251953125, -1177.7845458984375, -1177.9005126953125, -1177.7525634765625, -1177.7738037109375, -1177.8035888671875, -1177.7869873046875, -1177.7952880859375, -1177.7547607421875, -1177.8238525390625, -1177.7769775390625, -1177.7659912109375, -1177.8182373046875, -1177.7694091796875, -1177.8079833984375, -1177.7349853515625, -1177.7706298828125, -1177.8084716796875, -1177.7916259765625, -1177.8143310546875, -1177.8280029296875, -1177.8072509765625, -1177.7799072265625, -1177.7899169921875, -1177.8079833984375, -1177.8250732421875, -1177.7965087890625, -1177.8133544921875, -1177.7662353515625, -1177.7869873046875, -1177.7840576171875, -1177.7647705078125, -1177.8199462890625, -1177.7669677734375, -1177.7855224609375, -1177.7982177734375, -1177.7969970703125, -1177.8739013671875, -1177.7921142578125, -1177.7647705078125, -1177.7860107421875, -1177.7789306640625, -1177.7811279296875, -1177.7923583984375, -1177.8228759765625, -1177.7838134765625, -1177.8233642578125, -1177.8419189453125, -1177.8905029296875, -1177.7972412109375, -1177.7435302734375, -1177.7591552734375, -1177.7427978515625, -1177.7633056640625, -1177.8043212890625, -1177.8341064453125, -1177.8372802734375, -1177.7904052734375, -1177.7625732421875, -1177.8094482421875, -1177.8184814453125, -1177.7535400390625, -1177.7828369140625, -1177.7708740234375, -1177.8192138671875, -1177.8162841796875, -1177.7322998046875, -1177.8231201171875, -1177.7806396484375, -1177.8055419921875, -1177.7957763671875, -1177.8375244140625, -1177.7554931640625, -1177.7606201171875, -1177.7864990234375, -1177.7855224609375, -1177.8101806640625, -1177.7940673828125, -1177.8367919921875, -1177.8533935546875, -1177.8240966796875, -1177.8148193359375, -1177.8009033203125, -1177.8406982421875, -1177.8524169921875, -1177.8514404296875, -1177.8465576171875, -1177.7913818359375, -1177.8355712890625, -1177.8299560546875, -1177.8416748046875, -1177.8270263671875, -1177.7750244140625, -1177.7908935546875, -1177.7572021484375, -1177.7850341796875, -1177.7396240234375, -1177.7908935546875, -1177.8043212890625, -1177.7972412109375, -1177.8731689453125, -1177.7510986328125, -1177.8675537109375, -1177.8338623046875, -1177.8218994140625, -1177.8243408203125, -1177.8572998046875, -1177.7686767578125, -1177.8509521484375, -1177.8367919921875, -1177.8104248046875, -1177.8150634765625, -1177.8597412109375, -1177.7537841796875, -1177.8160400390625, -1177.7796630859375, -1177.8287353515625, -1177.7869873046875, -1177.7679443359375, -1177.7884521484375, -1177.8245849609375, -1177.7904052734375, -1177.7884521484375, -1177.7713623046875, -1177.7760009765625, -1177.7484130859375, -1177.7794189453125, -1177.8167724609375, -1177.7657470703125, -1177.8162841796875, -1177.7552490234375, -1177.7564697265625, -1177.7908935546875, -1177.7596435546875, -1177.8167724609375, -1177.8739013671875, -1177.8326416015625, -1177.8514404296875, -1177.8153076171875, -1177.8116455078125, -1177.8292236328125, -1177.8436279296875, -1177.8111572265625, -1177.8367919921875, -1177.8990478515625, -1177.8245849609375, -1177.8607177734375, -1177.8616943359375, -1177.8670654296875, -1177.8253173828125, -1177.8065185546875, -1177.7999267578125, -1177.7679443359375, -1177.8011474609375, -1177.8270263671875, -1177.8592529296875, -1177.8206787109375, -1177.8587646484375, -1177.8323974609375, -1177.8206787109375, -1177.8240966796875, -1177.7940673828125, -1177.8155517578125, -1177.8070068359375, -1177.8201904296875, -1177.8414306640625, -1177.8431396484375, -1177.8348388671875, -1177.8714599609375, -1177.8492431640625, -1177.8197021484375, -1177.7906494140625, -1177.8577880859375, -1177.8297119140625, -1177.8419189453125, -1177.8052978515625, -1177.8289794921875, -1177.8184814453125, -1177.8294677734375, -1177.8236083984375, -1177.8746337890625, -1177.8280029296875, -1177.9061279296875, -1177.8621826171875, -1177.8563232421875, -1177.8953857421875, -1177.8507080078125, -1177.9154052734375, -1177.9029541015625, -1177.8931884765625, -1177.8326416015625, -1177.8572998046875, -1177.8089599609375, -1177.8809814453125, -1177.8358154296875, -1177.8306884765625, -1177.8492431640625, -1177.8919677734375, -1177.8240966796875, -1177.8319091796875, -1177.8695068359375, -1177.8287353515625, -1177.8006591796875, -1177.8509521484375, -1177.8472900390625, -1177.8245849609375, -1177.8963623046875, -1177.8275146484375, -1177.8123779296875, -1177.8511962890625, -1177.8729248046875, -1177.8836669921875, -1177.8729248046875, -1177.9154052734375, -1177.8572998046875, -1177.9085693359375, -1177.8394775390625, -1177.8492431640625, -1177.8885498046875, -1177.8739013671875, -1177.8509521484375, -1177.8851318359375, -1177.8450927734375, -1177.8314208984375, -1177.8563232421875, -1177.9014892578125, -1177.9337158203125, -1177.8653564453125, -1177.8934326171875, -1177.8509521484375, -1177.9322509765625, -1177.8250732421875, -1177.8736572265625, -1177.9393310546875, -1177.8826904296875, -1177.8978271484375, -1177.8900146484375, -1177.8951416015625, -1177.8914794921875, -1177.9178466796875, -1177.8966064453125, -1177.8997802734375, -1177.8895263671875, -1177.8651123046875, -1177.8519287109375, -1177.8680419921875, -1177.8602294921875, -1177.8677978515625, -1177.8804931640625, -1177.8560791015625, -1177.8319091796875, -1177.9010009765625, -1177.8167724609375, -1177.8817138671875, -1177.9263916015625, -1177.9244384765625, -1177.9219970703125, -1177.9398193359375, -1177.8768310546875, -1177.9781494140625, -1177.9495849609375, -1177.8817138671875, -1177.9051513671875, -1177.8880615234375, -1177.9105224609375, -1177.8734130859375, -1177.9154052734375, -1177.8631591796875, -1177.9036865234375, -1177.8878173828125, -1177.8494873046875, -1177.9039306640625, -1177.8746337890625, -1177.9232177734375, -1177.8729248046875, -1177.8695068359375, -1177.8685302734375, -1177.8294677734375, -1177.8941650390625, -1177.9066162109375, -1177.8753662109375, -1177.8616943359375, -1177.8265380859375, -1177.8675537109375, -1177.8529052734375, -1177.8712158203125, -1177.8936767578125, -1177.8909912109375, -1177.8758544921875, -1177.8878173828125, -1177.8551025390625, -1177.9095458984375, -1177.8612060546875, -1177.9237060546875, -1177.9093017578125, -1177.8470458984375, -1177.8485107421875, -1177.8377685546875, -1177.8370361328125, -1177.8707275390625, -1177.8231201171875, -1177.8690185546875, -1177.7938232421875, -1177.8304443359375, -1177.8477783203125, -1177.8634033203125, -1177.8907470703125, -1177.8621826171875, -1177.8602294921875, -1177.8563232421875, -1177.8338623046875, -1177.8289794921875, -1177.9451904296875, -1177.8985595703125, -1177.9154052734375, -1177.8944091796875, -1177.8616943359375, -1177.8375244140625, -1177.8902587890625, -1177.9112548828125, -1177.8636474609375, -1177.8543701171875, -1177.8372802734375, -1177.9371337890625, -1177.9222412109375, -1177.9434814453125, -1177.9163818359375, -1177.9349365234375, -1177.9036865234375, -1177.8922119140625, -1177.9114990234375, -1177.9002685546875, -1177.8880615234375, -1177.8843994140625, -1177.9031982421875, -1177.9478759765625, -1177.9383544921875, -1177.9361572265625, -1177.9500732421875, -1177.9061279296875, -1177.9134521484375, -1177.9124755859375, -1177.9373779296875, -1177.9368896484375, -1177.9447021484375, -1177.9583740234375, -1177.9100341796875, -1177.9454345703125, -1177.8978271484375, -1177.9429931640625, -1177.9359130859375, -1177.9212646484375, -1177.8875732421875, -1177.8812255859375, -1177.9002685546875, -1177.8931884765625, -1177.9022216796875, -1177.9105224609375, -1177.9158935546875, -1177.8983154296875, -1177.9097900390625, -1177.8470458984375, -1177.8758544921875, -1177.8514404296875, -1177.8475341796875, -1177.8709716796875, -1177.9105224609375, -1177.8487548828125, -1177.8304443359375, -1177.9232177734375, -1177.8739013671875, -1177.8782958984375, -1177.8829345703125, -1177.8619384765625, -1177.8402099609375, -1177.8988037109375, -1177.8885498046875, -1177.8582763671875, -1177.9041748046875, -1177.8602294921875, -1177.8470458984375, -1177.8397216796875, -1177.8626708984375, -1177.8687744140625, -1177.8360595703125, -1177.8465576171875, -1177.8397216796875, -1177.9256591796875, -1177.8760986328125, -1177.9178466796875, -1177.8221435546875, -1177.8414306640625, -1177.8529052734375, -1177.8555908203125, -1177.8446044921875, -1177.9144287109375, -1177.8760986328125, -1177.9124755859375, -1177.8499755859375, -1177.8878173828125, -1177.9241943359375, -1177.9803466796875, -1177.9178466796875, -1177.8963623046875, -1177.8797607421875, -1177.9002685546875, -1177.9444580078125, -1177.9461669921875, -1177.8948974609375, -1177.9266357421875, -1177.9261474609375, -1177.9407958984375, -1177.8856201171875, -1177.9090576171875, -1177.8914794921875, -1177.8909912109375, -1177.9207763671875, -1177.9053955078125, -1177.9552001953125, -1177.9288330078125, -1177.9202880859375, -1177.8782958984375, -1177.9046630859375, -1177.9698486328125, -1177.9730224609375, -1177.9339599609375, -1177.9000244140625, -1177.9332275390625, -1177.9329833984375, -1177.8973388671875, -1177.9793701171875, -1177.9222412109375, -1177.9041748046875, -1177.9368896484375, -1177.9232177734375, -1177.9451904296875, -1177.9749755859375, -1177.9359130859375, -1177.9627685546875, -1177.9417724609375, -1177.9273681640625, -1177.9510498046875, -1177.9339599609375, -1177.8953857421875, -1177.9212646484375, -1178.0025634765625, -1177.9276123046875, -1177.9403076171875, -1177.9281005859375, -1177.9383544921875, -1177.9603271484375, -1177.9320068359375, -1177.9998779296875, -1177.9114990234375, -1177.8865966796875, -1177.8421630859375, -1177.9249267578125, -1177.9146728515625, -1177.9432373046875, -1177.9652099609375, -1177.9249267578125, -1177.9493408203125, -1178.0103759765625, -1177.9437255859375, -1177.9183349609375, -1177.9200439453125, -1177.9495849609375, -1177.9246826171875, -1177.9730224609375, -1177.9522705078125, -1177.9732666015625, -1177.9395751953125, -1177.9339599609375, -1177.9134521484375, -1177.9544677734375, -1177.9085693359375, -1177.9813232421875, -1177.9757080078125, -1177.9505615234375, -1177.9613037109375, -1177.9271240234375, -1177.9864501953125, -1177.9786376953125, -1177.9718017578125, -1177.9598388671875, -1177.9342041015625, -1177.9725341796875, -1177.9610595703125, -1177.9671630859375, -1177.9007568359375, -1177.9815673828125, -1177.9534912109375, -1177.9915771484375, -1177.9112548828125, -1177.9320068359375, -1177.9315185546875, -1177.9517822265625, -1177.9105224609375, -1177.9344482421875, -1177.9434814453125, -1177.8626708984375, -1177.9534912109375, -1177.8680419921875, -1177.9583740234375, -1177.9510498046875, -1177.9285888671875, -1177.9168701171875, -1177.8973388671875, -1177.9744873046875, -1177.9193115234375, -1177.9893798828125, -1177.9290771484375, -1177.9197998046875, -1177.9686279296875, -1177.9844970703125, -1178.0174560546875, -1177.9769287109375, -1177.9488525390625, -1178.0740966796875, -1178.0064697265625, -1177.9649658203125, -1178.0184326171875, -1177.9398193359375, -1177.9439697265625, -1177.9967041015625, -1177.9754638671875, -1178.0081787109375, -1177.9385986328125, -1177.9998779296875, -1177.9559326171875, -1177.9925537109375, -1177.9906005859375, -1177.9576416015625, -1178.0042724609375, -1177.9844970703125, -1177.9310302734375, -1177.9566650390625, -1178.0155029296875, -1177.9495849609375, -1177.9427490234375, -1177.9803466796875, -1177.9888916015625, -1178.0079345703125, -1178.0050048828125, -1178.0340576171875, -1177.9847412109375, -1178.0130615234375, -1177.9830322265625, -1177.9271240234375, -1177.9739990234375, -1178.0037841796875, -1177.9622802734375, -1178.0042724609375, -1178.0003662109375, -1177.9505615234375, -1177.9984130859375, -1177.9503173828125, -1178.0069580078125, -1177.9954833984375, -1177.9346923828125, -1177.9664306640625, -1178.0103759765625, -1178.0279541015625, -1177.9578857421875, -1177.9862060546875, -1177.9500732421875, -1178.0684814453125, -1178.0316162109375, -1177.9837646484375, -1178.0360107421875, -1178.0169677734375, -1178.0003662109375, -1178.0257568359375, -1178.0181884765625, -1178.0465087890625, -1178.0369873046875, -1178.0633544921875, -1178.0623779296875, -1178.0775146484375, -1178.0477294921875, -1178.0159912109375, -1178.0557861328125, -1178.0186767578125, -1177.9976806640625, -1177.9718017578125, -1178.0228271484375, -1178.0101318359375, -1177.9903564453125, -1178.0081787109375, -1177.9434814453125, -1178.0111083984375, -1177.9864501953125, -1177.9862060546875, -1177.9573974609375, -1177.9971923828125, -1178.0023193359375, -1178.0084228515625, -1178.0316162109375, -1178.0045166015625, -1178.0101318359375, -1177.9827880859375, -1178.0343017578125, -1178.0677490234375, -1177.9991455078125, -1178.0250244140625, -1178.0203857421875, -1177.9893798828125, -1178.0074462890625, -1177.9942626953125, -1178.0067138671875, -1178.0181884765625, -1178.0506591796875, -1178.0526123046875, -1178.0125732421875, -1178.0452880859375, -1178.0111083984375, -1178.0889892578125, -1177.9774169921875, -1178.0435791015625, -1177.9957275390625, -1178.0164794921875, -1178.0462646484375, -1178.1021728515625, -1178.0531005859375, -1178.0120849609375, -1178.0523681640625, -1178.0364990234375, -1178.0299072265625, -1178.0286865234375, -1178.0687255859375, -1178.0260009765625, -1178.0501708984375, -1178.0147705078125, -1178.0628662109375, -1178.0045166015625, -1178.0531005859375, -1178.0413818359375, -1178.0762939453125, -1178.0020751953125, -1177.9710693359375, -1178.0394287109375, -1178.0069580078125, -1178.0538330078125, -1178.0147705078125, -1178.0655517578125, -1178.0477294921875, -1178.0521240234375, -1178.0179443359375, -1178.0596923828125, -1178.0198974609375, -1178.0404052734375, -1178.0003662109375, -1178.0028076171875, -1178.0272216796875, -1178.0330810546875, -1178.0643310546875, -1178.0531005859375, -1178.0582275390625, -1178.0628662109375, -1178.0260009765625, -1178.0472412109375, -1178.0882568359375, -1178.0352783203125, -1178.0418701171875, -1178.0433349609375, -1178.0238037109375, -1177.9815673828125, -1177.9827880859375, -1178.0008544921875, -1177.9652099609375, -1177.9803466796875, -1177.9903564453125, -1178.0174560546875, -1177.9749755859375, -1177.9913330078125, -1177.9783935546875, -1178.0152587890625, -1178.0035400390625, -1178.0050048828125, -1178.0113525390625, -1177.9876708984375, -1177.9891357421875, -1177.9583740234375, -1177.9766845703125, -1178.0115966796875, -1178.0001220703125, -1178.0074462890625, -1178.0028076171875, -1177.9993896484375, -1178.0111083984375, -1178.0091552734375, -1177.9798583984375, -1178.0047607421875, -1178.0003662109375, -1178.0367431640625, -1178.0609130859375, -1178.0155029296875, -1178.0145263671875, -1178.0247802734375, -1178.0093994140625, -1177.9642333984375, -1178.0159912109375, -1178.0086669921875, -1177.9642333984375, -1177.9581298828125, -1177.9544677734375, -1177.9788818359375, -1177.9910888671875, -1178.0101318359375, -1178.0379638671875, -1177.9937744140625, -1178.0023193359375, -1177.9544677734375, -1177.9635009765625, -1178.0037841796875, -1177.9920654296875, -1178.0330810546875, -1178.0323486328125, -1178.0137939453125, -1178.0262451171875, -1178.0069580078125, -1178.0201416015625, -1178.0240478515625, -1178.0257568359375, -1178.0684814453125, -1178.0321044921875, -1178.0269775390625, -1178.0506591796875, -1178.0316162109375, -1178.0184326171875, -1177.9959716796875, -1178.0311279296875, -1178.0533447265625, -1178.0206298828125, -1178.0130615234375, -1178.0484619140625, -1178.0323486328125, -1178.0164794921875, -1178.0006103515625, -1178.0010986328125, -1178.0169677734375, -1178.0240478515625, -1178.0152587890625, -1177.9866943359375, -1178.0001220703125, -1178.0003662109375, -1178.0279541015625, -1178.0552978515625, -1177.9852294921875, -1177.9605712890625, -1177.9735107421875, -1177.9710693359375, -1178.0286865234375, -1177.9671630859375, -1178.0050048828125, -1177.9879150390625, -1177.9930419921875, -1177.9591064453125, -1178.0001220703125, -1177.9783935546875, -1178.0155029296875, -1178.0147705078125, -1178.0076904296875, -1177.9998779296875, -1178.0440673828125, -1178.0306396484375, -1178.0013427734375, -1178.0174560546875, -1178.0120849609375, -1178.0438232421875, -1177.9864501953125, -1177.9791259765625, -1178.0384521484375, -1178.0364990234375, -1178.0374755859375, -1178.0357666015625, -1178.0272216796875, -1177.9935302734375, -1178.0062255859375, -1178.0076904296875, -1178.0418701171875, -1178.0675048828125, -1178.0408935546875, -1178.0433349609375, -1178.0594482421875, -1178.0423583984375, -1178.0648193359375, -1178.0560302734375, -1178.0828857421875, -1178.0745849609375, -1178.0262451171875, -1178.0550537109375, -1178.0570068359375, -1178.0745849609375, -1178.0562744140625, -1178.0130615234375, -1178.0360107421875, -1178.0333251953125, -1178.0189208984375, -1178.0145263671875, -1178.0477294921875, -1178.0628662109375, -1178.0565185546875, -1178.0203857421875, -1178.0164794921875, -1178.0447998046875, -1178.0460205078125, -1178.0487060546875, -1178.0494384765625, -1178.0533447265625, -1178.0267333984375, -1178.0604248046875, -1178.0611572265625, -1178.0499267578125, -1178.0181884765625, -1178.0609130859375, -1178.0496826171875, -1178.0845947265625, -1178.0482177734375, -1178.0682373046875, -1178.0240478515625, -1178.0281982421875, -1178.0191650390625, -1178.0242919921875, -1178.0218505859375, -1177.9793701171875, -1178.0338134765625, -1178.0408935546875, -1178.0633544921875, -1178.0450439453125, -1178.0740966796875, -1177.9945068359375, -1178.0792236328125, -1178.0345458984375, -1178.0618896484375, -1178.0572509765625, -1178.0809326171875, -1178.0377197265625, -1178.0848388671875, -1178.0880126953125, -1178.0648193359375, -1178.0469970703125, -1178.0662841796875, -1178.0499267578125, -1178.0772705078125, -1178.0311279296875, -1178.0284423828125, -1178.0872802734375, -1178.0809326171875, -1178.0599365234375, -1178.0679931640625, -1178.0570068359375, -1178.0701904296875, -1178.0267333984375, -1178.0491943359375, -1177.9910888671875, -1178.0360107421875, -1178.0350341796875, -1178.0455322265625, -1178.0404052734375, -1178.0335693359375, -1178.0789794921875, -1178.0360107421875]}
Warning: Cholesky failed, using eigendecomposition fallback
{'mse': 0.010127267800271511, 'rmse': 0.10063432902097702, 'test_ll': -248167.9375, 'total_test_ll': -6204198400.0}
/cluster/tufts/hugheslab/swilli26/stat-patt-final/gp_vs_sngp/results/hyperparam_search/GP/CrazySin_1500_9001/logs
/cluster/tufts/hugheslab/swilli26/stat-patt-final/gp_vs_sngp/results/hyperparam_search/logs/GP_VS_SNGP_25028905.out
/cluster/tufts/hugheslab/swilli26/stat-patt-final/gp_vs_sngp/results/hyperparam_search/logs/GP_VS_SNGP_25028905.err
