Starting imports...
Importing argparse...
Importing torch...
Importing os...
Importing sngp.train and sngp.model...
Importing gaussian_process...
Importing dataset...
Importing json...
ALL IMPORTS COMPLETE!
Parsing arguments...
Arguments parsed! Running GP on Sin with N=1500
Checking CUDA availability...
Using CPU
Making Datasets...
Making Model...
Training Gaussian Process...
Iter   0 | Loss: -811.824 | lengthscale: 1.010 | outputscale: 1.010 | noise: 0.198
Iter  10 | Loss: -919.188 | lengthscale: 1.049 | outputscale: 1.115 | noise: 0.179
Iter  20 | Loss: -1015.841 | lengthscale: 1.081 | outputscale: 1.223 | noise: 0.163
Iter  30 | Loss: -1098.850 | lengthscale: 1.111 | outputscale: 1.329 | noise: 0.148
Iter  40 | Loss: -1165.826 | lengthscale: 1.139 | outputscale: 1.427 | noise: 0.135
Iter  50 | Loss: -1215.559 | lengthscale: 1.160 | outputscale: 1.516 | noise: 0.125
Iter  60 | Loss: -1248.681 | lengthscale: 1.180 | outputscale: 1.593 | noise: 0.117
Iter  70 | Loss: -1267.770 | lengthscale: 1.196 | outputscale: 1.660 | noise: 0.110
Iter  80 | Loss: -1276.781 | lengthscale: 1.205 | outputscale: 1.717 | noise: 0.106
Iter  90 | Loss: -1279.981 | lengthscale: 1.217 | outputscale: 1.768 | noise: 0.103
Iter 100 | Loss: -1280.759 | lengthscale: 1.226 | outputscale: 1.805 | noise: 0.101
Iter 110 | Loss: -1280.894 | lengthscale: 1.230 | outputscale: 1.837 | noise: 0.100
Iter 120 | Loss: -1280.797 | lengthscale: 1.236 | outputscale: 1.859 | noise: 0.100
Iter 130 | Loss: -1280.822 | lengthscale: 1.238 | outputscale: 1.870 | noise: 0.100
Iter 140 | Loss: -1280.877 | lengthscale: 1.238 | outputscale: 1.874 | noise: 0.100
Iter 150 | Loss: -1280.892 | lengthscale: 1.239 | outputscale: 1.882 | noise: 0.100
Iter 160 | Loss: -1280.808 | lengthscale: 1.241 | outputscale: 1.887 | noise: 0.101
Iter 170 | Loss: -1280.771 | lengthscale: 1.239 | outputscale: 1.889 | noise: 0.101
Iter 180 | Loss: -1280.814 | lengthscale: 1.240 | outputscale: 1.881 | noise: 0.101
Iter 190 | Loss: -1280.794 | lengthscale: 1.242 | outputscale: 1.878 | noise: 0.101
Iter 200 | Loss: -1280.900 | lengthscale: 1.233 | outputscale: 1.867 | noise: 0.101
Iter 210 | Loss: -1280.806 | lengthscale: 1.237 | outputscale: 1.865 | noise: 0.101
Iter 220 | Loss: -1280.777 | lengthscale: 1.237 | outputscale: 1.866 | noise: 0.101
Iter 230 | Loss: -1280.838 | lengthscale: 1.236 | outputscale: 1.871 | noise: 0.101
Iter 240 | Loss: -1280.842 | lengthscale: 1.239 | outputscale: 1.874 | noise: 0.101
Iter 250 | Loss: -1280.798 | lengthscale: 1.236 | outputscale: 1.868 | noise: 0.101
Iter 260 | Loss: -1280.792 | lengthscale: 1.237 | outputscale: 1.856 | noise: 0.101
Iter 270 | Loss: -1280.846 | lengthscale: 1.234 | outputscale: 1.860 | noise: 0.101
Iter 280 | Loss: -1280.913 | lengthscale: 1.237 | outputscale: 1.866 | noise: 0.101
Iter 290 | Loss: -1280.888 | lengthscale: 1.237 | outputscale: 1.867 | noise: 0.101
Iter 300 | Loss: -1280.858 | lengthscale: 1.237 | outputscale: 1.870 | noise: 0.101
Iter 310 | Loss: -1280.820 | lengthscale: 1.238 | outputscale: 1.874 | noise: 0.101
Iter 320 | Loss: -1280.877 | lengthscale: 1.238 | outputscale: 1.873 | noise: 0.101
Iter 330 | Loss: -1280.810 | lengthscale: 1.240 | outputscale: 1.881 | noise: 0.101
Iter 340 | Loss: -1280.851 | lengthscale: 1.239 | outputscale: 1.888 | noise: 0.101
Iter 350 | Loss: -1280.822 | lengthscale: 1.239 | outputscale: 1.874 | noise: 0.101
Iter 360 | Loss: -1280.840 | lengthscale: 1.240 | outputscale: 1.878 | noise: 0.101
Iter 370 | Loss: -1280.800 | lengthscale: 1.241 | outputscale: 1.890 | noise: 0.101
Iter 380 | Loss: -1280.834 | lengthscale: 1.241 | outputscale: 1.885 | noise: 0.101
Iter 390 | Loss: -1280.848 | lengthscale: 1.240 | outputscale: 1.881 | noise: 0.101
Iter 400 | Loss: -1280.850 | lengthscale: 1.239 | outputscale: 1.884 | noise: 0.101
Iter 410 | Loss: -1280.827 | lengthscale: 1.239 | outputscale: 1.870 | noise: 0.101
Iter 420 | Loss: -1280.879 | lengthscale: 1.240 | outputscale: 1.880 | noise: 0.101
Iter 430 | Loss: -1280.807 | lengthscale: 1.238 | outputscale: 1.885 | noise: 0.101
Iter 440 | Loss: -1280.821 | lengthscale: 1.242 | outputscale: 1.893 | noise: 0.101
Iter 450 | Loss: -1280.882 | lengthscale: 1.244 | outputscale: 1.909 | noise: 0.101
Iter 460 | Loss: -1280.886 | lengthscale: 1.242 | outputscale: 1.903 | noise: 0.101
Iter 470 | Loss: -1280.855 | lengthscale: 1.245 | outputscale: 1.912 | noise: 0.101
Iter 480 | Loss: -1280.837 | lengthscale: 1.244 | outputscale: 1.897 | noise: 0.101
Iter 490 | Loss: -1280.871 | lengthscale: 1.239 | outputscale: 1.885 | noise: 0.101
Iter 500 | Loss: -1280.811 | lengthscale: 1.240 | outputscale: 1.880 | noise: 0.101
Iter 510 | Loss: -1280.900 | lengthscale: 1.237 | outputscale: 1.871 | noise: 0.101
Iter 520 | Loss: -1280.814 | lengthscale: 1.239 | outputscale: 1.875 | noise: 0.101
Iter 530 | Loss: -1280.825 | lengthscale: 1.243 | outputscale: 1.897 | noise: 0.101
Iter 540 | Loss: -1280.866 | lengthscale: 1.243 | outputscale: 1.895 | noise: 0.101
Iter 550 | Loss: -1280.826 | lengthscale: 1.240 | outputscale: 1.876 | noise: 0.101
Iter 560 | Loss: -1280.788 | lengthscale: 1.236 | outputscale: 1.862 | noise: 0.101
Iter 570 | Loss: -1280.812 | lengthscale: 1.238 | outputscale: 1.871 | noise: 0.101
Iter 580 | Loss: -1280.801 | lengthscale: 1.238 | outputscale: 1.871 | noise: 0.101
Iter 590 | Loss: -1280.894 | lengthscale: 1.234 | outputscale: 1.852 | noise: 0.101
Iter 600 | Loss: -1280.832 | lengthscale: 1.236 | outputscale: 1.862 | noise: 0.101
Iter 610 | Loss: -1280.860 | lengthscale: 1.239 | outputscale: 1.881 | noise: 0.101
Iter 620 | Loss: -1280.897 | lengthscale: 1.240 | outputscale: 1.887 | noise: 0.101
Iter 630 | Loss: -1280.804 | lengthscale: 1.241 | outputscale: 1.892 | noise: 0.101
Iter 640 | Loss: -1280.848 | lengthscale: 1.244 | outputscale: 1.913 | noise: 0.101
Iter 650 | Loss: -1280.880 | lengthscale: 1.243 | outputscale: 1.903 | noise: 0.101
Iter 660 | Loss: -1280.870 | lengthscale: 1.245 | outputscale: 1.913 | noise: 0.101
Iter 670 | Loss: -1280.826 | lengthscale: 1.249 | outputscale: 1.933 | noise: 0.101
Iter 680 | Loss: -1280.871 | lengthscale: 1.244 | outputscale: 1.900 | noise: 0.101
Iter 690 | Loss: -1280.893 | lengthscale: 1.239 | outputscale: 1.880 | noise: 0.101
Iter 700 | Loss: -1280.875 | lengthscale: 1.238 | outputscale: 1.876 | noise: 0.101
Iter 710 | Loss: -1280.859 | lengthscale: 1.241 | outputscale: 1.894 | noise: 0.101
Iter 720 | Loss: -1280.858 | lengthscale: 1.239 | outputscale: 1.882 | noise: 0.101
Iter 730 | Loss: -1280.873 | lengthscale: 1.236 | outputscale: 1.872 | noise: 0.101
Iter 740 | Loss: -1280.877 | lengthscale: 1.236 | outputscale: 1.870 | noise: 0.101
Iter 750 | Loss: -1280.785 | lengthscale: 1.239 | outputscale: 1.882 | noise: 0.101
Iter 760 | Loss: -1280.784 | lengthscale: 1.241 | outputscale: 1.884 | noise: 0.101
Iter 770 | Loss: -1280.857 | lengthscale: 1.241 | outputscale: 1.884 | noise: 0.101
Iter 780 | Loss: -1280.910 | lengthscale: 1.238 | outputscale: 1.873 | noise: 0.101
Iter 790 | Loss: -1280.807 | lengthscale: 1.241 | outputscale: 1.893 | noise: 0.101
Iter 800 | Loss: -1280.827 | lengthscale: 1.242 | outputscale: 1.897 | noise: 0.101
Iter 810 | Loss: -1280.880 | lengthscale: 1.238 | outputscale: 1.878 | noise: 0.101
Iter 820 | Loss: -1280.853 | lengthscale: 1.237 | outputscale: 1.866 | noise: 0.101
Iter 830 | Loss: -1280.855 | lengthscale: 1.240 | outputscale: 1.871 | noise: 0.101
Iter 840 | Loss: -1280.803 | lengthscale: 1.241 | outputscale: 1.891 | noise: 0.101
Iter 850 | Loss: -1280.847 | lengthscale: 1.242 | outputscale: 1.900 | noise: 0.101
Iter 860 | Loss: -1280.911 | lengthscale: 1.237 | outputscale: 1.879 | noise: 0.101
Iter 870 | Loss: -1280.831 | lengthscale: 1.238 | outputscale: 1.879 | noise: 0.101
Iter 880 | Loss: -1280.815 | lengthscale: 1.244 | outputscale: 1.891 | noise: 0.101
Iter 890 | Loss: -1280.828 | lengthscale: 1.242 | outputscale: 1.886 | noise: 0.101
Iter 900 | Loss: -1280.879 | lengthscale: 1.236 | outputscale: 1.868 | noise: 0.101
Iter 910 | Loss: -1280.900 | lengthscale: 1.240 | outputscale: 1.885 | noise: 0.101
Iter 920 | Loss: -1280.859 | lengthscale: 1.243 | outputscale: 1.904 | noise: 0.101
Iter 930 | Loss: -1280.855 | lengthscale: 1.247 | outputscale: 1.927 | noise: 0.101
Iter 940 | Loss: -1280.889 | lengthscale: 1.247 | outputscale: 1.923 | noise: 0.101
Iter 950 | Loss: -1280.869 | lengthscale: 1.246 | outputscale: 1.915 | noise: 0.101
Iter 960 | Loss: -1280.864 | lengthscale: 1.243 | outputscale: 1.897 | noise: 0.101
Iter 970 | Loss: -1280.926 | lengthscale: 1.238 | outputscale: 1.877 | noise: 0.101
Iter 980 | Loss: -1280.831 | lengthscale: 1.234 | outputscale: 1.863 | noise: 0.101
Iter 990 | Loss: -1280.813 | lengthscale: 1.240 | outputscale: 1.880 | noise: 0.101
Iter 1000 | Loss: -1280.814 | lengthscale: 1.244 | outputscale: 1.901 | noise: 0.101
Iter 1010 | Loss: -1280.874 | lengthscale: 1.241 | outputscale: 1.884 | noise: 0.101
Iter 1020 | Loss: -1280.783 | lengthscale: 1.240 | outputscale: 1.894 | noise: 0.101
Iter 1030 | Loss: -1280.866 | lengthscale: 1.243 | outputscale: 1.905 | noise: 0.101
Iter 1040 | Loss: -1280.827 | lengthscale: 1.250 | outputscale: 1.925 | noise: 0.101
Iter 1050 | Loss: -1280.828 | lengthscale: 1.250 | outputscale: 1.932 | noise: 0.101
Iter 1060 | Loss: -1280.807 | lengthscale: 1.245 | outputscale: 1.913 | noise: 0.101
Iter 1070 | Loss: -1280.819 | lengthscale: 1.243 | outputscale: 1.900 | noise: 0.101
Iter 1080 | Loss: -1280.797 | lengthscale: 1.242 | outputscale: 1.892 | noise: 0.101
Iter 1090 | Loss: -1280.882 | lengthscale: 1.246 | outputscale: 1.912 | noise: 0.101
Iter 1100 | Loss: -1280.859 | lengthscale: 1.240 | outputscale: 1.887 | noise: 0.101
Iter 1110 | Loss: -1280.851 | lengthscale: 1.231 | outputscale: 1.855 | noise: 0.101
Iter 1120 | Loss: -1280.796 | lengthscale: 1.237 | outputscale: 1.867 | noise: 0.101
Iter 1130 | Loss: -1280.787 | lengthscale: 1.240 | outputscale: 1.883 | noise: 0.101
Iter 1140 | Loss: -1280.896 | lengthscale: 1.241 | outputscale: 1.890 | noise: 0.101
Iter 1150 | Loss: -1280.839 | lengthscale: 1.236 | outputscale: 1.862 | noise: 0.101
Iter 1160 | Loss: -1280.902 | lengthscale: 1.238 | outputscale: 1.880 | noise: 0.101
Iter 1170 | Loss: -1280.798 | lengthscale: 1.238 | outputscale: 1.870 | noise: 0.101
Iter 1180 | Loss: -1280.831 | lengthscale: 1.242 | outputscale: 1.885 | noise: 0.101
Iter 1190 | Loss: -1280.834 | lengthscale: 1.240 | outputscale: 1.885 | noise: 0.101
Iter 1200 | Loss: -1280.798 | lengthscale: 1.238 | outputscale: 1.882 | noise: 0.101
Iter 1210 | Loss: -1280.868 | lengthscale: 1.240 | outputscale: 1.887 | noise: 0.101
Iter 1220 | Loss: -1280.861 | lengthscale: 1.239 | outputscale: 1.881 | noise: 0.101
Iter 1230 | Loss: -1280.807 | lengthscale: 1.242 | outputscale: 1.895 | noise: 0.101
Iter 1240 | Loss: -1280.795 | lengthscale: 1.243 | outputscale: 1.905 | noise: 0.101
Iter 1250 | Loss: -1280.874 | lengthscale: 1.244 | outputscale: 1.899 | noise: 0.101
Iter 1260 | Loss: -1280.870 | lengthscale: 1.237 | outputscale: 1.872 | noise: 0.101
Iter 1270 | Loss: -1280.879 | lengthscale: 1.232 | outputscale: 1.845 | noise: 0.101
Iter 1280 | Loss: -1280.875 | lengthscale: 1.234 | outputscale: 1.845 | noise: 0.101
Iter 1290 | Loss: -1280.838 | lengthscale: 1.237 | outputscale: 1.867 | noise: 0.101
Iter 1300 | Loss: -1280.809 | lengthscale: 1.239 | outputscale: 1.884 | noise: 0.101
Iter 1310 | Loss: -1280.779 | lengthscale: 1.239 | outputscale: 1.871 | noise: 0.101
Iter 1320 | Loss: -1280.898 | lengthscale: 1.238 | outputscale: 1.871 | noise: 0.101
Iter 1330 | Loss: -1280.849 | lengthscale: 1.236 | outputscale: 1.858 | noise: 0.101
Iter 1340 | Loss: -1280.823 | lengthscale: 1.232 | outputscale: 1.849 | noise: 0.101
Iter 1350 | Loss: -1280.849 | lengthscale: 1.237 | outputscale: 1.868 | noise: 0.101
Iter 1360 | Loss: -1280.796 | lengthscale: 1.240 | outputscale: 1.878 | noise: 0.101
Iter 1370 | Loss: -1280.847 | lengthscale: 1.245 | outputscale: 1.907 | noise: 0.101
Iter 1380 | Loss: -1280.809 | lengthscale: 1.248 | outputscale: 1.926 | noise: 0.101
Iter 1390 | Loss: -1280.860 | lengthscale: 1.246 | outputscale: 1.922 | noise: 0.101
Iter 1400 | Loss: -1280.766 | lengthscale: 1.250 | outputscale: 1.932 | noise: 0.101
Iter 1410 | Loss: -1280.788 | lengthscale: 1.245 | outputscale: 1.912 | noise: 0.101
Iter 1420 | Loss: -1280.842 | lengthscale: 1.238 | outputscale: 1.871 | noise: 0.101
Iter 1430 | Loss: -1280.868 | lengthscale: 1.233 | outputscale: 1.844 | noise: 0.101
Iter 1440 | Loss: -1280.817 | lengthscale: 1.236 | outputscale: 1.863 | noise: 0.101
Iter 1450 | Loss: -1280.832 | lengthscale: 1.245 | outputscale: 1.910 | noise: 0.101
Iter 1460 | Loss: -1280.857 | lengthscale: 1.250 | outputscale: 1.937 | noise: 0.101
Iter 1470 | Loss: -1280.844 | lengthscale: 1.243 | outputscale: 1.896 | noise: 0.101
Iter 1480 | Loss: -1280.859 | lengthscale: 1.230 | outputscale: 1.833 | noise: 0.101
Iter 1490 | Loss: -1280.916 | lengthscale: 1.237 | outputscale: 1.868 | noise: 0.101
Iter 1500 | Loss: -1280.832 | lengthscale: 1.241 | outputscale: 1.880 | noise: 0.101
Iter 1510 | Loss: -1280.892 | lengthscale: 1.236 | outputscale: 1.859 | noise: 0.101
Iter 1520 | Loss: -1280.871 | lengthscale: 1.238 | outputscale: 1.875 | noise: 0.101
Iter 1530 | Loss: -1280.829 | lengthscale: 1.244 | outputscale: 1.903 | noise: 0.101
Iter 1540 | Loss: -1280.837 | lengthscale: 1.243 | outputscale: 1.905 | noise: 0.101
Iter 1550 | Loss: -1280.800 | lengthscale: 1.241 | outputscale: 1.893 | noise: 0.101
Iter 1560 | Loss: -1280.880 | lengthscale: 1.238 | outputscale: 1.885 | noise: 0.101
Iter 1570 | Loss: -1280.829 | lengthscale: 1.242 | outputscale: 1.902 | noise: 0.101
Iter 1580 | Loss: -1280.791 | lengthscale: 1.241 | outputscale: 1.887 | noise: 0.101
Iter 1590 | Loss: -1280.846 | lengthscale: 1.242 | outputscale: 1.889 | noise: 0.101
Iter 1600 | Loss: -1280.828 | lengthscale: 1.246 | outputscale: 1.927 | noise: 0.101
Iter 1610 | Loss: -1280.827 | lengthscale: 1.244 | outputscale: 1.916 | noise: 0.101
Iter 1620 | Loss: -1280.885 | lengthscale: 1.239 | outputscale: 1.874 | noise: 0.101
Iter 1630 | Loss: -1280.787 | lengthscale: 1.242 | outputscale: 1.895 | noise: 0.101
Iter 1640 | Loss: -1280.865 | lengthscale: 1.243 | outputscale: 1.912 | noise: 0.101
Iter 1650 | Loss: -1280.817 | lengthscale: 1.249 | outputscale: 1.935 | noise: 0.101
Iter 1660 | Loss: -1280.860 | lengthscale: 1.246 | outputscale: 1.913 | noise: 0.101
Iter 1670 | Loss: -1280.817 | lengthscale: 1.243 | outputscale: 1.904 | noise: 0.101
Iter 1680 | Loss: -1280.836 | lengthscale: 1.238 | outputscale: 1.875 | noise: 0.101
Iter 1690 | Loss: -1280.857 | lengthscale: 1.241 | outputscale: 1.896 | noise: 0.101
Iter 1700 | Loss: -1280.862 | lengthscale: 1.243 | outputscale: 1.900 | noise: 0.101
Iter 1710 | Loss: -1280.835 | lengthscale: 1.238 | outputscale: 1.871 | noise: 0.101
Iter 1720 | Loss: -1280.840 | lengthscale: 1.236 | outputscale: 1.866 | noise: 0.101
Iter 1730 | Loss: -1280.773 | lengthscale: 1.237 | outputscale: 1.869 | noise: 0.101
Iter 1740 | Loss: -1280.841 | lengthscale: 1.242 | outputscale: 1.886 | noise: 0.101
Iter 1750 | Loss: -1280.873 | lengthscale: 1.241 | outputscale: 1.894 | noise: 0.101
Iter 1760 | Loss: -1280.849 | lengthscale: 1.242 | outputscale: 1.895 | noise: 0.101
Iter 1770 | Loss: -1280.821 | lengthscale: 1.244 | outputscale: 1.901 | noise: 0.101
Iter 1780 | Loss: -1280.840 | lengthscale: 1.242 | outputscale: 1.885 | noise: 0.101
Iter 1790 | Loss: -1280.946 | lengthscale: 1.236 | outputscale: 1.872 | noise: 0.101
Iter 1800 | Loss: -1280.857 | lengthscale: 1.236 | outputscale: 1.861 | noise: 0.101
Iter 1810 | Loss: -1280.836 | lengthscale: 1.238 | outputscale: 1.865 | noise: 0.101
Iter 1820 | Loss: -1280.857 | lengthscale: 1.245 | outputscale: 1.903 | noise: 0.101
Iter 1830 | Loss: -1280.819 | lengthscale: 1.246 | outputscale: 1.929 | noise: 0.101
Iter 1840 | Loss: -1280.844 | lengthscale: 1.245 | outputscale: 1.918 | noise: 0.101
Iter 1850 | Loss: -1280.852 | lengthscale: 1.245 | outputscale: 1.912 | noise: 0.101
Iter 1860 | Loss: -1280.849 | lengthscale: 1.237 | outputscale: 1.868 | noise: 0.101
Iter 1870 | Loss: -1280.870 | lengthscale: 1.237 | outputscale: 1.872 | noise: 0.101
Iter 1880 | Loss: -1280.859 | lengthscale: 1.240 | outputscale: 1.888 | noise: 0.101
Iter 1890 | Loss: -1280.895 | lengthscale: 1.239 | outputscale: 1.889 | noise: 0.101
Iter 1900 | Loss: -1280.903 | lengthscale: 1.247 | outputscale: 1.914 | noise: 0.101
Iter 1910 | Loss: -1280.869 | lengthscale: 1.250 | outputscale: 1.927 | noise: 0.101
Iter 1920 | Loss: -1280.816 | lengthscale: 1.247 | outputscale: 1.924 | noise: 0.101
Iter 1930 | Loss: -1280.786 | lengthscale: 1.243 | outputscale: 1.895 | noise: 0.101
Iter 1940 | Loss: -1280.855 | lengthscale: 1.240 | outputscale: 1.890 | noise: 0.101
Iter 1950 | Loss: -1280.882 | lengthscale: 1.240 | outputscale: 1.883 | noise: 0.101
Iter 1960 | Loss: -1280.866 | lengthscale: 1.245 | outputscale: 1.902 | noise: 0.101
Iter 1970 | Loss: -1280.918 | lengthscale: 1.244 | outputscale: 1.898 | noise: 0.101
Iter 1980 | Loss: -1280.929 | lengthscale: 1.239 | outputscale: 1.886 | noise: 0.101
Iter 1990 | Loss: -1280.849 | lengthscale: 1.235 | outputscale: 1.870 | noise: 0.101
Iter 2000 | Loss: -1280.863 | lengthscale: 1.240 | outputscale: 1.878 | noise: 0.101
Iter 2010 | Loss: -1280.844 | lengthscale: 1.242 | outputscale: 1.887 | noise: 0.101
Iter 2020 | Loss: -1280.872 | lengthscale: 1.239 | outputscale: 1.881 | noise: 0.101
Iter 2030 | Loss: -1280.844 | lengthscale: 1.236 | outputscale: 1.852 | noise: 0.101
Iter 2040 | Loss: -1280.864 | lengthscale: 1.227 | outputscale: 1.815 | noise: 0.101
Iter 2050 | Loss: -1280.859 | lengthscale: 1.230 | outputscale: 1.830 | noise: 0.101
Iter 2060 | Loss: -1280.813 | lengthscale: 1.239 | outputscale: 1.891 | noise: 0.101
Iter 2070 | Loss: -1280.838 | lengthscale: 1.243 | outputscale: 1.906 | noise: 0.101
Iter 2080 | Loss: -1280.906 | lengthscale: 1.247 | outputscale: 1.912 | noise: 0.101
Iter 2090 | Loss: -1280.907 | lengthscale: 1.238 | outputscale: 1.882 | noise: 0.101
Iter 2100 | Loss: -1280.894 | lengthscale: 1.245 | outputscale: 1.916 | noise: 0.101
Iter 2110 | Loss: -1280.896 | lengthscale: 1.247 | outputscale: 1.918 | noise: 0.101
Iter 2120 | Loss: -1280.853 | lengthscale: 1.244 | outputscale: 1.904 | noise: 0.101
Iter 2130 | Loss: -1280.893 | lengthscale: 1.236 | outputscale: 1.870 | noise: 0.101
Iter 2140 | Loss: -1280.872 | lengthscale: 1.239 | outputscale: 1.881 | noise: 0.101
Iter 2150 | Loss: -1280.933 | lengthscale: 1.238 | outputscale: 1.872 | noise: 0.101
Iter 2160 | Loss: -1280.812 | lengthscale: 1.233 | outputscale: 1.856 | noise: 0.101
Iter 2170 | Loss: -1280.863 | lengthscale: 1.244 | outputscale: 1.908 | noise: 0.101
Iter 2180 | Loss: -1280.830 | lengthscale: 1.245 | outputscale: 1.911 | noise: 0.101
Iter 2190 | Loss: -1280.852 | lengthscale: 1.239 | outputscale: 1.872 | noise: 0.101
Iter 2200 | Loss: -1280.911 | lengthscale: 1.234 | outputscale: 1.854 | noise: 0.101
Iter 2210 | Loss: -1280.862 | lengthscale: 1.237 | outputscale: 1.870 | noise: 0.101
Iter 2220 | Loss: -1280.824 | lengthscale: 1.241 | outputscale: 1.888 | noise: 0.101
Iter 2230 | Loss: -1280.815 | lengthscale: 1.246 | outputscale: 1.911 | noise: 0.101
Iter 2240 | Loss: -1280.891 | lengthscale: 1.236 | outputscale: 1.867 | noise: 0.101
Iter 2250 | Loss: -1280.895 | lengthscale: 1.231 | outputscale: 1.851 | noise: 0.101
Iter 2260 | Loss: -1280.798 | lengthscale: 1.240 | outputscale: 1.877 | noise: 0.101
Iter 2270 | Loss: -1280.847 | lengthscale: 1.236 | outputscale: 1.872 | noise: 0.101
Iter 2280 | Loss: -1280.853 | lengthscale: 1.234 | outputscale: 1.848 | noise: 0.101
Iter 2290 | Loss: -1280.892 | lengthscale: 1.236 | outputscale: 1.865 | noise: 0.101
Iter 2300 | Loss: -1280.851 | lengthscale: 1.241 | outputscale: 1.895 | noise: 0.101
Iter 2310 | Loss: -1280.857 | lengthscale: 1.240 | outputscale: 1.885 | noise: 0.101
Iter 2320 | Loss: -1280.810 | lengthscale: 1.244 | outputscale: 1.895 | noise: 0.101
Iter 2330 | Loss: -1280.913 | lengthscale: 1.237 | outputscale: 1.866 | noise: 0.101
Iter 2340 | Loss: -1280.857 | lengthscale: 1.235 | outputscale: 1.867 | noise: 0.101
Iter 2350 | Loss: -1280.858 | lengthscale: 1.237 | outputscale: 1.858 | noise: 0.101
Iter 2360 | Loss: -1280.848 | lengthscale: 1.239 | outputscale: 1.858 | noise: 0.101
Iter 2370 | Loss: -1280.872 | lengthscale: 1.238 | outputscale: 1.883 | noise: 0.101
Iter 2380 | Loss: -1280.816 | lengthscale: 1.246 | outputscale: 1.912 | noise: 0.101
Iter 2390 | Loss: -1280.849 | lengthscale: 1.241 | outputscale: 1.902 | noise: 0.101
Iter 2400 | Loss: -1280.894 | lengthscale: 1.234 | outputscale: 1.846 | noise: 0.101
Iter 2410 | Loss: -1280.819 | lengthscale: 1.239 | outputscale: 1.883 | noise: 0.101
Iter 2420 | Loss: -1280.911 | lengthscale: 1.245 | outputscale: 1.907 | noise: 0.101
Iter 2430 | Loss: -1280.839 | lengthscale: 1.240 | outputscale: 1.879 | noise: 0.101
Iter 2440 | Loss: -1280.880 | lengthscale: 1.232 | outputscale: 1.840 | noise: 0.101
Iter 2450 | Loss: -1280.853 | lengthscale: 1.239 | outputscale: 1.878 | noise: 0.101
Iter 2460 | Loss: -1280.862 | lengthscale: 1.240 | outputscale: 1.894 | noise: 0.101
Iter 2470 | Loss: -1280.874 | lengthscale: 1.241 | outputscale: 1.882 | noise: 0.101
Iter 2480 | Loss: -1280.824 | lengthscale: 1.242 | outputscale: 1.895 | noise: 0.101
Iter 2490 | Loss: -1280.846 | lengthscale: 1.243 | outputscale: 1.906 | noise: 0.101
Iter 2499 | Loss: -1280.848 | lengthscale: 1.237 | outputscale: 1.862 | noise: 0.101
Learned Hyperparams:  {'lengthscale': 1.237007737159729, 'outputscale': 1.8621690273284912, 'noise': 0.10052819550037384, 'marginal_likelihood_loss_history': [-811.8238525390625, -822.9564208984375, -834.0076904296875, -844.9779052734375, -855.8607177734375, -866.6539306640625, -877.3572998046875, -887.9671630859375, -898.4757080078125, -908.8848876953125, -919.1883544921875, -929.3880615234375, -939.4769287109375, -949.4478759765625, -959.3099365234375, -969.0457763671875, -978.6656494140625, -988.1529541015625, -997.5196533203125, -1006.7464599609375, -1015.8411865234375, -1024.8060302734375, -1033.6219482421875, -1042.3089599609375, -1050.8341064453125, -1059.2274169921875, -1067.4571533203125, -1075.5321044921875, -1083.4647216796875, -1091.2313232421875, -1098.8504638671875, -1106.2950439453125, -1113.5758056640625, -1120.7054443359375, -1127.6632080078125, -1134.4412841796875, -1141.0645751953125, -1147.5228271484375, -1153.7830810546875, -1159.8873291015625, -1165.8258056640625, -1171.5823974609375, -1177.1529541015625, -1182.5650634765625, -1187.8028564453125, -1192.8626708984375, -1197.7799072265625, -1202.4593505859375, -1207.0213623046875, -1211.3802490234375, -1215.5592041015625, -1219.6378173828125, -1223.5096435546875, -1227.2044677734375, -1230.7264404296875, -1234.1192626953125, -1237.3463134765625, -1240.4022216796875, -1243.3255615234375, -1246.0877685546875, -1248.6805419921875, -1251.1993408203125, -1253.5667724609375, -1255.7611083984375, -1257.8192138671875, -1259.7811279296875, -1261.5975341796875, -1263.2689208984375, -1264.9071044921875, -1266.4051513671875, -1267.7703857421875, -1269.0955810546875, -1270.2645263671875, -1271.3621826171875, -1272.3638916015625, -1273.2293701171875, -1274.1009521484375, -1274.9022216796875, -1275.5682373046875, -1276.2020263671875, -1276.7811279296875, -1277.2889404296875, -1277.7752685546875, -1278.2342529296875, -1278.5533447265625, -1278.8582763671875, -1279.1500244140625, -1279.3975830078125, -1279.6334228515625, -1279.8409423828125, -1279.9808349609375, -1280.1414794921875, -1280.2701416015625, -1280.3572998046875, -1280.4803466796875, -1280.5836181640625, -1280.6441650390625, -1280.7196044921875, -1280.6849365234375, -1280.7513427734375, -1280.7589111328125, -1280.7872314453125, -1280.7677001953125, -1280.8172607421875, -1280.8314208984375, -1280.8712158203125, -1280.8675537109375, -1280.8385009765625, -1280.8162841796875, -1280.8948974609375, -1280.8939208984375, -1280.9627685546875, -1280.8465576171875, -1280.7886962890625, -1280.7972412109375, -1280.8316650390625, -1280.7904052734375, -1280.8509521484375, -1280.7662353515625, -1280.8065185546875, -1280.7974853515625, -1280.8402099609375, -1280.8153076171875, -1280.8179931640625, -1280.8353271484375, -1280.8248291015625, -1280.8052978515625, -1280.7117919921875, -1280.8582763671875, -1280.8514404296875, -1280.8216552734375, -1280.8206787109375, -1280.8707275390625, -1280.8719482421875, -1280.8824462890625, -1280.7757568359375, -1280.8460693359375, -1280.7713623046875, -1280.8341064453125, -1280.8001708984375, -1280.8773193359375, -1280.8914794921875, -1280.7869873046875, -1280.8863525390625, -1280.8756103515625, -1280.8116455078125, -1280.8604736328125, -1280.7762451171875, -1280.7930908203125, -1280.8040771484375, -1280.8919677734375, -1280.8912353515625, -1280.7864990234375, -1280.7662353515625, -1280.8858642578125, -1280.8934326171875, -1280.8746337890625, -1280.8563232421875, -1280.8760986328125, -1280.8326416015625, -1280.8079833984375, -1280.8206787109375, -1280.8624267578125, -1280.8582763671875, -1280.8612060546875, -1280.8546142578125, -1280.8436279296875, -1280.8453369140625, -1280.8065185546875, -1280.8199462890625, -1280.7713623046875, -1280.8909912109375, -1280.8988037109375, -1280.7935791015625, -1280.8314208984375, -1280.8590087890625, -1280.9027099609375, -1280.8924560546875, -1280.8807373046875, -1280.8743896484375, -1280.8140869140625, -1280.8826904296875, -1280.8280029296875, -1280.8707275390625, -1280.8067626953125, -1280.8721923828125, -1280.8802490234375, -1280.8990478515625, -1280.9171142578125, -1280.9107666015625, -1280.7940673828125, -1280.8216552734375, -1280.8719482421875, -1280.8597412109375, -1280.8958740234375, -1280.8936767578125, -1280.8753662109375, -1280.8077392578125, -1280.8504638671875, -1280.8292236328125, -1280.9000244140625, -1280.9151611328125, -1280.8670654296875, -1280.8553466796875, -1280.8155517578125, -1280.8355712890625, -1280.8355712890625, -1280.8843994140625, -1280.9598388671875, -1280.8387451171875, -1280.8057861328125, -1280.8707275390625, -1280.8988037109375, -1280.8795166015625, -1280.8331298828125, -1280.7874755859375, -1280.8450927734375, -1280.8182373046875, -1280.8494873046875, -1280.9349365234375, -1280.7767333984375, -1280.8729248046875, -1280.8780517578125, -1280.8648681640625, -1280.9168701171875, -1280.8499755859375, -1280.9031982421875, -1280.8416748046875, -1280.8265380859375, -1280.8582763671875, -1280.8382568359375, -1280.8880615234375, -1280.8380126953125, -1280.8140869140625, -1280.8492431640625, -1280.8211669921875, -1280.8421630859375, -1280.8533935546875, -1280.8536376953125, -1280.8465576171875, -1280.8421630859375, -1280.8348388671875, -1280.9185791015625, -1280.8065185546875, -1280.8509521484375, -1280.8807373046875, -1280.8853759765625, -1280.8609619140625, -1280.8424072265625, -1280.8553466796875, -1280.7984619140625, -1280.8839111328125, -1280.8870849609375, -1280.8851318359375, -1280.8463134765625, -1280.8424072265625, -1280.8094482421875, -1280.8114013671875, -1280.8150634765625, -1280.8858642578125, -1280.7923583984375, -1280.8309326171875, -1280.8197021484375, -1280.8023681640625, -1280.8319091796875, -1280.7869873046875, -1280.8275146484375, -1280.7796630859375, -1280.8514404296875, -1280.8240966796875, -1280.8458251953125, -1280.8299560546875, -1280.8345947265625, -1280.8353271484375, -1280.8216552734375, -1280.8402099609375, -1280.8209228515625, -1280.8795166015625, -1280.8690185546875, -1280.8533935546875, -1280.9134521484375, -1280.8255615234375, -1280.8502197265625, -1280.8255615234375, -1280.9176025390625, -1280.8128662109375, -1280.8475341796875, -1280.7354736328125, -1280.8414306640625, -1280.8682861328125, -1280.8880615234375, -1280.8311767578125, -1280.8201904296875, -1280.9193115234375, -1280.8841552734375, -1280.8507080078125, -1280.8082275390625, -1280.8204345703125, -1280.8074951171875, -1280.8953857421875, -1280.8577880859375, -1280.8177490234375, -1280.7703857421875, -1280.8226318359375, -1280.8487548828125, -1280.8773193359375, -1280.8634033203125, -1280.8365478515625, -1280.9478759765625, -1280.8155517578125, -1280.8197021484375, -1280.8157958984375, -1280.8411865234375, -1280.8299560546875, -1280.7952880859375, -1280.8062744140625, -1280.8016357421875, -1280.8358154296875, -1280.8990478515625, -1280.8406982421875, -1280.8773193359375, -1280.8846435546875, -1280.8775634765625, -1280.8826904296875, -1280.8441162109375, -1280.7918701171875, -1280.8118896484375, -1280.8143310546875, -1280.8446044921875, -1280.9066162109375, -1280.8099365234375, -1280.9044189453125, -1280.8472900390625, -1280.7908935546875, -1280.8421630859375, -1280.8548583984375, -1280.8289794921875, -1280.8436279296875, -1280.8602294921875, -1280.8768310546875, -1280.8507080078125, -1280.9261474609375, -1280.8380126953125, -1280.7947998046875, -1280.8074951171875, -1280.8963623046875, -1280.8245849609375, -1280.9210205078125, -1280.8692626953125, -1280.8182373046875, -1280.8223876953125, -1280.8660888671875, -1280.8482666015625, -1280.8084716796875, -1280.8646240234375, -1280.8245849609375, -1280.8328857421875, -1280.8792724609375, -1280.8333740234375, -1280.8829345703125, -1280.8399658203125, -1280.8641357421875, -1280.7913818359375, -1280.8265380859375, -1280.7891845703125, -1280.8255615234375, -1280.8433837890625, -1280.8253173828125, -1280.8114013671875, -1280.8218994140625, -1280.7996826171875, -1280.8280029296875, -1280.8729248046875, -1280.8533935546875, -1280.8079833984375, -1280.8302001953125, -1280.8409423828125, -1280.8822021484375, -1280.8157958984375, -1280.8297119140625, -1280.8338623046875, -1280.8861083984375, -1280.8321533203125, -1280.9210205078125, -1280.8638916015625, -1280.8079833984375, -1280.8638916015625, -1280.8150634765625, -1280.9014892578125, -1280.8851318359375, -1280.8475341796875, -1280.8402099609375, -1280.8299560546875, -1280.8753662109375, -1280.8624267578125, -1280.8114013671875, -1280.9075927734375, -1280.8341064453125, -1280.8988037109375, -1280.8909912109375, -1280.8504638671875, -1280.8922119140625, -1280.8372802734375, -1280.8714599609375, -1280.8863525390625, -1280.7730712890625, -1280.8509521484375, -1280.8511962890625, -1280.8363037109375, -1280.8050537109375, -1280.8267822265625, -1280.8670654296875, -1280.8734130859375, -1280.8944091796875, -1280.8721923828125, -1280.8402099609375, -1280.8284912109375, -1280.8302001953125, -1280.8609619140625, -1280.9229736328125, -1280.8787841796875, -1280.9056396484375, -1280.8846435546875, -1280.8477783203125, -1280.9005126953125, -1280.8931884765625, -1280.8411865234375, -1280.8546142578125, -1280.8289794921875, -1280.7518310546875, -1280.8070068359375, -1280.9114990234375, -1280.8692626953125, -1280.8292236328125, -1280.8785400390625, -1280.8590087890625, -1280.8216552734375, -1280.8370361328125, -1280.8387451171875, -1280.8751220703125, -1280.8206787109375, -1280.8153076171875, -1280.8670654296875, -1280.8848876953125, -1280.8133544921875, -1280.9613037109375, -1280.8421630859375, -1280.8782958984375, -1280.8441162109375, -1280.8157958984375, -1280.8822021484375, -1280.8367919921875, -1280.8236083984375, -1280.8260498046875, -1280.8758544921875, -1280.8995361328125, -1280.8438720703125, -1280.8719482421875, -1280.8763427734375, -1280.8565673828125, -1280.8856201171875, -1280.8861083984375, -1280.8531494140625, -1280.8245849609375, -1280.8443603515625, -1280.7987060546875, -1280.8270263671875, -1280.8494873046875, -1280.8521728515625, -1280.8597412109375, -1280.8546142578125, -1280.8878173828125, -1280.8294677734375, -1280.7457275390625, -1280.8489990234375, -1280.8548583984375, -1280.8851318359375, -1280.7742919921875, -1280.8045654296875, -1280.8648681640625, -1280.8367919921875, -1280.8240966796875, -1280.8634033203125, -1280.8133544921875, -1280.8060302734375, -1280.8343505859375, -1280.8011474609375, -1280.8778076171875, -1280.8143310546875, -1280.9156494140625, -1280.8714599609375, -1280.8861083984375, -1280.8988037109375, -1280.8414306640625, -1280.8289794921875, -1280.7562255859375, -1280.8431396484375, -1280.9237060546875, -1280.8648681640625, -1280.8616943359375, -1280.8109130859375, -1280.8961181640625, -1280.8446044921875, -1280.9290771484375, -1280.8502197265625, -1280.7938232421875, -1280.8319091796875, -1280.8289794921875, -1280.8079833984375, -1280.8297119140625, -1280.8997802734375, -1280.8897705078125, -1280.8826904296875, -1280.8997802734375, -1280.8194580078125, -1280.8563232421875, -1280.8773193359375, -1280.8255615234375, -1280.8719482421875, -1280.8724365234375, -1280.8138427734375, -1280.8319091796875, -1280.8856201171875, -1280.8453369140625, -1280.8887939453125, -1280.8277587890625, -1280.8133544921875, -1280.8494873046875, -1280.8262939453125, -1280.8475341796875, -1280.8250732421875, -1280.8475341796875, -1280.8338623046875, -1280.8536376953125, -1280.9339599609375, -1280.8001708984375, -1280.9102783203125, -1280.8294677734375, -1280.8399658203125, -1280.7923583984375, -1280.8658447265625, -1280.8909912109375, -1280.7489013671875, -1280.8167724609375, -1280.8416748046875, -1280.8936767578125, -1280.8519287109375, -1280.8538818359375, -1280.9373779296875, -1280.9154052734375, -1280.8260498046875, -1280.8658447265625, -1280.8519287109375, -1280.8492431640625, -1280.9293212890625, -1280.8426513671875, -1280.9007568359375, -1280.8143310546875, -1280.7938232421875, -1280.8304443359375, -1280.7877197265625, -1280.8162841796875, -1280.8092041015625, -1280.8348388671875, -1280.8194580078125, -1280.8646240234375, -1280.8348388671875, -1280.9295654296875, -1280.9022216796875, -1280.7862548828125, -1280.8116455078125, -1280.8587646484375, -1280.8160400390625, -1280.8592529296875, -1280.8216552734375, -1280.8345947265625, -1280.8311767578125, -1280.8883056640625, -1280.8336181640625, -1280.7757568359375, -1280.8011474609375, -1280.8465576171875, -1280.8680419921875, -1280.9134521484375, -1280.8656005859375, -1280.8597412109375, -1280.8377685546875, -1280.8485107421875, -1280.7869873046875, -1280.8668212890625, -1280.8939208984375, -1280.8406982421875, -1280.8802490234375, -1280.8902587890625, -1280.8040771484375, -1280.8751220703125, -1280.8375244140625, -1280.8763427734375, -1280.8558349609375, -1280.8323974609375, -1280.8323974609375, -1280.7908935546875, -1280.8489990234375, -1280.8179931640625, -1280.7962646484375, -1280.8299560546875, -1280.8519287109375, -1280.8775634765625, -1280.8699951171875, -1280.7781982421875, -1280.8597412109375, -1280.8826904296875, -1280.8807373046875, -1280.7698974609375, -1280.8096923828125, -1280.9166259765625, -1280.8109130859375, -1280.8367919921875, -1280.8973388671875, -1280.9105224609375, -1280.8973388671875, -1280.7969970703125, -1280.8489990234375, -1280.8072509765625, -1280.8782958984375, -1280.8597412109375, -1280.8280029296875, -1280.8817138671875, -1280.8353271484375, -1280.8787841796875, -1280.8035888671875, -1280.8341064453125, -1280.8409423828125, -1280.8050537109375, -1280.8739013671875, -1280.8114013671875, -1280.8541259765625, -1280.8717041015625, -1280.9158935546875, -1280.8988037109375, -1280.8475341796875, -1280.8172607421875, -1280.8480224609375, -1280.8187255859375, -1280.8621826171875, -1280.7752685546875, -1280.8460693359375, -1280.8851318359375, -1280.8157958984375, -1280.8914794921875, -1280.8795166015625, -1280.9378662109375, -1280.8387451171875, -1280.8419189453125, -1280.8072509765625, -1280.7840576171875, -1280.8092041015625, -1280.8323974609375, -1280.8485107421875, -1280.8939208984375, -1280.8702392578125, -1280.8553466796875, -1280.8458251953125, -1280.8065185546875, -1280.8328857421875, -1280.8341064453125, -1280.8529052734375, -1280.8919677734375, -1280.8436279296875, -1280.8636474609375, -1280.8258056640625, -1280.8299560546875, -1280.9132080078125, -1280.8353271484375, -1280.8275146484375, -1280.8914794921875, -1280.8021240234375, -1280.8587646484375, -1280.8538818359375, -1280.8157958984375, -1280.8709716796875, -1280.8797607421875, -1280.8480224609375, -1280.8978271484375, -1280.8079833984375, -1280.8804931640625, -1280.8709716796875, -1280.7933349609375, -1280.8863525390625, -1280.8665771484375, -1280.8931884765625, -1280.7789306640625, -1280.8685302734375, -1280.8089599609375, -1280.9041748046875, -1280.9063720703125, -1280.8753662109375, -1280.8677978515625, -1280.8221435546875, -1280.8309326171875, -1280.8753662109375, -1280.8236083984375, -1280.7862548828125, -1280.8597412109375, -1280.8558349609375, -1280.8302001953125, -1280.8602294921875, -1280.7928466796875, -1280.8385009765625, -1280.7974853515625, -1280.8594970703125, -1280.7945556640625, -1280.8463134765625, -1280.8536376953125, -1280.7860107421875, -1280.8602294921875, -1280.8836669921875, -1280.8394775390625, -1280.8590087890625, -1280.8255615234375, -1280.8582763671875, -1280.7445068359375, -1280.8328857421875, -1280.7896728515625, -1280.8336181640625, -1280.8245849609375, -1280.7933349609375, -1280.7935791015625, -1280.8323974609375, -1280.8548583984375, -1280.8729248046875, -1280.8790283203125, -1280.8392333984375, -1280.8524169921875, -1280.8289794921875, -1280.7691650390625, -1280.8568115234375, -1280.8353271484375, -1280.8892822265625, -1280.8443603515625, -1280.8770751953125, -1280.8878173828125, -1280.9100341796875, -1280.8563232421875, -1280.8470458984375, -1280.8985595703125, -1280.8443603515625, -1280.8856201171875, -1280.8470458984375, -1280.8892822265625, -1280.7850341796875, -1280.8153076171875, -1280.8546142578125, -1280.7972412109375, -1280.8104248046875, -1280.8460693359375, -1280.7972412109375, -1280.8614501953125, -1280.8082275390625, -1280.9205322265625, -1280.7835693359375, -1280.8831787109375, -1280.9110107421875, -1280.8533935546875, -1280.9720458984375, -1280.7916259765625, -1280.8746337890625, -1280.8372802734375, -1280.9212646484375, -1280.8533935546875, -1280.8568115234375, -1280.8846435546875, -1280.8851318359375, -1280.7713623046875, -1280.8353271484375, -1280.8206787109375, -1280.8685302734375, -1280.8616943359375, -1280.7996826171875, -1280.8839111328125, -1280.9100341796875, -1280.8450927734375, -1280.8399658203125, -1280.8936767578125, -1280.8699951171875, -1280.8260498046875, -1280.8380126953125, -1280.8109130859375, -1280.9432373046875, -1280.8255615234375, -1280.8074951171875, -1280.8372802734375, -1280.8582763671875, -1280.8660888671875, -1280.8533935546875, -1280.8482666015625, -1280.8480224609375, -1280.8836669921875, -1280.8482666015625, -1280.8421630859375, -1280.8265380859375, -1280.8553466796875, -1280.9156494140625, -1280.8890380859375, -1280.9012451171875, -1280.9110107421875, -1280.8328857421875, -1280.8531494140625, -1280.8580322265625, -1280.8680419921875, -1280.8802490234375, -1280.9007568359375, -1280.8438720703125, -1280.8099365234375, -1280.8636474609375, -1280.8533935546875, -1280.8917236328125, -1280.8597412109375, -1280.8494873046875, -1280.8885498046875, -1280.8533935546875, -1280.8582763671875, -1280.9222412109375, -1280.8983154296875, -1280.8770751953125, -1280.8079833984375, -1280.7625732421875, -1280.7757568359375, -1280.8758544921875, -1280.8663330078125, -1280.8553466796875, -1280.8243408203125, -1280.8387451171875, -1280.8465576171875, -1280.8819580078125, -1280.8543701171875, -1280.8184814453125, -1280.8421630859375, -1280.8494873046875, -1280.8289794921875, -1280.8026123046875, -1280.8404541015625, -1280.8082275390625, -1280.8770751953125, -1280.7965087890625, -1280.9031982421875, -1280.7933349609375, -1280.8524169921875, -1280.8743896484375, -1280.8272705078125, -1280.8465576171875, -1280.8040771484375, -1280.7994384765625, -1280.8426513671875, -1280.8465576171875, -1280.8634033203125, -1280.8841552734375, -1280.7640380859375, -1280.8392333984375, -1280.8018798828125, -1280.9105224609375, -1280.8992919921875, -1280.7935791015625, -1280.8118896484375, -1280.8602294921875, -1280.8470458984375, -1280.8587646484375, -1280.8953857421875, -1280.8145751953125, -1280.8594970703125, -1280.8309326171875, -1280.8685302734375, -1280.8841552734375, -1280.9144287109375, -1280.8411865234375, -1280.8687744140625, -1280.8138427734375, -1280.8621826171875, -1280.8948974609375, -1280.9183349609375, -1280.8153076171875, -1280.8646240234375, -1280.8275146484375, -1280.9334716796875, -1280.8519287109375, -1280.8143310546875, -1280.8682861328125, -1280.8328857421875, -1280.8031005859375, -1280.8651123046875, -1280.8284912109375, -1280.8577880859375, -1280.8533935546875, -1280.7952880859375, -1280.8480224609375, -1280.9395751953125, -1280.8143310546875, -1280.8524169921875, -1280.8551025390625, -1280.8656005859375, -1280.8787841796875, -1280.8768310546875, -1280.8221435546875, -1280.8836669921875, -1280.8560791015625, -1280.8931884765625, -1280.8577880859375, -1280.8243408203125, -1280.7874755859375, -1280.8209228515625, -1280.9002685546875, -1280.8211669921875, -1280.8385009765625, -1280.8858642578125, -1280.8885498046875, -1280.7525634765625, -1280.8480224609375, -1280.8499755859375, -1280.8514404296875, -1280.8612060546875, -1280.8585205078125, -1280.8809814453125, -1280.9237060546875, -1280.8367919921875, -1280.8365478515625, -1280.8226318359375, -1280.7811279296875, -1280.8656005859375, -1280.8455810546875, -1280.8670654296875, -1280.8553466796875, -1280.8812255859375, -1280.8739013671875, -1280.8404541015625, -1280.8807373046875, -1280.8416748046875, -1280.8804931640625, -1280.8482666015625, -1280.8409423828125, -1280.8319091796875, -1280.8890380859375, -1280.8153076171875, -1280.7847900390625, -1280.8304443359375, -1280.8907470703125, -1280.8875732421875, -1280.8502197265625, -1280.8455810546875, -1280.8629150390625, -1280.8604736328125, -1280.8690185546875, -1280.8734130859375, -1280.9129638671875, -1280.7943115234375, -1280.8563232421875, -1280.9024658203125, -1280.8092041015625, -1280.8270263671875, -1280.8309326171875, -1280.8245849609375, -1280.8641357421875, -1280.8831787109375, -1280.8489990234375, -1280.8194580078125, -1280.8538818359375, -1280.8519287109375, -1280.8609619140625, -1280.8565673828125, -1280.9427490234375, -1280.8201904296875, -1280.9256591796875, -1280.8612060546875, -1280.8502197265625, -1280.8280029296875, -1280.7711181640625, -1280.7852783203125, -1280.8624267578125, -1280.8306884765625, -1280.8382568359375, -1280.7947998046875, -1280.8309326171875, -1280.9124755859375, -1280.8397216796875, -1280.8409423828125, -1280.8377685546875, -1280.8529052734375, -1280.8104248046875, -1280.8695068359375, -1280.8929443359375, -1280.8868408203125, -1280.8128662109375, -1280.8883056640625, -1280.8797607421875, -1280.9332275390625, -1280.8370361328125, -1280.8795166015625, -1280.9031982421875, -1280.8426513671875, -1280.7952880859375, -1280.8724365234375, -1280.8135986328125, -1280.8072509765625, -1280.8729248046875, -1280.8172607421875, -1280.8509521484375, -1280.8260498046875, -1280.8292236328125, -1280.8875732421875, -1280.8577880859375, -1280.9351806640625, -1280.8736572265625, -1280.7996826171875, -1280.8284912109375, -1280.8668212890625, -1280.7918701171875, -1280.8236083984375, -1280.7938232421875, -1280.8187255859375, -1280.8565673828125, -1280.8521728515625, -1280.7825927734375, -1280.8114013671875, -1280.7742919921875, -1280.8497314453125, -1280.8463134765625, -1280.8826904296875, -1280.8504638671875, -1280.8861083984375, -1280.8084716796875, -1280.8411865234375, -1280.8660888671875, -1280.9061279296875, -1280.8905029296875, -1280.8233642578125, -1280.8375244140625, -1280.8270263671875, -1280.8343505859375, -1280.8182373046875, -1280.8118896484375, -1280.8675537109375, -1280.8267822265625, -1280.8143310546875, -1280.8944091796875, -1280.8345947265625, -1280.8887939453125, -1280.8885498046875, -1280.8243408203125, -1280.8538818359375, -1280.8792724609375, -1280.8421630859375, -1280.8284912109375, -1280.7947998046875, -1280.8814697265625, -1280.8907470703125, -1280.8428955078125, -1280.8419189453125, -1280.8768310546875, -1280.8338623046875, -1280.8695068359375, -1280.8538818359375, -1280.8070068359375, -1280.8597412109375, -1280.8646240234375, -1280.8607177734375, -1280.7938232421875, -1280.8250732421875, -1280.8590087890625, -1280.8470458984375, -1280.8734130859375, -1280.9022216796875, -1280.8192138671875, -1280.8636474609375, -1280.8302001953125, -1280.8314208984375, -1280.8001708984375, -1280.8406982421875, -1280.8636474609375, -1280.8748779296875, -1280.8055419921875, -1280.8314208984375, -1280.7969970703125, -1280.8631591796875, -1280.8353271484375, -1280.7962646484375, -1280.8306884765625, -1280.8077392578125, -1280.8548583984375, -1280.7967529296875, -1280.7525634765625, -1280.7559814453125, -1280.8819580078125, -1280.7703857421875, -1280.8358154296875, -1280.8858642578125, -1280.8690185546875, -1280.8389892578125, -1280.8013916015625, -1280.8328857421875, -1280.8450927734375, -1280.8551025390625, -1280.8587646484375, -1280.8619384765625, -1280.8294677734375, -1280.8287353515625, -1280.8787841796875, -1280.9237060546875, -1280.8167724609375, -1280.8468017578125, -1280.8680419921875, -1280.8621826171875, -1280.8511962890625, -1280.8734130859375, -1280.8956298828125, -1280.8558349609375, -1280.9022216796875, -1280.7913818359375, -1280.8717041015625, -1280.8848876953125, -1280.8282470703125, -1280.8719482421875, -1280.7957763671875, -1280.8634033203125, -1280.8424072265625, -1280.8441162109375, -1280.8729248046875, -1280.8226318359375, -1280.8145751953125, -1280.8704833984375, -1280.7650146484375, -1280.8946533203125, -1280.7869873046875, -1280.8153076171875, -1280.8511962890625, -1280.9041748046875, -1280.7828369140625, -1280.8365478515625, -1280.8343505859375, -1280.8450927734375, -1280.8240966796875, -1280.7899169921875, -1280.8963623046875, -1280.8377685546875, -1280.8289794921875, -1280.8846435546875, -1280.8389892578125, -1280.8280029296875, -1280.8328857421875, -1280.8631591796875, -1280.8712158203125, -1280.8311767578125, -1280.8389892578125, -1280.8494873046875, -1280.8675537109375, -1280.8514404296875, -1280.9061279296875, -1280.8563232421875, -1280.8270263671875, -1280.7791748046875, -1280.8367919921875, -1280.9139404296875, -1280.9017333984375, -1280.8980712890625, -1280.7994384765625, -1280.8424072265625, -1280.8519287109375, -1280.8485107421875, -1280.8834228515625, -1280.8123779296875, -1280.8802490234375, -1280.8641357421875, -1280.7982177734375, -1280.8189697265625, -1280.8773193359375, -1280.9188232421875, -1280.8729248046875, -1280.8673095703125, -1280.8758544921875, -1280.8026123046875, -1280.9205322265625, -1280.8953857421875, -1280.8311767578125, -1280.8255615234375, -1280.8236083984375, -1280.9329833984375, -1280.8131103515625, -1280.8294677734375, -1280.8836669921875, -1280.8326416015625, -1280.8988037109375, -1280.8377685546875, -1280.8343505859375, -1280.8607177734375, -1280.7977294921875, -1280.7694091796875, -1280.8421630859375, -1280.8099365234375, -1280.7645263671875, -1280.7977294921875, -1280.8626708984375, -1280.8475341796875, -1280.7982177734375, -1280.8883056640625, -1280.8460693359375, -1280.8282470703125, -1280.8651123046875, -1280.8533935546875, -1280.7667236328125, -1280.8109130859375, -1280.8929443359375, -1280.8397216796875, -1280.8680419921875, -1280.8602294921875, -1280.8326416015625, -1280.8875732421875, -1280.7999267578125, -1280.8616943359375, -1280.8634033203125, -1280.8267822265625, -1280.8358154296875, -1280.8294677734375, -1280.8607177734375, -1280.7860107421875, -1280.8333740234375, -1280.8289794921875, -1280.8370361328125, -1280.8643798828125, -1280.8751220703125, -1280.7962646484375, -1280.8172607421875, -1280.8514404296875, -1280.8067626953125, -1280.9512939453125, -1280.8231201171875, -1280.8736572265625, -1280.8057861328125, -1280.8216552734375, -1280.8026123046875, -1280.8502197265625, -1280.8372802734375, -1280.8323974609375, -1280.7947998046875, -1280.8433837890625, -1280.8582763671875, -1280.8358154296875, -1280.8619384765625, -1280.8572998046875, -1280.8660888671875, -1280.7913818359375, -1280.8631591796875, -1280.8841552734375, -1280.8743896484375, -1280.8629150390625, -1280.7933349609375, -1280.9158935546875, -1280.8621826171875, -1280.8314208984375, -1280.7816162109375, -1280.8936767578125, -1280.8533935546875, -1280.8538818359375, -1280.8699951171875, -1280.8494873046875, -1280.9412841796875, -1280.8421630859375, -1280.7996826171875, -1280.8143310546875, -1280.8475341796875, -1280.8299560546875, -1280.8319091796875, -1280.8350830078125, -1280.8787841796875, -1280.7999267578125, -1280.8885498046875, -1280.8499755859375, -1280.8817138671875, -1280.9063720703125, -1280.8572998046875, -1280.8494873046875, -1280.9178466796875, -1280.8216552734375, -1280.8753662109375, -1280.8397216796875, -1280.8670654296875, -1280.8211669921875, -1280.8663330078125, -1280.8148193359375, -1280.8363037109375, -1280.8463134765625, -1280.8773193359375, -1280.8187255859375, -1280.8377685546875, -1280.8900146484375, -1280.8807373046875, -1280.8572998046875, -1280.8809814453125, -1280.8797607421875, -1280.8038330078125, -1280.8602294921875, -1280.8507080078125, -1280.8250732421875, -1280.8094482421875, -1280.8446044921875, -1280.8663330078125, -1280.8392333984375, -1280.8748779296875, -1280.8050537109375, -1280.9232177734375, -1280.9171142578125, -1280.8797607421875, -1280.8377685546875, -1280.7791748046875, -1280.8172607421875, -1280.8763427734375, -1280.8309326171875, -1280.8743896484375, -1280.8836669921875, -1280.8646240234375, -1280.8333740234375, -1280.8424072265625, -1280.9437255859375, -1280.8983154296875, -1280.7855224609375, -1280.8448486328125, -1280.8763427734375, -1280.8653564453125, -1280.7630615234375, -1280.8914794921875, -1280.8680419921875, -1280.8382568359375, -1280.8690185546875, -1280.8492431640625, -1280.8380126953125, -1280.8687744140625, -1280.8448486328125, -1280.8070068359375, -1280.8846435546875, -1280.8367919921875, -1280.8143310546875, -1280.8497314453125, -1280.8397216796875, -1280.8231201171875, -1280.8621826171875, -1280.8822021484375, -1280.8348388671875, -1280.7879638671875, -1280.7562255859375, -1280.8260498046875, -1280.8870849609375, -1280.8094482421875, -1280.7723388671875, -1280.8487548828125, -1280.8524169921875, -1280.9044189453125, -1280.8695068359375, -1280.8670654296875, -1280.8026123046875, -1280.8289794921875, -1280.8831787109375, -1280.8851318359375, -1280.8646240234375, -1280.7962646484375, -1280.8797607421875, -1280.7786865234375, -1280.9136962890625, -1280.9097900390625, -1280.8968505859375, -1280.8221435546875, -1280.8489990234375, -1280.8680419921875, -1280.7698974609375, -1280.8468017578125, -1280.8760986328125, -1280.7738037109375, -1280.8382568359375, -1280.8909912109375, -1280.8958740234375, -1280.8734130859375, -1280.8585205078125, -1280.8121337890625, -1280.8387451171875, -1280.8087158203125, -1280.8106689453125, -1280.8602294921875, -1280.9017333984375, -1280.8975830078125, -1280.8470458984375, -1280.7977294921875, -1280.7408447265625, -1280.8421630859375, -1280.9046630859375, -1280.8604736328125, -1280.8748779296875, -1280.8558349609375, -1280.8260498046875, -1280.8787841796875, -1280.8704833984375, -1280.8753662109375, -1280.8287353515625, -1280.9224853515625, -1280.9310302734375, -1280.7664794921875, -1280.7828369140625, -1280.8546142578125, -1280.8990478515625, -1280.8038330078125, -1280.8548583984375, -1280.8597412109375, -1280.7818603515625, -1280.8719482421875, -1280.8939208984375, -1280.7884521484375, -1280.8450927734375, -1280.9056396484375, -1280.8216552734375, -1280.8521728515625, -1280.8426513671875, -1280.8646240234375, -1280.8646240234375, -1280.7772216796875, -1280.7926025390625, -1280.8421630859375, -1280.8795166015625, -1280.8819580078125, -1280.8572998046875, -1280.8262939453125, -1280.8382568359375, -1280.8465576171875, -1280.8702392578125, -1280.8521728515625, -1280.8480224609375, -1280.8677978515625, -1280.8924560546875, -1280.8753662109375, -1280.8035888671875, -1280.8817138671875, -1280.9083251953125, -1280.8541259765625, -1280.8221435546875, -1280.8338623046875, -1280.8812255859375, -1280.8170166015625, -1280.9036865234375, -1280.8597412109375, -1280.8714599609375, -1280.8411865234375, -1280.9305419921875, -1280.8455810546875, -1280.8492431640625, -1280.8150634765625, -1280.8590087890625, -1280.8323974609375, -1280.8616943359375, -1280.8377685546875, -1280.8963623046875, -1280.8397216796875, -1280.8253173828125, -1280.8699951171875, -1280.8973388671875, -1280.8624267578125, -1280.8106689453125, -1280.8568115234375, -1280.7884521484375, -1280.8262939453125, -1280.8489990234375, -1280.8741455078125, -1280.8695068359375, -1280.8546142578125, -1280.8314208984375, -1280.8277587890625, -1280.8082275390625, -1280.8436279296875, -1280.8280029296875, -1280.8170166015625, -1280.7825927734375, -1280.8839111328125, -1280.9005126953125, -1280.8052978515625, -1280.8626708984375, -1280.8109130859375, -1280.8572998046875, -1280.8594970703125, -1280.8033447265625, -1280.8665771484375, -1280.8446044921875, -1280.8223876953125, -1280.8455810546875, -1280.8817138671875, -1280.8558349609375, -1280.8690185546875, -1280.8284912109375, -1280.9158935546875, -1280.8255615234375, -1280.7874755859375, -1280.8868408203125, -1280.8031005859375, -1280.8922119140625, -1280.8775634765625, -1280.8402099609375, -1280.8975830078125, -1280.8194580078125, -1280.8316650390625, -1280.8265380859375, -1280.8380126953125, -1280.8787841796875, -1280.9132080078125, -1280.8497314453125, -1280.8768310546875, -1280.8319091796875, -1280.7996826171875, -1280.8123779296875, -1280.8924560546875, -1280.8341064453125, -1280.7991943359375, -1280.8006591796875, -1280.8275146484375, -1280.8604736328125, -1280.8243408203125, -1280.8699951171875, -1280.8331298828125, -1280.8392333984375, -1280.8709716796875, -1280.9029541015625, -1280.9661865234375, -1280.8900146484375, -1280.7396240234375, -1280.8358154296875, -1280.9095458984375, -1280.9122314453125, -1280.8568115234375, -1280.8419189453125, -1280.8289794921875, -1280.7674560546875, -1280.8140869140625, -1280.8402099609375, -1280.8594970703125, -1280.8402099609375, -1280.8402099609375, -1280.8250732421875, -1280.8836669921875, -1280.8204345703125, -1280.8367919921875, -1280.8448486328125, -1280.8660888671875, -1280.9615478515625, -1280.8265380859375, -1280.8323974609375, -1280.8807373046875, -1280.8890380859375, -1280.8895263671875, -1280.9298095703125, -1280.7996826171875, -1280.8182373046875, -1280.7542724609375, -1280.8038330078125, -1280.8646240234375, -1280.8199462890625, -1280.7513427734375, -1280.8175048828125, -1280.8153076171875, -1280.8035888671875, -1280.8804931640625, -1280.9337158203125, -1280.8338623046875, -1280.8353271484375, -1280.8643798828125, -1280.8162841796875, -1280.8531494140625, -1280.8109130859375, -1280.8856201171875, -1280.8695068359375, -1280.8287353515625, -1280.7821044921875, -1280.7816162109375, -1280.8760986328125, -1280.8006591796875, -1280.8096923828125, -1280.8316650390625, -1280.8604736328125, -1280.8646240234375, -1280.8323974609375, -1280.7913818359375, -1280.8585205078125, -1280.8211669921875, -1280.7706298828125, -1280.8797607421875, -1280.8057861328125, -1280.8541259765625, -1280.8314208984375, -1280.8302001953125, -1280.8978271484375, -1280.8460693359375, -1280.7874755859375, -1280.8616943359375, -1280.8414306640625, -1280.8309326171875, -1280.8568115234375, -1280.8873291015625, -1280.8690185546875, -1280.8040771484375, -1280.9178466796875, -1280.8284912109375, -1280.8856201171875, -1280.8182373046875, -1280.8238525390625, -1280.8367919921875, -1280.8760986328125, -1280.9114990234375, -1280.8294677734375, -1280.7882080078125, -1280.8516845703125, -1280.8270263671875, -1280.8055419921875, -1280.8597412109375, -1280.8582763671875, -1280.9410400390625, -1280.8624267578125, -1280.8450927734375, -1280.9056396484375, -1280.8465576171875, -1280.8172607421875, -1280.8851318359375, -1280.8602294921875, -1280.8314208984375, -1280.8865966796875, -1280.8558349609375, -1280.8729248046875, -1280.8875732421875, -1280.7972412109375, -1280.9227294921875, -1280.8607177734375, -1280.7874755859375, -1280.8536376953125, -1280.8421630859375, -1280.9344482421875, -1280.8558349609375, -1280.8123779296875, -1280.8074951171875, -1280.9427490234375, -1280.8795166015625, -1280.8690185546875, -1280.8646240234375, -1280.8182373046875, -1280.8592529296875, -1280.8529052734375, -1280.8311767578125, -1280.8631591796875, -1280.8988037109375, -1280.8726806640625, -1280.9019775390625, -1280.8011474609375, -1280.8172607421875, -1280.8323974609375, -1280.8214111328125, -1280.8973388671875, -1280.9029541015625, -1280.8563232421875, -1280.8297119140625, -1280.9171142578125, -1280.7996826171875, -1280.8629150390625, -1280.8597412109375, -1280.8612060546875, -1280.9027099609375, -1280.7742919921875, -1280.8582763671875, -1280.7857666015625, -1280.8148193359375, -1280.9156494140625, -1280.8572998046875, -1280.8297119140625, -1280.8170166015625, -1280.8148193359375, -1280.9000244140625, -1280.8519287109375, -1280.8350830078125, -1280.8416748046875, -1280.8504638671875, -1280.8724365234375, -1280.9075927734375, -1280.8221435546875, -1280.8363037109375, -1280.8468017578125, -1280.8775634765625, -1280.8592529296875, -1280.8365478515625, -1280.8487548828125, -1280.9051513671875, -1280.9022216796875, -1280.8260498046875, -1280.8968505859375, -1280.8572998046875, -1280.8245849609375, -1280.8023681640625, -1280.8309326171875, -1280.8179931640625, -1280.9085693359375, -1280.8924560546875, -1280.7635498046875, -1280.8782958984375, -1280.8568115234375, -1280.8616943359375, -1280.8431396484375, -1280.8780517578125, -1280.8436279296875, -1280.8450927734375, -1280.8587646484375, -1280.8907470703125, -1280.9034423828125, -1280.8800048828125, -1280.8280029296875, -1280.8348388671875, -1280.7921142578125, -1280.8226318359375, -1280.8629150390625, -1280.8963623046875, -1280.7987060546875, -1280.8240966796875, -1280.8109130859375, -1280.8089599609375, -1280.8345947265625, -1280.8399658203125, -1280.8563232421875, -1280.8668212890625, -1280.8323974609375, -1280.8182373046875, -1280.8917236328125, -1280.9188232421875, -1280.8973388671875, -1280.7935791015625, -1280.8265380859375, -1280.7733154296875, -1280.8582763671875, -1280.8504638671875, -1280.8760986328125, -1280.8214111328125, -1280.7933349609375, -1280.8983154296875, -1280.8643798828125, -1280.8780517578125, -1280.8846435546875, -1280.8409423828125, -1280.8201904296875, -1280.8472900390625, -1280.8917236328125, -1280.8363037109375, -1280.7774658203125, -1280.8580322265625, -1280.8455810546875, -1280.8807373046875, -1280.8685302734375, -1280.8731689453125, -1280.8365478515625, -1280.8546142578125, -1280.8114013671875, -1280.8460693359375, -1280.9012451171875, -1280.9129638671875, -1280.8028564453125, -1280.8758544921875, -1280.8287353515625, -1280.8494873046875, -1280.7674560546875, -1280.7772216796875, -1280.9193115234375, -1280.8988037109375, -1280.8592529296875, -1280.8328857421875, -1280.8504638671875, -1280.8465576171875, -1280.8289794921875, -1280.8211669921875, -1280.7684326171875, -1280.8182373046875, -1280.8704833984375, -1280.8470458984375, -1280.8206787109375, -1280.8060302734375, -1280.8280029296875, -1280.8402099609375, -1280.8973388671875, -1280.8397216796875, -1280.8382568359375, -1280.8519287109375, -1280.8919677734375, -1280.9034423828125, -1280.8411865234375, -1280.8258056640625, -1280.8516845703125, -1280.8236083984375, -1280.8355712890625, -1280.9459228515625, -1280.8902587890625, -1280.8768310546875, -1280.8082275390625, -1280.7694091796875, -1280.7825927734375, -1280.8055419921875, -1280.8487548828125, -1280.7969970703125, -1280.8236083984375, -1280.8572998046875, -1280.8489990234375, -1280.8934326171875, -1280.8575439453125, -1280.9110107421875, -1280.8148193359375, -1280.8592529296875, -1280.8624267578125, -1280.8304443359375, -1280.9144287109375, -1280.8358154296875, -1280.8431396484375, -1280.8182373046875, -1280.8636474609375, -1280.9056396484375, -1280.8319091796875, -1280.7559814453125, -1280.8612060546875, -1280.8990478515625, -1280.9088134765625, -1280.8568115234375, -1280.8817138671875, -1280.8607177734375, -1280.8756103515625, -1280.8558349609375, -1280.8448486328125, -1280.8179931640625, -1280.8424072265625, -1280.8695068359375, -1280.9085693359375, -1280.8192138671875, -1280.8253173828125, -1280.8409423828125, -1280.8079833984375, -1280.8287353515625, -1280.9124755859375, -1280.8126220703125, -1280.9676513671875, -1280.8446044921875, -1280.8592529296875, -1280.8441162109375, -1280.8343505859375, -1280.8509521484375, -1280.9019775390625, -1280.8055419921875, -1280.7789306640625, -1280.8878173828125, -1280.8592529296875, -1280.8687744140625, -1280.8465576171875, -1280.8524169921875, -1280.7838134765625, -1280.8538818359375, -1280.8480224609375, -1280.8343505859375, -1280.8531494140625, -1280.7860107421875, -1280.8326416015625, -1280.9051513671875, -1280.8538818359375, -1280.8494873046875, -1280.8367919921875, -1280.8690185546875, -1280.8189697265625, -1280.8607177734375, -1280.8236083984375, -1280.8663330078125, -1280.8895263671875, -1280.8648681640625, -1280.7916259765625, -1280.8697509765625, -1280.8446044921875, -1280.8646240234375, -1280.8953857421875, -1280.8343505859375, -1280.8397216796875, -1280.7916259765625, -1280.8795166015625, -1280.8311767578125, -1280.8492431640625, -1280.8594970703125, -1280.8062744140625, -1280.8807373046875, -1280.8607177734375, -1280.8643798828125, -1280.8214111328125, -1280.8238525390625, -1280.7564697265625, -1280.9075927734375, -1280.8502197265625, -1280.8946533203125, -1280.8802490234375, -1280.9002685546875, -1280.8026123046875, -1280.8511962890625, -1280.8162841796875, -1280.8006591796875, -1280.8970947265625, -1280.8426513671875, -1280.8387451171875, -1280.9027099609375, -1280.8905029296875, -1280.7877197265625, -1280.7760009765625, -1280.8514404296875, -1280.8612060546875, -1280.8446044921875, -1280.8807373046875, -1280.7923583984375, -1280.8345947265625, -1280.8685302734375, -1280.7762451171875, -1280.8758544921875, -1280.8123779296875, -1280.9002685546875, -1280.9234619140625, -1280.8900146484375, -1280.8836669921875, -1280.9237060546875, -1280.8631591796875, -1280.8162841796875, -1280.8602294921875, -1280.8741455078125, -1280.8245849609375, -1280.8953857421875, -1280.8470458984375, -1280.8719482421875, -1280.8309326171875, -1280.8597412109375, -1280.7950439453125, -1280.7857666015625, -1280.8367919921875, -1280.8548583984375, -1280.7823486328125, -1280.8577880859375, -1280.7791748046875, -1280.8905029296875, -1280.9197998046875, -1280.8189697265625, -1280.8382568359375, -1280.8553466796875, -1280.8563232421875, -1280.8480224609375, -1280.8226318359375, -1280.8492431640625, -1280.8802490234375, -1280.7943115234375, -1280.8216552734375, -1280.7735595703125, -1280.8734130859375, -1280.8822021484375, -1280.8668212890625, -1280.8878173828125, -1280.8775634765625, -1280.8414306640625, -1280.8936767578125, -1280.8380126953125, -1280.8468017578125, -1280.7930908203125, -1280.8531494140625, -1280.8660888671875, -1280.8338623046875, -1280.8514404296875, -1280.8402099609375, -1280.9456787109375, -1280.8829345703125, -1280.8458251953125, -1280.9012451171875, -1280.8887939453125, -1280.8863525390625, -1280.9183349609375, -1280.8948974609375, -1280.9141845703125, -1280.8094482421875, -1280.8240966796875, -1280.8358154296875, -1280.8424072265625, -1280.8785400390625, -1280.8519287109375, -1280.7957763671875, -1280.9285888671875, -1280.8577880859375, -1280.8568115234375, -1280.7904052734375, -1280.8250732421875, -1280.9290771484375, -1280.9075927734375, -1280.8812255859375, -1280.7987060546875, -1280.8582763671875, -1280.8492431640625, -1280.9364013671875, -1280.8758544921875, -1280.9173583984375, -1280.8458251953125, -1280.8297119140625, -1280.7784423828125, -1280.8587646484375, -1280.9183349609375, -1280.7987060546875, -1280.8631591796875, -1280.8714599609375, -1280.8018798828125, -1280.9173583984375, -1280.8809814453125, -1280.7991943359375, -1280.8443603515625, -1280.8543701171875, -1280.8621826171875, -1280.8389892578125, -1280.8441162109375, -1280.8358154296875, -1280.8289794921875, -1280.8162841796875, -1280.9075927734375, -1280.8704833984375, -1280.8499755859375, -1280.8785400390625, -1280.8211669921875, -1280.8438720703125, -1280.8717041015625, -1280.8240966796875, -1280.8587646484375, -1280.8387451171875, -1280.7989501953125, -1280.8245849609375, -1280.7696533203125, -1280.8905029296875, -1280.8358154296875, -1280.7969970703125, -1280.8441162109375, -1280.8233642578125, -1280.8494873046875, -1280.8580322265625, -1280.8551025390625, -1280.8363037109375, -1280.8829345703125, -1280.8582763671875, -1280.7855224609375, -1280.7943115234375, -1280.8641357421875, -1280.8255615234375, -1280.8343505859375, -1280.8133544921875, -1280.8468017578125, -1280.8104248046875, -1280.7655029296875, -1280.8863525390625, -1280.8499755859375, -1280.8260498046875, -1280.8594970703125, -1280.8568115234375, -1280.8309326171875, -1280.8460693359375, -1280.8861083984375, -1280.8638916015625, -1280.7843017578125, -1280.8057861328125, -1280.8250732421875, -1280.8392333984375, -1280.8131103515625, -1280.8717041015625, -1280.8328857421875, -1280.8629150390625, -1280.8260498046875, -1280.8084716796875, -1280.8817138671875, -1280.9051513671875, -1280.9124755859375, -1280.8717041015625, -1280.8377685546875, -1280.8665771484375, -1280.8983154296875, -1280.9107666015625, -1280.9278564453125, -1280.8314208984375, -1280.8480224609375, -1280.8265380859375, -1280.8609619140625, -1280.8712158203125, -1280.9061279296875, -1280.8302001953125, -1280.8255615234375, -1280.9046630859375, -1280.8416748046875, -1280.8389892578125, -1280.8294677734375, -1280.8265380859375, -1280.7930908203125, -1280.7913818359375, -1280.9073486328125, -1280.9822998046875, -1280.8341064453125, -1280.8702392578125, -1280.8192138671875, -1280.8699951171875, -1280.8580322265625, -1280.8631591796875, -1280.8477783203125, -1280.9066162109375, -1280.8944091796875, -1280.8734130859375, -1280.8294677734375, -1280.8516845703125, -1280.8499755859375, -1280.8743896484375, -1280.9180908203125, -1280.8641357421875, -1280.8455810546875, -1280.8475341796875, -1280.8958740234375, -1280.8929443359375, -1280.8577880859375, -1280.8033447265625, -1280.8599853515625, -1280.9283447265625, -1280.7918701171875, -1280.8797607421875, -1280.8026123046875, -1280.9041748046875, -1280.8533935546875, -1280.8621826171875, -1280.9110107421875, -1280.8106689453125, -1280.8367919921875, -1280.8641357421875, -1280.8690185546875, -1280.8582763671875, -1280.8797607421875, -1280.8568115234375, -1280.8934326171875, -1280.8829345703125, -1280.8477783203125, -1280.8636474609375, -1280.8507080078125, -1280.8270263671875, -1280.8851318359375, -1280.8546142578125, -1280.8636474609375, -1280.9080810546875, -1280.8721923828125, -1280.7769775390625, -1280.8226318359375, -1280.8758544921875, -1280.8660888671875, -1280.8431396484375, -1280.7652587890625, -1280.7447509765625, -1280.8839111328125, -1280.8670654296875, -1280.9332275390625, -1280.8629150390625, -1280.8260498046875, -1280.8048095703125, -1280.8739013671875, -1280.8594970703125, -1280.8470458984375, -1280.8289794921875, -1280.8179931640625, -1280.8543701171875, -1280.8118896484375, -1280.8548583984375, -1280.8228759765625, -1280.8785400390625, -1280.7696533203125, -1280.8387451171875, -1280.9039306640625, -1280.8934326171875, -1280.8363037109375, -1280.8099365234375, -1280.8631591796875, -1280.8148193359375, -1280.8853759765625, -1280.9261474609375, -1280.8909912109375, -1280.8685302734375, -1280.8226318359375, -1280.9073486328125, -1280.9156494140625, -1280.8070068359375, -1280.8302001953125, -1280.8724365234375, -1280.8677978515625, -1280.8519287109375, -1280.8697509765625, -1280.8177490234375, -1280.8619384765625, -1280.8636474609375, -1280.8438720703125, -1280.8602294921875, -1280.8516845703125, -1280.8768310546875, -1280.9000244140625, -1280.8450927734375, -1280.8485107421875, -1280.8367919921875, -1280.8604736328125, -1280.8372802734375, -1280.8734130859375, -1280.8250732421875, -1280.9107666015625, -1280.8272705078125, -1280.8055419921875, -1280.8358154296875, -1280.8211669921875, -1280.9041748046875, -1280.9124755859375, -1280.8580322265625, -1280.7655029296875, -1280.7738037109375, -1280.8619384765625, -1280.8280029296875, -1280.8963623046875, -1280.8355712890625, -1280.9119873046875, -1280.8951416015625, -1280.8682861328125, -1280.8499755859375, -1280.8026123046875, -1280.8094482421875, -1280.8238525390625, -1280.8695068359375, -1280.9276123046875, -1280.8321533203125, -1280.9298095703125, -1280.8997802734375, -1280.8631591796875, -1280.8695068359375, -1280.8216552734375, -1280.8680419921875, -1280.8150634765625, -1280.8663330078125, -1280.8475341796875, -1280.8553466796875, -1280.8724365234375, -1280.8109130859375, -1280.8734130859375, -1280.8773193359375, -1280.7943115234375, -1280.8309326171875, -1280.8905029296875, -1280.8677978515625, -1280.8255615234375, -1280.8380126953125, -1280.7899169921875, -1280.8118896484375, -1280.8870849609375, -1280.9439697265625, -1280.8421630859375, -1280.8607177734375, -1280.8951416015625, -1280.9014892578125, -1280.8695068359375, -1280.8455810546875, -1280.7918701171875, -1280.8309326171875, -1280.8292236328125, -1280.8470458984375, -1280.8123779296875, -1280.8822021484375, -1280.7982177734375, -1280.8826904296875, -1280.8565673828125, -1280.9324951171875, -1280.9207763671875, -1280.8980712890625, -1280.8934326171875, -1280.7879638671875, -1280.8299560546875, -1280.9224853515625, -1280.8468017578125, -1280.8792724609375, -1280.8834228515625, -1280.7943115234375, -1280.8089599609375, -1280.8226318359375, -1280.8265380859375, -1280.8284912109375, -1280.9317626953125, -1280.9102783203125, -1280.8526611328125, -1280.8973388671875, -1280.8682861328125, -1280.9058837890625, -1280.8868408203125, -1280.8853759765625, -1280.8782958984375, -1280.8270263671875, -1280.8658447265625, -1280.8487548828125, -1280.8924560546875, -1280.8758544921875, -1280.8482666015625, -1280.8079833984375, -1280.8946533203125, -1280.8660888671875, -1280.8397216796875, -1280.8092041015625, -1280.8153076171875, -1280.8599853515625, -1280.8514404296875, -1280.8038330078125, -1280.7244873046875, -1280.8729248046875, -1280.8695068359375, -1280.8660888671875, -1280.8739013671875, -1280.8240966796875, -1280.7757568359375, -1280.8236083984375, -1280.8568115234375, -1280.8621826171875, -1280.8758544921875, -1280.8319091796875, -1280.9105224609375, -1280.8594970703125, -1280.8470458984375, -1280.8348388671875, -1280.9202880859375, -1280.8641357421875, -1280.8099365234375, -1280.7928466796875, -1280.8026123046875, -1280.8939208984375, -1280.8919677734375, -1280.8089599609375, -1280.8094482421875, -1280.7642822265625, -1280.8343505859375, -1280.8836669921875, -1280.9134521484375, -1280.8602294921875, -1280.8309326171875, -1280.8421630859375, -1280.8746337890625, -1280.9022216796875, -1280.8870849609375, -1280.8402099609375, -1280.7718505859375, -1280.7845458984375, -1280.8565673828125, -1280.8719482421875, -1280.8758544921875, -1280.8343505859375, -1280.8133544921875, -1280.8739013671875, -1280.8316650390625, -1280.9090576171875, -1280.8641357421875, -1280.8218994140625, -1280.8582763671875, -1280.8214111328125, -1280.8946533203125, -1280.8878173828125, -1280.8153076171875, -1280.8094482421875, -1280.8721923828125, -1280.8507080078125, -1280.8665771484375, -1280.8973388671875, -1280.8477783203125, -1280.8406982421875, -1280.8538818359375, -1280.8826904296875, -1280.8590087890625, -1280.8863525390625, -1280.8658447265625, -1280.8470458984375, -1280.8035888671875, -1280.8194580078125, -1280.8719482421875, -1280.9266357421875, -1280.8133544921875, -1280.8646240234375, -1280.8304443359375, -1280.8116455078125, -1280.8367919921875, -1280.8834228515625, -1280.8460693359375, -1280.8499755859375, -1280.8157958984375, -1280.8336181640625, -1280.9041748046875, -1280.8653564453125, -1280.8885498046875, -1280.8480224609375, -1280.8333740234375, -1280.8614501953125, -1280.8682861328125, -1280.8673095703125, -1280.8489990234375, -1280.8883056640625, -1280.8721923828125, -1280.7894287109375, -1280.8333740234375, -1280.8253173828125, -1280.8380126953125, -1280.8624267578125, -1280.8614501953125, -1280.8265380859375, -1280.8944091796875, -1280.8570556640625, -1280.9197998046875, -1280.8531494140625, -1280.8875732421875, -1280.8402099609375, -1280.8284912109375, -1280.9049072265625, -1280.8197021484375, -1280.8514404296875, -1280.8192138671875, -1280.8812255859375, -1280.7933349609375, -1280.8758544921875, -1280.8248291015625, -1280.8658447265625, -1280.8836669921875, -1280.7738037109375, -1280.8682861328125, -1280.8514404296875, -1280.9110107421875, -1280.7940673828125, -1280.7847900390625, -1280.8665771484375, -1280.8734130859375, -1280.8304443359375, -1280.8988037109375, -1280.8377685546875, -1280.8626708984375, -1280.8905029296875, -1280.8392333984375, -1280.8226318359375, -1280.8455810546875, -1280.8472900390625, -1280.9017333984375, -1280.8836669921875, -1280.8231201171875, -1280.8326416015625, -1280.9058837890625, -1280.9093017578125, -1280.8802490234375, -1280.8602294921875, -1280.8514404296875, -1280.8511962890625, -1280.8367919921875, -1280.8680419921875, -1280.8348388671875, -1280.9129638671875, -1280.8983154296875, -1280.9112548828125, -1280.8529052734375, -1280.8287353515625, -1280.8397216796875, -1280.8616943359375, -1280.7772216796875, -1280.9134521484375, -1280.8934326171875, -1280.8812255859375, -1280.8280029296875, -1280.8087158203125, -1280.8621826171875, -1280.8570556640625, -1280.8411865234375, -1280.9437255859375, -1280.8074951171875, -1280.8387451171875, -1280.8211669921875, -1280.8653564453125, -1280.9036865234375, -1280.8370361328125, -1280.8736572265625, -1280.8477783203125, -1280.7818603515625, -1280.8809814453125, -1280.9012451171875, -1280.8792724609375, -1280.8277587890625, -1280.7994384765625, -1280.8489990234375, -1280.8072509765625, -1280.8236083984375, -1280.8621826171875, -1280.8128662109375, -1280.8594970703125, -1280.9005126953125, -1280.8668212890625, -1280.8436279296875, -1280.8465576171875, -1280.8255615234375, -1280.8392333984375, -1280.8460693359375, -1280.7994384765625, -1280.8724365234375, -1280.8275146484375, -1280.8392333984375, -1280.8773193359375, -1280.8397216796875, -1280.8138427734375, -1280.8839111328125, -1280.8475341796875]}
Warning: Cholesky failed, using eigendecomposition fallback
{'mse': 0.010116912424564362, 'rmse': 0.10058286041021347, 'test_ll': -248170.953125, 'total_test_ll': -6204273664.0}
/cluster/tufts/hugheslab/swilli26/stat-patt-final/gp_vs_sngp/results/hyperparam_search/GP/Sin_1500_6001/logs
/cluster/tufts/hugheslab/swilli26/stat-patt-final/gp_vs_sngp/results/hyperparam_search/logs/GP_VS_SNGP_25028890.out
/cluster/tufts/hugheslab/swilli26/stat-patt-final/gp_vs_sngp/results/hyperparam_search/logs/GP_VS_SNGP_25028890.err
