Starting imports...
Parsing arguments...
Arguments parsed! Running GP on CrazySin with N=20000
EXPERIMENT SUMMARY
===================
  - Model Training for SNGP and GP on Regression Tasks
  - modelName: GP
  - dataset: CrazySin
  - num_examples: 20000
  - seed: 1001
  - rank (for SNGP): 0
  - lengthscale: 0.276328
  - outputscale: 2.735109
  - noise: 0.099198
===================
Checking CUDA availability...
Using CPU
Making Datasets...
Making Model...
Training Gaussian Process...
Fitting to data...
Model saved to /cluster/tufts/hugheslab/swilli26/stat-patt-final/gp_vs_sngp/results/primary_gp/GP/CrazySin_20000_1001/model.pt
Warning: Cholesky failed, using eigendecomposition fallback
TEST LOG LIKELIHOOD SCORE:  0.22811383088067813
TEST MSE:  0.010101811029016972
TEST RMSE:  0.10050776600837708
/cluster/tufts/hugheslab/swilli26/stat-patt-final/gp_vs_sngp/results/primary_gp/GP/CrazySin_20000_1001/logs
/cluster/tufts/hugheslab/swilli26/stat-patt-final/gp_vs_sngp/results/primary_gp/logs/GP_VS_SNGP_25079376.out
/cluster/tufts/hugheslab/swilli26/stat-patt-final/gp_vs_sngp/results/primary_gp/logs/GP_VS_SNGP_25079376.err
