Starting imports...
Importing argparse...
Importing torch...
Importing os...
Importing sngp.train and sngp.model...
Importing gaussian_process...
Importing dataset...
Importing json...
ALL IMPORTS COMPLETE!
Parsing arguments...
Arguments parsed! Running GP on Friedman with N=1500
Checking CUDA availability...
Using CPU
Making Datasets...
Making Model...
Training Gaussian Process...
Iter   0 | Loss: 2722.865 | lengthscale: 1.010 | outputscale: 1.010 | noise: 0.202
Iter  10 | Loss: 2628.319 | lengthscale: 1.116 | outputscale: 1.113 | noise: 0.223
Iter  20 | Loss: 2580.867 | lengthscale: 1.231 | outputscale: 1.210 | noise: 0.242
Iter  30 | Loss: 2562.160 | lengthscale: 1.360 | outputscale: 1.285 | noise: 0.256
Iter  40 | Loss: 2553.498 | lengthscale: 1.512 | outputscale: 1.327 | noise: 0.262
Iter  50 | Loss: 2543.414 | lengthscale: 1.699 | outputscale: 1.338 | noise: 0.261
Iter  60 | Loss: 2526.730 | lengthscale: 1.938 | outputscale: 1.329 | noise: 0.255
Iter  70 | Loss: 2499.633 | lengthscale: 2.249 | outputscale: 1.311 | noise: 0.246
Iter  80 | Loss: 2456.449 | lengthscale: 2.653 | outputscale: 1.289 | noise: 0.234
Iter  90 | Loss: 2388.901 | lengthscale: 3.175 | outputscale: 1.263 | noise: 0.219
Iter 100 | Loss: 2287.026 | lengthscale: 3.842 | outputscale: 1.228 | noise: 0.201
Iter 110 | Loss: 2143.109 | lengthscale: 4.684 | outputscale: 1.181 | noise: 0.183
Iter 120 | Loss: 1959.023 | lengthscale: 5.728 | outputscale: 1.120 | noise: 0.169
Iter 130 | Loss: 1752.421 | lengthscale: 6.985 | outputscale: 1.052 | noise: 0.171
Iter 140 | Loss: 1544.012 | lengthscale: 8.437 | outputscale: 0.986 | noise: 0.198
Iter 150 | Loss: 1354.612 | lengthscale: 10.052 | outputscale: 0.927 | noise: 0.241
Iter 160 | Loss: 1201.057 | lengthscale: 11.798 | outputscale: 0.877 | noise: 0.268
Iter 170 | Loss: 1077.327 | lengthscale: 13.630 | outputscale: 0.837 | noise: 0.273
Iter 180 | Loss:  977.379 | lengthscale: 15.514 | outputscale: 0.806 | noise: 0.284
Iter 190 | Loss:  896.016 | lengthscale: 17.444 | outputscale: 0.782 | noise: 0.287
Iter 200 | Loss:  830.265 | lengthscale: 19.397 | outputscale: 0.764 | noise: 0.290
Iter 210 | Loss:  777.496 | lengthscale: 21.348 | outputscale: 0.751 | noise: 0.292
Iter 220 | Loss:  734.898 | lengthscale: 23.281 | outputscale: 0.741 | noise: 0.293
Iter 230 | Loss:  700.328 | lengthscale: 25.186 | outputscale: 0.734 | noise: 0.294
Iter 240 | Loss:  672.382 | lengthscale: 27.049 | outputscale: 0.730 | noise: 0.295
Iter 250 | Loss:  649.780 | lengthscale: 28.856 | outputscale: 0.727 | noise: 0.296
Iter 260 | Loss:  631.201 | lengthscale: 30.609 | outputscale: 0.725 | noise: 0.297
Iter 270 | Loss:  615.484 | lengthscale: 32.319 | outputscale: 0.724 | noise: 0.298
Iter 280 | Loss:  601.765 | lengthscale: 34.006 | outputscale: 0.723 | noise: 0.299
Iter 290 | Loss:  589.462 | lengthscale: 35.689 | outputscale: 0.722 | noise: 0.300
Iter 300 | Loss:  578.215 | lengthscale: 37.383 | outputscale: 0.721 | noise: 0.301
Iter 310 | Loss:  567.815 | lengthscale: 39.097 | outputscale: 0.720 | noise: 0.301
Iter 320 | Loss:  558.156 | lengthscale: 40.835 | outputscale: 0.720 | noise: 0.302
Iter 330 | Loss:  549.197 | lengthscale: 42.597 | outputscale: 0.719 | noise: 0.302
Iter 340 | Loss:  540.933 | lengthscale: 44.375 | outputscale: 0.719 | noise: 0.302
Iter 350 | Loss:  533.362 | lengthscale: 46.162 | outputscale: 0.719 | noise: 0.303
Iter 360 | Loss:  526.460 | lengthscale: 47.951 | outputscale: 0.719 | noise: 0.303
Iter 370 | Loss:  520.164 | lengthscale: 49.736 | outputscale: 0.720 | noise: 0.303
Iter 380 | Loss:  514.385 | lengthscale: 51.519 | outputscale: 0.721 | noise: 0.303
Iter 390 | Loss:  509.024 | lengthscale: 53.306 | outputscale: 0.722 | noise: 0.304
Iter 400 | Loss:  503.996 | lengthscale: 55.104 | outputscale: 0.723 | noise: 0.304
Iter 410 | Loss:  499.245 | lengthscale: 56.919 | outputscale: 0.724 | noise: 0.304
Iter 420 | Loss:  494.738 | lengthscale: 58.755 | outputscale: 0.726 | noise: 0.304
Iter 430 | Loss:  490.463 | lengthscale: 60.613 | outputscale: 0.727 | noise: 0.304
Iter 440 | Loss:  486.416 | lengthscale: 62.489 | outputscale: 0.729 | noise: 0.304
Iter 450 | Loss:  482.590 | lengthscale: 64.381 | outputscale: 0.730 | noise: 0.304
Iter 460 | Loss:  478.970 | lengthscale: 66.288 | outputscale: 0.732 | noise: 0.304
Iter 470 | Loss:  475.537 | lengthscale: 68.210 | outputscale: 0.734 | noise: 0.305
Iter 480 | Loss:  472.271 | lengthscale: 70.149 | outputscale: 0.736 | noise: 0.305
Iter 490 | Loss:  469.151 | lengthscale: 72.107 | outputscale: 0.738 | noise: 0.305
Iter 500 | Loss:  466.167 | lengthscale: 74.087 | outputscale: 0.740 | noise: 0.305
Iter 510 | Loss:  463.311 | lengthscale: 76.087 | outputscale: 0.742 | noise: 0.305
Iter 520 | Loss:  460.583 | lengthscale: 78.107 | outputscale: 0.745 | noise: 0.305
Iter 530 | Loss:  457.984 | lengthscale: 80.142 | outputscale: 0.747 | noise: 0.305
Iter 540 | Loss:  455.516 | lengthscale: 82.189 | outputscale: 0.749 | noise: 0.305
Iter 550 | Loss:  453.178 | lengthscale: 84.243 | outputscale: 0.751 | noise: 0.305
Iter 560 | Loss:  450.968 | lengthscale: 86.302 | outputscale: 0.754 | noise: 0.305
Iter 570 | Loss:  448.879 | lengthscale: 88.363 | outputscale: 0.756 | noise: 0.305
Iter 580 | Loss:  446.906 | lengthscale: 90.424 | outputscale: 0.759 | noise: 0.305
Iter 590 | Loss:  445.042 | lengthscale: 92.484 | outputscale: 0.761 | noise: 0.305
Iter 600 | Loss:  443.280 | lengthscale: 94.542 | outputscale: 0.764 | noise: 0.305
Iter 610 | Loss:  441.616 | lengthscale: 96.596 | outputscale: 0.766 | noise: 0.305
Iter 620 | Loss:  440.049 | lengthscale: 98.644 | outputscale: 0.769 | noise: 0.305
Iter 630 | Loss:  438.575 | lengthscale: 100.682 | outputscale: 0.771 | noise: 0.305
Iter 640 | Loss:  437.191 | lengthscale: 102.707 | outputscale: 0.774 | noise: 0.305
Iter 650 | Loss:  435.894 | lengthscale: 104.716 | outputscale: 0.777 | noise: 0.306
Iter 660 | Loss:  434.679 | lengthscale: 106.707 | outputscale: 0.780 | noise: 0.306
Iter 670 | Loss:  433.537 | lengthscale: 108.681 | outputscale: 0.782 | noise: 0.306
Iter 680 | Loss:  432.461 | lengthscale: 110.640 | outputscale: 0.785 | noise: 0.306
Iter 690 | Loss:  431.441 | lengthscale: 112.589 | outputscale: 0.788 | noise: 0.306
Iter 700 | Loss:  430.467 | lengthscale: 114.532 | outputscale: 0.791 | noise: 0.306
Iter 710 | Loss:  429.527 | lengthscale: 116.479 | outputscale: 0.794 | noise: 0.306
Iter 720 | Loss:  428.615 | lengthscale: 118.437 | outputscale: 0.796 | noise: 0.306
Iter 730 | Loss:  427.722 | lengthscale: 120.413 | outputscale: 0.799 | noise: 0.306
Iter 740 | Loss:  426.842 | lengthscale: 122.415 | outputscale: 0.802 | noise: 0.306
Iter 750 | Loss:  425.969 | lengthscale: 124.450 | outputscale: 0.804 | noise: 0.306
Iter 760 | Loss:  425.101 | lengthscale: 126.523 | outputscale: 0.807 | noise: 0.306
Iter 770 | Loss:  424.235 | lengthscale: 128.637 | outputscale: 0.809 | noise: 0.306
Iter 780 | Loss:  423.370 | lengthscale: 130.796 | outputscale: 0.811 | noise: 0.306
Iter 790 | Loss:  422.504 | lengthscale: 133.001 | outputscale: 0.814 | noise: 0.306
Iter 800 | Loss:  421.641 | lengthscale: 135.252 | outputscale: 0.816 | noise: 0.306
Iter 810 | Loss:  420.781 | lengthscale: 137.549 | outputscale: 0.818 | noise: 0.306
Iter 820 | Loss:  419.924 | lengthscale: 139.892 | outputscale: 0.820 | noise: 0.306
Iter 830 | Loss:  419.072 | lengthscale: 142.278 | outputscale: 0.822 | noise: 0.306
Iter 840 | Loss:  418.227 | lengthscale: 144.707 | outputscale: 0.824 | noise: 0.307
Iter 850 | Loss:  417.393 | lengthscale: 147.175 | outputscale: 0.826 | noise: 0.307
Iter 860 | Loss:  416.571 | lengthscale: 149.679 | outputscale: 0.828 | noise: 0.307
Iter 870 | Loss:  415.763 | lengthscale: 152.214 | outputscale: 0.830 | noise: 0.307
Iter 880 | Loss:  414.975 | lengthscale: 154.775 | outputscale: 0.832 | noise: 0.307
Iter 890 | Loss:  414.206 | lengthscale: 157.357 | outputscale: 0.834 | noise: 0.307
Iter 900 | Loss:  413.462 | lengthscale: 159.954 | outputscale: 0.835 | noise: 0.307
Iter 910 | Loss:  412.741 | lengthscale: 162.562 | outputscale: 0.837 | noise: 0.307
Iter 920 | Loss:  412.046 | lengthscale: 165.176 | outputscale: 0.839 | noise: 0.307
Iter 930 | Loss:  411.376 | lengthscale: 167.794 | outputscale: 0.841 | noise: 0.307
Iter 940 | Loss:  410.729 | lengthscale: 170.415 | outputscale: 0.844 | noise: 0.307
Iter 950 | Loss:  410.105 | lengthscale: 173.040 | outputscale: 0.846 | noise: 0.307
Iter 960 | Loss:  409.502 | lengthscale: 175.669 | outputscale: 0.848 | noise: 0.307
Iter 970 | Loss:  408.918 | lengthscale: 178.307 | outputscale: 0.850 | noise: 0.307
Iter 980 | Loss:  408.350 | lengthscale: 180.954 | outputscale: 0.852 | noise: 0.307
Iter 990 | Loss:  407.796 | lengthscale: 183.615 | outputscale: 0.854 | noise: 0.307
Iter 1000 | Loss:  407.255 | lengthscale: 186.291 | outputscale: 0.856 | noise: 0.307
Iter 1010 | Loss:  406.726 | lengthscale: 188.985 | outputscale: 0.858 | noise: 0.307
Iter 1020 | Loss:  406.209 | lengthscale: 191.697 | outputscale: 0.860 | noise: 0.307
Iter 1030 | Loss:  405.704 | lengthscale: 194.427 | outputscale: 0.863 | noise: 0.307
Iter 1040 | Loss:  405.214 | lengthscale: 197.171 | outputscale: 0.865 | noise: 0.307
Iter 1050 | Loss:  404.734 | lengthscale: 199.928 | outputscale: 0.867 | noise: 0.307
Iter 1060 | Loss:  404.270 | lengthscale: 202.694 | outputscale: 0.869 | noise: 0.307
Iter 1070 | Loss:  403.819 | lengthscale: 205.463 | outputscale: 0.871 | noise: 0.307
Iter 1080 | Loss:  403.382 | lengthscale: 208.233 | outputscale: 0.874 | noise: 0.307
Iter 1090 | Loss:  402.964 | lengthscale: 210.997 | outputscale: 0.876 | noise: 0.307
Iter 1100 | Loss:  402.564 | lengthscale: 213.753 | outputscale: 0.878 | noise: 0.307
Iter 1110 | Loss:  402.174 | lengthscale: 216.500 | outputscale: 0.881 | noise: 0.307
Iter 1120 | Loss:  401.803 | lengthscale: 219.234 | outputscale: 0.883 | noise: 0.307
Iter 1130 | Loss:  401.444 | lengthscale: 221.958 | outputscale: 0.886 | noise: 0.307
Iter 1140 | Loss:  401.100 | lengthscale: 224.671 | outputscale: 0.888 | noise: 0.307
Iter 1150 | Loss:  400.768 | lengthscale: 227.376 | outputscale: 0.891 | noise: 0.307
Iter 1160 | Loss:  400.444 | lengthscale: 230.077 | outputscale: 0.894 | noise: 0.307
Iter 1170 | Loss:  400.132 | lengthscale: 232.776 | outputscale: 0.896 | noise: 0.307
Iter 1180 | Loss:  399.827 | lengthscale: 235.479 | outputscale: 0.899 | noise: 0.307
Iter 1190 | Loss:  399.529 | lengthscale: 238.190 | outputscale: 0.902 | noise: 0.307
Iter 1200 | Loss:  399.237 | lengthscale: 240.912 | outputscale: 0.905 | noise: 0.307
Iter 1210 | Loss:  398.950 | lengthscale: 243.650 | outputscale: 0.907 | noise: 0.307
Iter 1220 | Loss:  398.666 | lengthscale: 246.408 | outputscale: 0.910 | noise: 0.307
Iter 1230 | Loss:  398.387 | lengthscale: 249.189 | outputscale: 0.913 | noise: 0.307
Iter 1240 | Loss:  398.109 | lengthscale: 251.998 | outputscale: 0.916 | noise: 0.307
Iter 1250 | Loss:  397.833 | lengthscale: 254.835 | outputscale: 0.918 | noise: 0.307
Iter 1260 | Loss:  397.559 | lengthscale: 257.703 | outputscale: 0.921 | noise: 0.307
Iter 1270 | Loss:  397.288 | lengthscale: 260.604 | outputscale: 0.924 | noise: 0.307
Iter 1280 | Loss:  397.019 | lengthscale: 263.538 | outputscale: 0.927 | noise: 0.307
Iter 1290 | Loss:  396.749 | lengthscale: 266.506 | outputscale: 0.930 | noise: 0.307
Iter 1300 | Loss:  396.484 | lengthscale: 269.505 | outputscale: 0.932 | noise: 0.307
Iter 1310 | Loss:  396.220 | lengthscale: 272.535 | outputscale: 0.935 | noise: 0.307
Iter 1320 | Loss:  395.959 | lengthscale: 275.595 | outputscale: 0.938 | noise: 0.307
Iter 1330 | Loss:  395.702 | lengthscale: 278.682 | outputscale: 0.941 | noise: 0.307
Iter 1340 | Loss:  395.447 | lengthscale: 281.794 | outputscale: 0.944 | noise: 0.307
Iter 1350 | Loss:  395.197 | lengthscale: 284.928 | outputscale: 0.947 | noise: 0.307
Iter 1360 | Loss:  394.947 | lengthscale: 288.079 | outputscale: 0.950 | noise: 0.307
Iter 1370 | Loss:  394.708 | lengthscale: 291.245 | outputscale: 0.953 | noise: 0.307
Iter 1380 | Loss:  394.470 | lengthscale: 294.422 | outputscale: 0.956 | noise: 0.307
Iter 1390 | Loss:  394.240 | lengthscale: 297.607 | outputscale: 0.960 | noise: 0.307
Iter 1400 | Loss:  394.010 | lengthscale: 300.796 | outputscale: 0.963 | noise: 0.307
Iter 1410 | Loss:  393.789 | lengthscale: 303.986 | outputscale: 0.966 | noise: 0.307
Iter 1420 | Loss:  393.573 | lengthscale: 307.174 | outputscale: 0.970 | noise: 0.307
Iter 1430 | Loss:  393.364 | lengthscale: 310.357 | outputscale: 0.973 | noise: 0.307
Iter 1440 | Loss:  393.161 | lengthscale: 313.535 | outputscale: 0.977 | noise: 0.307
Iter 1450 | Loss:  392.965 | lengthscale: 316.703 | outputscale: 0.981 | noise: 0.307
Iter 1460 | Loss:  392.772 | lengthscale: 319.862 | outputscale: 0.985 | noise: 0.307
Iter 1470 | Loss:  392.587 | lengthscale: 323.010 | outputscale: 0.989 | noise: 0.307
Iter 1480 | Loss:  392.406 | lengthscale: 326.146 | outputscale: 0.993 | noise: 0.307
Iter 1490 | Loss:  392.230 | lengthscale: 329.269 | outputscale: 0.997 | noise: 0.307
Iter 1500 | Loss:  392.057 | lengthscale: 332.380 | outputscale: 1.002 | noise: 0.307
Iter 1510 | Loss:  391.890 | lengthscale: 335.477 | outputscale: 1.006 | noise: 0.307
Iter 1520 | Loss:  391.729 | lengthscale: 338.562 | outputscale: 1.010 | noise: 0.307
Iter 1530 | Loss:  391.573 | lengthscale: 341.635 | outputscale: 1.015 | noise: 0.307
Iter 1540 | Loss:  391.420 | lengthscale: 344.695 | outputscale: 1.020 | noise: 0.307
Iter 1550 | Loss:  391.271 | lengthscale: 347.744 | outputscale: 1.025 | noise: 0.307
Iter 1560 | Loss:  391.124 | lengthscale: 350.782 | outputscale: 1.030 | noise: 0.307
Iter 1570 | Loss:  390.983 | lengthscale: 353.808 | outputscale: 1.035 | noise: 0.307
Iter 1580 | Loss:  390.846 | lengthscale: 356.824 | outputscale: 1.040 | noise: 0.307
Iter 1590 | Loss:  390.712 | lengthscale: 359.830 | outputscale: 1.045 | noise: 0.307
Iter 1600 | Loss:  390.574 | lengthscale: 362.826 | outputscale: 1.051 | noise: 0.307
Iter 1610 | Loss:  390.448 | lengthscale: 365.814 | outputscale: 1.056 | noise: 0.307
Iter 1620 | Loss:  390.323 | lengthscale: 368.793 | outputscale: 1.062 | noise: 0.307
Iter 1630 | Loss:  390.205 | lengthscale: 371.763 | outputscale: 1.067 | noise: 0.307
Iter 1640 | Loss:  390.080 | lengthscale: 374.726 | outputscale: 1.073 | noise: 0.307
Iter 1650 | Loss:  389.960 | lengthscale: 377.681 | outputscale: 1.079 | noise: 0.307
Iter 1660 | Loss:  389.843 | lengthscale: 380.628 | outputscale: 1.085 | noise: 0.307
Iter 1670 | Loss:  389.733 | lengthscale: 383.568 | outputscale: 1.091 | noise: 0.307
Iter 1680 | Loss:  389.621 | lengthscale: 386.500 | outputscale: 1.097 | noise: 0.307
Iter 1690 | Loss:  389.510 | lengthscale: 389.425 | outputscale: 1.103 | noise: 0.307
Iter 1700 | Loss:  389.402 | lengthscale: 392.342 | outputscale: 1.109 | noise: 0.307
Iter 1710 | Loss:  389.298 | lengthscale: 395.252 | outputscale: 1.116 | noise: 0.307
Iter 1720 | Loss:  389.198 | lengthscale: 398.154 | outputscale: 1.122 | noise: 0.307
Iter 1730 | Loss:  389.095 | lengthscale: 401.048 | outputscale: 1.129 | noise: 0.307
Iter 1740 | Loss:  388.997 | lengthscale: 403.934 | outputscale: 1.135 | noise: 0.307
Iter 1750 | Loss:  388.902 | lengthscale: 406.811 | outputscale: 1.142 | noise: 0.307
Iter 1760 | Loss:  388.806 | lengthscale: 409.679 | outputscale: 1.149 | noise: 0.307
Iter 1770 | Loss:  388.716 | lengthscale: 412.538 | outputscale: 1.156 | noise: 0.307
Iter 1780 | Loss:  388.625 | lengthscale: 415.388 | outputscale: 1.163 | noise: 0.307
Iter 1790 | Loss:  388.532 | lengthscale: 418.228 | outputscale: 1.170 | noise: 0.307
Iter 1800 | Loss:  388.449 | lengthscale: 421.058 | outputscale: 1.177 | noise: 0.307
Iter 1810 | Loss:  388.357 | lengthscale: 423.876 | outputscale: 1.185 | noise: 0.307
Iter 1820 | Loss:  388.278 | lengthscale: 426.683 | outputscale: 1.192 | noise: 0.307
Iter 1830 | Loss:  388.187 | lengthscale: 429.477 | outputscale: 1.199 | noise: 0.307
Iter 1840 | Loss:  388.107 | lengthscale: 432.260 | outputscale: 1.207 | noise: 0.307
Iter 1850 | Loss:  388.031 | lengthscale: 435.029 | outputscale: 1.215 | noise: 0.307
Iter 1860 | Loss:  387.949 | lengthscale: 437.785 | outputscale: 1.222 | noise: 0.307
Iter 1870 | Loss:  387.869 | lengthscale: 440.527 | outputscale: 1.230 | noise: 0.307
Iter 1880 | Loss:  387.799 | lengthscale: 443.254 | outputscale: 1.238 | noise: 0.307
Iter 1890 | Loss:  387.724 | lengthscale: 445.967 | outputscale: 1.246 | noise: 0.307
Iter 1900 | Loss:  387.651 | lengthscale: 448.665 | outputscale: 1.254 | noise: 0.307
Iter 1910 | Loss:  387.582 | lengthscale: 451.348 | outputscale: 1.262 | noise: 0.307
Iter 1920 | Loss:  387.516 | lengthscale: 454.014 | outputscale: 1.271 | noise: 0.307
Iter 1930 | Loss:  387.447 | lengthscale: 456.664 | outputscale: 1.279 | noise: 0.307
Iter 1940 | Loss:  387.381 | lengthscale: 459.297 | outputscale: 1.288 | noise: 0.307
Iter 1950 | Loss:  387.311 | lengthscale: 461.914 | outputscale: 1.296 | noise: 0.307
Iter 1960 | Loss:  387.247 | lengthscale: 464.514 | outputscale: 1.305 | noise: 0.307
Iter 1970 | Loss:  387.186 | lengthscale: 467.097 | outputscale: 1.314 | noise: 0.307
Iter 1980 | Loss:  387.123 | lengthscale: 469.663 | outputscale: 1.323 | noise: 0.307
Iter 1990 | Loss:  387.057 | lengthscale: 472.212 | outputscale: 1.332 | noise: 0.307
Iter 2000 | Loss:  387.007 | lengthscale: 474.745 | outputscale: 1.341 | noise: 0.307
Iter 2010 | Loss:  386.947 | lengthscale: 477.260 | outputscale: 1.350 | noise: 0.307
Iter 2020 | Loss:  386.890 | lengthscale: 479.759 | outputscale: 1.360 | noise: 0.307
Iter 2030 | Loss:  386.826 | lengthscale: 482.243 | outputscale: 1.369 | noise: 0.307
Iter 2040 | Loss:  386.774 | lengthscale: 484.709 | outputscale: 1.379 | noise: 0.307
Iter 2050 | Loss:  386.717 | lengthscale: 487.159 | outputscale: 1.389 | noise: 0.307
Iter 2060 | Loss:  386.665 | lengthscale: 489.594 | outputscale: 1.398 | noise: 0.307
Iter 2070 | Loss:  386.605 | lengthscale: 492.014 | outputscale: 1.408 | noise: 0.307
Iter 2080 | Loss:  386.553 | lengthscale: 494.418 | outputscale: 1.418 | noise: 0.307
Iter 2090 | Loss:  386.506 | lengthscale: 496.807 | outputscale: 1.429 | noise: 0.307
Iter 2100 | Loss:  386.451 | lengthscale: 499.183 | outputscale: 1.439 | noise: 0.307
Iter 2110 | Loss:  386.407 | lengthscale: 501.544 | outputscale: 1.449 | noise: 0.307
Iter 2120 | Loss:  386.352 | lengthscale: 503.892 | outputscale: 1.460 | noise: 0.307
Iter 2130 | Loss:  386.302 | lengthscale: 506.227 | outputscale: 1.471 | noise: 0.307
Iter 2140 | Loss:  386.251 | lengthscale: 508.549 | outputscale: 1.482 | noise: 0.307
Iter 2150 | Loss:  386.203 | lengthscale: 510.859 | outputscale: 1.493 | noise: 0.307
Iter 2160 | Loss:  386.159 | lengthscale: 513.158 | outputscale: 1.504 | noise: 0.307
Iter 2170 | Loss:  386.102 | lengthscale: 515.448 | outputscale: 1.515 | noise: 0.307
Iter 2180 | Loss:  386.069 | lengthscale: 517.727 | outputscale: 1.526 | noise: 0.307
Iter 2190 | Loss:  386.014 | lengthscale: 519.997 | outputscale: 1.538 | noise: 0.307
Iter 2200 | Loss:  385.964 | lengthscale: 522.258 | outputscale: 1.550 | noise: 0.307
Iter 2210 | Loss:  385.923 | lengthscale: 524.510 | outputscale: 1.561 | noise: 0.307
Iter 2220 | Loss:  385.876 | lengthscale: 526.753 | outputscale: 1.573 | noise: 0.307
Iter 2230 | Loss:  385.828 | lengthscale: 528.989 | outputscale: 1.586 | noise: 0.307
Iter 2240 | Loss:  385.787 | lengthscale: 531.218 | outputscale: 1.598 | noise: 0.307
Iter 2250 | Loss:  385.741 | lengthscale: 533.442 | outputscale: 1.610 | noise: 0.307
Iter 2260 | Loss:  385.693 | lengthscale: 535.659 | outputscale: 1.623 | noise: 0.307
Iter 2270 | Loss:  385.658 | lengthscale: 537.872 | outputscale: 1.636 | noise: 0.307
Iter 2280 | Loss:  385.611 | lengthscale: 540.081 | outputscale: 1.649 | noise: 0.307
Iter 2290 | Loss:  385.562 | lengthscale: 542.286 | outputscale: 1.662 | noise: 0.307
Iter 2300 | Loss:  385.516 | lengthscale: 544.486 | outputscale: 1.676 | noise: 0.307
Iter 2310 | Loss:  385.474 | lengthscale: 546.682 | outputscale: 1.690 | noise: 0.307
Iter 2320 | Loss:  385.431 | lengthscale: 548.875 | outputscale: 1.704 | noise: 0.307
Iter 2330 | Loss:  385.387 | lengthscale: 551.066 | outputscale: 1.718 | noise: 0.307
Iter 2340 | Loss:  385.349 | lengthscale: 553.254 | outputscale: 1.732 | noise: 0.307
Iter 2350 | Loss:  385.307 | lengthscale: 555.441 | outputscale: 1.747 | noise: 0.307
Iter 2360 | Loss:  385.252 | lengthscale: 557.627 | outputscale: 1.761 | noise: 0.307
Iter 2370 | Loss:  385.217 | lengthscale: 559.815 | outputscale: 1.777 | noise: 0.307
Iter 2380 | Loss:  385.168 | lengthscale: 562.002 | outputscale: 1.792 | noise: 0.307
Iter 2390 | Loss:  385.116 | lengthscale: 564.190 | outputscale: 1.808 | noise: 0.307
Iter 2400 | Loss:  385.078 | lengthscale: 566.377 | outputscale: 1.824 | noise: 0.307
Iter 2410 | Loss:  385.034 | lengthscale: 568.564 | outputscale: 1.840 | noise: 0.307
Iter 2420 | Loss:  384.978 | lengthscale: 570.752 | outputscale: 1.857 | noise: 0.307
Iter 2430 | Loss:  384.939 | lengthscale: 572.942 | outputscale: 1.874 | noise: 0.307
Iter 2440 | Loss:  384.887 | lengthscale: 575.131 | outputscale: 1.891 | noise: 0.307
Iter 2450 | Loss:  384.855 | lengthscale: 577.319 | outputscale: 1.909 | noise: 0.307
Iter 2460 | Loss:  384.789 | lengthscale: 579.507 | outputscale: 1.927 | noise: 0.307
Iter 2470 | Loss:  384.744 | lengthscale: 581.697 | outputscale: 1.945 | noise: 0.307
Iter 2480 | Loss:  384.693 | lengthscale: 583.887 | outputscale: 1.964 | noise: 0.307
Iter 2490 | Loss:  384.654 | lengthscale: 586.076 | outputscale: 1.983 | noise: 0.307
Iter 2499 | Loss:  384.614 | lengthscale: 588.046 | outputscale: 2.001 | noise: 0.307
Learned Hyperparams:  {'lengthscale': 588.04638671875, 'outputscale': 2.0012941360473633, 'noise': 0.3065621852874756, 'marginal_likelihood_loss_history': [2722.865234375, 2710.953125, 2699.6025390625, 2688.810546875, 2678.57177734375, 2668.88037109375, 2659.72900390625, 2651.1083984375, 2643.008056640625, 2635.415771484375, 2628.31884765625, 2621.7021484375, 2615.55029296875, 2609.84619140625, 2604.572509765625, 2599.7099609375, 2595.23974609375, 2591.14111328125, 2587.3935546875, 2583.97607421875, 2580.8671875, 2578.0458984375, 2575.49072265625, 2573.179931640625, 2571.09326171875, 2569.20947265625, 2567.5087890625, 2565.97216796875, 2564.580322265625, 2563.31494140625, 2562.15966796875, 2561.09765625, 2560.11328125, 2559.192138671875, 2558.321044921875, 2557.487060546875, 2556.6787109375, 2555.884765625, 2555.09619140625, 2554.30322265625, 2553.498046875, 2552.673095703125, 2551.8212890625, 2550.936767578125, 2550.01416015625, 2549.04736328125, 2548.033203125, 2546.96630859375, 2545.84326171875, 2544.66015625, 2543.41357421875, 2542.1005859375, 2540.717041015625, 2539.26025390625, 2537.72705078125, 2536.1142578125, 2534.418212890625, 2532.63525390625, 2530.76220703125, 2528.79541015625, 2526.72998046875, 2524.5625, 2522.28857421875, 2519.90283203125, 2517.40087890625, 2514.77734375, 2512.0263671875, 2509.14306640625, 2506.12060546875, 2502.95263671875, 2499.63330078125, 2496.1552734375, 2492.51171875, 2488.69482421875, 2484.69677734375, 2480.51025390625, 2476.126708984375, 2471.53759765625, 2466.734375, 2461.7080078125, 2456.44921875, 2450.94873046875, 2445.1962890625, 2439.1826171875, 2432.89697265625, 2426.330078125, 2419.470703125, 2412.30859375, 2404.83349609375, 2397.0341796875, 2388.90087890625, 2380.423095703125, 2371.59033203125, 2362.392578125, 2352.81982421875, 2342.86328125, 2332.513671875, 2321.7626953125, 2310.6025390625, 2299.02587890625, 2287.0263671875, 2274.598876953125, 2261.738525390625, 2248.44189453125, 2234.706298828125, 2220.53076171875, 2205.91552734375, 2190.86181640625, 2175.373046875, 2159.453125, 2143.108642578125, 2126.34716796875, 2109.17919921875, 2091.615966796875, 2073.67138671875, 2055.361083984375, 2036.703125, 2017.7177734375, 1998.42626953125, 1978.8529052734375, 1959.02294921875, 1938.96337890625, 1918.701171875, 1898.264892578125, 1877.6815185546875, 1856.9775390625, 1836.177978515625, 1815.304443359375, 1794.3765869140625, 1773.410888671875, 1752.420654296875, 1731.41748046875, 1710.411865234375, 1689.4140625, 1668.435791015625, 1647.491943359375, 1626.59912109375, 1605.778564453125, 1585.0548095703125, 1564.4559326171875, 1544.01171875, 1523.75390625, 1503.7154541015625, 1483.927734375, 1464.42138671875, 1445.22412109375, 1426.3609619140625, 1407.8533935546875, 1389.718505859375, 1371.968994140625, 1354.6124267578125, 1337.6512451171875, 1321.08203125, 1304.896484375, 1289.0816650390625, 1273.62109375, 1258.4971923828125, 1243.69189453125, 1229.1904296875, 1214.98095703125, 1201.056640625, 1187.415283203125, 1174.05712890625, 1160.98486328125, 1148.20068359375, 1135.7047119140625, 1123.494384765625, 1111.562744140625, 1099.8994140625, 1088.4921875, 1077.3272705078125, 1066.391845703125, 1055.6756591796875, 1045.1717529296875, 1034.875732421875, 1024.785888671875, 1014.9015502929688, 1005.2218017578125, 995.744384765625, 986.4653930664062, 977.379150390625, 968.4793090820312, 959.7584838867188, 951.211181640625, 942.8323974609375, 934.619384765625, 926.5711669921875, 918.6871948242188, 910.96728515625, 903.410888671875, 896.015869140625, 888.779541015625, 881.6986694335938, 874.76904296875, 867.9872436523438, 861.350341796875, 854.8560791015625, 848.5022583007812, 842.2871704101562, 836.2088012695312, 830.2646484375, 824.45166015625, 818.7664794921875, 813.2053833007812, 807.764892578125, 802.4420776367188, 797.2337646484375, 792.1376953125, 787.1510009765625, 782.2713623046875, 777.4957275390625, 772.8214721679688, 768.245849609375, 763.7659301757812, 759.3794555664062, 755.0834350585938, 750.8762817382812, 746.7562255859375, 742.7208251953125, 738.7686767578125, 734.8978271484375, 731.1067504882812, 727.3936767578125, 723.757080078125, 720.1951293945312, 716.7070922851562, 713.2913818359375, 709.9465942382812, 706.6720581054688, 703.4664306640625, 700.327880859375, 697.2557373046875, 694.2486572265625, 691.30517578125, 688.4241943359375, 685.6044311523438, 682.844970703125, 680.1441650390625, 677.5010375976562, 674.9140625, 672.382080078125, 669.9033813476562, 667.4766845703125, 665.1008911132812, 662.774658203125, 660.4964599609375, 658.2652587890625, 656.0794677734375, 653.9375, 651.8379516601562, 649.7802124023438, 647.7623291015625, 645.783203125, 643.841796875, 641.9365234375, 640.0662841796875, 638.22998046875, 636.4263916015625, 634.654296875, 632.9127197265625, 631.2007446289062, 629.516845703125, 627.860595703125, 626.23046875, 624.6260375976562, 623.0458374023438, 621.4896240234375, 619.9560546875, 618.444580078125, 616.9542846679688, 615.4842529296875, 614.0341796875, 612.6029663085938, 611.1901245117188, 609.7952880859375, 608.417236328125, 607.055908203125, 605.7103881835938, 604.3804931640625, 603.0655517578125, 601.7650756835938, 600.4785766601562, 599.205322265625, 597.945556640625, 596.6985473632812, 595.463623046875, 594.2406005859375, 593.0294189453125, 591.8294677734375, 590.6404418945312, 589.46240234375, 588.2945556640625, 587.1370849609375, 585.9893798828125, 584.8511962890625, 583.72265625, 582.603271484375, 581.4931640625, 580.391845703125, 579.2990112304688, 578.2147216796875, 577.1392211914062, 576.0717163085938, 575.0123291015625, 573.9608154296875, 572.917236328125, 571.8816528320312, 570.8534545898438, 569.8330078125, 568.8199462890625, 567.8145141601562, 566.8165283203125, 565.825439453125, 564.8416137695312, 563.8651123046875, 562.8961181640625, 561.9338989257812, 560.97900390625, 560.0308837890625, 559.0897216796875, 558.155517578125, 557.2283935546875, 556.3085327148438, 555.395263671875, 554.4886474609375, 553.5897216796875, 552.697021484375, 551.8117065429688, 550.9332275390625, 550.0618286132812, 549.1972045898438, 548.3392333984375, 547.488525390625, 546.644775390625, 545.807861328125, 544.9781494140625, 544.1553955078125, 543.33935546875, 542.5302734375, 541.7281494140625, 540.9332885742188, 540.1450805664062, 539.3639526367188, 538.589599609375, 537.8223266601562, 537.0617065429688, 536.308349609375, 535.5615234375, 534.82177734375, 534.0889892578125, 533.3624267578125, 532.6427001953125, 531.9296264648438, 531.2237548828125, 530.52392578125, 529.8306884765625, 529.143798828125, 528.46337890625, 527.7896728515625, 527.1217041015625, 526.4599609375, 525.8042602539062, 525.15478515625, 524.511474609375, 523.873779296875, 523.241943359375, 522.6152954101562, 521.994140625, 521.3793334960938, 520.769287109375, 520.1644287109375, 519.56494140625, 518.970458984375, 518.3810424804688, 517.7965087890625, 517.2164306640625, 516.6416015625, 516.07080078125, 515.5045776367188, 514.9427490234375, 514.3851318359375, 513.8316650390625, 513.2823486328125, 512.737060546875, 512.1958618164062, 511.65814208984375, 511.1240234375, 510.5936279296875, 510.06707763671875, 509.543701171875, 509.02362060546875, 508.50732421875, 507.99420166015625, 507.4840087890625, 506.97705078125, 506.472900390625, 505.9718017578125, 505.4736328125, 504.9786376953125, 504.486328125, 503.9964599609375, 503.509765625, 503.025390625, 502.544189453125, 502.06494140625, 501.5885009765625, 501.11474609375, 500.6436767578125, 500.1748046875, 499.708740234375, 499.24505615234375, 498.7835693359375, 498.324462890625, 497.86810302734375, 497.413818359375, 496.962158203125, 496.51226806640625, 496.0654296875, 495.6207275390625, 495.177978515625, 494.73773193359375, 494.2998046875, 493.8643798828125, 493.4310302734375, 493.00048828125, 492.57159423828125, 492.14532470703125, 491.7216796875, 491.2998046875, 490.8800048828125, 490.46337890625, 490.0482177734375, 489.6357421875, 489.225341796875, 488.81719970703125, 488.4114990234375, 488.00811767578125, 487.6068115234375, 487.2078857421875, 486.81085205078125, 486.41632080078125, 486.02386474609375, 485.6334228515625, 485.245849609375, 484.85986328125, 484.47625732421875, 484.0947265625, 483.715576171875, 483.337890625, 482.9627685546875, 482.58984375, 482.21875, 481.849609375, 481.4830322265625, 481.117919921875, 480.7554931640625, 480.39434814453125, 480.0355224609375, 479.678955078125, 479.3232421875, 478.97027587890625, 478.618896484375, 478.26904296875, 477.9219970703125, 477.5758056640625, 477.232177734375, 476.8896484375, 476.54888916015625, 476.2100830078125, 475.873046875, 475.53741455078125, 475.20391845703125, 474.8717041015625, 474.54119873046875, 474.21234130859375, 473.8848876953125, 473.5587158203125, 473.23419189453125, 472.911376953125, 472.5904541015625, 472.27069091796875, 471.9525146484375, 471.635498046875, 471.3201904296875, 471.00628662109375, 470.6934814453125, 470.38232421875, 470.072509765625, 469.76416015625, 469.45721435546875, 469.1513671875, 468.8468017578125, 468.5435791015625, 468.2418212890625, 467.9415283203125, 467.64276123046875, 467.344970703125, 467.0484619140625, 466.753173828125, 466.4595947265625, 466.1666259765625, 465.8753662109375, 465.585693359375, 465.2962646484375, 465.00885009765625, 464.72296142578125, 464.43798828125, 464.154052734375, 463.8717041015625, 463.59051513671875, 463.3106689453125, 463.03216552734375, 462.755126953125, 462.47894287109375, 462.20404052734375, 461.930908203125, 461.6585693359375, 461.3876953125, 461.118408203125, 460.8497314453125, 460.58282470703125, 460.317138671875, 460.0526123046875, 459.78955078125, 459.52764892578125, 459.267333984375, 459.00775146484375, 458.7498779296875, 458.4930419921875, 458.2379150390625, 457.98394775390625, 457.73138427734375, 457.479736328125, 457.22998046875, 456.98095703125, 456.73388671875, 456.487548828125, 456.2432861328125, 455.999267578125, 455.75732421875, 455.5157470703125, 455.27642822265625, 455.037841796875, 454.80126953125, 454.5650634765625, 454.330810546875, 454.09796142578125, 453.8662109375, 453.63525390625, 453.40655517578125, 453.1783447265625, 452.951416015625, 452.726318359375, 452.50189208984375, 452.279296875, 452.0576171875, 451.83740234375, 451.617919921875, 451.4002685546875, 451.1829833984375, 450.96820068359375, 450.75341796875, 450.54058837890625, 450.32891845703125, 450.1187744140625, 449.90899658203125, 449.70050048828125, 449.49365234375, 449.2880859375, 449.08331298828125, 448.87939453125, 448.6773681640625, 448.47601318359375, 448.2763671875, 448.07666015625, 447.87896728515625, 447.682373046875, 447.48681640625, 447.2923583984375, 447.0987548828125, 446.906494140625, 446.71514892578125, 446.52520751953125, 446.3358154296875, 446.14794921875, 445.9615478515625, 445.77532958984375, 445.59002685546875, 445.40643310546875, 445.2239990234375, 445.04229736328125, 444.861328125, 444.6815185546875, 444.5035400390625, 444.3251953125, 444.1485595703125, 443.97308349609375, 443.79766845703125, 443.62445068359375, 443.4517822265625, 443.27984619140625, 443.109375, 442.94024658203125, 442.7711181640625, 442.60394287109375, 442.43621826171875, 442.27020263671875, 442.1053466796875, 441.94122314453125, 441.77862548828125, 441.61602783203125, 441.4560546875, 441.2955322265625, 441.1373291015625, 440.97808837890625, 440.82049560546875, 440.664306640625, 440.50921630859375, 440.3548583984375, 440.2015380859375, 440.04931640625, 439.89776611328125, 439.74688720703125, 439.59716796875, 439.448486328125, 439.300048828125, 439.1536865234375, 439.0079345703125, 438.862060546875, 438.7178955078125, 438.57470703125, 438.43243408203125, 438.2908935546875, 438.1500244140625, 438.01025390625, 437.871337890625, 437.73370361328125, 437.595947265625, 437.46014404296875, 437.324951171875, 437.1907958984375, 437.05712890625, 436.9244384765625, 436.7933349609375, 436.6622314453125, 436.531982421875, 436.40185546875, 436.27447509765625, 436.1468505859375, 436.01995849609375, 435.8939208984375, 435.76873779296875, 435.64501953125, 435.52130126953125, 435.3983154296875, 435.276611328125, 435.1552734375, 435.034423828125, 434.91522216796875, 434.79669189453125, 434.67901611328125, 434.56219482421875, 434.4449462890625, 434.3292236328125, 434.21319580078125, 434.09906005859375, 433.9857177734375, 433.8724365234375, 433.7603759765625, 433.6485595703125, 433.5372314453125, 433.4267578125, 433.316650390625, 433.2081298828125, 433.1002197265625, 432.99224853515625, 432.88427734375, 432.77734375, 432.67218017578125, 432.566162109375, 432.46142578125, 432.35723876953125, 432.253173828125, 432.14990234375, 432.047607421875, 431.9447021484375, 431.8428955078125, 431.7421875, 431.6407470703125, 431.540771484375, 431.44091796875, 431.3416748046875, 431.2435302734375, 431.14453125, 431.04638671875, 430.948486328125, 430.85205078125, 430.754638671875, 430.658447265625, 430.56201171875, 430.46746826171875, 430.3707275390625, 430.2763671875, 430.18084716796875, 430.086181640625, 429.9925537109375, 429.89862060546875, 429.8056640625, 429.71240234375, 429.62030029296875, 429.5272216796875, 429.4344482421875, 429.3424072265625, 429.250244140625, 429.15997314453125, 429.068359375, 428.97760009765625, 428.8863525390625, 428.79583740234375, 428.70513916015625, 428.6151123046875, 428.5250244140625, 428.43511962890625, 428.3453369140625, 428.2559814453125, 428.1669921875, 428.0771484375, 427.98797607421875, 427.9000244140625, 427.81085205078125, 427.72216796875, 427.63372802734375, 427.54541015625, 427.4566650390625, 427.3690185546875, 427.28070068359375, 427.193115234375, 427.1048583984375, 427.0174560546875, 426.9287109375, 426.8421630859375, 426.75408935546875, 426.6668701171875, 426.57977294921875, 426.49212646484375, 426.4044189453125, 426.31781005859375, 426.231201171875, 426.1439208984375, 426.05584716796875, 425.9693603515625, 425.88262939453125, 425.7957763671875, 425.7091064453125, 425.6217041015625, 425.53515625, 425.4476318359375, 425.36114501953125, 425.2747802734375, 425.1868896484375, 425.10107421875, 425.014892578125, 424.92889404296875, 424.84197998046875, 424.75439453125, 424.66748046875, 424.5810546875, 424.493896484375, 424.40771484375, 424.321044921875, 424.2353515625, 424.1484375, 424.061279296875, 423.974609375, 423.8880615234375, 423.80267333984375, 423.716552734375, 423.628173828125, 423.5421142578125, 423.45574951171875, 423.36981201171875, 423.28302001953125, 423.196533203125, 423.1097412109375, 423.022705078125, 422.935791015625, 422.85040283203125, 422.76470947265625, 422.677978515625, 422.59051513671875, 422.504150390625, 422.41827392578125, 422.3310546875, 422.24609375, 422.1580810546875, 422.07293701171875, 421.986083984375, 421.90087890625, 421.8128662109375, 421.72808837890625, 421.640869140625, 421.555908203125, 421.46923828125, 421.383056640625, 421.2967529296875, 421.2109375, 421.1248779296875, 421.0384521484375, 420.9525146484375, 420.8663330078125, 420.7808837890625, 420.6949462890625, 420.60943603515625, 420.52313232421875, 420.43731689453125, 420.3525390625, 420.265625, 420.1807861328125, 420.093994140625, 420.00860595703125, 419.9239501953125, 419.838134765625, 419.75286865234375, 419.6680908203125, 419.581787109375, 419.497314453125, 419.41143798828125, 419.32659912109375, 419.2413330078125, 419.1552734375, 419.071533203125, 418.9864501953125, 418.90142822265625, 418.8179931640625, 418.7320556640625, 418.648681640625, 418.5655517578125, 418.480224609375, 418.3951416015625, 418.311279296875, 418.22686767578125, 418.14404296875, 418.060302734375, 417.97613525390625, 417.8919677734375, 417.807861328125, 417.72515869140625, 417.64208984375, 417.5589599609375, 417.476318359375, 417.392822265625, 417.3109130859375, 417.2269287109375, 417.144287109375, 417.06170654296875, 416.9813232421875, 416.89764404296875, 416.8154296875, 416.734130859375, 416.65283203125, 416.570556640625, 416.4892578125, 416.407958984375, 416.32666015625, 416.24505615234375, 416.1640625, 416.0849609375, 416.003662109375, 415.923583984375, 415.84234619140625, 415.76324462890625, 415.6829833984375, 415.60333251953125, 415.52459716796875, 415.4443359375, 415.3670654296875, 415.28759765625, 415.208740234375, 415.1312255859375, 415.052490234375, 414.97467041015625, 414.89642333984375, 414.818359375, 414.7398681640625, 414.6656494140625, 414.588623046875, 414.511474609375, 414.43365478515625, 414.3570556640625, 414.2813720703125, 414.20556640625, 414.1314697265625, 414.0552978515625, 413.980224609375, 413.90557861328125, 413.830810546875, 413.75726318359375, 413.682861328125, 413.6077880859375, 413.535888671875, 413.46240234375, 413.3878173828125, 413.3167724609375, 413.2430419921875, 413.1702880859375, 413.098388671875, 413.0262451171875, 412.95501708984375, 412.883056640625, 412.8115234375, 412.74102783203125, 412.67156982421875, 412.5994873046875, 412.52880859375, 412.45947265625, 412.3896484375, 412.3192138671875, 412.25201416015625, 412.183349609375, 412.11395263671875, 412.04638671875, 411.9764404296875, 411.909912109375, 411.84228515625, 411.77496337890625, 411.70648193359375, 411.63970947265625, 411.5738525390625, 411.50830078125, 411.44140625, 411.37579345703125, 411.31048583984375, 411.244384765625, 411.1781005859375, 411.115234375, 411.04949951171875, 410.98590087890625, 410.921142578125, 410.85662841796875, 410.7918701171875, 410.7293701171875, 410.666259765625, 410.60302734375, 410.54034423828125, 410.47674560546875, 410.4139404296875, 410.3514404296875, 410.2900390625, 410.228515625, 410.166748046875, 410.10504150390625, 410.044677734375, 409.9842529296875, 409.92376708984375, 409.8623046875, 409.80230712890625, 409.74163818359375, 409.6817626953125, 409.622314453125, 409.562255859375, 409.501708984375, 409.44390869140625, 409.3836669921875, 409.3251953125, 409.2664794921875, 409.20684814453125, 409.15032958984375, 409.091552734375, 409.0328369140625, 408.9766845703125, 408.91815185546875, 408.85870361328125, 408.80389404296875, 408.7462158203125, 408.68963623046875, 408.631591796875, 408.57403564453125, 408.5159912109375, 408.46148681640625, 408.4053955078125, 408.34979248046875, 408.29296875, 408.2373046875, 408.18255615234375, 408.1259765625, 408.06982421875, 408.0142822265625, 407.9593505859375, 407.9049072265625, 407.850341796875, 407.796142578125, 407.74090576171875, 407.6871337890625, 407.6324462890625, 407.5784912109375, 407.523193359375, 407.47021484375, 407.4161376953125, 407.362548828125, 407.30950927734375, 407.25537109375, 407.2012939453125, 407.147216796875, 407.094482421875, 407.0408935546875, 406.989990234375, 406.93682861328125, 406.88421630859375, 406.82958984375, 406.78009033203125, 406.7264404296875, 406.67437744140625, 406.62115478515625, 406.56951904296875, 406.518798828125, 406.4666748046875, 406.41455078125, 406.36328125, 406.3128662109375, 406.25994873046875, 406.2086181640625, 406.15869140625, 406.10595703125, 406.0584716796875, 406.0068359375, 405.9569091796875, 405.90679931640625, 405.85443115234375, 405.80572509765625, 405.7552490234375, 405.7042236328125, 405.656005859375, 405.6053466796875, 405.556396484375, 405.506591796875, 405.45855712890625, 405.4078369140625, 405.3594970703125, 405.3094482421875, 405.2608642578125, 405.21417236328125, 405.16424560546875, 405.11712646484375, 405.0694580078125, 405.01995849609375, 404.97216796875, 404.92425537109375, 404.876953125, 404.8289794921875, 404.78289794921875, 404.7335205078125, 404.6866455078125, 404.63983154296875, 404.59326171875, 404.5469970703125, 404.50079345703125, 404.4541015625, 404.40625, 404.361328125, 404.31494140625, 404.2696533203125, 404.2235107421875, 404.1778564453125, 404.13214111328125, 404.086181640625, 404.04290771484375, 403.997802734375, 403.9522705078125, 403.90863037109375, 403.8641357421875, 403.818603515625, 403.774658203125, 403.72979736328125, 403.6856689453125, 403.6422119140625, 403.59912109375, 403.55615234375, 403.51190185546875, 403.46771240234375, 403.42529296875, 403.38232421875, 403.3409423828125, 403.29913330078125, 403.25494384765625, 403.2142333984375, 403.171630859375, 403.1300048828125, 403.0882568359375, 403.04736328125, 403.00555419921875, 402.9639892578125, 402.92425537109375, 402.883544921875, 402.84375, 402.802978515625, 402.76275634765625, 402.720947265625, 402.6826171875, 402.64141845703125, 402.601318359375, 402.5640869140625, 402.5230712890625, 402.4832763671875, 402.44390869140625, 402.4052734375, 402.36724853515625, 402.32763671875, 402.2904052734375, 402.24951171875, 402.21307373046875, 402.17431640625, 402.13677978515625, 402.09967041015625, 402.06304931640625, 402.02557373046875, 401.98828125, 401.9510498046875, 401.9136962890625, 401.877685546875, 401.83734130859375, 401.80340576171875, 401.76513671875, 401.730224609375, 401.69342041015625, 401.658203125, 401.6229248046875, 401.58740234375, 401.5516357421875, 401.5155029296875, 401.47943115234375, 401.4443359375, 401.4100341796875, 401.37469482421875, 401.3416748046875, 401.306396484375, 401.27154541015625, 401.235107421875, 401.202392578125, 401.1678466796875, 401.13507080078125, 401.10003662109375, 401.0657958984375, 401.031982421875, 400.99920654296875, 400.966552734375, 400.93365478515625, 400.89892578125, 400.866943359375, 400.83349609375, 400.7989501953125, 400.76837158203125, 400.7347412109375, 400.7017822265625, 400.670166015625, 400.6363525390625, 400.6051025390625, 400.57135009765625, 400.54290771484375, 400.50848388671875, 400.47802734375, 400.4444580078125, 400.41339111328125, 400.37933349609375, 400.35107421875, 400.3187255859375, 400.28759765625, 400.2550048828125, 400.2249755859375, 400.1956787109375, 400.1630859375, 400.13165283203125, 400.101806640625, 400.0689697265625, 400.03936767578125, 400.0089111328125, 399.9793701171875, 399.947998046875, 399.91876220703125, 399.88720703125, 399.8575439453125, 399.82733154296875, 399.79833984375, 399.767578125, 399.7379150390625, 399.707763671875, 399.677490234375, 399.649658203125, 399.61883544921875, 399.588134765625, 399.55908203125, 399.5291748046875, 399.50079345703125, 399.472412109375, 399.441650390625, 399.411376953125, 399.3831787109375, 399.3536376953125, 399.3233642578125, 399.2933349609375, 399.266357421875, 399.23663330078125, 399.20751953125, 399.1773681640625, 399.1514892578125, 399.1219482421875, 399.0924072265625, 399.06396484375, 399.03564453125, 399.00604248046875, 398.97705078125, 398.95013427734375, 398.9212646484375, 398.8927001953125, 398.8663330078125, 398.83489990234375, 398.808349609375, 398.780029296875, 398.750732421875, 398.72247314453125, 398.69342041015625, 398.66558837890625, 398.6395263671875, 398.6097412109375, 398.58349609375, 398.5555419921875, 398.525146484375, 398.49688720703125, 398.46905517578125, 398.441162109375, 398.4129638671875, 398.38671875, 398.35791015625, 398.3287353515625, 398.30224609375, 398.27398681640625, 398.246337890625, 398.2188720703125, 398.19012451171875, 398.16259765625, 398.1368408203125, 398.1085205078125, 398.0806884765625, 398.052978515625, 398.0247802734375, 397.9967041015625, 397.9693603515625, 397.94256591796875, 397.9146728515625, 397.889404296875, 397.8609619140625, 397.8333740234375, 397.8074951171875, 397.7796630859375, 397.7508544921875, 397.724365234375, 397.69757080078125, 397.6705322265625, 397.6419677734375, 397.6136474609375, 397.58795166015625, 397.558837890625, 397.531982421875, 397.50604248046875, 397.47796630859375, 397.45098876953125, 397.42315673828125, 397.395751953125, 397.36968994140625, 397.34130859375, 397.31591796875, 397.2884521484375, 397.26141357421875, 397.23388671875, 397.20648193359375, 397.1790771484375, 397.15234375, 397.1258544921875, 397.0982666015625, 397.071533203125, 397.0462646484375, 397.0186767578125, 396.99267578125, 396.9639892578125, 396.93707275390625, 396.91064453125, 396.8829345703125, 396.8563232421875, 396.830810546875, 396.8037109375, 396.7763671875, 396.7490234375, 396.72314453125, 396.697998046875, 396.671630859375, 396.644287109375, 396.6168212890625, 396.589599609375, 396.5623779296875, 396.53857421875, 396.5107421875, 396.484130859375, 396.4578857421875, 396.431396484375, 396.4056396484375, 396.3790283203125, 396.354248046875, 396.3275146484375, 396.29986572265625, 396.27484130859375, 396.2484130859375, 396.219970703125, 396.19561767578125, 396.16961669921875, 396.14288330078125, 396.11834716796875, 396.0908203125, 396.06353759765625, 396.039794921875, 396.01104736328125, 395.9842529296875, 395.95904541015625, 395.935791015625, 395.9085693359375, 395.88134765625, 395.856689453125, 395.8319091796875, 395.80535888671875, 395.7779541015625, 395.7542724609375, 395.72802734375, 395.7021484375, 395.676025390625, 395.65069580078125, 395.625732421875, 395.5982666015625, 395.574462890625, 395.54949951171875, 395.5230712890625, 395.4986572265625, 395.471923828125, 395.4468994140625, 395.4207763671875, 395.396728515625, 395.3721923828125, 395.3441162109375, 395.3199462890625, 395.29669189453125, 395.271484375, 395.24627685546875, 395.221435546875, 395.197265625, 395.1705322265625, 395.14764404296875, 395.1204833984375, 395.0968017578125, 395.07177734375, 395.0472412109375, 395.0220947265625, 394.9947509765625, 394.9722900390625, 394.9471435546875, 394.92510986328125, 394.90087890625, 394.87603759765625, 394.85009765625, 394.8267822265625, 394.80206298828125, 394.7789306640625, 394.7552490234375, 394.73138427734375, 394.7080078125, 394.68359375, 394.6585693359375, 394.6331787109375, 394.609375, 394.58740234375, 394.562255859375, 394.5399169921875, 394.5172119140625, 394.494873046875, 394.47027587890625, 394.44720458984375, 394.42449951171875, 394.3984375, 394.3778076171875, 394.35302734375, 394.33184814453125, 394.30841064453125, 394.28369140625, 394.2608642578125, 394.2403564453125, 394.21441650390625, 394.19110107421875, 394.17010498046875, 394.146728515625, 394.1229248046875, 394.099853515625, 394.0782470703125, 394.052734375, 394.032470703125, 394.00958251953125, 393.9888916015625, 393.964599609375, 393.9466552734375, 393.9228515625, 393.89996337890625, 393.8753662109375, 393.856201171875, 393.83251953125, 393.81207275390625, 393.78948974609375, 393.76702880859375, 393.746337890625, 393.7235107421875, 393.704345703125, 393.6820068359375, 393.66082763671875, 393.63720703125, 393.61572265625, 393.5966796875, 393.573486328125, 393.552490234375, 393.53204345703125, 393.50836181640625, 393.4893798828125, 393.4693603515625, 393.4490966796875, 393.42694091796875, 393.4041748046875, 393.38482666015625, 393.3641357421875, 393.346923828125, 393.32470703125, 393.302490234375, 393.28399658203125, 393.2650146484375, 393.24298095703125, 393.2197265625, 393.204345703125, 393.18212890625, 393.16082763671875, 393.1402587890625, 393.1239013671875, 393.1031494140625, 393.08349609375, 393.0616455078125, 393.0433349609375, 393.0252685546875, 393.0023193359375, 392.9833984375, 392.965087890625, 392.946533203125, 392.92645263671875, 392.90533447265625, 392.88623046875, 392.8675537109375, 392.84649658203125, 392.83099365234375, 392.80975341796875, 392.79296875, 392.77166748046875, 392.75408935546875, 392.734619140625, 392.7156982421875, 392.69708251953125, 392.67803955078125, 392.6595458984375, 392.6434326171875, 392.6231689453125, 392.6033935546875, 392.5872802734375, 392.56573486328125, 392.54638671875, 392.5311279296875, 392.5130615234375, 392.4949951171875, 392.47564697265625, 392.4571533203125, 392.43927001953125, 392.4234619140625, 392.4061279296875, 392.3878173828125, 392.368896484375, 392.352294921875, 392.3331298828125, 392.31591796875, 392.2989501953125, 392.282470703125, 392.26226806640625, 392.24737548828125, 392.2296142578125, 392.21044921875, 392.19647216796875, 392.177001953125, 392.1624755859375, 392.1451416015625, 392.12493896484375, 392.109375, 392.0914306640625, 392.07318115234375, 392.0567626953125, 392.039794921875, 392.02459716796875, 392.00830078125, 391.9921875, 391.97412109375, 391.9573974609375, 391.9403076171875, 391.9227294921875, 391.908935546875, 391.890380859375, 391.8751220703125, 391.859375, 391.84124755859375, 391.82891845703125, 391.81158447265625, 391.79351806640625, 391.7767333984375, 391.76123046875, 391.74468994140625, 391.728759765625, 391.714599609375, 391.697509765625, 391.6806640625, 391.6663818359375, 391.65118408203125, 391.63671875, 391.61968994140625, 391.6080322265625, 391.586669921875, 391.57281494140625, 391.55859375, 391.54248046875, 391.52703857421875, 391.510986328125, 391.4989013671875, 391.48150634765625, 391.46484375, 391.45361328125, 391.436767578125, 391.41973876953125, 391.40411376953125, 391.3931884765625, 391.3770751953125, 391.35888671875, 391.34375, 391.32904052734375, 391.3154296875, 391.3043212890625, 391.28607177734375, 391.2706298828125, 391.2559814453125, 391.23980712890625, 391.227783203125, 391.212890625, 391.19635009765625, 391.18115234375, 391.171630859375, 391.157958984375, 391.1412353515625, 391.1236572265625, 391.110107421875, 391.0968017578125, 391.0821533203125, 391.06591796875, 391.05194091796875, 391.0389404296875, 391.02923583984375, 391.01409912109375, 391.00140380859375, 390.983154296875, 390.9705810546875, 390.9573974609375, 390.944091796875, 390.9268798828125, 390.91387939453125, 390.90216064453125, 390.8883056640625, 390.8721923828125, 390.85845947265625, 390.84619140625, 390.8349609375, 390.8173828125, 390.8048095703125, 390.79034423828125, 390.77789306640625, 390.7625732421875, 390.749755859375, 390.73675537109375, 390.72705078125, 390.711669921875, 390.693359375, 390.6829833984375, 390.6710205078125, 390.65618896484375, 390.6419677734375, 390.6309814453125, 390.61553955078125, 390.603271484375, 390.58935546875, 390.573974609375, 390.56494140625, 390.5474853515625, 390.537841796875, 390.52471923828125, 390.51953125, 390.50286865234375, 390.48828125, 390.47735595703125, 390.4627685546875, 390.447509765625, 390.44110107421875, 390.4249267578125, 390.4136962890625, 390.398193359375, 390.38702392578125, 390.3740234375, 390.36279296875, 390.3489990234375, 390.335693359375, 390.32293701171875, 390.3101806640625, 390.2958984375, 390.28302001953125, 390.2713623046875, 390.260986328125, 390.247314453125, 390.2371826171875, 390.22100830078125, 390.216796875, 390.20458984375, 390.1885986328125, 390.17724609375, 390.1629638671875, 390.153564453125, 390.1396484375, 390.1307373046875, 390.11578369140625, 390.1029052734375, 390.091796875, 390.0799560546875, 390.06866455078125, 390.05499267578125, 390.04302978515625, 390.0318603515625, 390.0238037109375, 390.01123046875, 389.9979248046875, 389.98486328125, 389.9732666015625, 389.960205078125, 389.9500732421875, 389.93292236328125, 389.922119140625, 389.91363525390625, 389.9022216796875, 389.890625, 389.87969970703125, 389.868408203125, 389.8546142578125, 389.8426513671875, 389.83056640625, 389.8226318359375, 389.8121337890625, 389.7965087890625, 389.78582763671875, 389.7738037109375, 389.762451171875, 389.75341796875, 389.7423095703125, 389.7325439453125, 389.72003173828125, 389.70965576171875, 389.69952392578125, 389.6883544921875, 389.6754150390625, 389.660888671875, 389.6531982421875, 389.6427001953125, 389.63140869140625, 389.621337890625, 389.60858154296875, 389.598388671875, 389.5897216796875, 389.5762939453125, 389.56427001953125, 389.5562744140625, 389.542236328125, 389.53094482421875, 389.52288818359375, 389.5103759765625, 389.498046875, 389.4884033203125, 389.474365234375, 389.4671630859375, 389.45648193359375, 389.4515380859375, 389.4383544921875, 389.4285888671875, 389.41485595703125, 389.40216064453125, 389.392333984375, 389.38214111328125, 389.372314453125, 389.36077880859375, 389.347412109375, 389.34259033203125, 389.33380126953125, 389.321533203125, 389.3109130859375, 389.298095703125, 389.289794921875, 389.2811279296875, 389.26678466796875, 389.25885009765625, 389.245849609375, 389.2366943359375, 389.223388671875, 389.2183837890625, 389.205810546875, 389.19842529296875, 389.18389892578125, 389.17584228515625, 389.168212890625, 389.15887451171875, 389.1485595703125, 389.1341552734375, 389.12890625, 389.1217041015625, 389.1080322265625, 389.094970703125, 389.086669921875, 389.07525634765625, 389.06732177734375, 389.0548095703125, 389.04833984375, 389.04058837890625, 389.0316162109375, 389.018798828125, 389.00927734375, 388.99688720703125, 388.9881591796875, 388.97900390625, 388.96875, 388.9613037109375, 388.9527587890625, 388.93817138671875, 388.93072509765625, 388.920654296875, 388.90625, 388.9017333984375, 388.89471435546875, 388.8817138671875, 388.8702392578125, 388.86297607421875, 388.85699462890625, 388.845458984375, 388.8321533203125, 388.82470703125, 388.818359375, 388.80609130859375, 388.797607421875, 388.78759765625, 388.77740478515625, 388.76708984375, 388.758056640625, 388.746337890625, 388.740478515625, 388.735107421875, 388.72369384765625, 388.71588134765625, 388.7066650390625, 388.697021484375, 388.68695068359375, 388.6805419921875, 388.6689453125, 388.6605224609375, 388.6480712890625, 388.64013671875, 388.6343994140625, 388.6248779296875, 388.61041259765625, 388.6046142578125, 388.5948486328125, 388.5858154296875, 388.57952880859375, 388.56512451171875, 388.5577392578125, 388.546875, 388.5406494140625, 388.53167724609375, 388.52545166015625, 388.51910400390625, 388.50738525390625, 388.5010986328125, 388.489990234375, 388.4822998046875, 388.47088623046875, 388.4635009765625, 388.4569091796875, 388.4488525390625, 388.43572998046875, 388.4296875, 388.418701171875, 388.41033935546875, 388.401611328125, 388.39483642578125, 388.38818359375, 388.37811279296875, 388.36871337890625, 388.357177734375, 388.3525390625, 388.34417724609375, 388.33502197265625, 388.32843017578125, 388.3201904296875, 388.307373046875, 388.30419921875, 388.291748046875, 388.2811279296875, 388.27764892578125, 388.2667236328125, 388.2611083984375, 388.250732421875, 388.24169921875, 388.23291015625, 388.22412109375, 388.21392822265625, 388.20318603515625, 388.20263671875, 388.1868896484375, 388.183349609375, 388.17279052734375, 388.16778564453125, 388.15948486328125, 388.146240234375, 388.1380615234375, 388.13446044921875, 388.1199951171875, 388.1171875, 388.107177734375, 388.09912109375, 388.0933837890625, 388.08770751953125, 388.076416015625, 388.0723876953125, 388.06103515625, 388.05535888671875, 388.0469970703125, 388.03662109375, 388.03125, 388.01513671875, 388.0123291015625, 388.00323486328125, 387.99713134765625, 387.991943359375, 387.98748779296875, 387.97528076171875, 387.97125244140625, 387.95855712890625, 387.9488525390625, 387.943115234375, 387.9383544921875, 387.929931640625, 387.91943359375, 387.91387939453125, 387.90850830078125, 387.8988037109375, 387.8883056640625, 387.88055419921875, 387.8690185546875, 387.86517333984375, 387.85791015625, 387.84918212890625, 387.84375, 387.83642578125, 387.824462890625, 387.8226318359375, 387.8192138671875, 387.81085205078125, 387.79949951171875, 387.7928466796875, 387.782470703125, 387.77960205078125, 387.771484375, 387.7626953125, 387.75250244140625, 387.7489013671875, 387.7421875, 387.73602294921875, 387.724365234375, 387.719482421875, 387.71685791015625, 387.71142578125, 387.6998291015625, 387.691162109375, 387.685546875, 387.6776123046875, 387.670654296875, 387.656982421875, 387.6514892578125, 387.64404296875, 387.63720703125, 387.6298828125, 387.62335205078125, 387.6153564453125, 387.61053466796875, 387.60369873046875, 387.59906005859375, 387.58782958984375, 387.58233642578125, 387.5755615234375, 387.572509765625, 387.56201171875, 387.55889892578125, 387.551025390625, 387.53948974609375, 387.53973388671875, 387.53228759765625, 387.5205078125, 387.5164794921875, 387.512939453125, 387.5062255859375, 387.49395751953125, 387.48974609375, 387.47943115234375, 387.4742431640625, 387.46923828125, 387.4605712890625, 387.4486083984375, 387.44708251953125, 387.4349365234375, 387.43603515625, 387.42950439453125, 387.4241943359375, 387.41436767578125, 387.40509033203125, 387.3963623046875, 387.394287109375, 387.384521484375, 387.38134765625, 387.3677978515625, 387.3623046875, 387.3592529296875, 387.35308837890625, 387.343505859375, 387.3372802734375, 387.337158203125, 387.325927734375, 387.32501220703125, 387.3114013671875, 387.3101806640625, 387.301513671875, 387.29638671875, 387.2891845703125, 387.28466796875, 387.27447509765625, 387.26593017578125, 387.2637939453125, 387.25830078125, 387.247314453125, 387.2388916015625, 387.23492431640625, 387.23077392578125, 387.2193603515625, 387.2176513671875, 387.20562744140625, 387.2030029296875, 387.19830322265625, 387.19427490234375, 387.186279296875, 387.1810302734375, 387.173583984375, 387.1700439453125, 387.1611328125, 387.1556396484375, 387.14752197265625, 387.1395263671875, 387.14154052734375, 387.1309814453125, 387.122802734375, 387.1148681640625, 387.11163330078125, 387.1026611328125, 387.09814453125, 387.0968017578125, 387.0833740234375, 387.0791015625, 387.07861328125, 387.06689453125, 387.05682373046875, 387.0557861328125, 387.0538330078125, 387.045166015625, 387.03900146484375, 387.0357666015625, 387.0311279296875, 387.0157470703125, 387.0174560546875, 387.0087890625, 387.00738525390625, 386.99810791015625, 386.99078369140625, 386.98553466796875, 386.9759521484375, 386.971435546875, 386.9659423828125, 386.95574951171875, 386.956787109375, 386.94866943359375, 386.94677734375, 386.94287109375, 386.9339599609375, 386.92498779296875, 386.91650390625, 386.9130859375, 386.9102783203125, 386.90283203125, 386.90167236328125, 386.8968505859375, 386.88958740234375, 386.884521484375, 386.8714599609375, 386.8680419921875, 386.8603515625, 386.8511962890625, 386.85272216796875, 386.8460693359375, 386.8380126953125, 386.8310546875, 386.825927734375, 386.82476806640625, 386.818359375, 386.81182861328125, 386.8077392578125, 386.8038330078125, 386.792236328125, 386.783447265625, 386.78631591796875, 386.7744140625, 386.7735595703125, 386.769287109375, 386.76458740234375, 386.7568359375, 386.753173828125, 386.746337890625, 386.74249267578125, 386.73516845703125, 386.7275390625, 386.7237548828125, 386.716796875, 386.71405029296875, 386.706298828125, 386.7017822265625, 386.694580078125, 386.69384765625, 386.687744140625, 386.6787109375, 386.67352294921875, 386.665283203125, 386.6654052734375, 386.6556396484375, 386.65423583984375, 386.64453125, 386.6473388671875, 386.63616943359375, 386.62939453125, 386.62451171875, 386.61993408203125, 386.609375, 386.6053466796875, 386.6068115234375, 386.5992431640625, 386.58642578125, 386.589111328125, 386.5865478515625, 386.5806884765625, 386.570068359375, 386.5670166015625, 386.556884765625, 386.552734375, 386.54876708984375, 386.544189453125, 386.54248046875, 386.536376953125, 386.5345458984375, 386.52783203125, 386.523193359375, 386.51904296875, 386.5076904296875, 386.5062255859375, 386.502685546875, 386.48980712890625, 386.4893798828125, 386.479248046875, 386.4759521484375, 386.4691162109375, 386.4725341796875, 386.47125244140625, 386.45489501953125, 386.451416015625, 386.4427490234375, 386.43994140625, 386.432861328125, 386.4320068359375, 386.43292236328125, 386.423828125, 386.415771484375, 386.41204833984375, 386.41094970703125, 386.40692138671875, 386.39984130859375, 386.39398193359375, 386.3924560546875, 386.3822021484375, 386.38134765625, 386.37481689453125, 386.37188720703125, 386.3621826171875, 386.3558349609375, 386.35205078125, 386.34979248046875, 386.34222412109375, 386.3363037109375, 386.331787109375, 386.3233642578125, 386.3226318359375, 386.31268310546875, 386.31536865234375, 386.3087158203125, 386.30169677734375, 386.300537109375, 386.2989501953125, 386.2894287109375, 386.28466796875, 386.2762451171875, 386.28173828125, 386.2718505859375, 386.2667236328125, 386.2548828125, 386.25115966796875, 386.25140380859375, 386.243896484375, 386.2371826171875, 386.2308349609375, 386.23663330078125, 386.218505859375, 386.218017578125, 386.2125244140625, 386.2056884765625, 386.2025146484375, 386.192138671875, 386.19171142578125, 386.18890380859375, 386.17919921875, 386.1781005859375, 386.17388916015625, 386.1629638671875, 386.15838623046875, 386.16485595703125, 386.15875244140625, 386.1605224609375, 386.147705078125, 386.14398193359375, 386.138671875, 386.13677978515625, 386.1240234375, 386.1229248046875, 386.11016845703125, 386.1138916015625, 386.10223388671875, 386.09820556640625, 386.08935546875, 386.085205078125, 386.089111328125, 386.0869140625, 386.0810546875, 386.0714111328125, 386.074462890625, 386.072998046875, 386.06890869140625, 386.0692138671875, 386.05181884765625, 386.0506591796875, 386.0419921875, 386.03436279296875, 386.03070068359375, 386.02667236328125, 386.02197265625, 386.0225830078125, 386.01397705078125, 386.010986328125, 386.0108642578125, 385.9967041015625, 385.99609375, 385.9918212890625, 385.9759521484375, 385.98291015625, 385.9805908203125, 385.963623046875, 385.9638671875, 385.964111328125, 385.960205078125, 385.9559326171875, 385.951171875, 385.94427490234375, 385.9510498046875, 385.9368896484375, 385.93389892578125, 385.9305419921875, 385.92266845703125, 385.9132080078125, 385.90692138671875, 385.9112548828125, 385.9083251953125, 385.8912353515625, 385.889404296875, 385.89324951171875, 385.88739013671875, 385.87591552734375, 385.87646484375, 385.8746337890625, 385.86663818359375, 385.862060546875, 385.85693359375, 385.857421875, 385.84381103515625, 385.84271240234375, 385.8370361328125, 385.8267822265625, 385.8282470703125, 385.822021484375, 385.8223876953125, 385.8148193359375, 385.80419921875, 385.8026123046875, 385.794677734375, 385.79632568359375, 385.78399658203125, 385.786376953125, 385.786865234375, 385.7747802734375, 385.77215576171875, 385.76446533203125, 385.7650146484375, 385.7635498046875, 385.75836181640625, 385.74981689453125, 385.7564697265625, 385.74517822265625, 385.74053955078125, 385.736328125, 385.7418212890625, 385.718994140625, 385.72442626953125, 385.71630859375, 385.71026611328125, 385.6954345703125, 385.70635986328125, 385.6968994140625, 385.69287109375, 385.6956787109375, 385.6900634765625, 385.6844482421875, 385.67962646484375, 385.666015625, 385.66534423828125, 385.65704345703125, 385.65966796875, 385.66217041015625, 385.657958984375, 385.652099609375, 385.655029296875, 385.6436767578125, 385.63372802734375, 385.62554931640625, 385.61737060546875, 385.61627197265625, 385.6156005859375, 385.61334228515625, 385.61090087890625, 385.6021728515625, 385.6043701171875, 385.59722900390625, 385.6029052734375, 385.58612060546875, 385.584716796875, 385.57366943359375, 385.5775146484375, 385.57098388671875, 385.56207275390625, 385.5574951171875, 385.556396484375, 385.55389404296875, 385.55426025390625, 385.54583740234375, 385.53662109375, 385.5289306640625, 385.521728515625, 385.519287109375, 385.515869140625, 385.514404296875, 385.51312255859375, 385.50634765625, 385.50146484375, 385.49755859375, 385.48651123046875, 385.4896240234375, 385.4825439453125, 385.4805908203125, 385.474365234375, 385.4722900390625, 385.46282958984375, 385.4571533203125, 385.4560546875, 385.46044921875, 385.451416015625, 385.447021484375, 385.435546875, 385.438232421875, 385.43145751953125, 385.42755126953125, 385.427978515625, 385.4232177734375, 385.4207763671875, 385.413818359375, 385.39215087890625, 385.3975830078125, 385.3953857421875, 385.390625, 385.3873291015625, 385.37579345703125, 385.3760986328125, 385.3714599609375, 385.3707275390625, 385.35699462890625, 385.3555908203125, 385.36181640625, 385.3548583984375, 385.3599853515625, 385.34893798828125, 385.343505859375, 385.33538818359375, 385.33331298828125, 385.32159423828125, 385.3231201171875, 385.3134765625, 385.3133544921875, 385.31610107421875, 385.30322265625, 385.3065185546875, 385.301025390625, 385.302001953125, 385.29034423828125, 385.28973388671875, 385.27618408203125, 385.273193359375, 385.26983642578125, 385.2662353515625, 385.2613525390625, 385.251708984375, 385.24725341796875, 385.2542724609375, 385.2412109375, 385.242431640625, 385.2366943359375, 385.23345947265625, 385.22833251953125, 385.216552734375, 385.21820068359375, 385.2166748046875, 385.200439453125, 385.19647216796875, 385.20257568359375, 385.1978759765625, 385.192138671875, 385.18011474609375, 385.186767578125, 385.180419921875, 385.16766357421875, 385.1683349609375, 385.15753173828125, 385.15948486328125, 385.14727783203125, 385.14459228515625, 385.1397705078125, 385.14666748046875, 385.13037109375, 385.1253662109375, 385.13336181640625, 385.11566162109375, 385.112548828125, 385.109130859375, 385.109619140625, 385.0989990234375, 385.0968017578125, 385.092041015625, 385.088623046875, 385.08251953125, 385.0819091796875, 385.0780029296875, 385.06787109375, 385.06707763671875, 385.0618896484375, 385.0528564453125, 385.0552978515625, 385.0552978515625, 385.05438232421875, 385.04150390625, 385.0311279296875, 385.0338134765625, 385.0230712890625, 385.02081298828125, 385.01123046875, 385.0059814453125, 385.00634765625, 384.994140625, 384.98883056640625, 384.994384765625, 384.98284912109375, 384.97802734375, 384.97705078125, 384.98193359375, 384.97509765625, 384.97454833984375, 384.9654541015625, 384.9595947265625, 384.95654296875, 384.94683837890625, 384.94708251953125, 384.93878173828125, 384.9310302734375, 384.9345703125, 384.9283447265625, 384.9281005859375, 384.9156494140625, 384.9114990234375, 384.9033203125, 384.901611328125, 384.8895263671875, 384.88726806640625, 384.88214111328125, 384.8809814453125, 384.88714599609375, 384.86676025390625, 384.8687744140625, 384.856689453125, 384.857666015625, 384.859375, 384.853515625, 384.85455322265625, 384.8438720703125, 384.8380126953125, 384.8287353515625, 384.8319091796875, 384.8216552734375, 384.8167724609375, 384.81427001953125, 384.7969970703125, 384.8055419921875, 384.789306640625, 384.7860107421875, 384.7813720703125, 384.7802734375, 384.77471923828125, 384.7686767578125, 384.76263427734375, 384.76470947265625, 384.7469482421875, 384.7484130859375, 384.74359130859375, 384.73419189453125, 384.736328125, 384.7249755859375, 384.7244873046875, 384.72735595703125, 384.722412109375, 384.7078857421875, 384.69940185546875, 384.70648193359375, 384.69305419921875, 384.67987060546875, 384.67987060546875, 384.6822509765625, 384.67724609375, 384.68377685546875, 384.66363525390625, 384.66455078125, 384.653564453125, 384.65087890625, 384.65423583984375, 384.6539306640625, 384.6495361328125, 384.638427734375, 384.63458251953125, 384.62420654296875, 384.62017822265625, 384.61187744140625, 384.6063232421875, 384.6136474609375]}
Warning: Cholesky failed, using eigendecomposition fallback
{'mse': 0.07777369767427444, 'rmse': 0.2788793742656708, 'test_ll': -978498.4375, 'total_test_ll': -24462460928.0}
/cluster/tufts/hugheslab/swilli26/stat-patt-final/gp_vs_sngp/results/hyperparam_search/GP/Friedman_1500_3001/logs
/cluster/tufts/hugheslab/swilli26/stat-patt-final/gp_vs_sngp/results/hyperparam_search/logs/GP_VS_SNGP_25028911.out
/cluster/tufts/hugheslab/swilli26/stat-patt-final/gp_vs_sngp/results/hyperparam_search/logs/GP_VS_SNGP_25028911.err
