Starting imports...
Importing argparse...
Importing torch...
Importing os...
Importing sngp.train and sngp.model...
Importing gaussian_process...
Importing dataset...
Importing json...
ALL IMPORTS COMPLETE!
Parsing arguments...
Arguments parsed! Running GP on CrazySin with N=1500
Checking CUDA availability...
Using CPU
Making Datasets...
Making Model...
Training Gaussian Process...
Iter   0 | Loss: 17691.385 | lengthscale: 0.990 | outputscale: 1.010 | noise: 0.202
Iter  10 | Loss: 14352.365 | lengthscale: 0.895 | outputscale: 1.117 | noise: 0.223
Iter  20 | Loss: 11654.024 | lengthscale: 0.804 | outputscale: 1.241 | noise: 0.245
Iter  30 | Loss: 9161.328 | lengthscale: 0.711 | outputscale: 1.397 | noise: 0.267
Iter  40 | Loss: 5941.469 | lengthscale: 0.618 | outputscale: 1.603 | noise: 0.287
Iter  50 | Loss: 3859.270 | lengthscale: 0.541 | outputscale: 1.832 | noise: 0.303
Iter  60 | Loss: 2944.618 | lengthscale: 0.489 | outputscale: 2.027 | noise: 0.315
Iter  70 | Loss: 1689.318 | lengthscale: 0.441 | outputscale: 2.229 | noise: 0.323
Iter  80 | Loss:  381.905 | lengthscale: 0.393 | outputscale: 2.478 | noise: 0.327
Iter  90 | Loss:   28.247 | lengthscale: 0.363 | outputscale: 2.684 | noise: 0.327
Iter 100 | Loss:  -53.330 | lengthscale: 0.347 | outputscale: 2.811 | noise: 0.325
Iter 110 | Loss:  -86.992 | lengthscale: 0.339 | outputscale: 2.887 | noise: 0.323
Iter 120 | Loss: -109.079 | lengthscale: 0.334 | outputscale: 2.937 | noise: 0.320
Iter 130 | Loss: -127.588 | lengthscale: 0.331 | outputscale: 2.974 | noise: 0.317
Iter 140 | Loss: -144.842 | lengthscale: 0.328 | outputscale: 3.004 | noise: 0.314
Iter 150 | Loss: -161.664 | lengthscale: 0.326 | outputscale: 3.030 | noise: 0.310
Iter 160 | Loss: -178.364 | lengthscale: 0.324 | outputscale: 3.054 | noise: 0.307
Iter 170 | Loss: -195.090 | lengthscale: 0.323 | outputscale: 3.076 | noise: 0.303
Iter 180 | Loss: -211.906 | lengthscale: 0.321 | outputscale: 3.097 | noise: 0.300
Iter 190 | Loss: -228.863 | lengthscale: 0.320 | outputscale: 3.116 | noise: 0.296
Iter 200 | Loss: -245.976 | lengthscale: 0.318 | outputscale: 3.135 | noise: 0.293
Iter 210 | Loss: -263.259 | lengthscale: 0.317 | outputscale: 3.152 | noise: 0.289
Iter 220 | Loss: -280.717 | lengthscale: 0.316 | outputscale: 3.169 | noise: 0.285
Iter 230 | Loss: -298.348 | lengthscale: 0.314 | outputscale: 3.185 | noise: 0.282
Iter 240 | Loss: -316.167 | lengthscale: 0.313 | outputscale: 3.200 | noise: 0.278
Iter 250 | Loss: -334.144 | lengthscale: 0.312 | outputscale: 3.214 | noise: 0.274
Iter 260 | Loss: -352.303 | lengthscale: 0.311 | outputscale: 3.227 | noise: 0.270
Iter 270 | Loss: -370.609 | lengthscale: 0.310 | outputscale: 3.240 | noise: 0.267
Iter 280 | Loss: -389.063 | lengthscale: 0.309 | outputscale: 3.252 | noise: 0.263
Iter 290 | Loss: -407.657 | lengthscale: 0.309 | outputscale: 3.263 | noise: 0.259
Iter 300 | Loss: -426.370 | lengthscale: 0.308 | outputscale: 3.274 | noise: 0.255
Iter 310 | Loss: -445.199 | lengthscale: 0.307 | outputscale: 3.284 | noise: 0.251
Iter 320 | Loss: -464.131 | lengthscale: 0.306 | outputscale: 3.293 | noise: 0.248
Iter 330 | Loss: -483.132 | lengthscale: 0.306 | outputscale: 3.302 | noise: 0.244
Iter 340 | Loss: -502.213 | lengthscale: 0.305 | outputscale: 3.311 | noise: 0.240
Iter 350 | Loss: -521.332 | lengthscale: 0.304 | outputscale: 3.319 | noise: 0.236
Iter 360 | Loss: -540.487 | lengthscale: 0.304 | outputscale: 3.326 | noise: 0.233
Iter 370 | Loss: -559.655 | lengthscale: 0.303 | outputscale: 3.334 | noise: 0.229
Iter 380 | Loss: -578.826 | lengthscale: 0.302 | outputscale: 3.340 | noise: 0.225
Iter 390 | Loss: -597.973 | lengthscale: 0.302 | outputscale: 3.346 | noise: 0.222
Iter 400 | Loss: -617.074 | lengthscale: 0.301 | outputscale: 3.352 | noise: 0.218
Iter 410 | Loss: -636.114 | lengthscale: 0.301 | outputscale: 3.357 | noise: 0.215
Iter 420 | Loss: -655.089 | lengthscale: 0.300 | outputscale: 3.362 | noise: 0.211
Iter 430 | Loss: -673.949 | lengthscale: 0.300 | outputscale: 3.367 | noise: 0.208
Iter 440 | Loss: -692.683 | lengthscale: 0.300 | outputscale: 3.371 | noise: 0.204
Iter 450 | Loss: -711.278 | lengthscale: 0.299 | outputscale: 3.375 | noise: 0.201
Iter 460 | Loss: -729.705 | lengthscale: 0.299 | outputscale: 3.379 | noise: 0.197
Iter 470 | Loss: -747.951 | lengthscale: 0.298 | outputscale: 3.382 | noise: 0.194
Iter 480 | Loss: -765.993 | lengthscale: 0.298 | outputscale: 3.385 | noise: 0.191
Iter 490 | Loss: -783.791 | lengthscale: 0.298 | outputscale: 3.387 | noise: 0.188
Iter 500 | Loss: -801.348 | lengthscale: 0.297 | outputscale: 3.390 | noise: 0.185
Iter 510 | Loss: -818.646 | lengthscale: 0.297 | outputscale: 3.392 | noise: 0.181
Iter 520 | Loss: -835.641 | lengthscale: 0.297 | outputscale: 3.394 | noise: 0.178
Iter 530 | Loss: -852.312 | lengthscale: 0.296 | outputscale: 3.395 | noise: 0.175
Iter 540 | Loss: -868.650 | lengthscale: 0.296 | outputscale: 3.396 | noise: 0.173
Iter 550 | Loss: -884.646 | lengthscale: 0.296 | outputscale: 3.397 | noise: 0.170
Iter 560 | Loss: -900.260 | lengthscale: 0.296 | outputscale: 3.398 | noise: 0.167
Iter 570 | Loss: -915.504 | lengthscale: 0.295 | outputscale: 3.399 | noise: 0.164
Iter 580 | Loss: -930.330 | lengthscale: 0.295 | outputscale: 3.399 | noise: 0.162
Iter 590 | Loss: -944.735 | lengthscale: 0.295 | outputscale: 3.399 | noise: 0.159
Iter 600 | Loss: -958.682 | lengthscale: 0.295 | outputscale: 3.399 | noise: 0.157
Iter 610 | Loss: -972.213 | lengthscale: 0.294 | outputscale: 3.399 | noise: 0.154
Iter 620 | Loss: -985.252 | lengthscale: 0.294 | outputscale: 3.399 | noise: 0.152
Iter 630 | Loss: -997.827 | lengthscale: 0.294 | outputscale: 3.398 | noise: 0.149
Iter 640 | Loss: -1009.944 | lengthscale: 0.294 | outputscale: 3.397 | noise: 0.147
Iter 650 | Loss: -1021.509 | lengthscale: 0.294 | outputscale: 3.396 | noise: 0.145
Iter 660 | Loss: -1032.607 | lengthscale: 0.294 | outputscale: 3.395 | noise: 0.143
Iter 670 | Loss: -1043.256 | lengthscale: 0.293 | outputscale: 3.394 | noise: 0.141
Iter 680 | Loss: -1053.391 | lengthscale: 0.293 | outputscale: 3.392 | noise: 0.139
Iter 690 | Loss: -1062.979 | lengthscale: 0.293 | outputscale: 3.391 | noise: 0.137
Iter 700 | Loss: -1072.076 | lengthscale: 0.293 | outputscale: 3.389 | noise: 0.135
Iter 710 | Loss: -1080.675 | lengthscale: 0.293 | outputscale: 3.387 | noise: 0.133
Iter 720 | Loss: -1088.826 | lengthscale: 0.293 | outputscale: 3.385 | noise: 0.131
Iter 730 | Loss: -1096.420 | lengthscale: 0.293 | outputscale: 3.383 | noise: 0.130
Iter 740 | Loss: -1103.592 | lengthscale: 0.292 | outputscale: 3.381 | noise: 0.128
Iter 750 | Loss: -1110.338 | lengthscale: 0.292 | outputscale: 3.379 | noise: 0.127
Iter 760 | Loss: -1116.608 | lengthscale: 0.292 | outputscale: 3.376 | noise: 0.125
Iter 770 | Loss: -1122.354 | lengthscale: 0.292 | outputscale: 3.374 | noise: 0.124
Iter 780 | Loss: -1127.759 | lengthscale: 0.292 | outputscale: 3.371 | noise: 0.122
Iter 790 | Loss: -1132.820 | lengthscale: 0.292 | outputscale: 3.369 | noise: 0.121
Iter 800 | Loss: -1137.399 | lengthscale: 0.292 | outputscale: 3.366 | noise: 0.120
Iter 810 | Loss: -1141.635 | lengthscale: 0.292 | outputscale: 3.363 | noise: 0.119
Iter 820 | Loss: -1145.490 | lengthscale: 0.292 | outputscale: 3.360 | noise: 0.118
Iter 830 | Loss: -1149.025 | lengthscale: 0.291 | outputscale: 3.357 | noise: 0.117
Iter 840 | Loss: -1152.277 | lengthscale: 0.291 | outputscale: 3.354 | noise: 0.116
Iter 850 | Loss: -1155.197 | lengthscale: 0.291 | outputscale: 3.351 | noise: 0.115
Iter 860 | Loss: -1157.880 | lengthscale: 0.291 | outputscale: 3.348 | noise: 0.114
Iter 870 | Loss: -1160.335 | lengthscale: 0.291 | outputscale: 3.345 | noise: 0.113
Iter 880 | Loss: -1162.503 | lengthscale: 0.291 | outputscale: 3.341 | noise: 0.112
Iter 890 | Loss: -1164.432 | lengthscale: 0.291 | outputscale: 3.338 | noise: 0.111
Iter 900 | Loss: -1166.141 | lengthscale: 0.291 | outputscale: 3.334 | noise: 0.111
Iter 910 | Loss: -1167.669 | lengthscale: 0.291 | outputscale: 3.331 | noise: 0.110
Iter 920 | Loss: -1169.054 | lengthscale: 0.291 | outputscale: 3.328 | noise: 0.109
Iter 930 | Loss: -1170.340 | lengthscale: 0.291 | outputscale: 3.324 | noise: 0.109
Iter 940 | Loss: -1171.352 | lengthscale: 0.290 | outputscale: 3.321 | noise: 0.108
Iter 950 | Loss: -1172.363 | lengthscale: 0.290 | outputscale: 3.317 | noise: 0.107
Iter 960 | Loss: -1173.249 | lengthscale: 0.290 | outputscale: 3.313 | noise: 0.107
Iter 970 | Loss: -1173.981 | lengthscale: 0.290 | outputscale: 3.310 | noise: 0.106
Iter 980 | Loss: -1174.722 | lengthscale: 0.290 | outputscale: 3.306 | noise: 0.106
Iter 990 | Loss: -1175.208 | lengthscale: 0.290 | outputscale: 3.302 | noise: 0.106
Iter 1000 | Loss: -1175.788 | lengthscale: 0.290 | outputscale: 3.299 | noise: 0.105
Iter 1010 | Loss: -1176.176 | lengthscale: 0.290 | outputscale: 3.295 | noise: 0.105
Iter 1020 | Loss: -1176.514 | lengthscale: 0.290 | outputscale: 3.291 | noise: 0.105
Iter 1030 | Loss: -1176.932 | lengthscale: 0.290 | outputscale: 3.286 | noise: 0.104
Iter 1040 | Loss: -1177.186 | lengthscale: 0.290 | outputscale: 3.282 | noise: 0.104
Iter 1050 | Loss: -1177.384 | lengthscale: 0.290 | outputscale: 3.278 | noise: 0.104
Iter 1060 | Loss: -1177.623 | lengthscale: 0.289 | outputscale: 3.274 | noise: 0.103
Iter 1070 | Loss: -1177.810 | lengthscale: 0.289 | outputscale: 3.270 | noise: 0.103
Iter 1080 | Loss: -1178.010 | lengthscale: 0.289 | outputscale: 3.266 | noise: 0.103
Iter 1090 | Loss: -1178.178 | lengthscale: 0.289 | outputscale: 3.261 | noise: 0.103
Iter 1100 | Loss: -1178.266 | lengthscale: 0.289 | outputscale: 3.257 | noise: 0.103
Iter 1110 | Loss: -1178.446 | lengthscale: 0.289 | outputscale: 3.253 | noise: 0.102
Iter 1120 | Loss: -1178.469 | lengthscale: 0.289 | outputscale: 3.248 | noise: 0.102
Iter 1130 | Loss: -1178.561 | lengthscale: 0.289 | outputscale: 3.244 | noise: 0.102
Iter 1140 | Loss: -1178.629 | lengthscale: 0.289 | outputscale: 3.240 | noise: 0.102
Iter 1150 | Loss: -1178.599 | lengthscale: 0.289 | outputscale: 3.235 | noise: 0.102
Iter 1160 | Loss: -1178.708 | lengthscale: 0.289 | outputscale: 3.231 | noise: 0.102
Iter 1170 | Loss: -1178.751 | lengthscale: 0.289 | outputscale: 3.227 | noise: 0.102
Iter 1180 | Loss: -1178.738 | lengthscale: 0.288 | outputscale: 3.223 | noise: 0.102
Iter 1190 | Loss: -1178.841 | lengthscale: 0.288 | outputscale: 3.219 | noise: 0.101
Iter 1200 | Loss: -1178.834 | lengthscale: 0.288 | outputscale: 3.215 | noise: 0.101
Iter 1210 | Loss: -1178.830 | lengthscale: 0.288 | outputscale: 3.211 | noise: 0.101
Iter 1220 | Loss: -1178.834 | lengthscale: 0.288 | outputscale: 3.206 | noise: 0.101
Iter 1230 | Loss: -1178.892 | lengthscale: 0.288 | outputscale: 3.202 | noise: 0.101
Iter 1240 | Loss: -1178.861 | lengthscale: 0.288 | outputscale: 3.198 | noise: 0.101
Iter 1250 | Loss: -1178.897 | lengthscale: 0.288 | outputscale: 3.194 | noise: 0.101
Iter 1260 | Loss: -1178.872 | lengthscale: 0.288 | outputscale: 3.190 | noise: 0.101
Iter 1270 | Loss: -1178.906 | lengthscale: 0.288 | outputscale: 3.186 | noise: 0.101
Iter 1280 | Loss: -1178.933 | lengthscale: 0.288 | outputscale: 3.182 | noise: 0.101
Iter 1290 | Loss: -1178.865 | lengthscale: 0.287 | outputscale: 3.178 | noise: 0.101
Iter 1300 | Loss: -1178.932 | lengthscale: 0.287 | outputscale: 3.174 | noise: 0.101
Iter 1310 | Loss: -1178.893 | lengthscale: 0.287 | outputscale: 3.170 | noise: 0.101
Iter 1320 | Loss: -1178.898 | lengthscale: 0.287 | outputscale: 3.166 | noise: 0.101
Iter 1330 | Loss: -1178.880 | lengthscale: 0.287 | outputscale: 3.162 | noise: 0.101
Iter 1340 | Loss: -1178.929 | lengthscale: 0.287 | outputscale: 3.158 | noise: 0.101
Iter 1350 | Loss: -1178.907 | lengthscale: 0.287 | outputscale: 3.154 | noise: 0.101
Iter 1360 | Loss: -1178.995 | lengthscale: 0.287 | outputscale: 3.149 | noise: 0.101
Iter 1370 | Loss: -1178.972 | lengthscale: 0.287 | outputscale: 3.145 | noise: 0.101
Iter 1380 | Loss: -1178.926 | lengthscale: 0.287 | outputscale: 3.140 | noise: 0.101
Iter 1390 | Loss: -1178.971 | lengthscale: 0.287 | outputscale: 3.136 | noise: 0.101
Iter 1400 | Loss: -1178.953 | lengthscale: 0.286 | outputscale: 3.132 | noise: 0.101
Iter 1410 | Loss: -1178.925 | lengthscale: 0.286 | outputscale: 3.128 | noise: 0.101
Iter 1420 | Loss: -1178.940 | lengthscale: 0.286 | outputscale: 3.123 | noise: 0.101
Iter 1430 | Loss: -1178.927 | lengthscale: 0.286 | outputscale: 3.119 | noise: 0.101
Iter 1440 | Loss: -1178.950 | lengthscale: 0.286 | outputscale: 3.114 | noise: 0.101
Iter 1450 | Loss: -1179.065 | lengthscale: 0.286 | outputscale: 3.110 | noise: 0.101
Iter 1460 | Loss: -1179.024 | lengthscale: 0.286 | outputscale: 3.106 | noise: 0.101
Iter 1470 | Loss: -1179.042 | lengthscale: 0.286 | outputscale: 3.102 | noise: 0.101
Iter 1480 | Loss: -1178.967 | lengthscale: 0.286 | outputscale: 3.097 | noise: 0.101
Iter 1490 | Loss: -1179.034 | lengthscale: 0.286 | outputscale: 3.093 | noise: 0.101
Iter 1500 | Loss: -1179.010 | lengthscale: 0.285 | outputscale: 3.089 | noise: 0.101
Iter 1510 | Loss: -1179.018 | lengthscale: 0.285 | outputscale: 3.084 | noise: 0.101
Iter 1520 | Loss: -1179.054 | lengthscale: 0.285 | outputscale: 3.080 | noise: 0.101
Iter 1530 | Loss: -1179.044 | lengthscale: 0.285 | outputscale: 3.076 | noise: 0.101
Iter 1540 | Loss: -1179.004 | lengthscale: 0.285 | outputscale: 3.071 | noise: 0.101
Iter 1550 | Loss: -1179.024 | lengthscale: 0.285 | outputscale: 3.067 | noise: 0.101
Iter 1560 | Loss: -1179.000 | lengthscale: 0.285 | outputscale: 3.063 | noise: 0.101
Iter 1570 | Loss: -1179.070 | lengthscale: 0.285 | outputscale: 3.059 | noise: 0.101
Iter 1580 | Loss: -1179.094 | lengthscale: 0.285 | outputscale: 3.055 | noise: 0.101
Iter 1590 | Loss: -1179.120 | lengthscale: 0.285 | outputscale: 3.051 | noise: 0.101
Iter 1600 | Loss: -1179.033 | lengthscale: 0.284 | outputscale: 3.047 | noise: 0.101
Iter 1610 | Loss: -1179.112 | lengthscale: 0.284 | outputscale: 3.043 | noise: 0.101
Iter 1620 | Loss: -1179.128 | lengthscale: 0.284 | outputscale: 3.039 | noise: 0.101
Iter 1630 | Loss: -1179.146 | lengthscale: 0.284 | outputscale: 3.034 | noise: 0.101
Iter 1640 | Loss: -1179.101 | lengthscale: 0.284 | outputscale: 3.030 | noise: 0.101
Iter 1650 | Loss: -1179.166 | lengthscale: 0.284 | outputscale: 3.026 | noise: 0.101
Iter 1660 | Loss: -1179.099 | lengthscale: 0.284 | outputscale: 3.022 | noise: 0.101
Iter 1670 | Loss: -1179.099 | lengthscale: 0.284 | outputscale: 3.017 | noise: 0.101
Iter 1680 | Loss: -1179.144 | lengthscale: 0.284 | outputscale: 3.013 | noise: 0.101
Iter 1690 | Loss: -1179.113 | lengthscale: 0.284 | outputscale: 3.009 | noise: 0.101
Iter 1700 | Loss: -1179.143 | lengthscale: 0.283 | outputscale: 3.004 | noise: 0.101
Iter 1710 | Loss: -1179.158 | lengthscale: 0.283 | outputscale: 3.000 | noise: 0.101
Iter 1720 | Loss: -1179.131 | lengthscale: 0.283 | outputscale: 2.995 | noise: 0.101
Iter 1730 | Loss: -1179.053 | lengthscale: 0.283 | outputscale: 2.991 | noise: 0.101
Iter 1740 | Loss: -1179.106 | lengthscale: 0.283 | outputscale: 2.986 | noise: 0.101
Iter 1750 | Loss: -1179.088 | lengthscale: 0.283 | outputscale: 2.982 | noise: 0.101
Iter 1760 | Loss: -1179.105 | lengthscale: 0.283 | outputscale: 2.977 | noise: 0.101
Iter 1770 | Loss: -1179.076 | lengthscale: 0.283 | outputscale: 2.973 | noise: 0.101
Iter 1780 | Loss: -1179.128 | lengthscale: 0.283 | outputscale: 2.969 | noise: 0.101
Iter 1790 | Loss: -1179.142 | lengthscale: 0.283 | outputscale: 2.964 | noise: 0.101
Iter 1800 | Loss: -1179.272 | lengthscale: 0.282 | outputscale: 2.960 | noise: 0.101
Iter 1810 | Loss: -1179.204 | lengthscale: 0.282 | outputscale: 2.956 | noise: 0.101
Iter 1820 | Loss: -1179.132 | lengthscale: 0.282 | outputscale: 2.952 | noise: 0.101
Iter 1830 | Loss: -1179.170 | lengthscale: 0.282 | outputscale: 2.947 | noise: 0.101
Iter 1840 | Loss: -1179.248 | lengthscale: 0.282 | outputscale: 2.943 | noise: 0.101
Iter 1850 | Loss: -1179.228 | lengthscale: 0.282 | outputscale: 2.938 | noise: 0.101
Iter 1860 | Loss: -1179.244 | lengthscale: 0.282 | outputscale: 2.934 | noise: 0.101
Iter 1870 | Loss: -1179.208 | lengthscale: 0.282 | outputscale: 2.929 | noise: 0.101
Iter 1880 | Loss: -1179.217 | lengthscale: 0.282 | outputscale: 2.925 | noise: 0.101
Iter 1890 | Loss: -1179.178 | lengthscale: 0.281 | outputscale: 2.921 | noise: 0.101
Iter 1900 | Loss: -1179.247 | lengthscale: 0.281 | outputscale: 2.916 | noise: 0.101
Iter 1910 | Loss: -1179.288 | lengthscale: 0.281 | outputscale: 2.912 | noise: 0.101
Iter 1920 | Loss: -1179.183 | lengthscale: 0.281 | outputscale: 2.907 | noise: 0.101
Iter 1930 | Loss: -1179.293 | lengthscale: 0.281 | outputscale: 2.903 | noise: 0.101
Iter 1940 | Loss: -1179.207 | lengthscale: 0.281 | outputscale: 2.899 | noise: 0.101
Iter 1950 | Loss: -1179.236 | lengthscale: 0.281 | outputscale: 2.895 | noise: 0.101
Iter 1960 | Loss: -1179.207 | lengthscale: 0.281 | outputscale: 2.890 | noise: 0.101
Iter 1970 | Loss: -1179.198 | lengthscale: 0.281 | outputscale: 2.886 | noise: 0.101
Iter 1980 | Loss: -1179.222 | lengthscale: 0.280 | outputscale: 2.881 | noise: 0.101
Iter 1990 | Loss: -1179.257 | lengthscale: 0.280 | outputscale: 2.877 | noise: 0.101
Iter 2000 | Loss: -1179.218 | lengthscale: 0.280 | outputscale: 2.873 | noise: 0.101
Iter 2010 | Loss: -1179.228 | lengthscale: 0.280 | outputscale: 2.868 | noise: 0.101
Iter 2020 | Loss: -1179.253 | lengthscale: 0.280 | outputscale: 2.864 | noise: 0.101
Iter 2030 | Loss: -1179.156 | lengthscale: 0.280 | outputscale: 2.859 | noise: 0.101
Iter 2040 | Loss: -1179.218 | lengthscale: 0.280 | outputscale: 2.855 | noise: 0.101
Iter 2050 | Loss: -1179.260 | lengthscale: 0.280 | outputscale: 2.851 | noise: 0.101
Iter 2060 | Loss: -1179.193 | lengthscale: 0.280 | outputscale: 2.847 | noise: 0.101
Iter 2070 | Loss: -1179.220 | lengthscale: 0.279 | outputscale: 2.842 | noise: 0.101
Iter 2080 | Loss: -1179.236 | lengthscale: 0.279 | outputscale: 2.837 | noise: 0.101
Iter 2090 | Loss: -1179.232 | lengthscale: 0.279 | outputscale: 2.833 | noise: 0.101
Iter 2100 | Loss: -1179.223 | lengthscale: 0.279 | outputscale: 2.829 | noise: 0.101
Iter 2110 | Loss: -1179.306 | lengthscale: 0.279 | outputscale: 2.824 | noise: 0.101
Iter 2120 | Loss: -1179.277 | lengthscale: 0.279 | outputscale: 2.820 | noise: 0.101
Iter 2130 | Loss: -1179.290 | lengthscale: 0.279 | outputscale: 2.816 | noise: 0.101
Iter 2140 | Loss: -1179.284 | lengthscale: 0.279 | outputscale: 2.811 | noise: 0.101
Iter 2150 | Loss: -1179.284 | lengthscale: 0.279 | outputscale: 2.807 | noise: 0.101
Iter 2160 | Loss: -1179.299 | lengthscale: 0.278 | outputscale: 2.803 | noise: 0.101
Iter 2170 | Loss: -1179.265 | lengthscale: 0.278 | outputscale: 2.798 | noise: 0.101
Iter 2180 | Loss: -1179.309 | lengthscale: 0.278 | outputscale: 2.794 | noise: 0.101
Iter 2190 | Loss: -1179.332 | lengthscale: 0.278 | outputscale: 2.790 | noise: 0.101
Iter 2200 | Loss: -1179.296 | lengthscale: 0.278 | outputscale: 2.786 | noise: 0.101
Iter 2210 | Loss: -1179.322 | lengthscale: 0.278 | outputscale: 2.781 | noise: 0.101
Iter 2220 | Loss: -1179.320 | lengthscale: 0.278 | outputscale: 2.777 | noise: 0.101
Iter 2230 | Loss: -1179.345 | lengthscale: 0.278 | outputscale: 2.773 | noise: 0.101
Iter 2240 | Loss: -1179.362 | lengthscale: 0.278 | outputscale: 2.769 | noise: 0.101
Iter 2250 | Loss: -1179.347 | lengthscale: 0.277 | outputscale: 2.765 | noise: 0.101
Iter 2260 | Loss: -1179.353 | lengthscale: 0.277 | outputscale: 2.761 | noise: 0.101
Iter 2270 | Loss: -1179.350 | lengthscale: 0.277 | outputscale: 2.757 | noise: 0.101
Iter 2280 | Loss: -1179.340 | lengthscale: 0.277 | outputscale: 2.753 | noise: 0.101
Iter 2290 | Loss: -1179.344 | lengthscale: 0.277 | outputscale: 2.749 | noise: 0.101
Iter 2300 | Loss: -1179.350 | lengthscale: 0.277 | outputscale: 2.745 | noise: 0.101
Iter 2310 | Loss: -1179.372 | lengthscale: 0.277 | outputscale: 2.741 | noise: 0.101
Iter 2320 | Loss: -1179.378 | lengthscale: 0.277 | outputscale: 2.737 | noise: 0.101
Iter 2330 | Loss: -1179.351 | lengthscale: 0.277 | outputscale: 2.733 | noise: 0.101
Iter 2340 | Loss: -1179.403 | lengthscale: 0.276 | outputscale: 2.729 | noise: 0.101
Iter 2350 | Loss: -1179.412 | lengthscale: 0.276 | outputscale: 2.725 | noise: 0.101
Iter 2360 | Loss: -1179.411 | lengthscale: 0.276 | outputscale: 2.721 | noise: 0.101
Iter 2370 | Loss: -1179.385 | lengthscale: 0.276 | outputscale: 2.717 | noise: 0.101
Iter 2380 | Loss: -1179.381 | lengthscale: 0.276 | outputscale: 2.713 | noise: 0.101
Iter 2390 | Loss: -1179.360 | lengthscale: 0.276 | outputscale: 2.709 | noise: 0.101
Iter 2400 | Loss: -1179.364 | lengthscale: 0.276 | outputscale: 2.705 | noise: 0.101
Iter 2410 | Loss: -1179.432 | lengthscale: 0.276 | outputscale: 2.701 | noise: 0.101
Iter 2420 | Loss: -1179.421 | lengthscale: 0.276 | outputscale: 2.697 | noise: 0.101
Iter 2430 | Loss: -1179.426 | lengthscale: 0.276 | outputscale: 2.694 | noise: 0.101
Iter 2440 | Loss: -1179.401 | lengthscale: 0.275 | outputscale: 2.690 | noise: 0.101
Iter 2450 | Loss: -1179.383 | lengthscale: 0.275 | outputscale: 2.686 | noise: 0.101
Iter 2460 | Loss: -1179.421 | lengthscale: 0.275 | outputscale: 2.682 | noise: 0.101
Iter 2470 | Loss: -1179.451 | lengthscale: 0.275 | outputscale: 2.678 | noise: 0.101
Iter 2480 | Loss: -1179.438 | lengthscale: 0.275 | outputscale: 2.674 | noise: 0.101
Iter 2490 | Loss: -1179.451 | lengthscale: 0.275 | outputscale: 2.670 | noise: 0.101
Iter 2499 | Loss: -1179.411 | lengthscale: 0.275 | outputscale: 2.667 | noise: 0.101
Learned Hyperparams:  {'lengthscale': 0.27477794885635376, 'outputscale': 2.666646718978882, 'noise': 0.10052736103534698, 'marginal_likelihood_loss_history': [17691.384765625, 17323.35546875, 16964.083984375, 16612.6875, 16267.44140625, 15931.0927734375, 15601.7314453125, 15279.3046875, 14963.724609375, 14654.814453125, 14352.365234375, 14056.25, 13766.705078125, 13483.55078125, 13206.0537109375, 12935.1025390625, 12669.400390625, 12408.7919921875, 12152.5859375, 11901.2919921875, 11654.0244140625, 11409.6650390625, 11168.5703125, 10928.7373046875, 10688.4921875, 10447.2568359375, 10202.916015625, 9953.9482421875, 9698.431640625, 9434.771484375, 9161.328125, 8875.7578125, 8578.224609375, 8267.3291015625, 7945.91845703125, 7614.94873046875, 7277.1181640625, 6936.21142578125, 6596.45654296875, 6263.36083984375, 5941.46923828125, 5636.05419921875, 5350.43408203125, 5087.11767578125, 4847.3876953125, 4631.74560546875, 4439.234375, 4268.0419921875, 4116.130859375, 3980.8505859375, 3859.27001953125, 3749.09423828125, 3647.833984375, 3553.2451171875, 3463.5078125, 3376.92626953125, 3292.203125, 3207.764892578125, 3122.40283203125, 3035.08935546875, 2944.61767578125, 2850.033447265625, 2750.551513671875, 2644.966796875, 2532.34423828125, 2412.050048828125, 2283.26953125, 2146.0185546875, 2000.5850830078125, 1847.7647705078125, 1689.3177490234375, 1527.4722900390625, 1365.218017578125, 1205.76416015625, 1052.5328369140625, 908.6221923828125, 776.3484497070312, 657.3179321289062, 552.1265258789062, 460.5899658203125, 381.90478515625, 314.86474609375, 258.096923828125, 210.1767578125, 169.775146484375, 135.6822509765625, 106.8447265625, 82.3707275390625, 61.5096435546875, 43.640380859375, 28.2470703125, 14.9110107421875, 3.2913818359375, -6.896484375, -15.8896484375, -23.87548828125, -31.009765625, -37.4205322265625, -43.220703125, -48.4993896484375, -53.32958984375, -57.7723388671875, -61.88037109375, -65.706298828125, -69.2784423828125, -72.6329345703125, -75.8004150390625, -78.80126953125, -81.650634765625, -84.3795166015625, -86.9923095703125, -89.5047607421875, -91.9271240234375, -94.270751953125, -96.5394287109375, -98.753662109375, -100.9093017578125, -103.0118408203125, -105.074951171875, -107.0953369140625, -109.079345703125, -111.0301513671875, -112.952392578125, -114.84814453125, -116.7210693359375, -118.57421875, -120.4107666015625, -122.2244873046875, -124.0234375, -125.810791015625, -127.5875244140625, -129.3487548828125, -131.1029052734375, -132.8441162109375, -134.5787353515625, -136.3035888671875, -138.0244140625, -139.738037109375, -141.445556640625, -143.14697265625, -144.841552734375, -146.5360107421875, -148.229736328125, -149.9127197265625, -151.5966796875, -153.2821044921875, -154.9637451171875, -156.6407470703125, -158.314697265625, -159.9906005859375, -161.6644287109375, -163.3349609375, -165.0081787109375, -166.6737060546875, -168.3426513671875, -170.0181884765625, -171.68310546875, -173.354736328125, -175.025146484375, -176.6925048828125, -178.3641357421875, -180.0306396484375, -181.701904296875, -183.373046875, -185.0439453125, -186.7127685546875, -188.3890380859375, -190.064453125, -191.7337646484375, -193.408203125, -195.090087890625, -196.7650146484375, -198.442138671875, -200.1241455078125, -201.7978515625, -203.4827880859375, -205.1656494140625, -206.8480224609375, -208.53369140625, -210.2218017578125, -211.905517578125, -213.6005859375, -215.287353515625, -216.9764404296875, -218.673095703125, -220.3636474609375, -222.0618896484375, -223.76318359375, -225.4561767578125, -227.15966796875, -228.86328125, -230.56787109375, -232.276123046875, -233.9825439453125, -235.6859130859375, -237.3968505859375, -239.109619140625, -240.822021484375, -242.5396728515625, -244.25732421875, -245.9761962890625, -247.696533203125, -249.4149169921875, -251.138671875, -252.8662109375, -254.594970703125, -256.319580078125, -258.0511474609375, -259.7879638671875, -261.5189208984375, -263.259033203125, -264.993408203125, -266.7298583984375, -268.4761962890625, -270.2174072265625, -271.9608154296875, -273.706298828125, -275.45654296875, -277.20654296875, -278.9617919921875, -280.7169189453125, -282.46728515625, -284.2291259765625, -285.9857177734375, -287.7454833984375, -289.5142822265625, -291.278564453125, -293.0440673828125, -294.80615234375, -296.5789794921875, -298.3477783203125, -300.124267578125, -301.8995361328125, -303.675537109375, -305.4539794921875, -307.2357177734375, -309.019775390625, -310.8011474609375, -312.5816650390625, -314.377197265625, -316.1666259765625, -317.9521484375, -319.7470703125, -321.53662109375, -323.33935546875, -325.1363525390625, -326.9359130859375, -328.7315673828125, -330.537353515625, -332.340087890625, -334.1439208984375, -335.953369140625, -337.7640380859375, -339.580322265625, -341.39013671875, -343.2027587890625, -345.0194091796875, -346.8316650390625, -348.6573486328125, -350.4771728515625, -352.3026123046875, -354.1285400390625, -355.94873046875, -357.7730712890625, -359.6009521484375, -361.43212890625, -363.2689208984375, -365.1005859375, -366.9351806640625, -368.7734375, -370.608642578125, -372.4451904296875, -374.2857666015625, -376.1285400390625, -377.9703369140625, -379.813720703125, -381.661865234375, -383.5123291015625, -385.3612060546875, -387.212158203125, -389.0631103515625, -390.9127197265625, -392.7750244140625, -394.6324462890625, -396.48388671875, -398.3367919921875, -400.2069091796875, -402.0635986328125, -403.929931640625, -405.791748046875, -407.657470703125, -409.5185546875, -411.3875732421875, -413.2578125, -415.1324462890625, -416.9996337890625, -418.8717041015625, -420.7432861328125, -422.6221923828125, -424.498046875, -426.3701171875, -428.25439453125, -430.1331787109375, -432.0064697265625, -433.8924560546875, -435.7764892578125, -437.6546630859375, -439.544921875, -441.432373046875, -443.312744140625, -445.1993408203125, -447.0865478515625, -448.98095703125, -450.8646240234375, -452.7606201171875, -454.6585693359375, -456.548828125, -458.4456787109375, -460.3341064453125, -462.22705078125, -464.1307373046875, -466.02197265625, -467.9207763671875, -469.8226318359375, -471.7208251953125, -473.62109375, -475.5274658203125, -477.427001953125, -479.3294677734375, -481.2286376953125, -483.1322021484375, -485.0401611328125, -486.9422607421875, -488.8497314453125, -490.763671875, -492.6658935546875, -494.5750732421875, -496.4825439453125, -498.3902587890625, -500.3035888671875, -502.212646484375, -504.1231689453125, -506.0306396484375, -507.9404296875, -509.8564453125, -511.763427734375, -513.6790771484375, -515.5849609375, -517.4989013671875, -519.4180908203125, -521.3323974609375, -523.2459716796875, -525.16650390625, -527.0797119140625, -528.989990234375, -530.91259765625, -532.8299560546875, -534.73828125, -536.651611328125, -538.576171875, -540.4866943359375, -542.4073486328125, -544.3216552734375, -546.2376708984375, -548.162841796875, -550.0753173828125, -551.9945068359375, -553.91015625, -555.8267822265625, -557.7430419921875, -559.654541015625, -561.576416015625, -563.4915771484375, -565.4112548828125, -567.3323974609375, -569.2523193359375, -571.1632080078125, -573.076904296875, -574.9954833984375, -576.9090576171875, -578.825927734375, -580.7398681640625, -582.6512451171875, -584.572998046875, -586.48486328125, -588.4033203125, -590.31884765625, -592.2352294921875, -594.1514892578125, -596.0645751953125, -597.9732666015625, -599.880615234375, -601.796142578125, -603.7056884765625, -605.6226806640625, -607.536376953125, -609.446533203125, -611.3482666015625, -613.2587890625, -615.1719970703125, -617.0740966796875, -618.9847412109375, -620.88720703125, -622.7886962890625, -624.7025146484375, -626.6090087890625, -628.5191650390625, -630.4166259765625, -632.3201904296875, -634.221435546875, -636.1138916015625, -638.018310546875, -639.916748046875, -641.8199462890625, -643.7203369140625, -645.618896484375, -647.5115966796875, -649.4053955078125, -651.295654296875, -653.1888427734375, -655.0889892578125, -656.9754638671875, -658.8594970703125, -660.75439453125, -662.634765625, -664.5263671875, -666.4217529296875, -668.3045654296875, -670.1802978515625, -672.0723876953125, -673.9488525390625, -675.8236083984375, -677.7047119140625, -679.5731201171875, -681.4547119140625, -683.3311767578125, -685.1968994140625, -687.0711669921875, -688.9488525390625, -690.8133544921875, -692.6832275390625, -694.5455322265625, -696.4210205078125, -698.2708740234375, -700.1385498046875, -702.0042724609375, -703.8612060546875, -705.7117919921875, -707.5772705078125, -709.4197998046875, -711.2779541015625, -713.1326904296875, -714.9776611328125, -716.8270263671875, -718.6746826171875, -720.5174560546875, -722.3577880859375, -724.1995849609375, -726.0423583984375, -727.8739013671875, -729.7049560546875, -731.5411376953125, -733.3753662109375, -735.2037353515625, -737.0281982421875, -738.8472900390625, -740.6881103515625, -742.4920654296875, -744.3280029296875, -746.1348876953125, -747.9510498046875, -749.7647705078125, -751.5723876953125, -753.3875732421875, -755.1998291015625, -756.9937744140625, -758.8006591796875, -760.6060791015625, -762.3927001953125, -764.1968994140625, -765.9927978515625, -767.7840576171875, -769.5582275390625, -771.3529052734375, -773.1387939453125, -774.9244384765625, -776.6907958984375, -778.4786376953125, -780.2579345703125, -782.0235595703125, -783.7906494140625, -785.5687255859375, -787.3292236328125, -789.0960693359375, -790.8519287109375, -792.6072998046875, -794.3616943359375, -796.1129150390625, -797.8704833984375, -799.6072998046875, -801.3482666015625, -803.0875244140625, -804.8338623046875, -806.5792236328125, -808.3031005859375, -810.0267333984375, -811.7623291015625, -813.4808349609375, -815.2091064453125, -816.9232177734375, -818.6456298828125, -820.3572998046875, -822.0787353515625, -823.7625732421875, -825.4796142578125, -827.1756591796875, -828.8787841796875, -830.5618896484375, -832.2550048828125, -833.9302978515625, -835.6409912109375, -837.3165283203125, -839.0028076171875, -840.6810302734375, -842.3438720703125, -844.0008544921875, -845.6734619140625, -847.3468017578125, -849.0023193359375, -850.6624755859375, -852.3116455078125, -853.9534912109375, -855.5999755859375, -857.2459716796875, -858.8807373046875, -860.5057373046875, -862.1488037109375, -863.7938232421875, -865.4056396484375, -867.0367431640625, -868.6497802734375, -870.2652587890625, -871.8819580078125, -873.4881591796875, -875.0948486328125, -876.7166748046875, -878.2923583984375, -879.8753662109375, -881.4832763671875, -883.0843505859375, -884.6463623046875, -886.2208251953125, -887.7950439453125, -889.3660888671875, -890.9344482421875, -892.5008544921875, -894.0633544921875, -895.6202392578125, -897.1749267578125, -898.7154541015625, -900.2598876953125, -901.8038330078125, -903.3453369140625, -904.8927001953125, -906.4051513671875, -907.9459228515625, -909.4593505859375, -910.9637451171875, -912.4864501953125, -914.0054931640625, -915.5037841796875, -917.0001220703125, -918.5091552734375, -919.9896240234375, -921.4891357421875, -922.9793701171875, -924.4500732421875, -925.9229736328125, -927.3985595703125, -928.8592529296875, -930.3299560546875, -931.7762451171875, -933.2379150390625, -934.6820068359375, -936.1275634765625, -937.5740966796875, -939.0169677734375, -940.4488525390625, -941.8719482421875, -943.2979736328125, -944.7354736328125, -946.1451416015625, -947.5516357421875, -948.9554443359375, -950.3717041015625, -951.7762451171875, -953.1639404296875, -954.5291748046875, -955.9161376953125, -957.2904052734375, -958.6820068359375, -960.0560302734375, -961.4158935546875, -962.7879638671875, -964.1522216796875, -965.4818115234375, -966.8331298828125, -968.1876220703125, -969.5452880859375, -970.8746337890625, -972.2132568359375, -973.5440673828125, -974.8648681640625, -976.1802978515625, -977.4827880859375, -978.7938232421875, -980.0902099609375, -981.3951416015625, -982.6739501953125, -984.0076904296875, -985.2515869140625, -986.5360107421875, -987.8211669921875, -989.0770263671875, -990.3441162109375, -991.6160888671875, -992.8707275390625, -994.1168212890625, -995.3646240234375, -996.5987548828125, -997.8270263671875, -999.0755615234375, -1000.3177490234375, -1001.5206298828125, -1002.7196044921875, -1003.9517822265625, -1005.1466064453125, -1006.3572998046875, -1007.5521240234375, -1008.7437744140625, -1009.9442138671875, -1011.1024169921875, -1012.2991943359375, -1013.4644775390625, -1014.6077880859375, -1015.7972412109375, -1016.9500732421875, -1018.1239013671875, -1019.2628173828125, -1020.4017333984375, -1021.5089111328125, -1022.6712646484375, -1023.8006591796875, -1024.9451904296875, -1026.0255126953125, -1027.1263427734375, -1028.2572021484375, -1029.3587646484375, -1030.4517822265625, -1031.5408935546875, -1032.6070556640625, -1033.7232666015625, -1034.8160400390625, -1035.8736572265625, -1036.9310302734375, -1037.9923095703125, -1039.0418701171875, -1040.1151123046875, -1041.1947021484375, -1042.2108154296875, -1043.2564697265625, -1044.2938232421875, -1045.3594970703125, -1046.3663330078125, -1047.3712158203125, -1048.3746337890625, -1049.3868408203125, -1050.3665771484375, -1051.4334716796875, -1052.3787841796875, -1053.3912353515625, -1054.3411865234375, -1055.3377685546875, -1056.3111572265625, -1057.2789306640625, -1058.2506103515625, -1059.1727294921875, -1060.1417236328125, -1061.1063232421875, -1062.0333251953125, -1062.9793701171875, -1063.9322509765625, -1064.8106689453125, -1065.7572021484375, -1066.6834716796875, -1067.5618896484375, -1068.5067138671875, -1069.3760986328125, -1070.3172607421875, -1071.1888427734375, -1072.0762939453125, -1072.9508056640625, -1073.8333740234375, -1074.6961669921875, -1075.5794677734375, -1076.4237060546875, -1077.3287353515625, -1078.1668701171875, -1079.0047607421875, -1079.8531494140625, -1080.6749267578125, -1081.5570068359375, -1082.3648681640625, -1083.1707763671875, -1084.0159912109375, -1084.8477783203125, -1085.6363525390625, -1086.4171142578125, -1087.2462158203125, -1088.0399169921875, -1088.8260498046875, -1089.6209716796875, -1090.3883056640625, -1091.1544189453125, -1091.9197998046875, -1092.6883544921875, -1093.4461669921875, -1094.2091064453125, -1094.9573974609375, -1095.6605224609375, -1096.4197998046875, -1097.1715087890625, -1097.8929443359375, -1098.6085205078125, -1099.3519287109375, -1100.0467529296875, -1100.7796630859375, -1101.5159912109375, -1102.2408447265625, -1102.9393310546875, -1103.5916748046875, -1104.3135986328125, -1104.9857177734375, -1105.6409912109375, -1106.3841552734375, -1107.0145263671875, -1107.7108154296875, -1108.3641357421875, -1109.0242919921875, -1109.6983642578125, -1110.3375244140625, -1111.0081787109375, -1111.6463623046875, -1112.2218017578125, -1112.8768310546875, -1113.4683837890625, -1114.1339111328125, -1114.7960205078125, -1115.3829345703125, -1115.9932861328125, -1116.6080322265625, -1117.2286376953125, -1117.7410888671875, -1118.3370361328125, -1118.9117431640625, -1119.5211181640625, -1120.0792236328125, -1120.6846923828125, -1121.2391357421875, -1121.8084716796875, -1122.3543701171875, -1122.8992919921875, -1123.4676513671875, -1124.0152587890625, -1124.6004638671875, -1125.1629638671875, -1125.6768798828125, -1126.1961669921875, -1126.7091064453125, -1127.2254638671875, -1127.7593994140625, -1128.2601318359375, -1128.7845458984375, -1129.3392333984375, -1129.8492431640625, -1130.3096923828125, -1130.8082275390625, -1131.3250732421875, -1131.8402099609375, -1132.3128662109375, -1132.8204345703125, -1133.2537841796875, -1133.7987060546875, -1134.1966552734375, -1134.6571044921875, -1135.0877685546875, -1135.6055908203125, -1136.0125732421875, -1136.4849853515625, -1136.9090576171875, -1137.3992919921875, -1137.8411865234375, -1138.2596435546875, -1138.7388916015625, -1139.1624755859375, -1139.5579833984375, -1139.9544677734375, -1140.3792724609375, -1140.7728271484375, -1141.1998291015625, -1141.6351318359375, -1141.9835205078125, -1142.4415283203125, -1142.8397216796875, -1143.2403564453125, -1143.6463623046875, -1143.9832763671875, -1144.3480224609375, -1144.7694091796875, -1145.1141357421875, -1145.4901123046875, -1145.8963623046875, -1146.2711181640625, -1146.6046142578125, -1146.9559326171875, -1147.2789306640625, -1147.6153564453125, -1147.9703369140625, -1148.4217529296875, -1148.7203369140625, -1149.0245361328125, -1149.4110107421875, -1149.6954345703125, -1150.0416259765625, -1150.3707275390625, -1150.6600341796875, -1151.0042724609375, -1151.3001708984375, -1151.5882568359375, -1151.9842529296875, -1152.2767333984375, -1152.5484619140625, -1152.9061279296875, -1153.1448974609375, -1153.4652099609375, -1153.7850341796875, -1154.0740966796875, -1154.4188232421875, -1154.6578369140625, -1154.9205322265625, -1155.1971435546875, -1155.4844970703125, -1155.7557373046875, -1155.9862060546875, -1156.2996826171875, -1156.5928955078125, -1156.8470458984375, -1157.1075439453125, -1157.3526611328125, -1157.5999755859375, -1157.8802490234375, -1158.1553955078125, -1158.3494873046875, -1158.6131591796875, -1158.8651123046875, -1159.1153564453125, -1159.3316650390625, -1159.6002197265625, -1159.8333740234375, -1160.0770263671875, -1160.3353271484375, -1160.5172119140625, -1160.7547607421875, -1160.9825439453125, -1161.2139892578125, -1161.4588623046875, -1161.6514892578125, -1161.8192138671875, -1162.0379638671875, -1162.2650146484375, -1162.5030517578125, -1162.6822509765625, -1162.8939208984375, -1163.0799560546875, -1163.2572021484375, -1163.4517822265625, -1163.6929931640625, -1163.8353271484375, -1164.0462646484375, -1164.2584228515625, -1164.4322509765625, -1164.5963134765625, -1164.7669677734375, -1164.9212646484375, -1165.0716552734375, -1165.3292236328125, -1165.4327392578125, -1165.6146240234375, -1165.8485107421875, -1165.9266357421875, -1166.1412353515625, -1166.3314208984375, -1166.4739990234375, -1166.6988525390625, -1166.8060302734375, -1166.9366455078125, -1167.0655517578125, -1167.2630615234375, -1167.3658447265625, -1167.5726318359375, -1167.6688232421875, -1167.8553466796875, -1168.0682373046875, -1168.1446533203125, -1168.3358154296875, -1168.4532470703125, -1168.5460205078125, -1168.6585693359375, -1168.7879638671875, -1168.9520263671875, -1169.0535888671875, -1169.2515869140625, -1169.4097900390625, -1169.4737548828125, -1169.5950927734375, -1169.7098388671875, -1169.8865966796875, -1170.0164794921875, -1170.1405029296875, -1170.2276611328125, -1170.3402099609375, -1170.4158935546875, -1170.5509033203125, -1170.7415771484375, -1170.7835693359375, -1170.9447021484375, -1171.0035400390625, -1171.1072998046875, -1171.2073974609375, -1171.2891845703125, -1171.3519287109375, -1171.5167236328125, -1171.6463623046875, -1171.7449951171875, -1171.8533935546875, -1171.8743896484375, -1172.0208740234375, -1172.1436767578125, -1172.2547607421875, -1172.3529052734375, -1172.3626708984375, -1172.4696044921875, -1172.5506591796875, -1172.6605224609375, -1172.7401123046875, -1172.8067626953125, -1172.9669189453125, -1172.9620361328125, -1173.1068115234375, -1173.1942138671875, -1173.2491455078125, -1173.4046630859375, -1173.4437255859375, -1173.4366455078125, -1173.6590576171875, -1173.6170654296875, -1173.6776123046875, -1173.7994384765625, -1173.8192138671875, -1173.9017333984375, -1173.9805908203125, -1174.0904541015625, -1174.0572509765625, -1174.1409912109375, -1174.2689208984375, -1174.2728271484375, -1174.3594970703125, -1174.5086669921875, -1174.5369873046875, -1174.5843505859375, -1174.7215576171875, -1174.7962646484375, -1174.7967529296875, -1174.8739013671875, -1174.8831787109375, -1174.8885498046875, -1174.9390869140625, -1175.0411376953125, -1175.1300048828125, -1175.1634521484375, -1175.2078857421875, -1175.2313232421875, -1175.2640380859375, -1175.3724365234375, -1175.5032958984375, -1175.4676513671875, -1175.5645751953125, -1175.5484619140625, -1175.6859130859375, -1175.7603759765625, -1175.7879638671875, -1175.7576904296875, -1175.8541259765625, -1175.9090576171875, -1175.9095458984375, -1175.9959716796875, -1176.0574951171875, -1176.0350341796875, -1176.0709228515625, -1176.1810302734375, -1176.1756591796875, -1176.2471923828125, -1176.3538818359375, -1176.3402099609375, -1176.3621826171875, -1176.4205322265625, -1176.4022216796875, -1176.5379638671875, -1176.5179443359375, -1176.5472412109375, -1176.5142822265625, -1176.5897216796875, -1176.6917724609375, -1176.6756591796875, -1176.7755126953125, -1176.7864990234375, -1176.8016357421875, -1176.8702392578125, -1176.8367919921875, -1176.8807373046875, -1176.9317626953125, -1176.9808349609375, -1176.9705810546875, -1177.0650634765625, -1177.0567626953125, -1177.1451416015625, -1177.0784912109375, -1177.1531982421875, -1177.1773681640625, -1177.2171630859375, -1177.1856689453125, -1177.2430419921875, -1177.2274169921875, -1177.2767333984375, -1177.2738037109375, -1177.2601318359375, -1177.3641357421875, -1177.3709716796875, -1177.4383544921875, -1177.4266357421875, -1177.3843994140625, -1177.4630126953125, -1177.5008544921875, -1177.4876708984375, -1177.5562744140625, -1177.4757080078125, -1177.5775146484375, -1177.5003662109375, -1177.5262451171875, -1177.5750732421875, -1177.6234130859375, -1177.6883544921875, -1177.7242431640625, -1177.7093505859375, -1177.7440185546875, -1177.7979736328125, -1177.7535400390625, -1177.8577880859375, -1177.7801513671875, -1177.7952880859375, -1177.8104248046875, -1177.8494873046875, -1177.8050537109375, -1177.9051513671875, -1177.9183349609375, -1177.9022216796875, -1177.8895263671875, -1177.9139404296875, -1177.9969482421875, -1178.0211181640625, -1178.0096435546875, -1177.9854736328125, -1177.9857177734375, -1178.0543212890625, -1178.0469970703125, -1178.0836181640625, -1178.0555419921875, -1178.0345458984375, -1178.1473388671875, -1178.1180419921875, -1178.1781005859375, -1178.0902099609375, -1178.1048583984375, -1178.2191162109375, -1178.1571044921875, -1178.1400146484375, -1178.1851806640625, -1178.2742919921875, -1178.2823486328125, -1178.2391357421875, -1178.2664794921875, -1178.2987060546875, -1178.2967529296875, -1178.3221435546875, -1178.3502197265625, -1178.3316650390625, -1178.3514404296875, -1178.3450927734375, -1178.3983154296875, -1178.3599853515625, -1178.4456787109375, -1178.3519287109375, -1178.4256591796875, -1178.4610595703125, -1178.4732666015625, -1178.4578857421875, -1178.4232177734375, -1178.4461669921875, -1178.4246826171875, -1178.4825439453125, -1178.4688720703125, -1178.4569091796875, -1178.4332275390625, -1178.4700927734375, -1178.4674072265625, -1178.4246826171875, -1178.4578857421875, -1178.5465087890625, -1178.5316162109375, -1178.5074462890625, -1178.5606689453125, -1178.4925537109375, -1178.5072021484375, -1178.5433349609375, -1178.5528564453125, -1178.5743408203125, -1178.6219482421875, -1178.5443115234375, -1178.5281982421875, -1178.5384521484375, -1178.6292724609375, -1178.5462646484375, -1178.5057373046875, -1178.5487060546875, -1178.5709228515625, -1178.5784912109375, -1178.5352783203125, -1178.5423583984375, -1178.5538330078125, -1178.5843505859375, -1178.5994873046875, -1178.6385498046875, -1178.6346435546875, -1178.6175537109375, -1178.6854248046875, -1178.6243896484375, -1178.6409912109375, -1178.7105712890625, -1178.7056884765625, -1178.6092529296875, -1178.7078857421875, -1178.6817626953125, -1178.7015380859375, -1178.6461181640625, -1178.6346435546875, -1178.6961669921875, -1178.7445068359375, -1178.7401123046875, -1178.7381591796875, -1178.6746826171875, -1178.7510986328125, -1178.8236083984375, -1178.7742919921875, -1178.8065185546875, -1178.8077392578125, -1178.8280029296875, -1178.8289794921875, -1178.7816162109375, -1178.7484130859375, -1178.8428955078125, -1178.7384033203125, -1178.8382568359375, -1178.8431396484375, -1178.8157958984375, -1178.8485107421875, -1178.8167724609375, -1178.7840576171875, -1178.8460693359375, -1178.8299560546875, -1178.8255615234375, -1178.8411865234375, -1178.8309326171875, -1178.8070068359375, -1178.8006591796875, -1178.8223876953125, -1178.8109130859375, -1178.8509521484375, -1178.7659912109375, -1178.8499755859375, -1178.7435302734375, -1178.8341064453125, -1178.8323974609375, -1178.8402099609375, -1178.7982177734375, -1178.8389892578125, -1178.7430419921875, -1178.8236083984375, -1178.7572021484375, -1178.7950439453125, -1178.7738037109375, -1178.8302001953125, -1178.8651123046875, -1178.8826904296875, -1178.8924560546875, -1178.8050537109375, -1178.8548583984375, -1178.8602294921875, -1178.9027099609375, -1178.9202880859375, -1178.8397216796875, -1178.8336181640625, -1178.8572998046875, -1178.8470458984375, -1178.8570556640625, -1178.8599853515625, -1178.7960205078125, -1178.8238525390625, -1178.8511962890625, -1178.7994384765625, -1178.8555908203125, -1178.8922119140625, -1178.8568115234375, -1178.8070068359375, -1178.8414306640625, -1178.8365478515625, -1178.8572998046875, -1178.8392333984375, -1178.8389892578125, -1178.8306884765625, -1178.8260498046875, -1178.8609619140625, -1178.8631591796875, -1178.8353271484375, -1178.8348388671875, -1178.8221435546875, -1178.8197021484375, -1178.7928466796875, -1178.8358154296875, -1178.8123779296875, -1178.8104248046875, -1178.8973388671875, -1178.8265380859375, -1178.8822021484375, -1178.8543701171875, -1178.8802490234375, -1178.8392333984375, -1178.8883056640625, -1178.8543701171875, -1178.8951416015625, -1178.8819580078125, -1178.8719482421875, -1178.8909912109375, -1178.8934326171875, -1178.8782958984375, -1178.9017333984375, -1178.9007568359375, -1178.9893798828125, -1178.8714599609375, -1178.9014892578125, -1178.8721923828125, -1178.9061279296875, -1178.9224853515625, -1178.9259033203125, -1178.8836669921875, -1178.9539794921875, -1178.8963623046875, -1178.8319091796875, -1178.8380126953125, -1178.8717041015625, -1178.8482666015625, -1178.9332275390625, -1178.9456787109375, -1178.8895263671875, -1178.9688720703125, -1178.9122314453125, -1178.9088134765625, -1178.8817138671875, -1178.9041748046875, -1178.8851318359375, -1178.9039306640625, -1178.8651123046875, -1178.9715576171875, -1178.8865966796875, -1178.9210205078125, -1178.9237060546875, -1178.9080810546875, -1178.9376220703125, -1178.9022216796875, -1178.9281005859375, -1178.9002685546875, -1178.9320068359375, -1178.9019775390625, -1178.9146728515625, -1178.9188232421875, -1178.9359130859375, -1178.8524169921875, -1178.9149169921875, -1178.8509521484375, -1178.9163818359375, -1178.8748779296875, -1178.8934326171875, -1178.9071044921875, -1178.9124755859375, -1178.9473876953125, -1178.9237060546875, -1178.9324951171875, -1178.9056396484375, -1178.9285888671875, -1178.8826904296875, -1178.8631591796875, -1178.8978271484375, -1178.9329833984375, -1178.9603271484375, -1178.9041748046875, -1178.9100341796875, -1178.8985595703125, -1178.8663330078125, -1178.9202880859375, -1178.9197998046875, -1178.9349365234375, -1178.8802490234375, -1178.9144287109375, -1178.8607177734375, -1178.9508056640625, -1178.9471435546875, -1178.9534912109375, -1178.9403076171875, -1178.9100341796875, -1178.9151611328125, -1178.9407958984375, -1178.9290771484375, -1178.9544677734375, -1178.9456787109375, -1178.9068603515625, -1178.9058837890625, -1178.8861083984375, -1178.9119873046875, -1178.9571533203125, -1178.8731689453125, -1178.9053955078125, -1178.9066162109375, -1178.9124755859375, -1178.9090576171875, -1178.9466552734375, -1178.9735107421875, -1178.9544677734375, -1178.9835205078125, -1179.0220947265625, -1178.9779052734375, -1178.8895263671875, -1178.9945068359375, -1178.9893798828125, -1179.0418701171875, -1178.9815673828125, -1179.0035400390625, -1178.9598388671875, -1179.0301513671875, -1179.0316162109375, -1178.9373779296875, -1178.9495849609375, -1178.9715576171875, -1178.9215087890625, -1178.9744873046875, -1179.0120849609375, -1179.0247802734375, -1178.9556884765625, -1178.9554443359375, -1179.0577392578125, -1178.9981689453125, -1178.9632568359375, -1178.9259033203125, -1178.9815673828125, -1179.0042724609375, -1178.9039306640625, -1178.9764404296875, -1178.9661865234375, -1179.0001220703125, -1178.9483642578125, -1178.9661865234375, -1178.9715576171875, -1178.9708251953125, -1178.9334716796875, -1179.0313720703125, -1178.9718017578125, -1179.0186767578125, -1178.9954833984375, -1178.9310302734375, -1178.9166259765625, -1179.0067138671875, -1178.9791259765625, -1178.9534912109375, -1178.9659423828125, -1178.9432373046875, -1178.9688720703125, -1178.9652099609375, -1178.9613037109375, -1178.9715576171875, -1179.0091552734375, -1178.9771728515625, -1178.9139404296875, -1178.9254150390625, -1178.9774169921875, -1179.0472412109375, -1178.9893798828125, -1178.9603271484375, -1178.9632568359375, -1178.9744873046875, -1178.9749755859375, -1178.9949951171875, -1179.0194091796875, -1178.9395751953125, -1179.0020751953125, -1178.9681396484375, -1178.9586181640625, -1178.9093017578125, -1178.9656982421875, -1178.9798583984375, -1179.0450439453125, -1178.9954833984375, -1178.9703369140625, -1178.9273681640625, -1178.9163818359375, -1179.0003662109375, -1178.9202880859375, -1179.0240478515625, -1179.0052490234375, -1178.9564208984375, -1178.9705810546875, -1178.9852294921875, -1178.9305419921875, -1178.9498291015625, -1178.9781494140625, -1178.8831787109375, -1178.9903564453125, -1179.0736083984375, -1179.0404052734375, -1179.0169677734375, -1178.9818115234375, -1178.9632568359375, -1179.0233154296875, -1179.0648193359375, -1179.0230712890625, -1179.0335693359375, -1179.0174560546875, -1178.9388427734375, -1178.9844970703125, -1179.0052490234375, -1179.0423583984375, -1179.0408935546875, -1179.0181884765625, -1179.0242919921875, -1179.0433349609375, -1179.0711669921875, -1179.0780029296875, -1178.9666748046875, -1179.0667724609375, -1179.0267333984375, -1178.9429931640625, -1178.9925537109375, -1178.9569091796875, -1179.0416259765625, -1178.9808349609375, -1179.0506591796875, -1178.9837646484375, -1179.0242919921875, -1179.0079345703125, -1178.9378662109375, -1178.9627685546875, -1178.9969482421875, -1178.9835205078125, -1178.9674072265625, -1179.0311279296875, -1178.9466552734375, -1178.9949951171875, -1178.9674072265625, -1178.9744873046875, -1178.9808349609375, -1178.9837646484375, -1178.9027099609375, -1178.9571533203125, -1179.0338134765625, -1178.9429931640625, -1179.0247802734375, -1179.0240478515625, -1179.0164794921875, -1178.9798583984375, -1178.9852294921875, -1178.9715576171875, -1178.9605712890625, -1179.0242919921875, -1179.0101318359375, -1179.0252685546875, -1179.0616455078125, -1179.0220947265625, -1179.0091552734375, -1179.0902099609375, -1179.0582275390625, -1179.0369873046875, -1179.0665283203125, -1179.0723876953125, -1179.0181884765625, -1179.0257568359375, -1179.0570068359375, -1179.0831298828125, -1179.0179443359375, -1179.0491943359375, -1179.0208740234375, -1179.0777587890625, -1179.0462646484375, -1179.0509033203125, -1179.0540771484375, -1179.0384521484375, -1179.0399169921875, -1179.0618896484375, -1179.0985107421875, -1179.0452880859375, -1179.0528564453125, -1179.0072021484375, -1179.1004638671875, -1179.0098876953125, -1179.0443115234375, -1179.0938720703125, -1179.0677490234375, -1179.0594482421875, -1179.0482177734375, -1179.0462646484375, -1179.0755615234375, -1179.0482177734375, -1179.0426025390625, -1179.0416259765625, -1179.0035400390625, -1179.0157470703125, -1179.0806884765625, -1179.0667724609375, -1179.0438232421875, -1179.0699462890625, -1179.1104736328125, -1179.0640869140625, -1179.0452880859375, -1179.0726318359375, -1179.0240478515625, -1179.0396728515625, -1178.9932861328125, -1179.0570068359375, -1179.0823974609375, -1179.0872802734375, -1179.0897216796875, -1179.0745849609375, -1179.0826416015625, -1179.0096435546875, -1178.9996337890625, -1179.0916748046875, -1179.0889892578125, -1179.0797119140625, -1179.0164794921875, -1179.1258544921875, -1179.0255126953125, -1179.0362548828125, -1179.0399169921875, -1179.0330810546875, -1179.0697021484375, -1179.0123291015625, -1178.9989013671875, -1179.0853271484375, -1179.0272216796875, -1179.0814208984375, -1179.0113525390625, -1179.0272216796875, -1179.0245361328125, -1178.9898681640625, -1179.0943603515625, -1179.0457763671875, -1179.0775146484375, -1179.0504150390625, -1179.0635986328125, -1179.0592041015625, -1179.0987548828125, -1179.0362548828125, -1179.0433349609375, -1179.0499267578125, -1179.1204833984375, -1179.1180419921875, -1179.0906982421875, -1179.1339111328125, -1179.0994873046875, -1179.0782470703125, -1179.0662841796875, -1179.0692138671875, -1179.0013427734375, -1179.1199951171875, -1179.0333251953125, -1179.0872802734375, -1179.1082763671875, -1179.0677490234375, -1179.0941162109375, -1179.0076904296875, -1179.0806884765625, -1179.0115966796875, -1179.0565185546875, -1179.0921630859375, -1179.1119384765625, -1179.0596923828125, -1179.0794677734375, -1178.9879150390625, -1179.0638427734375, -1178.9940185546875, -1179.0579833984375, -1179.0584716796875, -1179.1451416015625, -1179.0980224609375, -1179.1282958984375, -1179.1427001953125, -1179.1087646484375, -1179.1458740234375, -1179.1185302734375, -1179.0750732421875, -1179.0970458984375, -1179.1400146484375, -1179.1331787109375, -1179.0931396484375, -1179.1461181640625, -1179.1405029296875, -1179.1170654296875, -1179.1107177734375, -1179.0958251953125, -1179.1444091796875, -1179.0374755859375, -1179.1624755859375, -1179.0606689453125, -1179.0946044921875, -1179.1014404296875, -1179.0726318359375, -1179.1119384765625, -1179.0989990234375, -1179.1319580078125, -1179.0706787109375, -1179.1295166015625, -1179.1031494140625, -1179.1312255859375, -1179.1302490234375, -1179.1658935546875, -1179.1456298828125, -1179.1102294921875, -1179.0921630859375, -1179.0111083984375, -1179.0997314453125, -1179.1761474609375, -1179.0555419921875, -1179.1329345703125, -1179.0902099609375, -1179.0987548828125, -1179.1326904296875, -1179.1239013671875, -1179.0628662109375, -1179.1131591796875, -1179.1239013671875, -1179.1729736328125, -1179.0953369140625, -1179.1268310546875, -1179.1143798828125, -1179.0985107421875, -1179.1575927734375, -1179.1158447265625, -1179.0946044921875, -1179.1458740234375, -1179.1331787109375, -1179.0975341796875, -1179.1268310546875, -1179.0584716796875, -1179.0535888671875, -1179.1444091796875, -1179.0875244140625, -1179.0662841796875, -1179.1356201171875, -1179.0780029296875, -1179.1776123046875, -1179.1077880859375, -1179.1058349609375, -1179.1644287109375, -1179.0535888671875, -1179.1131591796875, -1179.0714111328125, -1179.1265869140625, -1179.1295166015625, -1179.1107177734375, -1179.1138916015625, -1179.1297607421875, -1179.1121826171875, -1179.1270751953125, -1179.1541748046875, -1179.1434326171875, -1179.2132568359375, -1179.1861572265625, -1179.1673583984375, -1179.1561279296875, -1179.1463623046875, -1179.0870361328125, -1179.1370849609375, -1179.0635986328125, -1179.0594482421875, -1179.1580810546875, -1179.1197509765625, -1179.1138916015625, -1179.1016845703125, -1179.1275634765625, -1179.0709228515625, -1179.0882568359375, -1179.1453857421875, -1179.1038818359375, -1179.1048583984375, -1179.1312255859375, -1179.1820068359375, -1179.1236572265625, -1179.0789794921875, -1179.0775146484375, -1179.0565185546875, -1179.0401611328125, -1179.1058349609375, -1179.0848388671875, -1179.0780029296875, -1179.0526123046875, -1179.0711669921875, -1179.0943603515625, -1179.1168212890625, -1179.1043701171875, -1179.0123291015625, -1179.0980224609375, -1179.0413818359375, -1179.0545654296875, -1179.0460205078125, -1179.1063232421875, -1179.1038818359375, -1179.0545654296875, -1179.0826416015625, -1179.0643310546875, -1179.0667724609375, -1179.0399169921875, -1179.0601806640625, -1179.0418701171875, -1179.0924072265625, -1179.0877685546875, -1179.0296630859375, -1179.0426025390625, -1179.1153564453125, -1179.0948486328125, -1179.0426025390625, -1178.9942626953125, -1179.0980224609375, -1179.0479736328125, -1179.0799560546875, -1179.1046142578125, -1179.0943603515625, -1179.0926513671875, -1179.0770263671875, -1179.0697021484375, -1179.0845947265625, -1179.0709228515625, -1179.1451416015625, -1179.1307373046875, -1179.1214599609375, -1179.0760498046875, -1179.0799560546875, -1179.0780029296875, -1179.1873779296875, -1179.1395263671875, -1179.0806884765625, -1179.1353759765625, -1179.1947021484375, -1179.1741943359375, -1179.1922607421875, -1179.1275634765625, -1179.1656494140625, -1179.1649169921875, -1179.1822509765625, -1179.2630615234375, -1179.1204833984375, -1179.1343994140625, -1179.2479248046875, -1179.2049560546875, -1179.1434326171875, -1179.1417236328125, -1179.2113037109375, -1179.1968994140625, -1179.1517333984375, -1179.1937255859375, -1179.1483154296875, -1179.1541748046875, -1179.2127685546875, -1179.1556396484375, -1179.2227783203125, -1179.2718505859375, -1179.1741943359375, -1179.2020263671875, -1179.2205810546875, -1179.2137451171875, -1179.2020263671875, -1179.1834716796875, -1179.1407470703125, -1179.1458740234375, -1179.1785888671875, -1179.2044677734375, -1179.1563720703125, -1179.1268310546875, -1179.2056884765625, -1179.1529541015625, -1179.1790771484375, -1179.1663818359375, -1179.1502685546875, -1179.1417236328125, -1179.1380615234375, -1179.1319580078125, -1179.1527099609375, -1179.1707763671875, -1179.2120361328125, -1179.1932373046875, -1179.2030029296875, -1179.1932373046875, -1179.1527099609375, -1179.2003173828125, -1179.1905517578125, -1179.1702880859375, -1179.1688232421875, -1179.1785888671875, -1179.1934814453125, -1179.1683349609375, -1179.1849365234375, -1179.1761474609375, -1179.1810302734375, -1179.2139892578125, -1179.1939697265625, -1179.2476806640625, -1179.2076416015625, -1179.1871337890625, -1179.1595458984375, -1179.2420654296875, -1179.2039794921875, -1179.2181396484375, -1179.1834716796875, -1179.1917724609375, -1179.2266845703125, -1179.2276611328125, -1179.2049560546875, -1179.1715087890625, -1179.1395263671875, -1179.2318115234375, -1179.1842041015625, -1179.1976318359375, -1179.2479248046875, -1179.1978759765625, -1179.1724853515625, -1179.2437744140625, -1179.2032470703125, -1179.1893310546875, -1179.2113037109375, -1179.2064208984375, -1179.2369384765625, -1179.1927490234375, -1179.2025146484375, -1179.1851806640625, -1179.2166748046875, -1179.2078857421875, -1179.2440185546875, -1179.2015380859375, -1179.2894287109375, -1179.2374267578125, -1179.1654052734375, -1179.2276611328125, -1179.1947021484375, -1179.1922607421875, -1179.2386474609375, -1179.2174072265625, -1179.1673583984375, -1179.1536865234375, -1179.2078857421875, -1179.2054443359375, -1179.1295166015625, -1179.2059326171875, -1179.1837158203125, -1179.1839599609375, -1179.2332763671875, -1179.1783447265625, -1179.1741943359375, -1179.2562255859375, -1179.1917724609375, -1179.2547607421875, -1179.2545166015625, -1179.2318115234375, -1179.2103271484375, -1179.2425537109375, -1179.2391357421875, -1179.2469482421875, -1179.2239990234375, -1179.2052001953125, -1179.2962646484375, -1179.2742919921875, -1179.2701416015625, -1179.3001708984375, -1179.2081298828125, -1179.2379150390625, -1179.2496337890625, -1179.2882080078125, -1179.2523193359375, -1179.2718505859375, -1179.2037353515625, -1179.2454833984375, -1179.2137451171875, -1179.1956787109375, -1179.1986083984375, -1179.2056884765625, -1179.2010498046875, -1179.1829833984375, -1179.2689208984375, -1179.2327880859375, -1179.2642822265625, -1179.1824951171875, -1179.2147216796875, -1179.2291259765625, -1179.2435302734375, -1179.2410888671875, -1179.1778564453125, -1179.2928466796875, -1179.1781005859375, -1179.2113037109375, -1179.2376708984375, -1179.2637939453125, -1179.2022705078125, -1179.1878662109375, -1179.1851806640625, -1179.2305908203125, -1179.2093505859375, -1179.2069091796875, -1179.2010498046875, -1179.2308349609375, -1179.2196044921875, -1179.1925048828125, -1179.2132568359375, -1179.2142333984375, -1179.2071533203125, -1179.2432861328125, -1179.2039794921875, -1179.2357177734375, -1179.2432861328125, -1179.2591552734375, -1179.1844482421875, -1179.2606201171875, -1179.2078857421875, -1179.2059326171875, -1179.2462158203125, -1179.2484130859375, -1179.2332763671875, -1179.2073974609375, -1179.2227783203125, -1179.2249755859375, -1179.2210693359375, -1179.2215576171875, -1179.2257080078125, -1179.2366943359375, -1179.2322998046875, -1179.2264404296875, -1179.2506103515625, -1179.1981201171875, -1179.2320556640625, -1179.2264404296875, -1179.2388916015625, -1179.2550048828125, -1179.2567138671875, -1179.2442626953125, -1179.2042236328125, -1179.2503662109375, -1179.2969970703125, -1179.2220458984375, -1179.1976318359375, -1179.2786865234375, -1179.2442626953125, -1179.2357177734375, -1179.1951904296875, -1179.2606201171875, -1179.2410888671875, -1179.2327880859375, -1179.2291259765625, -1179.2569580078125, -1179.1927490234375, -1179.2840576171875, -1179.2589111328125, -1179.2249755859375, -1179.2064208984375, -1179.1937255859375, -1179.2303466796875, -1179.2406005859375, -1179.2320556640625, -1179.2176513671875, -1179.2464599609375, -1179.3277587890625, -1179.2889404296875, -1179.2635498046875, -1179.2425537109375, -1179.2586669921875, -1179.2327880859375, -1179.2352294921875, -1179.2598876953125, -1179.2283935546875, -1179.2664794921875, -1179.2401123046875, -1179.2391357421875, -1179.1854248046875, -1179.1898193359375, -1179.1915283203125, -1179.2322998046875, -1179.2117919921875, -1179.2557373046875, -1179.2532958984375, -1179.2376708984375, -1179.2298583984375, -1179.2362060546875, -1179.2645263671875, -1179.2467041015625, -1179.2142333984375, -1179.2401123046875, -1179.1905517578125, -1179.2132568359375, -1179.1556396484375, -1179.1781005859375, -1179.2279052734375, -1179.2252197265625, -1179.1966552734375, -1179.2049560546875, -1179.2269287109375, -1179.2227783203125, -1179.2523193359375, -1179.2269287109375, -1179.2183837890625, -1179.2484130859375, -1179.2188720703125, -1179.2296142578125, -1179.2108154296875, -1179.2515869140625, -1179.2105712890625, -1179.1998291015625, -1179.2105712890625, -1179.2073974609375, -1179.2596435546875, -1179.2442626953125, -1179.1986083984375, -1179.1998291015625, -1179.2469482421875, -1179.2633056640625, -1179.2625732421875, -1179.2120361328125, -1179.2105712890625, -1179.2242431640625, -1179.1927490234375, -1179.2200927734375, -1179.2066650390625, -1179.1939697265625, -1179.2503662109375, -1179.2567138671875, -1179.2481689453125, -1179.2139892578125, -1179.2474365234375, -1179.2447509765625, -1179.2196044921875, -1179.2935791015625, -1179.2662353515625, -1179.2318115234375, -1179.2464599609375, -1179.2825927734375, -1179.1988525390625, -1179.2584228515625, -1179.2308349609375, -1179.1849365234375, -1179.2357177734375, -1179.2384033203125, -1179.2208251953125, -1179.2723388671875, -1179.2630615234375, -1179.2606201171875, -1179.2318115234375, -1179.2542724609375, -1179.2728271484375, -1179.2947998046875, -1179.2322998046875, -1179.3035888671875, -1179.2711181640625, -1179.2347412109375, -1179.2005615234375, -1179.2603759765625, -1179.2218017578125, -1179.2122802734375, -1179.2899169921875, -1179.2586669921875, -1179.2227783203125, -1179.2279052734375, -1179.2713623046875, -1179.3070068359375, -1179.2435302734375, -1179.2706298828125, -1179.2784423828125, -1179.2972412109375, -1179.2852783203125, -1179.2525634765625, -1179.3057861328125, -1179.2916259765625, -1179.2672119140625, -1179.2027587890625, -1179.2669677734375, -1179.2203369140625, -1179.1995849609375, -1179.2318115234375, -1179.2747802734375, -1179.2532958984375, -1179.2772216796875, -1179.2301025390625, -1179.2489013671875, -1179.2835693359375, -1179.2515869140625, -1179.2962646484375, -1179.3048095703125, -1179.2947998046875, -1179.3016357421875, -1179.3140869140625, -1179.2899169921875, -1179.2796630859375, -1179.2562255859375, -1179.2874755859375, -1179.2952880859375, -1179.2611083984375, -1179.2713623046875, -1179.2847900390625, -1179.2918701171875, -1179.2962646484375, -1179.2838134765625, -1179.3128662109375, -1179.3157958984375, -1179.2965087890625, -1179.2862548828125, -1179.2501220703125, -1179.2723388671875, -1179.2574462890625, -1179.3018798828125, -1179.2899169921875, -1179.2843017578125, -1179.3006591796875, -1179.2811279296875, -1179.3179931640625, -1179.2860107421875, -1179.3309326171875, -1179.2962646484375, -1179.2962646484375, -1179.3475341796875, -1179.3087158203125, -1179.2994384765625, -1179.2840576171875, -1179.2982177734375, -1179.3013916015625, -1179.3338623046875, -1179.3177490234375, -1179.3143310546875, -1179.3299560546875, -1179.3016357421875, -1179.2947998046875, -1179.2650146484375, -1179.3265380859375, -1179.3111572265625, -1179.3079833984375, -1179.2884521484375, -1179.3052978515625, -1179.3216552734375, -1179.3109130859375, -1179.3328857421875, -1179.3074951171875, -1179.3092041015625, -1179.3138427734375, -1179.3414306640625, -1179.3294677734375, -1179.2850341796875, -1179.3272705078125, -1179.3223876953125, -1179.3070068359375, -1179.3209228515625, -1179.3160400390625, -1179.3316650390625, -1179.3182373046875, -1179.3431396484375, -1179.3719482421875, -1179.3465576171875, -1179.3499755859375, -1179.3040771484375, -1179.3529052734375, -1179.3131103515625, -1179.2843017578125, -1179.2957763671875, -1179.3082275390625, -1179.3218994140625, -1179.3389892578125, -1179.3577880859375, -1179.3524169921875, -1179.3536376953125, -1179.3841552734375, -1179.3333740234375, -1179.3221435546875, -1179.3218994140625, -1179.3389892578125, -1179.3372802734375, -1179.3563232421875, -1179.4007568359375, -1179.3353271484375, -1179.3634033203125, -1179.3341064453125, -1179.4051513671875, -1179.3294677734375, -1179.3201904296875, -1179.3504638671875, -1179.3377685546875, -1179.3262939453125, -1179.3797607421875, -1179.3675537109375, -1179.3243408203125, -1179.3221435546875, -1179.3753662109375, -1179.3675537109375, -1179.3450927734375, -1179.3516845703125, -1179.3663330078125, -1179.3436279296875, -1179.3397216796875, -1179.3214111328125, -1179.3519287109375, -1179.3365478515625, -1179.3824462890625, -1179.3289794921875, -1179.3616943359375, -1179.3753662109375, -1179.3353271484375, -1179.3895263671875, -1179.3375244140625, -1179.3551025390625, -1179.4051513671875, -1179.3114013671875, -1179.4053955078125, -1179.4183349609375, -1179.3465576171875, -1179.3328857421875, -1179.3824462890625, -1179.3658447265625, -1179.3328857421875, -1179.3275146484375, -1179.3150634765625, -1179.3323974609375, -1179.3348388671875, -1179.3321533203125, -1179.3533935546875, -1179.3223876953125, -1179.3411865234375, -1179.3968505859375, -1179.4041748046875, -1179.3446044921875, -1179.4095458984375, -1179.3883056640625, -1179.3558349609375, -1179.3358154296875, -1179.3502197265625, -1179.3963623046875, -1179.3465576171875, -1179.4029541015625, -1179.3502197265625, -1179.3626708984375, -1179.3609619140625, -1179.3665771484375, -1179.3565673828125, -1179.3426513671875, -1179.3402099609375, -1179.3743896484375, -1179.3121337890625, -1179.3465576171875, -1179.3404541015625, -1179.3426513671875, -1179.3468017578125, -1179.2747802734375, -1179.3319091796875, -1179.3436279296875, -1179.3441162109375, -1179.3497314453125, -1179.3345947265625, -1179.3284912109375, -1179.3446044921875, -1179.3905029296875, -1179.3358154296875, -1179.4049072265625, -1179.3663330078125, -1179.3397216796875, -1179.3499755859375, -1179.3773193359375, -1179.3822021484375, -1179.3319091796875, -1179.3597412109375, -1179.4156494140625, -1179.3507080078125, -1179.4166259765625, -1179.3631591796875, -1179.3851318359375, -1179.3721923828125, -1179.4036865234375, -1179.4114990234375, -1179.3985595703125, -1179.3529052734375, -1179.4188232421875, -1179.3927001953125, -1179.4095458984375, -1179.4014892578125, -1179.3875732421875, -1179.3780517578125, -1179.3929443359375, -1179.3624267578125, -1179.3743896484375, -1179.3387451171875, -1179.4139404296875, -1179.3563232421875, -1179.3848876953125, -1179.3690185546875, -1179.3875732421875, -1179.3509521484375, -1179.3563232421875, -1179.3636474609375, -1179.3975830078125, -1179.3797607421875, -1179.3499755859375, -1179.3853759765625, -1179.4124755859375, -1179.4051513671875, -1179.4007568359375, -1179.4027099609375, -1179.4271240234375, -1179.3944091796875, -1179.3909912109375, -1179.3900146484375, -1179.4024658203125, -1179.4239501953125, -1179.3604736328125, -1179.4449462890625, -1179.3958740234375, -1179.4124755859375, -1179.3980712890625, -1179.4154052734375, -1179.4176025390625, -1179.3638916015625, -1179.3526611328125, -1179.3988037109375, -1179.3687744140625, -1179.4071044921875, -1179.3975830078125, -1179.4105224609375, -1179.4007568359375, -1179.4334716796875, -1179.3968505859375, -1179.4012451171875, -1179.4051513671875, -1179.3851318359375, -1179.3848876953125, -1179.4058837890625, -1179.3712158203125, -1179.3846435546875, -1179.3602294921875, -1179.3636474609375, -1179.3699951171875, -1179.3822021484375, -1179.3841552734375, -1179.3499755859375, -1179.4310302734375, -1179.3843994140625, -1179.3897705078125, -1179.3814697265625, -1179.4217529296875, -1179.3548583984375, -1179.3621826171875, -1179.3748779296875, -1179.3992919921875, -1179.3553466796875, -1179.3685302734375, -1179.3636474609375, -1179.3963623046875, -1179.3597412109375, -1179.3870849609375, -1179.3651123046875, -1179.3978271484375, -1179.3680419921875, -1179.4129638671875, -1179.3804931640625, -1179.3946533203125, -1179.4002685546875, -1179.4027099609375, -1179.3643798828125, -1179.4427490234375, -1179.3812255859375, -1179.3939208984375, -1179.3914794921875, -1179.4051513671875, -1179.3988037109375, -1179.3931884765625, -1179.3646240234375, -1179.4229736328125, -1179.4320068359375, -1179.4293212890625, -1179.4083251953125, -1179.4105224609375, -1179.4171142578125, -1179.4012451171875, -1179.3944091796875, -1179.3460693359375, -1179.4490966796875, -1179.3516845703125, -1179.4212646484375, -1179.3983154296875, -1179.3880615234375, -1179.4071044921875, -1179.4080810546875, -1179.3948974609375, -1179.4307861328125, -1179.4141845703125, -1179.3995361328125, -1179.4173583984375, -1179.4259033203125, -1179.3743896484375, -1179.4276123046875, -1179.3851318359375, -1179.4007568359375, -1179.3690185546875, -1179.4071044921875, -1179.3782958984375, -1179.4129638671875, -1179.3743896484375, -1179.4007568359375, -1179.3863525390625, -1179.3538818359375, -1179.3748779296875, -1179.3941650390625, -1179.4344482421875, -1179.3988037109375, -1179.4234619140625, -1179.4119873046875, -1179.4351806640625, -1179.3826904296875, -1179.4005126953125, -1179.3822021484375, -1179.3941650390625, -1179.4656982421875, -1179.3814697265625, -1179.3792724609375, -1179.4134521484375, -1179.4158935546875, -1179.4459228515625, -1179.4205322265625, -1179.4071044921875, -1179.4124755859375, -1179.4310302734375, -1179.4635009765625, -1179.4525146484375, -1179.4837646484375, -1179.4486083984375, -1179.4615478515625, -1179.4622802734375, -1179.4508056640625, -1179.4276123046875, -1179.4581298828125, -1179.4820556640625, -1179.4549560546875, -1179.4039306640625, -1179.4522705078125, -1179.4578857421875, -1179.4388427734375, -1179.4639892578125, -1179.4381103515625, -1179.4847412109375, -1179.4993896484375, -1179.4437255859375, -1179.4808349609375, -1179.4256591796875, -1179.4495849609375, -1179.4505615234375, -1179.4339599609375, -1179.4471435546875, -1179.4505615234375, -1179.4466552734375, -1179.4859619140625, -1179.4468994140625, -1179.4691162109375, -1179.4456787109375, -1179.4251708984375, -1179.4437255859375, -1179.4493408203125, -1179.4110107421875]}
Warning: Cholesky failed, using eigendecomposition fallback
{'mse': 0.009989792481064796, 'rmse': 0.099948950111866, 'test_ll': -244950.28125, 'total_test_ll': -6123757056.0}
/cluster/tufts/hugheslab/swilli26/stat-patt-final/gp_vs_sngp/results/hyperparam_search/GP/CrazySin_1500_6001/logs
/cluster/tufts/hugheslab/swilli26/stat-patt-final/gp_vs_sngp/results/hyperparam_search/logs/GP_VS_SNGP_25028902.out
/cluster/tufts/hugheslab/swilli26/stat-patt-final/gp_vs_sngp/results/hyperparam_search/logs/GP_VS_SNGP_25028902.err
