Starting imports...
Importing argparse...
Importing torch...
Importing os...
Importing sngp.train and sngp.model...
Importing gaussian_process...
Importing dataset...
Importing json...
ALL IMPORTS COMPLETE!
Parsing arguments...
Arguments parsed! Running GP on Sin with N=1000
Checking CUDA availability...
Using CPU
Making Datasets...
Making Model...
Training Gaussian Process...
Iter   0 | Loss: -533.235 | lengthscale: 1.010 | outputscale: 1.010 | noise: 0.198
Iter  10 | Loss: -604.886 | lengthscale: 1.046 | outputscale: 1.114 | noise: 0.179
Iter  20 | Loss: -669.422 | lengthscale: 1.076 | outputscale: 1.218 | noise: 0.162
Iter  30 | Loss: -724.905 | lengthscale: 1.100 | outputscale: 1.310 | noise: 0.148
Iter  40 | Loss: -769.774 | lengthscale: 1.119 | outputscale: 1.382 | noise: 0.135
Iter  50 | Loss: -803.233 | lengthscale: 1.131 | outputscale: 1.431 | noise: 0.125
Iter  60 | Loss: -825.623 | lengthscale: 1.137 | outputscale: 1.457 | noise: 0.116
Iter  70 | Loss: -838.615 | lengthscale: 1.141 | outputscale: 1.467 | noise: 0.110
Iter  80 | Loss: -844.779 | lengthscale: 1.141 | outputscale: 1.469 | noise: 0.105
Iter  90 | Loss: -847.078 | lengthscale: 1.141 | outputscale: 1.466 | noise: 0.102
Iter 100 | Loss: -847.623 | lengthscale: 1.140 | outputscale: 1.463 | noise: 0.101
Iter 110 | Loss: -847.671 | lengthscale: 1.139 | outputscale: 1.460 | noise: 0.100
Iter 120 | Loss: -847.639 | lengthscale: 1.140 | outputscale: 1.461 | noise: 0.100
Iter 130 | Loss: -847.628 | lengthscale: 1.141 | outputscale: 1.461 | noise: 0.100
Iter 140 | Loss: -847.660 | lengthscale: 1.140 | outputscale: 1.461 | noise: 0.100
Iter 150 | Loss: -847.657 | lengthscale: 1.140 | outputscale: 1.461 | noise: 0.100
Iter 160 | Loss: -847.678 | lengthscale: 1.140 | outputscale: 1.461 | noise: 0.100
Iter 170 | Loss: -847.634 | lengthscale: 1.140 | outputscale: 1.459 | noise: 0.100
Iter 180 | Loss: -847.665 | lengthscale: 1.139 | outputscale: 1.457 | noise: 0.100
Iter 190 | Loss: -847.685 | lengthscale: 1.138 | outputscale: 1.457 | noise: 0.100
Iter 200 | Loss: -847.656 | lengthscale: 1.139 | outputscale: 1.459 | noise: 0.100
Iter 210 | Loss: -847.641 | lengthscale: 1.139 | outputscale: 1.456 | noise: 0.100
Iter 220 | Loss: -847.653 | lengthscale: 1.139 | outputscale: 1.456 | noise: 0.100
Iter 230 | Loss: -847.664 | lengthscale: 1.138 | outputscale: 1.455 | noise: 0.100
Iter 240 | Loss: -847.659 | lengthscale: 1.138 | outputscale: 1.458 | noise: 0.100
Iter 250 | Loss: -847.643 | lengthscale: 1.137 | outputscale: 1.456 | noise: 0.100
Iter 260 | Loss: -847.668 | lengthscale: 1.137 | outputscale: 1.451 | noise: 0.100
Iter 270 | Loss: -847.689 | lengthscale: 1.137 | outputscale: 1.450 | noise: 0.100
Iter 280 | Loss: -847.668 | lengthscale: 1.137 | outputscale: 1.447 | noise: 0.100
Iter 290 | Loss: -847.661 | lengthscale: 1.137 | outputscale: 1.442 | noise: 0.100
Iter 300 | Loss: -847.653 | lengthscale: 1.137 | outputscale: 1.449 | noise: 0.100
Iter 310 | Loss: -847.671 | lengthscale: 1.138 | outputscale: 1.454 | noise: 0.100
Iter 320 | Loss: -847.661 | lengthscale: 1.140 | outputscale: 1.461 | noise: 0.100
Iter 330 | Loss: -847.654 | lengthscale: 1.139 | outputscale: 1.458 | noise: 0.100
Iter 340 | Loss: -847.661 | lengthscale: 1.137 | outputscale: 1.449 | noise: 0.100
Iter 350 | Loss: -847.663 | lengthscale: 1.138 | outputscale: 1.450 | noise: 0.100
Iter 360 | Loss: -847.641 | lengthscale: 1.140 | outputscale: 1.461 | noise: 0.100
Iter 370 | Loss: -847.670 | lengthscale: 1.140 | outputscale: 1.464 | noise: 0.100
Iter 380 | Loss: -847.672 | lengthscale: 1.139 | outputscale: 1.456 | noise: 0.100
Iter 390 | Loss: -847.648 | lengthscale: 1.139 | outputscale: 1.457 | noise: 0.100
Iter 400 | Loss: -847.648 | lengthscale: 1.141 | outputscale: 1.457 | noise: 0.100
Iter 410 | Loss: -847.651 | lengthscale: 1.141 | outputscale: 1.462 | noise: 0.100
Iter 420 | Loss: -847.655 | lengthscale: 1.141 | outputscale: 1.465 | noise: 0.100
Iter 430 | Loss: -847.671 | lengthscale: 1.139 | outputscale: 1.462 | noise: 0.100
Iter 440 | Loss: -847.652 | lengthscale: 1.138 | outputscale: 1.454 | noise: 0.100
Iter 450 | Loss: -847.671 | lengthscale: 1.138 | outputscale: 1.452 | noise: 0.100
Iter 460 | Loss: -847.654 | lengthscale: 1.138 | outputscale: 1.457 | noise: 0.100
Iter 470 | Loss: -847.638 | lengthscale: 1.140 | outputscale: 1.458 | noise: 0.100
Iter 480 | Loss: -847.657 | lengthscale: 1.139 | outputscale: 1.462 | noise: 0.100
Iter 490 | Loss: -847.650 | lengthscale: 1.140 | outputscale: 1.464 | noise: 0.100
Iter 500 | Loss: -847.681 | lengthscale: 1.139 | outputscale: 1.464 | noise: 0.100
Iter 510 | Loss: -847.699 | lengthscale: 1.137 | outputscale: 1.451 | noise: 0.100
Iter 520 | Loss: -847.670 | lengthscale: 1.137 | outputscale: 1.450 | noise: 0.100
Iter 530 | Loss: -847.686 | lengthscale: 1.138 | outputscale: 1.453 | noise: 0.100
Iter 540 | Loss: -847.673 | lengthscale: 1.139 | outputscale: 1.455 | noise: 0.100
Iter 550 | Loss: -847.658 | lengthscale: 1.140 | outputscale: 1.458 | noise: 0.100
Iter 560 | Loss: -847.642 | lengthscale: 1.140 | outputscale: 1.463 | noise: 0.100
Iter 570 | Loss: -847.672 | lengthscale: 1.140 | outputscale: 1.462 | noise: 0.100
Iter 580 | Loss: -847.669 | lengthscale: 1.139 | outputscale: 1.459 | noise: 0.100
Iter 590 | Loss: -847.677 | lengthscale: 1.139 | outputscale: 1.453 | noise: 0.100
Iter 600 | Loss: -847.668 | lengthscale: 1.139 | outputscale: 1.458 | noise: 0.100
Iter 610 | Loss: -847.639 | lengthscale: 1.141 | outputscale: 1.470 | noise: 0.100
Iter 620 | Loss: -847.651 | lengthscale: 1.140 | outputscale: 1.463 | noise: 0.100
Iter 630 | Loss: -847.670 | lengthscale: 1.138 | outputscale: 1.453 | noise: 0.100
Iter 640 | Loss: -847.643 | lengthscale: 1.140 | outputscale: 1.456 | noise: 0.100
Iter 650 | Loss: -847.640 | lengthscale: 1.140 | outputscale: 1.460 | noise: 0.100
Iter 660 | Loss: -847.646 | lengthscale: 1.140 | outputscale: 1.458 | noise: 0.100
Iter 670 | Loss: -847.666 | lengthscale: 1.138 | outputscale: 1.449 | noise: 0.100
Iter 680 | Loss: -847.679 | lengthscale: 1.138 | outputscale: 1.451 | noise: 0.100
Iter 690 | Loss: -847.636 | lengthscale: 1.140 | outputscale: 1.464 | noise: 0.100
Iter 700 | Loss: -847.678 | lengthscale: 1.140 | outputscale: 1.468 | noise: 0.100
Iter 710 | Loss: -847.633 | lengthscale: 1.140 | outputscale: 1.464 | noise: 0.100
Iter 720 | Loss: -847.677 | lengthscale: 1.139 | outputscale: 1.458 | noise: 0.100
Iter 730 | Loss: -847.664 | lengthscale: 1.141 | outputscale: 1.465 | noise: 0.100
Iter 740 | Loss: -847.651 | lengthscale: 1.141 | outputscale: 1.463 | noise: 0.100
Iter 750 | Loss: -847.629 | lengthscale: 1.140 | outputscale: 1.463 | noise: 0.100
Iter 760 | Loss: -847.660 | lengthscale: 1.137 | outputscale: 1.452 | noise: 0.100
Iter 770 | Loss: -847.679 | lengthscale: 1.139 | outputscale: 1.455 | noise: 0.100
Iter 780 | Loss: -847.654 | lengthscale: 1.140 | outputscale: 1.461 | noise: 0.100
Iter 790 | Loss: -847.665 | lengthscale: 1.139 | outputscale: 1.455 | noise: 0.100
Iter 800 | Loss: -847.661 | lengthscale: 1.140 | outputscale: 1.458 | noise: 0.100
Iter 810 | Loss: -847.658 | lengthscale: 1.140 | outputscale: 1.458 | noise: 0.100
Iter 820 | Loss: -847.659 | lengthscale: 1.137 | outputscale: 1.447 | noise: 0.100
Iter 830 | Loss: -847.636 | lengthscale: 1.137 | outputscale: 1.448 | noise: 0.100
Iter 840 | Loss: -847.660 | lengthscale: 1.138 | outputscale: 1.451 | noise: 0.100
Iter 850 | Loss: -847.672 | lengthscale: 1.139 | outputscale: 1.457 | noise: 0.100
Iter 860 | Loss: -847.660 | lengthscale: 1.140 | outputscale: 1.464 | noise: 0.100
Iter 870 | Loss: -847.639 | lengthscale: 1.141 | outputscale: 1.466 | noise: 0.100
Iter 880 | Loss: -847.657 | lengthscale: 1.140 | outputscale: 1.463 | noise: 0.100
Iter 890 | Loss: -847.672 | lengthscale: 1.140 | outputscale: 1.457 | noise: 0.100
Iter 900 | Loss: -847.634 | lengthscale: 1.139 | outputscale: 1.459 | noise: 0.100
Iter 910 | Loss: -847.654 | lengthscale: 1.141 | outputscale: 1.467 | noise: 0.100
Iter 920 | Loss: -847.672 | lengthscale: 1.141 | outputscale: 1.460 | noise: 0.100
Iter 930 | Loss: -847.669 | lengthscale: 1.137 | outputscale: 1.447 | noise: 0.100
Iter 940 | Loss: -847.673 | lengthscale: 1.137 | outputscale: 1.446 | noise: 0.100
Iter 950 | Loss: -847.662 | lengthscale: 1.139 | outputscale: 1.457 | noise: 0.100
Iter 960 | Loss: -847.684 | lengthscale: 1.137 | outputscale: 1.454 | noise: 0.100
Iter 970 | Loss: -847.655 | lengthscale: 1.138 | outputscale: 1.456 | noise: 0.100
Iter 980 | Loss: -847.653 | lengthscale: 1.139 | outputscale: 1.458 | noise: 0.100
Iter 990 | Loss: -847.642 | lengthscale: 1.140 | outputscale: 1.456 | noise: 0.100
Iter 1000 | Loss: -847.678 | lengthscale: 1.141 | outputscale: 1.460 | noise: 0.100
Iter 1010 | Loss: -847.639 | lengthscale: 1.139 | outputscale: 1.458 | noise: 0.100
Iter 1020 | Loss: -847.665 | lengthscale: 1.137 | outputscale: 1.450 | noise: 0.100
Iter 1030 | Loss: -847.693 | lengthscale: 1.138 | outputscale: 1.453 | noise: 0.100
Iter 1040 | Loss: -847.701 | lengthscale: 1.138 | outputscale: 1.454 | noise: 0.100
Iter 1050 | Loss: -847.674 | lengthscale: 1.140 | outputscale: 1.462 | noise: 0.100
Iter 1060 | Loss: -847.634 | lengthscale: 1.137 | outputscale: 1.453 | noise: 0.100
Iter 1070 | Loss: -847.681 | lengthscale: 1.139 | outputscale: 1.455 | noise: 0.100
Iter 1080 | Loss: -847.651 | lengthscale: 1.139 | outputscale: 1.461 | noise: 0.100
Iter 1090 | Loss: -847.656 | lengthscale: 1.139 | outputscale: 1.460 | noise: 0.100
Iter 1100 | Loss: -847.652 | lengthscale: 1.139 | outputscale: 1.458 | noise: 0.100
Iter 1110 | Loss: -847.672 | lengthscale: 1.137 | outputscale: 1.446 | noise: 0.100
Iter 1120 | Loss: -847.658 | lengthscale: 1.139 | outputscale: 1.453 | noise: 0.100
Iter 1130 | Loss: -847.683 | lengthscale: 1.142 | outputscale: 1.469 | noise: 0.100
Iter 1140 | Loss: -847.631 | lengthscale: 1.141 | outputscale: 1.461 | noise: 0.100
Iter 1150 | Loss: -847.676 | lengthscale: 1.138 | outputscale: 1.454 | noise: 0.100
Iter 1160 | Loss: -847.663 | lengthscale: 1.140 | outputscale: 1.463 | noise: 0.100
Iter 1170 | Loss: -847.664 | lengthscale: 1.142 | outputscale: 1.468 | noise: 0.100
Iter 1180 | Loss: -847.637 | lengthscale: 1.139 | outputscale: 1.458 | noise: 0.100
Iter 1190 | Loss: -847.643 | lengthscale: 1.138 | outputscale: 1.454 | noise: 0.100
Iter 1200 | Loss: -847.648 | lengthscale: 1.141 | outputscale: 1.466 | noise: 0.100
Iter 1210 | Loss: -847.646 | lengthscale: 1.138 | outputscale: 1.448 | noise: 0.100
Iter 1220 | Loss: -847.643 | lengthscale: 1.139 | outputscale: 1.455 | noise: 0.100
Iter 1230 | Loss: -847.634 | lengthscale: 1.140 | outputscale: 1.465 | noise: 0.100
Iter 1240 | Loss: -847.658 | lengthscale: 1.139 | outputscale: 1.458 | noise: 0.100
Iter 1250 | Loss: -847.634 | lengthscale: 1.140 | outputscale: 1.464 | noise: 0.100
Iter 1260 | Loss: -847.673 | lengthscale: 1.140 | outputscale: 1.467 | noise: 0.100
Iter 1270 | Loss: -847.667 | lengthscale: 1.137 | outputscale: 1.450 | noise: 0.100
Iter 1280 | Loss: -847.678 | lengthscale: 1.136 | outputscale: 1.442 | noise: 0.100
Iter 1290 | Loss: -847.651 | lengthscale: 1.139 | outputscale: 1.454 | noise: 0.100
Iter 1300 | Loss: -847.648 | lengthscale: 1.141 | outputscale: 1.458 | noise: 0.100
Iter 1310 | Loss: -847.675 | lengthscale: 1.139 | outputscale: 1.455 | noise: 0.100
Iter 1320 | Loss: -847.675 | lengthscale: 1.136 | outputscale: 1.447 | noise: 0.100
Iter 1330 | Loss: -847.674 | lengthscale: 1.139 | outputscale: 1.455 | noise: 0.100
Iter 1340 | Loss: -847.654 | lengthscale: 1.140 | outputscale: 1.460 | noise: 0.100
Iter 1350 | Loss: -847.672 | lengthscale: 1.141 | outputscale: 1.463 | noise: 0.100
Iter 1360 | Loss: -847.660 | lengthscale: 1.140 | outputscale: 1.459 | noise: 0.100
Iter 1370 | Loss: -847.677 | lengthscale: 1.141 | outputscale: 1.468 | noise: 0.100
Iter 1380 | Loss: -847.677 | lengthscale: 1.138 | outputscale: 1.457 | noise: 0.100
Iter 1390 | Loss: -847.670 | lengthscale: 1.136 | outputscale: 1.437 | noise: 0.100
Iter 1400 | Loss: -847.671 | lengthscale: 1.137 | outputscale: 1.448 | noise: 0.100
Iter 1410 | Loss: -847.676 | lengthscale: 1.140 | outputscale: 1.460 | noise: 0.100
Iter 1420 | Loss: -847.656 | lengthscale: 1.140 | outputscale: 1.457 | noise: 0.100
Iter 1430 | Loss: -847.657 | lengthscale: 1.140 | outputscale: 1.458 | noise: 0.100
Iter 1440 | Loss: -847.648 | lengthscale: 1.141 | outputscale: 1.465 | noise: 0.100
Iter 1450 | Loss: -847.662 | lengthscale: 1.141 | outputscale: 1.459 | noise: 0.100
Iter 1460 | Loss: -847.656 | lengthscale: 1.137 | outputscale: 1.448 | noise: 0.100
Iter 1470 | Loss: -847.637 | lengthscale: 1.139 | outputscale: 1.461 | noise: 0.100
Iter 1480 | Loss: -847.671 | lengthscale: 1.141 | outputscale: 1.470 | noise: 0.100
Iter 1490 | Loss: -847.635 | lengthscale: 1.140 | outputscale: 1.462 | noise: 0.100
Iter 1500 | Loss: -847.661 | lengthscale: 1.139 | outputscale: 1.448 | noise: 0.100
Iter 1510 | Loss: -847.658 | lengthscale: 1.145 | outputscale: 1.475 | noise: 0.100
Iter 1520 | Loss: -847.668 | lengthscale: 1.139 | outputscale: 1.450 | noise: 0.100
Iter 1530 | Loss: -847.679 | lengthscale: 1.139 | outputscale: 1.455 | noise: 0.100
Iter 1540 | Loss: -847.659 | lengthscale: 1.139 | outputscale: 1.456 | noise: 0.100
Iter 1550 | Loss: -847.637 | lengthscale: 1.140 | outputscale: 1.461 | noise: 0.100
Iter 1560 | Loss: -847.678 | lengthscale: 1.136 | outputscale: 1.443 | noise: 0.100
Iter 1570 | Loss: -847.659 | lengthscale: 1.139 | outputscale: 1.456 | noise: 0.100
Iter 1580 | Loss: -847.649 | lengthscale: 1.140 | outputscale: 1.461 | noise: 0.100
Iter 1590 | Loss: -847.666 | lengthscale: 1.139 | outputscale: 1.456 | noise: 0.100
Iter 1600 | Loss: -847.646 | lengthscale: 1.140 | outputscale: 1.460 | noise: 0.100
Iter 1610 | Loss: -847.664 | lengthscale: 1.139 | outputscale: 1.457 | noise: 0.100
Iter 1620 | Loss: -847.694 | lengthscale: 1.137 | outputscale: 1.449 | noise: 0.100
Iter 1630 | Loss: -847.681 | lengthscale: 1.138 | outputscale: 1.450 | noise: 0.100
Iter 1640 | Loss: -847.668 | lengthscale: 1.139 | outputscale: 1.455 | noise: 0.100
Iter 1650 | Loss: -847.648 | lengthscale: 1.141 | outputscale: 1.466 | noise: 0.100
Iter 1660 | Loss: -847.666 | lengthscale: 1.140 | outputscale: 1.461 | noise: 0.100
Iter 1670 | Loss: -847.673 | lengthscale: 1.142 | outputscale: 1.464 | noise: 0.100
Iter 1680 | Loss: -847.665 | lengthscale: 1.139 | outputscale: 1.460 | noise: 0.100
Iter 1690 | Loss: -847.667 | lengthscale: 1.138 | outputscale: 1.448 | noise: 0.100
Iter 1700 | Loss: -847.655 | lengthscale: 1.140 | outputscale: 1.458 | noise: 0.100
Iter 1710 | Loss: -847.661 | lengthscale: 1.141 | outputscale: 1.464 | noise: 0.100
Iter 1720 | Loss: -847.663 | lengthscale: 1.138 | outputscale: 1.454 | noise: 0.100
Iter 1730 | Loss: -847.659 | lengthscale: 1.137 | outputscale: 1.454 | noise: 0.100
Iter 1740 | Loss: -847.651 | lengthscale: 1.139 | outputscale: 1.455 | noise: 0.100
Iter 1750 | Loss: -847.673 | lengthscale: 1.138 | outputscale: 1.447 | noise: 0.100
Iter 1760 | Loss: -847.646 | lengthscale: 1.142 | outputscale: 1.474 | noise: 0.100
Iter 1770 | Loss: -847.675 | lengthscale: 1.142 | outputscale: 1.466 | noise: 0.100
Iter 1780 | Loss: -847.653 | lengthscale: 1.134 | outputscale: 1.434 | noise: 0.100
Iter 1790 | Loss: -847.666 | lengthscale: 1.139 | outputscale: 1.459 | noise: 0.100
Iter 1800 | Loss: -847.659 | lengthscale: 1.139 | outputscale: 1.462 | noise: 0.100
Iter 1810 | Loss: -847.643 | lengthscale: 1.140 | outputscale: 1.464 | noise: 0.100
Iter 1820 | Loss: -847.660 | lengthscale: 1.135 | outputscale: 1.440 | noise: 0.100
Iter 1830 | Loss: -847.644 | lengthscale: 1.141 | outputscale: 1.460 | noise: 0.100
Iter 1840 | Loss: -847.672 | lengthscale: 1.141 | outputscale: 1.457 | noise: 0.100
Iter 1850 | Loss: -847.656 | lengthscale: 1.139 | outputscale: 1.455 | noise: 0.100
Iter 1860 | Loss: -847.646 | lengthscale: 1.139 | outputscale: 1.456 | noise: 0.100
Iter 1870 | Loss: -847.653 | lengthscale: 1.139 | outputscale: 1.460 | noise: 0.100
Iter 1880 | Loss: -847.652 | lengthscale: 1.139 | outputscale: 1.449 | noise: 0.100
Iter 1890 | Loss: -847.658 | lengthscale: 1.138 | outputscale: 1.448 | noise: 0.100
Iter 1900 | Loss: -847.664 | lengthscale: 1.141 | outputscale: 1.465 | noise: 0.100
Iter 1910 | Loss: -847.695 | lengthscale: 1.137 | outputscale: 1.453 | noise: 0.100
Iter 1920 | Loss: -847.651 | lengthscale: 1.139 | outputscale: 1.451 | noise: 0.100
Iter 1930 | Loss: -847.641 | lengthscale: 1.142 | outputscale: 1.464 | noise: 0.100
Iter 1940 | Loss: -847.668 | lengthscale: 1.142 | outputscale: 1.471 | noise: 0.100
Iter 1950 | Loss: -847.677 | lengthscale: 1.139 | outputscale: 1.458 | noise: 0.100
Iter 1960 | Loss: -847.661 | lengthscale: 1.137 | outputscale: 1.445 | noise: 0.100
Iter 1970 | Loss: -847.657 | lengthscale: 1.140 | outputscale: 1.461 | noise: 0.100
Iter 1980 | Loss: -847.680 | lengthscale: 1.139 | outputscale: 1.459 | noise: 0.100
Iter 1990 | Loss: -847.676 | lengthscale: 1.138 | outputscale: 1.446 | noise: 0.100
Iter 2000 | Loss: -847.661 | lengthscale: 1.138 | outputscale: 1.451 | noise: 0.100
Iter 2010 | Loss: -847.645 | lengthscale: 1.140 | outputscale: 1.459 | noise: 0.100
Iter 2020 | Loss: -847.672 | lengthscale: 1.139 | outputscale: 1.461 | noise: 0.100
Iter 2030 | Loss: -847.643 | lengthscale: 1.139 | outputscale: 1.459 | noise: 0.100
Iter 2040 | Loss: -847.633 | lengthscale: 1.141 | outputscale: 1.461 | noise: 0.100
Iter 2050 | Loss: -847.657 | lengthscale: 1.140 | outputscale: 1.457 | noise: 0.100
Iter 2060 | Loss: -847.684 | lengthscale: 1.140 | outputscale: 1.460 | noise: 0.100
Iter 2070 | Loss: -847.683 | lengthscale: 1.139 | outputscale: 1.460 | noise: 0.100
Iter 2080 | Loss: -847.643 | lengthscale: 1.139 | outputscale: 1.452 | noise: 0.100
Iter 2090 | Loss: -847.683 | lengthscale: 1.139 | outputscale: 1.459 | noise: 0.100
Iter 2100 | Loss: -847.648 | lengthscale: 1.140 | outputscale: 1.467 | noise: 0.100
Iter 2110 | Loss: -847.645 | lengthscale: 1.137 | outputscale: 1.452 | noise: 0.100
Iter 2120 | Loss: -847.637 | lengthscale: 1.141 | outputscale: 1.472 | noise: 0.100
Iter 2130 | Loss: -847.636 | lengthscale: 1.142 | outputscale: 1.474 | noise: 0.100
Iter 2140 | Loss: -847.662 | lengthscale: 1.140 | outputscale: 1.457 | noise: 0.100
Iter 2150 | Loss: -847.679 | lengthscale: 1.137 | outputscale: 1.445 | noise: 0.100
Iter 2160 | Loss: -847.656 | lengthscale: 1.136 | outputscale: 1.447 | noise: 0.100
Iter 2170 | Loss: -847.622 | lengthscale: 1.143 | outputscale: 1.475 | noise: 0.100
Iter 2180 | Loss: -847.664 | lengthscale: 1.138 | outputscale: 1.451 | noise: 0.100
Iter 2190 | Loss: -847.657 | lengthscale: 1.137 | outputscale: 1.442 | noise: 0.100
Iter 2200 | Loss: -847.673 | lengthscale: 1.144 | outputscale: 1.482 | noise: 0.100
Iter 2210 | Loss: -847.624 | lengthscale: 1.140 | outputscale: 1.459 | noise: 0.100
Iter 2220 | Loss: -847.633 | lengthscale: 1.134 | outputscale: 1.434 | noise: 0.100
Iter 2230 | Loss: -847.668 | lengthscale: 1.141 | outputscale: 1.468 | noise: 0.100
Iter 2240 | Loss: -847.653 | lengthscale: 1.140 | outputscale: 1.461 | noise: 0.100
Iter 2250 | Loss: -847.663 | lengthscale: 1.137 | outputscale: 1.447 | noise: 0.100
Iter 2260 | Loss: -847.629 | lengthscale: 1.141 | outputscale: 1.467 | noise: 0.100
Iter 2270 | Loss: -847.626 | lengthscale: 1.139 | outputscale: 1.457 | noise: 0.100
Iter 2280 | Loss: -847.662 | lengthscale: 1.136 | outputscale: 1.444 | noise: 0.100
Iter 2290 | Loss: -847.641 | lengthscale: 1.140 | outputscale: 1.463 | noise: 0.100
Iter 2300 | Loss: -847.676 | lengthscale: 1.139 | outputscale: 1.455 | noise: 0.100
Iter 2310 | Loss: -847.642 | lengthscale: 1.139 | outputscale: 1.459 | noise: 0.100
Iter 2320 | Loss: -847.675 | lengthscale: 1.136 | outputscale: 1.449 | noise: 0.100
Iter 2330 | Loss: -847.664 | lengthscale: 1.138 | outputscale: 1.446 | noise: 0.100
Iter 2340 | Loss: -847.650 | lengthscale: 1.139 | outputscale: 1.462 | noise: 0.100
Iter 2350 | Loss: -847.678 | lengthscale: 1.140 | outputscale: 1.466 | noise: 0.100
Iter 2360 | Loss: -847.658 | lengthscale: 1.139 | outputscale: 1.453 | noise: 0.100
Iter 2370 | Loss: -847.658 | lengthscale: 1.141 | outputscale: 1.459 | noise: 0.100
Iter 2380 | Loss: -847.666 | lengthscale: 1.139 | outputscale: 1.454 | noise: 0.100
Iter 2390 | Loss: -847.642 | lengthscale: 1.139 | outputscale: 1.457 | noise: 0.100
Iter 2400 | Loss: -847.661 | lengthscale: 1.139 | outputscale: 1.454 | noise: 0.100
Iter 2410 | Loss: -847.669 | lengthscale: 1.140 | outputscale: 1.452 | noise: 0.100
Iter 2420 | Loss: -847.669 | lengthscale: 1.136 | outputscale: 1.441 | noise: 0.100
Iter 2430 | Loss: -847.657 | lengthscale: 1.138 | outputscale: 1.456 | noise: 0.100
Iter 2440 | Loss: -847.657 | lengthscale: 1.140 | outputscale: 1.463 | noise: 0.100
Iter 2450 | Loss: -847.653 | lengthscale: 1.139 | outputscale: 1.460 | noise: 0.100
Iter 2460 | Loss: -847.654 | lengthscale: 1.141 | outputscale: 1.463 | noise: 0.100
Iter 2470 | Loss: -847.655 | lengthscale: 1.140 | outputscale: 1.460 | noise: 0.100
Iter 2480 | Loss: -847.659 | lengthscale: 1.139 | outputscale: 1.455 | noise: 0.100
Iter 2490 | Loss: -847.669 | lengthscale: 1.139 | outputscale: 1.451 | noise: 0.100
Iter 2499 | Loss: -847.657 | lengthscale: 1.141 | outputscale: 1.463 | noise: 0.100
Learned Hyperparams:  {'lengthscale': 1.140781283378601, 'outputscale': 1.4628735780715942, 'noise': 0.10018458217382431, 'marginal_likelihood_loss_history': [-533.2350463867188, -540.6659545898438, -548.0376586914062, -555.3583374023438, -562.6220092773438, -569.8240356445312, -576.9656372070312, -584.0435180664062, -591.0601196289062, -598.0050659179688, -604.8864135742188, -611.6923217773438, -618.4260864257812, -625.0824584960938, -631.6653442382812, -638.1633911132812, -644.5896606445312, -650.9257202148438, -657.1813354492188, -663.3414916992188, -669.4216918945312, -675.4069213867188, -681.2990112304688, -687.0955200195312, -692.8021850585938, -698.4036254882812, -703.9102172851562, -709.3200073242188, -714.6188354492188, -719.8117065429688, -724.9046020507812, -729.8859252929688, -734.7682495117188, -739.5326538085938, -744.1885375976562, -748.7445678710938, -753.1699829101562, -757.4849243164062, -761.6936645507812, -765.7908325195312, -769.7738647460938, -773.6265258789062, -777.3764038085938, -780.9994506835938, -784.5210571289062, -787.9252319335938, -791.2221069335938, -794.3895874023438, -797.4495239257812, -800.3875122070312, -803.2326049804688, -805.9454956054688, -808.5331420898438, -811.0481567382812, -813.4310913085938, -815.7308959960938, -817.9059448242188, -819.9901733398438, -821.9629516601562, -823.8434448242188, -825.6234741210938, -827.3204956054688, -828.9176635742188, -830.4027709960938, -831.8313598632812, -833.1531372070312, -834.3818969726562, -835.5516967773438, -836.6535034179688, -837.6690063476562, -838.6150512695312, -839.5014038085938, -840.3109741210938, -841.0429077148438, -841.7255249023438, -842.3781127929688, -842.9564819335938, -843.4752807617188, -843.9789428710938, -844.3973999023438, -844.7787475585938, -845.1974487304688, -845.5033569335938, -845.7880249023438, -846.0515747070312, -846.2871704101562, -846.4553833007812, -846.6544799804688, -846.8189086914062, -846.9684448242188, -847.0775756835938, -847.1737670898438, -847.2924194335938, -847.3414916992188, -847.4244995117188, -847.4584350585938, -847.5171508789062, -847.5239868164062, -847.5712280273438, -847.5892944335938, -847.6231079101562, -847.6183471679688, -847.6373901367188, -847.6436157226562, -847.6862182617188, -847.6163940429688, -847.6212768554688, -847.6478881835938, -847.6683959960938, -847.6437377929688, -847.6708374023438, -847.6555786132812, -847.6425170898438, -847.6486206054688, -847.6283569335938, -847.6625366210938, -847.6432495117188, -847.6404418945312, -847.6275024414062, -847.6347045898438, -847.6390991210938, -847.6312866210938, -847.6378784179688, -847.6403198242188, -847.6697387695312, -847.6271362304688, -847.6322631835938, -847.6119995117188, -847.6589965820312, -847.6447143554688, -847.6282348632812, -847.6664428710938, -847.6271362304688, -847.6307983398438, -847.6421508789062, -847.6414184570312, -847.6354370117188, -847.6754760742188, -847.6657104492188, -847.6449584960938, -847.6596069335938, -847.6699829101562, -847.6410522460938, -847.6810913085938, -847.6456909179688, -847.6437377929688, -847.6531372070312, -847.6376342773438, -847.6648559570312, -847.6397094726562, -847.6566772460938, -847.6627807617188, -847.6721801757812, -847.6681518554688, -847.6525268554688, -847.6242065429688, -847.6569213867188, -847.6508178710938, -847.6735229492188, -847.6544799804688, -847.6779174804688, -847.6596069335938, -847.6753540039062, -847.6486206054688, -847.6403198242188, -847.6554565429688, -847.6422729492188, -847.6439819335938, -847.6774291992188, -847.6779174804688, -847.6342163085938, -847.6586303710938, -847.6519165039062, -847.6985473632812, -847.6497192382812, -847.6344604492188, -847.6649780273438, -847.6879272460938, -847.6442260742188, -847.6605834960938, -847.6654663085938, -847.6338500976562, -847.6481323242188, -847.6469116210938, -847.6409301757812, -847.6473999023438, -847.6322631835938, -847.6809692382812, -847.6576538085938, -847.6405639648438, -847.6846313476562, -847.6785278320312, -847.6561889648438, -847.6644897460938, -847.6710815429688, -847.6597290039062, -847.6447143554688, -847.6703491210938, -847.6677856445312, -847.6693725585938, -847.6561889648438, -847.6348266601562, -847.6461791992188, -847.6342163085938, -847.6307983398438, -847.6486206054688, -847.6531372070312, -847.6586303710938, -847.6693725585938, -847.6652221679688, -847.6410522460938, -847.6603393554688, -847.6542358398438, -847.6488647460938, -847.6943969726562, -847.6708374023438, -847.6420288085938, -847.6386108398438, -847.6705932617188, -847.6499633789062, -847.6527709960938, -847.6473999023438, -847.6740112304688, -847.6691284179688, -847.6427612304688, -847.6898803710938, -847.6807250976562, -847.6557006835938, -847.6515502929688, -847.6627807617188, -847.6638793945312, -847.6608276367188, -847.6592407226562, -847.6747436523438, -847.6766967773438, -847.6411743164062, -847.6674194335938, -847.6578979492188, -847.6867065429688, -847.6456909179688, -847.6588745117188, -847.6632690429688, -847.6359252929688, -847.6546020507812, -847.6488647460938, -847.6826782226562, -847.6526489257812, -847.6442260742188, -847.6434936523438, -847.6483764648438, -847.6433715820312, -847.6553344726562, -847.6455688476562, -847.6615600585938, -847.6427612304688, -847.6715698242188, -847.6701049804688, -847.6625366210938, -847.6732788085938, -847.6598510742188, -847.6681518554688, -847.6537475585938, -847.6793823242188, -847.6567993164062, -847.6531372070312, -847.6608276367188, -847.6505737304688, -847.6536254882812, -847.6458129882812, -847.6798706054688, -847.6887817382812, -847.6478881835938, -847.6388549804688, -847.6890258789062, -847.6677856445312, -847.6422729492188, -847.6605834960938, -847.6724243164062, -847.6791381835938, -847.6546020507812, -847.6676635742188, -847.6676635742188, -847.6572875976562, -847.6649780273438, -847.6683959960938, -847.6847534179688, -847.6473999023438, -847.6566772460938, -847.6522827148438, -847.6708374023438, -847.6609497070312, -847.6508178710938, -847.6492309570312, -847.6735229492188, -847.6659545898438, -847.6528930664062, -847.6682739257812, -847.6741333007812, -847.6448364257812, -847.6743774414062, -847.6533813476562, -847.6620483398438, -847.6307983398438, -847.6542358398438, -847.6881713867188, -847.6640014648438, -847.6616821289062, -847.6906127929688, -847.6757202148438, -847.6420288085938, -847.6714477539062, -847.6742553710938, -847.6622924804688, -847.6403198242188, -847.6575317382812, -847.6574096679688, -847.6571655273438, -847.6698608398438, -847.6498413085938, -847.6605834960938, -847.6610717773438, -847.6459350585938, -847.6500854492188, -847.6765747070312, -847.6710815429688, -847.6594848632812, -847.6478881835938, -847.6539916992188, -847.6444702148438, -847.6864624023438, -847.6535034179688, -847.6493530273438, -847.6583862304688, -847.6531372070312, -847.6600952148438, -847.6720581054688, -847.6864624023438, -847.6681518554688, -847.6697387695312, -847.6544799804688, -847.6607055664062, -847.6659545898438, -847.6702270507812, -847.6596069335938, -847.6544799804688, -847.6619262695312, -847.6679077148438, -847.6592407226562, -847.6786499023438, -847.6890258789062, -847.6632690429688, -847.6600952148438, -847.6708374023438, -847.6760864257812, -847.6661987304688, -847.6578979492188, -847.6825561523438, -847.6758422851562, -847.6676635742188, -847.6611938476562, -847.6405639648438, -847.6536254882812, -847.6356811523438, -847.6325073242188, -847.6255493164062, -847.6473999023438, -847.6423950195312, -847.6740112304688, -847.6442260742188, -847.6537475585938, -847.6696166992188, -847.6326293945312, -847.6676635742188, -847.6566772460938, -847.6473999023438, -847.6372680664062, -847.6622924804688, -847.6475219726562, -847.6549682617188, -847.6354370117188, -847.6718139648438, -847.6493530273438, -847.6956176757812, -847.6603393554688, -847.6572875976562, -847.6381225585938, -847.6632690429688, -847.6500854492188, -847.6525268554688, -847.6423950195312, -847.6483764648438, -847.6265258789062, -847.6513061523438, -847.6598510742188, -847.6539916992188, -847.6400756835938, -847.6627807617188, -847.6381225585938, -847.6752319335938, -847.6836547851562, -847.6480102539062, -847.6320190429688, -847.6483764648438, -847.6769409179688, -847.6613159179688, -847.6769409179688, -847.6592407226562, -847.6558227539062, -847.6547241210938, -847.6593627929688, -847.6505737304688, -847.6249389648438, -847.6419067382812, -847.6585083007812, -847.6483764648438, -847.6432495117188, -847.6419067382812, -847.6561889648438, -847.6530151367188, -847.6456909179688, -847.6553344726562, -847.6755981445312, -847.6503295898438, -847.6159057617188, -847.6300659179688, -847.6483764648438, -847.6504516601562, -847.6640014648438, -847.6563110351562, -847.6710815429688, -847.6708374023438, -847.6495971679688, -847.6665649414062, -847.6505737304688, -847.6441040039062, -847.6727905273438, -847.6532592773438, -847.6690063476562, -847.6433715820312, -847.6657104492188, -847.6517944335938, -847.6522827148438, -847.6704711914062, -847.6762084960938, -847.6649780273438, -847.6679077148438, -847.6604614257812, -847.6725463867188, -847.6723022460938, -847.6661987304688, -847.6714477539062, -847.6425170898438, -847.6620483398438, -847.6718139648438, -847.6614379882812, -847.6561889648438, -847.6448364257812, -847.6659545898438, -847.6605834960938, -847.6387329101562, -847.6538696289062, -847.6337280273438, -847.6466674804688, -847.6558227539062, -847.6671752929688, -847.6614379882812, -847.6598510742188, -847.6702270507812, -847.6696166992188, -847.6332397460938, -847.6382446289062, -847.6677856445312, -847.6484985351562, -847.6322631835938, -847.6770629882812, -847.6663208007812, -847.6421508789062, -847.6265258789062, -847.6491088867188, -847.6408081054688, -847.6571655273438, -847.6294555664062, -847.6625366210938, -847.6400756835938, -847.6508178710938, -847.6395874023438, -847.6307983398438, -847.6798706054688, -847.6448364257812, -847.6408081054688, -847.6495971679688, -847.6554565429688, -847.6513061523438, -847.6669311523438, -847.6620483398438, -847.6627807617188, -847.6552124023438, -847.6491088867188, -847.6420288085938, -847.6267700195312, -847.6809692382812, -847.6513061523438, -847.6586303710938, -847.6398315429688, -847.6566772460938, -847.6410522460938, -847.6654663085938, -847.6652221679688, -847.6660766601562, -847.6846313476562, -847.6985473632812, -847.6664428710938, -847.6744995117188, -847.6873168945312, -847.6849975585938, -847.6815795898438, -847.6629028320312, -847.6880493164062, -847.6752319335938, -847.6454467773438, -847.6701049804688, -847.6670532226562, -847.6723022460938, -847.7041625976562, -847.6784057617188, -847.6840209960938, -847.6563110351562, -847.6618041992188, -847.6703491210938, -847.6527709960938, -847.6857299804688, -847.6693725585938, -847.6676635742188, -847.6744995117188, -847.6864624023438, -847.6637573242188, -847.6753540039062, -847.6707153320312, -847.6506958007812, -847.6671752929688, -847.6725463867188, -847.6690063476562, -847.6624145507812, -847.6647338867188, -847.6508178710938, -847.6626586914062, -847.6830444335938, -847.6188354492188, -847.6525268554688, -847.6522827148438, -847.6578979492188, -847.6383666992188, -847.6408081054688, -847.6531372070312, -847.6487426757812, -847.6730346679688, -847.6632690429688, -847.6362915039062, -847.6340942382812, -847.6648559570312, -847.6423950195312, -847.6558227539062, -847.6564331054688, -847.6513061523438, -847.6571655273438, -847.6481323242188, -847.6566772460938, -847.6516723632812, -847.6278686523438, -847.6574096679688, -847.6716918945312, -847.6649780273438, -847.6539916992188, -847.6454467773438, -847.6388549804688, -847.6516723632812, -847.6732788085938, -847.6594848632812, -847.6372680664062, -847.6329956054688, -847.6686401367188, -847.6550903320312, -847.6719360351562, -847.6510620117188, -847.6596069335938, -847.6532592773438, -847.6616821289062, -847.6640014648438, -847.6486206054688, -847.6433715820312, -847.6766967773438, -847.6779174804688, -847.6847534179688, -847.6718139648438, -847.6454467773438, -847.6725463867188, -847.6766967773438, -847.6913452148438, -847.6593627929688, -847.6657104492188, -847.6676635742188, -847.6165161132812, -847.6677856445312, -847.6513061523438, -847.6404418945312, -847.6849975585938, -847.6635131835938, -847.6318969726562, -847.6580200195312, -847.6327514648438, -847.6390991210938, -847.6327514648438, -847.6594848632812, -847.6723022460938, -847.6710815429688, -847.6351928710938, -847.6610717773438, -847.6558227539062, -847.6408081054688, -847.6740112304688, -847.6508178710938, -847.6652221679688, -847.6449584960938, -847.6764526367188, -847.6547241210938, -847.6525268554688, -847.6681518554688, -847.6825561523438, -847.6727905273438, -847.6530151367188, -847.6697387695312, -847.6675415039062, -847.6354370117188, -847.6892700195312, -847.6713256835938, -847.6525268554688, -847.6630249023438, -847.6666870117188, -847.6481323242188, -847.6561889648438, -847.6433715820312, -847.6716918945312, -847.6775512695312, -847.6614379882812, -847.6537475585938, -847.6630249023438, -847.6659545898438, -847.6526489257812, -847.6762084960938, -847.6371459960938, -847.6400756835938, -847.6476440429688, -847.6575317382812, -847.6698608398438, -847.6492309570312, -847.6390991210938, -847.6810913085938, -847.6642456054688, -847.6528930664062, -847.6433715820312, -847.6464233398438, -847.6526489257812, -847.6657104492188, -847.6632690429688, -847.6437377929688, -847.6483764648438, -847.6615600585938, -847.6708374023438, -847.6643676757812, -847.6834106445312, -847.6663208007812, -847.6527709960938, -847.6559448242188, -847.6686401367188, -847.6818237304688, -847.6630249023438, -847.6652221679688, -847.6713256835938, -847.6835327148438, -847.6857299804688, -847.6792602539062, -847.6815795898438, -847.6598510742188, -847.6415405273438, -847.6522827148438, -847.6781616210938, -847.6459350585938, -847.6495971679688, -847.6542358398438, -847.6517944335938, -847.6364135742188, -847.6415405273438, -847.6492309570312, -847.6600952148438, -847.6808471679688, -847.6497192382812, -847.6456909179688, -847.6441040039062, -847.6605834960938, -847.6631469726562, -847.6775512695312, -847.6344604492188, -847.6526489257812, -847.6569213867188, -847.6525268554688, -847.6359252929688, -847.6469116210938, -847.6576538085938, -847.6527709960938, -847.6647338867188, -847.6333618164062, -847.6530151367188, -847.6727905273438, -847.6461791992188, -847.6547241210938, -847.6801147460938, -847.6694946289062, -847.6644897460938, -847.6386108398438, -847.6553344726562, -847.6771850585938, -847.6432495117188, -847.6615600585938, -847.6482543945312, -847.6539916992188, -847.6581420898438, -847.6483764648438, -847.6705932617188, -847.6463012695312, -847.6488647460938, -847.6642456054688, -847.6502075195312, -847.6488647460938, -847.6576538085938, -847.6522827148438, -847.6610717773438, -847.6334838867188, -847.6637573242188, -847.6278686523438, -847.6539916992188, -847.6510620117188, -847.6347045898438, -847.6494750976562, -847.6500854492188, -847.6539916992188, -847.6259155273438, -847.6397094726562, -847.6499633789062, -847.6637573242188, -847.6400756835938, -847.6290893554688, -847.6651000976562, -847.6477661132812, -847.6242065429688, -847.6449584960938, -847.6701049804688, -847.6542358398438, -847.6836547851562, -847.6693725585938, -847.6715698242188, -847.6603393554688, -847.6744995117188, -847.6489868164062, -847.6412963867188, -847.6710815429688, -847.6696166992188, -847.6782836914062, -847.6652221679688, -847.6648559570312, -847.6564331054688, -847.6788940429688, -847.6589965820312, -847.6509399414062, -847.6688842773438, -847.6548461914062, -847.6438598632812, -847.6940307617188, -847.6452026367188, -847.6665649414062, -847.6698608398438, -847.6542358398438, -847.6489868164062, -847.6502075195312, -847.6532592773438, -847.6465454101562, -847.6578979492188, -847.6608276367188, -847.6471557617188, -847.6390991210938, -847.6630249023438, -847.6648559570312, -847.6338500976562, -847.6635131835938, -847.6436157226562, -847.6569213867188, -847.6510620117188, -847.6528930664062, -847.6688842773438, -847.6527709960938, -847.6802368164062, -847.6613159179688, -847.6740112304688, -847.6642456054688, -847.6471557617188, -847.6541137695312, -847.6649780273438, -847.6676635742188, -847.6460571289062, -847.6581420898438, -847.6400756835938, -847.6583862304688, -847.6742553710938, -847.6766967773438, -847.6638793945312, -847.6792602539062, -847.6718139648438, -847.6426391601562, -847.6543579101562, -847.6566772460938, -847.6397094726562, -847.6591186523438, -847.6881713867188, -847.6614379882812, -847.6449584960938, -847.6613159179688, -847.6613159179688, -847.6637573242188, -847.6664428710938, -847.6483764648438, -847.6731567382812, -847.6364135742188, -847.6685180664062, -847.6596069335938, -847.6566772460938, -847.6473999023438, -847.6890258789062, -847.6566772460938, -847.7059936523438, -847.6613159179688, -847.6597290039062, -847.6603393554688, -847.6818237304688, -847.6796264648438, -847.6705932617188, -847.6726684570312, -847.6676635742188, -847.6854858398438, -847.6647338867188, -847.6649780273438, -847.6359252929688, -847.6723022460938, -847.6571655273438, -847.6420288085938, -847.6619262695312, -847.6331176757812, -847.6598510742188, -847.6708374023438, -847.6570434570312, -847.6637573242188, -847.6461791992188, -847.6598510742188, -847.6591186523438, -847.6740112304688, -847.6508178710938, -847.6657104492188, -847.6538696289062, -847.6478881835938, -847.6581420898438, -847.6426391601562, -847.6329956054688, -847.6392211914062, -847.6520385742188, -847.6857299804688, -847.6820678710938, -847.6513061523438, -847.6537475585938, -847.6494750976562, -847.6868286132812, -847.6610717773438, -847.6471557617188, -847.6565551757812, -847.6522827148438, -847.6295776367188, -847.6692504882812, -847.6488647460938, -847.6513061523438, -847.6666870117188, -847.6740112304688, -847.6832885742188, -847.6755981445312, -847.6720581054688, -847.6495971679688, -847.6660766601562, -847.6366577148438, -847.6564331054688, -847.6561889648438, -847.6536254882812, -847.6426391601562, -847.6476440429688, -847.6345825195312, -847.6340942382812, -847.6488647460938, -847.6520385742188, -847.6416625976562, -847.6412963867188, -847.6334838867188, -847.6500854492188, -847.6408081054688, -847.6630249023438, -847.6497192382812, -847.6537475585938, -847.6679077148438, -847.6354370117188, -847.6527709960938, -847.6354370117188, -847.6653442382812, -847.6044311523438, -847.6213989257812, -847.6527709960938, -847.6329956054688, -847.6723022460938, -847.6486206054688, -847.6638793945312, -847.6613159179688, -847.6697387695312, -847.6465454101562, -847.6986694335938, -847.6439819335938, -847.6785278320312, -847.6432495117188, -847.6690063476562, -847.6825561523438, -847.6470336914062, -847.6776733398438, -847.6669311523438, -847.6524047851562, -847.6613159179688, -847.6683959960938, -847.6609497070312, -847.6791381835938, -847.6732788085938, -847.6701049804688, -847.6564331054688, -847.6613159179688, -847.6380004882812, -847.6430053710938, -847.6659545898438, -847.6713256835938, -847.6812133789062, -847.6843872070312, -847.6620483398438, -847.6620483398438, -847.6361694335938, -847.6464233398438, -847.6615600585938, -847.6592407226562, -847.6809692382812, -847.6603393554688, -847.6705932617188, -847.6589965820312, -847.6840209960938, -847.6716918945312, -847.6537475585938, -847.6467895507812, -847.6566772460938, -847.6610717773438, -847.6450805664062, -847.6837768554688, -847.6718139648438, -847.6620483398438, -847.6549682617188, -847.6432495117188, -847.6564331054688, -847.6588745117188, -847.6378784179688, -847.6605834960938, -847.6725463867188, -847.6450805664062, -847.6708374023438, -847.6476440429688, -847.6528930664062, -847.6414184570312, -847.6460571289062, -847.6713256835938, -847.6563110351562, -847.6581420898438, -847.6631469726562, -847.6841430664062, -847.6697387695312, -847.6676635742188, -847.6417846679688, -847.6560668945312, -847.6524047851562, -847.6447143554688, -847.6578979492188, -847.6205444335938, -847.6527709960938, -847.6828002929688, -847.6747436523438, -847.6698608398438, -847.6775512695312, -847.6577758789062, -847.6575317382812, -847.6624145507812, -847.6636352539062, -847.6597290039062, -847.6620483398438, -847.6478881835938, -847.6708374023438, -847.6574096679688, -847.6393432617188, -847.6608276367188, -847.6349487304688, -847.6655883789062, -847.6078491210938, -847.6227416992188, -847.6570434570312, -847.6410522460938, -847.6578979492188, -847.6559448242188, -847.6647338867188, -847.6571655273438, -847.6643676757812, -847.6654663085938, -847.6398315429688, -847.6597290039062, -847.6493530273438, -847.6508178710938, -847.6768188476562, -847.6747436523438, -847.6930541992188, -847.6649780273438, -847.6604614257812, -847.6793823242188, -847.6867065429688, -847.6709594726562, -847.6491088867188, -847.6526489257812, -847.6769409179688, -847.6585083007812, -847.7006225585938, -847.6838989257812, -847.6454467773438, -847.6683959960938, -847.6383666992188, -847.6577758789062, -847.6632690429688, -847.6461791992188, -847.6992797851562, -847.6633911132812, -847.6740112304688, -847.6275024414062, -847.6730346679688, -847.6453247070312, -847.6817016601562, -847.6409301757812, -847.6350708007812, -847.6621704101562, -847.6603393554688, -847.6776733398438, -847.6337280273438, -847.6692504882812, -847.6452026367188, -847.6630249023438, -847.6754760742188, -847.6598510742188, -847.6565551757812, -847.6842651367188, -847.6782836914062, -847.6753540039062, -847.6812133789062, -847.6671752929688, -847.6709594726562, -847.6412963867188, -847.6576538085938, -847.6621704101562, -847.6674194335938, -847.6558227539062, -847.6459350585938, -847.6443481445312, -847.6505737304688, -847.6369018554688, -847.6414184570312, -847.6701049804688, -847.6649780273438, -847.6296997070312, -847.6464233398438, -847.6574096679688, -847.6482543945312, -847.6419067382812, -847.6564331054688, -847.6328735351562, -847.6713256835938, -847.6759643554688, -847.6386108398438, -847.6522827148438, -847.6729125976562, -847.6759643554688, -847.6631469726562, -847.6664428710938, -847.6520385742188, -847.6669311523438, -847.6632690429688, -847.6870727539062, -847.6708374023438, -847.6901245117188, -847.6930541992188, -847.6586303710938, -847.6679077148438, -847.6918334960938, -847.6718139648438, -847.6602172851562, -847.6599731445312, -847.6614379882812, -847.6663208007812, -847.6416625976562, -847.6467895507812, -847.6489868164062, -847.6835327148438, -847.6786499023438, -847.6576538085938, -847.6724243164062, -847.6725463867188, -847.6464233398438, -847.6563110351562, -847.6543579101562, -847.6720581054688, -847.6587524414062, -847.6571655273438, -847.6431274414062, -847.6826782226562, -847.6688842773438, -847.6502075195312, -847.6732788085938, -847.6469116210938, -847.6343383789062, -847.6659545898438, -847.6459350585938, -847.6718139648438, -847.6505737304688, -847.6310424804688, -847.6632690429688, -847.6476440429688, -847.6647338867188, -847.6521606445312, -847.6250610351562, -847.6282348632812, -847.6762084960938, -847.6558227539062, -847.6773071289062, -847.6764526367188, -847.6849975585938, -847.6817016601562, -847.6625366210938, -847.6390991210938, -847.6671752929688, -847.6434936523438, -847.6615600585938, -847.6541137695312, -847.6918334960938, -847.6629028320312, -847.6256713867188, -847.6517944335938, -847.6605834960938, -847.6738891601562, -847.6390991210938, -847.6564331054688, -847.6710815429688, -847.6552124023438, -847.6587524414062, -847.6642456054688, -847.6464233398438, -847.6254272460938, -847.6651000976562, -847.6569213867188, -847.6405639648438, -847.6506958007812, -847.6371459960938, -847.6799926757812, -847.6538696289062, -847.6367797851562, -847.6580200195312, -847.6347045898438, -847.6549682617188, -847.6664428710938, -847.6536254882812, -847.6666870117188, -847.6608276367188, -847.6520385742188, -847.6560668945312, -847.6430053710938, -847.6500854492188, -847.6569213867188, -847.6555786132812, -847.6415405273438, -847.6621704101562, -847.6552124023438, -847.6228637695312, -847.6581420898438, -847.6491088867188, -847.6475219726562, -847.6743774414062, -847.6434936523438, -847.7079467773438, -847.6439819335938, -847.6598510742188, -847.6703491210938, -847.6464233398438, -847.6780395507812, -847.6661987304688, -847.6459350585938, -847.6284790039062, -847.6624145507812, -847.6561889648438, -847.6323852539062, -847.6784057617188, -847.6713256835938, -847.6764526367188, -847.6748657226562, -847.6810913085938, -847.6427612304688, -847.6503295898438, -847.6317749023438, -847.6458129882812, -847.6659545898438, -847.6747436523438, -847.6387329101562, -847.6588745117188, -847.6404418945312, -847.6583862304688, -847.6340942382812, -847.6494750976562, -847.6685180664062, -847.6373901367188, -847.6567993164062, -847.6744995117188, -847.6681518554688, -847.6610717773438, -847.6317749023438, -847.6804809570312, -847.6576538085938, -847.6408081054688, -847.6444702148438, -847.6456909179688, -847.6829223632812, -847.6564331054688, -847.6558227539062, -847.6486206054688, -847.6503295898438, -847.6516723632812, -847.6343383789062, -847.6632690429688, -847.6456909179688, -847.6400756835938, -847.6823120117188, -847.6632690429688, -847.6903686523438, -847.6530151367188, -847.6616821289062, -847.6637573242188, -847.6727905273438, -847.6410522460938, -847.6498413085938, -847.6405639648438, -847.6508178710938, -847.6503295898438, -847.6580200195312, -847.6671752929688, -847.6718139648438, -847.6541137695312, -847.6672973632812, -847.6731567382812, -847.6542358398438, -847.6389770507812, -847.6491088867188, -847.6710815429688, -847.6699829101562, -847.6484985351562, -847.6454467773438, -847.6520385742188, -847.6782836914062, -847.6693725585938, -847.6653442382812, -847.6611938476562, -847.6624145507812, -847.6676635742188, -847.6780395507812, -847.6779174804688, -847.6867065429688, -847.6627807617188, -847.6508178710938, -847.6893920898438, -847.6549682617188, -847.6420288085938, -847.6743774414062, -847.6587524414062, -847.6513061523438, -847.6427612304688, -847.6635131835938, -847.6723022460938, -847.6481323242188, -847.6362915039062, -847.6371459960938, -847.6818237304688, -847.6779174804688, -847.6725463867188, -847.6508178710938, -847.6698608398438, -847.6409301757812, -847.6449584960938, -847.6752319335938, -847.6453247070312, -847.6564331054688, -847.6563110351562, -847.6721801757812, -847.6830444335938, -847.6763305664062, -847.6696166992188, -847.6630249023438, -847.6430053710938, -847.6754760742188, -847.6522827148438, -847.6539916992188, -847.6347045898438, -847.6546020507812, -847.6635131835938, -847.6427612304688, -847.6597290039062, -847.6856079101562, -847.6740112304688, -847.6735229492188, -847.6596069335938, -847.6450805664062, -847.6845092773438, -847.6654663085938, -847.6528930664062, -847.6669311523438, -847.6615600585938, -847.6622924804688, -847.6651000976562, -847.6543579101562, -847.6567993164062, -847.6414184570312, -847.6627807617188, -847.6716918945312, -847.6564331054688, -847.6582641601562, -847.6538696289062, -847.6615600585938, -847.6383666992188, -847.6723022460938, -847.6561889648438, -847.6536254882812, -847.6493530273438, -847.6618041992188, -847.6487426757812, -847.6515502929688, -847.6780395507812, -847.6729125976562, -847.6520385742188, -847.6596069335938, -847.6510620117188, -847.6531372070312, -847.6498413085938, -847.6652221679688, -847.6525268554688, -847.6314086914062, -847.6857299804688, -847.6832885742188, -847.6748657226562, -847.6771850585938, -847.6932983398438, -847.6871948242188, -847.6411743164062, -847.6367797851562, -847.6837768554688, -847.6403198242188, -847.6525268554688, -847.6576538085938, -847.6486206054688, -847.6774291992188, -847.6538696289062, -847.6857299804688, -847.6548461914062, -847.6659545898438, -847.6716918945312, -847.6669311523438, -847.6520385742188, -847.6747436523438, -847.6792602539062, -847.6702270507812, -847.6976928710938, -847.6486206054688, -847.6644897460938, -847.6483764648438, -847.6669311523438, -847.6714477539062, -847.6765747070312, -847.6608276367188, -847.6669311523438, -847.6713256835938, -847.6709594726562, -847.6867065429688, -847.6731567382812, -847.6337280273438, -847.6525268554688, -847.6559448242188, -847.6625366210938, -847.6600952148438, -847.6530151367188, -847.6760864257812, -847.6629028320312, -847.6655883789062, -847.6591186523438, -847.6795043945312, -847.6744995117188, -847.6669311523438, -847.6674194335938, -847.6813354492188, -847.6520385742188, -847.6564331054688, -847.6747436523438, -847.6742553710938, -847.6560668945312, -847.6552124023438, -847.6513061523438, -847.6600952148438, -847.6773071289062, -847.6644897460938, -847.6569213867188, -847.6571655273438, -847.6443481445312, -847.6506958007812, -847.6408081054688, -847.6471557617188, -847.6510620117188, -847.6702270507812, -847.6417846679688, -847.6438598632812, -847.6569213867188, -847.6483764648438, -847.6544799804688, -847.6452026367188, -847.6544799804688, -847.6454467773438, -847.6602172851562, -847.6708374023438, -847.6705932617188, -847.6461791992188, -847.6437377929688, -847.6622924804688, -847.6618041992188, -847.6322631835938, -847.6681518554688, -847.6503295898438, -847.6669311523438, -847.6710815429688, -847.6646118164062, -847.6699829101562, -847.6563110351562, -847.6563110351562, -847.6637573242188, -847.6576538085938, -847.6730346679688, -847.6408081054688, -847.6817016601562, -847.6720581054688, -847.6456909179688, -847.6704711914062, -847.6688842773438, -847.6366577148438, -847.6366577148438, -847.6665649414062, -847.6456909179688, -847.6415405273438, -847.6544799804688, -847.6539916992188, -847.6768188476562, -847.6644897460938, -847.6620483398438, -847.6707153320312, -847.6713256835938, -847.6630249023438, -847.6615600585938, -847.6768188476562, -847.6506958007812, -847.6502075195312, -847.6559448242188, -847.6530151367188, -847.6049194335938, -847.6349487304688, -847.6506958007812, -847.6610717773438, -847.6442260742188, -847.6505737304688, -847.6522827148438, -847.6439819335938, -847.6547241210938, -847.6797485351562, -847.6591186523438, -847.6608276367188, -847.6552124023438, -847.6661987304688, -847.6409301757812, -847.6557006835938, -847.6657104492188, -847.6121215820312, -847.6732788085938, -847.6622924804688, -847.6729125976562, -847.6577758789062, -847.6432495117188, -847.6707153320312, -847.6487426757812, -847.6842651367188, -847.6569213867188, -847.6576538085938, -847.6432495117188, -847.6691284179688, -847.6651000976562, -847.6680297851562, -847.6788940429688, -847.6752319335938, -847.6227416992188, -847.6925659179688, -847.6393432617188, -847.6863403320312, -847.6572875976562, -847.6747436523438, -847.6536254882812, -847.6791381835938, -847.6422729492188, -847.6388549804688, -847.6528930664062, -847.6620483398438, -847.6448364257812, -847.6394653320312, -847.6358032226562, -847.6559448242188, -847.6669311523438, -847.6592407226562, -847.6824340820312, -847.6610717773438, -847.6698608398438, -847.6438598632812, -847.6476440429688, -847.6918334960938, -847.6351928710938, -847.6476440429688, -847.6694946289062, -847.6373901367188, -847.6478881835938, -847.6586303710938, -847.6296997070312, -847.6314086914062, -847.6596069335938, -847.6511840820312, -847.6510620117188, -847.6908569335938, -847.6564331054688, -847.6784057617188, -847.6613159179688, -847.6691284179688, -847.6876831054688, -847.6803588867188, -847.6771850585938, -847.6344604492188, -847.6586303710938, -847.6657104492188, -847.6824340820312, -847.6588745117188, -847.6744995117188, -847.6430053710938, -847.6754760742188, -847.6693725585938, -847.6498413085938, -847.6710815429688, -847.6459350585938, -847.6425170898438, -847.6432495117188, -847.6488647460938, -847.6522827148438, -847.6398315429688, -847.6439819335938, -847.6449584960938, -847.6688842773438, -847.6648559570312, -847.6694946289062, -847.6909790039062, -847.6578979492188, -847.6663208007812, -847.6495971679688, -847.6630249023438, -847.6401977539062, -847.6441040039062, -847.6408081054688, -847.6456909179688, -847.6438598632812, -847.6340942382812, -847.6598510742188, -847.6459350585938, -847.6572875976562, -847.6635131835938, -847.6273803710938, -847.6411743164062, -847.6679077148438, -847.6721801757812, -847.6387329101562, -847.6522827148438, -847.6742553710938, -847.6640014648438, -847.6611938476562, -847.6449584960938, -847.6566772460938, -847.6632690429688, -847.6570434570312, -847.6560668945312, -847.6356811523438, -847.6637573242188, -847.6649780273438, -847.6943969726562, -847.6530151367188, -847.6600952148438, -847.6686401367188, -847.6605834960938, -847.6603393554688, -847.6881713867188, -847.6676635742188, -847.6699829101562, -847.6859741210938, -847.6813354492188, -847.6775512695312, -847.6757202148438, -847.6732788085938, -847.6859741210938, -847.6681518554688, -847.6561889648438, -847.6705932617188, -847.6631469726562, -847.6558227539062, -847.6675415039062, -847.6681518554688, -847.6818237304688, -847.6653442382812, -847.6681518554688, -847.6552124023438, -847.6471557617188, -847.6535034179688, -847.6607055664062, -847.6461791992188, -847.6483764648438, -847.6439819335938, -847.6719360351562, -847.6615600585938, -847.6481323242188, -847.6482543945312, -847.6580200195312, -847.6394653320312, -847.6514282226562, -847.6633911132812, -847.6657104492188, -847.6510620117188, -847.6517944335938, -847.6713256835938, -847.6736450195312, -847.6591186523438, -847.6532592773438, -847.6481323242188, -847.6795043945312, -847.6714477539062, -847.6725463867188, -847.6705932617188, -847.6813354492188, -847.6615600585938, -847.6520385742188, -847.6685180664062, -847.6464233398438, -847.6544799804688, -847.6812133789062, -847.6786499023438, -847.6654663085938, -847.6771850585938, -847.6354370117188, -847.6398315429688, -847.6775512695312, -847.6566772460938, -847.6627807617188, -847.6583862304688, -847.6549682617188, -847.6339721679688, -847.6665649414062, -847.6549682617188, -847.6488647460938, -847.6731567382812, -847.6609497070312, -847.6661987304688, -847.6740112304688, -847.6669311523438, -847.6928100585938, -847.6847534179688, -847.6554565429688, -847.6725463867188, -847.6627807617188, -847.6699829101562, -847.6432495117188, -847.6431274414062, -847.6508178710938, -847.6452026367188, -847.6593627929688, -847.6701049804688, -847.6613159179688, -847.6414184570312, -847.6542358398438, -847.6465454101562, -847.6399536132812, -847.6445922851562, -847.6369018554688, -847.6417846679688, -847.6320190429688, -847.6436157226562, -847.6629028320312, -847.6892700195312, -847.6567993164062, -847.6502075195312, -847.6828002929688, -847.6928100585938, -847.6600952148438, -847.6497192382812, -847.6643676757812, -847.6691284179688, -847.6587524414062, -847.6513061523438, -847.6513061523438, -847.6646118164062, -847.6642456054688, -847.6741333007812, -847.6514282226562, -847.6567993164062, -847.6608276367188, -847.6493530273438, -847.6514282226562, -847.6786499023438, -847.6746215820312, -847.6906127929688, -847.6592407226562, -847.6831665039062, -847.6757202148438, -847.6860961914062, -847.6779174804688, -847.6723022460938, -847.6731567382812, -847.6271362304688, -847.6762084960938, -847.6686401367188, -847.6693725585938, -847.6730346679688, -847.6515502929688, -847.6593627929688, -847.6729125976562, -847.6320190429688, -847.6461791992188, -847.6473999023438, -847.6311645507812, -847.6358032226562, -847.6721801757812, -847.6513061523438, -847.6434936523438, -847.6874389648438, -847.6510620117188, -847.6787719726562, -847.6754760742188, -847.6819458007812, -847.6493530273438, -847.6552124023438, -847.6557006835938, -847.6554565429688, -847.6858520507812, -847.6371459960938, -847.6605834960938, -847.6449584960938, -847.6527709960938, -847.6560668945312, -847.6720581054688, -847.6495971679688, -847.6847534179688, -847.6815795898438, -847.6829223632812, -847.6513061523438, -847.6593627929688, -847.6687622070312, -847.6664428710938, -847.6449584960938, -847.6510620117188, -847.6600952148438, -847.6682739257812, -847.6548461914062, -847.6696166992188, -847.6403198242188, -847.6502075195312, -847.6393432617188, -847.6593627929688, -847.6581420898438, -847.6427612304688, -847.6334838867188, -847.6325073242188, -847.6675415039062, -847.6771850585938, -847.6578979492188, -847.6416625976562, -847.6412963867188, -847.6425170898438, -847.6500854492188, -847.6386108398438, -847.6561889648438, -847.6453247070312, -847.6792602539062, -847.6730346679688, -847.6511840820312, -847.6520385742188, -847.6669311523438, -847.6598510742188, -847.6537475585938, -847.6757202148438, -847.6859741210938, -847.6834106445312, -847.6752319335938, -847.6807250976562, -847.6554565429688, -847.6439819335938, -847.6622924804688, -847.6437377929688, -847.6442260742188, -847.6390991210938, -847.6455688476562, -847.6378784179688, -847.6744995117188, -847.6480102539062, -847.6693725585938, -847.6372680664062, -847.6616821289062, -847.6718139648438, -847.6642456054688, -847.6588745117188, -847.6531372070312, -847.6674194335938, -847.6864624023438, -847.6669311523438, -847.6713256835938, -847.6582641601562, -847.6676635742188, -847.6564331054688, -847.6691284179688, -847.6688842773438, -847.6691284179688, -847.6466674804688, -847.6664428710938, -847.6371459960938, -847.6395874023438, -847.6578979492188, -847.6527709960938, -847.6464233398438, -847.6542358398438, -847.6508178710938, -847.6692504882812, -847.6554565429688, -847.6630249023438, -847.6548461914062, -847.6566772460938, -847.6594848632812, -847.6659545898438, -847.6531372070312, -847.6631469726562, -847.6715698242188, -847.6521606445312, -847.6432495117188, -847.6583862304688, -847.6287231445312, -847.6788940429688, -847.6493530273438, -847.6282348632812, -847.6520385742188, -847.6577758789062, -847.6768188476562, -847.6625366210938, -847.6719360351562, -847.6588745117188, -847.6781616210938, -847.6492309570312, -847.6427612304688, -847.6605834960938, -847.6576538085938, -847.6843872070312, -847.6466674804688, -847.6651000976562, -847.6605834960938, -847.6422729492188, -847.6290893554688, -847.6278686523438, -847.6682739257812, -847.6444702148438, -847.6637573242188, -847.6636352539062, -847.6410522460938, -847.6521606445312, -847.6488647460938, -847.6432495117188, -847.6570434570312, -847.6438598632812, -847.6675415039062, -847.6926879882812, -847.6948852539062, -847.6654663085938, -847.6658325195312, -847.6683959960938, -847.6459350585938, -847.6505737304688, -847.6807250976562, -847.6561889648438, -847.6561889648438, -847.6632690429688, -847.6505737304688, -847.6559448242188, -847.6771850585938, -847.6559448242188, -847.6432495117188, -847.6703491210938, -847.6812133789062, -847.6569213867188, -847.6810913085938, -847.6683959960938, -847.6405639648438, -847.6395874023438, -847.6593627929688, -847.6688842773438, -847.6478881835938, -847.6473999023438, -847.6343383789062, -847.6436157226562, -847.6558227539062, -847.6176147460938, -847.6677856445312, -847.6557006835938, -847.6674194335938, -847.6517944335938, -847.6691284179688, -847.6599731445312, -847.6654663085938, -847.6527709960938, -847.6605834960938, -847.6608276367188, -847.6771850585938, -847.6290893554688, -847.6669311523438, -847.6569213867188, -847.6349487304688, -847.6592407226562, -847.6593627929688, -847.6664428710938, -847.6414184570312, -847.6602172851562, -847.6614379882812, -847.6770629882812, -847.6956176757812, -847.6599731445312, -847.6578979492188, -847.6537475585938, -847.6603393554688, -847.6450805664062, -847.6598510742188, -847.6603393554688, -847.6565551757812, -847.6721801757812, -847.6469116210938, -847.6461791992188, -847.6652221679688, -847.6439819335938, -847.6806030273438, -847.6522827148438, -847.6448364257812, -847.6670532226562, -847.6801147460938, -847.6309204101562, -847.6564331054688, -847.6614379882812, -847.6774291992188, -847.6735229492188, -847.6843872070312, -847.6881713867188, -847.6771850585938, -847.6688842773438, -847.6755981445312, -847.6818237304688, -847.6878051757812, -847.6444702148438, -847.6621704101562, -847.6638793945312, -847.6704711914062, -847.6554565429688, -847.6559448242188, -847.6591186523438, -847.6608276367188, -847.6661987304688, -847.6780395507812, -847.6649780273438, -847.6583862304688, -847.6608276367188, -847.6445922851562, -847.6552124023438, -847.6791381835938, -847.6647338867188, -847.6449584960938, -847.6797485351562, -847.6835327148438, -847.6369018554688, -847.6492309570312, -847.6708374023438, -847.6515502929688, -847.6365356445312, -847.6412963867188, -847.6730346679688, -847.6718139648438, -847.6649780273438, -847.6426391601562, -847.6935424804688, -847.6349487304688, -847.6593627929688, -847.6718139648438, -847.6630249023438, -847.6552124023438, -847.6493530273438, -847.6425170898438, -847.6681518554688, -847.6559448242188, -847.6509399414062, -847.6411743164062, -847.6447143554688, -847.6465454101562, -847.6622924804688, -847.6885375976562, -847.6725463867188, -847.6334838867188, -847.6571655273438, -847.6515502929688, -847.6626586914062, -847.6725463867188, -847.6425170898438, -847.6571655273438, -847.6793823242188, -847.6596069335938, -847.6397094726562, -847.6565551757812, -847.6613159179688, -847.6719360351562, -847.6316528320312, -847.6382446289062, -847.6558227539062, -847.6774291992188, -847.6659545898438, -847.6466674804688, -847.6766967773438, -847.6836547851562, -847.6536254882812, -847.6510620117188, -847.6398315429688, -847.6769409179688, -847.6376342773438, -847.6676635742188, -847.6525268554688, -847.6561889648438, -847.6715698242188, -847.6832885742188, -847.6456909179688, -847.6535034179688, -847.6631469726562, -847.6410522460938, -847.6510620117188, -847.6437377929688, -847.6784057617188, -847.6754760742188, -847.6631469726562, -847.6432495117188, -847.6482543945312, -847.6666870117188, -847.6325073242188, -847.6635131835938, -847.6837768554688, -847.6785278320312, -847.6637573242188, -847.6692504882812, -847.6703491210938, -847.6828002929688, -847.6752319335938, -847.6531372070312, -847.6500854492188, -847.6647338867188, -847.6522827148438, -847.6688842773438, -847.6566772460938, -847.6610717773438, -847.6502075195312, -847.6484985351562, -847.6355590820312, -847.6510620117188, -847.6769409179688, -847.6798706054688, -847.6663208007812, -847.6425170898438, -847.6478881835938, -847.6776733398438, -847.6644897460938, -847.6452026367188, -847.6599731445312, -847.6557006835938, -847.6503295898438, -847.6608276367188, -847.6607055664062, -847.6614379882812, -847.6593627929688, -847.6520385742188, -847.6715698242188, -847.6366577148438, -847.6513061523438, -847.6640014648438, -847.6292114257812, -847.6110229492188, -847.6454467773438, -847.6268920898438, -847.6669311523438, -847.6587524414062, -847.6652221679688, -847.6362915039062, -847.6447143554688, -847.6709594726562, -847.6577758789062, -847.6430053710938, -847.6288452148438, -847.6671752929688, -847.6554565429688, -847.6736450195312, -847.6583862304688, -847.6618041992188, -847.6637573242188, -847.6837768554688, -847.6196899414062, -847.6475219726562, -847.6552124023438, -847.6640014648438, -847.6830444335938, -847.6632690429688, -847.6376342773438, -847.6787719726562, -847.6668090820312, -847.6777954101562, -847.6763305664062, -847.6581420898438, -847.6752319335938, -847.6442260742188, -847.6616821289062, -847.6732788085938, -847.6867065429688, -847.6558227539062, -847.6378784179688, -847.6691284179688, -847.6918334960938, -847.6598510742188, -847.6702270507812, -847.6566772460938, -847.6549682617188, -847.6315307617188, -847.6806030273438, -847.6217651367188, -847.6304321289062, -847.6567993164062, -847.6427612304688, -847.6649780273438, -847.6349487304688, -847.6810913085938, -847.6630249023438, -847.6641235351562, -847.6636352539062, -847.6643676757812, -847.6964721679688, -847.6901245117188, -847.6559448242188, -847.6731567382812, -847.6715698242188, -847.6494750976562, -847.6477661132812, -847.6397094726562, -847.6710815429688, -847.6565551757812, -847.6771850585938, -847.6646118164062, -847.6605834960938, -847.6882934570312, -847.6527709960938, -847.6624145507812, -847.6561889648438, -847.6596069335938, -847.6513061523438, -847.6727905273438, -847.6508178710938, -847.6492309570312, -847.6444702148438, -847.6522827148438, -847.6497192382812, -847.6270141601562, -847.6212768554688, -847.6654663085938, -847.6698608398438, -847.6243286132812, -847.6613159179688, -847.6812133789062, -847.6790161132812, -847.6853637695312, -847.6752319335938, -847.6522827148438, -847.6464233398438, -847.6421508789062, -847.6663208007812, -847.6332397460938, -847.6478881835938, -847.6652221679688, -847.6632690429688, -847.6813354492188, -847.6691284179688, -847.6708374023438, -847.6652221679688, -847.6702270507812, -847.6637573242188, -847.6680297851562, -847.6626586914062, -847.6740112304688, -847.6411743164062, -847.6307983398438, -847.6469116210938, -847.6449584960938, -847.6571655273438, -847.6473999023438, -847.6499633789062, -847.6530151367188, -847.6709594726562, -847.6686401367188, -847.6653442382812, -847.6831665039062, -847.6679077148438, -847.6879272460938, -847.6828002929688, -847.6729125976562, -847.6846313476562, -847.6625366210938, -847.6654663085938, -847.6664428710938, -847.6664428710938, -847.6747436523438, -847.6780395507812, -847.6582641601562, -847.6473999023438, -847.6957397460938, -847.6613159179688, -847.6292114257812, -847.6624145507812, -847.6629028320312, -847.6581420898438, -847.6796264648438, -847.6290893554688, -847.6521606445312, -847.6314086914062, -847.6698608398438, -847.6720581054688, -847.6264038085938, -847.6576538085938, -847.6520385742188, -847.6596069335938, -847.6702270507812, -847.6589965820312, -847.6412963867188, -847.6594848632812, -847.6560668945312, -847.6500854492188, -847.6615600585938, -847.6350708007812, -847.6644897460938, -847.6693725585938, -847.6525268554688, -847.6781616210938, -847.6698608398438, -847.6450805664062, -847.6693725585938, -847.6570434570312, -847.6411743164062, -847.6369018554688, -847.6832885742188, -847.6724243164062, -847.6526489257812, -847.6549682617188, -847.6539916992188, -847.6456909179688, -847.6615600585938, -847.6591186523438, -847.6755981445312, -847.6517944335938, -847.6499633789062, -847.6614379882812, -847.6629028320312, -847.6727905273438, -847.6792602539062, -847.6432495117188, -847.6690063476562, -847.6631469726562, -847.6417846679688, -847.6744995117188, -847.6630249023438, -847.6582641601562, -847.6359252929688, -847.6331176757812, -847.6353149414062, -847.6597290039062, -847.6351928710938, -847.6734008789062, -847.6746215820312, -847.6549682617188, -847.6322631835938, -847.6581420898438, -847.6615600585938, -847.6803588867188, -847.6561889648438, -847.6571655273438, -847.6720581054688, -847.6664428710938, -847.6640014648438, -847.6710815429688, -847.6836547851562, -847.6456909179688, -847.6604614257812, -847.6493530273438, -847.6482543945312, -847.6546020507812, -847.6615600585938, -847.6488647460938, -847.6497192382812, -847.6296997070312, -847.6467895507812, -847.6539916992188, -847.6636352539062, -847.6786499023438, -847.6401977539062, -847.6671752929688, -847.6325073242188, -847.6578979492188, -847.6781616210938, -847.6268920898438, -847.6489868164062, -847.6517944335938, -847.6578979492188, -847.6559448242188, -847.6649780273438, -847.6532592773438, -847.6432495117188, -847.6384887695312, -847.6576538085938, -847.6618041992188, -847.7055053710938, -847.6943969726562, -847.6603393554688, -847.6580200195312, -847.6539916992188, -847.6610717773438, -847.6378784179688, -847.6613159179688, -847.6576538085938, -847.6757202148438, -847.6557006835938, -847.6522827148438, -847.6784057617188, -847.6666870117188, -847.6867065429688, -847.6581420898438, -847.6791381835938, -847.6738891601562, -847.6664428710938, -847.6530151367188, -847.7106323242188, -847.6533813476562, -847.6637573242188, -847.6680297851562, -847.6786499023438, -847.6420288085938, -847.6508178710938, -847.6510620117188, -847.6417846679688, -847.6380004882812, -847.6766967773438, -847.6738891601562, -847.6741333007812, -847.6547241210938, -847.6325073242188, -847.6636352539062, -847.6691284179688, -847.6527709960938, -847.6608276367188, -847.6869506835938, -847.6621704101562, -847.6752319335938, -847.6600952148438, -847.6527709960938, -847.6652221679688, -847.6528930664062, -847.6178588867188, -847.6567993164062, -847.6686401367188, -847.6521606445312, -847.6727905273438, -847.6488647460938, -847.6409301757812, -847.6752319335938, -847.6725463867188, -847.6657104492188, -847.6642456054688, -847.6600952148438, -847.6686401367188, -847.6813354492188, -847.6533813476562, -847.6791381835938, -847.6865844726562, -847.6530151367188, -847.6453247070312, -847.6598510742188, -847.6830444335938, -847.6310424804688, -847.6569213867188, -847.6753540039062, -847.6953735351562, -847.6508178710938, -847.6488647460938, -847.6304321289062, -847.6611938476562, -847.6372680664062, -847.6465454101562, -847.6561889648438, -847.6571655273438, -847.6552124023438, -847.6736450195312, -847.6514282226562, -847.6580200195312, -847.6610717773438, -847.6607055664062, -847.6708374023438, -847.6421508789062, -847.6766967773438, -847.6532592773438, -847.6593627929688, -847.6369018554688, -847.6539916992188, -847.6616821289062, -847.6361694335938, -847.6559448242188, -847.6548461914062, -847.6260375976562, -847.6638793945312, -847.6537475585938, -847.6715698242188, -847.6432495117188, -847.6649780273438, -847.6417846679688, -847.6340942382812, -847.6475219726562, -847.6580200195312, -847.6427612304688, -847.6593627929688, -847.6549682617188, -847.6536254882812, -847.6648559570312, -847.6570434570312, -847.6735229492188, -847.6553344726562, -847.6384887695312, -847.6755981445312, -847.6598510742188, -847.6666870117188, -847.6585083007812, -847.6425170898438, -847.6679077148438, -847.6466674804688, -847.6454467773438, -847.6610717773438, -847.6703491210938, -847.7029418945312, -847.6613159179688, -847.6459350585938, -847.6693725585938, -847.6766967773438, -847.6488647460938, -847.6456909179688, -847.6229858398438, -847.6515502929688, -847.6444702148438, -847.6753540039062, -847.6586303710938, -847.6574096679688]}
torch.Size([25000])
torch.Size([25000, 25000])
/cluster/tufts/hugheslab/swilli26/stat-patt-final/gp_vs_sngp/results/hyperparam_search/GP/Sin_1000_1001/logs
/cluster/tufts/hugheslab/swilli26/stat-patt-final/gp_vs_sngp/results/hyperparam_search/logs/GP_VS_SNGP_25029053.out
/cluster/tufts/hugheslab/swilli26/stat-patt-final/gp_vs_sngp/results/hyperparam_search/logs/GP_VS_SNGP_25029053.err
