Starting imports...
Importing argparse...
Importing torch...
Importing os...
Importing sngp.train and sngp.model...
Importing gaussian_process...
Importing dataset...
Importing json...
ALL IMPORTS COMPLETE!
Parsing arguments...
Arguments parsed! Running GP on Friedman with N=1000
Checking CUDA availability...
Using CPU
Making Datasets...
Making Model...
Training Gaussian Process...
Iter   0 | Loss: 1841.433 | lengthscale: 1.010 | outputscale: 1.010 | noise: 0.202
Iter  10 | Loss: 1774.403 | lengthscale: 1.115 | outputscale: 1.113 | noise: 0.223
Iter  20 | Loss: 1740.154 | lengthscale: 1.227 | outputscale: 1.212 | noise: 0.242
Iter  30 | Loss: 1726.786 | lengthscale: 1.347 | outputscale: 1.290 | noise: 0.257
Iter  40 | Loss: 1722.151 | lengthscale: 1.482 | outputscale: 1.337 | noise: 0.266
Iter  50 | Loss: 1718.719 | lengthscale: 1.643 | outputscale: 1.355 | noise: 0.268
Iter  60 | Loss: 1713.406 | lengthscale: 1.845 | outputscale: 1.353 | noise: 0.266
Iter  70 | Loss: 1704.676 | lengthscale: 2.110 | outputscale: 1.341 | noise: 0.260
Iter  80 | Loss: 1690.049 | lengthscale: 2.463 | outputscale: 1.326 | noise: 0.253
Iter  90 | Loss: 1664.802 | lengthscale: 2.937 | outputscale: 1.310 | noise: 0.243
Iter 100 | Loss: 1621.953 | lengthscale: 3.564 | outputscale: 1.288 | noise: 0.230
Iter 110 | Loss: 1553.525 | lengthscale: 4.377 | outputscale: 1.256 | noise: 0.212
Iter 120 | Loss: 1451.990 | lengthscale: 5.417 | outputscale: 1.207 | noise: 0.191
Iter 130 | Loss: 1314.186 | lengthscale: 6.727 | outputscale: 1.140 | noise: 0.169
Iter 140 | Loss: 1151.698 | lengthscale: 8.336 | outputscale: 1.063 | noise: 0.153
Iter 150 | Loss:  995.677 | lengthscale: 10.214 | outputscale: 0.989 | noise: 0.154
Iter 160 | Loss:  866.601 | lengthscale: 12.242 | outputscale: 0.932 | noise: 0.185
Iter 170 | Loss:  761.578 | lengthscale: 14.344 | outputscale: 0.890 | noise: 0.231
Iter 180 | Loss:  676.475 | lengthscale: 16.594 | outputscale: 0.854 | noise: 0.258
Iter 190 | Loss:  604.716 | lengthscale: 18.983 | outputscale: 0.822 | noise: 0.256
Iter 200 | Loss:  548.073 | lengthscale: 21.423 | outputscale: 0.798 | noise: 0.264
Iter 210 | Loss:  503.803 | lengthscale: 23.862 | outputscale: 0.781 | noise: 0.269
Iter 220 | Loss:  468.661 | lengthscale: 26.281 | outputscale: 0.767 | noise: 0.270
Iter 230 | Loss:  440.170 | lengthscale: 28.673 | outputscale: 0.757 | noise: 0.274
Iter 240 | Loss:  416.444 | lengthscale: 31.050 | outputscale: 0.749 | noise: 0.275
Iter 250 | Loss:  396.163 | lengthscale: 33.426 | outputscale: 0.743 | noise: 0.277
Iter 260 | Loss:  378.528 | lengthscale: 35.814 | outputscale: 0.737 | noise: 0.278
Iter 270 | Loss:  363.085 | lengthscale: 38.218 | outputscale: 0.732 | noise: 0.278
Iter 280 | Loss:  349.542 | lengthscale: 40.633 | outputscale: 0.729 | noise: 0.279
Iter 290 | Loss:  337.657 | lengthscale: 43.052 | outputscale: 0.726 | noise: 0.279
Iter 300 | Loss:  327.240 | lengthscale: 45.466 | outputscale: 0.724 | noise: 0.279
Iter 310 | Loss:  318.151 | lengthscale: 47.865 | outputscale: 0.722 | noise: 0.280
Iter 320 | Loss:  310.259 | lengthscale: 50.234 | outputscale: 0.722 | noise: 0.280
Iter 330 | Loss:  303.412 | lengthscale: 52.564 | outputscale: 0.722 | noise: 0.280
Iter 340 | Loss:  297.449 | lengthscale: 54.851 | outputscale: 0.722 | noise: 0.280
Iter 350 | Loss:  292.217 | lengthscale: 57.097 | outputscale: 0.723 | noise: 0.280
Iter 360 | Loss:  287.585 | lengthscale: 59.306 | outputscale: 0.725 | noise: 0.281
Iter 370 | Loss:  283.448 | lengthscale: 61.483 | outputscale: 0.726 | noise: 0.281
Iter 380 | Loss:  279.717 | lengthscale: 63.636 | outputscale: 0.728 | noise: 0.281
Iter 390 | Loss:  276.315 | lengthscale: 65.772 | outputscale: 0.730 | noise: 0.282
Iter 400 | Loss:  273.175 | lengthscale: 67.901 | outputscale: 0.732 | noise: 0.282
Iter 410 | Loss:  270.237 | lengthscale: 70.036 | outputscale: 0.733 | noise: 0.282
Iter 420 | Loss:  267.455 | lengthscale: 72.186 | outputscale: 0.735 | noise: 0.282
Iter 430 | Loss:  264.800 | lengthscale: 74.363 | outputscale: 0.737 | noise: 0.283
Iter 440 | Loss:  262.253 | lengthscale: 76.570 | outputscale: 0.738 | noise: 0.283
Iter 450 | Loss:  259.811 | lengthscale: 78.810 | outputscale: 0.740 | noise: 0.283
Iter 460 | Loss:  257.476 | lengthscale: 81.080 | outputscale: 0.741 | noise: 0.283
Iter 470 | Loss:  255.255 | lengthscale: 83.373 | outputscale: 0.743 | noise: 0.283
Iter 480 | Loss:  253.157 | lengthscale: 85.681 | outputscale: 0.744 | noise: 0.284
Iter 490 | Loss:  251.190 | lengthscale: 87.994 | outputscale: 0.746 | noise: 0.284
Iter 500 | Loss:  249.352 | lengthscale: 90.304 | outputscale: 0.747 | noise: 0.284
Iter 510 | Loss:  247.639 | lengthscale: 92.607 | outputscale: 0.749 | noise: 0.284
Iter 520 | Loss:  246.034 | lengthscale: 94.903 | outputscale: 0.750 | noise: 0.284
Iter 530 | Loss:  244.517 | lengthscale: 97.198 | outputscale: 0.752 | noise: 0.284
Iter 540 | Loss:  243.069 | lengthscale: 99.504 | outputscale: 0.753 | noise: 0.284
Iter 550 | Loss:  241.668 | lengthscale: 101.833 | outputscale: 0.754 | noise: 0.285
Iter 560 | Loss:  240.293 | lengthscale: 104.202 | outputscale: 0.755 | noise: 0.285
Iter 570 | Loss:  238.928 | lengthscale: 106.625 | outputscale: 0.756 | noise: 0.285
Iter 580 | Loss:  237.563 | lengthscale: 109.115 | outputscale: 0.757 | noise: 0.285
Iter 590 | Loss:  236.188 | lengthscale: 111.684 | outputscale: 0.758 | noise: 0.285
Iter 600 | Loss:  234.802 | lengthscale: 114.339 | outputscale: 0.758 | noise: 0.285
Iter 610 | Loss:  233.406 | lengthscale: 117.080 | outputscale: 0.758 | noise: 0.285
Iter 620 | Loss:  232.008 | lengthscale: 119.907 | outputscale: 0.759 | noise: 0.285
Iter 630 | Loss:  230.618 | lengthscale: 122.813 | outputscale: 0.759 | noise: 0.285
Iter 640 | Loss:  229.245 | lengthscale: 125.790 | outputscale: 0.759 | noise: 0.285
Iter 650 | Loss:  227.901 | lengthscale: 128.826 | outputscale: 0.759 | noise: 0.285
Iter 660 | Loss:  226.593 | lengthscale: 131.913 | outputscale: 0.759 | noise: 0.286
Iter 670 | Loss:  225.325 | lengthscale: 135.041 | outputscale: 0.759 | noise: 0.286
Iter 680 | Loss:  224.102 | lengthscale: 138.203 | outputscale: 0.760 | noise: 0.286
Iter 690 | Loss:  222.926 | lengthscale: 141.394 | outputscale: 0.760 | noise: 0.286
Iter 700 | Loss:  221.796 | lengthscale: 144.610 | outputscale: 0.760 | noise: 0.286
Iter 710 | Loss:  220.709 | lengthscale: 147.848 | outputscale: 0.761 | noise: 0.286
Iter 720 | Loss:  219.668 | lengthscale: 151.105 | outputscale: 0.762 | noise: 0.286
Iter 730 | Loss:  218.670 | lengthscale: 154.378 | outputscale: 0.762 | noise: 0.286
Iter 740 | Loss:  217.715 | lengthscale: 157.666 | outputscale: 0.763 | noise: 0.286
Iter 750 | Loss:  216.799 | lengthscale: 160.965 | outputscale: 0.764 | noise: 0.286
Iter 760 | Loss:  215.923 | lengthscale: 164.275 | outputscale: 0.765 | noise: 0.286
Iter 770 | Loss:  215.086 | lengthscale: 167.592 | outputscale: 0.766 | noise: 0.286
Iter 780 | Loss:  214.284 | lengthscale: 170.917 | outputscale: 0.767 | noise: 0.286
Iter 790 | Loss:  213.518 | lengthscale: 174.247 | outputscale: 0.768 | noise: 0.286
Iter 800 | Loss:  212.783 | lengthscale: 177.581 | outputscale: 0.770 | noise: 0.286
Iter 810 | Loss:  212.079 | lengthscale: 180.919 | outputscale: 0.771 | noise: 0.286
Iter 820 | Loss:  211.406 | lengthscale: 184.260 | outputscale: 0.773 | noise: 0.286
Iter 830 | Loss:  210.760 | lengthscale: 187.604 | outputscale: 0.774 | noise: 0.286
Iter 840 | Loss:  210.141 | lengthscale: 190.950 | outputscale: 0.776 | noise: 0.286
Iter 850 | Loss:  209.548 | lengthscale: 194.297 | outputscale: 0.778 | noise: 0.286
Iter 860 | Loss:  208.978 | lengthscale: 197.645 | outputscale: 0.780 | noise: 0.286
Iter 870 | Loss:  208.431 | lengthscale: 200.994 | outputscale: 0.782 | noise: 0.286
Iter 880 | Loss:  207.905 | lengthscale: 204.342 | outputscale: 0.784 | noise: 0.286
Iter 890 | Loss:  207.401 | lengthscale: 207.690 | outputscale: 0.786 | noise: 0.286
Iter 900 | Loss:  206.916 | lengthscale: 211.037 | outputscale: 0.788 | noise: 0.286
Iter 910 | Loss:  206.451 | lengthscale: 214.383 | outputscale: 0.790 | noise: 0.286
Iter 920 | Loss:  206.001 | lengthscale: 217.728 | outputscale: 0.793 | noise: 0.286
Iter 930 | Loss:  205.568 | lengthscale: 221.072 | outputscale: 0.796 | noise: 0.286
Iter 940 | Loss:  205.152 | lengthscale: 224.416 | outputscale: 0.798 | noise: 0.286
Iter 950 | Loss:  204.749 | lengthscale: 227.760 | outputscale: 0.801 | noise: 0.286
Iter 960 | Loss:  204.361 | lengthscale: 231.106 | outputscale: 0.804 | noise: 0.286
Iter 970 | Loss:  203.985 | lengthscale: 234.453 | outputscale: 0.807 | noise: 0.286
Iter 980 | Loss:  203.621 | lengthscale: 237.803 | outputscale: 0.810 | noise: 0.286
Iter 990 | Loss:  203.269 | lengthscale: 241.157 | outputscale: 0.813 | noise: 0.286
Iter 1000 | Loss:  202.927 | lengthscale: 244.517 | outputscale: 0.816 | noise: 0.286
Iter 1010 | Loss:  202.594 | lengthscale: 247.883 | outputscale: 0.819 | noise: 0.286
Iter 1020 | Loss:  202.273 | lengthscale: 251.257 | outputscale: 0.822 | noise: 0.286
Iter 1030 | Loss:  201.959 | lengthscale: 254.640 | outputscale: 0.825 | noise: 0.286
Iter 1040 | Loss:  201.652 | lengthscale: 258.033 | outputscale: 0.829 | noise: 0.286
Iter 1050 | Loss:  201.355 | lengthscale: 261.439 | outputscale: 0.832 | noise: 0.286
Iter 1060 | Loss:  201.063 | lengthscale: 264.857 | outputscale: 0.835 | noise: 0.286
Iter 1070 | Loss:  200.779 | lengthscale: 268.289 | outputscale: 0.839 | noise: 0.286
Iter 1080 | Loss:  200.500 | lengthscale: 271.736 | outputscale: 0.842 | noise: 0.286
Iter 1090 | Loss:  200.229 | lengthscale: 275.200 | outputscale: 0.846 | noise: 0.286
Iter 1100 | Loss:  199.963 | lengthscale: 278.681 | outputscale: 0.850 | noise: 0.286
Iter 1110 | Loss:  199.701 | lengthscale: 282.181 | outputscale: 0.853 | noise: 0.286
Iter 1120 | Loss:  199.444 | lengthscale: 285.701 | outputscale: 0.857 | noise: 0.286
Iter 1130 | Loss:  199.192 | lengthscale: 289.240 | outputscale: 0.861 | noise: 0.286
Iter 1140 | Loss:  198.947 | lengthscale: 292.801 | outputscale: 0.865 | noise: 0.286
Iter 1150 | Loss:  198.703 | lengthscale: 296.383 | outputscale: 0.869 | noise: 0.286
Iter 1160 | Loss:  198.466 | lengthscale: 299.987 | outputscale: 0.873 | noise: 0.286
Iter 1170 | Loss:  198.230 | lengthscale: 303.612 | outputscale: 0.877 | noise: 0.286
Iter 1180 | Loss:  198.003 | lengthscale: 307.259 | outputscale: 0.881 | noise: 0.286
Iter 1190 | Loss:  197.773 | lengthscale: 310.926 | outputscale: 0.885 | noise: 0.286
Iter 1200 | Loss:  197.551 | lengthscale: 314.613 | outputscale: 0.890 | noise: 0.286
Iter 1210 | Loss:  197.333 | lengthscale: 318.320 | outputscale: 0.894 | noise: 0.286
Iter 1220 | Loss:  197.117 | lengthscale: 322.044 | outputscale: 0.899 | noise: 0.286
Iter 1230 | Loss:  196.906 | lengthscale: 325.784 | outputscale: 0.903 | noise: 0.286
Iter 1240 | Loss:  196.699 | lengthscale: 329.539 | outputscale: 0.908 | noise: 0.286
Iter 1250 | Loss:  196.497 | lengthscale: 333.306 | outputscale: 0.913 | noise: 0.286
Iter 1260 | Loss:  196.297 | lengthscale: 337.085 | outputscale: 0.918 | noise: 0.286
Iter 1270 | Loss:  196.102 | lengthscale: 340.871 | outputscale: 0.923 | noise: 0.286
Iter 1280 | Loss:  195.913 | lengthscale: 344.665 | outputscale: 0.928 | noise: 0.286
Iter 1290 | Loss:  195.726 | lengthscale: 348.463 | outputscale: 0.933 | noise: 0.286
Iter 1300 | Loss:  195.544 | lengthscale: 352.263 | outputscale: 0.939 | noise: 0.286
Iter 1310 | Loss:  195.367 | lengthscale: 356.063 | outputscale: 0.944 | noise: 0.286
Iter 1320 | Loss:  195.194 | lengthscale: 359.861 | outputscale: 0.950 | noise: 0.286
Iter 1330 | Loss:  195.024 | lengthscale: 363.655 | outputscale: 0.955 | noise: 0.286
Iter 1340 | Loss:  194.861 | lengthscale: 367.444 | outputscale: 0.961 | noise: 0.286
Iter 1350 | Loss:  194.698 | lengthscale: 371.224 | outputscale: 0.967 | noise: 0.286
Iter 1360 | Loss:  194.543 | lengthscale: 374.995 | outputscale: 0.973 | noise: 0.286
Iter 1370 | Loss:  194.390 | lengthscale: 378.754 | outputscale: 0.979 | noise: 0.286
Iter 1380 | Loss:  194.240 | lengthscale: 382.501 | outputscale: 0.986 | noise: 0.286
Iter 1390 | Loss:  194.096 | lengthscale: 386.234 | outputscale: 0.992 | noise: 0.286
Iter 1400 | Loss:  193.956 | lengthscale: 389.951 | outputscale: 0.999 | noise: 0.286
Iter 1410 | Loss:  193.817 | lengthscale: 393.651 | outputscale: 1.005 | noise: 0.286
Iter 1420 | Loss:  193.684 | lengthscale: 397.333 | outputscale: 1.012 | noise: 0.286
Iter 1430 | Loss:  193.556 | lengthscale: 400.997 | outputscale: 1.019 | noise: 0.286
Iter 1440 | Loss:  193.430 | lengthscale: 404.641 | outputscale: 1.026 | noise: 0.286
Iter 1450 | Loss:  193.305 | lengthscale: 408.265 | outputscale: 1.033 | noise: 0.286
Iter 1460 | Loss:  193.188 | lengthscale: 411.869 | outputscale: 1.040 | noise: 0.285
Iter 1470 | Loss:  193.071 | lengthscale: 415.452 | outputscale: 1.047 | noise: 0.285
Iter 1480 | Loss:  192.957 | lengthscale: 419.015 | outputscale: 1.054 | noise: 0.285
Iter 1490 | Loss:  192.850 | lengthscale: 422.556 | outputscale: 1.062 | noise: 0.285
Iter 1500 | Loss:  192.742 | lengthscale: 426.075 | outputscale: 1.069 | noise: 0.285
Iter 1510 | Loss:  192.638 | lengthscale: 429.574 | outputscale: 1.077 | noise: 0.285
Iter 1520 | Loss:  192.534 | lengthscale: 433.051 | outputscale: 1.085 | noise: 0.285
Iter 1530 | Loss:  192.439 | lengthscale: 436.508 | outputscale: 1.092 | noise: 0.285
Iter 1540 | Loss:  192.342 | lengthscale: 439.945 | outputscale: 1.100 | noise: 0.285
Iter 1550 | Loss:  192.249 | lengthscale: 443.361 | outputscale: 1.108 | noise: 0.285
Iter 1560 | Loss:  192.159 | lengthscale: 446.758 | outputscale: 1.116 | noise: 0.285
Iter 1570 | Loss:  192.067 | lengthscale: 450.137 | outputscale: 1.124 | noise: 0.285
Iter 1580 | Loss:  191.981 | lengthscale: 453.495 | outputscale: 1.132 | noise: 0.285
Iter 1590 | Loss:  191.893 | lengthscale: 456.836 | outputscale: 1.141 | noise: 0.285
Iter 1600 | Loss:  191.808 | lengthscale: 460.159 | outputscale: 1.149 | noise: 0.285
Iter 1610 | Loss:  191.727 | lengthscale: 463.466 | outputscale: 1.157 | noise: 0.285
Iter 1620 | Loss:  191.651 | lengthscale: 466.757 | outputscale: 1.166 | noise: 0.285
Iter 1630 | Loss:  191.573 | lengthscale: 470.032 | outputscale: 1.174 | noise: 0.285
Iter 1640 | Loss:  191.496 | lengthscale: 473.292 | outputscale: 1.183 | noise: 0.285
Iter 1650 | Loss:  191.425 | lengthscale: 476.539 | outputscale: 1.192 | noise: 0.285
Iter 1660 | Loss:  191.354 | lengthscale: 479.772 | outputscale: 1.200 | noise: 0.285
Iter 1670 | Loss:  191.277 | lengthscale: 482.993 | outputscale: 1.209 | noise: 0.285
Iter 1680 | Loss:  191.208 | lengthscale: 486.201 | outputscale: 1.218 | noise: 0.285
Iter 1690 | Loss:  191.141 | lengthscale: 489.399 | outputscale: 1.227 | noise: 0.285
Iter 1700 | Loss:  191.074 | lengthscale: 492.586 | outputscale: 1.236 | noise: 0.285
Iter 1710 | Loss:  191.006 | lengthscale: 495.764 | outputscale: 1.245 | noise: 0.285
Iter 1720 | Loss:  190.945 | lengthscale: 498.932 | outputscale: 1.254 | noise: 0.285
Iter 1730 | Loss:  190.885 | lengthscale: 502.091 | outputscale: 1.263 | noise: 0.285
Iter 1740 | Loss:  190.817 | lengthscale: 505.243 | outputscale: 1.272 | noise: 0.285
Iter 1750 | Loss:  190.760 | lengthscale: 508.389 | outputscale: 1.282 | noise: 0.285
Iter 1760 | Loss:  190.696 | lengthscale: 511.529 | outputscale: 1.291 | noise: 0.285
Iter 1770 | Loss:  190.640 | lengthscale: 514.662 | outputscale: 1.300 | noise: 0.285
Iter 1780 | Loss:  190.578 | lengthscale: 517.789 | outputscale: 1.310 | noise: 0.285
Iter 1790 | Loss:  190.524 | lengthscale: 520.912 | outputscale: 1.319 | noise: 0.285
Iter 1800 | Loss:  190.464 | lengthscale: 524.031 | outputscale: 1.329 | noise: 0.285
Iter 1810 | Loss:  190.413 | lengthscale: 527.146 | outputscale: 1.338 | noise: 0.285
Iter 1820 | Loss:  190.359 | lengthscale: 530.258 | outputscale: 1.348 | noise: 0.285
Iter 1830 | Loss:  190.307 | lengthscale: 533.367 | outputscale: 1.358 | noise: 0.285
Iter 1840 | Loss:  190.251 | lengthscale: 536.475 | outputscale: 1.367 | noise: 0.285
Iter 1850 | Loss:  190.199 | lengthscale: 539.579 | outputscale: 1.377 | noise: 0.285
Iter 1860 | Loss:  190.147 | lengthscale: 542.682 | outputscale: 1.387 | noise: 0.285
Iter 1870 | Loss:  190.097 | lengthscale: 545.783 | outputscale: 1.397 | noise: 0.285
Iter 1880 | Loss:  190.047 | lengthscale: 548.883 | outputscale: 1.407 | noise: 0.285
Iter 1890 | Loss:  190.000 | lengthscale: 551.984 | outputscale: 1.417 | noise: 0.285
Iter 1900 | Loss:  189.948 | lengthscale: 555.085 | outputscale: 1.427 | noise: 0.285
Iter 1910 | Loss:  189.903 | lengthscale: 558.184 | outputscale: 1.438 | noise: 0.285
Iter 1920 | Loss:  189.850 | lengthscale: 561.283 | outputscale: 1.448 | noise: 0.285
Iter 1930 | Loss:  189.806 | lengthscale: 564.381 | outputscale: 1.458 | noise: 0.285
Iter 1940 | Loss:  189.766 | lengthscale: 567.479 | outputscale: 1.468 | noise: 0.285
Iter 1950 | Loss:  189.717 | lengthscale: 570.578 | outputscale: 1.479 | noise: 0.285
Iter 1960 | Loss:  189.671 | lengthscale: 573.676 | outputscale: 1.490 | noise: 0.285
Iter 1970 | Loss:  189.626 | lengthscale: 576.773 | outputscale: 1.500 | noise: 0.285
Iter 1980 | Loss:  189.582 | lengthscale: 579.871 | outputscale: 1.511 | noise: 0.285
Iter 1990 | Loss:  189.546 | lengthscale: 582.968 | outputscale: 1.522 | noise: 0.285
Iter 2000 | Loss:  189.500 | lengthscale: 586.064 | outputscale: 1.532 | noise: 0.285
Iter 2010 | Loss:  189.453 | lengthscale: 589.160 | outputscale: 1.543 | noise: 0.285
Iter 2020 | Loss:  189.417 | lengthscale: 592.254 | outputscale: 1.554 | noise: 0.285
Iter 2030 | Loss:  189.373 | lengthscale: 595.347 | outputscale: 1.565 | noise: 0.285
Iter 2040 | Loss:  189.338 | lengthscale: 598.438 | outputscale: 1.576 | noise: 0.285
Iter 2050 | Loss:  189.292 | lengthscale: 601.526 | outputscale: 1.587 | noise: 0.285
Iter 2060 | Loss:  189.260 | lengthscale: 604.610 | outputscale: 1.599 | noise: 0.285
Iter 2070 | Loss:  189.221 | lengthscale: 607.692 | outputscale: 1.610 | noise: 0.285
Iter 2080 | Loss:  189.184 | lengthscale: 610.771 | outputscale: 1.622 | noise: 0.285
Iter 2090 | Loss:  189.150 | lengthscale: 613.845 | outputscale: 1.633 | noise: 0.285
Iter 2100 | Loss:  189.113 | lengthscale: 616.916 | outputscale: 1.645 | noise: 0.285
Iter 2110 | Loss:  189.064 | lengthscale: 619.983 | outputscale: 1.656 | noise: 0.285
Iter 2120 | Loss:  189.036 | lengthscale: 623.044 | outputscale: 1.668 | noise: 0.285
Iter 2130 | Loss:  188.999 | lengthscale: 626.103 | outputscale: 1.680 | noise: 0.285
Iter 2140 | Loss:  188.956 | lengthscale: 629.155 | outputscale: 1.692 | noise: 0.285
Iter 2150 | Loss:  188.923 | lengthscale: 632.202 | outputscale: 1.704 | noise: 0.285
Iter 2160 | Loss:  188.891 | lengthscale: 635.240 | outputscale: 1.716 | noise: 0.285
Iter 2170 | Loss:  188.860 | lengthscale: 638.270 | outputscale: 1.728 | noise: 0.285
Iter 2180 | Loss:  188.826 | lengthscale: 641.293 | outputscale: 1.741 | noise: 0.285
Iter 2190 | Loss:  188.786 | lengthscale: 644.306 | outputscale: 1.753 | noise: 0.285
Iter 2200 | Loss:  188.769 | lengthscale: 647.313 | outputscale: 1.765 | noise: 0.285
Iter 2210 | Loss:  188.722 | lengthscale: 650.309 | outputscale: 1.778 | noise: 0.285
Iter 2220 | Loss:  188.697 | lengthscale: 653.296 | outputscale: 1.791 | noise: 0.285
Iter 2230 | Loss:  188.662 | lengthscale: 656.275 | outputscale: 1.804 | noise: 0.285
Iter 2240 | Loss:  188.630 | lengthscale: 659.244 | outputscale: 1.817 | noise: 0.285
Iter 2250 | Loss:  188.589 | lengthscale: 662.201 | outputscale: 1.830 | noise: 0.285
Iter 2260 | Loss:  188.572 | lengthscale: 665.149 | outputscale: 1.843 | noise: 0.285
Iter 2270 | Loss:  188.536 | lengthscale: 668.086 | outputscale: 1.856 | noise: 0.285
Iter 2280 | Loss:  188.508 | lengthscale: 671.010 | outputscale: 1.869 | noise: 0.285
Iter 2290 | Loss:  188.477 | lengthscale: 673.923 | outputscale: 1.883 | noise: 0.285
Iter 2300 | Loss:  188.449 | lengthscale: 676.823 | outputscale: 1.896 | noise: 0.285
Iter 2310 | Loss:  188.420 | lengthscale: 679.712 | outputscale: 1.910 | noise: 0.285
Iter 2320 | Loss:  188.388 | lengthscale: 682.586 | outputscale: 1.924 | noise: 0.285
Iter 2330 | Loss:  188.358 | lengthscale: 685.448 | outputscale: 1.938 | noise: 0.285
Iter 2340 | Loss:  188.343 | lengthscale: 688.297 | outputscale: 1.952 | noise: 0.285
Iter 2350 | Loss:  188.310 | lengthscale: 691.130 | outputscale: 1.966 | noise: 0.285
Iter 2360 | Loss:  188.286 | lengthscale: 693.952 | outputscale: 1.980 | noise: 0.285
Iter 2370 | Loss:  188.252 | lengthscale: 696.762 | outputscale: 1.994 | noise: 0.285
Iter 2380 | Loss:  188.235 | lengthscale: 699.557 | outputscale: 2.009 | noise: 0.285
Iter 2390 | Loss:  188.212 | lengthscale: 702.341 | outputscale: 2.023 | noise: 0.285
Iter 2400 | Loss:  188.185 | lengthscale: 705.112 | outputscale: 2.038 | noise: 0.285
Iter 2410 | Loss:  188.161 | lengthscale: 707.867 | outputscale: 2.053 | noise: 0.285
Iter 2420 | Loss:  188.141 | lengthscale: 710.609 | outputscale: 2.068 | noise: 0.285
Iter 2430 | Loss:  188.127 | lengthscale: 713.335 | outputscale: 2.083 | noise: 0.285
Iter 2440 | Loss:  188.086 | lengthscale: 716.046 | outputscale: 2.098 | noise: 0.285
Iter 2450 | Loss:  188.068 | lengthscale: 718.748 | outputscale: 2.114 | noise: 0.285
Iter 2460 | Loss:  188.039 | lengthscale: 721.435 | outputscale: 2.129 | noise: 0.285
Iter 2470 | Loss:  188.027 | lengthscale: 724.107 | outputscale: 2.145 | noise: 0.285
Iter 2480 | Loss:  188.009 | lengthscale: 726.767 | outputscale: 2.161 | noise: 0.285
Iter 2490 | Loss:  187.961 | lengthscale: 729.416 | outputscale: 2.176 | noise: 0.285
Iter 2499 | Loss:  187.952 | lengthscale: 731.788 | outputscale: 2.191 | noise: 0.285
Learned Hyperparams:  {'lengthscale': 731.7877197265625, 'outputscale': 2.190809726715088, 'noise': 0.2849222421646118, 'marginal_likelihood_loss_history': [1841.433349609375, 1833.03369140625, 1825.0213623046875, 1817.39404296875, 1810.14892578125, 1803.2813720703125, 1796.786865234375, 1790.6590576171875, 1784.89111328125, 1779.475341796875, 1774.4029541015625, 1769.6644287109375, 1765.24951171875, 1761.1474609375, 1757.346435546875, 1753.834228515625, 1750.5986328125, 1747.626220703125, 1744.90380859375, 1742.417724609375, 1740.154052734375, 1738.099365234375, 1736.2396240234375, 1734.561279296875, 1733.050537109375, 1731.694091796875, 1730.47900390625, 1729.3927001953125, 1728.4228515625, 1727.557861328125, 1726.786376953125, 1726.09765625, 1725.481689453125, 1724.9287109375, 1724.43017578125, 1723.977294921875, 1723.562744140625, 1723.178955078125, 1722.81982421875, 1722.47900390625, 1722.1513671875, 1721.83154296875, 1721.515380859375, 1721.198974609375, 1720.878662109375, 1720.55126953125, 1720.2138671875, 1719.8641357421875, 1719.499755859375, 1719.11865234375, 1718.71923828125, 1718.2998046875, 1717.85888671875, 1717.395263671875, 1716.907470703125, 1716.39453125, 1715.854736328125, 1715.287353515625, 1714.69091796875, 1714.064208984375, 1713.405517578125, 1712.7138671875, 1711.9871826171875, 1711.2239990234375, 1710.42236328125, 1709.580078125, 1708.6953125, 1707.76513671875, 1706.787109375, 1705.758544921875, 1704.67626953125, 1703.5369873046875, 1702.337158203125, 1701.07275390625, 1699.740234375, 1698.3349609375, 1696.852294921875, 1695.28759765625, 1693.6357421875, 1691.891357421875, 1690.048583984375, 1688.101806640625, 1686.044677734375, 1683.870849609375, 1681.57373046875, 1679.1463623046875, 1676.581787109375, 1673.8724365234375, 1671.0111083984375, 1667.990234375, 1664.8017578125, 1661.438232421875, 1657.891357421875, 1654.1533203125, 1650.216064453125, 1646.0712890625, 1641.711181640625, 1637.127197265625, 1632.311767578125, 1627.256103515625, 1621.9527587890625, 1616.393310546875, 1610.56982421875, 1604.474365234375, 1598.0986328125, 1591.43505859375, 1584.4755859375, 1577.212646484375, 1569.637939453125, 1561.74462890625, 1553.524658203125, 1544.97119140625, 1536.0770263671875, 1526.835693359375, 1517.2412109375, 1507.28759765625, 1496.969970703125, 1486.2843017578125, 1475.22705078125, 1463.7958984375, 1451.9898681640625, 1439.80908203125, 1427.2548828125, 1414.3309326171875, 1401.0419921875, 1387.39501953125, 1373.399169921875, 1359.0654296875, 1344.4075927734375, 1329.441650390625, 1314.18603515625, 1298.6622314453125, 1282.8941650390625, 1266.9085693359375, 1250.73486328125, 1234.405517578125, 1217.95458984375, 1201.419189453125, 1184.8377685546875, 1168.2503662109375, 1151.697998046875, 1135.220947265625, 1118.8585205078125, 1102.648193359375, 1086.6240234375, 1070.815673828125, 1055.2470703125, 1039.937744140625, 1024.901123046875, 1010.1458740234375, 995.6773071289062, 981.498779296875, 967.61083984375, 954.0138549804688, 940.7057495117188, 927.68310546875, 914.9405517578125, 902.4705810546875, 890.2642211914062, 878.3111572265625, 866.6007080078125, 855.123291015625, 843.8698120117188, 832.8336791992188, 822.0105590820312, 811.3984375, 800.998779296875, 790.8133544921875, 780.84619140625, 771.1004638671875, 761.5780029296875, 752.2774658203125, 743.1932373046875, 734.3153076171875, 725.6282958984375, 717.1136474609375, 708.75048828125, 700.5188598632812, 692.402099609375, 684.3889770507812, 676.4746704101562, 668.6617431640625, 660.9583740234375, 653.377197265625, 645.932861328125, 638.6400146484375, 631.5103759765625, 624.5521240234375, 617.7686157226562, 611.158447265625, 604.7161254882812, 598.4332885742188, 592.300537109375, 586.3096923828125, 580.4542236328125, 574.7299194335938, 569.1355590820312, 563.6717529296875, 558.3394165039062, 553.1400146484375, 548.0731201171875, 543.1375732421875, 538.329345703125, 533.6435546875, 529.07421875, 524.6148681640625, 520.2598876953125, 516.0044555664062, 511.8446960449219, 507.7782287597656, 503.80340576171875, 499.9189453125, 496.1234130859375, 492.4150695800781, 488.7916259765625, 485.2503356933594, 481.7876281738281, 478.40045166015625, 475.0853576660156, 471.83966064453125, 468.6608581542969, 465.54693603515625, 462.49652099609375, 459.50787353515625, 456.5795593261719, 453.7098388671875, 450.8968811035156, 448.1385498046875, 445.4324951171875, 442.7769775390625, 440.1700439453125, 437.60980224609375, 435.094482421875, 432.62298583984375, 430.194091796875, 427.80645751953125, 425.458740234375, 423.1500244140625, 420.8787841796875, 418.6436767578125, 416.44378662109375, 414.277587890625, 412.14447021484375, 410.04296875, 407.972900390625, 405.93292236328125, 403.92266845703125, 401.94134521484375, 399.9881591796875, 398.0621337890625, 396.1632080078125, 394.29022216796875, 392.44287109375, 390.62030029296875, 388.82244873046875, 387.04876708984375, 385.29864501953125, 383.5718994140625, 381.86798095703125, 380.18670654296875, 378.52764892578125, 376.8902587890625, 375.2744140625, 373.67974853515625, 372.1058349609375, 370.55255126953125, 369.01959228515625, 367.5067138671875, 366.01348876953125, 364.53961181640625, 363.08526611328125, 361.64984130859375, 360.23297119140625, 358.83465576171875, 357.45428466796875, 356.09210205078125, 354.74755859375, 353.42047119140625, 352.11065673828125, 350.81756591796875, 349.5416259765625, 348.2822265625, 347.0389404296875, 345.81182861328125, 344.6005859375, 343.405029296875, 342.22491455078125, 341.0604248046875, 339.9107666015625, 338.77642822265625, 337.65655517578125, 336.55157470703125, 335.4609375, 334.384521484375, 333.322509765625, 332.274658203125, 331.24041748046875, 330.22003173828125, 329.21343994140625, 328.219970703125, 327.24041748046875, 326.273681640625, 325.32025146484375, 324.37994384765625, 323.45257568359375, 322.53790283203125, 321.6356201171875, 320.7462158203125, 319.86883544921875, 319.00421142578125, 318.151123046875, 317.31036376953125, 316.48162841796875, 315.66412353515625, 314.85845947265625, 314.0643310546875, 313.28106689453125, 312.50927734375, 311.74822998046875, 310.99786376953125, 310.25860595703125, 309.52923583984375, 308.81060791015625, 308.10186767578125, 307.40338134765625, 306.71429443359375, 306.0352783203125, 305.36566162109375, 304.70538330078125, 304.05426025390625, 303.411865234375, 302.77838134765625, 302.15386962890625, 301.53741455078125, 300.929443359375, 300.32989501953125, 299.7384033203125, 299.15460205078125, 298.57855224609375, 298.010009765625, 297.44921875, 296.895263671875, 296.34906005859375, 295.80950927734375, 295.27642822265625, 294.75054931640625, 294.23101806640625, 293.71807861328125, 293.211669921875, 292.71136474609375, 292.21697998046875, 291.72894287109375, 291.246337890625, 290.76971435546875, 290.29888916015625, 289.83343505859375, 289.3731689453125, 288.91851806640625, 288.46905517578125, 288.024658203125, 287.58526611328125, 287.15106201171875, 286.72149658203125, 286.29620361328125, 285.8760986328125, 285.46063232421875, 285.04962158203125, 284.64288330078125, 284.2401123046875, 283.84210205078125, 283.44793701171875, 283.05816650390625, 282.67181396484375, 282.289794921875, 281.9112548828125, 281.53643798828125, 281.165771484375, 280.79833984375, 280.43450927734375, 280.073974609375, 279.717041015625, 279.3631591796875, 279.012451171875, 278.66522216796875, 278.3206787109375, 277.97943115234375, 277.64105224609375, 277.30548095703125, 276.9727783203125, 276.64263916015625, 276.31549072265625, 275.99053955078125, 275.66845703125, 275.3486328125, 275.03143310546875, 274.7166748046875, 274.40362548828125, 274.0931396484375, 273.784912109375, 273.478759765625, 273.1748046875, 272.87261962890625, 272.57257080078125, 272.2745361328125, 271.9779052734375, 271.6834716796875, 271.390625, 271.09979248046875, 270.81048583984375, 270.52252197265625, 270.23663330078125, 269.95184326171875, 269.66888427734375, 269.38726806640625, 269.1075439453125, 268.82830810546875, 268.551025390625, 268.275146484375, 268.00042724609375, 267.72711181640625, 267.455322265625, 267.18426513671875, 266.91448974609375, 266.64630126953125, 266.37896728515625, 266.1129150390625, 265.84796142578125, 265.58416748046875, 265.32171630859375, 265.06011962890625, 264.800048828125, 264.54058837890625, 264.281982421875, 264.02520751953125, 263.76885986328125, 263.5137939453125, 263.25958251953125, 263.006591796875, 262.75445556640625, 262.5037841796875, 262.25335693359375, 262.00506591796875, 261.7569580078125, 261.510498046875, 261.26446533203125, 261.01995849609375, 260.77581787109375, 260.533203125, 260.29156494140625, 260.05084228515625, 259.81134033203125, 259.57269287109375, 259.3358154296875, 259.099365234375, 258.86395263671875, 258.62957763671875, 258.39697265625, 258.16473388671875, 257.9339599609375, 257.704345703125, 257.4757080078125, 257.24810791015625, 257.0220947265625, 256.7972412109375, 256.5733642578125, 256.35028076171875, 256.12835693359375, 255.90838623046875, 255.68914794921875, 255.47113037109375, 255.25457763671875, 255.03912353515625, 254.82489013671875, 254.61175537109375, 254.40020751953125, 254.19012451171875, 253.98065185546875, 253.77288818359375, 253.56634521484375, 253.3609619140625, 253.15704345703125, 252.95440673828125, 252.7530517578125, 252.552978515625, 252.35418701171875, 252.15679931640625, 251.9609375, 251.76629638671875, 251.57269287109375, 251.38079833984375, 251.18988037109375, 251.00030517578125, 250.81207275390625, 250.62481689453125, 250.43927001953125, 250.25518798828125, 250.07196044921875, 249.89019775390625, 249.71002197265625, 249.53118896484375, 249.35247802734375, 249.17584228515625, 249.0006103515625, 248.825927734375, 248.65313720703125, 248.48089599609375, 248.31011962890625, 248.1405029296875, 247.97210693359375, 247.8048095703125, 247.6387939453125, 247.47344970703125, 247.3094482421875, 247.146484375, 246.98419189453125, 246.82354736328125, 246.66326904296875, 246.50469970703125, 246.3466796875, 246.1895751953125, 246.03350830078125, 245.87835693359375, 245.7236328125, 245.57037353515625, 245.41754150390625, 245.26544189453125, 245.11444091796875, 244.96441650390625, 244.81451416015625, 244.66583251953125, 244.51739501953125, 244.3699951171875, 244.22259521484375, 244.0767822265625, 243.93115234375, 243.78619384765625, 243.64215087890625, 243.49822998046875, 243.35504150390625, 243.211669921875, 243.0694580078125, 242.9278564453125, 242.78619384765625, 242.64520263671875, 242.50445556640625, 242.3642578125, 242.22430419921875, 242.0848388671875, 241.945068359375, 241.80694580078125, 241.66839599609375, 241.52947998046875, 241.3912353515625, 241.25341796875, 241.11566162109375, 240.97808837890625, 240.8408203125, 240.70379638671875, 240.56671142578125, 240.42938232421875, 240.29290771484375, 240.15594482421875, 240.019287109375, 239.8831787109375, 239.74664306640625, 239.61029052734375, 239.47381591796875, 239.33746337890625, 239.20135498046875, 239.06488037109375, 238.928466796875, 238.79241943359375, 238.65618896484375, 238.51971435546875, 238.3831787109375, 238.24627685546875, 238.11004638671875, 237.9736328125, 237.83612060546875, 237.6998291015625, 237.56304931640625, 237.42578125, 237.28814697265625, 237.15167236328125, 237.01458740234375, 236.8770751953125, 236.73919677734375, 236.60137939453125, 236.46392822265625, 236.32586669921875, 236.18792724609375, 236.04986572265625, 235.91180419921875, 235.77337646484375, 235.63458251953125, 235.4957275390625, 235.35723876953125, 235.218505859375, 235.0794677734375, 234.94049072265625, 234.80157470703125, 234.6624755859375, 234.52288818359375, 234.3837890625, 234.2437744140625, 234.10455322265625, 233.96466064453125, 233.8248291015625, 233.68536376953125, 233.54522705078125, 233.40594482421875, 233.26617431640625, 233.12646484375, 232.9859619140625, 232.84619140625, 232.70660400390625, 232.56683349609375, 232.42681884765625, 232.28790283203125, 232.147705078125, 232.00775146484375, 231.86865234375, 231.728515625, 231.58953857421875, 231.45001220703125, 231.31146240234375, 231.17230224609375, 231.03326416015625, 230.89434814453125, 230.75634765625, 230.617919921875, 230.47991943359375, 230.34136962890625, 230.20306396484375, 230.06585693359375, 229.92877197265625, 229.791259765625, 229.65435791015625, 229.51800537109375, 229.38153076171875, 229.2449951171875, 229.10980224609375, 228.97467041015625, 228.8382568359375, 228.70416259765625, 228.56903076171875, 228.43524169921875, 228.30072021484375, 228.16717529296875, 228.03448486328125, 227.9007568359375, 227.7684326171875, 227.6363525390625, 227.50433349609375, 227.37249755859375, 227.2410888671875, 227.1104736328125, 226.9803466796875, 226.8504638671875, 226.72125244140625, 226.5931396484375, 226.4642333984375, 226.33575439453125, 226.20745849609375, 226.0806884765625, 225.9541015625, 225.82647705078125, 225.70074462890625, 225.574951171875, 225.44940185546875, 225.3250732421875, 225.20098876953125, 225.0771484375, 224.953857421875, 224.83050537109375, 224.70843505859375, 224.5859375, 224.464599609375, 224.3433837890625, 224.221923828125, 224.10205078125, 223.983154296875, 223.86376953125, 223.7447509765625, 223.626708984375, 223.50811767578125, 223.39080810546875, 223.27301025390625, 223.15692138671875, 223.04107666015625, 222.92620849609375, 222.81085205078125, 222.69696044921875, 222.58148193359375, 222.46795654296875, 222.3544921875, 222.24151611328125, 222.12908935546875, 222.0166015625, 221.90643310546875, 221.79571533203125, 221.68450927734375, 221.57427978515625, 221.46466064453125, 221.35552978515625, 221.2469482421875, 221.13836669921875, 221.03057861328125, 220.92254638671875, 220.81573486328125, 220.70892333984375, 220.60333251953125, 220.497314453125, 220.39239501953125, 220.2877197265625, 220.18304443359375, 220.07879638671875, 219.97540283203125, 219.87286376953125, 219.77069091796875, 219.66839599609375, 219.56695556640625, 219.46533203125, 219.36419677734375, 219.26348876953125, 219.16448974609375, 219.064208984375, 218.96575927734375, 218.86590576171875, 218.7679443359375, 218.66961669921875, 218.5721435546875, 218.47589111328125, 218.3792724609375, 218.28271484375, 218.18743896484375, 218.09210205078125, 217.99664306640625, 217.9017333984375, 217.80841064453125, 217.71453857421875, 217.6209716796875, 217.52813720703125, 217.43603515625, 217.34393310546875, 217.25189208984375, 217.160400390625, 217.06890869140625, 216.97955322265625, 216.88885498046875, 216.79864501953125, 216.71026611328125, 216.62176513671875, 216.53289794921875, 216.44512939453125, 216.35675048828125, 216.26971435546875, 216.18267822265625, 216.09503173828125, 216.0101318359375, 215.9232177734375, 215.83843994140625, 215.75341796875, 215.66888427734375, 215.584716796875, 215.50042724609375, 215.41693115234375, 215.3333740234375, 215.25030517578125, 215.16851806640625, 215.08624267578125, 215.00335693359375, 214.9228515625, 214.842041015625, 214.76129150390625, 214.68048095703125, 214.600341796875, 214.52105712890625, 214.44183349609375, 214.36285400390625, 214.284423828125, 214.20587158203125, 214.12774658203125, 214.05078125, 213.973388671875, 213.895751953125, 213.81988525390625, 213.74346923828125, 213.66693115234375, 213.59228515625, 213.51788330078125, 213.4422607421875, 213.36773681640625, 213.29376220703125, 213.219970703125, 213.1453857421875, 213.07220458984375, 213.00018310546875, 212.9268798828125, 212.854248046875, 212.78265380859375, 212.71136474609375, 212.63922119140625, 212.567138671875, 212.498779296875, 212.42718505859375, 212.35797119140625, 212.2869873046875, 212.21832275390625, 212.14935302734375, 212.07916259765625, 212.01007080078125, 211.941650390625, 211.87451171875, 211.80706787109375, 211.73870849609375, 211.67144775390625, 211.60565185546875, 211.538818359375, 211.4727783203125, 211.40582275390625, 211.3399658203125, 211.27423095703125, 211.20867919921875, 211.14508056640625, 211.08026123046875, 211.01580810546875, 210.95068359375, 210.88714599609375, 210.82342529296875, 210.76019287109375, 210.6956787109375, 210.63421630859375, 210.571044921875, 210.51019287109375, 210.447265625, 210.3848876953125, 210.32293701171875, 210.26275634765625, 210.2012939453125, 210.14111328125, 210.080078125, 210.02044677734375, 209.96044921875, 209.90093994140625, 209.84051513671875, 209.78143310546875, 209.72344970703125, 209.6641845703125, 209.60577392578125, 209.5479736328125, 209.48968505859375, 209.43182373046875, 209.37408447265625, 209.31658935546875, 209.2601318359375, 209.20367431640625, 209.1461181640625, 209.08905029296875, 209.032958984375, 208.9775390625, 208.9234619140625, 208.86572265625, 208.81182861328125, 208.75640869140625, 208.70196533203125, 208.6466064453125, 208.59271240234375, 208.53985595703125, 208.48455810546875, 208.43060302734375, 208.378173828125, 208.3240966796875, 208.27056884765625, 208.21771240234375, 208.163818359375, 208.11297607421875, 208.0609130859375, 208.0089111328125, 207.95697021484375, 207.90509033203125, 207.85491943359375, 207.802490234375, 207.75152587890625, 207.7010498046875, 207.6507568359375, 207.60040283203125, 207.55010986328125, 207.4996337890625, 207.45135498046875, 207.40057373046875, 207.35137939453125, 207.3017578125, 207.25262451171875, 207.20513916015625, 207.15594482421875, 207.108154296875, 207.05963134765625, 207.01214599609375, 206.96307373046875, 206.91619873046875, 206.86956787109375, 206.82183837890625, 206.77471923828125, 206.7265625, 206.68182373046875, 206.63397216796875, 206.58740234375, 206.54107666015625, 206.49554443359375, 206.45050048828125, 206.40350341796875, 206.35833740234375, 206.3135986328125, 206.268798828125, 206.22271728515625, 206.17767333984375, 206.1341552734375, 206.08953857421875, 206.04534912109375, 206.00054931640625, 205.95709228515625, 205.91265869140625, 205.86944580078125, 205.8251953125, 205.7818603515625, 205.73944091796875, 205.69549560546875, 205.65350341796875, 205.61102294921875, 205.56842041015625, 205.524658203125, 205.48358154296875, 205.441650390625, 205.399658203125, 205.3585205078125, 205.31585693359375, 205.2745361328125, 205.23388671875, 205.19207763671875, 205.15203857421875, 205.1109619140625, 205.0692138671875, 205.02764892578125, 204.98809814453125, 204.9481201171875, 204.909423828125, 204.86907958984375, 204.82757568359375, 204.78857421875, 204.74896240234375, 204.71087646484375, 204.66998291015625, 204.63092041015625, 204.59197998046875, 204.552490234375, 204.51373291015625, 204.47711181640625, 204.43658447265625, 204.3983154296875, 204.36065673828125, 204.32275390625, 204.28240966796875, 204.245849609375, 204.20916748046875, 204.171142578125, 204.1331787109375, 204.0955810546875, 204.05767822265625, 204.0211181640625, 203.98492431640625, 203.9478759765625, 203.91192626953125, 203.87420654296875, 203.83758544921875, 203.80242919921875, 203.7647705078125, 203.72930908203125, 203.69384765625, 203.65753173828125, 203.62115478515625, 203.58538818359375, 203.5504150390625, 203.51446533203125, 203.47918701171875, 203.44317626953125, 203.407958984375, 203.3731689453125, 203.3377685546875, 203.30145263671875, 203.26934814453125, 203.2320556640625, 203.19952392578125, 203.16571044921875, 203.1317138671875, 203.09625244140625, 203.062744140625, 203.02874755859375, 202.99517822265625, 202.960205078125, 202.92724609375, 202.89300537109375, 202.85919189453125, 202.82586669921875, 202.791748046875, 202.75897216796875, 202.7261962890625, 202.69354248046875, 202.66119384765625, 202.627685546875, 202.5936279296875, 202.56207275390625, 202.52923583984375, 202.4974365234375, 202.46417236328125, 202.43304443359375, 202.40228271484375, 202.3673095703125, 202.33734130859375, 202.30487060546875, 202.2728271484375, 202.24017333984375, 202.20928955078125, 202.175048828125, 202.1453857421875, 202.1138916015625, 202.08319091796875, 202.052734375, 202.02001953125, 201.99053955078125, 201.95880126953125, 201.927001953125, 201.8970947265625, 201.86627197265625, 201.83514404296875, 201.80377197265625, 201.77301025390625, 201.74322509765625, 201.71209716796875, 201.68182373046875, 201.65179443359375, 201.62225341796875, 201.5921630859375, 201.5634765625, 201.53228759765625, 201.50323486328125, 201.47265625, 201.442626953125, 201.413330078125, 201.38458251953125, 201.35540771484375, 201.32489013671875, 201.29486083984375, 201.2659912109375, 201.23638916015625, 201.20745849609375, 201.17919921875, 201.150634765625, 201.12005615234375, 201.09210205078125, 201.06268310546875, 201.03436279296875, 201.005859375, 200.97760009765625, 200.94830322265625, 200.920166015625, 200.89227294921875, 200.86297607421875, 200.83380126953125, 200.80645751953125, 200.77862548828125, 200.75225830078125, 200.72314453125, 200.695556640625, 200.66650390625, 200.63775634765625, 200.61090087890625, 200.583251953125, 200.55596923828125, 200.52899169921875, 200.49969482421875, 200.4735107421875, 200.44659423828125, 200.41949462890625, 200.38995361328125, 200.36370849609375, 200.33624267578125, 200.3099365234375, 200.28302001953125, 200.25537109375, 200.2286376953125, 200.20013427734375, 200.17510986328125, 200.1488037109375, 200.122314453125, 200.09503173828125, 200.0677490234375, 200.04168701171875, 200.01519775390625, 199.98846435546875, 199.96282958984375, 199.9359130859375, 199.908935546875, 199.88250732421875, 199.85662841796875, 199.83172607421875, 199.8046875, 199.77886962890625, 199.75225830078125, 199.727294921875, 199.70147705078125, 199.67529296875, 199.647705078125, 199.6226806640625, 199.59674072265625, 199.57257080078125, 199.54498291015625, 199.520751953125, 199.49566650390625, 199.46978759765625, 199.4442138671875, 199.4189453125, 199.39337158203125, 199.36798095703125, 199.34271240234375, 199.31787109375, 199.2940673828125, 199.26861572265625, 199.24224853515625, 199.21856689453125, 199.19244384765625, 199.1666259765625, 199.14306640625, 199.1171875, 199.0933837890625, 199.06866455078125, 199.04327392578125, 199.01959228515625, 198.99407958984375, 198.97125244140625, 198.94659423828125, 198.92205810546875, 198.8975830078125, 198.87249755859375, 198.84735107421875, 198.82354736328125, 198.79962158203125, 198.77532958984375, 198.75140380859375, 198.7257080078125, 198.70306396484375, 198.67938232421875, 198.65484619140625, 198.63189697265625, 198.6077880859375, 198.58282470703125, 198.560791015625, 198.53607177734375, 198.51153564453125, 198.48712158203125, 198.46563720703125, 198.43963623046875, 198.41741943359375, 198.39349365234375, 198.37213134765625, 198.34600830078125, 198.32220458984375, 198.29937744140625, 198.2755126953125, 198.25311279296875, 198.22967529296875, 198.20806884765625, 198.1817626953125, 198.1611328125, 198.138671875, 198.11578369140625, 198.09002685546875, 198.0667724609375, 198.04461669921875, 198.0224609375, 198.00250244140625, 197.9761962890625, 197.95391845703125, 197.9302978515625, 197.9090576171875, 197.88482666015625, 197.86297607421875, 197.84002685546875, 197.81744384765625, 197.79620361328125, 197.77313232421875, 197.750244140625, 197.72784423828125, 197.70404052734375, 197.683349609375, 197.66259765625, 197.63812255859375, 197.61639404296875, 197.59417724609375, 197.57318115234375, 197.55078125, 197.52874755859375, 197.50616455078125, 197.48297119140625, 197.4620361328125, 197.44000244140625, 197.41912841796875, 197.39794921875, 197.37689208984375, 197.35382080078125, 197.3326416015625, 197.31036376953125, 197.28875732421875, 197.26861572265625, 197.2442626953125, 197.2244873046875, 197.20172119140625, 197.18194580078125, 197.15960693359375, 197.13751220703125, 197.1170654296875, 197.0975341796875, 197.07501220703125, 197.053955078125, 197.03240966796875, 197.01123046875, 196.99139404296875, 196.9686279296875, 196.94793701171875, 196.92767333984375, 196.90618896484375, 196.88580322265625, 196.86517333984375, 196.8428955078125, 196.8223876953125, 196.80145263671875, 196.78302001953125, 196.7608642578125, 196.74029541015625, 196.72021484375, 196.69879150390625, 196.67767333984375, 196.65771484375, 196.63787841796875, 196.61724853515625, 196.598876953125, 196.5767822265625, 196.5560302734375, 196.53582763671875, 196.51629638671875, 196.49725341796875, 196.47747802734375, 196.45672607421875, 196.43536376953125, 196.4163818359375, 196.3963623046875, 196.37677001953125, 196.35748291015625, 196.33795166015625, 196.31646728515625, 196.2967529296875, 196.27801513671875, 196.25872802734375, 196.23828125, 196.21875, 196.1993408203125, 196.180419921875, 196.1614990234375, 196.1392822265625, 196.123046875, 196.10223388671875, 196.08245849609375, 196.062744140625, 196.04547119140625, 196.02679443359375, 196.009521484375, 195.989990234375, 195.97052001953125, 195.950439453125, 195.93157958984375, 195.913330078125, 195.89447021484375, 195.874267578125, 195.85711669921875, 195.83837890625, 195.8192138671875, 195.79974365234375, 195.781494140625, 195.76275634765625, 195.74664306640625, 195.72576904296875, 195.70928955078125, 195.6883544921875, 195.6722412109375, 195.6531982421875, 195.6375732421875, 195.61651611328125, 195.59918212890625, 195.58038330078125, 195.56317138671875, 195.54388427734375, 195.52581787109375, 195.50799560546875, 195.49285888671875, 195.47454833984375, 195.4544677734375, 195.43829345703125, 195.41949462890625, 195.40093994140625, 195.3863525390625, 195.36669921875, 195.3494873046875, 195.331298828125, 195.31353759765625, 195.2967529296875, 195.28082275390625, 195.26251220703125, 195.24371337890625, 195.22796630859375, 195.21075439453125, 195.1939697265625, 195.17620849609375, 195.1595458984375, 195.14215087890625, 195.1259765625, 195.10797119140625, 195.091064453125, 195.07550048828125, 195.05963134765625, 195.0394287109375, 195.02374267578125, 195.0093994140625, 194.98992919921875, 194.9735107421875, 194.9578857421875, 194.93988037109375, 194.92462158203125, 194.90802001953125, 194.89337158203125, 194.87493896484375, 194.8609619140625, 194.84381103515625, 194.82562255859375, 194.809814453125, 194.79473876953125, 194.77728271484375, 194.76129150390625, 194.746337890625, 194.73089599609375, 194.71307373046875, 194.6976318359375, 194.68310546875, 194.66705322265625, 194.65093994140625, 194.63409423828125, 194.62030029296875, 194.60357666015625, 194.58837890625, 194.57196044921875, 194.55633544921875, 194.54278564453125, 194.52593994140625, 194.51275634765625, 194.49554443359375, 194.481201171875, 194.46478271484375, 194.44927978515625, 194.43341064453125, 194.41766357421875, 194.4051513671875, 194.39031982421875, 194.3741455078125, 194.359375, 194.34283447265625, 194.32843017578125, 194.31427001953125, 194.29876708984375, 194.28497314453125, 194.26885986328125, 194.25543212890625, 194.2396240234375, 194.2252197265625, 194.20965576171875, 194.19512939453125, 194.18145751953125, 194.16973876953125, 194.15472412109375, 194.137939453125, 194.12353515625, 194.10906982421875, 194.0955810546875, 194.08111572265625, 194.06793212890625, 194.0523681640625, 194.03912353515625, 194.02606201171875, 194.0103759765625, 193.99688720703125, 193.983154296875, 193.9697265625, 193.95562744140625, 193.9417724609375, 193.92730712890625, 193.91217041015625, 193.90093994140625, 193.88702392578125, 193.87225341796875, 193.8583984375, 193.8450927734375, 193.82958984375, 193.81707763671875, 193.80419921875, 193.79180908203125, 193.777099609375, 193.7640380859375, 193.75225830078125, 193.73651123046875, 193.72454833984375, 193.7110595703125, 193.69830322265625, 193.68365478515625, 193.67205810546875, 193.65960693359375, 193.64630126953125, 193.63299560546875, 193.62078857421875, 193.60614013671875, 193.59283447265625, 193.5816650390625, 193.56793212890625, 193.5556640625, 193.5435791015625, 193.52880859375, 193.51898193359375, 193.50439453125, 193.49273681640625, 193.4813232421875, 193.46722412109375, 193.45404052734375, 193.44329833984375, 193.4296875, 193.41668701171875, 193.4052734375, 193.39141845703125, 193.37994384765625, 193.36749267578125, 193.35400390625, 193.34295654296875, 193.33209228515625, 193.31884765625, 193.30511474609375, 193.293212890625, 193.28350830078125, 193.26904296875, 193.25994873046875, 193.24652099609375, 193.23431396484375, 193.22357177734375, 193.21160888671875, 193.19805908203125, 193.18804931640625, 193.17431640625, 193.16558837890625, 193.1519775390625, 193.139404296875, 193.12835693359375, 193.11505126953125, 193.10528564453125, 193.09564208984375, 193.081787109375, 193.07110595703125, 193.06048583984375, 193.0506591796875, 193.03717041015625, 193.02655029296875, 193.01361083984375, 193.00164794921875, 192.99444580078125, 192.98040771484375, 192.96807861328125, 192.95745849609375, 192.9442138671875, 192.93890380859375, 192.92254638671875, 192.91168212890625, 192.89825439453125, 192.89190673828125, 192.878173828125, 192.86920166015625, 192.860107421875, 192.85015869140625, 192.8369140625, 192.82855224609375, 192.81640625, 192.80487060546875, 192.79571533203125, 192.78485107421875, 192.7723388671875, 192.76251220703125, 192.75244140625, 192.74224853515625, 192.73040771484375, 192.72113037109375, 192.71087646484375, 192.6976318359375, 192.68536376953125, 192.67962646484375, 192.6683349609375, 192.659912109375, 192.64776611328125, 192.63800048828125, 192.63055419921875, 192.61944580078125, 192.60675048828125, 192.59466552734375, 192.58636474609375, 192.57354736328125, 192.56732177734375, 192.55572509765625, 192.54669189453125, 192.5340576171875, 192.52532958984375, 192.5155029296875, 192.50439453125, 192.49530029296875, 192.4864501953125, 192.4764404296875, 192.4666748046875, 192.45684814453125, 192.44659423828125, 192.4388427734375, 192.42999267578125, 192.41912841796875, 192.40850830078125, 192.39825439453125, 192.3900146484375, 192.37994384765625, 192.36785888671875, 192.3603515625, 192.354736328125, 192.34173583984375, 192.330322265625, 192.32110595703125, 192.31219482421875, 192.3021240234375, 192.29364013671875, 192.28314208984375, 192.2738037109375, 192.26519775390625, 192.254638671875, 192.24920654296875, 192.2364501953125, 192.22894287109375, 192.21942138671875, 192.2078857421875, 192.20257568359375, 192.19281005859375, 192.18389892578125, 192.17498779296875, 192.16766357421875, 192.15863037109375, 192.14935302734375, 192.13958740234375, 192.13067626953125, 192.1197509765625, 192.11151123046875, 192.0999755859375, 192.09234619140625, 192.08209228515625, 192.07513427734375, 192.0667724609375, 192.0576171875, 192.051025390625, 192.04156494140625, 192.03118896484375, 192.0263671875, 192.0125732421875, 192.0064697265625, 191.99969482421875, 191.98980712890625, 191.9813232421875, 191.973388671875, 191.9599609375, 191.95330810546875, 191.94342041015625, 191.93511962890625, 191.92816162109375, 191.92181396484375, 191.9100341796875, 191.90106201171875, 191.89337158203125, 191.8865966796875, 191.87896728515625, 191.8668212890625, 191.86322021484375, 191.853759765625, 191.84051513671875, 191.83294677734375, 191.82623291015625, 191.8197021484375, 191.80841064453125, 191.80084228515625, 191.795654296875, 191.78564453125, 191.77862548828125, 191.77056884765625, 191.76129150390625, 191.752197265625, 191.7418212890625, 191.73553466796875, 191.72723388671875, 191.7222900390625, 191.71392822265625, 191.70391845703125, 191.69464111328125, 191.68853759765625, 191.68341064453125, 191.67431640625, 191.66583251953125, 191.65777587890625, 191.65142822265625, 191.6439208984375, 191.63482666015625, 191.62725830078125, 191.61627197265625, 191.61187744140625, 191.60302734375, 191.59490966796875, 191.58941650390625, 191.5804443359375, 191.57257080078125, 191.567138671875, 191.56048583984375, 191.55426025390625, 191.5411376953125, 191.53466796875, 191.52935791015625, 191.51959228515625, 191.51495361328125, 191.50628662109375, 191.49615478515625, 191.48895263671875, 191.48138427734375, 191.475830078125, 191.4697265625, 191.46331787109375, 191.45343017578125, 191.44757080078125, 191.4383544921875, 191.42864990234375, 191.42510986328125, 191.41656494140625, 191.40667724609375, 191.40496826171875, 191.39569091796875, 191.38665771484375, 191.38031005859375, 191.36981201171875, 191.36676025390625, 191.36029052734375, 191.35369873046875, 191.34222412109375, 191.33734130859375, 191.33050537109375, 191.32159423828125, 191.3118896484375, 191.30609130859375, 191.29962158203125, 191.29339599609375, 191.28582763671875, 191.2767333984375, 191.27301025390625, 191.2664794921875, 191.25689697265625, 191.25140380859375, 191.24090576171875, 191.23577880859375, 191.23089599609375, 191.222412109375, 191.216552734375, 191.20843505859375, 191.200439453125, 191.195556640625, 191.1904296875, 191.17926025390625, 191.17620849609375, 191.17169189453125, 191.16168212890625, 191.1546630859375, 191.14923095703125, 191.14111328125, 191.134521484375, 191.12884521484375, 191.12109375, 191.1134033203125, 191.107666015625, 191.1002197265625, 191.09112548828125, 191.08551025390625, 191.07781982421875, 191.07415771484375, 191.06890869140625, 191.05877685546875, 191.05242919921875, 191.04681396484375, 191.04254150390625, 191.03765869140625, 191.029541015625, 191.01922607421875, 191.01446533203125, 191.00616455078125, 191.0, 190.99371337890625, 190.990234375, 190.98455810546875, 190.9779052734375, 190.966552734375, 190.963134765625, 190.95855712890625, 190.94879150390625, 190.94512939453125, 190.93853759765625, 190.93109130859375, 190.92706298828125, 190.919677734375, 190.91351318359375, 190.90911865234375, 190.90118408203125, 190.895263671875, 190.89056396484375, 190.88494873046875, 190.8779296875, 190.865478515625, 190.86041259765625, 190.85736083984375, 190.8487548828125, 190.84320068359375, 190.83721923828125, 190.82763671875, 190.81719970703125, 190.8172607421875, 190.81439208984375, 190.8048095703125, 190.79510498046875, 190.79290771484375, 190.79083251953125, 190.78314208984375, 190.77435302734375, 190.77142333984375, 190.7615966796875, 190.75982666015625, 190.75189208984375, 190.75030517578125, 190.73944091796875, 190.73504638671875, 190.72576904296875, 190.72186279296875, 190.71881103515625, 190.713134765625, 190.70404052734375, 190.69635009765625, 190.6951904296875, 190.68560791015625, 190.6785888671875, 190.67462158203125, 190.66461181640625, 190.65618896484375, 190.65460205078125, 190.64825439453125, 190.645263671875, 190.63958740234375, 190.63201904296875, 190.62506103515625, 190.61578369140625, 190.61248779296875, 190.6082763671875, 190.60638427734375, 190.5985107421875, 190.59051513671875, 190.58123779296875, 190.57843017578125, 190.57330322265625, 190.568603515625, 190.5650634765625, 190.556884765625, 190.55096435546875, 190.5496826171875, 190.54058837890625, 190.5350341796875, 190.5294189453125, 190.52386474609375, 190.52105712890625, 190.51312255859375, 190.50543212890625, 190.50408935546875, 190.492919921875, 190.49224853515625, 190.48760986328125, 190.47637939453125, 190.47528076171875, 190.4642333984375, 190.46356201171875, 190.45458984375, 190.44757080078125, 190.44476318359375, 190.4439697265625, 190.4320068359375, 190.42913818359375, 190.42041015625, 190.412841796875, 190.41278076171875, 190.40679931640625, 190.39874267578125, 190.39630126953125, 190.3909912109375, 190.38543701171875, 190.3831787109375, 190.37335205078125, 190.36676025390625, 190.36505126953125, 190.35906982421875, 190.35357666015625, 190.3480224609375, 190.34112548828125, 190.3331298828125, 190.33111572265625, 190.32305908203125, 190.3189697265625, 190.31207275390625, 190.30584716796875, 190.30694580078125, 190.2978515625, 190.295654296875, 190.285888671875, 190.285888671875, 190.27996826171875, 190.27667236328125, 190.26934814453125, 190.26519775390625, 190.25469970703125, 190.25067138671875, 190.24664306640625, 190.23956298828125, 190.2344970703125, 190.23126220703125, 190.2255859375, 190.21868896484375, 190.21832275390625, 190.21551513671875, 190.208251953125, 190.1993408203125, 190.19305419921875, 190.18414306640625, 190.18157958984375, 190.17681884765625, 190.171142578125, 190.17315673828125, 190.16510009765625, 190.15863037109375, 190.15228271484375, 190.1473388671875, 190.14605712890625, 190.13934326171875, 190.1341552734375, 190.12615966796875, 190.11883544921875, 190.12042236328125, 190.109375, 190.108642578125, 190.09967041015625, 190.09722900390625, 190.09564208984375, 190.08465576171875, 190.07891845703125, 190.07635498046875, 190.0748291015625, 190.07025146484375, 190.06597900390625, 190.05828857421875, 190.05474853515625, 190.04669189453125, 190.04412841796875, 190.03521728515625, 190.03167724609375, 190.02972412109375, 190.02264404296875, 190.02142333984375, 190.01678466796875, 190.0107421875, 190.00323486328125, 190.00030517578125, 189.9935302734375, 189.98931884765625, 189.9825439453125, 189.98046875, 189.9727783203125, 189.9718017578125, 189.96368408203125, 189.95623779296875, 189.95745849609375, 189.94842529296875, 189.94488525390625, 189.93975830078125, 189.93768310546875, 189.93353271484375, 189.9281005859375, 189.92144775390625, 189.91864013671875, 189.91644287109375, 189.90704345703125, 189.9027099609375, 189.89752197265625, 189.88946533203125, 189.891357421875, 189.88458251953125, 189.87921142578125, 189.870849609375, 189.86920166015625, 189.85986328125, 189.86029052734375, 189.8502197265625, 189.8486328125, 189.84417724609375, 189.84088134765625, 189.8345947265625, 189.83209228515625, 189.825439453125, 189.82196044921875, 189.81317138671875, 189.81103515625, 189.80633544921875, 189.801025390625, 189.8021240234375, 189.79876708984375, 189.79144287109375, 189.78375244140625, 189.7821044921875, 189.77276611328125, 189.76904296875, 189.769775390625, 189.7659912109375, 189.75909423828125, 189.75750732421875, 189.7525634765625, 189.7508544921875, 189.7454833984375, 189.7373046875, 189.731689453125, 189.72491455078125, 189.72760009765625, 189.7174072265625, 189.71435546875, 189.71575927734375, 189.710205078125, 189.70135498046875, 189.69439697265625, 189.69110107421875, 189.69110107421875, 189.68804931640625, 189.6754150390625, 189.671142578125, 189.67413330078125, 189.66888427734375, 189.6591796875, 189.66082763671875, 189.65570068359375, 189.64825439453125, 189.638916015625, 189.64422607421875, 189.63250732421875, 189.62554931640625, 189.62689208984375, 189.62481689453125, 189.6160888671875, 189.61285400390625, 189.60638427734375, 189.598876953125, 189.60198974609375, 189.5965576171875, 189.59375, 189.58160400390625, 189.5814208984375, 189.57916259765625, 189.57073974609375, 189.56964111328125, 189.56781005859375, 189.56048583984375, 189.5567626953125, 189.5517578125, 189.5447998046875, 189.5460205078125, 189.53741455078125, 189.53692626953125, 189.53375244140625, 189.52423095703125, 189.5238037109375, 189.51727294921875, 189.51434326171875, 189.51019287109375, 189.50762939453125, 189.50042724609375, 189.50433349609375, 189.49688720703125, 189.49053955078125, 189.489501953125, 189.47552490234375, 189.47772216796875, 189.47027587890625, 189.46820068359375, 189.4564208984375, 189.45281982421875, 189.45123291015625, 189.44415283203125, 189.44384765625, 189.443359375, 189.4398193359375, 189.43572998046875, 189.4256591796875, 189.42388916015625, 189.4227294921875, 189.41748046875, 189.41064453125, 189.40252685546875, 189.40350341796875, 189.404296875, 189.39874267578125, 189.39154052734375, 189.38592529296875, 189.38568115234375, 189.3828125, 189.37274169921875, 189.36859130859375, 189.3663330078125, 189.36138916015625, 189.362060546875, 189.3590087890625, 189.34820556640625, 189.34783935546875, 189.34356689453125, 189.34320068359375, 189.3382568359375, 189.33404541015625, 189.32354736328125, 189.3240966796875, 189.32196044921875, 189.3153076171875, 189.3114013671875, 189.30169677734375, 189.2998046875, 189.29852294921875, 189.29229736328125, 189.29132080078125, 189.29498291015625, 189.28509521484375, 189.27984619140625, 189.27557373046875, 189.2742919921875, 189.27435302734375, 189.2625732421875, 189.25787353515625, 189.26043701171875, 189.25390625, 189.24053955078125, 189.244384765625, 189.2481689453125, 189.239990234375, 189.22869873046875, 189.22467041015625, 189.22186279296875, 189.22198486328125, 189.22100830078125, 189.20904541015625, 189.20404052734375, 189.20416259765625, 189.202880859375, 189.19036865234375, 189.1959228515625, 189.1968994140625, 189.19671630859375, 189.18701171875, 189.18389892578125, 189.17425537109375, 189.17291259765625, 189.16864013671875, 189.16900634765625, 189.16107177734375, 189.15948486328125, 189.15301513671875, 189.1534423828125, 189.14727783203125, 189.14990234375, 189.14111328125, 189.13360595703125, 189.13739013671875, 189.13360595703125, 189.13092041015625, 189.12298583984375, 189.11907958984375, 189.11322021484375, 189.10650634765625, 189.11346435546875, 189.1004638671875, 189.103271484375, 189.10137939453125, 189.09100341796875, 189.0889892578125, 189.08477783203125, 189.08154296875, 189.07354736328125, 189.07012939453125, 189.0635986328125, 189.05889892578125, 189.0595703125, 189.0540771484375, 189.05084228515625, 189.04339599609375, 189.04742431640625, 189.04376220703125, 189.0355224609375, 189.03912353515625, 189.03607177734375, 189.02655029296875, 189.0224609375, 189.01702880859375, 189.01397705078125, 189.01519775390625, 189.01007080078125, 189.00115966796875, 188.99298095703125, 189.0047607421875, 188.99859619140625, 188.99249267578125, 188.99017333984375, 188.98382568359375, 188.984375, 188.97991943359375, 188.9788818359375, 188.9710693359375, 188.9683837890625, 188.9581298828125, 188.95574951171875, 188.96014404296875, 188.956298828125, 188.95697021484375, 188.94232177734375, 188.94085693359375, 188.93450927734375, 188.93182373046875, 188.9315185546875, 188.93341064453125, 188.9232177734375, 188.92559814453125, 188.91766357421875, 188.91534423828125, 188.91119384765625, 188.89898681640625, 188.90765380859375, 188.90740966796875, 188.8914794921875, 188.89410400390625, 188.89105224609375, 188.88275146484375, 188.887939453125, 188.877685546875, 188.87774658203125, 188.878662109375, 188.87469482421875, 188.86376953125, 188.86187744140625, 188.857177734375, 188.85955810546875, 188.85760498046875, 188.85504150390625, 188.85943603515625, 188.85247802734375, 188.84710693359375, 188.83282470703125, 188.83575439453125, 188.83782958984375, 188.8238525390625, 188.82623291015625, 188.81695556640625, 188.81732177734375, 188.817626953125, 188.8162841796875, 188.8111572265625, 188.7987060546875, 188.8006591796875, 188.79425048828125, 188.7960205078125, 188.7857666015625, 188.7852783203125, 188.78131103515625, 188.77899169921875, 188.77349853515625, 188.77276611328125, 188.77313232421875, 188.76806640625, 188.77587890625, 188.77008056640625, 188.7686767578125, 188.7664794921875, 188.757568359375, 188.7467041015625, 188.7506103515625, 188.74853515625, 188.74615478515625, 188.73931884765625, 188.7427978515625, 188.72900390625, 188.722412109375, 188.7254638671875, 188.7205810546875, 188.71673583984375, 188.71514892578125, 188.7088623046875, 188.7080078125, 188.70733642578125, 188.69635009765625, 188.70166015625, 188.69708251953125, 188.691650390625, 188.68853759765625, 188.68511962890625, 188.6827392578125, 188.67718505859375, 188.68011474609375, 188.66925048828125, 188.65936279296875, 188.6573486328125, 188.66180419921875, 188.65380859375, 188.65924072265625, 188.65240478515625, 188.64947509765625, 188.65087890625, 188.64471435546875, 188.63433837890625, 188.63470458984375, 188.63006591796875, 188.6302490234375, 188.629638671875, 188.6220703125, 188.62445068359375, 188.61773681640625, 188.60345458984375, 188.6072998046875, 188.6063232421875, 188.60003662109375, 188.59503173828125, 188.58880615234375, 188.59423828125, 188.59869384765625, 188.59124755859375, 188.5831298828125, 188.58135986328125, 188.581298828125, 188.5755615234375, 188.57720947265625, 188.57275390625, 188.57183837890625, 188.56097412109375, 188.56829833984375, 188.559814453125, 188.5513916015625, 188.55523681640625, 188.55072021484375, 188.54644775390625, 188.54296875, 188.54669189453125, 188.53607177734375, 188.5301513671875, 188.53228759765625, 188.52587890625, 188.5247802734375, 188.52337646484375, 188.51708984375, 188.51220703125, 188.51617431640625, 188.51129150390625, 188.50775146484375, 188.5003662109375, 188.498291015625, 188.49957275390625, 188.496826171875, 188.49530029296875, 188.4932861328125, 188.48321533203125, 188.4808349609375, 188.47686767578125, 188.47711181640625, 188.47406005859375, 188.46197509765625, 188.468505859375, 188.47003173828125, 188.466796875, 188.46502685546875, 188.4600830078125, 188.457763671875, 188.45343017578125, 188.4490966796875, 188.442138671875, 188.44488525390625, 188.44781494140625, 188.4393310546875, 188.441162109375, 188.428955078125, 188.428466796875, 188.43170166015625, 188.42889404296875, 188.420166015625, 188.41766357421875, 188.4154052734375, 188.41546630859375, 188.41497802734375, 188.4027099609375, 188.394287109375, 188.39556884765625, 188.40374755859375, 188.39544677734375, 188.38812255859375, 188.38897705078125, 188.3909912109375, 188.38885498046875, 188.38983154296875, 188.37969970703125, 188.37396240234375, 188.36700439453125, 188.3677978515625, 188.3641357421875, 188.35772705078125, 188.35662841796875, 188.3515625, 188.35888671875, 188.35040283203125, 188.3555908203125, 188.34918212890625, 188.3458251953125, 188.3321533203125, 188.33770751953125, 188.34259033203125, 188.33074951171875, 188.32928466796875, 188.32135009765625, 188.317626953125, 188.32415771484375, 188.31439208984375, 188.3199462890625, 188.3179931640625, 188.31488037109375, 188.30975341796875, 188.307861328125, 188.30401611328125, 188.29498291015625, 188.30267333984375, 188.29315185546875, 188.301513671875, 188.293212890625, 188.28350830078125, 188.29156494140625, 188.2860107421875, 188.28533935546875, 188.28692626953125, 188.28240966796875, 188.28656005859375, 188.27862548828125, 188.27392578125, 188.27154541015625, 188.2637939453125, 188.2625732421875, 188.25238037109375, 188.25775146484375, 188.25628662109375, 188.24176025390625, 188.25103759765625, 188.24505615234375, 188.24822998046875, 188.23919677734375, 188.24188232421875, 188.23089599609375, 188.23468017578125, 188.23065185546875, 188.22857666015625, 188.2222900390625, 188.2156982421875, 188.22052001953125, 188.21405029296875, 188.2120361328125, 188.20330810546875, 188.20831298828125, 188.2115478515625, 188.20697021484375, 188.20928955078125, 188.1942138671875, 188.2037353515625, 188.19390869140625, 188.2021484375, 188.1932373046875, 188.1966552734375, 188.18292236328125, 188.184814453125, 188.17431640625, 188.17938232421875, 188.17132568359375, 188.16998291015625, 188.16510009765625, 188.16546630859375, 188.16534423828125, 188.1624755859375, 188.15948486328125, 188.16070556640625, 188.15435791015625, 188.1502685546875, 188.1414794921875, 188.13470458984375, 188.1302490234375, 188.1253662109375, 188.13671875, 188.13739013671875, 188.135498046875, 188.14111328125, 188.13311767578125, 188.125244140625, 188.124267578125, 188.12762451171875, 188.1201171875, 188.11785888671875, 188.12042236328125, 188.12176513671875, 188.10980224609375, 188.12744140625, 188.11614990234375, 188.11346435546875, 188.10858154296875, 188.09124755859375, 188.0970458984375, 188.09271240234375, 188.10430908203125, 188.10052490234375, 188.08880615234375, 188.08636474609375, 188.08062744140625, 188.09039306640625, 188.0777587890625, 188.06500244140625, 188.06439208984375, 188.08001708984375, 188.07269287109375, 188.07000732421875, 188.06353759765625, 188.06793212890625, 188.07012939453125, 188.058349609375, 188.05950927734375, 188.04296875, 188.05133056640625, 188.04510498046875, 188.04913330078125, 188.03619384765625, 188.036376953125, 188.03857421875, 188.04071044921875, 188.03851318359375, 188.0362548828125, 188.03277587890625, 188.017578125, 188.03741455078125, 188.0234375, 188.03155517578125, 188.02154541015625, 188.02685546875, 188.02447509765625, 188.013427734375, 188.01824951171875, 188.01983642578125, 188.01214599609375, 187.99627685546875, 187.9949951171875, 187.99884033203125, 187.99957275390625, 188.00909423828125, 187.9910888671875, 187.99346923828125, 187.99542236328125, 187.99591064453125, 187.98468017578125, 187.9749755859375, 187.987060546875, 187.97381591796875, 187.96917724609375, 187.9608154296875, 187.9609375, 187.95574951171875, 187.95599365234375, 187.95501708984375, 187.95709228515625, 187.94903564453125, 187.9500732421875, 187.95465087890625, 187.95245361328125]}
torch.Size([25000])
torch.Size([25000, 25000])
/cluster/tufts/hugheslab/swilli26/stat-patt-final/gp_vs_sngp/results/hyperparam_search/GP/Friedman_1000_1001/logs
/cluster/tufts/hugheslab/swilli26/stat-patt-final/gp_vs_sngp/results/hyperparam_search/logs/GP_VS_SNGP_25029055.out
/cluster/tufts/hugheslab/swilli26/stat-patt-final/gp_vs_sngp/results/hyperparam_search/logs/GP_VS_SNGP_25029055.err
