Starting imports...
Importing argparse...
Importing torch...
Importing os...
Importing sngp.train and sngp.model...
Importing gaussian_process...
Importing dataset...
Importing json...
ALL IMPORTS COMPLETE!
Parsing arguments...
Arguments parsed! Running GP on Friedman with N=1500
Checking CUDA availability...
Using CPU
Making Datasets...
Making Model...
Training Gaussian Process...
Iter   0 | Loss: 2737.130 | lengthscale: 1.010 | outputscale: 1.010 | noise: 0.202
Iter  10 | Loss: 2640.292 | lengthscale: 1.116 | outputscale: 1.113 | noise: 0.223
Iter  20 | Loss: 2591.113 | lengthscale: 1.231 | outputscale: 1.211 | noise: 0.242
Iter  30 | Loss: 2571.485 | lengthscale: 1.359 | outputscale: 1.287 | noise: 0.256
Iter  40 | Loss: 2562.833 | lengthscale: 1.509 | outputscale: 1.331 | noise: 0.263
Iter  50 | Loss: 2553.466 | lengthscale: 1.695 | outputscale: 1.346 | noise: 0.262
Iter  60 | Loss: 2537.743 | lengthscale: 1.933 | outputscale: 1.339 | noise: 0.256
Iter  70 | Loss: 2511.142 | lengthscale: 2.247 | outputscale: 1.323 | noise: 0.246
Iter  80 | Loss: 2466.897 | lengthscale: 2.657 | outputscale: 1.301 | noise: 0.233
Iter  90 | Loss: 2395.615 | lengthscale: 3.190 | outputscale: 1.274 | noise: 0.218
Iter 100 | Loss: 2286.566 | lengthscale: 3.872 | outputscale: 1.237 | noise: 0.200
Iter 110 | Loss: 2131.484 | lengthscale: 4.731 | outputscale: 1.185 | noise: 0.181
Iter 120 | Loss: 1932.856 | lengthscale: 5.796 | outputscale: 1.118 | noise: 0.166
Iter 130 | Loss: 1711.034 | lengthscale: 7.076 | outputscale: 1.045 | noise: 0.162
Iter 140 | Loss: 1487.695 | lengthscale: 8.558 | outputscale: 0.975 | noise: 0.184
Iter 150 | Loss: 1283.384 | lengthscale: 10.213 | outputscale: 0.915 | noise: 0.222
Iter 160 | Loss: 1115.949 | lengthscale: 12.008 | outputscale: 0.864 | noise: 0.246
Iter 170 | Loss:  982.739 | lengthscale: 13.893 | outputscale: 0.825 | noise: 0.249
Iter 180 | Loss:  879.729 | lengthscale: 15.804 | outputscale: 0.796 | noise: 0.260
Iter 190 | Loss:  798.738 | lengthscale: 17.724 | outputscale: 0.775 | noise: 0.264
Iter 200 | Loss:  734.316 | lengthscale: 19.642 | outputscale: 0.759 | noise: 0.267
Iter 210 | Loss:  683.188 | lengthscale: 21.540 | outputscale: 0.748 | noise: 0.269
Iter 220 | Loss:  642.290 | lengthscale: 23.403 | outputscale: 0.739 | noise: 0.272
Iter 230 | Loss:  608.893 | lengthscale: 25.233 | outputscale: 0.733 | noise: 0.273
Iter 240 | Loss:  580.921 | lengthscale: 27.038 | outputscale: 0.729 | noise: 0.275
Iter 250 | Loss:  556.900 | lengthscale: 28.831 | outputscale: 0.725 | noise: 0.276
Iter 260 | Loss:  535.836 | lengthscale: 30.624 | outputscale: 0.721 | noise: 0.277
Iter 270 | Loss:  517.077 | lengthscale: 32.427 | outputscale: 0.718 | noise: 0.278
Iter 280 | Loss:  500.205 | lengthscale: 34.245 | outputscale: 0.715 | noise: 0.278
Iter 290 | Loss:  484.953 | lengthscale: 36.081 | outputscale: 0.713 | noise: 0.279
Iter 300 | Loss:  471.143 | lengthscale: 37.933 | outputscale: 0.710 | noise: 0.279
Iter 310 | Loss:  458.640 | lengthscale: 39.798 | outputscale: 0.708 | noise: 0.279
Iter 320 | Loss:  447.339 | lengthscale: 41.671 | outputscale: 0.707 | noise: 0.280
Iter 330 | Loss:  437.156 | lengthscale: 43.547 | outputscale: 0.706 | noise: 0.280
Iter 340 | Loss:  428.019 | lengthscale: 45.417 | outputscale: 0.705 | noise: 0.280
Iter 350 | Loss:  419.849 | lengthscale: 47.275 | outputscale: 0.705 | noise: 0.280
Iter 360 | Loss:  412.542 | lengthscale: 49.114 | outputscale: 0.706 | noise: 0.280
Iter 370 | Loss:  405.977 | lengthscale: 50.936 | outputscale: 0.706 | noise: 0.280
Iter 380 | Loss:  400.035 | lengthscale: 52.742 | outputscale: 0.707 | noise: 0.281
Iter 390 | Loss:  394.604 | lengthscale: 54.537 | outputscale: 0.708 | noise: 0.281
Iter 400 | Loss:  389.594 | lengthscale: 56.327 | outputscale: 0.710 | noise: 0.281
Iter 410 | Loss:  384.938 | lengthscale: 58.119 | outputscale: 0.711 | noise: 0.281
Iter 420 | Loss:  380.583 | lengthscale: 59.915 | outputscale: 0.713 | noise: 0.281
Iter 430 | Loss:  376.493 | lengthscale: 61.719 | outputscale: 0.714 | noise: 0.281
Iter 440 | Loss:  372.646 | lengthscale: 63.532 | outputscale: 0.716 | noise: 0.282
Iter 450 | Loss:  369.027 | lengthscale: 65.353 | outputscale: 0.717 | noise: 0.282
Iter 460 | Loss:  365.623 | lengthscale: 67.180 | outputscale: 0.719 | noise: 0.282
Iter 470 | Loss:  362.431 | lengthscale: 69.010 | outputscale: 0.721 | noise: 0.282
Iter 480 | Loss:  359.439 | lengthscale: 70.840 | outputscale: 0.723 | noise: 0.282
Iter 490 | Loss:  356.634 | lengthscale: 72.669 | outputscale: 0.725 | noise: 0.282
Iter 500 | Loss:  354.000 | lengthscale: 74.497 | outputscale: 0.727 | noise: 0.282
Iter 510 | Loss:  351.516 | lengthscale: 76.324 | outputscale: 0.729 | noise: 0.282
Iter 520 | Loss:  349.160 | lengthscale: 78.156 | outputscale: 0.731 | noise: 0.282
Iter 530 | Loss:  346.907 | lengthscale: 79.997 | outputscale: 0.734 | noise: 0.282
Iter 540 | Loss:  344.738 | lengthscale: 81.854 | outputscale: 0.736 | noise: 0.283
Iter 550 | Loss:  342.637 | lengthscale: 83.732 | outputscale: 0.738 | noise: 0.283
Iter 560 | Loss:  340.591 | lengthscale: 85.636 | outputscale: 0.740 | noise: 0.283
Iter 570 | Loss:  338.594 | lengthscale: 87.570 | outputscale: 0.743 | noise: 0.283
Iter 580 | Loss:  336.640 | lengthscale: 89.536 | outputscale: 0.745 | noise: 0.283
Iter 590 | Loss:  334.733 | lengthscale: 91.533 | outputscale: 0.747 | noise: 0.283
Iter 600 | Loss:  332.872 | lengthscale: 93.561 | outputscale: 0.749 | noise: 0.283
Iter 610 | Loss:  331.062 | lengthscale: 95.617 | outputscale: 0.751 | noise: 0.283
Iter 620 | Loss:  329.308 | lengthscale: 97.697 | outputscale: 0.753 | noise: 0.283
Iter 630 | Loss:  327.613 | lengthscale: 99.797 | outputscale: 0.756 | noise: 0.283
Iter 640 | Loss:  325.978 | lengthscale: 101.915 | outputscale: 0.758 | noise: 0.283
Iter 650 | Loss:  324.404 | lengthscale: 104.047 | outputscale: 0.760 | noise: 0.283
Iter 660 | Loss:  322.890 | lengthscale: 106.193 | outputscale: 0.763 | noise: 0.283
Iter 670 | Loss:  321.435 | lengthscale: 108.350 | outputscale: 0.765 | noise: 0.283
Iter 680 | Loss:  320.033 | lengthscale: 110.518 | outputscale: 0.768 | noise: 0.283
Iter 690 | Loss:  318.684 | lengthscale: 112.698 | outputscale: 0.770 | noise: 0.283
Iter 700 | Loss:  317.385 | lengthscale: 114.889 | outputscale: 0.773 | noise: 0.283
Iter 710 | Loss:  316.134 | lengthscale: 117.089 | outputscale: 0.775 | noise: 0.283
Iter 720 | Loss:  314.931 | lengthscale: 119.297 | outputscale: 0.778 | noise: 0.283
Iter 730 | Loss:  313.778 | lengthscale: 121.510 | outputscale: 0.781 | noise: 0.283
Iter 740 | Loss:  312.675 | lengthscale: 123.724 | outputscale: 0.784 | noise: 0.283
Iter 750 | Loss:  311.624 | lengthscale: 125.935 | outputscale: 0.787 | noise: 0.283
Iter 760 | Loss:  310.625 | lengthscale: 128.134 | outputscale: 0.791 | noise: 0.283
Iter 770 | Loss:  309.686 | lengthscale: 130.318 | outputscale: 0.794 | noise: 0.283
Iter 780 | Loss:  308.801 | lengthscale: 132.478 | outputscale: 0.797 | noise: 0.283
Iter 790 | Loss:  307.975 | lengthscale: 134.608 | outputscale: 0.801 | noise: 0.283
Iter 800 | Loss:  307.207 | lengthscale: 136.703 | outputscale: 0.805 | noise: 0.283
Iter 810 | Loss:  306.491 | lengthscale: 138.757 | outputscale: 0.809 | noise: 0.283
Iter 820 | Loss:  305.827 | lengthscale: 140.769 | outputscale: 0.813 | noise: 0.283
Iter 830 | Loss:  305.213 | lengthscale: 142.736 | outputscale: 0.818 | noise: 0.283
Iter 840 | Loss:  304.642 | lengthscale: 144.659 | outputscale: 0.822 | noise: 0.283
Iter 850 | Loss:  304.111 | lengthscale: 146.540 | outputscale: 0.827 | noise: 0.283
Iter 860 | Loss:  303.616 | lengthscale: 148.384 | outputscale: 0.831 | noise: 0.283
Iter 870 | Loss:  303.150 | lengthscale: 150.195 | outputscale: 0.836 | noise: 0.283
Iter 880 | Loss:  302.707 | lengthscale: 151.979 | outputscale: 0.841 | noise: 0.283
Iter 890 | Loss:  302.283 | lengthscale: 153.743 | outputscale: 0.846 | noise: 0.283
Iter 900 | Loss:  301.881 | lengthscale: 155.493 | outputscale: 0.851 | noise: 0.284
Iter 910 | Loss:  301.490 | lengthscale: 157.238 | outputscale: 0.855 | noise: 0.284
Iter 920 | Loss:  301.108 | lengthscale: 158.982 | outputscale: 0.860 | noise: 0.284
Iter 930 | Loss:  300.735 | lengthscale: 160.735 | outputscale: 0.865 | noise: 0.284
Iter 940 | Loss:  300.369 | lengthscale: 162.500 | outputscale: 0.870 | noise: 0.284
Iter 950 | Loss:  300.002 | lengthscale: 164.286 | outputscale: 0.874 | noise: 0.284
Iter 960 | Loss:  299.641 | lengthscale: 166.095 | outputscale: 0.879 | noise: 0.284
Iter 970 | Loss:  299.276 | lengthscale: 167.934 | outputscale: 0.884 | noise: 0.284
Iter 980 | Loss:  298.912 | lengthscale: 169.806 | outputscale: 0.888 | noise: 0.284
Iter 990 | Loss:  298.545 | lengthscale: 171.713 | outputscale: 0.893 | noise: 0.284
Iter 1000 | Loss:  298.175 | lengthscale: 173.656 | outputscale: 0.897 | noise: 0.284
Iter 1010 | Loss:  297.806 | lengthscale: 175.638 | outputscale: 0.902 | noise: 0.284
Iter 1020 | Loss:  297.433 | lengthscale: 177.657 | outputscale: 0.906 | noise: 0.284
Iter 1030 | Loss:  297.063 | lengthscale: 179.712 | outputscale: 0.910 | noise: 0.284
Iter 1040 | Loss:  296.692 | lengthscale: 181.801 | outputscale: 0.915 | noise: 0.284
Iter 1050 | Loss:  296.319 | lengthscale: 183.921 | outputscale: 0.919 | noise: 0.284
Iter 1060 | Loss:  295.951 | lengthscale: 186.069 | outputscale: 0.923 | noise: 0.284
Iter 1070 | Loss:  295.588 | lengthscale: 188.240 | outputscale: 0.927 | noise: 0.284
Iter 1080 | Loss:  295.229 | lengthscale: 190.431 | outputscale: 0.932 | noise: 0.284
Iter 1090 | Loss:  294.876 | lengthscale: 192.639 | outputscale: 0.936 | noise: 0.284
Iter 1100 | Loss:  294.529 | lengthscale: 194.858 | outputscale: 0.940 | noise: 0.284
Iter 1110 | Loss:  294.192 | lengthscale: 197.085 | outputscale: 0.945 | noise: 0.284
Iter 1120 | Loss:  293.861 | lengthscale: 199.318 | outputscale: 0.949 | noise: 0.284
Iter 1130 | Loss:  293.541 | lengthscale: 201.552 | outputscale: 0.953 | noise: 0.284
Iter 1140 | Loss:  293.228 | lengthscale: 203.786 | outputscale: 0.958 | noise: 0.284
Iter 1150 | Loss:  292.928 | lengthscale: 206.017 | outputscale: 0.962 | noise: 0.284
Iter 1160 | Loss:  292.634 | lengthscale: 208.243 | outputscale: 0.967 | noise: 0.284
Iter 1170 | Loss:  292.350 | lengthscale: 210.462 | outputscale: 0.971 | noise: 0.284
Iter 1180 | Loss:  292.078 | lengthscale: 212.675 | outputscale: 0.976 | noise: 0.284
Iter 1190 | Loss:  291.809 | lengthscale: 214.881 | outputscale: 0.980 | noise: 0.284
Iter 1200 | Loss:  291.554 | lengthscale: 217.078 | outputscale: 0.985 | noise: 0.284
Iter 1210 | Loss:  291.304 | lengthscale: 219.267 | outputscale: 0.990 | noise: 0.284
Iter 1220 | Loss:  291.064 | lengthscale: 221.449 | outputscale: 0.994 | noise: 0.284
Iter 1230 | Loss:  290.832 | lengthscale: 223.625 | outputscale: 0.999 | noise: 0.284
Iter 1240 | Loss:  290.601 | lengthscale: 225.796 | outputscale: 1.004 | noise: 0.284
Iter 1250 | Loss:  290.381 | lengthscale: 227.962 | outputscale: 1.008 | noise: 0.284
Iter 1260 | Loss:  290.165 | lengthscale: 230.127 | outputscale: 1.013 | noise: 0.284
Iter 1270 | Loss:  289.957 | lengthscale: 232.293 | outputscale: 1.018 | noise: 0.284
Iter 1280 | Loss:  289.751 | lengthscale: 234.460 | outputscale: 1.022 | noise: 0.284
Iter 1290 | Loss:  289.549 | lengthscale: 236.632 | outputscale: 1.027 | noise: 0.284
Iter 1300 | Loss:  289.350 | lengthscale: 238.811 | outputscale: 1.032 | noise: 0.284
Iter 1310 | Loss:  289.156 | lengthscale: 240.999 | outputscale: 1.037 | noise: 0.284
Iter 1320 | Loss:  288.967 | lengthscale: 243.198 | outputscale: 1.041 | noise: 0.284
Iter 1330 | Loss:  288.776 | lengthscale: 245.412 | outputscale: 1.046 | noise: 0.285
Iter 1340 | Loss:  288.587 | lengthscale: 247.642 | outputscale: 1.051 | noise: 0.285
Iter 1350 | Loss:  288.401 | lengthscale: 249.890 | outputscale: 1.055 | noise: 0.285
Iter 1360 | Loss:  288.211 | lengthscale: 252.159 | outputscale: 1.060 | noise: 0.285
Iter 1370 | Loss:  288.027 | lengthscale: 254.450 | outputscale: 1.065 | noise: 0.285
Iter 1380 | Loss:  287.845 | lengthscale: 256.765 | outputscale: 1.069 | noise: 0.285
Iter 1390 | Loss:  287.664 | lengthscale: 259.105 | outputscale: 1.074 | noise: 0.285
Iter 1400 | Loss:  287.479 | lengthscale: 261.471 | outputscale: 1.079 | noise: 0.285
Iter 1410 | Loss:  287.300 | lengthscale: 263.864 | outputscale: 1.083 | noise: 0.285
Iter 1420 | Loss:  287.124 | lengthscale: 266.284 | outputscale: 1.088 | noise: 0.285
Iter 1430 | Loss:  286.938 | lengthscale: 268.733 | outputscale: 1.092 | noise: 0.285
Iter 1440 | Loss:  286.761 | lengthscale: 271.210 | outputscale: 1.097 | noise: 0.285
Iter 1450 | Loss:  286.579 | lengthscale: 273.716 | outputscale: 1.102 | noise: 0.285
Iter 1460 | Loss:  286.403 | lengthscale: 276.250 | outputscale: 1.106 | noise: 0.285
Iter 1470 | Loss:  286.222 | lengthscale: 278.813 | outputscale: 1.111 | noise: 0.285
Iter 1480 | Loss:  286.047 | lengthscale: 281.404 | outputscale: 1.116 | noise: 0.285
Iter 1490 | Loss:  285.867 | lengthscale: 284.024 | outputscale: 1.120 | noise: 0.285
Iter 1500 | Loss:  285.695 | lengthscale: 286.672 | outputscale: 1.125 | noise: 0.285
Iter 1510 | Loss:  285.519 | lengthscale: 289.349 | outputscale: 1.130 | noise: 0.285
Iter 1520 | Loss:  285.343 | lengthscale: 292.055 | outputscale: 1.135 | noise: 0.285
Iter 1530 | Loss:  285.167 | lengthscale: 294.789 | outputscale: 1.140 | noise: 0.285
Iter 1540 | Loss:  284.991 | lengthscale: 297.553 | outputscale: 1.144 | noise: 0.285
Iter 1550 | Loss:  284.818 | lengthscale: 300.346 | outputscale: 1.149 | noise: 0.285
Iter 1560 | Loss:  284.651 | lengthscale: 303.169 | outputscale: 1.154 | noise: 0.285
Iter 1570 | Loss:  284.473 | lengthscale: 306.023 | outputscale: 1.159 | noise: 0.285
Iter 1580 | Loss:  284.305 | lengthscale: 308.908 | outputscale: 1.165 | noise: 0.285
Iter 1590 | Loss:  284.127 | lengthscale: 311.824 | outputscale: 1.170 | noise: 0.285
Iter 1600 | Loss:  283.957 | lengthscale: 314.770 | outputscale: 1.175 | noise: 0.285
Iter 1610 | Loss:  283.789 | lengthscale: 317.749 | outputscale: 1.180 | noise: 0.285
Iter 1620 | Loss:  283.618 | lengthscale: 320.758 | outputscale: 1.186 | noise: 0.285
Iter 1630 | Loss:  283.444 | lengthscale: 323.798 | outputscale: 1.191 | noise: 0.285
Iter 1640 | Loss:  283.281 | lengthscale: 326.868 | outputscale: 1.197 | noise: 0.285
Iter 1650 | Loss:  283.106 | lengthscale: 329.967 | outputscale: 1.203 | noise: 0.285
Iter 1660 | Loss:  282.940 | lengthscale: 333.094 | outputscale: 1.208 | noise: 0.285
Iter 1670 | Loss:  282.777 | lengthscale: 336.247 | outputscale: 1.214 | noise: 0.285
Iter 1680 | Loss:  282.605 | lengthscale: 339.426 | outputscale: 1.220 | noise: 0.285
Iter 1690 | Loss:  282.445 | lengthscale: 342.629 | outputscale: 1.226 | noise: 0.285
Iter 1700 | Loss:  282.280 | lengthscale: 345.853 | outputscale: 1.233 | noise: 0.285
Iter 1710 | Loss:  282.121 | lengthscale: 349.097 | outputscale: 1.239 | noise: 0.285
Iter 1720 | Loss:  281.956 | lengthscale: 352.359 | outputscale: 1.246 | noise: 0.285
Iter 1730 | Loss:  281.799 | lengthscale: 355.636 | outputscale: 1.252 | noise: 0.285
Iter 1740 | Loss:  281.643 | lengthscale: 358.928 | outputscale: 1.259 | noise: 0.285
Iter 1750 | Loss:  281.489 | lengthscale: 362.232 | outputscale: 1.266 | noise: 0.285
Iter 1760 | Loss:  281.336 | lengthscale: 365.547 | outputscale: 1.273 | noise: 0.285
Iter 1770 | Loss:  281.186 | lengthscale: 368.871 | outputscale: 1.281 | noise: 0.285
Iter 1780 | Loss:  281.042 | lengthscale: 372.203 | outputscale: 1.288 | noise: 0.285
Iter 1790 | Loss:  280.896 | lengthscale: 375.542 | outputscale: 1.296 | noise: 0.285
Iter 1800 | Loss:  280.751 | lengthscale: 378.888 | outputscale: 1.304 | noise: 0.285
Iter 1810 | Loss:  280.604 | lengthscale: 382.240 | outputscale: 1.312 | noise: 0.285
Iter 1820 | Loss:  280.469 | lengthscale: 385.597 | outputscale: 1.320 | noise: 0.285
Iter 1830 | Loss:  280.326 | lengthscale: 388.959 | outputscale: 1.328 | noise: 0.285
Iter 1840 | Loss:  280.191 | lengthscale: 392.327 | outputscale: 1.337 | noise: 0.285
Iter 1850 | Loss:  280.052 | lengthscale: 395.700 | outputscale: 1.345 | noise: 0.285
Iter 1860 | Loss:  279.917 | lengthscale: 399.080 | outputscale: 1.354 | noise: 0.285
Iter 1870 | Loss:  279.787 | lengthscale: 402.466 | outputscale: 1.363 | noise: 0.285
Iter 1880 | Loss:  279.660 | lengthscale: 405.859 | outputscale: 1.373 | noise: 0.285
Iter 1890 | Loss:  279.532 | lengthscale: 409.261 | outputscale: 1.382 | noise: 0.285
Iter 1900 | Loss:  279.400 | lengthscale: 412.672 | outputscale: 1.392 | noise: 0.285
Iter 1910 | Loss:  279.275 | lengthscale: 416.094 | outputscale: 1.401 | noise: 0.285
Iter 1920 | Loss:  279.148 | lengthscale: 419.527 | outputscale: 1.411 | noise: 0.285
Iter 1930 | Loss:  279.021 | lengthscale: 422.972 | outputscale: 1.422 | noise: 0.285
Iter 1940 | Loss:  278.898 | lengthscale: 426.431 | outputscale: 1.432 | noise: 0.285
Iter 1950 | Loss:  278.785 | lengthscale: 429.906 | outputscale: 1.442 | noise: 0.285
Iter 1960 | Loss:  278.661 | lengthscale: 433.397 | outputscale: 1.453 | noise: 0.285
Iter 1970 | Loss:  278.528 | lengthscale: 436.906 | outputscale: 1.464 | noise: 0.285
Iter 1980 | Loss:  278.413 | lengthscale: 440.433 | outputscale: 1.475 | noise: 0.285
Iter 1990 | Loss:  278.289 | lengthscale: 443.981 | outputscale: 1.487 | noise: 0.285
Iter 2000 | Loss:  278.175 | lengthscale: 447.548 | outputscale: 1.498 | noise: 0.285
Iter 2010 | Loss:  278.052 | lengthscale: 451.138 | outputscale: 1.510 | noise: 0.285
Iter 2020 | Loss:  277.930 | lengthscale: 454.751 | outputscale: 1.522 | noise: 0.285
Iter 2030 | Loss:  277.814 | lengthscale: 458.387 | outputscale: 1.534 | noise: 0.285
Iter 2040 | Loss:  277.712 | lengthscale: 462.046 | outputscale: 1.546 | noise: 0.285
Iter 2050 | Loss:  277.583 | lengthscale: 465.729 | outputscale: 1.559 | noise: 0.285
Iter 2060 | Loss:  277.454 | lengthscale: 469.436 | outputscale: 1.571 | noise: 0.285
Iter 2070 | Loss:  277.354 | lengthscale: 473.168 | outputscale: 1.584 | noise: 0.285
Iter 2080 | Loss:  277.237 | lengthscale: 476.925 | outputscale: 1.597 | noise: 0.285
Iter 2090 | Loss:  277.118 | lengthscale: 480.706 | outputscale: 1.611 | noise: 0.285
Iter 2100 | Loss:  277.008 | lengthscale: 484.512 | outputscale: 1.625 | noise: 0.285
Iter 2110 | Loss:  276.870 | lengthscale: 488.340 | outputscale: 1.639 | noise: 0.285
Iter 2120 | Loss:  276.776 | lengthscale: 492.192 | outputscale: 1.653 | noise: 0.285
Iter 2130 | Loss:  276.652 | lengthscale: 496.066 | outputscale: 1.668 | noise: 0.285
Iter 2140 | Loss:  276.536 | lengthscale: 499.961 | outputscale: 1.682 | noise: 0.285
Iter 2150 | Loss:  276.430 | lengthscale: 503.876 | outputscale: 1.698 | noise: 0.285
Iter 2160 | Loss:  276.310 | lengthscale: 507.808 | outputscale: 1.713 | noise: 0.285
Iter 2170 | Loss:  276.190 | lengthscale: 511.757 | outputscale: 1.729 | noise: 0.285
Iter 2180 | Loss:  276.079 | lengthscale: 515.721 | outputscale: 1.745 | noise: 0.285
Iter 2190 | Loss:  275.958 | lengthscale: 519.699 | outputscale: 1.762 | noise: 0.285
Iter 2200 | Loss:  275.840 | lengthscale: 523.688 | outputscale: 1.778 | noise: 0.285
Iter 2210 | Loss:  275.740 | lengthscale: 527.688 | outputscale: 1.796 | noise: 0.285
Iter 2220 | Loss:  275.627 | lengthscale: 531.696 | outputscale: 1.813 | noise: 0.285
Iter 2230 | Loss:  275.502 | lengthscale: 535.710 | outputscale: 1.832 | noise: 0.285
Iter 2240 | Loss:  275.395 | lengthscale: 539.728 | outputscale: 1.850 | noise: 0.285
Iter 2250 | Loss:  275.275 | lengthscale: 543.748 | outputscale: 1.869 | noise: 0.285
Iter 2260 | Loss:  275.169 | lengthscale: 547.768 | outputscale: 1.889 | noise: 0.285
Iter 2270 | Loss:  275.062 | lengthscale: 551.786 | outputscale: 1.909 | noise: 0.285
Iter 2280 | Loss:  274.959 | lengthscale: 555.800 | outputscale: 1.930 | noise: 0.285
Iter 2290 | Loss:  274.823 | lengthscale: 559.809 | outputscale: 1.951 | noise: 0.285
Iter 2300 | Loss:  274.711 | lengthscale: 563.810 | outputscale: 1.973 | noise: 0.285
Iter 2310 | Loss:  274.624 | lengthscale: 567.801 | outputscale: 1.995 | noise: 0.285
Iter 2320 | Loss:  274.509 | lengthscale: 571.781 | outputscale: 2.019 | noise: 0.284
Iter 2330 | Loss:  274.400 | lengthscale: 575.748 | outputscale: 2.042 | noise: 0.284
Iter 2340 | Loss:  274.272 | lengthscale: 579.700 | outputscale: 2.067 | noise: 0.284
Iter 2350 | Loss:  274.149 | lengthscale: 583.635 | outputscale: 2.092 | noise: 0.284
Iter 2360 | Loss:  274.062 | lengthscale: 587.552 | outputscale: 2.119 | noise: 0.284
Iter 2370 | Loss:  273.937 | lengthscale: 591.451 | outputscale: 2.146 | noise: 0.284
Iter 2380 | Loss:  273.816 | lengthscale: 595.329 | outputscale: 2.174 | noise: 0.284
Iter 2390 | Loss:  273.711 | lengthscale: 599.185 | outputscale: 2.203 | noise: 0.284
Iter 2400 | Loss:  273.602 | lengthscale: 603.014 | outputscale: 2.233 | noise: 0.284
Iter 2410 | Loss:  273.456 | lengthscale: 606.819 | outputscale: 2.265 | noise: 0.284
Iter 2420 | Loss:  273.318 | lengthscale: 610.593 | outputscale: 2.297 | noise: 0.284
Iter 2430 | Loss:  273.223 | lengthscale: 614.336 | outputscale: 2.331 | noise: 0.284
Iter 2440 | Loss:  273.065 | lengthscale: 618.045 | outputscale: 2.366 | noise: 0.284
Iter 2450 | Loss:  272.976 | lengthscale: 621.720 | outputscale: 2.403 | noise: 0.284
Iter 2460 | Loss:  272.815 | lengthscale: 625.357 | outputscale: 2.441 | noise: 0.284
Iter 2470 | Loss:  272.711 | lengthscale: 628.954 | outputscale: 2.481 | noise: 0.284
Iter 2480 | Loss:  272.539 | lengthscale: 632.507 | outputscale: 2.523 | noise: 0.284
Iter 2490 | Loss:  272.358 | lengthscale: 636.013 | outputscale: 2.567 | noise: 0.284
Iter 2499 | Loss:  272.246 | lengthscale: 639.124 | outputscale: 2.609 | noise: 0.284
Learned Hyperparams:  {'lengthscale': 639.12353515625, 'outputscale': 2.6089468002319336, 'noise': 0.2837413251399994, 'marginal_likelihood_loss_history': [2737.1298828125, 2724.9677734375, 2713.37158203125, 2702.337890625, 2691.86279296875, 2681.939697265625, 2672.56103515625, 2663.71826171875, 2655.400146484375, 2647.59619140625, 2640.2919921875, 2633.473876953125, 2627.12646484375, 2621.232421875, 2615.775146484375, 2610.735595703125, 2606.0947265625, 2601.832275390625, 2597.9287109375, 2594.3623046875, 2591.11279296875, 2588.15869140625, 2585.479248046875, 2583.05322265625, 2580.85986328125, 2578.87890625, 2577.09033203125, 2575.47509765625, 2574.01416015625, 2572.68994140625, 2571.48486328125, 2570.3828125, 2569.3681640625, 2568.42626953125, 2567.543212890625, 2566.70703125, 2565.90478515625, 2565.126220703125, 2564.36083984375, 2563.59912109375, 2562.8330078125, 2562.053955078125, 2561.25537109375, 2560.43017578125, 2559.57275390625, 2558.677734375, 2557.7392578125, 2556.75341796875, 2555.71484375, 2554.62060546875, 2553.4658203125, 2552.24658203125, 2550.95947265625, 2549.6005859375, 2548.16650390625, 2546.65234375, 2545.0546875, 2543.36962890625, 2541.59228515625, 2539.71826171875, 2537.742919921875, 2535.660888671875, 2533.467041015625, 2531.15576171875, 2528.720703125, 2526.15576171875, 2523.45458984375, 2520.60986328125, 2517.6142578125, 2514.4609375, 2511.1416015625, 2507.64794921875, 2503.97216796875, 2500.104736328125, 2496.037109375, 2491.76025390625, 2487.2646484375, 2482.54052734375, 2477.578125, 2472.366943359375, 2466.8974609375, 2461.15869140625, 2455.140625, 2448.83154296875, 2442.2216796875, 2435.29931640625, 2428.0537109375, 2420.4736328125, 2412.5478515625, 2404.26513671875, 2395.61474609375, 2386.5849609375, 2377.16552734375, 2367.34521484375, 2357.114013671875, 2346.461669921875, 2335.378662109375, 2323.85546875, 2311.88427734375, 2299.456787109375, 2286.566162109375, 2273.20654296875, 2259.373046875, 2245.0615234375, 2230.27001953125, 2214.9970703125, 2199.2431640625, 2183.01025390625, 2166.3017578125, 2149.1240234375, 2131.483642578125, 2113.390625, 2094.8564453125, 2075.895263671875, 2056.52294921875, 2036.758544921875, 2016.6221923828125, 1996.137451171875, 1975.32958984375, 1954.2259521484375, 1932.855712890625, 1911.2493896484375, 1889.4384765625, 1867.454345703125, 1845.328125, 1823.089599609375, 1800.765625, 1778.38037109375, 1755.95361328125, 1733.5010986328125, 1711.0335693359375, 1688.5595703125, 1666.084228515625, 1643.61376953125, 1621.15576171875, 1598.722412109375, 1576.330322265625, 1554.0020751953125, 1531.765625, 1509.65234375, 1487.6953125, 1465.93017578125, 1444.389892578125, 1423.106689453125, 1402.1094970703125, 1381.4244384765625, 1361.07470703125, 1341.080810546875, 1321.4593505859375, 1302.223876953125, 1283.384033203125, 1264.9453125, 1246.9085693359375, 1229.27001953125, 1212.019775390625, 1195.14599609375, 1178.6341552734375, 1162.4693603515625, 1146.63818359375, 1131.132568359375, 1115.9486083984375, 1101.08740234375, 1086.554931640625, 1072.3597412109375, 1058.51025390625, 1045.013427734375, 1031.8721923828125, 1019.0841064453125, 1006.6414794921875, 994.5318603515625, 982.7394409179688, 971.2484130859375, 960.0433959960938, 949.112060546875, 938.4453125, 928.037109375, 917.8837280273438, 907.9814453125, 898.3258056640625, 888.9111328125, 879.728515625, 870.7680053710938, 862.0192260742188, 853.4712524414062, 845.1148681640625, 836.943359375, 828.9519653320312, 821.1376953125, 813.49853515625, 806.032470703125, 798.737548828125, 791.609375, 784.6450805664062, 777.8387451171875, 771.186279296875, 764.683349609375, 758.326904296875, 752.11376953125, 746.0422973632812, 740.1104125976562, 734.3157958984375, 728.6553955078125, 723.1256103515625, 717.723876953125, 712.4451904296875, 707.2864990234375, 702.2449340820312, 697.3167724609375, 692.499755859375, 687.7913208007812, 683.1881713867188, 678.6876220703125, 674.2862548828125, 669.9810791015625, 665.7688598632812, 661.6463623046875, 657.611328125, 653.6602783203125, 649.7915649414062, 646.00244140625, 642.2901611328125, 638.6527099609375, 635.087158203125, 631.5914306640625, 628.1631469726562, 624.8001708984375, 621.5001220703125, 618.2613525390625, 615.081787109375, 611.9599609375, 608.8934326171875, 605.8806762695312, 602.9200439453125, 600.0096435546875, 597.1481323242188, 594.333984375, 591.5653076171875, 588.8411254882812, 586.1597900390625, 583.5201416015625, 580.921142578125, 578.3609619140625, 575.8388671875, 573.353515625, 570.9036254882812, 568.4886474609375, 566.107177734375, 563.758544921875, 561.4420166015625, 559.1559448242188, 556.9003295898438, 554.6737670898438, 552.475830078125, 550.305908203125, 548.16259765625, 546.0457763671875, 543.9546508789062, 541.888671875, 539.8472900390625, 537.8300170898438, 535.8356323242188, 533.8644409179688, 531.915771484375, 529.9886474609375, 528.0830688476562, 526.198486328125, 524.3346557617188, 522.4906005859375, 520.6666870117188, 518.862060546875, 517.0765380859375, 515.31005859375, 513.5617065429688, 511.83154296875, 510.11920166015625, 508.42431640625, 506.746826171875, 505.08648681640625, 503.4427490234375, 501.8157958984375, 500.2052001953125, 498.6104736328125, 497.03204345703125, 495.46875, 493.9215087890625, 492.3895263671875, 490.87237548828125, 489.3707275390625, 487.883544921875, 486.4111328125, 484.9534912109375, 483.509765625, 482.0806884765625, 480.66552734375, 479.264404296875, 477.8768310546875, 476.5032958984375, 475.1431884765625, 473.796630859375, 472.463134765625, 471.1427001953125, 469.8353271484375, 468.54144287109375, 467.260009765625, 465.9912109375, 464.735107421875, 463.49163818359375, 462.26068115234375, 461.0413818359375, 459.834716796875, 458.64044189453125, 457.4573974609375, 456.2867431640625, 455.1278076171875, 453.98089599609375, 452.84521484375, 451.7213134765625, 450.60870361328125, 449.50738525390625, 448.4178466796875, 447.33941650390625, 446.27178955078125, 445.21551513671875, 444.1702880859375, 443.1357421875, 442.112060546875, 441.0997314453125, 440.0980224609375, 439.1063232421875, 438.12591552734375, 437.1558837890625, 436.1959228515625, 435.2469482421875, 434.3079833984375, 433.37933349609375, 432.4610595703125, 431.55267333984375, 430.65460205078125, 429.7662353515625, 428.8876953125, 428.01873779296875, 427.1600341796875, 426.3104248046875, 425.4705810546875, 424.64031982421875, 423.8187255859375, 423.0067138671875, 422.2037353515625, 421.40960693359375, 420.6246337890625, 419.8486328125, 419.0809326171875, 418.3218994140625, 417.57080078125, 416.82861328125, 416.0943603515625, 415.3681640625, 414.65008544921875, 413.9393310546875, 413.2364501953125, 412.54168701171875, 411.85369873046875, 411.17333984375, 410.4998779296875, 409.83392333984375, 409.17449951171875, 408.522216796875, 407.876220703125, 407.2369384765625, 406.60406494140625, 405.97711181640625, 405.35723876953125, 404.7430419921875, 404.13507080078125, 403.53216552734375, 402.93572998046875, 402.3446044921875, 401.759033203125, 401.1793212890625, 400.6043701171875, 400.03466796875, 399.4703369140625, 398.910888671875, 398.356201171875, 397.80633544921875, 397.26123046875, 396.7210693359375, 396.18487548828125, 395.65350341796875, 395.1265869140625, 394.603515625, 394.0850830078125, 393.57061767578125, 393.0604248046875, 392.55389404296875, 392.0516357421875, 391.552734375, 391.05743408203125, 390.5662841796875, 390.078857421875, 389.594482421875, 389.1141357421875, 388.6368408203125, 388.16326904296875, 387.69281005859375, 387.22576904296875, 386.7618408203125, 386.301513671875, 385.8441162109375, 385.3892822265625, 384.938232421875, 384.48944091796875, 384.0440673828125, 383.6014404296875, 383.1622314453125, 382.7247314453125, 382.29119873046875, 381.85986328125, 381.43157958984375, 381.00628662109375, 380.5828857421875, 380.1624755859375, 379.74444580078125, 379.3291015625, 378.9168701171875, 378.5062255859375, 378.0989990234375, 377.6939697265625, 377.29150390625, 376.8914794921875, 376.4932861328125, 376.098388671875, 375.7054443359375, 375.31475830078125, 374.9263916015625, 374.5411376953125, 374.1571044921875, 373.776123046875, 373.3973388671875, 373.0206298828125, 372.646484375, 372.274169921875, 371.90447998046875, 371.5372314453125, 371.1715087890625, 370.80853271484375, 370.44732666015625, 370.089111328125, 369.73291015625, 369.3785400390625, 369.02667236328125, 368.67620849609375, 368.32806396484375, 367.9830322265625, 367.639404296875, 367.2978515625, 366.9591064453125, 366.62200927734375, 366.2872314453125, 365.95416259765625, 365.62347412109375, 365.295166015625, 364.96844482421875, 364.6444091796875, 364.32183837890625, 364.0010986328125, 363.683349609375, 363.3665771484375, 363.052734375, 362.74078369140625, 362.430908203125, 362.122802734375, 361.81658935546875, 361.5123291015625, 361.21038818359375, 360.909912109375, 360.61199951171875, 360.3155517578125, 360.02130126953125, 359.729248046875, 359.438720703125, 359.15008544921875, 358.8629150390625, 358.578369140625, 358.295166015625, 358.01385498046875, 357.7340087890625, 357.4566650390625, 357.1802978515625, 356.9063720703125, 356.633544921875, 356.36328125, 356.094482421875, 355.8275146484375, 355.56121826171875, 355.2969970703125, 355.03436279296875, 354.7734375, 354.51458740234375, 354.2568359375, 354.0003662109375, 353.745849609375, 353.4923095703125, 353.240478515625, 352.990234375, 352.7410888671875, 352.4935302734375, 352.2469482421875, 352.0023193359375, 351.7591552734375, 351.516357421875, 351.2750244140625, 351.0357666015625, 350.797119140625, 350.5594482421875, 350.3231201171875, 350.0882568359375, 349.8543701171875, 349.6217041015625, 349.3900146484375, 349.1595458984375, 348.929931640625, 348.701171875, 348.4736328125, 348.2471923828125, 348.021240234375, 347.7965087890625, 347.57275390625, 347.349853515625, 347.128173828125, 346.9068603515625, 346.6861572265625, 346.466796875, 346.2484130859375, 346.0299072265625, 345.8131103515625, 345.5963134765625, 345.3809814453125, 345.1656494140625, 344.9515380859375, 344.7381591796875, 344.5247802734375, 344.3128662109375, 344.1016845703125, 343.8907470703125, 343.6800537109375, 343.4703369140625, 343.2606201171875, 343.05224609375, 342.8443603515625, 342.63720703125, 342.4295654296875, 342.2236328125, 342.0174560546875, 341.8123779296875, 341.608154296875, 341.4029541015625, 341.1998291015625, 340.9962158203125, 340.7938232421875, 340.5909423828125, 340.3896484375, 340.1881103515625, 339.9869384765625, 339.7869873046875, 339.5867919921875, 339.386962890625, 339.1881103515625, 338.9896240234375, 338.7908935546875, 338.5936279296875, 338.3956298828125, 338.1993408203125, 338.0032958984375, 337.8072509765625, 337.6114501953125, 337.4168701171875, 337.2216796875, 337.0272216796875, 336.8345947265625, 336.64013671875, 336.4481201171875, 336.2552490234375, 336.0635986328125, 335.8714599609375, 335.6807861328125, 335.4903564453125, 335.300048828125, 335.1107177734375, 334.9212646484375, 334.7325439453125, 334.544189453125, 334.3568115234375, 334.1689453125, 333.982666015625, 333.7957763671875, 333.6099853515625, 333.424072265625, 333.2401123046875, 333.0552978515625, 332.8717041015625, 332.6881103515625, 332.5050048828125, 332.323486328125, 332.141845703125, 331.9605712890625, 331.7796630859375, 331.5994873046875, 331.4193115234375, 331.2406005859375, 331.06201171875, 330.8841552734375, 330.7064208984375, 330.5303955078125, 330.35400390625, 330.1778564453125, 330.0032958984375, 329.8275146484375, 329.65478515625, 329.4810791015625, 329.3079833984375, 329.1361083984375, 328.9642333984375, 328.7926025390625, 328.6224365234375, 328.4527587890625, 328.2835693359375, 328.1148681640625, 327.9468994140625, 327.7791748046875, 327.612548828125, 327.4466552734375, 327.2806396484375, 327.1163330078125, 326.95166015625, 326.787109375, 326.6240234375, 326.462158203125, 326.2999267578125, 326.137939453125, 325.9781494140625, 325.8173828125, 325.657470703125, 325.4998779296875, 325.340576171875, 325.1827392578125, 325.0267333984375, 324.869384765625, 324.7127685546875, 324.5582275390625, 324.4041748046875, 324.2503662109375, 324.0970458984375, 323.94384765625, 323.791259765625, 323.6397705078125, 323.4884033203125, 323.3380126953125, 323.1878662109375, 323.0386962890625, 322.8902587890625, 322.7423095703125, 322.595458984375, 322.447998046875, 322.3004150390625, 322.1549072265625, 322.0098876953125, 321.864990234375, 321.72119140625, 321.577392578125, 321.4345703125, 321.2921142578125, 321.1505126953125, 321.0079345703125, 320.86669921875, 320.7279052734375, 320.58740234375, 320.448486328125, 320.3084716796875, 320.1717529296875, 320.0328369140625, 319.8958740234375, 319.7591552734375, 319.6229248046875, 319.4869384765625, 319.3521728515625, 319.2177734375, 319.0841064453125, 318.94970703125, 318.81591796875, 318.684326171875, 318.5521240234375, 318.4195556640625, 318.2889404296875, 318.1580810546875, 318.0269775390625, 317.8988037109375, 317.7696533203125, 317.6417236328125, 317.5130615234375, 317.3851318359375, 317.2567138671875, 317.1312255859375, 317.0040283203125, 316.8780517578125, 316.7529296875, 316.6280517578125, 316.5037841796875, 316.3798828125, 316.2569580078125, 316.1336669921875, 316.0101318359375, 315.8902587890625, 315.767333984375, 315.6463623046875, 315.5260009765625, 315.4066162109375, 315.287353515625, 315.1673583984375, 315.0491943359375, 314.9306640625, 314.813232421875, 314.6971435546875, 314.5802001953125, 314.4635009765625, 314.348876953125, 314.23291015625, 314.1195068359375, 314.0037841796875, 313.890625, 313.7777099609375, 313.6651611328125, 313.5528564453125, 313.44189453125, 313.3302001953125, 313.2200927734375, 313.11083984375, 313.000244140625, 312.8902587890625, 312.7823486328125, 312.6751708984375, 312.5662841796875, 312.4603271484375, 312.353515625, 312.2476806640625, 312.1419677734375, 312.0372314453125, 311.9327392578125, 311.828857421875, 311.726806640625, 311.6240234375, 311.5213623046875, 311.4190673828125, 311.318115234375, 311.2186279296875, 311.1180419921875, 311.0184326171875, 310.919677734375, 310.821044921875, 310.7239990234375, 310.624755859375, 310.529052734375, 310.433349609375, 310.3382568359375, 310.2440185546875, 310.14892578125, 310.0535888671875, 309.9630126953125, 309.8702392578125, 309.7777099609375, 309.685546875, 309.594482421875, 309.5035400390625, 309.414306640625, 309.3262939453125, 309.2371826171875, 309.1484375, 309.0604248046875, 308.9737548828125, 308.8876953125, 308.801025390625, 308.7174072265625, 308.6314697265625, 308.5469970703125, 308.4635009765625, 308.3812255859375, 308.2989501953125, 308.2177734375, 308.1361083984375, 308.0546875, 307.9754638671875, 307.8951416015625, 307.8170166015625, 307.73974609375, 307.6600341796875, 307.5845947265625, 307.5067138671875, 307.4300537109375, 307.3543701171875, 307.2799072265625, 307.20654296875, 307.1319580078125, 307.058349609375, 306.9854736328125, 306.9124755859375, 306.8414306640625, 306.7698974609375, 306.6993408203125, 306.6290283203125, 306.560546875, 306.4906005859375, 306.4217529296875, 306.35498046875, 306.285888671875, 306.2188720703125, 306.1527099609375, 306.0872802734375, 306.020263671875, 305.9569091796875, 305.8914794921875, 305.8270263671875, 305.7633056640625, 305.7001953125, 305.63818359375, 305.5762939453125, 305.5140380859375, 305.4527587890625, 305.3939208984375, 305.3331298828125, 305.2730712890625, 305.2132568359375, 305.155029296875, 305.0968017578125, 305.0386962890625, 304.9810791015625, 304.9234619140625, 304.866943359375, 304.810546875, 304.754150390625, 304.6983642578125, 304.6424560546875, 304.5869140625, 304.532958984375, 304.4808349609375, 304.4266357421875, 304.372314453125, 304.3197021484375, 304.267578125, 304.2142333984375, 304.1634521484375, 304.1112060546875, 304.0594482421875, 304.0101318359375, 303.9586181640625, 303.90966796875, 303.8590087890625, 303.8082275390625, 303.7611083984375, 303.712646484375, 303.6649169921875, 303.6160888671875, 303.5667724609375, 303.520751953125, 303.4725341796875, 303.4254150390625, 303.3770751953125, 303.3321533203125, 303.285400390625, 303.238525390625, 303.1927490234375, 303.1495361328125, 303.1031494140625, 303.0592041015625, 303.0147705078125, 302.9674072265625, 302.9244384765625, 302.8779296875, 302.8359375, 302.7928466796875, 302.749755859375, 302.7073974609375, 302.6641845703125, 302.6209716796875, 302.5771484375, 302.5357666015625, 302.4925537109375, 302.4525146484375, 302.4088134765625, 302.3677978515625, 302.3250732421875, 302.2833251953125, 302.2442626953125, 302.2022705078125, 302.16357421875, 302.121337890625, 302.080810546875, 302.0426025390625, 302.001708984375, 301.9605712890625, 301.9205322265625, 301.88134765625, 301.8414306640625, 301.80078125, 301.7611083984375, 301.7230224609375, 301.6856689453125, 301.6463623046875, 301.60546875, 301.568359375, 301.528564453125, 301.4898681640625, 301.4512939453125, 301.4134521484375, 301.3736572265625, 301.3358154296875, 301.2984619140625, 301.2607421875, 301.2220458984375, 301.1851806640625, 301.145263671875, 301.108154296875, 301.0728759765625, 301.032958984375, 300.9967041015625, 300.9595947265625, 300.9210205078125, 300.8836669921875, 300.84716796875, 300.8099365234375, 300.7725830078125, 300.7353515625, 300.6976318359375, 300.6614990234375, 300.6248779296875, 300.5875244140625, 300.5516357421875, 300.5152587890625, 300.4781494140625, 300.4405517578125, 300.4034423828125, 300.3685302734375, 300.3302001953125, 300.2930908203125, 300.2587890625, 300.2220458984375, 300.1851806640625, 300.1490478515625, 300.1116943359375, 300.07470703125, 300.0382080078125, 300.0015869140625, 299.96630859375, 299.931640625, 299.8924560546875, 299.857666015625, 299.8228759765625, 299.7847900390625, 299.7481689453125, 299.7130126953125, 299.6751708984375, 299.6409912109375, 299.6025390625, 299.5672607421875, 299.5308837890625, 299.4942626953125, 299.4573974609375, 299.4210205078125, 299.3843994140625, 299.3489990234375, 299.3123779296875, 299.2757568359375, 299.23828125, 299.2039794921875, 299.1661376953125, 299.1304931640625, 299.0938720703125, 299.0576171875, 299.0203857421875, 298.984375, 298.947021484375, 298.9119873046875, 298.875244140625, 298.8369140625, 298.802001953125, 298.76513671875, 298.7286376953125, 298.6920166015625, 298.6544189453125, 298.6182861328125, 298.5806884765625, 298.5445556640625, 298.5079345703125, 298.47216796875, 298.4344482421875, 298.3970947265625, 298.3616943359375, 298.323974609375, 298.287841796875, 298.25146484375, 298.2138671875, 298.175048828125, 298.138916015625, 298.1024169921875, 298.0635986328125, 298.0301513671875, 297.9915771484375, 297.954833984375, 297.9166259765625, 297.8817138671875, 297.8436279296875, 297.806396484375, 297.769775390625, 297.73388671875, 297.69580078125, 297.6585693359375, 297.62060546875, 297.583740234375, 297.5484619140625, 297.508544921875, 297.4708251953125, 297.4327392578125, 297.3990478515625, 297.3604736328125, 297.3232421875, 297.2872314453125, 297.24951171875, 297.2125244140625, 297.1754150390625, 297.137451171875, 297.1009521484375, 297.0626220703125, 297.0255126953125, 296.9881591796875, 296.9520263671875, 296.915771484375, 296.8787841796875, 296.8414306640625, 296.8033447265625, 296.7647705078125, 296.727783203125, 296.6917724609375, 296.6539306640625, 296.6165771484375, 296.5802001953125, 296.5426025390625, 296.5050048828125, 296.4659423828125, 296.4320068359375, 296.39404296875, 296.3565673828125, 296.3192138671875, 296.2823486328125, 296.2457275390625, 296.2093505859375, 296.1705322265625, 296.13525390625, 296.097412109375, 296.0614013671875, 296.02587890625, 295.988525390625, 295.9508056640625, 295.9140625, 295.8790283203125, 295.841552734375, 295.8038330078125, 295.7706298828125, 295.7333984375, 295.69580078125, 295.6605224609375, 295.6248779296875, 295.5882568359375, 295.55126953125, 295.515625, 295.4805908203125, 295.444091796875, 295.4061279296875, 295.3717041015625, 295.3372802734375, 295.3011474609375, 295.262939453125, 295.2286376953125, 295.196044921875, 295.1583251953125, 295.1224365234375, 295.0863037109375, 295.0518798828125, 295.0157470703125, 294.9803466796875, 294.9449462890625, 294.910400390625, 294.8756103515625, 294.843017578125, 294.80712890625, 294.7725830078125, 294.7353515625, 294.7037353515625, 294.668212890625, 294.6324462890625, 294.5994873046875, 294.56494140625, 294.5286865234375, 294.4937744140625, 294.4610595703125, 294.426513671875, 294.39404296875, 294.360107421875, 294.325439453125, 294.293212890625, 294.2581787109375, 294.2239990234375, 294.1917724609375, 294.1593017578125, 294.1253662109375, 294.0914306640625, 294.05859375, 294.02587890625, 293.99169921875, 293.9581298828125, 293.9276123046875, 293.8934326171875, 293.860595703125, 293.8292236328125, 293.7979736328125, 293.764404296875, 293.7327880859375, 293.700439453125, 293.6673583984375, 293.636962890625, 293.6046142578125, 293.57373046875, 293.5413818359375, 293.51025390625, 293.478759765625, 293.446533203125, 293.4168701171875, 293.3856201171875, 293.3524169921875, 293.3204345703125, 293.2900390625, 293.2596435546875, 293.2281494140625, 293.1993408203125, 293.16748046875, 293.1380615234375, 293.1058349609375, 293.0750732421875, 293.0450439453125, 293.013916015625, 292.9859619140625, 292.9571533203125, 292.927978515625, 292.8973388671875, 292.8690185546875, 292.8382568359375, 292.8092041015625, 292.7791748046875, 292.7501220703125, 292.721923828125, 292.691650390625, 292.662109375, 292.63427734375, 292.6041259765625, 292.5758056640625, 292.5474853515625, 292.5184326171875, 292.4910888671875, 292.46142578125, 292.4351806640625, 292.408203125, 292.3773193359375, 292.3497314453125, 292.323486328125, 292.2947998046875, 292.266357421875, 292.2408447265625, 292.2120361328125, 292.1854248046875, 292.1572265625, 292.1298828125, 292.1048583984375, 292.07763671875, 292.0501708984375, 292.0244140625, 291.9957275390625, 291.9691162109375, 291.9432373046875, 291.9183349609375, 291.889892578125, 291.8643798828125, 291.8372802734375, 291.8094482421875, 291.7833251953125, 291.7591552734375, 291.73193359375, 291.7052001953125, 291.6798095703125, 291.6556396484375, 291.6282958984375, 291.604248046875, 291.5811767578125, 291.5535888671875, 291.5260009765625, 291.503662109375, 291.4781494140625, 291.4539794921875, 291.4285888671875, 291.404296875, 291.3807373046875, 291.353759765625, 291.327880859375, 291.3040771484375, 291.2811279296875, 291.2545166015625, 291.23095703125, 291.207275390625, 291.1844482421875, 291.15966796875, 291.1356201171875, 291.1102294921875, 291.0887451171875, 291.0640869140625, 291.0391845703125, 291.0174560546875, 290.99365234375, 290.970703125, 290.9466552734375, 290.9229736328125, 290.8973388671875, 290.8759765625, 290.8531494140625, 290.831787109375, 290.8089599609375, 290.78466796875, 290.7611083984375, 290.738037109375, 290.715576171875, 290.6925048828125, 290.6695556640625, 290.64697265625, 290.625732421875, 290.600830078125, 290.5806884765625, 290.555908203125, 290.5345458984375, 290.5133056640625, 290.4927978515625, 290.4700927734375, 290.4493408203125, 290.424560546875, 290.4041748046875, 290.3807373046875, 290.36083984375, 290.3365478515625, 290.3157958984375, 290.2940673828125, 290.2740478515625, 290.2513427734375, 290.2291259765625, 290.2073974609375, 290.1871337890625, 290.1654052734375, 290.1451416015625, 290.1224365234375, 290.1011962890625, 290.0811767578125, 290.0587158203125, 290.0384521484375, 290.017333984375, 289.9976806640625, 289.9775390625, 289.9569091796875, 289.936767578125, 289.9171142578125, 289.894775390625, 289.876708984375, 289.853271484375, 289.8304443359375, 289.8114013671875, 289.7921142578125, 289.7718505859375, 289.7506103515625, 289.7303466796875, 289.7110595703125, 289.688720703125, 289.6693115234375, 289.6500244140625, 289.6302490234375, 289.6092529296875, 289.5892333984375, 289.567138671875, 289.548828125, 289.531982421875, 289.5064697265625, 289.4876708984375, 289.466796875, 289.450439453125, 289.429443359375, 289.4090576171875, 289.390625, 289.370361328125, 289.35009765625, 289.332275390625, 289.3125, 289.2901611328125, 289.2716064453125, 289.2530517578125, 289.2354736328125, 289.21435546875, 289.192626953125, 289.1761474609375, 289.15576171875, 289.136474609375, 289.1163330078125, 289.0958251953125, 289.0780029296875, 289.0570068359375, 289.0428466796875, 289.021728515625, 289.002685546875, 288.98388671875, 288.9669189453125, 288.9432373046875, 288.9276123046875, 288.9073486328125, 288.8885498046875, 288.8680419921875, 288.8499755859375, 288.828369140625, 288.8087158203125, 288.7926025390625, 288.7764892578125, 288.7545166015625, 288.7376708984375, 288.71875, 288.6988525390625, 288.6771240234375, 288.6595458984375, 288.6414794921875, 288.6219482421875, 288.60595703125, 288.5865478515625, 288.5640869140625, 288.5478515625, 288.528564453125, 288.5108642578125, 288.4925537109375, 288.4725341796875, 288.4527587890625, 288.436767578125, 288.4136962890625, 288.4012451171875, 288.3802490234375, 288.3594970703125, 288.3427734375, 288.3216552734375, 288.3038330078125, 288.287841796875, 288.2667236328125, 288.253662109375, 288.2325439453125, 288.2113037109375, 288.197265625, 288.1788330078125, 288.1595458984375, 288.1397705078125, 288.1214599609375, 288.1046142578125, 288.08642578125, 288.0631103515625, 288.0469970703125, 288.0269775390625, 288.0115966796875, 287.99462890625, 287.9759521484375, 287.9573974609375, 287.93505859375, 287.91943359375, 287.9010009765625, 287.88427734375, 287.8638916015625, 287.8453369140625, 287.8245849609375, 287.8096923828125, 287.7923583984375, 287.7757568359375, 287.7567138671875, 287.7362060546875, 287.718505859375, 287.7037353515625, 287.6842041015625, 287.6641845703125, 287.646484375, 287.6260986328125, 287.6126708984375, 287.591796875, 287.5748291015625, 287.5560302734375, 287.53759765625, 287.5177001953125, 287.4991455078125, 287.4793701171875, 287.464111328125, 287.4464111328125, 287.4290771484375, 287.4080810546875, 287.3927001953125, 287.3756103515625, 287.3570556640625, 287.337646484375, 287.3204345703125, 287.2996826171875, 287.282470703125, 287.26171875, 287.2447509765625, 287.22119140625, 287.2115478515625, 287.1903076171875, 287.1754150390625, 287.1573486328125, 287.1387939453125, 287.1243896484375, 287.10546875, 287.0867919921875, 287.06591796875, 287.0477294921875, 287.0345458984375, 287.008056640625, 286.993896484375, 286.9771728515625, 286.9593505859375, 286.9376220703125, 286.9215087890625, 286.9053955078125, 286.8829345703125, 286.8643798828125, 286.851806640625, 286.8319091796875, 286.8157958984375, 286.7962646484375, 286.7806396484375, 286.7613525390625, 286.7442626953125, 286.7293701171875, 286.7099609375, 286.68896484375, 286.672119140625, 286.6531982421875, 286.6373291015625, 286.6173095703125, 286.598388671875, 286.5794677734375, 286.5626220703125, 286.542724609375, 286.5277099609375, 286.510009765625, 286.4892578125, 286.475341796875, 286.4588623046875, 286.436279296875, 286.4173583984375, 286.402587890625, 286.384521484375, 286.3682861328125, 286.349609375, 286.3321533203125, 286.3153076171875, 286.2955322265625, 286.279296875, 286.259765625, 286.2401123046875, 286.2222900390625, 286.2059326171875, 286.1868896484375, 286.1712646484375, 286.152099609375, 286.1378173828125, 286.1217041015625, 286.1009521484375, 286.08154296875, 286.0657958984375, 286.0467529296875, 286.028076171875, 286.0062255859375, 285.9949951171875, 285.97412109375, 285.9595947265625, 285.9398193359375, 285.9212646484375, 285.90478515625, 285.8868408203125, 285.867431640625, 285.853759765625, 285.8350830078125, 285.8160400390625, 285.8016357421875, 285.7799072265625, 285.767578125, 285.7474365234375, 285.7271728515625, 285.7127685546875, 285.69482421875, 285.6763916015625, 285.656494140625, 285.64013671875, 285.6229248046875, 285.607421875, 285.5882568359375, 285.5736083984375, 285.5506591796875, 285.5321044921875, 285.5189208984375, 285.4954833984375, 285.4801025390625, 285.4683837890625, 285.448486328125, 285.4278564453125, 285.4102783203125, 285.3963623046875, 285.37890625, 285.3616943359375, 285.3431396484375, 285.32421875, 285.3082275390625, 285.2874755859375, 285.2716064453125, 285.2525634765625, 285.2392578125, 285.2222900390625, 285.2000732421875, 285.1849365234375, 285.1666259765625, 285.14599609375, 285.1307373046875, 285.1170654296875, 285.0989990234375, 285.080078125, 285.0618896484375, 285.0416259765625, 285.0284423828125, 285.0133056640625, 284.9910888671875, 284.97509765625, 284.956787109375, 284.9415283203125, 284.9241943359375, 284.9068603515625, 284.8885498046875, 284.869140625, 284.857421875, 284.8370361328125, 284.817626953125, 284.803466796875, 284.785888671875, 284.768310546875, 284.7532958984375, 284.7349853515625, 284.7164306640625, 284.6942138671875, 284.684326171875, 284.6591796875, 284.6507568359375, 284.6312255859375, 284.6131591796875, 284.598388671875, 284.578369140625, 284.563720703125, 284.5419921875, 284.5235595703125, 284.5098876953125, 284.4901123046875, 284.47265625, 284.45556640625, 284.4376220703125, 284.4210205078125, 284.4058837890625, 284.3851318359375, 284.36669921875, 284.3489990234375, 284.33642578125, 284.3179931640625, 284.304931640625, 284.28515625, 284.2669677734375, 284.2484130859375, 284.2344970703125, 284.2176513671875, 284.197998046875, 284.1793212890625, 284.1639404296875, 284.1431884765625, 284.126708984375, 284.11181640625, 284.0938720703125, 284.07763671875, 284.059326171875, 284.04736328125, 284.0291748046875, 284.013427734375, 283.99560546875, 283.978759765625, 283.95654296875, 283.9383544921875, 283.9222412109375, 283.9097900390625, 283.889404296875, 283.87548828125, 283.8543701171875, 283.8387451171875, 283.82373046875, 283.802001953125, 283.7889404296875, 283.7711181640625, 283.7552490234375, 283.7413330078125, 283.7166748046875, 283.7044677734375, 283.681884765625, 283.666748046875, 283.6512451171875, 283.6365966796875, 283.6177978515625, 283.6024169921875, 283.5789794921875, 283.5665283203125, 283.5484619140625, 283.5322265625, 283.513427734375, 283.4962158203125, 283.4783935546875, 283.4654541015625, 283.4444580078125, 283.4290771484375, 283.4117431640625, 283.3985595703125, 283.3792724609375, 283.3660888671875, 283.34814453125, 283.3314208984375, 283.3111572265625, 283.2919921875, 283.28076171875, 283.2587890625, 283.24365234375, 283.2286376953125, 283.2125244140625, 283.1961669921875, 283.178466796875, 283.1583251953125, 283.1402587890625, 283.1229248046875, 283.1060791015625, 283.0888671875, 283.0775146484375, 283.0596923828125, 283.0377197265625, 283.025390625, 283.0072021484375, 282.9930419921875, 282.9747314453125, 282.9580078125, 282.9398193359375, 282.9239501953125, 282.9058837890625, 282.8955078125, 282.8753662109375, 282.8538818359375, 282.8399658203125, 282.8251953125, 282.8056640625, 282.7960205078125, 282.777099609375, 282.7532958984375, 282.7388916015625, 282.7254638671875, 282.7120361328125, 282.689697265625, 282.67529296875, 282.6556396484375, 282.6409912109375, 282.626220703125, 282.605224609375, 282.5889892578125, 282.5777587890625, 282.5582275390625, 282.543212890625, 282.5289306640625, 282.504638671875, 282.494140625, 282.4765625, 282.458984375, 282.4447021484375, 282.427490234375, 282.4117431640625, 282.3934326171875, 282.3753662109375, 282.3599853515625, 282.3419189453125, 282.3314208984375, 282.310302734375, 282.296875, 282.2801513671875, 282.2645263671875, 282.243896484375, 282.2335205078125, 282.2186279296875, 282.1993408203125, 282.183349609375, 282.1676025390625, 282.15625, 282.13232421875, 282.12060546875, 282.107177734375, 282.0919189453125, 282.0689697265625, 282.05322265625, 282.0426025390625, 282.0250244140625, 282.011474609375, 281.990966796875, 281.9754638671875, 281.9561767578125, 281.9375, 281.9281005859375, 281.9136962890625, 281.896728515625, 281.879638671875, 281.8623046875, 281.8511962890625, 281.836181640625, 281.8211669921875, 281.7991943359375, 281.79052734375, 281.774658203125, 281.7548828125, 281.73681640625, 281.7237548828125, 281.710693359375, 281.69189453125, 281.6744384765625, 281.6605224609375, 281.6429443359375, 281.62939453125, 281.6123046875, 281.5986328125, 281.5845947265625, 281.5675048828125, 281.551025390625, 281.5408935546875, 281.5216064453125, 281.5028076171875, 281.4893798828125, 281.4742431640625, 281.4622802734375, 281.444091796875, 281.4266357421875, 281.407470703125, 281.397705078125, 281.3853759765625, 281.3670654296875, 281.3529052734375, 281.3359375, 281.3243408203125, 281.310791015625, 281.2974853515625, 281.2789306640625, 281.2645263671875, 281.2503662109375, 281.232421875, 281.220703125, 281.2001953125, 281.1856689453125, 281.17578125, 281.1568603515625, 281.1412353515625, 281.1278076171875, 281.1170654296875, 281.0994873046875, 281.0836181640625, 281.06689453125, 281.0587158203125, 281.0418701171875, 281.0277099609375, 281.0142822265625, 280.9954833984375, 280.9781494140625, 280.9649658203125, 280.9527587890625, 280.93603515625, 280.9224853515625, 280.9102783203125, 280.89599609375, 280.8795166015625, 280.8656005859375, 280.845703125, 280.8353271484375, 280.8203125, 280.802001953125, 280.793701171875, 280.780517578125, 280.761474609375, 280.7506103515625, 280.7381591796875, 280.7166748046875, 280.6990966796875, 280.6900634765625, 280.6771240234375, 280.6619873046875, 280.650146484375, 280.6300048828125, 280.6187744140625, 280.6038818359375, 280.5921630859375, 280.576904296875, 280.5626220703125, 280.5482177734375, 280.5316162109375, 280.518798828125, 280.5045166015625, 280.495849609375, 280.48193359375, 280.469482421875, 280.4498291015625, 280.4364013671875, 280.421142578125, 280.4110107421875, 280.3958740234375, 280.38232421875, 280.367919921875, 280.3472900390625, 280.339599609375, 280.3255615234375, 280.312255859375, 280.2960205078125, 280.27978515625, 280.2718505859375, 280.2572021484375, 280.2469482421875, 280.2303466796875, 280.21826171875, 280.20361328125, 280.1905517578125, 280.173095703125, 280.1558837890625, 280.1478271484375, 280.1309814453125, 280.123779296875, 280.1065673828125, 280.0958251953125, 280.079833984375, 280.065673828125, 280.0523681640625, 280.0462646484375, 280.024658203125, 280.017578125, 279.9986572265625, 279.9918212890625, 279.9774169921875, 279.959716796875, 279.94775390625, 279.9315185546875, 279.916748046875, 279.901611328125, 279.8892822265625, 279.8824462890625, 279.8670654296875, 279.853271484375, 279.8446044921875, 279.822021484375, 279.8101806640625, 279.7952880859375, 279.7867431640625, 279.7742919921875, 279.7557373046875, 279.7445068359375, 279.736572265625, 279.721923828125, 279.7109375, 279.6964111328125, 279.683349609375, 279.6756591796875, 279.6600341796875, 279.6455078125, 279.6319580078125, 279.6185302734375, 279.607666015625, 279.5985107421875, 279.5765380859375, 279.5684814453125, 279.5587158203125, 279.5396728515625, 279.531982421875, 279.5145263671875, 279.5006103515625, 279.4888916015625, 279.4718017578125, 279.46240234375, 279.4537353515625, 279.4425048828125, 279.4287109375, 279.4139404296875, 279.3995361328125, 279.3868408203125, 279.3760986328125, 279.3619384765625, 279.35009765625, 279.337646484375, 279.328857421875, 279.3109130859375, 279.2930908203125, 279.2818603515625, 279.2750244140625, 279.2572021484375, 279.2432861328125, 279.2376708984375, 279.2237548828125, 279.2132568359375, 279.1988525390625, 279.18603515625, 279.1759033203125, 279.1593017578125, 279.147705078125, 279.135009765625, 279.1275634765625, 279.114990234375, 279.1021728515625, 279.0836181640625, 279.071533203125, 279.0645751953125, 279.0496826171875, 279.0413818359375, 279.0213623046875, 279.014404296875, 279.0006103515625, 278.9814453125, 278.97412109375, 278.954833984375, 278.9498291015625, 278.936279296875, 278.919921875, 278.9173583984375, 278.8978271484375, 278.88720703125, 278.87841796875, 278.8609619140625, 278.8551025390625, 278.840087890625, 278.828369140625, 278.814453125, 278.8006591796875, 278.7926025390625, 278.7850341796875, 278.7626953125, 278.7568359375, 278.7413330078125, 278.726318359375, 278.7159423828125, 278.7049560546875, 278.6939697265625, 278.6800537109375, 278.6702880859375, 278.6605224609375, 278.6456298828125, 278.6297607421875, 278.615966796875, 278.611328125, 278.5948486328125, 278.5894775390625, 278.571044921875, 278.5609130859375, 278.5423583984375, 278.527587890625, 278.523193359375, 278.5107421875, 278.501953125, 278.48486328125, 278.4820556640625, 278.4608154296875, 278.4476318359375, 278.4315185546875, 278.423583984375, 278.412841796875, 278.393798828125, 278.390869140625, 278.3717041015625, 278.3642578125, 278.3526611328125, 278.3428955078125, 278.3355712890625, 278.3172607421875, 278.2998046875, 278.2891845703125, 278.2779541015625, 278.2691650390625, 278.258056640625, 278.2406005859375, 278.232666015625, 278.2215576171875, 278.2073974609375, 278.1939697265625, 278.1944580078125, 278.1751708984375, 278.1591796875, 278.14794921875, 278.1378173828125, 278.1248779296875, 278.1187744140625, 278.108642578125, 278.0858154296875, 278.0799560546875, 278.0614013671875, 278.05224609375, 278.0447998046875, 278.0323486328125, 278.01416015625, 278.0079345703125, 277.9935302734375, 277.976806640625, 277.9779052734375, 277.9671630859375, 277.9595947265625, 277.93017578125, 277.9317626953125, 277.9163818359375, 277.89208984375, 277.8916015625, 277.8780517578125, 277.8690185546875, 277.8526611328125, 277.831787109375, 277.8255615234375, 277.8135986328125, 277.7955322265625, 277.7977294921875, 277.7742919921875, 277.7696533203125, 277.7657470703125, 277.7445068359375, 277.7489013671875, 277.73388671875, 277.7139892578125, 277.712158203125, 277.689697265625, 277.6761474609375, 277.66357421875, 277.6483154296875, 277.64306640625, 277.6287841796875, 277.6285400390625, 277.6004638671875, 277.5833740234375, 277.5831298828125, 277.564208984375, 277.5601806640625, 277.5509033203125, 277.53125, 277.5198974609375, 277.5196533203125, 277.502685546875, 277.494140625, 277.4671630859375, 277.453857421875, 277.4493408203125, 277.435302734375, 277.4415283203125, 277.4124755859375, 277.3995361328125, 277.387451171875, 277.3814697265625, 277.3717041015625, 277.3553466796875, 277.3536376953125, 277.330322265625, 277.3321533203125, 277.3101806640625, 277.3082275390625, 277.2952880859375, 277.293701171875, 277.280029296875, 277.2681884765625, 277.2440185546875, 277.23681640625, 277.2293701171875, 277.2020263671875, 277.1820068359375, 277.1807861328125, 277.17236328125, 277.1591796875, 277.1529541015625, 277.1312255859375, 277.1319580078125, 277.1180419921875, 277.093994140625, 277.09228515625, 277.0697021484375, 277.06494140625, 277.05810546875, 277.0413818359375, 277.01953125, 277.02197265625, 277.0052490234375, 277.00830078125, 276.988525390625, 276.979736328125, 276.961181640625, 276.9515380859375, 276.9412841796875, 276.9342041015625, 276.91845703125, 276.8980712890625, 276.8828125, 276.869873046875, 276.8736572265625, 276.8616943359375, 276.8472900390625, 276.8316650390625, 276.821533203125, 276.8173828125, 276.7890625, 276.7899169921875, 276.7880859375, 276.7757568359375, 276.7606201171875, 276.742431640625, 276.7264404296875, 276.7156982421875, 276.7103271484375, 276.697998046875, 276.68896484375, 276.66650390625, 276.6627197265625, 276.6524658203125, 276.6419677734375, 276.6202392578125, 276.6190185546875, 276.6099853515625, 276.5999755859375, 276.572265625, 276.5714111328125, 276.5633544921875, 276.5533447265625, 276.5362548828125, 276.526123046875, 276.5048828125, 276.4912109375, 276.488037109375, 276.465087890625, 276.4739990234375, 276.4608154296875, 276.4559326171875, 276.4398193359375, 276.4298095703125, 276.4156494140625, 276.4034423828125, 276.3934326171875, 276.3792724609375, 276.3714599609375, 276.3431396484375, 276.34716796875, 276.3291015625, 276.3145751953125, 276.3104248046875, 276.294189453125, 276.29345703125, 276.2611083984375, 276.2601318359375, 276.2476806640625, 276.2425537109375, 276.2276611328125, 276.2120361328125, 276.1990966796875, 276.1898193359375, 276.1773681640625, 276.1641845703125, 276.150390625, 276.1419677734375, 276.1390380859375, 276.1119384765625, 276.1129150390625, 276.10009765625, 276.0904541015625, 276.0794677734375, 276.0762939453125, 276.056396484375, 276.0421142578125, 276.0343017578125, 276.0194091796875, 276.00439453125, 275.9990234375, 275.9803466796875, 275.971435546875, 275.9578857421875, 275.9603271484375, 275.9427490234375, 275.918701171875, 275.9205322265625, 275.9052734375, 275.8980712890625, 275.8804931640625, 275.8726806640625, 275.8717041015625, 275.840087890625, 275.822509765625, 275.8262939453125, 275.8099365234375, 275.7962646484375, 275.7977294921875, 275.7705078125, 275.7742919921875, 275.7611083984375, 275.749755859375, 275.740234375, 275.7274169921875, 275.7081298828125, 275.707275390625, 275.69970703125, 275.6820068359375, 275.6702880859375, 275.6610107421875, 275.64599609375, 275.630126953125, 275.626708984375, 275.6171875, 275.5970458984375, 275.5968017578125, 275.5743408203125, 275.5606689453125, 275.5467529296875, 275.53076171875, 275.5361328125, 275.5147705078125, 275.50244140625, 275.5091552734375, 275.4981689453125, 275.4755859375, 275.4742431640625, 275.4591064453125, 275.4388427734375, 275.430908203125, 275.41650390625, 275.4027099609375, 275.3953857421875, 275.3809814453125, 275.3680419921875, 275.3616943359375, 275.350830078125, 275.3431396484375, 275.3280029296875, 275.3157958984375, 275.30078125, 275.2991943359375, 275.2747802734375, 275.2625732421875, 275.25927734375, 275.2509765625, 275.2359619140625, 275.220458984375, 275.2164306640625, 275.2110595703125, 275.17822265625, 275.177001953125, 275.169189453125, 275.154541015625, 275.14013671875, 275.1497802734375, 275.128662109375, 275.1097412109375, 275.111328125, 275.083740234375, 275.0733642578125, 275.0616455078125, 275.0616455078125, 275.0469970703125, 275.0367431640625, 275.0338134765625, 275.012451171875, 275.0006103515625, 274.9942626953125, 274.9854736328125, 274.9775390625, 274.9534912109375, 274.958740234375, 274.9368896484375, 274.9271240234375, 274.9193115234375, 274.8944091796875, 274.89306640625, 274.8785400390625, 274.8653564453125, 274.8603515625, 274.8504638671875, 274.8228759765625, 274.8201904296875, 274.8155517578125, 274.792236328125, 274.77392578125, 274.7855224609375, 274.779541015625, 274.7596435546875, 274.7568359375, 274.729248046875, 274.710693359375, 274.7113037109375, 274.6964111328125, 274.6856689453125, 274.68505859375, 274.663818359375, 274.65966796875, 274.6571044921875, 274.6488037109375, 274.6339111328125, 274.6241455078125, 274.6192626953125, 274.5985107421875, 274.5885009765625, 274.5775146484375, 274.5677490234375, 274.547607421875, 274.530517578125, 274.5230712890625, 274.52197265625, 274.5091552734375, 274.4903564453125, 274.4805908203125, 274.4559326171875, 274.441162109375, 274.4517822265625, 274.4410400390625, 274.4149169921875, 274.427978515625, 274.4056396484375, 274.4002685546875, 274.38134765625, 274.3541259765625, 274.340576171875, 274.3155517578125, 274.318603515625, 274.311279296875, 274.302978515625, 274.2882080078125, 274.2835693359375, 274.2724609375, 274.2476806640625, 274.245361328125, 274.2286376953125, 274.2376708984375, 274.204833984375, 274.1947021484375, 274.17333984375, 274.1964111328125, 274.1754150390625, 274.14892578125, 274.1390380859375, 274.12744140625, 274.110595703125, 274.1153564453125, 274.1009521484375, 274.0975341796875, 274.0806884765625, 274.0750732421875, 274.0654296875, 274.0623779296875, 274.0340576171875, 274.01904296875, 274.012939453125, 273.9891357421875, 273.9630126953125, 273.9476318359375, 273.9390869140625, 273.9473876953125, 273.9344482421875, 273.9373779296875, 273.9090576171875, 273.9083251953125, 273.8883056640625, 273.884033203125, 273.868896484375, 273.85400390625, 273.8372802734375, 273.830810546875, 273.8057861328125, 273.8162841796875, 273.80126953125, 273.7982177734375, 273.7874755859375, 273.765380859375, 273.7518310546875, 273.7501220703125, 273.7635498046875, 273.724609375, 273.694580078125, 273.7105712890625, 273.6854248046875, 273.6693115234375, 273.6505126953125, 273.6561279296875, 273.6478271484375, 273.643310546875, 273.6256103515625, 273.6278076171875, 273.6165771484375, 273.6015625, 273.5755615234375, 273.5706787109375, 273.54248046875, 273.5384521484375, 273.53076171875, 273.50732421875, 273.4925537109375, 273.47509765625, 273.459228515625, 273.4561767578125, 273.4434814453125, 273.43212890625, 273.4254150390625, 273.412353515625, 273.3831787109375, 273.3712158203125, 273.3731689453125, 273.370361328125, 273.3262939453125, 273.31787109375, 273.2977294921875, 273.3031005859375, 273.3023681640625, 273.2735595703125, 273.2490234375, 273.2452392578125, 273.24560546875, 273.2301025390625, 273.2225341796875, 273.2232666015625, 273.1888427734375, 273.1566162109375, 273.1488037109375, 273.1671142578125, 273.1524658203125, 273.1375732421875, 273.1376953125, 273.1204833984375, 273.0863037109375, 273.0650634765625, 273.0660400390625, 273.0592041015625, 273.0452880859375, 273.0335693359375, 273.031982421875, 273.0252685546875, 272.991455078125, 272.9910888671875, 272.9573974609375, 272.9757080078125, 272.950927734375, 272.9190673828125, 272.91064453125, 272.8924560546875, 272.8580322265625, 272.85400390625, 272.840087890625, 272.831787109375, 272.8218994140625, 272.8154296875, 272.7801513671875, 272.7918701171875, 272.7830810546875, 272.7913818359375, 272.763916015625, 272.756591796875, 272.72314453125, 272.7205810546875, 272.7020263671875, 272.7109375, 272.6650390625, 272.6529541015625, 272.64013671875, 272.6341552734375, 272.631103515625, 272.6124267578125, 272.5858154296875, 272.5992431640625, 272.55615234375, 272.5394287109375, 272.5284423828125, 272.5006103515625, 272.4945068359375, 272.470458984375, 272.4666748046875, 272.4569091796875, 272.4332275390625, 272.4051513671875, 272.385986328125, 272.3575439453125, 272.373779296875, 272.3619384765625, 272.3287353515625, 272.320068359375, 272.3082275390625, 272.2974853515625, 272.279541015625, 272.2425537109375, 272.2462158203125]}
Warning: Cholesky failed, using eigendecomposition fallback
{'mse': 0.0774938091635704, 'rmse': 0.27837708592414856, 'test_ll': -1015954.625, 'total_test_ll': -25398865920.0}
/cluster/tufts/hugheslab/swilli26/stat-patt-final/gp_vs_sngp/results/hyperparam_search/GP/Friedman_1500_7001/logs
/cluster/tufts/hugheslab/swilli26/stat-patt-final/gp_vs_sngp/results/hyperparam_search/logs/GP_VS_SNGP_25028915.out
/cluster/tufts/hugheslab/swilli26/stat-patt-final/gp_vs_sngp/results/hyperparam_search/logs/GP_VS_SNGP_25028915.err
