Starting imports...
Importing argparse...
Importing torch...
Importing os...
Importing sngp.train and sngp.model...
Importing gaussian_process...
Importing dataset...
Importing json...
ALL IMPORTS COMPLETE!
Parsing arguments...
Arguments parsed! Running GP on CrazySin with N=1500
Checking CUDA availability...
Using CPU
Making Datasets...
Making Model...
Training Gaussian Process...
Iter   0 | Loss: 17690.125 | lengthscale: 0.990 | outputscale: 1.010 | noise: 0.202
Iter  10 | Loss: 14294.817 | lengthscale: 0.895 | outputscale: 1.117 | noise: 0.223
Iter  20 | Loss: 11548.229 | lengthscale: 0.805 | outputscale: 1.239 | noise: 0.245
Iter  30 | Loss: 9084.561 | lengthscale: 0.714 | outputscale: 1.388 | noise: 0.267
Iter  40 | Loss: 5938.961 | lengthscale: 0.622 | outputscale: 1.587 | noise: 0.287
Iter  50 | Loss: 3840.944 | lengthscale: 0.543 | outputscale: 1.811 | noise: 0.303
Iter  60 | Loss: 2928.178 | lengthscale: 0.491 | outputscale: 2.001 | noise: 0.315
Iter  70 | Loss: 1761.940 | lengthscale: 0.444 | outputscale: 2.191 | noise: 0.323
Iter  80 | Loss:  440.862 | lengthscale: 0.396 | outputscale: 2.426 | noise: 0.327
Iter  90 | Loss:   42.034 | lengthscale: 0.364 | outputscale: 2.628 | noise: 0.327
Iter 100 | Loss:  -49.099 | lengthscale: 0.348 | outputscale: 2.756 | noise: 0.326
Iter 110 | Loss:  -85.389 | lengthscale: 0.339 | outputscale: 2.833 | noise: 0.323
Iter 120 | Loss: -108.578 | lengthscale: 0.334 | outputscale: 2.883 | noise: 0.320
Iter 130 | Loss: -127.751 | lengthscale: 0.331 | outputscale: 2.920 | noise: 0.317
Iter 140 | Loss: -145.515 | lengthscale: 0.328 | outputscale: 2.950 | noise: 0.314
Iter 150 | Loss: -162.770 | lengthscale: 0.326 | outputscale: 2.976 | noise: 0.310
Iter 160 | Loss: -179.869 | lengthscale: 0.324 | outputscale: 3.000 | noise: 0.307
Iter 170 | Loss: -196.983 | lengthscale: 0.322 | outputscale: 3.022 | noise: 0.303
Iter 180 | Loss: -214.182 | lengthscale: 0.320 | outputscale: 3.043 | noise: 0.300
Iter 190 | Loss: -231.514 | lengthscale: 0.319 | outputscale: 3.062 | noise: 0.296
Iter 200 | Loss: -249.002 | lengthscale: 0.317 | outputscale: 3.080 | noise: 0.293
Iter 210 | Loss: -266.661 | lengthscale: 0.316 | outputscale: 3.098 | noise: 0.289
Iter 220 | Loss: -284.503 | lengthscale: 0.315 | outputscale: 3.114 | noise: 0.285
Iter 230 | Loss: -302.521 | lengthscale: 0.314 | outputscale: 3.130 | noise: 0.281
Iter 240 | Loss: -320.727 | lengthscale: 0.313 | outputscale: 3.145 | noise: 0.278
Iter 250 | Loss: -339.111 | lengthscale: 0.311 | outputscale: 3.159 | noise: 0.274
Iter 260 | Loss: -357.659 | lengthscale: 0.310 | outputscale: 3.173 | noise: 0.270
Iter 270 | Loss: -376.374 | lengthscale: 0.309 | outputscale: 3.185 | noise: 0.266
Iter 280 | Loss: -395.243 | lengthscale: 0.308 | outputscale: 3.197 | noise: 0.262
Iter 290 | Loss: -414.261 | lengthscale: 0.308 | outputscale: 3.209 | noise: 0.258
Iter 300 | Loss: -433.410 | lengthscale: 0.307 | outputscale: 3.219 | noise: 0.255
Iter 310 | Loss: -452.667 | lengthscale: 0.306 | outputscale: 3.230 | noise: 0.251
Iter 320 | Loss: -472.031 | lengthscale: 0.305 | outputscale: 3.239 | noise: 0.247
Iter 330 | Loss: -491.491 | lengthscale: 0.304 | outputscale: 3.249 | noise: 0.243
Iter 340 | Loss: -511.012 | lengthscale: 0.304 | outputscale: 3.257 | noise: 0.239
Iter 350 | Loss: -530.600 | lengthscale: 0.303 | outputscale: 3.265 | noise: 0.236
Iter 360 | Loss: -550.216 | lengthscale: 0.302 | outputscale: 3.273 | noise: 0.232
Iter 370 | Loss: -569.858 | lengthscale: 0.302 | outputscale: 3.280 | noise: 0.228
Iter 380 | Loss: -589.507 | lengthscale: 0.301 | outputscale: 3.287 | noise: 0.224
Iter 390 | Loss: -609.131 | lengthscale: 0.301 | outputscale: 3.293 | noise: 0.221
Iter 400 | Loss: -628.722 | lengthscale: 0.300 | outputscale: 3.299 | noise: 0.217
Iter 410 | Loss: -648.255 | lengthscale: 0.300 | outputscale: 3.304 | noise: 0.213
Iter 420 | Loss: -667.709 | lengthscale: 0.299 | outputscale: 3.309 | noise: 0.210
Iter 430 | Loss: -687.070 | lengthscale: 0.299 | outputscale: 3.314 | noise: 0.206
Iter 440 | Loss: -706.304 | lengthscale: 0.298 | outputscale: 3.318 | noise: 0.203
Iter 450 | Loss: -725.404 | lengthscale: 0.298 | outputscale: 3.322 | noise: 0.199
Iter 460 | Loss: -744.336 | lengthscale: 0.297 | outputscale: 3.326 | noise: 0.196
Iter 470 | Loss: -763.090 | lengthscale: 0.297 | outputscale: 3.329 | noise: 0.193
Iter 480 | Loss: -781.635 | lengthscale: 0.297 | outputscale: 3.332 | noise: 0.189
Iter 490 | Loss: -799.953 | lengthscale: 0.296 | outputscale: 3.335 | noise: 0.186
Iter 500 | Loss: -818.008 | lengthscale: 0.296 | outputscale: 3.337 | noise: 0.183
Iter 510 | Loss: -835.810 | lengthscale: 0.295 | outputscale: 3.339 | noise: 0.180
Iter 520 | Loss: -853.306 | lengthscale: 0.295 | outputscale: 3.341 | noise: 0.177
Iter 530 | Loss: -870.489 | lengthscale: 0.295 | outputscale: 3.343 | noise: 0.174
Iter 540 | Loss: -887.331 | lengthscale: 0.295 | outputscale: 3.344 | noise: 0.171
Iter 550 | Loss: -903.824 | lengthscale: 0.294 | outputscale: 3.345 | noise: 0.168
Iter 560 | Loss: -919.939 | lengthscale: 0.294 | outputscale: 3.346 | noise: 0.165
Iter 570 | Loss: -935.630 | lengthscale: 0.294 | outputscale: 3.346 | noise: 0.163
Iter 580 | Loss: -950.927 | lengthscale: 0.294 | outputscale: 3.347 | noise: 0.160
Iter 590 | Loss: -965.813 | lengthscale: 0.293 | outputscale: 3.347 | noise: 0.157
Iter 600 | Loss: -980.231 | lengthscale: 0.293 | outputscale: 3.347 | noise: 0.155
Iter 610 | Loss: -994.186 | lengthscale: 0.293 | outputscale: 3.346 | noise: 0.152
Iter 620 | Loss: -1007.671 | lengthscale: 0.293 | outputscale: 3.346 | noise: 0.150
Iter 630 | Loss: -1020.691 | lengthscale: 0.292 | outputscale: 3.345 | noise: 0.148
Iter 640 | Loss: -1033.205 | lengthscale: 0.292 | outputscale: 3.344 | noise: 0.145
Iter 650 | Loss: -1045.229 | lengthscale: 0.292 | outputscale: 3.343 | noise: 0.143
Iter 660 | Loss: -1056.713 | lengthscale: 0.292 | outputscale: 3.342 | noise: 0.141
Iter 670 | Loss: -1067.642 | lengthscale: 0.292 | outputscale: 3.341 | noise: 0.139
Iter 680 | Loss: -1078.144 | lengthscale: 0.292 | outputscale: 3.339 | noise: 0.137
Iter 690 | Loss: -1088.078 | lengthscale: 0.291 | outputscale: 3.337 | noise: 0.135
Iter 700 | Loss: -1097.512 | lengthscale: 0.291 | outputscale: 3.336 | noise: 0.133
Iter 710 | Loss: -1106.423 | lengthscale: 0.291 | outputscale: 3.334 | noise: 0.131
Iter 720 | Loss: -1114.852 | lengthscale: 0.291 | outputscale: 3.332 | noise: 0.130
Iter 730 | Loss: -1122.762 | lengthscale: 0.291 | outputscale: 3.329 | noise: 0.128
Iter 740 | Loss: -1130.208 | lengthscale: 0.291 | outputscale: 3.327 | noise: 0.126
Iter 750 | Loss: -1137.121 | lengthscale: 0.290 | outputscale: 3.325 | noise: 0.125
Iter 760 | Loss: -1143.640 | lengthscale: 0.290 | outputscale: 3.322 | noise: 0.123
Iter 770 | Loss: -1149.635 | lengthscale: 0.290 | outputscale: 3.320 | noise: 0.122
Iter 780 | Loss: -1155.237 | lengthscale: 0.290 | outputscale: 3.317 | noise: 0.120
Iter 790 | Loss: -1160.410 | lengthscale: 0.290 | outputscale: 3.314 | noise: 0.119
Iter 800 | Loss: -1165.188 | lengthscale: 0.290 | outputscale: 3.311 | noise: 0.118
Iter 810 | Loss: -1169.577 | lengthscale: 0.290 | outputscale: 3.308 | noise: 0.117
Iter 820 | Loss: -1173.516 | lengthscale: 0.290 | outputscale: 3.305 | noise: 0.116
Iter 830 | Loss: -1177.222 | lengthscale: 0.290 | outputscale: 3.302 | noise: 0.115
Iter 840 | Loss: -1180.542 | lengthscale: 0.289 | outputscale: 3.299 | noise: 0.114
Iter 850 | Loss: -1183.603 | lengthscale: 0.289 | outputscale: 3.295 | noise: 0.113
Iter 860 | Loss: -1186.406 | lengthscale: 0.289 | outputscale: 3.292 | noise: 0.112
Iter 870 | Loss: -1188.862 | lengthscale: 0.289 | outputscale: 3.288 | noise: 0.111
Iter 880 | Loss: -1191.098 | lengthscale: 0.289 | outputscale: 3.285 | noise: 0.110
Iter 890 | Loss: -1193.087 | lengthscale: 0.289 | outputscale: 3.281 | noise: 0.109
Iter 900 | Loss: -1194.860 | lengthscale: 0.289 | outputscale: 3.277 | noise: 0.108
Iter 910 | Loss: -1196.546 | lengthscale: 0.289 | outputscale: 3.274 | noise: 0.108
Iter 920 | Loss: -1197.921 | lengthscale: 0.288 | outputscale: 3.270 | noise: 0.107
Iter 930 | Loss: -1199.195 | lengthscale: 0.288 | outputscale: 3.266 | noise: 0.107
Iter 940 | Loss: -1200.347 | lengthscale: 0.288 | outputscale: 3.262 | noise: 0.106
Iter 950 | Loss: -1201.338 | lengthscale: 0.288 | outputscale: 3.258 | noise: 0.105
Iter 960 | Loss: -1202.239 | lengthscale: 0.288 | outputscale: 3.254 | noise: 0.105
Iter 970 | Loss: -1202.997 | lengthscale: 0.288 | outputscale: 3.249 | noise: 0.104
Iter 980 | Loss: -1203.626 | lengthscale: 0.288 | outputscale: 3.245 | noise: 0.104
Iter 990 | Loss: -1204.230 | lengthscale: 0.288 | outputscale: 3.241 | noise: 0.104
Iter 1000 | Loss: -1204.710 | lengthscale: 0.288 | outputscale: 3.237 | noise: 0.103
Iter 1010 | Loss: -1205.167 | lengthscale: 0.288 | outputscale: 3.232 | noise: 0.103
Iter 1020 | Loss: -1205.630 | lengthscale: 0.287 | outputscale: 3.228 | noise: 0.102
Iter 1030 | Loss: -1205.803 | lengthscale: 0.287 | outputscale: 3.224 | noise: 0.102
Iter 1040 | Loss: -1206.226 | lengthscale: 0.287 | outputscale: 3.219 | noise: 0.102
Iter 1050 | Loss: -1206.480 | lengthscale: 0.287 | outputscale: 3.215 | noise: 0.102
Iter 1060 | Loss: -1206.653 | lengthscale: 0.287 | outputscale: 3.210 | noise: 0.101
Iter 1070 | Loss: -1206.846 | lengthscale: 0.287 | outputscale: 3.206 | noise: 0.101
Iter 1080 | Loss: -1207.057 | lengthscale: 0.287 | outputscale: 3.201 | noise: 0.101
Iter 1090 | Loss: -1207.191 | lengthscale: 0.287 | outputscale: 3.197 | noise: 0.101
Iter 1100 | Loss: -1207.260 | lengthscale: 0.286 | outputscale: 3.192 | noise: 0.101
Iter 1110 | Loss: -1207.314 | lengthscale: 0.286 | outputscale: 3.187 | noise: 0.100
Iter 1120 | Loss: -1207.427 | lengthscale: 0.286 | outputscale: 3.182 | noise: 0.100
Iter 1130 | Loss: -1207.485 | lengthscale: 0.286 | outputscale: 3.178 | noise: 0.100
Iter 1140 | Loss: -1207.620 | lengthscale: 0.286 | outputscale: 3.173 | noise: 0.100
Iter 1150 | Loss: -1207.751 | lengthscale: 0.286 | outputscale: 3.168 | noise: 0.100
Iter 1160 | Loss: -1207.788 | lengthscale: 0.286 | outputscale: 3.163 | noise: 0.100
Iter 1170 | Loss: -1207.740 | lengthscale: 0.286 | outputscale: 3.158 | noise: 0.100
Iter 1180 | Loss: -1207.718 | lengthscale: 0.286 | outputscale: 3.153 | noise: 0.099
Iter 1190 | Loss: -1207.765 | lengthscale: 0.285 | outputscale: 3.148 | noise: 0.099
Iter 1200 | Loss: -1207.862 | lengthscale: 0.285 | outputscale: 3.143 | noise: 0.099
Iter 1210 | Loss: -1207.878 | lengthscale: 0.285 | outputscale: 3.139 | noise: 0.099
Iter 1220 | Loss: -1207.822 | lengthscale: 0.285 | outputscale: 3.134 | noise: 0.099
Iter 1230 | Loss: -1207.841 | lengthscale: 0.285 | outputscale: 3.129 | noise: 0.099
Iter 1240 | Loss: -1207.890 | lengthscale: 0.285 | outputscale: 3.125 | noise: 0.099
Iter 1250 | Loss: -1207.905 | lengthscale: 0.285 | outputscale: 3.120 | noise: 0.099
Iter 1260 | Loss: -1207.977 | lengthscale: 0.285 | outputscale: 3.115 | noise: 0.099
Iter 1270 | Loss: -1207.984 | lengthscale: 0.285 | outputscale: 3.110 | noise: 0.099
Iter 1280 | Loss: -1208.036 | lengthscale: 0.284 | outputscale: 3.105 | noise: 0.099
Iter 1290 | Loss: -1208.040 | lengthscale: 0.284 | outputscale: 3.100 | noise: 0.099
Iter 1300 | Loss: -1208.012 | lengthscale: 0.284 | outputscale: 3.095 | noise: 0.099
Iter 1310 | Loss: -1207.953 | lengthscale: 0.284 | outputscale: 3.090 | noise: 0.099
Iter 1320 | Loss: -1208.075 | lengthscale: 0.284 | outputscale: 3.085 | noise: 0.099
Iter 1330 | Loss: -1208.008 | lengthscale: 0.284 | outputscale: 3.080 | noise: 0.099
Iter 1340 | Loss: -1208.015 | lengthscale: 0.284 | outputscale: 3.075 | noise: 0.099
Iter 1350 | Loss: -1208.042 | lengthscale: 0.284 | outputscale: 3.070 | noise: 0.099
Iter 1360 | Loss: -1208.076 | lengthscale: 0.284 | outputscale: 3.065 | noise: 0.099
Iter 1370 | Loss: -1208.088 | lengthscale: 0.283 | outputscale: 3.060 | noise: 0.099
Iter 1380 | Loss: -1208.043 | lengthscale: 0.283 | outputscale: 3.055 | noise: 0.099
Iter 1390 | Loss: -1208.101 | lengthscale: 0.283 | outputscale: 3.050 | noise: 0.099
Iter 1400 | Loss: -1208.084 | lengthscale: 0.283 | outputscale: 3.044 | noise: 0.099
Iter 1410 | Loss: -1208.118 | lengthscale: 0.283 | outputscale: 3.039 | noise: 0.099
Iter 1420 | Loss: -1208.136 | lengthscale: 0.283 | outputscale: 3.034 | noise: 0.099
Iter 1430 | Loss: -1208.193 | lengthscale: 0.283 | outputscale: 3.029 | noise: 0.099
Iter 1440 | Loss: -1208.094 | lengthscale: 0.283 | outputscale: 3.023 | noise: 0.099
Iter 1450 | Loss: -1208.193 | lengthscale: 0.282 | outputscale: 3.018 | noise: 0.099
Iter 1460 | Loss: -1208.288 | lengthscale: 0.282 | outputscale: 3.013 | noise: 0.099
Iter 1470 | Loss: -1208.217 | lengthscale: 0.282 | outputscale: 3.008 | noise: 0.099
Iter 1480 | Loss: -1208.206 | lengthscale: 0.282 | outputscale: 3.003 | noise: 0.099
Iter 1490 | Loss: -1208.186 | lengthscale: 0.282 | outputscale: 2.998 | noise: 0.099
Iter 1500 | Loss: -1208.190 | lengthscale: 0.282 | outputscale: 2.993 | noise: 0.099
Iter 1510 | Loss: -1208.215 | lengthscale: 0.282 | outputscale: 2.987 | noise: 0.099
Iter 1520 | Loss: -1208.161 | lengthscale: 0.282 | outputscale: 2.982 | noise: 0.099
Iter 1530 | Loss: -1208.193 | lengthscale: 0.282 | outputscale: 2.977 | noise: 0.099
Iter 1540 | Loss: -1208.189 | lengthscale: 0.281 | outputscale: 2.972 | noise: 0.099
Iter 1550 | Loss: -1208.323 | lengthscale: 0.281 | outputscale: 2.967 | noise: 0.099
Iter 1560 | Loss: -1208.216 | lengthscale: 0.281 | outputscale: 2.962 | noise: 0.099
Iter 1570 | Loss: -1208.206 | lengthscale: 0.281 | outputscale: 2.957 | noise: 0.099
Iter 1580 | Loss: -1208.186 | lengthscale: 0.281 | outputscale: 2.951 | noise: 0.099
Iter 1590 | Loss: -1208.269 | lengthscale: 0.281 | outputscale: 2.946 | noise: 0.099
Iter 1600 | Loss: -1208.274 | lengthscale: 0.281 | outputscale: 2.941 | noise: 0.099
Iter 1610 | Loss: -1208.285 | lengthscale: 0.281 | outputscale: 2.936 | noise: 0.099
Iter 1620 | Loss: -1208.280 | lengthscale: 0.280 | outputscale: 2.931 | noise: 0.099
Iter 1630 | Loss: -1208.237 | lengthscale: 0.280 | outputscale: 2.926 | noise: 0.099
Iter 1640 | Loss: -1208.245 | lengthscale: 0.280 | outputscale: 2.921 | noise: 0.099
Iter 1650 | Loss: -1208.235 | lengthscale: 0.280 | outputscale: 2.917 | noise: 0.099
Iter 1660 | Loss: -1208.239 | lengthscale: 0.280 | outputscale: 2.912 | noise: 0.099
Iter 1670 | Loss: -1208.285 | lengthscale: 0.280 | outputscale: 2.907 | noise: 0.099
Iter 1680 | Loss: -1208.258 | lengthscale: 0.280 | outputscale: 2.902 | noise: 0.099
Iter 1690 | Loss: -1208.303 | lengthscale: 0.280 | outputscale: 2.897 | noise: 0.099
Iter 1700 | Loss: -1208.299 | lengthscale: 0.280 | outputscale: 2.892 | noise: 0.099
Iter 1710 | Loss: -1208.322 | lengthscale: 0.279 | outputscale: 2.887 | noise: 0.099
Iter 1720 | Loss: -1208.300 | lengthscale: 0.279 | outputscale: 2.882 | noise: 0.099
Iter 1730 | Loss: -1208.326 | lengthscale: 0.279 | outputscale: 2.877 | noise: 0.099
Iter 1740 | Loss: -1208.323 | lengthscale: 0.279 | outputscale: 2.872 | noise: 0.099
Iter 1750 | Loss: -1208.378 | lengthscale: 0.279 | outputscale: 2.868 | noise: 0.099
Iter 1760 | Loss: -1208.385 | lengthscale: 0.279 | outputscale: 2.863 | noise: 0.099
Iter 1770 | Loss: -1208.365 | lengthscale: 0.279 | outputscale: 2.858 | noise: 0.099
Iter 1780 | Loss: -1208.400 | lengthscale: 0.279 | outputscale: 2.853 | noise: 0.099
Iter 1790 | Loss: -1208.317 | lengthscale: 0.278 | outputscale: 2.848 | noise: 0.099
Iter 1800 | Loss: -1208.437 | lengthscale: 0.278 | outputscale: 2.843 | noise: 0.099
Iter 1810 | Loss: -1208.351 | lengthscale: 0.278 | outputscale: 2.838 | noise: 0.099
Iter 1820 | Loss: -1208.391 | lengthscale: 0.278 | outputscale: 2.834 | noise: 0.099
Iter 1830 | Loss: -1208.385 | lengthscale: 0.278 | outputscale: 2.829 | noise: 0.099
Iter 1840 | Loss: -1208.420 | lengthscale: 0.278 | outputscale: 2.824 | noise: 0.099
Iter 1850 | Loss: -1208.395 | lengthscale: 0.278 | outputscale: 2.819 | noise: 0.099
Iter 1860 | Loss: -1208.425 | lengthscale: 0.278 | outputscale: 2.814 | noise: 0.099
Iter 1870 | Loss: -1208.433 | lengthscale: 0.278 | outputscale: 2.809 | noise: 0.099
Iter 1880 | Loss: -1208.408 | lengthscale: 0.277 | outputscale: 2.805 | noise: 0.099
Iter 1890 | Loss: -1208.438 | lengthscale: 0.277 | outputscale: 2.800 | noise: 0.099
Iter 1900 | Loss: -1208.455 | lengthscale: 0.277 | outputscale: 2.795 | noise: 0.099
Iter 1910 | Loss: -1208.479 | lengthscale: 0.277 | outputscale: 2.790 | noise: 0.099
Iter 1920 | Loss: -1208.469 | lengthscale: 0.277 | outputscale: 2.786 | noise: 0.099
Iter 1930 | Loss: -1208.496 | lengthscale: 0.277 | outputscale: 2.781 | noise: 0.099
Iter 1940 | Loss: -1208.488 | lengthscale: 0.277 | outputscale: 2.777 | noise: 0.099
Iter 1950 | Loss: -1208.476 | lengthscale: 0.277 | outputscale: 2.773 | noise: 0.099
Iter 1960 | Loss: -1208.487 | lengthscale: 0.276 | outputscale: 2.768 | noise: 0.099
Iter 1970 | Loss: -1208.526 | lengthscale: 0.276 | outputscale: 2.764 | noise: 0.099
Iter 1980 | Loss: -1208.464 | lengthscale: 0.276 | outputscale: 2.759 | noise: 0.099
Iter 1990 | Loss: -1208.441 | lengthscale: 0.276 | outputscale: 2.755 | noise: 0.099
Iter 2000 | Loss: -1208.503 | lengthscale: 0.276 | outputscale: 2.750 | noise: 0.099
Iter 2010 | Loss: -1208.506 | lengthscale: 0.276 | outputscale: 2.746 | noise: 0.099
Iter 2020 | Loss: -1208.523 | lengthscale: 0.276 | outputscale: 2.741 | noise: 0.099
Iter 2030 | Loss: -1208.516 | lengthscale: 0.276 | outputscale: 2.737 | noise: 0.099
Iter 2040 | Loss: -1208.525 | lengthscale: 0.276 | outputscale: 2.732 | noise: 0.099
Iter 2050 | Loss: -1208.504 | lengthscale: 0.275 | outputscale: 2.728 | noise: 0.099
Iter 2060 | Loss: -1208.539 | lengthscale: 0.275 | outputscale: 2.724 | noise: 0.099
Iter 2070 | Loss: -1208.501 | lengthscale: 0.275 | outputscale: 2.719 | noise: 0.099
Iter 2080 | Loss: -1208.580 | lengthscale: 0.275 | outputscale: 2.715 | noise: 0.099
Iter 2090 | Loss: -1208.517 | lengthscale: 0.275 | outputscale: 2.710 | noise: 0.099
Iter 2100 | Loss: -1208.618 | lengthscale: 0.275 | outputscale: 2.706 | noise: 0.099
Iter 2110 | Loss: -1208.548 | lengthscale: 0.275 | outputscale: 2.701 | noise: 0.099
Iter 2120 | Loss: -1208.556 | lengthscale: 0.275 | outputscale: 2.697 | noise: 0.099
Iter 2130 | Loss: -1208.571 | lengthscale: 0.275 | outputscale: 2.693 | noise: 0.099
Iter 2140 | Loss: -1208.538 | lengthscale: 0.275 | outputscale: 2.689 | noise: 0.099
Iter 2150 | Loss: -1208.578 | lengthscale: 0.274 | outputscale: 2.684 | noise: 0.099
Iter 2160 | Loss: -1208.571 | lengthscale: 0.274 | outputscale: 2.680 | noise: 0.099
Iter 2170 | Loss: -1208.591 | lengthscale: 0.274 | outputscale: 2.676 | noise: 0.099
Iter 2180 | Loss: -1208.594 | lengthscale: 0.274 | outputscale: 2.672 | noise: 0.099
Iter 2190 | Loss: -1208.586 | lengthscale: 0.274 | outputscale: 2.668 | noise: 0.099
Iter 2200 | Loss: -1208.600 | lengthscale: 0.274 | outputscale: 2.664 | noise: 0.099
Iter 2210 | Loss: -1208.607 | lengthscale: 0.274 | outputscale: 2.660 | noise: 0.099
Iter 2220 | Loss: -1208.655 | lengthscale: 0.274 | outputscale: 2.656 | noise: 0.099
Iter 2230 | Loss: -1208.651 | lengthscale: 0.274 | outputscale: 2.652 | noise: 0.099
Iter 2240 | Loss: -1208.615 | lengthscale: 0.273 | outputscale: 2.648 | noise: 0.099
Iter 2250 | Loss: -1208.636 | lengthscale: 0.273 | outputscale: 2.644 | noise: 0.099
Iter 2260 | Loss: -1208.628 | lengthscale: 0.273 | outputscale: 2.640 | noise: 0.099
Iter 2270 | Loss: -1208.628 | lengthscale: 0.273 | outputscale: 2.636 | noise: 0.099
Iter 2280 | Loss: -1208.642 | lengthscale: 0.273 | outputscale: 2.632 | noise: 0.099
Iter 2290 | Loss: -1208.663 | lengthscale: 0.273 | outputscale: 2.628 | noise: 0.099
Iter 2300 | Loss: -1208.628 | lengthscale: 0.273 | outputscale: 2.624 | noise: 0.099
Iter 2310 | Loss: -1208.643 | lengthscale: 0.273 | outputscale: 2.620 | noise: 0.099
Iter 2320 | Loss: -1208.633 | lengthscale: 0.273 | outputscale: 2.616 | noise: 0.099
Iter 2330 | Loss: -1208.688 | lengthscale: 0.273 | outputscale: 2.612 | noise: 0.099
Iter 2340 | Loss: -1208.708 | lengthscale: 0.272 | outputscale: 2.609 | noise: 0.099
Iter 2350 | Loss: -1208.680 | lengthscale: 0.272 | outputscale: 2.605 | noise: 0.099
Iter 2360 | Loss: -1208.674 | lengthscale: 0.272 | outputscale: 2.601 | noise: 0.099
Iter 2370 | Loss: -1208.733 | lengthscale: 0.272 | outputscale: 2.598 | noise: 0.099
Iter 2380 | Loss: -1208.680 | lengthscale: 0.272 | outputscale: 2.594 | noise: 0.099
Iter 2390 | Loss: -1208.641 | lengthscale: 0.272 | outputscale: 2.590 | noise: 0.099
Iter 2400 | Loss: -1208.682 | lengthscale: 0.272 | outputscale: 2.587 | noise: 0.099
Iter 2410 | Loss: -1208.709 | lengthscale: 0.272 | outputscale: 2.583 | noise: 0.099
Iter 2420 | Loss: -1208.686 | lengthscale: 0.272 | outputscale: 2.579 | noise: 0.099
Iter 2430 | Loss: -1208.711 | lengthscale: 0.272 | outputscale: 2.576 | noise: 0.099
Iter 2440 | Loss: -1208.655 | lengthscale: 0.271 | outputscale: 2.572 | noise: 0.099
Iter 2450 | Loss: -1208.672 | lengthscale: 0.271 | outputscale: 2.569 | noise: 0.099
Iter 2460 | Loss: -1208.700 | lengthscale: 0.271 | outputscale: 2.565 | noise: 0.099
Iter 2470 | Loss: -1208.727 | lengthscale: 0.271 | outputscale: 2.562 | noise: 0.099
Iter 2480 | Loss: -1208.704 | lengthscale: 0.271 | outputscale: 2.558 | noise: 0.099
Iter 2490 | Loss: -1208.711 | lengthscale: 0.271 | outputscale: 2.555 | noise: 0.099
Iter 2499 | Loss: -1208.714 | lengthscale: 0.271 | outputscale: 2.552 | noise: 0.099
Learned Hyperparams:  {'lengthscale': 0.27088794112205505, 'outputscale': 2.5520832538604736, 'noise': 0.09852031618356705, 'marginal_likelihood_loss_history': [17690.125, 17316.02734375, 16950.845703125, 16594.056640625, 16245.1650390625, 15903.142578125, 15568.2119140625, 15240.0126953125, 14918.0244140625, 14603.0146484375, 14294.8173828125, 13993.45703125, 13698.0966796875, 13409.2392578125, 13126.58984375, 12849.775390625, 12578.779296875, 12313.189453125, 12053.3525390625, 11798.62890625, 11548.2294921875, 11301.7216796875, 11059.31640625, 10818.8359375, 10579.865234375, 10341.013671875, 10100.306640625, 9856.310546875, 9606.9716796875, 9350.359375, 9084.560546875, 8807.8623046875, 8519.470703125, 8217.9111328125, 7905.20263671875, 7583.01025390625, 7252.85595703125, 6918.7958984375, 6584.97412109375, 6256.99267578125, 5938.96142578125, 5635.75, 5350.890625, 5087.71533203125, 4847.1201171875, 4629.337890625, 4434.24609375, 4260.05126953125, 4104.6845703125, 3965.765625, 3840.9443359375, 3727.83984375, 3623.96875, 3527.43408203125, 3436.50634765625, 3349.368896484375, 3264.91650390625, 3181.68212890625, 3098.53466796875, 3014.396484375, 2928.177734375, 2838.9052734375, 2745.3212890625, 2646.89501953125, 2542.521728515625, 2431.3046875, 2312.7626953125, 2186.391845703125, 2052.052734375, 1910.2607421875, 1761.9403076171875, 1608.7642822265625, 1453.1085205078125, 1297.70751953125, 1145.7626953125, 1000.2891845703125, 864.0284423828125, 739.0618896484375, 626.6923217773438, 527.37451171875, 440.8616943359375, 366.34912109375, 302.704345703125, 248.649169921875, 202.8719482421875, 164.1358642578125, 131.3294677734375, 103.4796142578125, 79.762939453125, 59.4718017578125, 42.0341796875, 26.9619140625, 13.8638916015625, 2.415771484375, -7.6529541015625, -16.560791015625, -24.4937744140625, -31.6004638671875, -38.00390625, -43.8082275390625, -49.0992431640625, -53.95166015625, -58.428466796875, -62.572509765625, -66.435302734375, -70.0516357421875, -73.453125, -76.66259765625, -79.7076416015625, -82.612060546875, -85.3887939453125, -88.048583984375, -90.6060791015625, -93.0767822265625, -95.4688720703125, -97.792724609375, -100.0491943359375, -102.2540283203125, -104.405029296875, -106.5155029296875, -108.5780029296875, -110.6099853515625, -112.60791015625, -114.5791015625, -116.522216796875, -118.4437255859375, -120.3436279296875, -122.2200927734375, -124.0789794921875, -125.9248046875, -127.75146484375, -129.569091796875, -131.37646484375, -133.1702880859375, -134.9560546875, -136.7371826171875, -138.5069580078125, -140.26611328125, -142.0225830078125, -143.770263671875, -145.514892578125, -147.2567138671875, -148.98828125, -150.7210693359375, -152.447998046875, -154.1751708984375, -155.8992919921875, -157.6177978515625, -159.33837890625, -161.0552978515625, -162.76953125, -164.4803466796875, -166.194580078125, -167.9052734375, -169.6138916015625, -171.3221435546875, -173.0328369140625, -174.7415771484375, -176.45068359375, -178.1634521484375, -179.86865234375, -181.5784912109375, -183.28857421875, -184.996337890625, -186.7041015625, -188.4183349609375, -190.1309814453125, -191.8377685546875, -193.5506591796875, -195.2689208984375, -196.9825439453125, -198.6934814453125, -200.41259765625, -202.1259765625, -203.845458984375, -205.56494140625, -207.2857666015625, -209.005615234375, -210.7281494140625, -212.4593505859375, -214.1822509765625, -215.9049072265625, -217.6370849609375, -219.36181640625, -221.0960693359375, -222.82958984375, -224.5582275390625, -226.2943115234375, -228.0330810546875, -229.77197265625, -231.5135498046875, -233.25, -234.9935302734375, -236.7388916015625, -238.4862060546875, -240.2344970703125, -241.98291015625, -243.734619140625, -245.490234375, -247.244873046875, -249.0023193359375, -250.7615966796875, -252.514404296875, -254.27685546875, -256.0426025390625, -257.8089599609375, -259.571533203125, -261.34375, -263.115478515625, -264.884033203125, -266.6611328125, -268.4361572265625, -270.2113037109375, -271.996337890625, -273.7760009765625, -275.557861328125, -277.343505859375, -279.1329345703125, -280.913818359375, -282.706298828125, -284.502685546875, -286.2926025390625, -288.09228515625, -289.888671875, -291.6866455078125, -293.4886474609375, -295.293212890625, -297.09912109375, -298.900390625, -300.7132568359375, -302.5208740234375, -304.33251953125, -306.1451416015625, -307.9615478515625, -309.781005859375, -311.603271484375, -313.42333984375, -315.2440185546875, -317.070556640625, -318.8956298828125, -320.7265625, -322.560546875, -324.3896484375, -326.222900390625, -328.0577392578125, -329.8968505859375, -331.7313232421875, -333.57763671875, -335.4178466796875, -337.2623291015625, -339.1112060546875, -340.9537353515625, -342.8094482421875, -344.6578369140625, -346.51171875, -348.36181640625, -350.22265625, -352.0791015625, -353.93701171875, -355.8006591796875, -357.65869140625, -359.5218505859375, -361.386474609375, -363.2574462890625, -365.13134765625, -366.998779296875, -368.87109375, -370.7498779296875, -372.622314453125, -374.49658203125, -376.3736572265625, -378.2579345703125, -380.1383056640625, -382.019775390625, -383.9053955078125, -385.7962646484375, -387.6812744140625, -389.56982421875, -391.4632568359375, -393.3516845703125, -395.2425537109375, -397.1409912109375, -399.0386962890625, -400.9381103515625, -402.83642578125, -404.7327880859375, -406.6387939453125, -408.543701171875, -410.4459228515625, -412.35546875, -414.2613525390625, -416.173583984375, -418.0809326171875, -419.989013671875, -421.9049072265625, -423.821533203125, -425.7349853515625, -427.64697265625, -429.56787109375, -431.4847412109375, -433.41015625, -435.3253173828125, -437.2452392578125, -439.1719970703125, -441.101806640625, -443.025634765625, -444.953857421875, -446.8785400390625, -448.806640625, -450.7388916015625, -452.66748046875, -454.59765625, -456.5372314453125, -458.4697265625, -460.4019775390625, -462.3349609375, -464.269775390625, -466.2117919921875, -468.156982421875, -470.095703125, -472.0311279296875, -473.9766845703125, -475.919921875, -477.856689453125, -479.8099365234375, -481.7479248046875, -483.6986083984375, -485.6444091796875, -487.5972900390625, -489.5377197265625, -491.4906005859375, -493.4359130859375, -495.3841552734375, -497.337646484375, -499.2864990234375, -501.23876953125, -503.1954345703125, -505.147216796875, -507.1038818359375, -509.0550537109375, -511.01171875, -512.969970703125, -514.9259033203125, -516.88427734375, -518.8380126953125, -520.798095703125, -522.7620849609375, -524.7171630859375, -526.6705322265625, -528.6417236328125, -530.599609375, -532.5546875, -534.5162353515625, -536.4798583984375, -538.43701171875, -540.399169921875, -542.3570556640625, -544.3192138671875, -546.2869873046875, -548.2476806640625, -550.2156982421875, -552.1737060546875, -554.1383056640625, -556.1063232421875, -558.073974609375, -560.026611328125, -562.0013427734375, -563.957275390625, -565.9288330078125, -567.8939208984375, -569.8575439453125, -571.82080078125, -573.7880859375, -575.74853515625, -577.71923828125, -579.6776123046875, -581.640625, -583.6099853515625, -585.5731201171875, -587.5439453125, -589.5072021484375, -591.4595947265625, -593.4310302734375, -595.3931884765625, -597.3564453125, -599.3177490234375, -601.2857666015625, -603.2486572265625, -605.205810546875, -607.1666259765625, -609.13134765625, -611.0882568359375, -613.0484619140625, -615.0062255859375, -616.9788818359375, -618.930908203125, -620.88818359375, -622.84765625, -624.7994384765625, -626.7589111328125, -628.72216796875, -630.6817626953125, -632.6317138671875, -634.5869140625, -636.54638671875, -638.4969482421875, -640.4549560546875, -642.40234375, -644.3551025390625, -646.2969970703125, -648.2548828125, -650.2115478515625, -652.1529541015625, -654.09716796875, -656.042236328125, -657.9901123046875, -659.9315185546875, -661.8787841796875, -663.8193359375, -665.7657470703125, -667.709228515625, -669.6490478515625, -671.5777587890625, -673.5364990234375, -675.4644775390625, -677.3970947265625, -679.3389892578125, -681.2764892578125, -683.1947021484375, -685.1405029296875, -687.0699462890625, -688.9940185546875, -690.9266357421875, -692.8533935546875, -694.7730712890625, -696.7042236328125, -698.6260986328125, -700.5489501953125, -702.4776611328125, -704.3824462890625, -706.3038330078125, -708.2215576171875, -710.1439208984375, -712.0565185546875, -713.9588623046875, -715.8743896484375, -717.7928466796875, -719.6973876953125, -721.6082763671875, -723.4981689453125, -725.4036865234375, -727.3070068359375, -729.2022705078125, -731.1109619140625, -733.0013427734375, -734.8973388671875, -736.7862548828125, -738.6820068359375, -740.5653076171875, -742.4508056640625, -744.3358154296875, -746.2313232421875, -748.1160888671875, -749.9903564453125, -751.8712158203125, -753.7418212890625, -755.6138916015625, -757.4844970703125, -759.3538818359375, -761.2215576171875, -763.0902099609375, -764.9627685546875, -766.8262939453125, -768.6793212890625, -770.5301513671875, -772.3868408203125, -774.2523193359375, -776.0921630859375, -777.9437255859375, -779.7972412109375, -781.6346435546875, -783.4840087890625, -785.3079833984375, -787.1551513671875, -788.9945068359375, -790.8175048828125, -792.6632080078125, -794.4764404296875, -796.3138427734375, -798.1326904296875, -799.9525146484375, -801.7725830078125, -803.5831298828125, -805.3922119140625, -807.2122802734375, -809.0130615234375, -810.8197021484375, -812.6251220703125, -814.4151611328125, -816.2213134765625, -818.0081787109375, -819.8106689453125, -821.5958251953125, -823.3787841796875, -825.1629638671875, -826.9493408203125, -828.7315673828125, -830.5074462890625, -832.2637939453125, -834.0445556640625, -835.8101806640625, -837.5701904296875, -839.3289794921875, -841.1007080078125, -842.8475341796875, -844.6009521484375, -846.3446044921875, -848.0826416015625, -849.8236083984375, -851.5728759765625, -853.3057861328125, -855.0274658203125, -856.7608642578125, -858.5115966796875, -860.2249755859375, -861.9300537109375, -863.6529541015625, -865.3709716796875, -867.0899658203125, -868.7955322265625, -870.4888916015625, -872.1876220703125, -873.8831787109375, -875.5828857421875, -877.2650146484375, -878.9591064453125, -880.6429443359375, -882.3331298828125, -883.9866943359375, -885.6759033203125, -887.3311767578125, -889.0084228515625, -890.6600341796875, -892.3258056640625, -893.9713134765625, -895.6278076171875, -897.2691650390625, -898.9136962890625, -900.5450439453125, -902.1722412109375, -903.8238525390625, -905.4461669921875, -907.0826416015625, -908.7076416015625, -910.3079833984375, -911.9188232421875, -913.5284423828125, -915.1290283203125, -916.7452392578125, -918.3441162109375, -919.9388427734375, -921.5233154296875, -923.1134033203125, -924.6842041015625, -926.2606201171875, -927.8399658203125, -929.3963623046875, -930.9578857421875, -932.5482177734375, -934.0880126953125, -935.6302490234375, -937.1949462890625, -938.7364501953125, -940.2652587890625, -941.8150634765625, -943.3558349609375, -944.8631591796875, -946.3907470703125, -947.9066162109375, -949.4373779296875, -950.9268798828125, -952.4588623046875, -953.9495849609375, -955.4510498046875, -956.9583740234375, -958.4415283203125, -959.9197998046875, -961.3861083984375, -962.8814697265625, -964.3594970703125, -965.8126220703125, -967.2843017578125, -968.7320556640625, -970.1968994140625, -971.6419677734375, -973.0877685546875, -974.5159912109375, -975.9429931640625, -977.4010009765625, -978.8216552734375, -980.2308349609375, -981.6580810546875, -983.0565185546875, -984.4967041015625, -985.8819580078125, -987.2799072265625, -988.6634521484375, -990.0638427734375, -991.4427490234375, -992.8319091796875, -994.1864013671875, -995.5682373046875, -996.9107666015625, -998.2847900390625, -999.6502685546875, -1000.9959716796875, -1002.3372802734375, -1003.6585693359375, -1005.0137939453125, -1006.3448486328125, -1007.6707763671875, -1009.0213623046875, -1010.3226318359375, -1011.6414794921875, -1012.9444580078125, -1014.2486572265625, -1015.5347900390625, -1016.8275146484375, -1018.1153564453125, -1019.3966064453125, -1020.6905517578125, -1021.9534912109375, -1023.2156982421875, -1024.4952392578125, -1025.7567138671875, -1027.0216064453125, -1028.2420654296875, -1029.5145263671875, -1030.7479248046875, -1031.9649658203125, -1033.2049560546875, -1034.4010009765625, -1035.6160888671875, -1036.8533935546875, -1038.0428466796875, -1039.2564697265625, -1040.4522705078125, -1041.6624755859375, -1042.8397216796875, -1044.0054931640625, -1045.2288818359375, -1046.3646240234375, -1047.5399169921875, -1048.6976318359375, -1049.8682861328125, -1051.0069580078125, -1052.1619873046875, -1053.3175048828125, -1054.4500732421875, -1055.5643310546875, -1056.7127685546875, -1057.8260498046875, -1058.9285888671875, -1060.0137939453125, -1061.1312255859375, -1062.2459716796875, -1063.3282470703125, -1064.3885498046875, -1065.5047607421875, -1066.5911865234375, -1067.6424560546875, -1068.7615966796875, -1069.7957763671875, -1070.8531494140625, -1071.9068603515625, -1072.9552001953125, -1074.0191650390625, -1075.0423583984375, -1076.0711669921875, -1077.0919189453125, -1078.1436767578125, -1079.1536865234375, -1080.1492919921875, -1081.1527099609375, -1082.1617431640625, -1083.1331787109375, -1084.1666259765625, -1085.1348876953125, -1086.1146240234375, -1087.1180419921875, -1088.0777587890625, -1089.0181884765625, -1089.9942626953125, -1090.9998779296875, -1091.9261474609375, -1092.8980712890625, -1093.7952880859375, -1094.7279052734375, -1095.6641845703125, -1096.6031494140625, -1097.5120849609375, -1098.4324951171875, -1099.3377685546875, -1100.2510986328125, -1101.1607666015625, -1102.0472412109375, -1102.9503173828125, -1103.8043212890625, -1104.6834716796875, -1105.5843505859375, -1106.4227294921875, -1107.2706298828125, -1108.1800537109375, -1109.0074462890625, -1109.8443603515625, -1110.6883544921875, -1111.5260009765625, -1112.3802490234375, -1113.1915283203125, -1114.0328369140625, -1114.8516845703125, -1115.6356201171875, -1116.4483642578125, -1117.2862548828125, -1118.0272216796875, -1118.8807373046875, -1119.6461181640625, -1120.4713134765625, -1121.2098388671875, -1121.9617919921875, -1122.7618408203125, -1123.5321044921875, -1124.3111572265625, -1125.0557861328125, -1125.7862548828125, -1126.5469970703125, -1127.2772216796875, -1127.9725341796875, -1128.7574462890625, -1129.4639892578125, -1130.2078857421875, -1130.9276123046875, -1131.6165771484375, -1132.3355712890625, -1133.0467529296875, -1133.7088623046875, -1134.3778076171875, -1135.1087646484375, -1135.7667236328125, -1136.4403076171875, -1137.1214599609375, -1137.7994384765625, -1138.4813232421875, -1139.1026611328125, -1139.7572021484375, -1140.4493408203125, -1141.0450439453125, -1141.7122802734375, -1142.3297119140625, -1143.0020751953125, -1143.6400146484375, -1144.2210693359375, -1144.8594970703125, -1145.4605712890625, -1146.0657958984375, -1146.6798095703125, -1147.2528076171875, -1147.8558349609375, -1148.4605712890625, -1149.0360107421875, -1149.6348876953125, -1150.1988525390625, -1150.7991943359375, -1151.3284912109375, -1151.9075927734375, -1152.4998779296875, -1153.0426025390625, -1153.5855712890625, -1154.1973876953125, -1154.6973876953125, -1155.2374267578125, -1155.7545166015625, -1156.2847900390625, -1156.7852783203125, -1157.3179931640625, -1157.8546142578125, -1158.3704833984375, -1158.9046630859375, -1159.4127197265625, -1159.9141845703125, -1160.4095458984375, -1160.8797607421875, -1161.3880615234375, -1161.8411865234375, -1162.3240966796875, -1162.7921142578125, -1163.2723388671875, -1163.7674560546875, -1164.1859130859375, -1164.7093505859375, -1165.1883544921875, -1165.6571044921875, -1166.0531005859375, -1166.5335693359375, -1166.9617919921875, -1167.3804931640625, -1167.7957763671875, -1168.2879638671875, -1168.6751708984375, -1169.1175537109375, -1169.5770263671875, -1169.9410400390625, -1170.3670654296875, -1170.7401123046875, -1171.1671142578125, -1171.5526123046875, -1172.0135498046875, -1172.3446044921875, -1172.7664794921875, -1173.1317138671875, -1173.5162353515625, -1173.9039306640625, -1174.3314208984375, -1174.6947021484375, -1175.0662841796875, -1175.4459228515625, -1175.7911376953125, -1176.1676025390625, -1176.5516357421875, -1176.8721923828125, -1177.2222900390625, -1177.5819091796875, -1177.8753662109375, -1178.2357177734375, -1178.6151123046875, -1178.8983154296875, -1179.2640380859375, -1179.5491943359375, -1179.8865966796875, -1180.2562255859375, -1180.5421142578125, -1180.8692626953125, -1181.1981201171875, -1181.5157470703125, -1181.7864990234375, -1182.0897216796875, -1182.3875732421875, -1182.7694091796875, -1183.0328369140625, -1183.3031005859375, -1183.6033935546875, -1183.8597412109375, -1184.1861572265625, -1184.4825439453125, -1184.7340087890625, -1185.0736083984375, -1185.2938232421875, -1185.5504150390625, -1185.8551025390625, -1186.0848388671875, -1186.4056396484375, -1186.6080322265625, -1186.9071044921875, -1187.0804443359375, -1187.3702392578125, -1187.6588134765625, -1187.9393310546875, -1188.1517333984375, -1188.3782958984375, -1188.6243896484375, -1188.8621826171875, -1189.1087646484375, -1189.3392333984375, -1189.5731201171875, -1189.7469482421875, -1189.9793701171875, -1190.2222900390625, -1190.4849853515625, -1190.6937255859375, -1190.8756103515625, -1191.0982666015625, -1191.2718505859375, -1191.5384521484375, -1191.6539306640625, -1191.8836669921875, -1192.0902099609375, -1192.3096923828125, -1192.4930419921875, -1192.7037353515625, -1192.9095458984375, -1193.0867919921875, -1193.2943115234375, -1193.4847412109375, -1193.6351318359375, -1193.8548583984375, -1194.0260009765625, -1194.2320556640625, -1194.4622802734375, -1194.6007080078125, -1194.7376708984375, -1194.8602294921875, -1195.0806884765625, -1195.2852783203125, -1195.4002685546875, -1195.5765380859375, -1195.7105712890625, -1195.8817138671875, -1196.0106201171875, -1196.1829833984375, -1196.3968505859375, -1196.5462646484375, -1196.6893310546875, -1196.8150634765625, -1196.9635009765625, -1197.1468505859375, -1197.2689208984375, -1197.3524169921875, -1197.4847412109375, -1197.6795654296875, -1197.8233642578125, -1197.9205322265625, -1198.0223388671875, -1198.1610107421875, -1198.3609619140625, -1198.4442138671875, -1198.6175537109375, -1198.7200927734375, -1198.8455810546875, -1198.9798583984375, -1199.1190185546875, -1199.1949462890625, -1199.3272705078125, -1199.4288330078125, -1199.5989990234375, -1199.6771240234375, -1199.7745361328125, -1199.8690185546875, -1199.9495849609375, -1200.1331787109375, -1200.2279052734375, -1200.3470458984375, -1200.4107666015625, -1200.5023193359375, -1200.6448974609375, -1200.7349853515625, -1200.8568115234375, -1200.9393310546875, -1200.9910888671875, -1201.1202392578125, -1201.1815185546875, -1201.3382568359375, -1201.4332275390625, -1201.5008544921875, -1201.6722412109375, -1201.6878662109375, -1201.7938232421875, -1201.8826904296875, -1201.9849853515625, -1202.0799560546875, -1202.1185302734375, -1202.2391357421875, -1202.3289794921875, -1202.3729248046875, -1202.4793701171875, -1202.5338134765625, -1202.5477294921875, -1202.7469482421875, -1202.7674560546875, -1202.8651123046875, -1202.9063720703125, -1202.9967041015625, -1202.9774169921875, -1203.0838623046875, -1203.1881103515625, -1203.2210693359375, -1203.2913818359375, -1203.3262939453125, -1203.4451904296875, -1203.4732666015625, -1203.6046142578125, -1203.6256103515625, -1203.7508544921875, -1203.7640380859375, -1203.8338623046875, -1203.9002685546875, -1203.9656982421875, -1204.0140380859375, -1204.0289306640625, -1204.1356201171875, -1204.1492919921875, -1204.2301025390625, -1204.2791748046875, -1204.2984619140625, -1204.4620361328125, -1204.4461669921875, -1204.5076904296875, -1204.5462646484375, -1204.5885009765625, -1204.6771240234375, -1204.7322998046875, -1204.7100830078125, -1204.7886962890625, -1204.7454833984375, -1204.8636474609375, -1204.8800048828125, -1204.9251708984375, -1205.0452880859375, -1205.0433349609375, -1205.1170654296875, -1205.2171630859375, -1205.1668701171875, -1205.2640380859375, -1205.2489013671875, -1205.3265380859375, -1205.3509521484375, -1205.4427490234375, -1205.4813232421875, -1205.4749755859375, -1205.5699462890625, -1205.5228271484375, -1205.6297607421875, -1205.6522216796875, -1205.7086181640625, -1205.6427001953125, -1205.7052001953125, -1205.7552490234375, -1205.7879638671875, -1205.8135986328125, -1205.8714599609375, -1205.8748779296875, -1205.8028564453125, -1205.8966064453125, -1205.9486083984375, -1206.0389404296875, -1206.0343017578125, -1206.0748291015625, -1206.1370849609375, -1206.0887451171875, -1206.1312255859375, -1206.1307373046875, -1206.2257080078125, -1206.2215576171875, -1206.3118896484375, -1206.3353271484375, -1206.3057861328125, -1206.3572998046875, -1206.3939208984375, -1206.3734130859375, -1206.4097900390625, -1206.4207763671875, -1206.4803466796875, -1206.4805908203125, -1206.5159912109375, -1206.5643310546875, -1206.6195068359375, -1206.5809326171875, -1206.5726318359375, -1206.5946044921875, -1206.5836181640625, -1206.6661376953125, -1206.6527099609375, -1206.7027587890625, -1206.7567138671875, -1206.6878662109375, -1206.7645263671875, -1206.7247314453125, -1206.8416748046875, -1206.7945556640625, -1206.7911376953125, -1206.9285888671875, -1206.8458251953125, -1206.9285888671875, -1206.9066162109375, -1206.9207763671875, -1206.8997802734375, -1207.0211181640625, -1207.0731201171875, -1207.0887451171875, -1207.0391845703125, -1207.0445556640625, -1207.0572509765625, -1207.0555419921875, -1207.0894775390625, -1207.0789794921875, -1207.0828857421875, -1207.1700439453125, -1207.1322021484375, -1207.1478271484375, -1207.1453857421875, -1207.1590576171875, -1207.1907958984375, -1207.2552490234375, -1207.2113037109375, -1207.1837158203125, -1207.2396240234375, -1207.2572021484375, -1207.2894287109375, -1207.2908935546875, -1207.2003173828125, -1207.2408447265625, -1207.2603759765625, -1207.3104248046875, -1207.2562255859375, -1207.3333740234375, -1207.3560791015625, -1207.2984619140625, -1207.2506103515625, -1207.3260498046875, -1207.3497314453125, -1207.3287353515625, -1207.3143310546875, -1207.4207763671875, -1207.4051513671875, -1207.4290771484375, -1207.3358154296875, -1207.3739013671875, -1207.4366455078125, -1207.4881591796875, -1207.4644775390625, -1207.5467529296875, -1207.4271240234375, -1207.5150146484375, -1207.5152587890625, -1207.5484619140625, -1207.4910888671875, -1207.4969482421875, -1207.5172119140625, -1207.5284423828125, -1207.4730224609375, -1207.4935302734375, -1207.4847412109375, -1207.5609130859375, -1207.6072998046875, -1207.5023193359375, -1207.5394287109375, -1207.5418701171875, -1207.5657958984375, -1207.5731201171875, -1207.5308837890625, -1207.6019287109375, -1207.6199951171875, -1207.5909423828125, -1207.6412353515625, -1207.6634521484375, -1207.6580810546875, -1207.6602783203125, -1207.7027587890625, -1207.6614990234375, -1207.7720947265625, -1207.7269287109375, -1207.7508544921875, -1207.7232666015625, -1207.7132568359375, -1207.6629638671875, -1207.6771240234375, -1207.6705322265625, -1207.6744384765625, -1207.7877197265625, -1207.6942138671875, -1207.7127685546875, -1207.7884521484375, -1207.7117919921875, -1207.6868896484375, -1207.7552490234375, -1207.7996826171875, -1207.7279052734375, -1207.7332763671875, -1207.6771240234375, -1207.7208251953125, -1207.7535400390625, -1207.7396240234375, -1207.6976318359375, -1207.7061767578125, -1207.7821044921875, -1207.7650146484375, -1207.7376708984375, -1207.7796630859375, -1207.8026123046875, -1207.7701416015625, -1207.7608642578125, -1207.7176513671875, -1207.7713623046875, -1207.7940673828125, -1207.8143310546875, -1207.7611083984375, -1207.7354736328125, -1207.7469482421875, -1207.7142333984375, -1207.7899169921875, -1207.6934814453125, -1207.7645263671875, -1207.7557373046875, -1207.7803955078125, -1207.7950439453125, -1207.7640380859375, -1207.8089599609375, -1207.7454833984375, -1207.7740478515625, -1207.7767333984375, -1207.8297119140625, -1207.8621826171875, -1207.8289794921875, -1207.8670654296875, -1207.7835693359375, -1207.8197021484375, -1207.7823486328125, -1207.7987060546875, -1207.7655029296875, -1207.7803955078125, -1207.7857666015625, -1207.8782958984375, -1207.8016357421875, -1207.7591552734375, -1207.8240966796875, -1207.8597412109375, -1207.8477783203125, -1207.8372802734375, -1207.8465576171875, -1207.8641357421875, -1207.9110107421875, -1207.8223876953125, -1207.8072509765625, -1207.8841552734375, -1207.7945556640625, -1207.8460693359375, -1207.8597412109375, -1207.8765869140625, -1207.8389892578125, -1207.8482666015625, -1207.9024658203125, -1207.8409423828125, -1207.9310302734375, -1207.9212646484375, -1207.8731689453125, -1207.9217529296875, -1207.8560791015625, -1207.9427490234375, -1207.9163818359375, -1207.8734130859375, -1207.9439697265625, -1207.8900146484375, -1207.9537353515625, -1207.9022216796875, -1207.8807373046875, -1207.8851318359375, -1207.9017333984375, -1207.9002685546875, -1207.8426513671875, -1207.9234619140625, -1207.8543701171875, -1207.9051513671875, -1207.9617919921875, -1207.9486083984375, -1207.9656982421875, -1207.9525146484375, -1207.9779052734375, -1207.9739990234375, -1207.9349365234375, -1207.9486083984375, -1207.8743896484375, -1207.9771728515625, -1208.0252685546875, -1207.9888916015625, -1208.0018310546875, -1208.0037841796875, -1208.0159912109375, -1208.0018310546875, -1208.0245361328125, -1207.9481201171875, -1207.9886474609375, -1207.9835205078125, -1208.0118408203125, -1207.9739990234375, -1207.9476318359375, -1207.9378662109375, -1207.9649658203125, -1208.0157470703125, -1208.0150146484375, -1207.9969482421875, -1208.0487060546875, -1208.0364990234375, -1208.0096435546875, -1208.0465087890625, -1207.9710693359375, -1208.0233154296875, -1208.0162353515625, -1207.9525146484375, -1208.0238037109375, -1207.9898681640625, -1208.0838623046875, -1208.0404052734375, -1207.9808349609375, -1207.9603271484375, -1207.9974365234375, -1207.9671630859375, -1207.9080810546875, -1208.0308837890625, -1208.1146240234375, -1208.0657958984375, -1208.0438232421875, -1208.0115966796875, -1208.0423583984375, -1208.0601806640625, -1208.0386962890625, -1208.0802001953125, -1208.0709228515625, -1208.0496826171875, -1208.0150146484375, -1208.0589599609375, -1208.0911865234375, -1207.9525146484375, -1208.0037841796875, -1208.0538330078125, -1208.0386962890625, -1208.0238037109375, -1208.0291748046875, -1208.0062255859375, -1207.9859619140625, -1208.0506591796875, -1207.9818115234375, -1208.0748291015625, -1207.9888916015625, -1207.9637451171875, -1208.0609130859375, -1208.0506591796875, -1208.0823974609375, -1208.0382080078125, -1208.0169677734375, -1208.0367431640625, -1208.0372314453125, -1208.0084228515625, -1208.0565185546875, -1208.0076904296875, -1208.0357666015625, -1208.0184326171875, -1208.1097412109375, -1208.0775146484375, -1208.0426025390625, -1208.0511474609375, -1208.0799560546875, -1208.0152587890625, -1208.1199951171875, -1208.0604248046875, -1208.0203857421875, -1208.0860595703125, -1208.0789794921875, -1208.1016845703125, -1208.0899658203125, -1208.1463623046875, -1208.1434326171875, -1208.0418701171875, -1208.0828857421875, -1208.1033935546875, -1208.0867919921875, -1208.0911865234375, -1208.1038818359375, -1208.1229248046875, -1208.1400146484375, -1208.1265869140625, -1208.0789794921875, -1208.0760498046875, -1208.1431884765625, -1208.0775146484375, -1208.0565185546875, -1208.0408935546875, -1208.1295166015625, -1208.0870361328125, -1208.0606689453125, -1208.0965576171875, -1208.0943603515625, -1208.0875244140625, -1208.1207275390625, -1208.0623779296875, -1208.0804443359375, -1208.0867919921875, -1208.0853271484375, -1208.1224365234375, -1208.1029052734375, -1208.0333251953125, -1208.0582275390625, -1208.0430908203125, -1208.0501708984375, -1208.1060791015625, -1208.0614013671875, -1208.0267333984375, -1208.0662841796875, -1208.0784912109375, -1208.0855712890625, -1208.1009521484375, -1208.1785888671875, -1208.1011962890625, -1208.1190185546875, -1208.1466064453125, -1208.1529541015625, -1208.1248779296875, -1208.1551513671875, -1208.1380615234375, -1208.0736083984375, -1208.0928955078125, -1208.0684814453125, -1208.0838623046875, -1208.1531982421875, -1208.1212158203125, -1208.1204833984375, -1208.1197509765625, -1208.0775146484375, -1208.1011962890625, -1208.0924072265625, -1208.1553955078125, -1208.0657958984375, -1208.1182861328125, -1208.1427001953125, -1208.0750732421875, -1208.1214599609375, -1208.0989990234375, -1208.1480712890625, -1208.0845947265625, -1208.1011962890625, -1208.1048583984375, -1208.1278076171875, -1208.1363525390625, -1208.1202392578125, -1208.1292724609375, -1208.1766357421875, -1208.1451416015625, -1208.1483154296875, -1208.0816650390625, -1208.0916748046875, -1208.1053466796875, -1208.0701904296875, -1208.1925048828125, -1208.1590576171875, -1208.1231689453125, -1208.1571044921875, -1208.1588134765625, -1208.2098388671875, -1208.1607666015625, -1208.1180419921875, -1208.1370849609375, -1208.1458740234375, -1208.0941162109375, -1208.2156982421875, -1208.1702880859375, -1208.1629638671875, -1208.1182861328125, -1208.2420654296875, -1208.2347412109375, -1208.2684326171875, -1208.1927490234375, -1208.2564697265625, -1208.1927490234375, -1208.1116943359375, -1208.1925048828125, -1208.1678466796875, -1208.2166748046875, -1208.2015380859375, -1208.1688232421875, -1208.2242431640625, -1208.2147216796875, -1208.2777099609375, -1208.2884521484375, -1208.2603759765625, -1208.2298583984375, -1208.1795654296875, -1208.2122802734375, -1208.2088623046875, -1208.2342529296875, -1208.2410888671875, -1208.1944580078125, -1208.2269287109375, -1208.2171630859375, -1208.1756591796875, -1208.2117919921875, -1208.1976318359375, -1208.2239990234375, -1208.2081298828125, -1208.1824951171875, -1208.2213134765625, -1208.2169189453125, -1208.1956787109375, -1208.2064208984375, -1208.2410888671875, -1208.1480712890625, -1208.2349853515625, -1208.1947021484375, -1208.2196044921875, -1208.1905517578125, -1208.2130126953125, -1208.1600341796875, -1208.1622314453125, -1208.1864013671875, -1208.2349853515625, -1208.2137451171875, -1208.1365966796875, -1208.1768798828125, -1208.1522216796875, -1208.1414794921875, -1208.1961669921875, -1208.2208251953125, -1208.1981201171875, -1208.1900634765625, -1208.1654052734375, -1208.1451416015625, -1208.1788330078125, -1208.1905517578125, -1208.0875244140625, -1208.1873779296875, -1208.1666259765625, -1208.2293701171875, -1208.2152099609375, -1208.2147216796875, -1208.1368408203125, -1208.2105712890625, -1208.1785888671875, -1208.1585693359375, -1208.1761474609375, -1208.1644287109375, -1208.1654052734375, -1208.1380615234375, -1208.1978759765625, -1208.1614990234375, -1208.1915283203125, -1208.2098388671875, -1208.2249755859375, -1208.2215576171875, -1208.1397705078125, -1208.1878662109375, -1208.2581787109375, -1208.2288818359375, -1208.2093505859375, -1208.1934814453125, -1208.2498779296875, -1208.1585693359375, -1208.2479248046875, -1208.2127685546875, -1208.2303466796875, -1208.2386474609375, -1208.1707763671875, -1208.2418212890625, -1208.1956787109375, -1208.1888427734375, -1208.1641845703125, -1208.2337646484375, -1208.2000732421875, -1208.1976318359375, -1208.2408447265625, -1208.2386474609375, -1208.2442626953125, -1208.2440185546875, -1208.2430419921875, -1208.3226318359375, -1208.2896728515625, -1208.2425537109375, -1208.2403564453125, -1208.2589111328125, -1208.1822509765625, -1208.2147216796875, -1208.1951904296875, -1208.2469482421875, -1208.2406005859375, -1208.2161865234375, -1208.2596435546875, -1208.2083740234375, -1208.2239990234375, -1208.1800537109375, -1208.2000732421875, -1208.2352294921875, -1208.2493896484375, -1208.2567138671875, -1208.2452392578125, -1208.2061767578125, -1208.2601318359375, -1208.2357177734375, -1208.2371826171875, -1208.2249755859375, -1208.2401123046875, -1208.2283935546875, -1208.2645263671875, -1208.2381591796875, -1208.2178955078125, -1208.1864013671875, -1208.2772216796875, -1208.2218017578125, -1208.2359619140625, -1208.2640380859375, -1208.2933349609375, -1208.2435302734375, -1208.2152099609375, -1208.2794189453125, -1208.2239990234375, -1208.2694091796875, -1208.2860107421875, -1208.2410888671875, -1208.2479248046875, -1208.2745361328125, -1208.2845458984375, -1208.2657470703125, -1208.2630615234375, -1208.2554931640625, -1208.2508544921875, -1208.2742919921875, -1208.3128662109375, -1208.2554931640625, -1208.2943115234375, -1208.2430419921875, -1208.2786865234375, -1208.3050537109375, -1208.2579345703125, -1208.2489013671875, -1208.2603759765625, -1208.2852783203125, -1208.3055419921875, -1208.2525634765625, -1208.2562255859375, -1208.2506103515625, -1208.2564697265625, -1208.2987060546875, -1208.2943115234375, -1208.2322998046875, -1208.3563232421875, -1208.2799072265625, -1208.3221435546875, -1208.2623291015625, -1208.2899169921875, -1208.2640380859375, -1208.2366943359375, -1208.2779541015625, -1208.1871337890625, -1208.2474365234375, -1208.2659912109375, -1208.2374267578125, -1208.2586669921875, -1208.3292236328125, -1208.2703857421875, -1208.2625732421875, -1208.2508544921875, -1208.2772216796875, -1208.2974853515625, -1208.2537841796875, -1208.2593994140625, -1208.2449951171875, -1208.2552490234375, -1208.3240966796875, -1208.2552490234375, -1208.2906494140625, -1208.3355712890625, -1208.2764892578125, -1208.2918701171875, -1208.3231201171875, -1208.2789306640625, -1208.2354736328125, -1208.2982177734375, -1208.2779541015625, -1208.3016357421875, -1208.2601318359375, -1208.2694091796875, -1208.2667236328125, -1208.2469482421875, -1208.2513427734375, -1208.3062744140625, -1208.2386474609375, -1208.3050537109375, -1208.2283935546875, -1208.2781982421875, -1208.2716064453125, -1208.2620849609375, -1208.2552490234375, -1208.2581787109375, -1208.2884521484375, -1208.2884521484375, -1208.2847900390625, -1208.2486572265625, -1208.2362060546875, -1208.2547607421875, -1208.2352294921875, -1208.2960205078125, -1208.3206787109375, -1208.2938232421875, -1208.2630615234375, -1208.2723388671875, -1208.2584228515625, -1208.2943115234375, -1208.2186279296875, -1208.2745361328125, -1208.2415771484375, -1208.2630615234375, -1208.2442626953125, -1208.2679443359375, -1208.3028564453125, -1208.2752685546875, -1208.3026123046875, -1208.3238525390625, -1208.3135986328125, -1208.3182373046875, -1208.3607177734375, -1208.3343505859375, -1208.2999267578125, -1208.3333740234375, -1208.3228759765625, -1208.3172607421875, -1208.2994384765625, -1208.2918701171875, -1208.2940673828125, -1208.3363037109375, -1208.2542724609375, -1208.2921142578125, -1208.3582763671875, -1208.3297119140625, -1208.3094482421875, -1208.3426513671875, -1208.3221435546875, -1208.3206787109375, -1208.3397216796875, -1208.3377685546875, -1208.3641357421875, -1208.3177490234375, -1208.3455810546875, -1208.2955322265625, -1208.3558349609375, -1208.3670654296875, -1208.3001708984375, -1208.3199462890625, -1208.3577880859375, -1208.3089599609375, -1208.3299560546875, -1208.4136962890625, -1208.3509521484375, -1208.3704833984375, -1208.3099365234375, -1208.3294677734375, -1208.3262939453125, -1208.2825927734375, -1208.3756103515625, -1208.3868408203125, -1208.3048095703125, -1208.3333740234375, -1208.3531494140625, -1208.3133544921875, -1208.3760986328125, -1208.3389892578125, -1208.3226318359375, -1208.3231201171875, -1208.3592529296875, -1208.3868408203125, -1208.4251708984375, -1208.3558349609375, -1208.3983154296875, -1208.3975830078125, -1208.3851318359375, -1208.3792724609375, -1208.3780517578125, -1208.3817138671875, -1208.3905029296875, -1208.3909912109375, -1208.3487548828125, -1208.4066162109375, -1208.3704833984375, -1208.4041748046875, -1208.3436279296875, -1208.3624267578125, -1208.3853759765625, -1208.3533935546875, -1208.3304443359375, -1208.3475341796875, -1208.3533935546875, -1208.3507080078125, -1208.3751220703125, -1208.3785400390625, -1208.3812255859375, -1208.3643798828125, -1208.3651123046875, -1208.3797607421875, -1208.3052978515625, -1208.3861083984375, -1208.3729248046875, -1208.4119873046875, -1208.3719482421875, -1208.4095458984375, -1208.3963623046875, -1208.3968505859375, -1208.4002685546875, -1208.3934326171875, -1208.3741455078125, -1208.4268798828125, -1208.3504638671875, -1208.3800048828125, -1208.3653564453125, -1208.3255615234375, -1208.3560791015625, -1208.3265380859375, -1208.3165283203125, -1208.3363037109375, -1208.3697509765625, -1208.3812255859375, -1208.4088134765625, -1208.3592529296875, -1208.3468017578125, -1208.3446044921875, -1208.3934326171875, -1208.3316650390625, -1208.4373779296875, -1208.4090576171875, -1208.3612060546875, -1208.3499755859375, -1208.3431396484375, -1208.3758544921875, -1208.3758544921875, -1208.3485107421875, -1208.4093017578125, -1208.3905029296875, -1208.3514404296875, -1208.3890380859375, -1208.3697509765625, -1208.3580322265625, -1208.3572998046875, -1208.3572998046875, -1208.3480224609375, -1208.3460693359375, -1208.3367919921875, -1208.3497314453125, -1208.3914794921875, -1208.3621826171875, -1208.3494873046875, -1208.3475341796875, -1208.3399658203125, -1208.3599853515625, -1208.3394775390625, -1208.3834228515625, -1208.3873291015625, -1208.4080810546875, -1208.3846435546875, -1208.3638916015625, -1208.3609619140625, -1208.3739013671875, -1208.3607177734375, -1208.3922119140625, -1208.4334716796875, -1208.4298095703125, -1208.4056396484375, -1208.4058837890625, -1208.4197998046875, -1208.3719482421875, -1208.4171142578125, -1208.3719482421875, -1208.4276123046875, -1208.4227294921875, -1208.3782958984375, -1208.4285888671875, -1208.3978271484375, -1208.4031982421875, -1208.3948974609375, -1208.4598388671875, -1208.4744873046875, -1208.4495849609375, -1208.4505615234375, -1208.4173583984375, -1208.4505615234375, -1208.4447021484375, -1208.4305419921875, -1208.4224853515625, -1208.4249267578125, -1208.4454345703125, -1208.4642333984375, -1208.4246826171875, -1208.4832763671875, -1208.4393310546875, -1208.4583740234375, -1208.4500732421875, -1208.4503173828125, -1208.3875732421875, -1208.4329833984375, -1208.3990478515625, -1208.4310302734375, -1208.4022216796875, -1208.4132080078125, -1208.4256591796875, -1208.4168701171875, -1208.3677978515625, -1208.4200439453125, -1208.4388427734375, -1208.4078369140625, -1208.4398193359375, -1208.4415283203125, -1208.4383544921875, -1208.4930419921875, -1208.4964599609375, -1208.4393310546875, -1208.4669189453125, -1208.4825439453125, -1208.4552001953125, -1208.4378662109375, -1208.4285888671875, -1208.4754638671875, -1208.4696044921875, -1208.4527587890625, -1208.4696044921875, -1208.4544677734375, -1208.4515380859375, -1208.4664306640625, -1208.4293212890625, -1208.4549560546875, -1208.4439697265625, -1208.4437255859375, -1208.4569091796875, -1208.4573974609375, -1208.4290771484375, -1208.4886474609375, -1208.4893798828125, -1208.4979248046875, -1208.4847412109375, -1208.4791259765625, -1208.4583740234375, -1208.4573974609375, -1208.4937744140625, -1208.4530029296875, -1208.4671630859375, -1208.4617919921875, -1208.4669189453125, -1208.4486083984375, -1208.4625244140625, -1208.4686279296875, -1208.5162353515625, -1208.4976806640625, -1208.5047607421875, -1208.4598388671875, -1208.4901123046875, -1208.4783935546875, -1208.4544677734375, -1208.4852294921875, -1208.5076904296875, -1208.4964599609375, -1208.5286865234375, -1208.4415283203125, -1208.5120849609375, -1208.4732666015625, -1208.4849853515625, -1208.4910888671875, -1208.5203857421875, -1208.4703369140625, -1208.5135498046875, -1208.4876708984375, -1208.4981689453125, -1208.4886474609375, -1208.5238037109375, -1208.4989013671875, -1208.5252685546875, -1208.4837646484375, -1208.4976806640625, -1208.4920654296875, -1208.4752197265625, -1208.4764404296875, -1208.4891357421875, -1208.4974365234375, -1208.4820556640625, -1208.5042724609375, -1208.4681396484375, -1208.5125732421875, -1208.4805908203125, -1208.4666748046875, -1208.5264892578125, -1208.4874267578125, -1208.4666748046875, -1208.5006103515625, -1208.4825439453125, -1208.4276123046875, -1208.5306396484375, -1208.5067138671875, -1208.5169677734375, -1208.5511474609375, -1208.5374755859375, -1208.5257568359375, -1208.4598388671875, -1208.4954833984375, -1208.5489501953125, -1208.5452880859375, -1208.4888916015625, -1208.4708251953125, -1208.5526123046875, -1208.5164794921875, -1208.4915771484375, -1208.4637451171875, -1208.4613037109375, -1208.4827880859375, -1208.4412841796875, -1208.4754638671875, -1208.4984130859375, -1208.4652099609375, -1208.4708251953125, -1208.4368896484375, -1208.4495849609375, -1208.4405517578125, -1208.4910888671875, -1208.4534912109375, -1208.5037841796875, -1208.4334716796875, -1208.4769287109375, -1208.4774169921875, -1208.4754638671875, -1208.5111083984375, -1208.4744873046875, -1208.5032958984375, -1208.5238037109375, -1208.5411376953125, -1208.5032958984375, -1208.4666748046875, -1208.4930419921875, -1208.4937744140625, -1208.5145263671875, -1208.4859619140625, -1208.4964599609375, -1208.5057373046875, -1208.5438232421875, -1208.5225830078125, -1208.4920654296875, -1208.5159912109375, -1208.5484619140625, -1208.5360107421875, -1208.5072021484375, -1208.5062255859375, -1208.5115966796875, -1208.5225830078125, -1208.5125732421875, -1208.4981689453125, -1208.5067138671875, -1208.5030517578125, -1208.5159912109375, -1208.4852294921875, -1208.4710693359375, -1208.5008544921875, -1208.4891357421875, -1208.5164794921875, -1208.4859619140625, -1208.4949951171875, -1208.4678955078125, -1208.4888916015625, -1208.4749755859375, -1208.5438232421875, -1208.4793701171875, -1208.5284423828125, -1208.5096435546875, -1208.5247802734375, -1208.5010986328125, -1208.5184326171875, -1208.5096435546875, -1208.4769287109375, -1208.5037841796875, -1208.4969482421875, -1208.4737548828125, -1208.5189208984375, -1208.4852294921875, -1208.5042724609375, -1208.4530029296875, -1208.4879150390625, -1208.4930419921875, -1208.4935302734375, -1208.4952392578125, -1208.4984130859375, -1208.4881591796875, -1208.5377197265625, -1208.5081787109375, -1208.5394287109375, -1208.5142822265625, -1208.4871826171875, -1208.5057373046875, -1208.5699462890625, -1208.5330810546875, -1208.5521240234375, -1208.5008544921875, -1208.5438232421875, -1208.4976806640625, -1208.5010986328125, -1208.5394287109375, -1208.5059814453125, -1208.5753173828125, -1208.5050048828125, -1208.5909423828125, -1208.5367431640625, -1208.5609130859375, -1208.5301513671875, -1208.5447998046875, -1208.5802001953125, -1208.5540771484375, -1208.5198974609375, -1208.5169677734375, -1208.5540771484375, -1208.5294189453125, -1208.5543212890625, -1208.5716552734375, -1208.5731201171875, -1208.6151123046875, -1208.5167236328125, -1208.5672607421875, -1208.5794677734375, -1208.6068115234375, -1208.5897216796875, -1208.5765380859375, -1208.5633544921875, -1208.5831298828125, -1208.5782470703125, -1208.5523681640625, -1208.6177978515625, -1208.5938720703125, -1208.5582275390625, -1208.5482177734375, -1208.5509033203125, -1208.5325927734375, -1208.5255126953125, -1208.5628662109375, -1208.5206298828125, -1208.5635986328125, -1208.5479736328125, -1208.5267333984375, -1208.5716552734375, -1208.5560302734375, -1208.5562744140625, -1208.5242919921875, -1208.5325927734375, -1208.5931396484375, -1208.5511474609375, -1208.5875244140625, -1208.5562744140625, -1208.5677490234375, -1208.5372314453125, -1208.5648193359375, -1208.5706787109375, -1208.5360107421875, -1208.5792236328125, -1208.5958251953125, -1208.5740966796875, -1208.5555419921875, -1208.5711669921875, -1208.6253662109375, -1208.5582275390625, -1208.5313720703125, -1208.5867919921875, -1208.5438232421875, -1208.6131591796875, -1208.5374755859375, -1208.5975341796875, -1208.5604248046875, -1208.5377197265625, -1208.5955810546875, -1208.5704345703125, -1208.5770263671875, -1208.5447998046875, -1208.5579833984375, -1208.5936279296875, -1208.5369873046875, -1208.5692138671875, -1208.5284423828125, -1208.5777587890625, -1208.6058349609375, -1208.5421142578125, -1208.5828857421875, -1208.5989990234375, -1208.5770263671875, -1208.5408935546875, -1208.5570068359375, -1208.5667724609375, -1208.5740966796875, -1208.5706787109375, -1208.5484619140625, -1208.5364990234375, -1208.5706787109375, -1208.5223388671875, -1208.5450439453125, -1208.5850830078125, -1208.5391845703125, -1208.5836181640625, -1208.5755615234375, -1208.5911865234375, -1208.5755615234375, -1208.5921630859375, -1208.6077880859375, -1208.6246337890625, -1208.6273193359375, -1208.5980224609375, -1208.5965576171875, -1208.6011962890625, -1208.5980224609375, -1208.5936279296875, -1208.5931396484375, -1208.6365966796875, -1208.6195068359375, -1208.5977783203125, -1208.6102294921875, -1208.6053466796875, -1208.5850830078125, -1208.5885009765625, -1208.5970458984375, -1208.5858154296875, -1208.5777587890625, -1208.5863037109375, -1208.5882568359375, -1208.6002197265625, -1208.5855712890625, -1208.5638427734375, -1208.6046142578125, -1208.5889892578125, -1208.6026611328125, -1208.6004638671875, -1208.6234130859375, -1208.6265869140625, -1208.6029052734375, -1208.6358642578125, -1208.6412353515625, -1208.6343994140625, -1208.5906982421875, -1208.6319580078125, -1208.6595458984375, -1208.6072998046875, -1208.6500244140625, -1208.6444091796875, -1208.6656494140625, -1208.6778564453125, -1208.6414794921875, -1208.6614990234375, -1208.6483154296875, -1208.6275634765625, -1208.6463623046875, -1208.6551513671875, -1208.6182861328125, -1208.6041259765625, -1208.6121826171875, -1208.6480712890625, -1208.6138916015625, -1208.6453857421875, -1208.6243896484375, -1208.6265869140625, -1208.6282958984375, -1208.6514892578125, -1208.6553955078125, -1208.6409912109375, -1208.6029052734375, -1208.6470947265625, -1208.5916748046875, -1208.6126708984375, -1208.6480712890625, -1208.6663818359375, -1208.6541748046875, -1208.6151123046875, -1208.6263427734375, -1208.6058349609375, -1208.6317138671875, -1208.6517333984375, -1208.6356201171875, -1208.6888427734375, -1208.6522216796875, -1208.6531982421875, -1208.6370849609375, -1208.6358642578125, -1208.6419677734375, -1208.6483154296875, -1208.5697021484375, -1208.6304931640625, -1208.6253662109375, -1208.6212158203125, -1208.6820068359375, -1208.6107177734375, -1208.6126708984375, -1208.6278076171875, -1208.6114501953125, -1208.6529541015625, -1208.6334228515625, -1208.6390380859375, -1208.6195068359375, -1208.6531982421875, -1208.6239013671875, -1208.6390380859375, -1208.6195068359375, -1208.6282958984375, -1208.6478271484375, -1208.6204833984375, -1208.6009521484375, -1208.6239013671875, -1208.6405029296875, -1208.6397705078125, -1208.6385498046875, -1208.6124267578125, -1208.6378173828125, -1208.6424560546875, -1208.6685791015625, -1208.6031494140625, -1208.6214599609375, -1208.5833740234375, -1208.5889892578125, -1208.6434326171875, -1208.6624755859375, -1208.6622314453125, -1208.6888427734375, -1208.6634521484375, -1208.6541748046875, -1208.6649169921875, -1208.6536865234375, -1208.6634521484375, -1208.6209716796875, -1208.6102294921875, -1208.6175537109375, -1208.6024169921875, -1208.6102294921875, -1208.6282958984375, -1208.6458740234375, -1208.6441650390625, -1208.6131591796875, -1208.6126708984375, -1208.6275634765625, -1208.6126708984375, -1208.6314697265625, -1208.6566162109375, -1208.6810302734375, -1208.6427001953125, -1208.6331787109375, -1208.6673583984375, -1208.6820068359375, -1208.7073974609375, -1208.6566162109375, -1208.6431884765625, -1208.6207275390625, -1208.6885986328125, -1208.6365966796875, -1208.6326904296875, -1208.6546630859375, -1208.6456298828125, -1208.5994873046875, -1208.6370849609375, -1208.6527099609375, -1208.6473388671875, -1208.6673583984375, -1208.6805419921875, -1208.6614990234375, -1208.6878662109375, -1208.6732177734375, -1208.6925048828125, -1208.7000732421875, -1208.6761474609375, -1208.7156982421875, -1208.6983642578125, -1208.7005615234375, -1208.6903076171875, -1208.6766357421875, -1208.7081298828125, -1208.7056884765625, -1208.6842041015625, -1208.6961669921875, -1208.6588134765625, -1208.7052001953125, -1208.6761474609375, -1208.7147216796875, -1208.6837158203125, -1208.6966552734375, -1208.6800537109375, -1208.6632080078125, -1208.7144775390625, -1208.6983642578125, -1208.6778564453125, -1208.6697998046875, -1208.7210693359375, -1208.7022705078125, -1208.6937255859375, -1208.7125244140625, -1208.6737060546875, -1208.6805419921875, -1208.6551513671875, -1208.7235107421875, -1208.6795654296875, -1208.7073974609375, -1208.6949462890625, -1208.6807861328125, -1208.6920166015625, -1208.7108154296875, -1208.7332763671875, -1208.7034912109375, -1208.7210693359375, -1208.7445068359375, -1208.6673583984375, -1208.6854248046875, -1208.6700439453125, -1208.6781005859375, -1208.7044677734375, -1208.6846923828125, -1208.6800537109375, -1208.6832275390625, -1208.7056884765625, -1208.7117919921875, -1208.6480712890625, -1208.6761474609375, -1208.6712646484375, -1208.6856689453125, -1208.7098388671875, -1208.6761474609375, -1208.6409912109375, -1208.6883544921875, -1208.6668701171875, -1208.6942138671875, -1208.6912841796875, -1208.6781005859375, -1208.6510009765625, -1208.6820068359375, -1208.6632080078125, -1208.6771240234375, -1208.6824951171875, -1208.7269287109375, -1208.7049560546875, -1208.6856689453125, -1208.6722412109375, -1208.6737060546875, -1208.6588134765625, -1208.7049560546875, -1208.7110595703125, -1208.6922607421875, -1208.7093505859375, -1208.7205810546875, -1208.7020263671875, -1208.6937255859375, -1208.6649169921875, -1208.6546630859375, -1208.6678466796875, -1208.7005615234375, -1208.7193603515625, -1208.7303466796875, -1208.6864013671875, -1208.7161865234375, -1208.6756591796875, -1208.6741943359375, -1208.7008056640625, -1208.7198486328125, -1208.7044677734375, -1208.6697998046875, -1208.7276611328125, -1208.6727294921875, -1208.7113037109375, -1208.7203369140625, -1208.6810302734375, -1208.6864013671875, -1208.6820068359375, -1208.7142333984375, -1208.6859130859375, -1208.7174072265625, -1208.6839599609375, -1208.6756591796875, -1208.6551513671875, -1208.6854248046875, -1208.7076416015625, -1208.7064208984375, -1208.6829833984375, -1208.7196044921875, -1208.6986083984375, -1208.6590576171875, -1208.6971435546875, -1208.7032470703125, -1208.6722412109375, -1208.6744384765625, -1208.6849365234375, -1208.6783447265625, -1208.6651611328125, -1208.7020263671875, -1208.6778564453125, -1208.7122802734375, -1208.7381591796875, -1208.7218017578125, -1208.6998291015625, -1208.7171630859375, -1208.7142333984375, -1208.7193603515625, -1208.6951904296875, -1208.7218017578125, -1208.7169189453125, -1208.7413330078125, -1208.7484130859375, -1208.7364501953125, -1208.7269287109375, -1208.7215576171875, -1208.7164306640625, -1208.7093505859375, -1208.7027587890625, -1208.6971435546875, -1208.7108154296875, -1208.6844482421875, -1208.6881103515625, -1208.6622314453125, -1208.7044677734375, -1208.7059326171875, -1208.7093505859375, -1208.6463623046875, -1208.7340087890625, -1208.7144775390625, -1208.6990966796875, -1208.7010498046875, -1208.7464599609375, -1208.7125244140625, -1208.7110595703125, -1208.6939697265625, -1208.7227783203125, -1208.7030029296875, -1208.7537841796875, -1208.7401123046875, -1208.7054443359375, -1208.7171630859375, -1208.7196044921875, -1208.7142333984375]}
Warning: Cholesky failed, using eigendecomposition fallback
{'mse': 0.010195767506957054, 'rmse': 0.10097409039735794, 'test_ll': -247007.0625, 'total_test_ll': -6175176704.0}
/cluster/tufts/hugheslab/swilli26/stat-patt-final/gp_vs_sngp/results/hyperparam_search/GP/CrazySin_1500_1001/logs
/cluster/tufts/hugheslab/swilli26/stat-patt-final/gp_vs_sngp/results/hyperparam_search/logs/GP_VS_SNGP_25028897.out
/cluster/tufts/hugheslab/swilli26/stat-patt-final/gp_vs_sngp/results/hyperparam_search/logs/GP_VS_SNGP_25028897.err
