Starting imports...
Importing argparse...
Importing torch...
Importing os...
Importing sngp.train and sngp.model...
Importing gaussian_process...
Importing dataset...
Importing json...
ALL IMPORTS COMPLETE!
Parsing arguments...
Arguments parsed! Running GP on Sin with N=1000
Checking CUDA availability...
Using CPU
Making Datasets...
Making Model...
Training Gaussian Process...
Iter   0 | Loss: -530.723 | lengthscale: 1.010 | outputscale: 1.010 | noise: 0.198
Iter  10 | Loss: -601.897 | lengthscale: 1.050 | outputscale: 1.115 | noise: 0.179
Iter  20 | Loss: -665.851 | lengthscale: 1.083 | outputscale: 1.222 | noise: 0.163
Iter  30 | Loss: -720.619 | lengthscale: 1.112 | outputscale: 1.324 | noise: 0.148
Iter  40 | Loss: -764.643 | lengthscale: 1.136 | outputscale: 1.416 | noise: 0.135
Iter  50 | Loss: -797.156 | lengthscale: 1.155 | outputscale: 1.495 | noise: 0.125
Iter  60 | Loss: -818.670 | lengthscale: 1.172 | outputscale: 1.561 | noise: 0.117
Iter  70 | Loss: -830.884 | lengthscale: 1.184 | outputscale: 1.616 | noise: 0.110
Iter  80 | Loss: -836.582 | lengthscale: 1.194 | outputscale: 1.663 | noise: 0.106
Iter  90 | Loss: -838.564 | lengthscale: 1.203 | outputscale: 1.702 | noise: 0.103
Iter  99 | Loss: -838.987 | lengthscale: 1.208 | outputscale: 1.727 | noise: 0.102
Warning: Cholesky failed, using eigendecomposition fallback
{'mse': 0.010305573232471943, 'rmse': 0.10151636600494385, 'test_ll': -252924.671875, 'total_test_ll': -2529246720.0}
/cluster/tufts/hugheslab/swilli26/stat-patt-final/gp_vs_sngp/results/GP/Sin_1000/logs
/cluster/tufts/hugheslab/swilli26/stat-patt-final/gp_vs_sngp/results/logs/GP_VS_SNGP_25027632.out
/cluster/tufts/hugheslab/swilli26/stat-patt-final/gp_vs_sngp/results/logs/GP_VS_SNGP_25027632.err
