Starting imports...
Parsing arguments...
Arguments parsed! Running GP on CrazySin with N=45000
EXPERIMENT SUMMARY
===================
  - Model Training for SNGP and GP on Regression Tasks
  - modelName: GP
  - dataset: CrazySin
  - num_examples: 45000
  - seed: 1001
  - rank (for SNGP): 0
  - lengthscale: 0.276328
  - outputscale: 2.735109
  - noise: 0.099198
===================
Checking CUDA availability...
Using CPU
Making Datasets...
Making Model...
Training Gaussian Process...
Fitting to data...
Num examples 45000 >= 25,000, skipping model save
Warning: Cholesky failed, using eigendecomposition fallback
TEST LOG LIKELIHOOD SCORE:  0.22864042207981253
TEST MSE:  0.010086901485919952
TEST RMSE:  0.10043356567621231
/cluster/tufts/hugheslab/swilli26/stat-patt-final/gp_vs_sngp/results/primary_gp/GP/CrazySin_45000_1001/logs
/cluster/tufts/hugheslab/swilli26/stat-patt-final/gp_vs_sngp/results/primary_gp/logs/GP_VS_SNGP_25079381.out
/cluster/tufts/hugheslab/swilli26/stat-patt-final/gp_vs_sngp/results/primary_gp/logs/GP_VS_SNGP_25079381.err
