Starting imports...
Parsing arguments...
Arguments parsed! Running SNGP on Sin with N=1000
EXPERIMENT SUMMARY
===================
  - Model Training for SNGP and GP on Regression Tasks
  - modelName: SNGP
  - dataset: Sin
  - num_examples: 1000
  - seed: 1001
  - rank (for SNGP): 750
  - lengthscale: 1.226761
  - outputscale: 1.805912
  - noise: 0.100047
===================
Checking CUDA availability...
Using CPU
Making Datasets...
Making Model...
Training SNGP Model...
Finished after epoch 50000, best epoch=50000
Model saved to /cluster/tufts/hugheslab/swilli26/stat-patt-final/gp_vs_sngp/results/primary_sngp/SNGP/SNGP_R750_LS1.23_OS1.81_1000Sin/model.pt
TEST LOG LIKELIHOOD SCORE:  0.8282857536290507
TEST MSE:  0.010139613412320614
TEST RMSE:  0.1006956472992897
/cluster/tufts/hugheslab/swilli26/stat-patt-final/gp_vs_sngp/results/primary_sngp/GP/Sin_1000_1001/logs
/cluster/tufts/hugheslab/swilli26/stat-patt-final/gp_vs_sngp/results/primary_sngp/logs/GP_VS_SNGP_25108150.out
/cluster/tufts/hugheslab/swilli26/stat-patt-final/gp_vs_sngp/results/primary_sngp/logs/GP_VS_SNGP_25108150.err
