Starting imports...
Importing argparse...
Importing torch...
Importing os...
Importing sngp.train and sngp.model...
Importing gaussian_process...
Importing dataset...
Importing json...
ALL IMPORTS COMPLETE!
Parsing arguments...
Arguments parsed! Running GP on Sin with N=1500
Checking CUDA availability...
Using CPU
Making Datasets...
Making Model...
Training Gaussian Process...
Iter   0 | Loss: -813.355 | lengthscale: 1.010 | outputscale: 1.010 | noise: 0.198
Iter  10 | Loss: -921.052 | lengthscale: 1.068 | outputscale: 1.117 | noise: 0.179
Iter  20 | Loss: -1018.042 | lengthscale: 1.103 | outputscale: 1.227 | noise: 0.162
Iter  30 | Loss: -1101.439 | lengthscale: 1.131 | outputscale: 1.334 | noise: 0.148
Iter  40 | Loss: -1168.856 | lengthscale: 1.162 | outputscale: 1.431 | noise: 0.135
Iter  50 | Loss: -1219.062 | lengthscale: 1.185 | outputscale: 1.518 | noise: 0.125
Iter  60 | Loss: -1252.665 | lengthscale: 1.202 | outputscale: 1.592 | noise: 0.116
Iter  70 | Loss: -1272.116 | lengthscale: 1.218 | outputscale: 1.655 | noise: 0.110
Iter  80 | Loss: -1281.429 | lengthscale: 1.228 | outputscale: 1.704 | noise: 0.105
Iter  90 | Loss: -1284.760 | lengthscale: 1.237 | outputscale: 1.741 | noise: 0.102
Iter 100 | Loss: -1285.517 | lengthscale: 1.242 | outputscale: 1.769 | noise: 0.101
Iter 110 | Loss: -1285.661 | lengthscale: 1.245 | outputscale: 1.782 | noise: 0.100
Iter 120 | Loss: -1285.535 | lengthscale: 1.246 | outputscale: 1.784 | noise: 0.100
Iter 130 | Loss: -1285.516 | lengthscale: 1.246 | outputscale: 1.787 | noise: 0.100
Iter 140 | Loss: -1285.604 | lengthscale: 1.246 | outputscale: 1.785 | noise: 0.100
Iter 150 | Loss: -1285.619 | lengthscale: 1.244 | outputscale: 1.779 | noise: 0.100
Iter 160 | Loss: -1285.609 | lengthscale: 1.244 | outputscale: 1.783 | noise: 0.100
Iter 170 | Loss: -1285.568 | lengthscale: 1.245 | outputscale: 1.784 | noise: 0.100
Iter 180 | Loss: -1285.687 | lengthscale: 1.245 | outputscale: 1.781 | noise: 0.100
Iter 190 | Loss: -1285.677 | lengthscale: 1.246 | outputscale: 1.784 | noise: 0.100
Iter 200 | Loss: -1285.606 | lengthscale: 1.247 | outputscale: 1.788 | noise: 0.100
Iter 210 | Loss: -1285.666 | lengthscale: 1.248 | outputscale: 1.795 | noise: 0.100
Iter 220 | Loss: -1285.652 | lengthscale: 1.249 | outputscale: 1.802 | noise: 0.100
Iter 230 | Loss: -1285.606 | lengthscale: 1.250 | outputscale: 1.806 | noise: 0.100
Iter 240 | Loss: -1285.611 | lengthscale: 1.250 | outputscale: 1.804 | noise: 0.100
Iter 250 | Loss: -1285.689 | lengthscale: 1.252 | outputscale: 1.817 | noise: 0.100
Iter 260 | Loss: -1285.672 | lengthscale: 1.254 | outputscale: 1.824 | noise: 0.100
Iter 270 | Loss: -1285.694 | lengthscale: 1.253 | outputscale: 1.823 | noise: 0.100
Iter 280 | Loss: -1285.649 | lengthscale: 1.251 | outputscale: 1.813 | noise: 0.100
Iter 290 | Loss: -1285.634 | lengthscale: 1.249 | outputscale: 1.805 | noise: 0.100
Iter 300 | Loss: -1285.675 | lengthscale: 1.248 | outputscale: 1.803 | noise: 0.100
Iter 310 | Loss: -1285.615 | lengthscale: 1.248 | outputscale: 1.795 | noise: 0.100
Iter 320 | Loss: -1285.629 | lengthscale: 1.249 | outputscale: 1.801 | noise: 0.100
Iter 330 | Loss: -1285.714 | lengthscale: 1.251 | outputscale: 1.812 | noise: 0.100
Iter 340 | Loss: -1285.644 | lengthscale: 1.249 | outputscale: 1.808 | noise: 0.100
Iter 350 | Loss: -1285.544 | lengthscale: 1.248 | outputscale: 1.797 | noise: 0.100
Iter 360 | Loss: -1285.660 | lengthscale: 1.249 | outputscale: 1.798 | noise: 0.100
Iter 370 | Loss: -1285.621 | lengthscale: 1.249 | outputscale: 1.804 | noise: 0.100
Iter 380 | Loss: -1285.601 | lengthscale: 1.250 | outputscale: 1.804 | noise: 0.100
Iter 390 | Loss: -1285.698 | lengthscale: 1.250 | outputscale: 1.808 | noise: 0.100
Iter 400 | Loss: -1285.655 | lengthscale: 1.251 | outputscale: 1.811 | noise: 0.100
Iter 410 | Loss: -1285.665 | lengthscale: 1.252 | outputscale: 1.813 | noise: 0.100
Iter 420 | Loss: -1285.571 | lengthscale: 1.252 | outputscale: 1.816 | noise: 0.100
Iter 430 | Loss: -1285.609 | lengthscale: 1.250 | outputscale: 1.812 | noise: 0.100
Iter 440 | Loss: -1285.637 | lengthscale: 1.251 | outputscale: 1.806 | noise: 0.100
Iter 450 | Loss: -1285.645 | lengthscale: 1.247 | outputscale: 1.793 | noise: 0.100
Iter 460 | Loss: -1285.721 | lengthscale: 1.249 | outputscale: 1.795 | noise: 0.100
Iter 470 | Loss: -1285.637 | lengthscale: 1.248 | outputscale: 1.799 | noise: 0.100
Iter 480 | Loss: -1285.636 | lengthscale: 1.250 | outputscale: 1.806 | noise: 0.100
Iter 490 | Loss: -1285.611 | lengthscale: 1.249 | outputscale: 1.810 | noise: 0.100
Iter 500 | Loss: -1285.690 | lengthscale: 1.251 | outputscale: 1.811 | noise: 0.100
Iter 510 | Loss: -1285.621 | lengthscale: 1.251 | outputscale: 1.815 | noise: 0.100
Iter 520 | Loss: -1285.702 | lengthscale: 1.251 | outputscale: 1.808 | noise: 0.100
Iter 530 | Loss: -1285.664 | lengthscale: 1.247 | outputscale: 1.795 | noise: 0.100
Iter 540 | Loss: -1285.618 | lengthscale: 1.250 | outputscale: 1.801 | noise: 0.100
Iter 550 | Loss: -1285.595 | lengthscale: 1.247 | outputscale: 1.797 | noise: 0.100
Iter 560 | Loss: -1285.689 | lengthscale: 1.250 | outputscale: 1.803 | noise: 0.100
Iter 570 | Loss: -1285.638 | lengthscale: 1.246 | outputscale: 1.793 | noise: 0.100
Iter 580 | Loss: -1285.633 | lengthscale: 1.249 | outputscale: 1.794 | noise: 0.100
Iter 590 | Loss: -1285.645 | lengthscale: 1.251 | outputscale: 1.816 | noise: 0.100
Iter 600 | Loss: -1285.609 | lengthscale: 1.251 | outputscale: 1.812 | noise: 0.100
Iter 610 | Loss: -1285.703 | lengthscale: 1.248 | outputscale: 1.793 | noise: 0.100
Iter 620 | Loss: -1285.630 | lengthscale: 1.248 | outputscale: 1.799 | noise: 0.100
Iter 630 | Loss: -1285.625 | lengthscale: 1.250 | outputscale: 1.810 | noise: 0.100
Iter 640 | Loss: -1285.684 | lengthscale: 1.248 | outputscale: 1.792 | noise: 0.100
Iter 650 | Loss: -1285.613 | lengthscale: 1.246 | outputscale: 1.783 | noise: 0.100
Iter 660 | Loss: -1285.693 | lengthscale: 1.248 | outputscale: 1.798 | noise: 0.100
Iter 670 | Loss: -1285.695 | lengthscale: 1.252 | outputscale: 1.816 | noise: 0.100
Iter 680 | Loss: -1285.664 | lengthscale: 1.255 | outputscale: 1.832 | noise: 0.100
Iter 690 | Loss: -1285.673 | lengthscale: 1.252 | outputscale: 1.822 | noise: 0.100
Iter 700 | Loss: -1285.680 | lengthscale: 1.251 | outputscale: 1.809 | noise: 0.100
Iter 710 | Loss: -1285.634 | lengthscale: 1.249 | outputscale: 1.809 | noise: 0.100
Iter 720 | Loss: -1285.776 | lengthscale: 1.250 | outputscale: 1.804 | noise: 0.100
Iter 730 | Loss: -1285.703 | lengthscale: 1.249 | outputscale: 1.801 | noise: 0.100
Iter 740 | Loss: -1285.677 | lengthscale: 1.249 | outputscale: 1.798 | noise: 0.100
Iter 750 | Loss: -1285.621 | lengthscale: 1.250 | outputscale: 1.809 | noise: 0.100
Iter 760 | Loss: -1285.641 | lengthscale: 1.248 | outputscale: 1.799 | noise: 0.100
Iter 770 | Loss: -1285.702 | lengthscale: 1.251 | outputscale: 1.798 | noise: 0.100
Iter 780 | Loss: -1285.615 | lengthscale: 1.247 | outputscale: 1.788 | noise: 0.100
Iter 790 | Loss: -1285.658 | lengthscale: 1.248 | outputscale: 1.797 | noise: 0.100
Iter 800 | Loss: -1285.729 | lengthscale: 1.254 | outputscale: 1.833 | noise: 0.100
Iter 810 | Loss: -1285.661 | lengthscale: 1.254 | outputscale: 1.824 | noise: 0.100
Iter 820 | Loss: -1285.562 | lengthscale: 1.246 | outputscale: 1.785 | noise: 0.100
Iter 830 | Loss: -1285.596 | lengthscale: 1.245 | outputscale: 1.775 | noise: 0.100
Iter 840 | Loss: -1285.614 | lengthscale: 1.245 | outputscale: 1.783 | noise: 0.100
Iter 850 | Loss: -1285.673 | lengthscale: 1.247 | outputscale: 1.787 | noise: 0.100
Iter 860 | Loss: -1285.618 | lengthscale: 1.247 | outputscale: 1.797 | noise: 0.100
Iter 870 | Loss: -1285.679 | lengthscale: 1.253 | outputscale: 1.822 | noise: 0.100
Iter 880 | Loss: -1285.713 | lengthscale: 1.256 | outputscale: 1.840 | noise: 0.100
Iter 890 | Loss: -1285.649 | lengthscale: 1.253 | outputscale: 1.829 | noise: 0.100
Iter 900 | Loss: -1285.702 | lengthscale: 1.254 | outputscale: 1.824 | noise: 0.100
Iter 910 | Loss: -1285.720 | lengthscale: 1.257 | outputscale: 1.837 | noise: 0.100
Iter 920 | Loss: -1285.647 | lengthscale: 1.252 | outputscale: 1.816 | noise: 0.100
Iter 930 | Loss: -1285.675 | lengthscale: 1.247 | outputscale: 1.794 | noise: 0.100
Iter 940 | Loss: -1285.607 | lengthscale: 1.246 | outputscale: 1.788 | noise: 0.100
Iter 950 | Loss: -1285.593 | lengthscale: 1.240 | outputscale: 1.769 | noise: 0.100
Iter 960 | Loss: -1285.663 | lengthscale: 1.248 | outputscale: 1.784 | noise: 0.100
Iter 970 | Loss: -1285.604 | lengthscale: 1.244 | outputscale: 1.782 | noise: 0.100
Iter 980 | Loss: -1285.653 | lengthscale: 1.245 | outputscale: 1.790 | noise: 0.100
Iter 990 | Loss: -1285.634 | lengthscale: 1.248 | outputscale: 1.785 | noise: 0.100
Iter 1000 | Loss: -1285.633 | lengthscale: 1.249 | outputscale: 1.801 | noise: 0.100
Iter 1010 | Loss: -1285.684 | lengthscale: 1.250 | outputscale: 1.818 | noise: 0.100
Iter 1020 | Loss: -1285.706 | lengthscale: 1.253 | outputscale: 1.813 | noise: 0.100
Iter 1030 | Loss: -1285.583 | lengthscale: 1.251 | outputscale: 1.811 | noise: 0.100
Iter 1040 | Loss: -1285.652 | lengthscale: 1.248 | outputscale: 1.800 | noise: 0.100
Iter 1050 | Loss: -1285.634 | lengthscale: 1.250 | outputscale: 1.796 | noise: 0.100
Iter 1060 | Loss: -1285.612 | lengthscale: 1.248 | outputscale: 1.799 | noise: 0.100
Iter 1070 | Loss: -1285.634 | lengthscale: 1.249 | outputscale: 1.800 | noise: 0.100
Iter 1080 | Loss: -1285.613 | lengthscale: 1.246 | outputscale: 1.787 | noise: 0.100
Iter 1090 | Loss: -1285.624 | lengthscale: 1.245 | outputscale: 1.777 | noise: 0.100
Iter 1100 | Loss: -1285.550 | lengthscale: 1.243 | outputscale: 1.763 | noise: 0.100
Iter 1110 | Loss: -1285.636 | lengthscale: 1.245 | outputscale: 1.781 | noise: 0.100
Iter 1120 | Loss: -1285.639 | lengthscale: 1.247 | outputscale: 1.798 | noise: 0.100
Iter 1130 | Loss: -1285.623 | lengthscale: 1.250 | outputscale: 1.799 | noise: 0.100
Iter 1140 | Loss: -1285.615 | lengthscale: 1.248 | outputscale: 1.796 | noise: 0.100
Iter 1150 | Loss: -1285.683 | lengthscale: 1.249 | outputscale: 1.807 | noise: 0.100
Iter 1160 | Loss: -1285.666 | lengthscale: 1.251 | outputscale: 1.809 | noise: 0.100
Iter 1170 | Loss: -1285.657 | lengthscale: 1.249 | outputscale: 1.797 | noise: 0.100
Iter 1180 | Loss: -1285.601 | lengthscale: 1.243 | outputscale: 1.774 | noise: 0.100
Iter 1190 | Loss: -1285.621 | lengthscale: 1.245 | outputscale: 1.783 | noise: 0.100
Iter 1200 | Loss: -1285.651 | lengthscale: 1.250 | outputscale: 1.807 | noise: 0.100
Iter 1210 | Loss: -1285.591 | lengthscale: 1.249 | outputscale: 1.807 | noise: 0.100
Iter 1220 | Loss: -1285.670 | lengthscale: 1.246 | outputscale: 1.786 | noise: 0.100
Iter 1230 | Loss: -1285.568 | lengthscale: 1.249 | outputscale: 1.799 | noise: 0.100
Iter 1240 | Loss: -1285.578 | lengthscale: 1.245 | outputscale: 1.786 | noise: 0.100
Iter 1250 | Loss: -1285.563 | lengthscale: 1.243 | outputscale: 1.774 | noise: 0.100
Iter 1260 | Loss: -1285.560 | lengthscale: 1.244 | outputscale: 1.774 | noise: 0.100
Iter 1270 | Loss: -1285.612 | lengthscale: 1.242 | outputscale: 1.764 | noise: 0.100
Iter 1280 | Loss: -1285.593 | lengthscale: 1.245 | outputscale: 1.790 | noise: 0.100
Iter 1290 | Loss: -1285.648 | lengthscale: 1.252 | outputscale: 1.810 | noise: 0.100
Iter 1300 | Loss: -1285.732 | lengthscale: 1.249 | outputscale: 1.806 | noise: 0.100
Iter 1310 | Loss: -1285.640 | lengthscale: 1.247 | outputscale: 1.798 | noise: 0.100
Iter 1320 | Loss: -1285.651 | lengthscale: 1.249 | outputscale: 1.807 | noise: 0.100
Iter 1330 | Loss: -1285.662 | lengthscale: 1.251 | outputscale: 1.801 | noise: 0.100
Iter 1340 | Loss: -1285.623 | lengthscale: 1.245 | outputscale: 1.787 | noise: 0.100
Iter 1350 | Loss: -1285.588 | lengthscale: 1.245 | outputscale: 1.780 | noise: 0.100
Iter 1360 | Loss: -1285.610 | lengthscale: 1.245 | outputscale: 1.776 | noise: 0.100
Iter 1370 | Loss: -1285.546 | lengthscale: 1.247 | outputscale: 1.787 | noise: 0.100
Iter 1380 | Loss: -1285.672 | lengthscale: 1.252 | outputscale: 1.816 | noise: 0.100
Iter 1390 | Loss: -1285.665 | lengthscale: 1.249 | outputscale: 1.804 | noise: 0.100
Iter 1400 | Loss: -1285.635 | lengthscale: 1.248 | outputscale: 1.792 | noise: 0.100
Iter 1410 | Loss: -1285.671 | lengthscale: 1.245 | outputscale: 1.774 | noise: 0.100
Iter 1420 | Loss: -1285.625 | lengthscale: 1.252 | outputscale: 1.815 | noise: 0.100
Iter 1430 | Loss: -1285.692 | lengthscale: 1.255 | outputscale: 1.826 | noise: 0.100
Iter 1440 | Loss: -1285.683 | lengthscale: 1.252 | outputscale: 1.822 | noise: 0.100
Iter 1450 | Loss: -1285.692 | lengthscale: 1.249 | outputscale: 1.804 | noise: 0.100
Iter 1460 | Loss: -1285.658 | lengthscale: 1.251 | outputscale: 1.810 | noise: 0.100
Iter 1470 | Loss: -1285.659 | lengthscale: 1.252 | outputscale: 1.812 | noise: 0.100
Iter 1480 | Loss: -1285.708 | lengthscale: 1.250 | outputscale: 1.796 | noise: 0.100
Iter 1490 | Loss: -1285.628 | lengthscale: 1.248 | outputscale: 1.790 | noise: 0.100
Iter 1500 | Loss: -1285.587 | lengthscale: 1.246 | outputscale: 1.786 | noise: 0.100
Iter 1510 | Loss: -1285.653 | lengthscale: 1.246 | outputscale: 1.794 | noise: 0.100
Iter 1520 | Loss: -1285.641 | lengthscale: 1.245 | outputscale: 1.775 | noise: 0.100
Iter 1530 | Loss: -1285.632 | lengthscale: 1.245 | outputscale: 1.770 | noise: 0.100
Iter 1540 | Loss: -1285.630 | lengthscale: 1.252 | outputscale: 1.827 | noise: 0.100
Iter 1550 | Loss: -1285.660 | lengthscale: 1.257 | outputscale: 1.846 | noise: 0.100
Iter 1560 | Loss: -1285.666 | lengthscale: 1.253 | outputscale: 1.819 | noise: 0.100
Iter 1570 | Loss: -1285.709 | lengthscale: 1.246 | outputscale: 1.782 | noise: 0.100
Iter 1580 | Loss: -1285.636 | lengthscale: 1.248 | outputscale: 1.797 | noise: 0.100
Iter 1590 | Loss: -1285.659 | lengthscale: 1.257 | outputscale: 1.832 | noise: 0.100
Iter 1600 | Loss: -1285.648 | lengthscale: 1.253 | outputscale: 1.819 | noise: 0.100
Iter 1610 | Loss: -1285.651 | lengthscale: 1.249 | outputscale: 1.801 | noise: 0.100
Iter 1620 | Loss: -1285.572 | lengthscale: 1.250 | outputscale: 1.809 | noise: 0.100
Iter 1630 | Loss: -1285.649 | lengthscale: 1.246 | outputscale: 1.788 | noise: 0.100
Iter 1640 | Loss: -1285.660 | lengthscale: 1.248 | outputscale: 1.794 | noise: 0.100
Iter 1650 | Loss: -1285.616 | lengthscale: 1.245 | outputscale: 1.784 | noise: 0.100
Iter 1660 | Loss: -1285.584 | lengthscale: 1.245 | outputscale: 1.778 | noise: 0.100
Iter 1670 | Loss: -1285.639 | lengthscale: 1.247 | outputscale: 1.795 | noise: 0.100
Iter 1680 | Loss: -1285.657 | lengthscale: 1.249 | outputscale: 1.806 | noise: 0.100
Iter 1690 | Loss: -1285.680 | lengthscale: 1.254 | outputscale: 1.821 | noise: 0.100
Iter 1700 | Loss: -1285.684 | lengthscale: 1.251 | outputscale: 1.811 | noise: 0.100
Iter 1710 | Loss: -1285.619 | lengthscale: 1.242 | outputscale: 1.763 | noise: 0.100
Iter 1720 | Loss: -1285.597 | lengthscale: 1.240 | outputscale: 1.763 | noise: 0.100
Iter 1730 | Loss: -1285.663 | lengthscale: 1.247 | outputscale: 1.783 | noise: 0.100
Iter 1740 | Loss: -1285.577 | lengthscale: 1.249 | outputscale: 1.797 | noise: 0.100
Iter 1750 | Loss: -1285.625 | lengthscale: 1.249 | outputscale: 1.805 | noise: 0.100
Iter 1760 | Loss: -1285.613 | lengthscale: 1.245 | outputscale: 1.776 | noise: 0.100
Iter 1770 | Loss: -1285.633 | lengthscale: 1.250 | outputscale: 1.809 | noise: 0.100
Iter 1780 | Loss: -1285.664 | lengthscale: 1.252 | outputscale: 1.811 | noise: 0.100
Iter 1790 | Loss: -1285.566 | lengthscale: 1.248 | outputscale: 1.796 | noise: 0.100
Iter 1800 | Loss: -1285.602 | lengthscale: 1.246 | outputscale: 1.795 | noise: 0.100
Iter 1810 | Loss: -1285.661 | lengthscale: 1.252 | outputscale: 1.819 | noise: 0.100
Iter 1820 | Loss: -1285.622 | lengthscale: 1.250 | outputscale: 1.807 | noise: 0.100
Iter 1830 | Loss: -1285.679 | lengthscale: 1.246 | outputscale: 1.786 | noise: 0.100
Iter 1840 | Loss: -1285.606 | lengthscale: 1.246 | outputscale: 1.782 | noise: 0.100
Iter 1850 | Loss: -1285.590 | lengthscale: 1.250 | outputscale: 1.807 | noise: 0.100
Iter 1860 | Loss: -1285.531 | lengthscale: 1.248 | outputscale: 1.800 | noise: 0.100
Iter 1870 | Loss: -1285.611 | lengthscale: 1.244 | outputscale: 1.776 | noise: 0.100
Iter 1880 | Loss: -1285.647 | lengthscale: 1.251 | outputscale: 1.807 | noise: 0.100
Iter 1890 | Loss: -1285.610 | lengthscale: 1.251 | outputscale: 1.805 | noise: 0.100
Iter 1900 | Loss: -1285.589 | lengthscale: 1.250 | outputscale: 1.801 | noise: 0.100
Iter 1910 | Loss: -1285.614 | lengthscale: 1.243 | outputscale: 1.774 | noise: 0.100
Iter 1920 | Loss: -1285.625 | lengthscale: 1.245 | outputscale: 1.783 | noise: 0.100
Iter 1930 | Loss: -1285.660 | lengthscale: 1.249 | outputscale: 1.808 | noise: 0.100
Iter 1940 | Loss: -1285.684 | lengthscale: 1.254 | outputscale: 1.829 | noise: 0.100
Iter 1950 | Loss: -1285.649 | lengthscale: 1.246 | outputscale: 1.783 | noise: 0.100
Iter 1960 | Loss: -1285.587 | lengthscale: 1.246 | outputscale: 1.785 | noise: 0.100
Iter 1970 | Loss: -1285.648 | lengthscale: 1.246 | outputscale: 1.789 | noise: 0.100
Iter 1980 | Loss: -1285.632 | lengthscale: 1.251 | outputscale: 1.820 | noise: 0.100
Iter 1990 | Loss: -1285.712 | lengthscale: 1.251 | outputscale: 1.815 | noise: 0.100
Iter 2000 | Loss: -1285.632 | lengthscale: 1.250 | outputscale: 1.806 | noise: 0.100
Iter 2010 | Loss: -1285.679 | lengthscale: 1.253 | outputscale: 1.819 | noise: 0.100
Iter 2020 | Loss: -1285.593 | lengthscale: 1.250 | outputscale: 1.809 | noise: 0.100
Iter 2030 | Loss: -1285.640 | lengthscale: 1.244 | outputscale: 1.783 | noise: 0.100
Iter 2040 | Loss: -1285.680 | lengthscale: 1.247 | outputscale: 1.788 | noise: 0.100
Iter 2050 | Loss: -1285.649 | lengthscale: 1.254 | outputscale: 1.820 | noise: 0.100
Iter 2060 | Loss: -1285.663 | lengthscale: 1.251 | outputscale: 1.812 | noise: 0.100
Iter 2070 | Loss: -1285.608 | lengthscale: 1.246 | outputscale: 1.784 | noise: 0.100
Iter 2080 | Loss: -1285.573 | lengthscale: 1.239 | outputscale: 1.759 | noise: 0.100
Iter 2090 | Loss: -1285.610 | lengthscale: 1.243 | outputscale: 1.773 | noise: 0.100
Iter 2100 | Loss: -1285.644 | lengthscale: 1.247 | outputscale: 1.801 | noise: 0.100
Iter 2110 | Loss: -1285.680 | lengthscale: 1.249 | outputscale: 1.799 | noise: 0.100
Iter 2120 | Loss: -1285.545 | lengthscale: 1.243 | outputscale: 1.761 | noise: 0.100
Iter 2130 | Loss: -1285.583 | lengthscale: 1.247 | outputscale: 1.793 | noise: 0.100
Iter 2140 | Loss: -1285.703 | lengthscale: 1.252 | outputscale: 1.817 | noise: 0.100
Iter 2150 | Loss: -1285.671 | lengthscale: 1.253 | outputscale: 1.824 | noise: 0.100
Iter 2160 | Loss: -1285.666 | lengthscale: 1.250 | outputscale: 1.812 | noise: 0.100
Iter 2170 | Loss: -1285.558 | lengthscale: 1.245 | outputscale: 1.788 | noise: 0.100
Iter 2180 | Loss: -1285.649 | lengthscale: 1.251 | outputscale: 1.819 | noise: 0.100
Iter 2190 | Loss: -1285.629 | lengthscale: 1.247 | outputscale: 1.791 | noise: 0.100
Iter 2200 | Loss: -1285.674 | lengthscale: 1.249 | outputscale: 1.796 | noise: 0.100
Iter 2210 | Loss: -1285.666 | lengthscale: 1.251 | outputscale: 1.814 | noise: 0.100
Iter 2220 | Loss: -1285.630 | lengthscale: 1.249 | outputscale: 1.810 | noise: 0.100
Iter 2230 | Loss: -1285.653 | lengthscale: 1.251 | outputscale: 1.811 | noise: 0.100
Iter 2240 | Loss: -1285.670 | lengthscale: 1.252 | outputscale: 1.823 | noise: 0.100
Iter 2250 | Loss: -1285.664 | lengthscale: 1.255 | outputscale: 1.836 | noise: 0.100
Iter 2260 | Loss: -1285.688 | lengthscale: 1.249 | outputscale: 1.799 | noise: 0.100
Iter 2270 | Loss: -1285.615 | lengthscale: 1.247 | outputscale: 1.793 | noise: 0.100
Iter 2280 | Loss: -1285.684 | lengthscale: 1.249 | outputscale: 1.802 | noise: 0.100
Iter 2290 | Loss: -1285.647 | lengthscale: 1.246 | outputscale: 1.787 | noise: 0.100
Iter 2300 | Loss: -1285.595 | lengthscale: 1.243 | outputscale: 1.775 | noise: 0.100
Iter 2310 | Loss: -1285.706 | lengthscale: 1.251 | outputscale: 1.820 | noise: 0.100
Iter 2320 | Loss: -1285.706 | lengthscale: 1.253 | outputscale: 1.824 | noise: 0.100
Iter 2330 | Loss: -1285.637 | lengthscale: 1.249 | outputscale: 1.805 | noise: 0.100
Iter 2340 | Loss: -1285.680 | lengthscale: 1.250 | outputscale: 1.802 | noise: 0.100
Iter 2350 | Loss: -1285.699 | lengthscale: 1.255 | outputscale: 1.816 | noise: 0.100
Iter 2360 | Loss: -1285.577 | lengthscale: 1.250 | outputscale: 1.813 | noise: 0.100
Iter 2370 | Loss: -1285.625 | lengthscale: 1.247 | outputscale: 1.801 | noise: 0.100
Iter 2380 | Loss: -1285.647 | lengthscale: 1.245 | outputscale: 1.781 | noise: 0.100
Iter 2390 | Loss: -1285.612 | lengthscale: 1.240 | outputscale: 1.755 | noise: 0.100
Iter 2400 | Loss: -1285.645 | lengthscale: 1.248 | outputscale: 1.793 | noise: 0.100
Iter 2410 | Loss: -1285.640 | lengthscale: 1.255 | outputscale: 1.832 | noise: 0.100
Iter 2420 | Loss: -1285.692 | lengthscale: 1.247 | outputscale: 1.792 | noise: 0.100
Iter 2430 | Loss: -1285.598 | lengthscale: 1.248 | outputscale: 1.794 | noise: 0.100
Iter 2440 | Loss: -1285.625 | lengthscale: 1.251 | outputscale: 1.810 | noise: 0.100
Iter 2450 | Loss: -1285.709 | lengthscale: 1.255 | outputscale: 1.839 | noise: 0.100
Iter 2460 | Loss: -1285.590 | lengthscale: 1.247 | outputscale: 1.802 | noise: 0.100
Iter 2470 | Loss: -1285.611 | lengthscale: 1.250 | outputscale: 1.800 | noise: 0.100
Iter 2480 | Loss: -1285.645 | lengthscale: 1.248 | outputscale: 1.782 | noise: 0.100
Iter 2490 | Loss: -1285.611 | lengthscale: 1.243 | outputscale: 1.766 | noise: 0.100
Iter 2499 | Loss: -1285.640 | lengthscale: 1.252 | outputscale: 1.821 | noise: 0.100
Learned Hyperparams:  {'lengthscale': 1.2518662214279175, 'outputscale': 1.8212682008743286, 'noise': 0.10026343911886215, 'marginal_likelihood_loss_history': [-813.3553466796875, -824.5311279296875, -835.6234130859375, -846.6280517578125, -857.5411376953125, -868.3643798828125, -879.0914306640625, -889.7274169921875, -900.2691650390625, -910.7110595703125, -921.0523681640625, -931.2786865234375, -941.4029541015625, -951.4080810546875, -961.2945556640625, -971.0643310546875, -980.7137451171875, -990.2391357421875, -999.6375732421875, -1008.9095458984375, -1018.0418701171875, -1027.0318603515625, -1035.8858642578125, -1044.6058349609375, -1053.1824951171875, -1061.6070556640625, -1069.8765869140625, -1078.0015869140625, -1085.9637451171875, -1093.7752685546875, -1101.4393310546875, -1108.9190673828125, -1116.2430419921875, -1123.4190673828125, -1130.4154052734375, -1137.2486572265625, -1143.8983154296875, -1150.3902587890625, -1156.7220458984375, -1162.8743896484375, -1168.8558349609375, -1174.6512451171875, -1180.2701416015625, -1185.7332763671875, -1191.0086669921875, -1196.1048583984375, -1201.0469970703125, -1205.8267822265625, -1210.4007568359375, -1214.8211669921875, -1219.0621337890625, -1223.1297607421875, -1227.0909423828125, -1230.8470458984375, -1234.4200439453125, -1237.8209228515625, -1241.1361083984375, -1244.2469482421875, -1247.1759033203125, -1250.0074462890625, -1252.6654052734375, -1255.1619873046875, -1257.5457763671875, -1259.8460693359375, -1261.9674072265625, -1263.9427490234375, -1265.8057861328125, -1267.5418701171875, -1269.1697998046875, -1270.7088623046875, -1272.1156005859375, -1273.4251708984375, -1274.6573486328125, -1275.7928466796875, -1276.7789306640625, -1277.7679443359375, -1278.6693115234375, -1279.3758544921875, -1280.1502685546875, -1280.7869873046875, -1281.4290771484375, -1281.9720458984375, -1282.4334716796875, -1282.8646240234375, -1283.2374267578125, -1283.6007080078125, -1283.8587646484375, -1284.1209716796875, -1284.3792724609375, -1284.6038818359375, -1284.7598876953125, -1284.9044189453125, -1285.0399169921875, -1285.1607666015625, -1285.2064208984375, -1285.2513427734375, -1285.3355712890625, -1285.4720458984375, -1285.4910888671875, -1285.5098876953125, -1285.5174560546875, -1285.5618896484375, -1285.5262451171875, -1285.5194091796875, -1285.5999755859375, -1285.6251220703125, -1285.6502685546875, -1285.6072998046875, -1285.6903076171875, -1285.6109619140625, -1285.6605224609375, -1285.6590576171875, -1285.6180419921875, -1285.5770263671875, -1285.5816650390625, -1285.5106201171875, -1285.5760498046875, -1285.5838623046875, -1285.5247802734375, -1285.6312255859375, -1285.5347900390625, -1285.5218505859375, -1285.5618896484375, -1285.6031494140625, -1285.6297607421875, -1285.6136474609375, -1285.5272216796875, -1285.5567626953125, -1285.6116943359375, -1285.5506591796875, -1285.5164794921875, -1285.5750732421875, -1285.5047607421875, -1285.5355224609375, -1285.5809326171875, -1285.5328369140625, -1285.5169677734375, -1285.6009521484375, -1285.5982666015625, -1285.6209716796875, -1285.6036376953125, -1285.6138916015625, -1285.5452880859375, -1285.6322021484375, -1285.6707763671875, -1285.5472412109375, -1285.6058349609375, -1285.6229248046875, -1285.6234130859375, -1285.6053466796875, -1285.6190185546875, -1285.5841064453125, -1285.5784912109375, -1285.6163330078125, -1285.5882568359375, -1285.6253662109375, -1285.5941162109375, -1285.6429443359375, -1285.6485595703125, -1285.6151123046875, -1285.6092529296875, -1285.6302490234375, -1285.5194091796875, -1285.6541748046875, -1285.6732177734375, -1285.6851806640625, -1285.6058349609375, -1285.6109619140625, -1285.6563720703125, -1285.6126708984375, -1285.5675048828125, -1285.6102294921875, -1285.5933837890625, -1285.6307373046875, -1285.6226806640625, -1285.5953369140625, -1285.6087646484375, -1285.6619873046875, -1285.5428466796875, -1285.5570068359375, -1285.6871337890625, -1285.5687255859375, -1285.6190185546875, -1285.5755615234375, -1285.6490478515625, -1285.5364990234375, -1285.5975341796875, -1285.6556396484375, -1285.5955810546875, -1285.6844482421875, -1285.6771240234375, -1285.6634521484375, -1285.6463623046875, -1285.6339111328125, -1285.6673583984375, -1285.6346435546875, -1285.6180419921875, -1285.7283935546875, -1285.6085205078125, -1285.6744384765625, -1285.6058349609375, -1285.6309814453125, -1285.6370849609375, -1285.6456298828125, -1285.6673583984375, -1285.6390380859375, -1285.6993408203125, -1285.6766357421875, -1285.6727294921875, -1285.6380615234375, -1285.6656494140625, -1285.6351318359375, -1285.6297607421875, -1285.6414794921875, -1285.6514892578125, -1285.7108154296875, -1285.6158447265625, -1285.7083740234375, -1285.5838623046875, -1285.6820068359375, -1285.6524658203125, -1285.6990966796875, -1285.6668701171875, -1285.6356201171875, -1285.5906982421875, -1285.6839599609375, -1285.6766357421875, -1285.6121826171875, -1285.6219482421875, -1285.6478271484375, -1285.6063232421875, -1285.5789794921875, -1285.6500244140625, -1285.6185302734375, -1285.6878662109375, -1285.6138916015625, -1285.7269287109375, -1285.6295166015625, -1285.5985107421875, -1285.6248779296875, -1285.6112060546875, -1285.6092529296875, -1285.6468505859375, -1285.6990966796875, -1285.6802978515625, -1285.6395263671875, -1285.6732177734375, -1285.6248779296875, -1285.6229248046875, -1285.6600341796875, -1285.6888427734375, -1285.6956787109375, -1285.6309814453125, -1285.6776123046875, -1285.7235107421875, -1285.6683349609375, -1285.7186279296875, -1285.6834716796875, -1285.7066650390625, -1285.5875244140625, -1285.6724853515625, -1285.6473388671875, -1285.6724853515625, -1285.6636962890625, -1285.7088623046875, -1285.6700439453125, -1285.7073974609375, -1285.6304931640625, -1285.6043701171875, -1285.6854248046875, -1285.6942138671875, -1285.6861572265625, -1285.6116943359375, -1285.6297607421875, -1285.6461181640625, -1285.6204833984375, -1285.6380615234375, -1285.6851806640625, -1285.6722412109375, -1285.6229248046875, -1285.6490478515625, -1285.6019287109375, -1285.6497802734375, -1285.5797119140625, -1285.5965576171875, -1285.6397705078125, -1285.7227783203125, -1285.6444091796875, -1285.6536865234375, -1285.6099853515625, -1285.6343994140625, -1285.5679931640625, -1285.6873779296875, -1285.6497802734375, -1285.6180419921875, -1285.6925048828125, -1285.6654052734375, -1285.6148681640625, -1285.6312255859375, -1285.6885986328125, -1285.6751708984375, -1285.5809326171875, -1285.6273193359375, -1285.6429443359375, -1285.6488037109375, -1285.6131591796875, -1285.6575927734375, -1285.6312255859375, -1285.6593017578125, -1285.6221923828125, -1285.6146240234375, -1285.5623779296875, -1285.5633544921875, -1285.6947021484375, -1285.6680908203125, -1285.7078857421875, -1285.6292724609375, -1285.6121826171875, -1285.6497802734375, -1285.6500244140625, -1285.6292724609375, -1285.6688232421875, -1285.6224365234375, -1285.5965576171875, -1285.6658935546875, -1285.6619873046875, -1285.6458740234375, -1285.6470947265625, -1285.6146240234375, -1285.6761474609375, -1285.7137451171875, -1285.6571044921875, -1285.5926513671875, -1285.6361083984375, -1285.6903076171875, -1285.6478271484375, -1285.6649169921875, -1285.6851806640625, -1285.7034912109375, -1285.6405029296875, -1285.6436767578125, -1285.5618896484375, -1285.6055908203125, -1285.5867919921875, -1285.7030029296875, -1285.6370849609375, -1285.6781005859375, -1285.6707763671875, -1285.5950927734375, -1285.5863037109375, -1285.5443115234375, -1285.5870361328125, -1285.6732177734375, -1285.6651611328125, -1285.6566162109375, -1285.6297607421875, -1285.6131591796875, -1285.6092529296875, -1285.6287841796875, -1285.6614990234375, -1285.6595458984375, -1285.6566162109375, -1285.5858154296875, -1285.6531982421875, -1285.6707763671875, -1285.6170654296875, -1285.6361083984375, -1285.6121826171875, -1285.5760498046875, -1285.6446533203125, -1285.6214599609375, -1285.6424560546875, -1285.6541748046875, -1285.6531982421875, -1285.6304931640625, -1285.6434326171875, -1285.5936279296875, -1285.6624755859375, -1285.6370849609375, -1285.5987548828125, -1285.6009521484375, -1285.6595458984375, -1285.7027587890625, -1285.6839599609375, -1285.6507568359375, -1285.6431884765625, -1285.6102294921875, -1285.6346435546875, -1285.6771240234375, -1285.6265869140625, -1285.6983642578125, -1285.6092529296875, -1285.5994873046875, -1285.5992431640625, -1285.6126708984375, -1285.6356201171875, -1285.6683349609375, -1285.6920166015625, -1285.5887451171875, -1285.6510009765625, -1285.6553955078125, -1285.6458740234375, -1285.6341552734375, -1285.7279052734375, -1285.6370849609375, -1285.5831298828125, -1285.6170654296875, -1285.6024169921875, -1285.5833740234375, -1285.6981201171875, -1285.6654052734375, -1285.6805419921875, -1285.6448974609375, -1285.6580810546875, -1285.5872802734375, -1285.7254638671875, -1285.6844482421875, -1285.6239013671875, -1285.6224365234375, -1285.6610107421875, -1285.5706787109375, -1285.6422119140625, -1285.5555419921875, -1285.7103271484375, -1285.6812744140625, -1285.6319580078125, -1285.6688232421875, -1285.6832275390625, -1285.6761474609375, -1285.6075439453125, -1285.6087646484375, -1285.5814208984375, -1285.6785888671875, -1285.6439208984375, -1285.5977783203125, -1285.6204833984375, -1285.6737060546875, -1285.6737060546875, -1285.6322021484375, -1285.6844482421875, -1285.6365966796875, -1285.6688232421875, -1285.6453857421875, -1285.6522216796875, -1285.6231689453125, -1285.6622314453125, -1285.6519775390625, -1285.6729736328125, -1285.6834716796875, -1285.5875244140625, -1285.6453857421875, -1285.6348876953125, -1285.6495361328125, -1285.6580810546875, -1285.6737060546875, -1285.6141357421875, -1285.6795654296875, -1285.5535888671875, -1285.5382080078125, -1285.6419677734375, -1285.7210693359375, -1285.6470947265625, -1285.6595458984375, -1285.6358642578125, -1285.6351318359375, -1285.5814208984375, -1285.6239013671875, -1285.6844482421875, -1285.6287841796875, -1285.6400146484375, -1285.6373291015625, -1285.5989990234375, -1285.6436767578125, -1285.6541748046875, -1285.6375732421875, -1285.6226806640625, -1285.6658935546875, -1285.6622314453125, -1285.6888427734375, -1285.6151123046875, -1285.6356201171875, -1285.6805419921875, -1285.6627197265625, -1285.6610107421875, -1285.5997314453125, -1285.6253662109375, -1285.6177978515625, -1285.6888427734375, -1285.6488037109375, -1285.6024169921875, -1285.6109619140625, -1285.6356201171875, -1285.6219482421875, -1285.6915283203125, -1285.7352294921875, -1285.6253662109375, -1285.6014404296875, -1285.6868896484375, -1285.7420654296875, -1285.6702880859375, -1285.6903076171875, -1285.6251220703125, -1285.7420654296875, -1285.6268310546875, -1285.6407470703125, -1285.5706787109375, -1285.6287841796875, -1285.6839599609375, -1285.6134033203125, -1285.6329345703125, -1285.6209716796875, -1285.6258544921875, -1285.7208251953125, -1285.6905517578125, -1285.7618408203125, -1285.5897216796875, -1285.6700439453125, -1285.6199951171875, -1285.6666259765625, -1285.6763916015625, -1285.7020263671875, -1285.7220458984375, -1285.6864013671875, -1285.6390380859375, -1285.5814208984375, -1285.6605224609375, -1285.6573486328125, -1285.6322021484375, -1285.7103271484375, -1285.7083740234375, -1285.6636962890625, -1285.6573486328125, -1285.6370849609375, -1285.6253662109375, -1285.6580810546875, -1285.6536865234375, -1285.6094970703125, -1285.5950927734375, -1285.6697998046875, -1285.6771240234375, -1285.6180419921875, -1285.6846923828125, -1285.7249755859375, -1285.6373291015625, -1285.5914306640625, -1285.5941162109375, -1285.6038818359375, -1285.6785888671875, -1285.6331787109375, -1285.6998291015625, -1285.5950927734375, -1285.6810302734375, -1285.5570068359375, -1285.6260986328125, -1285.6121826171875, -1285.6556396484375, -1285.6517333984375, -1285.6990966796875, -1285.6800537109375, -1285.6749267578125, -1285.6890869140625, -1285.6561279296875, -1285.6961669921875, -1285.6766357421875, -1285.6766357421875, -1285.6209716796875, -1285.6754150390625, -1285.6114501953125, -1285.6942138671875, -1285.7210693359375, -1285.6375732421875, -1285.5755615234375, -1285.5677490234375, -1285.5816650390625, -1285.6536865234375, -1285.6658935546875, -1285.6187744140625, -1285.5906982421875, -1285.6634521484375, -1285.6588134765625, -1285.6329345703125, -1285.6502685546875, -1285.6180419921875, -1285.5740966796875, -1285.5960693359375, -1285.6248779296875, -1285.6307373046875, -1285.6312255859375, -1285.6478271484375, -1285.6517333984375, -1285.6448974609375, -1285.5819091796875, -1285.6617431640625, -1285.6812744140625, -1285.6268310546875, -1285.6683349609375, -1285.6693115234375, -1285.7098388671875, -1285.6763916015625, -1285.6177978515625, -1285.6092529296875, -1285.5977783203125, -1285.6351318359375, -1285.6771240234375, -1285.6663818359375, -1285.6024169921875, -1285.5606689453125, -1285.6419677734375, -1285.5594482421875, -1285.6400146484375, -1285.7032470703125, -1285.6304931640625, -1285.6258544921875, -1285.6180419921875, -1285.6038818359375, -1285.5980224609375, -1285.5911865234375, -1285.7113037109375, -1285.5753173828125, -1285.6834716796875, -1285.6300048828125, -1285.6175537109375, -1285.5902099609375, -1285.6546630859375, -1285.7125244140625, -1285.6309814453125, -1285.5833740234375, -1285.6800537109375, -1285.5709228515625, -1285.6917724609375, -1285.6253662109375, -1285.6114501953125, -1285.6077880859375, -1285.6678466796875, -1285.6395263671875, -1285.6588134765625, -1285.6268310546875, -1285.6925048828125, -1285.6761474609375, -1285.6239013671875, -1285.6837158203125, -1285.7098388671875, -1285.6168212890625, -1285.5845947265625, -1285.5545654296875, -1285.5784912109375, -1285.6253662109375, -1285.6732177734375, -1285.5882568359375, -1285.5777587890625, -1285.6126708984375, -1285.6058349609375, -1285.6580810546875, -1285.6756591796875, -1285.6204833984375, -1285.6024169921875, -1285.6290283203125, -1285.6334228515625, -1285.5672607421875, -1285.6614990234375, -1285.6929931640625, -1285.6336669921875, -1285.6204833984375, -1285.6412353515625, -1285.6907958984375, -1285.6522216796875, -1285.6734619140625, -1285.5770263671875, -1285.6414794921875, -1285.6981201171875, -1285.6947021484375, -1285.6854248046875, -1285.6080322265625, -1285.6063232421875, -1285.6619873046875, -1285.6839599609375, -1285.6199951171875, -1285.7034912109375, -1285.5457763671875, -1285.7215576171875, -1285.6644287109375, -1285.7078857421875, -1285.6859130859375, -1285.6842041015625, -1285.6270751953125, -1285.6656494140625, -1285.7144775390625, -1285.6634521484375, -1285.7354736328125, -1285.6778564453125, -1285.6732177734375, -1285.6763916015625, -1285.6756591796875, -1285.7044677734375, -1285.6749267578125, -1285.6846923828125, -1285.7083740234375, -1285.6104736328125, -1285.6405029296875, -1285.6768798828125, -1285.6795654296875, -1285.6622314453125, -1285.6785888671875, -1285.6678466796875, -1285.6151123046875, -1285.6781005859375, -1285.6026611328125, -1285.7266845703125, -1285.6898193359375, -1285.5838623046875, -1285.6339111328125, -1285.5587158203125, -1285.6597900390625, -1285.7147216796875, -1285.7149658203125, -1285.6285400390625, -1285.6112060546875, -1285.6180419921875, -1285.6019287109375, -1285.7420654296875, -1285.7760009765625, -1285.6026611328125, -1285.6287841796875, -1285.6121826171875, -1285.6998291015625, -1285.6492919921875, -1285.6319580078125, -1285.6004638671875, -1285.6116943359375, -1285.5465087890625, -1285.7034912109375, -1285.6146240234375, -1285.6690673828125, -1285.6766357421875, -1285.6263427734375, -1285.6141357421875, -1285.6536865234375, -1285.5721435546875, -1285.6619873046875, -1285.6458740234375, -1285.6771240234375, -1285.5714111328125, -1285.6104736328125, -1285.6453857421875, -1285.6424560546875, -1285.6297607421875, -1285.7093505859375, -1285.7237548828125, -1285.6741943359375, -1285.6683349609375, -1285.6209716796875, -1285.5902099609375, -1285.6690673828125, -1285.7244873046875, -1285.6917724609375, -1285.6370849609375, -1285.6300048828125, -1285.5926513671875, -1285.6810302734375, -1285.7059326171875, -1285.6409912109375, -1285.6102294921875, -1285.5863037109375, -1285.6578369140625, -1285.6759033203125, -1285.6951904296875, -1285.6385498046875, -1285.5577392578125, -1285.6263427734375, -1285.5926513671875, -1285.7020263671875, -1285.6910400390625, -1285.7286376953125, -1285.6336669921875, -1285.5472412109375, -1285.5885009765625, -1285.6578369140625, -1285.6400146484375, -1285.6654052734375, -1285.6456298828125, -1285.6151123046875, -1285.6461181640625, -1285.6463623046875, -1285.6561279296875, -1285.5928955078125, -1285.6495361328125, -1285.5767822265625, -1285.6468505859375, -1285.6656494140625, -1285.5731201171875, -1285.6575927734375, -1285.6793212890625, -1285.6239013671875, -1285.5928955078125, -1285.6856689453125, -1285.6229248046875, -1285.6981201171875, -1285.6741943359375, -1285.6973876953125, -1285.6658935546875, -1285.7293701171875, -1285.6766357421875, -1285.6636962890625, -1285.6324462890625, -1285.6346435546875, -1285.5809326171875, -1285.6585693359375, -1285.6463623046875, -1285.6610107421875, -1285.6224365234375, -1285.6610107421875, -1285.6475830078125, -1285.6641845703125, -1285.6156005859375, -1285.6439208984375, -1285.6268310546875, -1285.6365966796875, -1285.6292724609375, -1285.6072998046875, -1285.6292724609375, -1285.5623779296875, -1285.6121826171875, -1285.5823974609375, -1285.6431884765625, -1285.6146240234375, -1285.6043701171875, -1285.5189208984375, -1285.5958251953125, -1285.6124267578125, -1285.5989990234375, -1285.5958251953125, -1285.6312255859375, -1285.6173095703125, -1285.6014404296875, -1285.5887451171875, -1285.6170654296875, -1285.6707763671875, -1285.6517333984375, -1285.6143798828125, -1285.6102294921875, -1285.6136474609375, -1285.6219482421875, -1285.6112060546875, -1285.6717529296875, -1285.6649169921875, -1285.6007080078125, -1285.6365966796875, -1285.5804443359375, -1285.6505126953125, -1285.6617431640625, -1285.6729736328125, -1285.6644287109375, -1285.6695556640625, -1285.6756591796875, -1285.6265869140625, -1285.6656494140625, -1285.5611572265625, -1285.5911865234375, -1285.6199951171875, -1285.6673583984375, -1285.6180419921875, -1285.5770263671875, -1285.6571044921875, -1285.6058349609375, -1285.6395263671875, -1285.6483154296875, -1285.6168212890625, -1285.5745849609375, -1285.6163330078125, -1285.6578369140625, -1285.6785888671875, -1285.6917724609375, -1285.6392822265625, -1285.6781005859375, -1285.6837158203125, -1285.6390380859375, -1285.6444091796875, -1285.6170654296875, -1285.6905517578125, -1285.6363525390625, -1285.7130126953125, -1285.6610107421875, -1285.6495361328125, -1285.6768798828125, -1285.6873779296875, -1285.6693115234375, -1285.6785888671875, -1285.6383056640625, -1285.6998291015625, -1285.6986083984375, -1285.6488037109375, -1285.6922607421875, -1285.7274169921875, -1285.6707763671875, -1285.6795654296875, -1285.6751708984375, -1285.7161865234375, -1285.6966552734375, -1285.6260986328125, -1285.5997314453125, -1285.7015380859375, -1285.6844482421875, -1285.6104736328125, -1285.7335205078125, -1285.6239013671875, -1285.6673583984375, -1285.7100830078125, -1285.6453857421875, -1285.6414794921875, -1285.6595458984375, -1285.7200927734375, -1285.6871337890625, -1285.6751708984375, -1285.7044677734375, -1285.6937255859375, -1285.6553955078125, -1285.6641845703125, -1285.7083740234375, -1285.6729736328125, -1285.7113037109375, -1285.6473388671875, -1285.7164306640625, -1285.6646728515625, -1285.6649169921875, -1285.6749267578125, -1285.6199951171875, -1285.6673583984375, -1285.6319580078125, -1285.7047119140625, -1285.6571044921875, -1285.6754150390625, -1285.6497802734375, -1285.6580810546875, -1285.6456298828125, -1285.6807861328125, -1285.6502685546875, -1285.6219482421875, -1285.6663818359375, -1285.6385498046875, -1285.5794677734375, -1285.6068115234375, -1285.6751708984375, -1285.6966552734375, -1285.7191162109375, -1285.6190185546875, -1285.5726318359375, -1285.5902099609375, -1285.5777587890625, -1285.6107177734375, -1285.6436767578125, -1285.5926513671875, -1285.6226806640625, -1285.5662841796875, -1285.5784912109375, -1285.6439208984375, -1285.6195068359375, -1285.6600341796875, -1285.6107177734375, -1285.5731201171875, -1285.5679931640625, -1285.6634521484375, -1285.6722412109375, -1285.6519775390625, -1285.5938720703125, -1285.5841064453125, -1285.6419677734375, -1285.5911865234375, -1285.6824951171875, -1285.6168212890625, -1285.6824951171875, -1285.6041259765625, -1285.6011962890625, -1285.6546630859375, -1285.6375732421875, -1285.6859130859375, -1285.5789794921875, -1285.6224365234375, -1285.5989990234375, -1285.7213134765625, -1285.6756591796875, -1285.6527099609375, -1285.6314697265625, -1285.5980224609375, -1285.6229248046875, -1285.6517333984375, -1285.6585693359375, -1285.6800537109375, -1285.5704345703125, -1285.5872802734375, -1285.6502685546875, -1285.6339111328125, -1285.6195068359375, -1285.6300048828125, -1285.5965576171875, -1285.5931396484375, -1285.6754150390625, -1285.6463623046875, -1285.6456298828125, -1285.6248779296875, -1285.6026611328125, -1285.6326904296875, -1285.6112060546875, -1285.6397705078125, -1285.6502685546875, -1285.7198486328125, -1285.6893310546875, -1285.6575927734375, -1285.6387939453125, -1285.7061767578125, -1285.6441650390625, -1285.6844482421875, -1285.6131591796875, -1285.6605224609375, -1285.5931396484375, -1285.6409912109375, -1285.6600341796875, -1285.6947021484375, -1285.6751708984375, -1285.6400146484375, -1285.6121826171875, -1285.7056884765625, -1285.7152099609375, -1285.6082763671875, -1285.6458740234375, -1285.6348876953125, -1285.6995849609375, -1285.7103271484375, -1285.6365966796875, -1285.6021728515625, -1285.6224365234375, -1285.5831298828125, -1285.6575927734375, -1285.6229248046875, -1285.6414794921875, -1285.5980224609375, -1285.6458740234375, -1285.6378173828125, -1285.6778564453125, -1285.7127685546875, -1285.6644287109375, -1285.6524658203125, -1285.6385498046875, -1285.5496826171875, -1285.6246337890625, -1285.6405029296875, -1285.6121826171875, -1285.6561279296875, -1285.6168212890625, -1285.6451416015625, -1285.6024169921875, -1285.6339111328125, -1285.6165771484375, -1285.6678466796875, -1285.5882568359375, -1285.5701904296875, -1285.5931396484375, -1285.6302490234375, -1285.6546630859375, -1285.6041259765625, -1285.6512451171875, -1285.6121826171875, -1285.6453857421875, -1285.6488037109375, -1285.6019287109375, -1285.6588134765625, -1285.7000732421875, -1285.6319580078125, -1285.6688232421875, -1285.6343994140625, -1285.6138916015625, -1285.6343994140625, -1285.5916748046875, -1285.6156005859375, -1285.6329345703125, -1285.6131591796875, -1285.6502685546875, -1285.7249755859375, -1285.6932373046875, -1285.6280517578125, -1285.6224365234375, -1285.6131591796875, -1285.6878662109375, -1285.6409912109375, -1285.5567626953125, -1285.6536865234375, -1285.6268310546875, -1285.5433349609375, -1285.5928955078125, -1285.6275634765625, -1285.6226806640625, -1285.6239013671875, -1285.5765380859375, -1285.5950927734375, -1285.6302490234375, -1285.6356201171875, -1285.5992431640625, -1285.5755615234375, -1285.6287841796875, -1285.6151123046875, -1285.6068115234375, -1285.5496826171875, -1285.6175537109375, -1285.5831298828125, -1285.6409912109375, -1285.5855712890625, -1285.6634521484375, -1285.5452880859375, -1285.5828857421875, -1285.5784912109375, -1285.6414794921875, -1285.6363525390625, -1285.5711669921875, -1285.6260986328125, -1285.6214599609375, -1285.6483154296875, -1285.5345458984375, -1285.6058349609375, -1285.6336669921875, -1285.6551513671875, -1285.7137451171875, -1285.6390380859375, -1285.5804443359375, -1285.5943603515625, -1285.6849365234375, -1285.7144775390625, -1285.6785888671875, -1285.6971435546875, -1285.6553955078125, -1285.6080322265625, -1285.6656494140625, -1285.6226806640625, -1285.6229248046875, -1285.6451416015625, -1285.6026611328125, -1285.6163330078125, -1285.5989990234375, -1285.7142333984375, -1285.6434326171875, -1285.6072998046875, -1285.5853271484375, -1285.6151123046875, -1285.5845947265625, -1285.6605224609375, -1285.6329345703125, -1285.6517333984375, -1285.5777587890625, -1285.6302490234375, -1285.6405029296875, -1285.6546630859375, -1285.6795654296875, -1285.6829833984375, -1285.6539306640625, -1285.5826416015625, -1285.6497802734375, -1285.6712646484375, -1285.6441650390625, -1285.6492919921875, -1285.6427001953125, -1285.6275634765625, -1285.6414794921875, -1285.6663818359375, -1285.7176513671875, -1285.6639404296875, -1285.6995849609375, -1285.6195068359375, -1285.6131591796875, -1285.6290283203125, -1285.6402587890625, -1285.6702880859375, -1285.6146240234375, -1285.6571044921875, -1285.6300048828125, -1285.6925048828125, -1285.6568603515625, -1285.5885009765625, -1285.6341552734375, -1285.5889892578125, -1285.6068115234375, -1285.6038818359375, -1285.6448974609375, -1285.6007080078125, -1285.6732177734375, -1285.6187744140625, -1285.6346435546875, -1285.6158447265625, -1285.5877685546875, -1285.6058349609375, -1285.5638427734375, -1285.6329345703125, -1285.6285400390625, -1285.6209716796875, -1285.6417236328125, -1285.6185302734375, -1285.5975341796875, -1285.6727294921875, -1285.6812744140625, -1285.6456298828125, -1285.7147216796875, -1285.6214599609375, -1285.6627197265625, -1285.6505126953125, -1285.5970458984375, -1285.6524658203125, -1285.6688232421875, -1285.6546630859375, -1285.6251220703125, -1285.6163330078125, -1285.5924072265625, -1285.7447509765625, -1285.6619873046875, -1285.5906982421875, -1285.6336669921875, -1285.7083740234375, -1285.6075439453125, -1285.6505126953125, -1285.6063232421875, -1285.5833740234375, -1285.6453857421875, -1285.6060791015625, -1285.6636962890625, -1285.6700439453125, -1285.6566162109375, -1285.5975341796875, -1285.5899658203125, -1285.6551513671875, -1285.6019287109375, -1285.6385498046875, -1285.7415771484375, -1285.6927490234375, -1285.5887451171875, -1285.5677490234375, -1285.5970458984375, -1285.6966552734375, -1285.6199951171875, -1285.5845947265625, -1285.6434326171875, -1285.6192626953125, -1285.6480712890625, -1285.6497802734375, -1285.6180419921875, -1285.5780029296875, -1285.5599365234375, -1285.5955810546875, -1285.6717529296875, -1285.5877685546875, -1285.5628662109375, -1285.6424560546875, -1285.5484619140625, -1285.5823974609375, -1285.5902099609375, -1285.5628662109375, -1285.5614013671875, -1285.5994873046875, -1285.6407470703125, -1285.5902099609375, -1285.6043701171875, -1285.6678466796875, -1285.6136474609375, -1285.6099853515625, -1285.5538330078125, -1285.5601806640625, -1285.5804443359375, -1285.7174072265625, -1285.6063232421875, -1285.5936279296875, -1285.6815185546875, -1285.5670166015625, -1285.5604248046875, -1285.5784912109375, -1285.6029052734375, -1285.6119384765625, -1285.5833740234375, -1285.5435791015625, -1285.5604248046875, -1285.5677490234375, -1285.6185302734375, -1285.6107177734375, -1285.5831298828125, -1285.6417236328125, -1285.6556396484375, -1285.5931396484375, -1285.6517333984375, -1285.6370849609375, -1285.6549072265625, -1285.6453857421875, -1285.7471923828125, -1285.5775146484375, -1285.6292724609375, -1285.5933837890625, -1285.6219482421875, -1285.6483154296875, -1285.7425537109375, -1285.6878662109375, -1285.5941162109375, -1285.6146240234375, -1285.6422119140625, -1285.6336669921875, -1285.6419677734375, -1285.6297607421875, -1285.5611572265625, -1285.7318115234375, -1285.6448974609375, -1285.6527099609375, -1285.6829833984375, -1285.6693115234375, -1285.6707763671875, -1285.6002197265625, -1285.6851806640625, -1285.6781005859375, -1285.6441650390625, -1285.6402587890625, -1285.5928955078125, -1285.6368408203125, -1285.6619873046875, -1285.6795654296875, -1285.6448974609375, -1285.5491943359375, -1285.5970458984375, -1285.6629638671875, -1285.6458740234375, -1285.6514892578125, -1285.6351318359375, -1285.6014404296875, -1285.7064208984375, -1285.7025146484375, -1285.6885986328125, -1285.6785888671875, -1285.6385498046875, -1285.6429443359375, -1285.6116943359375, -1285.6622314453125, -1285.6932373046875, -1285.6141357421875, -1285.6256103515625, -1285.5748291015625, -1285.6246337890625, -1285.6573486328125, -1285.6414794921875, -1285.6658935546875, -1285.5701904296875, -1285.6231689453125, -1285.6046142578125, -1285.5821533203125, -1285.6400146484375, -1285.6368408203125, -1285.6124267578125, -1285.6180419921875, -1285.6405029296875, -1285.6024169921875, -1285.6033935546875, -1285.5877685546875, -1285.5941162109375, -1285.6632080078125, -1285.6136474609375, -1285.6556396484375, -1285.5894775390625, -1285.5921630859375, -1285.6273193359375, -1285.6285400390625, -1285.5616455078125, -1285.6097412109375, -1285.5855712890625, -1285.5897216796875, -1285.6263427734375, -1285.5794677734375, -1285.6746826171875, -1285.6483154296875, -1285.6478271484375, -1285.6456298828125, -1285.5870361328125, -1285.5462646484375, -1285.6439208984375, -1285.6541748046875, -1285.6331787109375, -1285.6512451171875, -1285.6693115234375, -1285.5850830078125, -1285.6282958984375, -1285.5946044921875, -1285.6658935546875, -1285.6722412109375, -1285.6065673828125, -1285.7445068359375, -1285.6849365234375, -1285.7718505859375, -1285.6612548828125, -1285.6678466796875, -1285.6224365234375, -1285.7056884765625, -1285.6944580078125, -1285.6646728515625, -1285.5736083984375, -1285.6536865234375, -1285.6280517578125, -1285.7130126953125, -1285.5465087890625, -1285.6214599609375, -1285.5758056640625, -1285.6959228515625, -1285.6483154296875, -1285.6348876953125, -1285.6190185546875, -1285.6373291015625, -1285.6011962890625, -1285.6317138671875, -1285.6334228515625, -1285.7071533203125, -1285.6246337890625, -1285.6282958984375, -1285.5709228515625, -1285.6712646484375, -1285.5364990234375, -1285.7135009765625, -1285.6290283203125, -1285.6771240234375, -1285.6563720703125, -1285.6270751953125, -1285.5660400390625, -1285.6278076171875, -1285.6680908203125, -1285.6248779296875, -1285.7161865234375, -1285.6131591796875, -1285.5745849609375, -1285.6705322265625, -1285.6219482421875, -1285.6253662109375, -1285.6319580078125, -1285.6492919921875, -1285.6278076171875, -1285.6917724609375, -1285.6966552734375, -1285.6383056640625, -1285.7244873046875, -1285.6905517578125, -1285.6849365234375, -1285.6085205078125, -1285.6949462890625, -1285.6463623046875, -1285.6497802734375, -1285.6829833984375, -1285.6473388671875, -1285.6800537109375, -1285.7186279296875, -1285.7005615234375, -1285.6409912109375, -1285.5867919921875, -1285.6141357421875, -1285.6602783203125, -1285.6966552734375, -1285.6917724609375, -1285.7215576171875, -1285.6312255859375, -1285.6170654296875, -1285.7003173828125, -1285.6805419921875, -1285.6219482421875, -1285.6390380859375, -1285.6544189453125, -1285.6502685546875, -1285.6583251953125, -1285.6158447265625, -1285.6409912109375, -1285.6700439453125, -1285.6544189453125, -1285.7257080078125, -1285.6812744140625, -1285.6702880859375, -1285.5452880859375, -1285.7186279296875, -1285.6585693359375, -1285.6427001953125, -1285.5257568359375, -1285.6312255859375, -1285.5809326171875, -1285.5970458984375, -1285.6771240234375, -1285.6470947265625, -1285.5838623046875, -1285.6141357421875, -1285.7076416015625, -1285.6578369140625, -1285.6097412109375, -1285.6141357421875, -1285.5965576171875, -1285.6654052734375, -1285.6275634765625, -1285.6929931640625, -1285.6302490234375, -1285.5706787109375, -1285.6282958984375, -1285.5972900390625, -1285.6175537109375, -1285.5914306640625, -1285.6500244140625, -1285.6385498046875, -1285.7066650390625, -1285.6798095703125, -1285.6387939453125, -1285.6072998046875, -1285.5865478515625, -1285.6468505859375, -1285.6690673828125, -1285.6307373046875, -1285.5936279296875, -1285.5777587890625, -1285.6014404296875, -1285.6763916015625, -1285.6810302734375, -1285.5933837890625, -1285.6527099609375, -1285.5914306640625, -1285.6854248046875, -1285.5806884765625, -1285.6322021484375, -1285.6805419921875, -1285.6090087890625, -1285.6275634765625, -1285.5626220703125, -1285.7156982421875, -1285.6409912109375, -1285.6490478515625, -1285.5325927734375, -1285.5816650390625, -1285.5201416015625, -1285.6531982421875, -1285.6239013671875, -1285.6253662109375, -1285.6199951171875, -1285.6114501953125, -1285.6322021484375, -1285.6390380859375, -1285.6275634765625, -1285.6280517578125, -1285.6778564453125, -1285.6566162109375, -1285.7276611328125, -1285.7032470703125, -1285.7064208984375, -1285.6285400390625, -1285.6297607421875, -1285.6583251953125, -1285.6668701171875, -1285.6517333984375, -1285.6629638671875, -1285.6256103515625, -1285.7069091796875, -1285.6536865234375, -1285.6859130859375, -1285.6483154296875, -1285.6602783203125, -1285.6439208984375, -1285.6832275390625, -1285.6551513671875, -1285.6802978515625, -1285.6087646484375, -1285.6383056640625, -1285.5653076171875, -1285.6314697265625, -1285.7003173828125, -1285.6663818359375, -1285.6285400390625, -1285.6204833984375, -1285.6307373046875, -1285.6702880859375, -1285.6585693359375, -1285.6810302734375, -1285.5555419921875, -1285.6346435546875, -1285.6302490234375, -1285.7093505859375, -1285.6510009765625, -1285.6077880859375, -1285.5760498046875, -1285.5511474609375, -1285.5804443359375, -1285.6160888671875, -1285.6932373046875, -1285.6490478515625, -1285.5999755859375, -1285.6356201171875, -1285.6260986328125, -1285.6375732421875, -1285.6380615234375, -1285.6561279296875, -1285.6998291015625, -1285.6717529296875, -1285.7095947265625, -1285.7322998046875, -1285.6883544921875, -1285.6590576171875, -1285.7313232421875, -1285.6705322265625, -1285.7083740234375, -1285.6732177734375, -1285.6492919921875, -1285.6463623046875, -1285.6500244140625, -1285.6702880859375, -1285.7196044921875, -1285.6478271484375, -1285.6356201171875, -1285.7154541015625, -1285.6478271484375, -1285.6112060546875, -1285.6387939453125, -1285.7210693359375, -1285.6385498046875, -1285.6781005859375, -1285.6016845703125, -1285.6512451171875, -1285.6253662109375, -1285.6695556640625, -1285.6126708984375, -1285.5679931640625, -1285.6392822265625, -1285.5809326171875, -1285.7247314453125, -1285.6331787109375, -1285.5906982421875, -1285.5716552734375, -1285.6624755859375, -1285.6925048828125, -1285.6834716796875, -1285.6446533203125, -1285.6295166015625, -1285.6815185546875, -1285.6395263671875, -1285.5545654296875, -1285.5865478515625, -1285.6488037109375, -1285.6490478515625, -1285.5491943359375, -1285.5753173828125, -1285.6605224609375, -1285.5972900390625, -1285.6336669921875, -1285.5875244140625, -1285.6268310546875, -1285.6307373046875, -1285.6595458984375, -1285.6624755859375, -1285.6566162109375, -1285.6976318359375, -1285.6468505859375, -1285.5853271484375, -1285.6209716796875, -1285.5706787109375, -1285.6707763671875, -1285.6351318359375, -1285.6158447265625, -1285.6143798828125, -1285.6041259765625, -1285.6485595703125, -1285.6536865234375, -1285.6380615234375, -1285.6375732421875, -1285.6043701171875, -1285.5740966796875, -1285.5955810546875, -1285.5843505859375, -1285.5845947265625, -1285.5404052734375, -1285.5655517578125, -1285.6033935546875, -1285.6331787109375, -1285.6270751953125, -1285.6551513671875, -1285.6278076171875, -1285.5782470703125, -1285.6392822265625, -1285.6387939453125, -1285.5343017578125, -1285.6522216796875, -1285.6114501953125, -1285.6761474609375, -1285.6290283203125, -1285.6072998046875, -1285.6685791015625, -1285.6385498046875, -1285.6566162109375, -1285.5853271484375, -1285.5438232421875, -1285.6815185546875, -1285.6607666015625, -1285.6361083984375, -1285.6419677734375, -1285.5843505859375, -1285.6536865234375, -1285.6190185546875, -1285.6800537109375, -1285.6627197265625, -1285.6644287109375, -1285.6549072265625, -1285.7244873046875, -1285.6429443359375, -1285.6954345703125, -1285.6895751953125, -1285.6746826171875, -1285.6773681640625, -1285.6837158203125, -1285.6873779296875, -1285.6820068359375, -1285.6278076171875, -1285.5753173828125, -1285.5946044921875, -1285.5950927734375, -1285.6817626953125, -1285.5909423828125, -1285.6319580078125, -1285.6192626953125, -1285.5426025390625, -1285.6326904296875, -1285.6136474609375, -1285.5609130859375, -1285.5657958984375, -1285.5701904296875, -1285.6402587890625, -1285.6514892578125, -1285.5819091796875, -1285.5968017578125, -1285.6134033203125, -1285.6605224609375, -1285.6033935546875, -1285.6868896484375, -1285.5885009765625, -1285.6429443359375, -1285.6326904296875, -1285.6114501953125, -1285.6068115234375, -1285.6634521484375, -1285.6365966796875, -1285.6473388671875, -1285.5963134765625, -1285.6483154296875, -1285.5963134765625, -1285.5848388671875, -1285.6019287109375, -1285.6107177734375, -1285.6099853515625, -1285.5765380859375, -1285.6021728515625, -1285.6612548828125, -1285.6094970703125, -1285.5897216796875, -1285.5809326171875, -1285.6412353515625, -1285.6912841796875, -1285.7249755859375, -1285.6295166015625, -1285.6253662109375, -1285.6063232421875, -1285.6771240234375, -1285.6715087890625, -1285.6204833984375, -1285.6568603515625, -1285.6505126953125, -1285.6109619140625, -1285.6600341796875, -1285.6348876953125, -1285.6131591796875, -1285.5758056640625, -1285.6119384765625, -1285.5616455078125, -1285.6055908203125, -1285.6160888671875, -1285.6424560546875, -1285.6055908203125, -1285.6785888671875, -1285.6351318359375, -1285.6326904296875, -1285.6617431640625, -1285.6356201171875, -1285.6539306640625, -1285.5860595703125, -1285.6732177734375, -1285.6522216796875, -1285.6343994140625, -1285.6544189453125, -1285.6263427734375, -1285.6644287109375, -1285.7137451171875, -1285.7113037109375, -1285.6168212890625, -1285.6263427734375, -1285.6290283203125, -1285.6522216796875, -1285.6217041015625, -1285.6256103515625, -1285.5743408203125, -1285.5662841796875, -1285.6439208984375, -1285.7147216796875, -1285.6663818359375, -1285.6678466796875, -1285.5057373046875, -1285.5401611328125, -1285.6368408203125, -1285.6219482421875, -1285.6966552734375, -1285.6024169921875, -1285.6497802734375, -1285.6729736328125, -1285.6712646484375, -1285.5838623046875, -1285.6273193359375, -1285.6683349609375, -1285.6287841796875, -1285.6634521484375, -1285.6600341796875, -1285.6610107421875, -1285.7232666015625, -1285.5948486328125, -1285.6961669921875, -1285.6434326171875, -1285.6888427734375, -1285.6610107421875, -1285.5870361328125, -1285.6483154296875, -1285.6754150390625, -1285.6219482421875, -1285.6004638671875, -1285.5340576171875, -1285.6861572265625, -1285.6558837890625, -1285.6297607421875, -1285.6019287109375, -1285.6029052734375, -1285.5836181640625, -1285.6287841796875, -1285.6790771484375, -1285.6024169921875, -1285.5562744140625, -1285.5489501953125, -1285.6177978515625, -1285.6392822265625, -1285.6339111328125, -1285.6229248046875, -1285.6007080078125, -1285.5999755859375, -1285.6055908203125, -1285.5643310546875, -1285.6368408203125, -1285.6136474609375, -1285.5941162109375, -1285.7406005859375, -1285.6278076171875, -1285.6771240234375, -1285.7161865234375, -1285.6143798828125, -1285.5899658203125, -1285.5848388671875, -1285.6556396484375, -1285.7557373046875, -1285.6766357421875, -1285.5999755859375, -1285.6717529296875, -1285.7039794921875, -1285.6539306640625, -1285.6173095703125, -1285.5311279296875, -1285.6278076171875, -1285.5772705078125, -1285.6478271484375, -1285.6016845703125, -1285.5311279296875, -1285.5584716796875, -1285.6097412109375, -1285.6571044921875, -1285.5860595703125, -1285.6107177734375, -1285.6021728515625, -1285.5875244140625, -1285.6356201171875, -1285.6375732421875, -1285.6644287109375, -1285.6888427734375, -1285.6390380859375, -1285.6634521484375, -1285.6673583984375, -1285.6466064453125, -1285.7164306640625, -1285.6329345703125, -1285.6824951171875, -1285.6353759765625, -1285.6741943359375, -1285.6756591796875, -1285.6837158203125, -1285.6229248046875, -1285.5794677734375, -1285.6102294921875, -1285.6947021484375, -1285.6700439453125, -1285.6295166015625, -1285.6363525390625, -1285.6082763671875, -1285.6231689453125, -1285.6419677734375, -1285.6072998046875, -1285.6600341796875, -1285.5887451171875, -1285.6488037109375, -1285.7052001953125, -1285.6654052734375, -1285.5906982421875, -1285.6043701171875, -1285.6280517578125, -1285.6905517578125, -1285.6751708984375, -1285.6180419921875, -1285.6136474609375, -1285.6141357421875, -1285.6226806640625, -1285.5889892578125, -1285.6405029296875, -1285.6199951171875, -1285.6829833984375, -1285.6414794921875, -1285.6439208984375, -1285.6199951171875, -1285.6248779296875, -1285.5648193359375, -1285.6156005859375, -1285.6319580078125, -1285.6065673828125, -1285.6322021484375, -1285.6077880859375, -1285.6063232421875, -1285.6651611328125, -1285.6868896484375, -1285.6602783203125, -1285.5789794921875, -1285.6927490234375, -1285.7386474609375, -1285.7030029296875, -1285.6146240234375, -1285.6673583984375, -1285.7047119140625, -1285.6544189453125, -1285.6590576171875, -1285.6844482421875, -1285.6849365234375, -1285.6683349609375, -1285.6885986328125, -1285.6937255859375, -1285.6541748046875, -1285.6961669921875, -1285.5687255859375, -1285.5618896484375, -1285.5845947265625, -1285.6485595703125, -1285.6568603515625, -1285.6356201171875, -1285.6224365234375, -1285.5660400390625, -1285.6156005859375, -1285.6434326171875, -1285.6202392578125, -1285.5985107421875, -1285.6453857421875, -1285.5872802734375, -1285.6947021484375, -1285.6517333984375, -1285.5672607421875, -1285.6287841796875, -1285.5848388671875, -1285.6737060546875, -1285.6197509765625, -1285.5816650390625, -1285.6375732421875, -1285.6483154296875, -1285.6336669921875, -1285.6861572265625, -1285.7174072265625, -1285.6761474609375, -1285.5545654296875, -1285.6990966796875, -1285.7203369140625, -1285.6890869140625, -1285.6912841796875, -1285.6319580078125, -1285.6317138671875, -1285.6480712890625, -1285.6566162109375, -1285.6478271484375, -1285.7093505859375, -1285.6336669921875, -1285.6510009765625, -1285.6624755859375, -1285.6829833984375, -1285.7122802734375, -1285.6116943359375, -1285.5989990234375, -1285.6888427734375, -1285.6605224609375, -1285.7200927734375, -1285.6446533203125, -1285.6326904296875, -1285.6478271484375, -1285.5789794921875, -1285.6317138671875, -1285.6705322265625, -1285.6551513671875, -1285.6505126953125, -1285.6505126953125, -1285.5955810546875, -1285.6536865234375, -1285.7469482421875, -1285.6561279296875, -1285.5313720703125, -1285.6790771484375, -1285.6859130859375, -1285.6964111328125, -1285.7454833984375, -1285.6571044921875, -1285.6551513671875, -1285.6541748046875, -1285.6334228515625, -1285.6822509765625, -1285.6722412109375, -1285.5933837890625, -1285.6297607421875, -1285.6466064453125, -1285.6309814453125, -1285.6448974609375, -1285.6566162109375, -1285.6593017578125, -1285.6322021484375, -1285.6297607421875, -1285.6605224609375, -1285.6400146484375, -1285.6160888671875, -1285.6038818359375, -1285.5694580078125, -1285.6800537109375, -1285.6593017578125, -1285.5345458984375, -1285.6361083984375, -1285.5684814453125, -1285.5982666015625, -1285.6802978515625, -1285.6341552734375, -1285.5819091796875, -1285.6053466796875, -1285.6331787109375, -1285.6563720703125, -1285.7283935546875, -1285.6727294921875, -1285.5916748046875, -1285.5819091796875, -1285.6488037109375, -1285.6717529296875, -1285.6268310546875, -1285.6546630859375, -1285.6839599609375, -1285.7091064453125, -1285.6397705078125, -1285.5955810546875, -1285.7230224609375, -1285.5823974609375, -1285.6632080078125, -1285.6871337890625, -1285.6832275390625, -1285.6429443359375, -1285.6185302734375, -1285.5987548828125, -1285.6470947265625, -1285.6348876953125, -1285.6246337890625, -1285.6224365234375, -1285.6075439453125, -1285.6114501953125, -1285.6927490234375, -1285.7017822265625, -1285.6429443359375, -1285.6514892578125, -1285.5828857421875, -1285.6273193359375, -1285.6307373046875, -1285.5994873046875, -1285.5731201171875, -1285.5938720703125, -1285.5697021484375, -1285.6119384765625, -1285.6500244140625, -1285.5670166015625, -1285.6065673828125, -1285.6077880859375, -1285.6141357421875, -1285.5875244140625, -1285.6104736328125, -1285.5985107421875, -1285.6295166015625, -1285.6263427734375, -1285.5721435546875, -1285.5704345703125, -1285.6033935546875, -1285.5482177734375, -1285.6556396484375, -1285.6483154296875, -1285.6441650390625, -1285.5518798828125, -1285.6346435546875, -1285.6690673828125, -1285.6585693359375, -1285.6898193359375, -1285.5921630859375, -1285.6053466796875, -1285.6820068359375, -1285.6185302734375, -1285.6800537109375, -1285.6346435546875, -1285.5181884765625, -1285.6109619140625, -1285.6556396484375, -1285.6351318359375, -1285.6192626953125, -1285.6365966796875, -1285.6112060546875, -1285.6219482421875, -1285.5447998046875, -1285.6107177734375, -1285.5657958984375, -1285.5750732421875, -1285.6409912109375, -1285.5601806640625, -1285.6175537109375, -1285.5906982421875, -1285.6141357421875, -1285.6053466796875, -1285.5833740234375, -1285.6483154296875, -1285.6131591796875, -1285.6424560546875, -1285.6517333984375, -1285.6041259765625, -1285.5992431640625, -1285.7008056640625, -1285.5926513671875, -1285.5926513671875, -1285.7027587890625, -1285.6402587890625, -1285.6146240234375, -1285.6229248046875, -1285.6551513671875, -1285.6666259765625, -1285.6585693359375, -1285.6861572265625, -1285.7237548828125, -1285.6876220703125, -1285.6712646484375, -1285.7381591796875, -1285.6861572265625, -1285.6697998046875, -1285.6531982421875, -1285.6783447265625, -1285.6575927734375, -1285.6719970703125, -1285.6326904296875, -1285.6829833984375, -1285.6663818359375, -1285.6541748046875, -1285.6317138671875, -1285.6956787109375, -1285.6712646484375, -1285.6551513671875, -1285.6278076171875, -1285.6209716796875, -1285.6358642578125, -1285.5975341796875, -1285.5579833984375, -1285.5743408203125, -1285.6234130859375, -1285.6654052734375, -1285.5985107421875, -1285.5526123046875, -1285.5631103515625, -1285.6568603515625, -1285.6575927734375, -1285.7064208984375, -1285.6485595703125, -1285.6544189453125, -1285.5977783203125, -1285.6837158203125, -1285.6663818359375, -1285.6507568359375, -1285.6304931640625, -1285.6907958984375, -1285.6170654296875, -1285.6510009765625, -1285.6290283203125, -1285.6273193359375, -1285.5906982421875, -1285.6781005859375, -1285.6121826171875, -1285.6292724609375, -1285.6302490234375, -1285.5718994140625, -1285.6219482421875, -1285.6053466796875, -1285.6737060546875, -1285.6785888671875, -1285.6285400390625, -1285.6341552734375, -1285.6385498046875, -1285.5228271484375, -1285.7191162109375, -1285.6055908203125, -1285.7044677734375, -1285.6268310546875, -1285.6661376953125, -1285.6414794921875, -1285.6658935546875, -1285.6756591796875, -1285.5570068359375, -1285.6077880859375, -1285.6595458984375, -1285.7149658203125, -1285.6927490234375, -1285.6956787109375, -1285.6304931640625, -1285.6014404296875, -1285.6253662109375, -1285.6146240234375, -1285.6356201171875, -1285.6326904296875, -1285.6011962890625, -1285.5892333984375, -1285.6265869140625, -1285.6937255859375, -1285.6531982421875, -1285.6685791015625, -1285.5755615234375, -1285.5872802734375, -1285.7247314453125, -1285.6942138671875, -1285.6915283203125, -1285.6844482421875, -1285.6842041015625, -1285.6114501953125, -1285.6697998046875, -1285.6478271484375, -1285.7320556640625, -1285.6292724609375, -1285.6329345703125, -1285.6976318359375, -1285.6600341796875, -1285.6248779296875, -1285.6849365234375, -1285.6285400390625, -1285.6639404296875, -1285.6156005859375, -1285.7352294921875, -1285.7469482421875, -1285.6702880859375, -1285.6829833984375, -1285.6937255859375, -1285.5872802734375, -1285.6285400390625, -1285.6458740234375, -1285.6876220703125, -1285.6146240234375, -1285.5958251953125, -1285.5699462890625, -1285.6917724609375, -1285.6710205078125, -1285.7069091796875, -1285.5897216796875, -1285.5875244140625, -1285.6092529296875, -1285.6153564453125, -1285.5911865234375, -1285.6551513671875, -1285.6363525390625, -1285.6065673828125, -1285.6378173828125, -1285.6673583984375, -1285.6378173828125, -1285.6649169921875, -1285.6343994140625, -1285.6842041015625, -1285.6761474609375, -1285.6688232421875, -1285.6514892578125, -1285.7117919921875, -1285.6253662109375, -1285.6480712890625, -1285.6600341796875, -1285.6546630859375, -1285.5716552734375, -1285.6468505859375, -1285.6256103515625, -1285.6400146484375, -1285.6517333984375, -1285.6480712890625, -1285.6644287109375, -1285.5909423828125, -1285.5975341796875, -1285.5955810546875, -1285.6153564453125, -1285.5948486328125, -1285.5985107421875, -1285.5784912109375, -1285.6439208984375, -1285.5887451171875, -1285.5845947265625, -1285.6202392578125, -1285.6944580078125, -1285.6488037109375, -1285.6900634765625, -1285.7056884765625, -1285.6385498046875, -1285.7015380859375, -1285.6588134765625, -1285.6925048828125, -1285.5946044921875, -1285.6546630859375, -1285.7342529296875, -1285.6400146484375, -1285.7210693359375, -1285.7059326171875, -1285.6910400390625, -1285.7208251953125, -1285.6119384765625, -1285.6285400390625, -1285.6082763671875, -1285.6260986328125, -1285.6678466796875, -1285.7144775390625, -1285.6656494140625, -1285.6370849609375, -1285.6290283203125, -1285.5909423828125, -1285.6165771484375, -1285.6588134765625, -1285.6270751953125, -1285.6492919921875, -1285.5948486328125, -1285.6309814453125, -1285.6458740234375, -1285.6800537109375, -1285.6351318359375, -1285.6055908203125, -1285.5758056640625, -1285.5716552734375, -1285.6729736328125, -1285.7022705078125, -1285.6492919921875, -1285.5753173828125, -1285.6903076171875, -1285.6986083984375, -1285.6771240234375, -1285.7030029296875, -1285.6273193359375, -1285.6053466796875, -1285.6600341796875, -1285.6854248046875, -1285.6575927734375, -1285.6375732421875, -1285.6356201171875, -1285.5765380859375, -1285.6258544921875, -1285.6712646484375, -1285.6649169921875, -1285.6607666015625, -1285.5626220703125, -1285.6488037109375, -1285.6175537109375, -1285.6766357421875, -1285.6781005859375, -1285.6248779296875, -1285.5977783203125, -1285.6080322265625, -1285.6390380859375, -1285.6361083984375, -1285.6505126953125, -1285.6246337890625, -1285.6380615234375, -1285.6922607421875, -1285.6771240234375, -1285.6473388671875, -1285.5999755859375, -1285.6312255859375, -1285.5950927734375, -1285.6099853515625, -1285.6041259765625, -1285.6029052734375, -1285.5784912109375, -1285.6068115234375, -1285.6031494140625, -1285.6116943359375, -1285.5985107421875, -1285.5804443359375, -1285.5704345703125, -1285.5694580078125, -1285.5635986328125, -1285.6473388671875, -1285.5657958984375, -1285.6199951171875, -1285.6165771484375, -1285.6451416015625, -1285.6470947265625, -1285.6175537109375, -1285.6578369140625, -1285.6751708984375, -1285.7030029296875, -1285.6444091796875, -1285.6297607421875, -1285.6810302734375, -1285.6885986328125, -1285.6402587890625, -1285.6029052734375, -1285.6964111328125, -1285.5902099609375, -1285.6776123046875, -1285.6815185546875, -1285.6248779296875, -1285.6192626953125, -1285.6268310546875, -1285.6488037109375, -1285.6922607421875, -1285.6280517578125, -1285.6287841796875, -1285.6390380859375, -1285.6695556640625, -1285.6558837890625, -1285.6549072265625, -1285.6441650390625, -1285.6497802734375, -1285.6361083984375, -1285.5980224609375, -1285.5870361328125, -1285.6790771484375, -1285.6722412109375, -1285.6343994140625, -1285.6488037109375, -1285.6829833984375, -1285.6390380859375, -1285.6409912109375, -1285.6390380859375, -1285.6253662109375, -1285.6859130859375, -1285.6888427734375, -1285.6593017578125, -1285.6346435546875, -1285.6619873046875, -1285.7198486328125, -1285.6761474609375, -1285.6258544921875, -1285.6346435546875, -1285.7093505859375, -1285.7073974609375, -1285.6610107421875, -1285.6580810546875, -1285.6629638671875, -1285.7325439453125, -1285.6798095703125, -1285.6964111328125, -1285.6771240234375, -1285.6807861328125, -1285.5897216796875, -1285.6947021484375, -1285.5596923828125, -1285.6761474609375, -1285.6715087890625, -1285.6507568359375, -1285.6971435546875, -1285.5447998046875, -1285.6280517578125, -1285.6956787109375, -1285.6107177734375, -1285.5906982421875, -1285.5677490234375, -1285.6693115234375, -1285.5675048828125, -1285.6251220703125, -1285.6932373046875, -1285.5745849609375, -1285.5816650390625, -1285.6717529296875, -1285.6448974609375, -1285.6939697265625, -1285.6290283203125, -1285.5650634765625, -1285.5755615234375, -1285.6380615234375, -1285.6663818359375, -1285.6043701171875, -1285.5638427734375, -1285.5731201171875, -1285.6112060546875, -1285.5858154296875, -1285.6341552734375, -1285.5272216796875, -1285.6173095703125, -1285.5980224609375, -1285.6295166015625, -1285.6815185546875, -1285.6585693359375, -1285.6400146484375]}
Warning: Cholesky failed, using eigendecomposition fallback
{'mse': 0.010108791291713715, 'rmse': 0.10054248571395874, 'test_ll': -250163.203125, 'total_test_ll': -6254080000.0}
/cluster/tufts/hugheslab/swilli26/stat-patt-final/gp_vs_sngp/results/hyperparam_search/GP/Sin_1500_1001/logs
/cluster/tufts/hugheslab/swilli26/stat-patt-final/gp_vs_sngp/results/hyperparam_search/logs/GP_VS_SNGP_25028885.out
/cluster/tufts/hugheslab/swilli26/stat-patt-final/gp_vs_sngp/results/hyperparam_search/logs/GP_VS_SNGP_25028885.err
