Starting imports...
Importing argparse...
Importing torch...
Importing os...
Importing sngp.train and sngp.model...
Importing gaussian_process...
Importing dataset...
Importing json...
ALL IMPORTS COMPLETE!
Parsing arguments...
Arguments parsed! Running GP on Friedman with N=1500
Checking CUDA availability...
Using CPU
Making Datasets...
Making Model...
Training Gaussian Process...
Iter   0 | Loss: 2738.027 | lengthscale: 1.010 | outputscale: 1.010 | noise: 0.202
Iter  10 | Loss: 2641.969 | lengthscale: 1.115 | outputscale: 1.113 | noise: 0.223
Iter  20 | Loss: 2593.506 | lengthscale: 1.230 | outputscale: 1.211 | noise: 0.242
Iter  30 | Loss: 2574.602 | lengthscale: 1.358 | outputscale: 1.287 | noise: 0.257
Iter  40 | Loss: 2566.775 | lengthscale: 1.509 | outputscale: 1.331 | noise: 0.265
Iter  50 | Loss: 2558.467 | lengthscale: 1.697 | outputscale: 1.345 | noise: 0.266
Iter  60 | Loss: 2544.345 | lengthscale: 1.939 | outputscale: 1.339 | noise: 0.262
Iter  70 | Loss: 2520.434 | lengthscale: 2.256 | outputscale: 1.322 | noise: 0.255
Iter  80 | Loss: 2480.138 | lengthscale: 2.672 | outputscale: 1.301 | noise: 0.246
Iter  90 | Loss: 2412.584 | lengthscale: 3.215 | outputscale: 1.275 | noise: 0.233
Iter 100 | Loss: 2304.265 | lengthscale: 3.915 | outputscale: 1.239 | noise: 0.216
Iter 110 | Loss: 2145.572 | lengthscale: 4.803 | outputscale: 1.186 | noise: 0.195
Iter 120 | Loss: 1940.099 | lengthscale: 5.902 | outputscale: 1.118 | noise: 0.174
Iter 130 | Loss: 1715.618 | lengthscale: 7.219 | outputscale: 1.042 | noise: 0.159
Iter 140 | Loss: 1517.946 | lengthscale: 8.702 | outputscale: 0.977 | noise: 0.168
Iter 150 | Loss: 1339.018 | lengthscale: 10.281 | outputscale: 0.928 | noise: 0.208
Iter 160 | Loss: 1173.488 | lengthscale: 12.012 | outputscale: 0.885 | noise: 0.257
Iter 170 | Loss: 1041.378 | lengthscale: 13.904 | outputscale: 0.844 | noise: 0.274
Iter 180 | Loss:  935.716 | lengthscale: 15.870 | outputscale: 0.810 | noise: 0.268
Iter 190 | Loss:  854.755 | lengthscale: 17.837 | outputscale: 0.786 | noise: 0.277
Iter 200 | Loss:  791.831 | lengthscale: 19.788 | outputscale: 0.769 | noise: 0.282
Iter 210 | Loss:  741.829 | lengthscale: 21.716 | outputscale: 0.756 | noise: 0.282
Iter 220 | Loss:  701.326 | lengthscale: 23.617 | outputscale: 0.747 | noise: 0.286
Iter 230 | Loss:  667.630 | lengthscale: 25.501 | outputscale: 0.740 | noise: 0.287
Iter 240 | Loss:  638.760 | lengthscale: 27.382 | outputscale: 0.734 | noise: 0.288
Iter 250 | Loss:  613.437 | lengthscale: 29.275 | outputscale: 0.729 | noise: 0.289
Iter 260 | Loss:  590.915 | lengthscale: 31.190 | outputscale: 0.725 | noise: 0.290
Iter 270 | Loss:  570.779 | lengthscale: 33.127 | outputscale: 0.721 | noise: 0.291
Iter 280 | Loss:  552.771 | lengthscale: 35.085 | outputscale: 0.718 | noise: 0.291
Iter 290 | Loss:  536.676 | lengthscale: 37.058 | outputscale: 0.715 | noise: 0.291
Iter 300 | Loss:  522.277 | lengthscale: 39.040 | outputscale: 0.712 | noise: 0.292
Iter 310 | Loss:  509.353 | lengthscale: 41.030 | outputscale: 0.710 | noise: 0.292
Iter 320 | Loss:  497.682 | lengthscale: 43.028 | outputscale: 0.708 | noise: 0.292
Iter 330 | Loss:  487.067 | lengthscale: 45.037 | outputscale: 0.706 | noise: 0.292
Iter 340 | Loss:  477.367 | lengthscale: 47.058 | outputscale: 0.705 | noise: 0.292
Iter 350 | Loss:  468.500 | lengthscale: 49.089 | outputscale: 0.703 | noise: 0.292
Iter 360 | Loss:  460.422 | lengthscale: 51.127 | outputscale: 0.703 | noise: 0.292
Iter 370 | Loss:  453.091 | lengthscale: 53.162 | outputscale: 0.702 | noise: 0.292
Iter 380 | Loss:  446.453 | lengthscale: 55.190 | outputscale: 0.702 | noise: 0.292
Iter 390 | Loss:  440.443 | lengthscale: 57.205 | outputscale: 0.702 | noise: 0.292
Iter 400 | Loss:  434.984 | lengthscale: 59.206 | outputscale: 0.703 | noise: 0.292
Iter 410 | Loss:  430.002 | lengthscale: 61.195 | outputscale: 0.704 | noise: 0.292
Iter 420 | Loss:  425.432 | lengthscale: 63.173 | outputscale: 0.704 | noise: 0.292
Iter 430 | Loss:  421.216 | lengthscale: 65.145 | outputscale: 0.706 | noise: 0.292
Iter 440 | Loss:  417.307 | lengthscale: 67.112 | outputscale: 0.707 | noise: 0.292
Iter 450 | Loss:  413.669 | lengthscale: 69.076 | outputscale: 0.708 | noise: 0.292
Iter 460 | Loss:  410.274 | lengthscale: 71.040 | outputscale: 0.709 | noise: 0.293
Iter 470 | Loss:  407.098 | lengthscale: 73.004 | outputscale: 0.711 | noise: 0.293
Iter 480 | Loss:  404.121 | lengthscale: 74.967 | outputscale: 0.713 | noise: 0.293
Iter 490 | Loss:  401.325 | lengthscale: 76.932 | outputscale: 0.714 | noise: 0.293
Iter 500 | Loss:  398.691 | lengthscale: 78.899 | outputscale: 0.716 | noise: 0.293
Iter 510 | Loss:  396.203 | lengthscale: 80.868 | outputscale: 0.718 | noise: 0.293
Iter 520 | Loss:  393.845 | lengthscale: 82.843 | outputscale: 0.719 | noise: 0.293
Iter 530 | Loss:  391.606 | lengthscale: 84.825 | outputscale: 0.721 | noise: 0.293
Iter 540 | Loss:  389.478 | lengthscale: 86.813 | outputscale: 0.723 | noise: 0.293
Iter 550 | Loss:  387.450 | lengthscale: 88.809 | outputscale: 0.725 | noise: 0.293
Iter 560 | Loss:  385.516 | lengthscale: 90.813 | outputscale: 0.727 | noise: 0.293
Iter 570 | Loss:  383.668 | lengthscale: 92.825 | outputscale: 0.729 | noise: 0.293
Iter 580 | Loss:  381.902 | lengthscale: 94.847 | outputscale: 0.731 | noise: 0.293
Iter 590 | Loss:  380.206 | lengthscale: 96.880 | outputscale: 0.733 | noise: 0.293
Iter 600 | Loss:  378.576 | lengthscale: 98.925 | outputscale: 0.735 | noise: 0.293
Iter 610 | Loss:  377.007 | lengthscale: 100.984 | outputscale: 0.737 | noise: 0.293
Iter 620 | Loss:  375.494 | lengthscale: 103.058 | outputscale: 0.739 | noise: 0.293
Iter 630 | Loss:  374.036 | lengthscale: 105.145 | outputscale: 0.741 | noise: 0.293
Iter 640 | Loss:  372.632 | lengthscale: 107.246 | outputscale: 0.743 | noise: 0.293
Iter 650 | Loss:  371.284 | lengthscale: 109.357 | outputscale: 0.745 | noise: 0.293
Iter 660 | Loss:  369.990 | lengthscale: 111.475 | outputscale: 0.747 | noise: 0.293
Iter 670 | Loss:  368.753 | lengthscale: 113.598 | outputscale: 0.749 | noise: 0.293
Iter 680 | Loss:  367.573 | lengthscale: 115.720 | outputscale: 0.751 | noise: 0.293
Iter 690 | Loss:  366.451 | lengthscale: 117.839 | outputscale: 0.754 | noise: 0.294
Iter 700 | Loss:  365.383 | lengthscale: 119.952 | outputscale: 0.756 | noise: 0.294
Iter 710 | Loss:  364.371 | lengthscale: 122.057 | outputscale: 0.758 | noise: 0.294
Iter 720 | Loss:  363.411 | lengthscale: 124.151 | outputscale: 0.761 | noise: 0.294
Iter 730 | Loss:  362.500 | lengthscale: 126.234 | outputscale: 0.763 | noise: 0.294
Iter 740 | Loss:  361.635 | lengthscale: 128.306 | outputscale: 0.766 | noise: 0.294
Iter 750 | Loss:  360.812 | lengthscale: 130.366 | outputscale: 0.769 | noise: 0.294
Iter 760 | Loss:  360.029 | lengthscale: 132.417 | outputscale: 0.771 | noise: 0.294
Iter 770 | Loss:  359.280 | lengthscale: 134.460 | outputscale: 0.774 | noise: 0.294
Iter 780 | Loss:  358.563 | lengthscale: 136.497 | outputscale: 0.777 | noise: 0.294
Iter 790 | Loss:  357.877 | lengthscale: 138.529 | outputscale: 0.779 | noise: 0.294
Iter 800 | Loss:  357.216 | lengthscale: 140.559 | outputscale: 0.782 | noise: 0.294
Iter 810 | Loss:  356.577 | lengthscale: 142.589 | outputscale: 0.785 | noise: 0.294
Iter 820 | Loss:  355.962 | lengthscale: 144.619 | outputscale: 0.788 | noise: 0.294
Iter 830 | Loss:  355.368 | lengthscale: 146.650 | outputscale: 0.791 | noise: 0.294
Iter 840 | Loss:  354.794 | lengthscale: 148.681 | outputscale: 0.794 | noise: 0.294
Iter 850 | Loss:  354.241 | lengthscale: 150.712 | outputscale: 0.796 | noise: 0.294
Iter 860 | Loss:  353.708 | lengthscale: 152.740 | outputscale: 0.799 | noise: 0.294
Iter 870 | Loss:  353.194 | lengthscale: 154.765 | outputscale: 0.802 | noise: 0.294
Iter 880 | Loss:  352.702 | lengthscale: 156.783 | outputscale: 0.805 | noise: 0.294
Iter 890 | Loss:  352.229 | lengthscale: 158.792 | outputscale: 0.808 | noise: 0.294
Iter 900 | Loss:  351.776 | lengthscale: 160.790 | outputscale: 0.811 | noise: 0.294
Iter 910 | Loss:  351.345 | lengthscale: 162.775 | outputscale: 0.814 | noise: 0.294
Iter 920 | Loss:  350.930 | lengthscale: 164.747 | outputscale: 0.817 | noise: 0.294
Iter 930 | Loss:  350.535 | lengthscale: 166.704 | outputscale: 0.821 | noise: 0.294
Iter 940 | Loss:  350.156 | lengthscale: 168.647 | outputscale: 0.824 | noise: 0.294
Iter 950 | Loss:  349.794 | lengthscale: 170.576 | outputscale: 0.827 | noise: 0.294
Iter 960 | Loss:  349.446 | lengthscale: 172.492 | outputscale: 0.830 | noise: 0.294
Iter 970 | Loss:  349.112 | lengthscale: 174.396 | outputscale: 0.833 | noise: 0.294
Iter 980 | Loss:  348.792 | lengthscale: 176.290 | outputscale: 0.837 | noise: 0.294
Iter 990 | Loss:  348.481 | lengthscale: 178.175 | outputscale: 0.840 | noise: 0.294
Iter 1000 | Loss:  348.181 | lengthscale: 180.052 | outputscale: 0.843 | noise: 0.294
Iter 1010 | Loss:  347.890 | lengthscale: 181.925 | outputscale: 0.847 | noise: 0.294
Iter 1020 | Loss:  347.610 | lengthscale: 183.794 | outputscale: 0.850 | noise: 0.294
Iter 1030 | Loss:  347.336 | lengthscale: 185.660 | outputscale: 0.853 | noise: 0.294
Iter 1040 | Loss:  347.071 | lengthscale: 187.527 | outputscale: 0.856 | noise: 0.294
Iter 1050 | Loss:  346.812 | lengthscale: 189.395 | outputscale: 0.860 | noise: 0.295
Iter 1060 | Loss:  346.559 | lengthscale: 191.266 | outputscale: 0.863 | noise: 0.295
Iter 1070 | Loss:  346.312 | lengthscale: 193.141 | outputscale: 0.866 | noise: 0.295
Iter 1080 | Loss:  346.069 | lengthscale: 195.023 | outputscale: 0.869 | noise: 0.295
Iter 1090 | Loss:  345.831 | lengthscale: 196.913 | outputscale: 0.873 | noise: 0.295
Iter 1100 | Loss:  345.596 | lengthscale: 198.814 | outputscale: 0.876 | noise: 0.295
Iter 1110 | Loss:  345.364 | lengthscale: 200.729 | outputscale: 0.879 | noise: 0.295
Iter 1120 | Loss:  345.135 | lengthscale: 202.658 | outputscale: 0.882 | noise: 0.295
Iter 1130 | Loss:  344.909 | lengthscale: 204.606 | outputscale: 0.885 | noise: 0.295
Iter 1140 | Loss:  344.681 | lengthscale: 206.576 | outputscale: 0.888 | noise: 0.295
Iter 1150 | Loss:  344.455 | lengthscale: 208.572 | outputscale: 0.891 | noise: 0.295
Iter 1160 | Loss:  344.230 | lengthscale: 210.595 | outputscale: 0.894 | noise: 0.295
Iter 1170 | Loss:  344.003 | lengthscale: 212.652 | outputscale: 0.897 | noise: 0.295
Iter 1180 | Loss:  343.773 | lengthscale: 214.746 | outputscale: 0.899 | noise: 0.295
Iter 1190 | Loss:  343.544 | lengthscale: 216.880 | outputscale: 0.902 | noise: 0.295
Iter 1200 | Loss:  343.307 | lengthscale: 219.061 | outputscale: 0.905 | noise: 0.295
Iter 1210 | Loss:  343.067 | lengthscale: 221.290 | outputscale: 0.907 | noise: 0.295
Iter 1220 | Loss:  342.826 | lengthscale: 223.573 | outputscale: 0.910 | noise: 0.295
Iter 1230 | Loss:  342.577 | lengthscale: 225.912 | outputscale: 0.912 | noise: 0.295
Iter 1240 | Loss:  342.325 | lengthscale: 228.312 | outputscale: 0.914 | noise: 0.295
Iter 1250 | Loss:  342.066 | lengthscale: 230.775 | outputscale: 0.917 | noise: 0.295
Iter 1260 | Loss:  341.801 | lengthscale: 233.303 | outputscale: 0.919 | noise: 0.295
Iter 1270 | Loss:  341.532 | lengthscale: 235.899 | outputscale: 0.921 | noise: 0.295
Iter 1280 | Loss:  341.254 | lengthscale: 238.561 | outputscale: 0.923 | noise: 0.295
Iter 1290 | Loss:  340.971 | lengthscale: 241.292 | outputscale: 0.925 | noise: 0.295
Iter 1300 | Loss:  340.686 | lengthscale: 244.090 | outputscale: 0.927 | noise: 0.295
Iter 1310 | Loss:  340.397 | lengthscale: 246.953 | outputscale: 0.929 | noise: 0.295
Iter 1320 | Loss:  340.103 | lengthscale: 249.879 | outputscale: 0.931 | noise: 0.295
Iter 1330 | Loss:  339.802 | lengthscale: 252.865 | outputscale: 0.933 | noise: 0.295
Iter 1340 | Loss:  339.507 | lengthscale: 255.908 | outputscale: 0.935 | noise: 0.295
Iter 1350 | Loss:  339.210 | lengthscale: 259.003 | outputscale: 0.937 | noise: 0.295
Iter 1360 | Loss:  338.911 | lengthscale: 262.146 | outputscale: 0.939 | noise: 0.295
Iter 1370 | Loss:  338.612 | lengthscale: 265.332 | outputscale: 0.941 | noise: 0.295
Iter 1380 | Loss:  338.316 | lengthscale: 268.558 | outputscale: 0.943 | noise: 0.295
Iter 1390 | Loss:  338.024 | lengthscale: 271.818 | outputscale: 0.945 | noise: 0.295
Iter 1400 | Loss:  337.736 | lengthscale: 275.108 | outputscale: 0.947 | noise: 0.295
Iter 1410 | Loss:  337.452 | lengthscale: 278.423 | outputscale: 0.950 | noise: 0.295
Iter 1420 | Loss:  337.174 | lengthscale: 281.761 | outputscale: 0.952 | noise: 0.295
Iter 1430 | Loss:  336.896 | lengthscale: 285.117 | outputscale: 0.954 | noise: 0.295
Iter 1440 | Loss:  336.628 | lengthscale: 288.488 | outputscale: 0.957 | noise: 0.295
Iter 1450 | Loss:  336.367 | lengthscale: 291.870 | outputscale: 0.959 | noise: 0.295
Iter 1460 | Loss:  336.109 | lengthscale: 295.261 | outputscale: 0.962 | noise: 0.295
Iter 1470 | Loss:  335.859 | lengthscale: 298.657 | outputscale: 0.965 | noise: 0.295
Iter 1480 | Loss:  335.613 | lengthscale: 302.055 | outputscale: 0.968 | noise: 0.295
Iter 1490 | Loss:  335.377 | lengthscale: 305.453 | outputscale: 0.971 | noise: 0.295
Iter 1500 | Loss:  335.143 | lengthscale: 308.848 | outputscale: 0.974 | noise: 0.295
Iter 1510 | Loss:  334.917 | lengthscale: 312.238 | outputscale: 0.977 | noise: 0.295
Iter 1520 | Loss:  334.701 | lengthscale: 315.620 | outputscale: 0.981 | noise: 0.295
Iter 1530 | Loss:  334.491 | lengthscale: 318.992 | outputscale: 0.984 | noise: 0.295
Iter 1540 | Loss:  334.284 | lengthscale: 322.351 | outputscale: 0.988 | noise: 0.295
Iter 1550 | Loss:  334.086 | lengthscale: 325.696 | outputscale: 0.992 | noise: 0.295
Iter 1560 | Loss:  333.892 | lengthscale: 329.024 | outputscale: 0.996 | noise: 0.295
Iter 1570 | Loss:  333.708 | lengthscale: 332.336 | outputscale: 1.000 | noise: 0.295
Iter 1580 | Loss:  333.527 | lengthscale: 335.629 | outputscale: 1.004 | noise: 0.295
Iter 1590 | Loss:  333.351 | lengthscale: 338.903 | outputscale: 1.009 | noise: 0.295
Iter 1600 | Loss:  333.183 | lengthscale: 342.157 | outputscale: 1.013 | noise: 0.295
Iter 1610 | Loss:  333.018 | lengthscale: 345.391 | outputscale: 1.018 | noise: 0.295
Iter 1620 | Loss:  332.857 | lengthscale: 348.605 | outputscale: 1.023 | noise: 0.295
Iter 1630 | Loss:  332.703 | lengthscale: 351.798 | outputscale: 1.028 | noise: 0.295
Iter 1640 | Loss:  332.557 | lengthscale: 354.971 | outputscale: 1.033 | noise: 0.295
Iter 1650 | Loss:  332.411 | lengthscale: 358.125 | outputscale: 1.038 | noise: 0.295
Iter 1660 | Loss:  332.268 | lengthscale: 361.260 | outputscale: 1.043 | noise: 0.295
Iter 1670 | Loss:  332.128 | lengthscale: 364.376 | outputscale: 1.049 | noise: 0.295
Iter 1680 | Loss:  331.996 | lengthscale: 367.475 | outputscale: 1.054 | noise: 0.295
Iter 1690 | Loss:  331.867 | lengthscale: 370.557 | outputscale: 1.060 | noise: 0.295
Iter 1700 | Loss:  331.738 | lengthscale: 373.623 | outputscale: 1.066 | noise: 0.295
Iter 1710 | Loss:  331.614 | lengthscale: 376.674 | outputscale: 1.072 | noise: 0.295
Iter 1720 | Loss:  331.489 | lengthscale: 379.711 | outputscale: 1.078 | noise: 0.295
Iter 1730 | Loss:  331.373 | lengthscale: 382.734 | outputscale: 1.084 | noise: 0.295
Iter 1740 | Loss:  331.256 | lengthscale: 385.745 | outputscale: 1.090 | noise: 0.295
Iter 1750 | Loss:  331.144 | lengthscale: 388.744 | outputscale: 1.097 | noise: 0.295
Iter 1760 | Loss:  331.034 | lengthscale: 391.732 | outputscale: 1.103 | noise: 0.295
Iter 1770 | Loss:  330.927 | lengthscale: 394.711 | outputscale: 1.110 | noise: 0.295
Iter 1780 | Loss:  330.819 | lengthscale: 397.679 | outputscale: 1.116 | noise: 0.295
Iter 1790 | Loss:  330.715 | lengthscale: 400.639 | outputscale: 1.123 | noise: 0.295
Iter 1800 | Loss:  330.614 | lengthscale: 403.591 | outputscale: 1.130 | noise: 0.295
Iter 1810 | Loss:  330.511 | lengthscale: 406.536 | outputscale: 1.137 | noise: 0.295
Iter 1820 | Loss:  330.413 | lengthscale: 409.474 | outputscale: 1.144 | noise: 0.295
Iter 1830 | Loss:  330.313 | lengthscale: 412.406 | outputscale: 1.151 | noise: 0.295
Iter 1840 | Loss:  330.218 | lengthscale: 415.332 | outputscale: 1.158 | noise: 0.295
Iter 1850 | Loss:  330.129 | lengthscale: 418.253 | outputscale: 1.165 | noise: 0.295
Iter 1860 | Loss:  330.032 | lengthscale: 421.169 | outputscale: 1.173 | noise: 0.295
Iter 1870 | Loss:  329.935 | lengthscale: 424.082 | outputscale: 1.180 | noise: 0.295
Iter 1880 | Loss:  329.855 | lengthscale: 426.990 | outputscale: 1.188 | noise: 0.295
Iter 1890 | Loss:  329.770 | lengthscale: 429.895 | outputscale: 1.195 | noise: 0.295
Iter 1900 | Loss:  329.679 | lengthscale: 432.796 | outputscale: 1.203 | noise: 0.295
Iter 1910 | Loss:  329.595 | lengthscale: 435.695 | outputscale: 1.211 | noise: 0.295
Iter 1920 | Loss:  329.514 | lengthscale: 438.592 | outputscale: 1.219 | noise: 0.295
Iter 1930 | Loss:  329.425 | lengthscale: 441.486 | outputscale: 1.227 | noise: 0.295
Iter 1940 | Loss:  329.346 | lengthscale: 444.379 | outputscale: 1.235 | noise: 0.295
Iter 1950 | Loss:  329.267 | lengthscale: 447.269 | outputscale: 1.243 | noise: 0.295
Iter 1960 | Loss:  329.186 | lengthscale: 450.158 | outputscale: 1.251 | noise: 0.295
Iter 1970 | Loss:  329.106 | lengthscale: 453.046 | outputscale: 1.259 | noise: 0.295
Iter 1980 | Loss:  329.029 | lengthscale: 455.933 | outputscale: 1.268 | noise: 0.295
Iter 1990 | Loss:  328.955 | lengthscale: 458.818 | outputscale: 1.276 | noise: 0.295
Iter 2000 | Loss:  328.886 | lengthscale: 461.702 | outputscale: 1.285 | noise: 0.295
Iter 2010 | Loss:  328.804 | lengthscale: 464.586 | outputscale: 1.293 | noise: 0.295
Iter 2020 | Loss:  328.733 | lengthscale: 467.469 | outputscale: 1.302 | noise: 0.295
Iter 2030 | Loss:  328.660 | lengthscale: 470.350 | outputscale: 1.311 | noise: 0.295
Iter 2040 | Loss:  328.592 | lengthscale: 473.231 | outputscale: 1.320 | noise: 0.295
Iter 2050 | Loss:  328.521 | lengthscale: 476.112 | outputscale: 1.329 | noise: 0.295
Iter 2060 | Loss:  328.449 | lengthscale: 478.991 | outputscale: 1.338 | noise: 0.295
Iter 2070 | Loss:  328.379 | lengthscale: 481.868 | outputscale: 1.347 | noise: 0.295
Iter 2080 | Loss:  328.310 | lengthscale: 484.745 | outputscale: 1.356 | noise: 0.295
Iter 2090 | Loss:  328.244 | lengthscale: 487.622 | outputscale: 1.366 | noise: 0.295
Iter 2100 | Loss:  328.177 | lengthscale: 490.497 | outputscale: 1.375 | noise: 0.295
Iter 2110 | Loss:  328.108 | lengthscale: 493.370 | outputscale: 1.385 | noise: 0.295
Iter 2120 | Loss:  328.045 | lengthscale: 496.243 | outputscale: 1.395 | noise: 0.295
Iter 2130 | Loss:  327.985 | lengthscale: 499.114 | outputscale: 1.404 | noise: 0.295
Iter 2140 | Loss:  327.916 | lengthscale: 501.984 | outputscale: 1.414 | noise: 0.295
Iter 2150 | Loss:  327.852 | lengthscale: 504.852 | outputscale: 1.424 | noise: 0.295
Iter 2160 | Loss:  327.787 | lengthscale: 507.718 | outputscale: 1.434 | noise: 0.295
Iter 2170 | Loss:  327.741 | lengthscale: 510.583 | outputscale: 1.445 | noise: 0.295
Iter 2180 | Loss:  327.675 | lengthscale: 513.447 | outputscale: 1.455 | noise: 0.295
Iter 2190 | Loss:  327.612 | lengthscale: 516.308 | outputscale: 1.465 | noise: 0.295
Iter 2200 | Loss:  327.555 | lengthscale: 519.167 | outputscale: 1.476 | noise: 0.295
Iter 2210 | Loss:  327.494 | lengthscale: 522.024 | outputscale: 1.487 | noise: 0.295
Iter 2220 | Loss:  327.435 | lengthscale: 524.879 | outputscale: 1.497 | noise: 0.295
Iter 2230 | Loss:  327.387 | lengthscale: 527.731 | outputscale: 1.508 | noise: 0.295
Iter 2240 | Loss:  327.318 | lengthscale: 530.581 | outputscale: 1.519 | noise: 0.295
Iter 2250 | Loss:  327.267 | lengthscale: 533.428 | outputscale: 1.531 | noise: 0.295
Iter 2260 | Loss:  327.220 | lengthscale: 536.272 | outputscale: 1.542 | noise: 0.295
Iter 2270 | Loss:  327.149 | lengthscale: 539.114 | outputscale: 1.553 | noise: 0.295
Iter 2280 | Loss:  327.095 | lengthscale: 541.953 | outputscale: 1.565 | noise: 0.295
Iter 2290 | Loss:  327.039 | lengthscale: 544.789 | outputscale: 1.577 | noise: 0.295
Iter 2300 | Loss:  326.989 | lengthscale: 547.623 | outputscale: 1.588 | noise: 0.295
Iter 2310 | Loss:  326.939 | lengthscale: 550.453 | outputscale: 1.600 | noise: 0.295
Iter 2320 | Loss:  326.882 | lengthscale: 553.280 | outputscale: 1.613 | noise: 0.295
Iter 2330 | Loss:  326.835 | lengthscale: 556.105 | outputscale: 1.625 | noise: 0.295
Iter 2340 | Loss:  326.787 | lengthscale: 558.927 | outputscale: 1.637 | noise: 0.295
Iter 2350 | Loss:  326.736 | lengthscale: 561.746 | outputscale: 1.650 | noise: 0.295
Iter 2360 | Loss:  326.669 | lengthscale: 564.561 | outputscale: 1.663 | noise: 0.295
Iter 2370 | Loss:  326.626 | lengthscale: 567.373 | outputscale: 1.676 | noise: 0.295
Iter 2380 | Loss:  326.575 | lengthscale: 570.182 | outputscale: 1.689 | noise: 0.295
Iter 2390 | Loss:  326.530 | lengthscale: 572.986 | outputscale: 1.702 | noise: 0.295
Iter 2400 | Loss:  326.459 | lengthscale: 575.787 | outputscale: 1.716 | noise: 0.295
Iter 2410 | Loss:  326.418 | lengthscale: 578.584 | outputscale: 1.730 | noise: 0.295
Iter 2420 | Loss:  326.377 | lengthscale: 581.378 | outputscale: 1.743 | noise: 0.295
Iter 2430 | Loss:  326.323 | lengthscale: 584.169 | outputscale: 1.758 | noise: 0.295
Iter 2440 | Loss:  326.274 | lengthscale: 586.957 | outputscale: 1.772 | noise: 0.295
Iter 2450 | Loss:  326.228 | lengthscale: 589.740 | outputscale: 1.786 | noise: 0.295
Iter 2460 | Loss:  326.182 | lengthscale: 592.519 | outputscale: 1.801 | noise: 0.295
Iter 2470 | Loss:  326.134 | lengthscale: 595.294 | outputscale: 1.816 | noise: 0.295
Iter 2480 | Loss:  326.080 | lengthscale: 598.066 | outputscale: 1.831 | noise: 0.295
Iter 2490 | Loss:  326.030 | lengthscale: 600.833 | outputscale: 1.847 | noise: 0.295
Iter 2499 | Loss:  325.975 | lengthscale: 603.321 | outputscale: 1.861 | noise: 0.295
Learned Hyperparams:  {'lengthscale': 603.3211059570312, 'outputscale': 1.8606867790222168, 'noise': 0.2950424253940582, 'marginal_likelihood_loss_history': [2738.02734375, 2725.94677734375, 2714.431640625, 2703.478515625, 2693.08251953125, 2683.2373046875, 2673.9365234375, 2665.169921875, 2656.92822265625, 2649.19873046875, 2641.968994140625, 2635.224609375, 2628.94970703125, 2623.128662109375, 2617.7431640625, 2612.77490234375, 2608.205078125, 2604.013671875, 2600.180419921875, 2596.684814453125, 2593.505859375, 2590.62255859375, 2588.013671875, 2585.658447265625, 2583.53662109375, 2581.627197265625, 2579.9111328125, 2578.36865234375, 2576.9814453125, 2575.7314453125, 2574.60205078125, 2573.576171875, 2572.638671875, 2571.775634765625, 2570.97265625, 2570.2177734375, 2569.49853515625, 2568.80419921875, 2568.125, 2567.45166015625, 2566.775390625, 2566.0888671875, 2565.384765625, 2564.656982421875, 2563.8994140625, 2563.107421875, 2562.275390625, 2561.3994140625, 2560.47509765625, 2559.4990234375, 2558.46728515625, 2557.376220703125, 2556.22265625, 2555.00390625, 2553.7158203125, 2552.35595703125, 2550.919921875, 2549.40478515625, 2547.806640625, 2546.12158203125, 2544.34521484375, 2542.4736328125, 2540.501953125, 2538.4248046875, 2536.2373046875, 2533.932861328125, 2531.505859375, 2528.94970703125, 2526.25732421875, 2523.42138671875, 2520.43359375, 2517.285888671875, 2513.969482421875, 2510.474609375, 2506.7919921875, 2502.910888671875, 2498.82080078125, 2494.51025390625, 2489.9677734375, 2485.18115234375, 2480.1376953125, 2474.82470703125, 2469.228515625, 2463.33544921875, 2457.131591796875, 2450.60302734375, 2443.7353515625, 2436.513671875, 2428.92431640625, 2420.952392578125, 2412.583984375, 2403.8046875, 2394.6015625, 2384.9609375, 2374.8701171875, 2364.31787109375, 2353.2919921875, 2341.78271484375, 2329.7802734375, 2317.27685546875, 2304.2646484375, 2290.73779296875, 2276.69140625, 2262.122802734375, 2247.02978515625, 2231.412353515625, 2215.27197265625, 2198.611328125, 2181.436279296875, 2163.75341796875, 2145.57177734375, 2126.903076171875, 2107.76025390625, 2088.16015625, 2068.120849609375, 2047.66455078125, 2026.8154296875, 2005.601318359375, 1984.0535888671875, 1962.2066650390625, 1940.0989990234375, 1917.77294921875, 1895.274169921875, 1872.65234375, 1849.960693359375, 1827.2554931640625, 1804.595703125, 1782.0416259765625, 1759.654296875, 1737.4942626953125, 1715.617919921875, 1694.0770263671875, 1672.9146728515625, 1652.162841796875, 1631.840087890625, 1611.948486328125, 1592.47314453125, 1573.3837890625, 1554.635986328125, 1536.176513671875, 1517.9462890625, 1499.88671875, 1481.9425048828125, 1464.0660400390625, 1446.2177734375, 1428.369873046875, 1410.5072021484375, 1392.62548828125, 1374.734130859375, 1356.8544921875, 1339.0184326171875, 1321.267822265625, 1303.651611328125, 1286.223388671875, 1269.0386962890625, 1252.1507568359375, 1235.6082763671875, 1219.4508056640625, 1203.70556640625, 1188.3856201171875, 1173.488037109375, 1158.99560546875, 1144.8775634765625, 1131.094482421875, 1117.60498046875, 1104.370361328125, 1091.35986328125, 1078.55517578125, 1065.9501953125, 1053.5521240234375, 1041.377685546875, 1029.44970703125, 1017.7937622070312, 1006.4334106445312, 995.3873291015625, 984.66650390625, 974.2728271484375, 964.1988525390625, 954.4291381835938, 944.942626953125, 935.7155151367188, 926.723876953125, 917.94775390625, 909.3733520507812, 900.991455078125, 892.799072265625, 884.7972412109375, 876.9896240234375, 869.3794555664062, 861.9680786132812, 854.7552490234375, 847.7364501953125, 840.90380859375, 834.2486572265625, 827.7597045898438, 821.4262084960938, 815.2388916015625, 809.1903076171875, 803.2747802734375, 797.4890747070312, 791.8309936523438, 786.2996826171875, 780.8943481445312, 775.6136474609375, 770.4547119140625, 765.414794921875, 760.48876953125, 755.6722412109375, 750.9596557617188, 746.3467407226562, 741.8291625976562, 737.4031372070312, 733.0665283203125, 728.81640625, 724.6514892578125, 720.569580078125, 716.5689697265625, 712.6470947265625, 708.8012084960938, 705.0283813476562, 701.325927734375, 697.690673828125, 694.119873046875, 690.6111450195312, 687.1624755859375, 683.7715454101562, 680.4369506835938, 677.156982421875, 673.930419921875, 670.755126953125, 667.629638671875, 664.552001953125, 661.5206298828125, 658.53369140625, 655.5900268554688, 652.6876831054688, 649.825927734375, 647.0032958984375, 644.2186889648438, 641.4713134765625, 638.760009765625, 636.083984375, 633.44189453125, 630.8334350585938, 628.2572631835938, 625.7125244140625, 623.1983642578125, 620.7147216796875, 618.2603149414062, 615.8347778320312, 613.437255859375, 611.0673828125, 608.7252807617188, 606.4095458984375, 604.1202392578125, 601.8571166992188, 599.6190185546875, 597.40625, 595.2181396484375, 593.0543212890625, 590.91455078125, 588.798583984375, 586.706298828125, 584.6365966796875, 582.590087890625, 580.5665283203125, 578.5650634765625, 576.585693359375, 574.6288452148438, 572.6932983398438, 570.7789306640625, 568.8861083984375, 567.014404296875, 565.1632080078125, 563.3330078125, 561.52294921875, 559.7334594726562, 557.9632568359375, 556.2131958007812, 554.482666015625, 552.771484375, 551.079345703125, 549.40625, 547.751708984375, 546.1157836914062, 544.4979248046875, 542.8983154296875, 541.31640625, 539.7525024414062, 538.20556640625, 536.6759643554688, 535.163330078125, 533.6676635742188, 532.1881103515625, 530.7252807617188, 529.2784423828125, 527.84716796875, 526.431884765625, 525.031982421875, 523.6470947265625, 522.277099609375, 520.9219970703125, 519.5814819335938, 518.2552490234375, 516.9432983398438, 515.6448974609375, 514.3604736328125, 513.0887451171875, 511.8304443359375, 510.5853271484375, 509.352783203125, 508.133056640625, 506.92529296875, 505.72979736328125, 504.5458984375, 503.3739013671875, 502.21337890625, 501.063720703125, 499.925537109375, 498.79852294921875, 497.6815185546875, 496.575439453125, 495.479736328125, 494.39385986328125, 493.3182373046875, 492.25262451171875, 491.1964111328125, 490.14996337890625, 489.1129150390625, 488.08538818359375, 487.06689453125, 486.0574951171875, 485.0570068359375, 484.065673828125, 483.082763671875, 482.1090087890625, 481.1436767578125, 480.1865234375, 479.23828125, 478.298095703125, 477.366943359375, 476.4437255859375, 475.52880859375, 474.62200927734375, 473.723388671875, 472.8326416015625, 471.9503173828125, 471.07586669921875, 470.2098388671875, 469.3509521484375, 468.5003662109375, 467.65753173828125, 466.8226318359375, 465.99566650390625, 465.1761474609375, 464.364501953125, 463.5609130859375, 462.7646484375, 461.97613525390625, 461.195068359375, 460.42169189453125, 459.655517578125, 458.8968505859375, 458.14544677734375, 457.40185546875, 456.665283203125, 455.93609619140625, 455.2138671875, 454.49884033203125, 453.791259765625, 453.090576171875, 452.396484375, 451.709228515625, 451.0291748046875, 450.3558349609375, 449.6888427734375, 449.02880859375, 448.3753662109375, 447.72833251953125, 447.0872802734375, 446.4530029296875, 445.8253173828125, 445.2032470703125, 444.58770751953125, 443.97784423828125, 443.374267578125, 442.7763671875, 442.1845703125, 441.59832763671875, 441.017578125, 440.4429931640625, 439.87310791015625, 439.3089599609375, 438.7503662109375, 438.1966552734375, 437.64874267578125, 437.10565185546875, 436.5677490234375, 436.03472900390625, 435.506591796875, 434.983642578125, 434.46527099609375, 433.951171875, 433.44189453125, 432.9376220703125, 432.437255859375, 431.94146728515625, 431.4503173828125, 430.963623046875, 430.4810791015625, 430.0023193359375, 429.52801513671875, 429.0574951171875, 428.5909423828125, 428.12841796875, 427.669677734375, 427.21435546875, 426.7635498046875, 426.3160400390625, 425.87200927734375, 425.4322509765625, 424.995361328125, 424.56201171875, 424.1324462890625, 423.7064208984375, 423.282958984375, 422.863037109375, 422.4464111328125, 422.0333251953125, 421.623046875, 421.21563720703125, 420.8118896484375, 420.41082763671875, 420.01287841796875, 419.6181640625, 419.225341796875, 418.8367919921875, 418.4495849609375, 418.06610107421875, 417.6851806640625, 417.30706787109375, 416.931640625, 416.55877685546875, 416.188720703125, 415.82098388671875, 415.45611572265625, 415.0938720703125, 414.7340087890625, 414.37646484375, 414.021728515625, 413.66925048828125, 413.3192138671875, 412.9716796875, 412.62640380859375, 412.2835693359375, 411.94281005859375, 411.604248046875, 411.2684326171875, 410.93499755859375, 410.60302734375, 410.2740478515625, 409.94683837890625, 409.62188720703125, 409.29888916015625, 408.978271484375, 408.6600341796875, 408.34344482421875, 408.02947998046875, 407.71673583984375, 407.4063720703125, 407.097900390625, 406.79150390625, 406.487548828125, 406.18511962890625, 405.88494873046875, 405.5858154296875, 405.28955078125, 404.9947509765625, 404.7015380859375, 404.4107666015625, 404.120849609375, 403.8338623046875, 403.548095703125, 403.26422119140625, 402.9825439453125, 402.70166015625, 402.42315673828125, 402.1466064453125, 401.8709716796875, 401.597412109375, 401.3253173828125, 401.0552978515625, 400.78582763671875, 400.51873779296875, 400.2532958984375, 399.98846435546875, 399.7264404296875, 399.4654541015625, 399.2054443359375, 398.9473876953125, 398.6907958984375, 398.4359130859375, 398.18194580078125, 397.9296875, 397.6783447265625, 397.428955078125, 397.1810302734375, 396.9344482421875, 396.6888427734375, 396.4451904296875, 396.2025146484375, 395.9613037109375, 395.720947265625, 395.4822998046875, 395.24462890625, 395.00750732421875, 394.772705078125, 394.538818359375, 394.3067626953125, 394.07513427734375, 393.844970703125, 393.61566162109375, 393.387939453125, 393.161865234375, 392.93597412109375, 392.711181640625, 392.48822021484375, 392.265869140625, 392.0443115234375, 391.82501220703125, 391.60614013671875, 391.388671875, 391.1722412109375, 390.956787109375, 390.7420654296875, 390.52880859375, 390.3160400390625, 390.10479736328125, 389.89434814453125, 389.6859130859375, 389.4775390625, 389.27044677734375, 389.06414794921875, 388.858154296875, 388.65478515625, 388.4515380859375, 388.2491455078125, 388.04766845703125, 387.847412109375, 387.6480712890625, 387.44952392578125, 387.25225830078125, 387.055419921875, 386.86016845703125, 386.66583251953125, 386.47149658203125, 386.2786865234375, 386.08673095703125, 385.8955078125, 385.7052001953125, 385.5155029296875, 385.3271484375, 385.1395263671875, 384.952880859375, 384.766845703125, 384.5816650390625, 384.397705078125, 384.21435546875, 384.03094482421875, 383.85052490234375, 383.66845703125, 383.48870849609375, 383.30938720703125, 383.1307373046875, 382.95294189453125, 382.77593994140625, 382.5997314453125, 382.423583984375, 382.24853515625, 382.0740966796875, 381.90155029296875, 381.72900390625, 381.55682373046875, 381.3853759765625, 381.21478271484375, 381.044677734375, 380.87530517578125, 380.70703125, 380.53936767578125, 380.371826171875, 380.20611572265625, 380.0399169921875, 379.8746337890625, 379.71014404296875, 379.546875, 379.3831787109375, 379.2200927734375, 379.0582275390625, 378.897216796875, 378.7359619140625, 378.57611083984375, 378.416748046875, 378.25732421875, 378.09930419921875, 377.941162109375, 377.78460693359375, 377.6273193359375, 377.472412109375, 377.3157958984375, 377.16058349609375, 377.00714111328125, 376.85308837890625, 376.7001953125, 376.546630859375, 376.39508056640625, 376.2432861328125, 376.09246826171875, 375.94219970703125, 375.7923583984375, 375.64300537109375, 375.494384765625, 375.3453369140625, 375.198486328125, 375.0511474609375, 374.90521240234375, 374.7589111328125, 374.61328125, 374.46826171875, 374.32373046875, 374.18017578125, 374.036376953125, 373.8939208984375, 373.7515869140625, 373.6097412109375, 373.4683837890625, 373.327392578125, 373.18743896484375, 373.0478515625, 372.90936279296875, 372.77069091796875, 372.6322021484375, 372.495361328125, 372.3582763671875, 372.22161865234375, 372.08612060546875, 371.950927734375, 371.8162841796875, 371.68218994140625, 371.549072265625, 371.41656494140625, 371.28363037109375, 371.1512451171875, 371.02093505859375, 370.889404296875, 370.75927734375, 370.6304931640625, 370.5008544921875, 370.3726806640625, 370.24407958984375, 370.1173095703125, 369.99017333984375, 369.863525390625, 369.7376708984375, 369.613037109375, 369.488525390625, 369.36456298828125, 369.2415771484375, 369.1181640625, 368.995849609375, 368.8746337890625, 368.7525634765625, 368.6324462890625, 368.5133056640625, 368.39349365234375, 368.27508544921875, 368.15692138671875, 368.0380859375, 367.921142578125, 367.8046875, 367.6890869140625, 367.573486328125, 367.45867919921875, 367.343994140625, 367.2298583984375, 367.118408203125, 367.00494384765625, 366.8936767578125, 366.78094482421875, 366.6712646484375, 366.5606689453125, 366.45050048828125, 366.34173583984375, 366.23236083984375, 366.12451171875, 366.016845703125, 365.910400390625, 365.803466796875, 365.69805908203125, 365.5924072265625, 365.4881591796875, 365.38330078125, 365.2802734375, 365.1768798828125, 365.0748291015625, 364.97216796875, 364.8712158203125, 364.7694091796875, 364.669189453125, 364.5689697265625, 364.4697265625, 364.37139892578125, 364.2733154296875, 364.17535400390625, 364.078125, 363.98028564453125, 363.8851318359375, 363.7894287109375, 363.6942138671875, 363.59869384765625, 363.5047607421875, 363.4110107421875, 363.31781005859375, 363.224609375, 363.13214111328125, 363.0401611328125, 362.94891357421875, 362.85888671875, 362.7681884765625, 362.677978515625, 362.58892822265625, 362.500244140625, 362.41064453125, 362.3232421875, 362.23577880859375, 362.1484375, 362.06219482421875, 361.97515869140625, 361.8896484375, 361.80419921875, 361.71875, 361.63525390625, 361.550048828125, 361.4671630859375, 361.3831787109375, 361.30023193359375, 361.218505859375, 361.1361083984375, 361.0552978515625, 360.973388671875, 360.89208984375, 360.8125, 360.73223876953125, 360.65216064453125, 360.57305908203125, 360.4937744140625, 360.4161376953125, 360.33721923828125, 360.2598876953125, 360.18121337890625, 360.1046142578125, 360.02874755859375, 359.95330810546875, 359.87567138671875, 359.799560546875, 359.72454833984375, 359.6492919921875, 359.5758056640625, 359.5013427734375, 359.4266357421875, 359.354248046875, 359.2802734375, 359.20672607421875, 359.1339111328125, 359.062255859375, 358.9893798828125, 358.917724609375, 358.8468017578125, 358.7742919921875, 358.7052001953125, 358.63409423828125, 358.5628662109375, 358.4940185546875, 358.4234619140625, 358.35406494140625, 358.28497314453125, 358.217041015625, 358.14764404296875, 358.0797119140625, 358.01055908203125, 357.943603515625, 357.8770751953125, 357.8095703125, 357.74127197265625, 357.674560546875, 357.6082763671875, 357.54241943359375, 357.47705078125, 357.41082763671875, 357.3450927734375, 357.27978515625, 357.2158203125, 357.15032958984375, 357.0853271484375, 357.02099609375, 356.9573974609375, 356.893310546875, 356.8299560546875, 356.7657470703125, 356.70245361328125, 356.6402587890625, 356.57666015625, 356.51556396484375, 356.45184326171875, 356.39044189453125, 356.3282470703125, 356.2664794921875, 356.20556640625, 356.143798828125, 356.0826416015625, 356.0228271484375, 355.961669921875, 355.90155029296875, 355.8409423828125, 355.78106689453125, 355.72119140625, 355.663330078125, 355.60308837890625, 355.5430908203125, 355.484375, 355.42535400390625, 355.36773681640625, 355.308837890625, 355.251220703125, 355.1937255859375, 355.135986328125, 355.0784912109375, 355.02105712890625, 354.9639892578125, 354.9072265625, 354.8507080078125, 354.794189453125, 354.7374267578125, 354.6822509765625, 354.625244140625, 354.5697021484375, 354.51531982421875, 354.458984375, 354.4046630859375, 354.3509521484375, 354.2952880859375, 354.24072265625, 354.18701171875, 354.1328125, 354.0791015625, 354.024169921875, 353.9710693359375, 353.9183349609375, 353.8651123046875, 353.8128662109375, 353.759765625, 353.7076416015625, 353.6556396484375, 353.6048583984375, 353.5518798828125, 353.4993896484375, 353.4495849609375, 353.3974609375, 353.3458251953125, 353.2955322265625, 353.244873046875, 353.1944580078125, 353.144287109375, 353.094482421875, 353.0447998046875, 352.9947509765625, 352.9454345703125, 352.8963623046875, 352.847900390625, 352.7984619140625, 352.7498779296875, 352.7017822265625, 352.6536865234375, 352.607421875, 352.5582275390625, 352.51025390625, 352.4644775390625, 352.4173583984375, 352.3687744140625, 352.3228759765625, 352.2752685546875, 352.228515625, 352.1829833984375, 352.136962890625, 352.091796875, 352.0465087890625, 352.0006103515625, 351.9554443359375, 351.9107666015625, 351.8663330078125, 351.8214111328125, 351.7764892578125, 351.7315673828125, 351.6895751953125, 351.6451416015625, 351.60302734375, 351.5587158203125, 351.5164794921875, 351.4720458984375, 351.4296875, 351.3873291015625, 351.3450927734375, 351.3023681640625, 351.259521484375, 351.2176513671875, 351.1766357421875, 351.1348876953125, 351.093505859375, 351.05126953125, 351.0115966796875, 350.9705810546875, 350.9295654296875, 350.89013671875, 350.8499755859375, 350.808837890625, 350.770751953125, 350.72998046875, 350.6915283203125, 350.6524658203125, 350.6131591796875, 350.5745849609375, 350.5345458984375, 350.49609375, 350.4580078125, 350.4200439453125, 350.3798828125, 350.3428955078125, 350.3062744140625, 350.2681884765625, 350.2308349609375, 350.1932373046875, 350.15576171875, 350.11767578125, 350.0830078125, 350.0450439453125, 350.009033203125, 349.9713134765625, 349.9371337890625, 349.9012451171875, 349.8665771484375, 349.8299560546875, 349.7939453125, 349.7586669921875, 349.72216796875, 349.6876220703125, 349.6534423828125, 349.6175537109375, 349.5826416015625, 349.5484619140625, 349.5147705078125, 349.4793701171875, 349.4459228515625, 349.412841796875, 349.3763427734375, 349.343994140625, 349.3106689453125, 349.2774658203125, 349.243896484375, 349.2088623046875, 349.17626953125, 349.144775390625, 349.1116943359375, 349.078369140625, 349.0457763671875, 349.014404296875, 348.98193359375, 348.9500732421875, 348.9169921875, 348.8848876953125, 348.8543701171875, 348.8218994140625, 348.79150390625, 348.7579345703125, 348.728759765625, 348.6976318359375, 348.664306640625, 348.634033203125, 348.603759765625, 348.572509765625, 348.54248046875, 348.5107421875, 348.48095703125, 348.450439453125, 348.419677734375, 348.3887939453125, 348.3587646484375, 348.3294677734375, 348.299560546875, 348.2681884765625, 348.2398681640625, 348.2093505859375, 348.1810302734375, 348.1510009765625, 348.12060546875, 348.0919189453125, 348.0631103515625, 348.0347900390625, 348.006103515625, 347.9761962890625, 347.947021484375, 347.9183349609375, 347.8895263671875, 347.862060546875, 347.8326416015625, 347.80517578125, 347.777587890625, 347.7489013671875, 347.7216796875, 347.6929931640625, 347.665771484375, 347.6380615234375, 347.610107421875, 347.5830078125, 347.5543212890625, 347.527587890625, 347.50048828125, 347.47265625, 347.4456787109375, 347.4176025390625, 347.390869140625, 347.3643798828125, 347.3358154296875, 347.3104248046875, 347.2823486328125, 347.257568359375, 347.230224609375, 347.20361328125, 347.1768798828125, 347.149169921875, 347.1240234375, 347.09765625, 347.0714111328125, 347.04638671875, 347.01953125, 346.9949951171875, 346.9669189453125, 346.9412841796875, 346.9141845703125, 346.8892822265625, 346.86376953125, 346.8380126953125, 346.8123779296875, 346.786865234375, 346.76123046875, 346.735107421875, 346.7095947265625, 346.6854248046875, 346.6600341796875, 346.6351318359375, 346.60791015625, 346.585693359375, 346.5592041015625, 346.534912109375, 346.5098876953125, 346.4840087890625, 346.458251953125, 346.4364013671875, 346.409912109375, 346.3848876953125, 346.3609619140625, 346.3358154296875, 346.3123779296875, 346.286376953125, 346.262451171875, 346.239501953125, 346.2138671875, 346.1900634765625, 346.1663818359375, 346.1417236328125, 346.1168212890625, 346.09423828125, 346.0694580078125, 346.04443359375, 346.0213623046875, 345.9964599609375, 345.972900390625, 345.948974609375, 345.925537109375, 345.900634765625, 345.8785400390625, 345.8546142578125, 345.8314208984375, 345.8072509765625, 345.7852783203125, 345.76025390625, 345.7366943359375, 345.7117919921875, 345.6898193359375, 345.665283203125, 345.6434326171875, 345.6202392578125, 345.595947265625, 345.572998046875, 345.5489501953125, 345.5262451171875, 345.5028076171875, 345.4796142578125, 345.45556640625, 345.4324951171875, 345.4107666015625, 345.3892822265625, 345.3636474609375, 345.341552734375, 345.318603515625, 345.2947998046875, 345.2718505859375, 345.24853515625, 345.225341796875, 345.204345703125, 345.1815185546875, 345.157470703125, 345.1351318359375, 345.111083984375, 345.088134765625, 345.0684814453125, 345.0450439453125, 345.0203857421875, 344.9984130859375, 344.9747314453125, 344.953125, 344.9312744140625, 344.9090576171875, 344.8863525390625, 344.8621826171875, 344.8406982421875, 344.8160400390625, 344.794677734375, 344.77294921875, 344.7503662109375, 344.7252197265625, 344.703857421875, 344.680908203125, 344.6590576171875, 344.63671875, 344.6151123046875, 344.5909423828125, 344.5679931640625, 344.5462646484375, 344.5228271484375, 344.500244140625, 344.4786376953125, 344.455322265625, 344.4329833984375, 344.4102783203125, 344.3865966796875, 344.365234375, 344.3426513671875, 344.3194580078125, 344.297607421875, 344.274658203125, 344.25146484375, 344.23046875, 344.2064208984375, 344.1851806640625, 344.16162109375, 344.1387939453125, 344.1168212890625, 344.0938720703125, 344.070068359375, 344.0477294921875, 344.0247802734375, 344.0032958984375, 343.9798583984375, 343.95703125, 343.93359375, 343.9100341796875, 343.8865966796875, 343.862548828125, 343.8409423828125, 343.818603515625, 343.797119140625, 343.77294921875, 343.7506103515625, 343.72509765625, 343.703857421875, 343.6805419921875, 343.6590576171875, 343.6339111328125, 343.6102294921875, 343.586181640625, 343.5635986328125, 343.5439453125, 343.520263671875, 343.49658203125, 343.4720458984375, 343.4495849609375, 343.42529296875, 343.4022216796875, 343.3785400390625, 343.3551025390625, 343.330322265625, 343.3067626953125, 343.2823486328125, 343.2591552734375, 343.23681640625, 343.2115478515625, 343.1876220703125, 343.1639404296875, 343.1417236328125, 343.1177978515625, 343.0924072265625, 343.0672607421875, 343.0445556640625, 343.019287109375, 342.9954833984375, 342.9708251953125, 342.9483642578125, 342.9232177734375, 342.8975830078125, 342.8739013671875, 342.8487548828125, 342.8260498046875, 342.8011474609375, 342.7755126953125, 342.7503662109375, 342.7279052734375, 342.7022705078125, 342.6768798828125, 342.65185546875, 342.62744140625, 342.603759765625, 342.577392578125, 342.5526123046875, 342.5281982421875, 342.501220703125, 342.4781494140625, 342.4512939453125, 342.4261474609375, 342.4017333984375, 342.3768310546875, 342.3505859375, 342.324951171875, 342.2978515625, 342.2733154296875, 342.2489013671875, 342.222900390625, 342.1981201171875, 342.1724853515625, 342.14306640625, 342.11669921875, 342.092529296875, 342.06640625, 342.0404052734375, 342.0133056640625, 341.987548828125, 341.9599609375, 341.9345703125, 341.9078369140625, 341.8802490234375, 341.8538818359375, 341.8271484375, 341.8013916015625, 341.7740478515625, 341.74658203125, 341.718994140625, 341.6942138671875, 341.6671142578125, 341.6402587890625, 341.612060546875, 341.5849609375, 341.5594482421875, 341.53173828125, 341.5015869140625, 341.4747314453125, 341.4486083984375, 341.4207763671875, 341.393798828125, 341.3665771484375, 341.3369140625, 341.3099365234375, 341.28173828125, 341.254150390625, 341.2264404296875, 341.1986083984375, 341.1689453125, 341.1400146484375, 341.1148681640625, 341.0882568359375, 341.0565185546875, 341.0286865234375, 341.001708984375, 340.9713134765625, 340.9447021484375, 340.9141845703125, 340.8878173828125, 340.8575439453125, 340.82958984375, 340.801025390625, 340.771728515625, 340.7445068359375, 340.7144775390625, 340.68603515625, 340.6563720703125, 340.630126953125, 340.5980224609375, 340.570556640625, 340.5411376953125, 340.5118408203125, 340.48291015625, 340.4537353515625, 340.4249267578125, 340.3968505859375, 340.3662109375, 340.3358154296875, 340.309326171875, 340.2779541015625, 340.2501220703125, 340.2218017578125, 340.190185546875, 340.1610107421875, 340.130859375, 340.1029052734375, 340.0718994140625, 340.0423583984375, 340.0133056640625, 339.9827880859375, 339.9554443359375, 339.923828125, 339.894287109375, 339.8638916015625, 339.8341064453125, 339.80224609375, 339.7735595703125, 339.7454833984375, 339.7156982421875, 339.684814453125, 339.6568603515625, 339.6265869140625, 339.595703125, 339.567138671875, 339.535888671875, 339.5067138671875, 339.4765625, 339.447509765625, 339.4189453125, 339.3892822265625, 339.3568115234375, 339.3287353515625, 339.2979736328125, 339.2681884765625, 339.238037109375, 339.2103271484375, 339.1756591796875, 339.146728515625, 339.1192626953125, 339.0869140625, 339.0579833984375, 339.0277099609375, 338.9991455078125, 338.9688720703125, 338.9390869140625, 338.9112548828125, 338.8795166015625, 338.8504638671875, 338.8204345703125, 338.7904052734375, 338.761474609375, 338.731689453125, 338.701904296875, 338.673095703125, 338.6409912109375, 338.61181640625, 338.5823974609375, 338.5531005859375, 338.5233154296875, 338.494873046875, 338.462890625, 338.4356689453125, 338.4052734375, 338.37744140625, 338.3477783203125, 338.31640625, 338.2890625, 338.2569580078125, 338.2274169921875, 338.200439453125, 338.1700439453125, 338.1427001953125, 338.111328125, 338.08251953125, 338.0528564453125, 338.023681640625, 337.9957275390625, 337.9666748046875, 337.9371337890625, 337.9071044921875, 337.8795166015625, 337.850341796875, 337.8216552734375, 337.7947998046875, 337.763916015625, 337.7362060546875, 337.7076416015625, 337.67919921875, 337.64892578125, 337.6199951171875, 337.5931396484375, 337.5645751953125, 337.5367431640625, 337.5084228515625, 337.4793701171875, 337.452392578125, 337.4229736328125, 337.394287109375, 337.3680419921875, 337.33935546875, 337.31103515625, 337.2841796875, 337.2559814453125, 337.2266845703125, 337.199951171875, 337.174072265625, 337.1416015625, 337.1156005859375, 337.0885009765625, 337.0606689453125, 337.0343017578125, 337.007568359375, 336.978271484375, 336.9510498046875, 336.923828125, 336.896240234375, 336.8709716796875, 336.84326171875, 336.8162841796875, 336.79052734375, 336.7603759765625, 336.7359619140625, 336.709716796875, 336.6822509765625, 336.6549072265625, 336.6280517578125, 336.600341796875, 336.5738525390625, 336.5474853515625, 336.520751953125, 336.4942626953125, 336.4691162109375, 336.4417724609375, 336.4161376953125, 336.3907470703125, 336.3665771484375, 336.3387451171875, 336.31103515625, 336.2869873046875, 336.26171875, 336.2366943359375, 336.2103271484375, 336.1829833984375, 336.1585693359375, 336.133544921875, 336.1094970703125, 336.0838623046875, 336.054931640625, 336.0318603515625, 336.006591796875, 335.9801025390625, 335.9559326171875, 335.9324951171875, 335.9061279296875, 335.882568359375, 335.8585205078125, 335.8331298828125, 335.807373046875, 335.7830810546875, 335.757568359375, 335.7347412109375, 335.7099609375, 335.68359375, 335.6610107421875, 335.6356201171875, 335.613037109375, 335.58984375, 335.5648193359375, 335.542236328125, 335.518310546875, 335.4923095703125, 335.4700927734375, 335.4456787109375, 335.4249267578125, 335.4000244140625, 335.3773193359375, 335.351318359375, 335.3282470703125, 335.3033447265625, 335.2821044921875, 335.2589111328125, 335.23681640625, 335.2122802734375, 335.1900634765625, 335.1663818359375, 335.1431884765625, 335.1243896484375, 335.099609375, 335.076904296875, 335.0517578125, 335.02734375, 335.0098876953125, 334.9884033203125, 334.9659423828125, 334.942626953125, 334.917236328125, 334.8970947265625, 334.8743896484375, 334.8536376953125, 334.8309326171875, 334.8116455078125, 334.7879638671875, 334.7646484375, 334.7425537109375, 334.7247314453125, 334.700927734375, 334.6812744140625, 334.6578369140625, 334.6363525390625, 334.615234375, 334.5936279296875, 334.574462890625, 334.554931640625, 334.5330810546875, 334.5137939453125, 334.4910888671875, 334.4686279296875, 334.449462890625, 334.4273681640625, 334.4085693359375, 334.3848876953125, 334.366455078125, 334.34521484375, 334.3243408203125, 334.3043212890625, 334.28369140625, 334.2655029296875, 334.2432861328125, 334.224853515625, 334.2039794921875, 334.1827392578125, 334.164794921875, 334.1451416015625, 334.1241455078125, 334.1051025390625, 334.0858154296875, 334.06689453125, 334.046875, 334.025634765625, 334.009521484375, 333.9915771484375, 333.9700927734375, 333.9520263671875, 333.930419921875, 333.9129638671875, 333.8917236328125, 333.8751220703125, 333.85400390625, 333.8365478515625, 333.8175048828125, 333.7982177734375, 333.7784423828125, 333.7620849609375, 333.743896484375, 333.7254638671875, 333.707763671875, 333.689208984375, 333.6707763671875, 333.6529541015625, 333.6331787109375, 333.6170654296875, 333.596923828125, 333.5797119140625, 333.5623779296875, 333.5428466796875, 333.526611328125, 333.509033203125, 333.4930419921875, 333.471435546875, 333.4537353515625, 333.438232421875, 333.4212646484375, 333.4024658203125, 333.38427734375, 333.3671875, 333.351318359375, 333.3333740234375, 333.3148193359375, 333.297119140625, 333.2835693359375, 333.2635498046875, 333.2493896484375, 333.2340087890625, 333.2149658203125, 333.1976318359375, 333.182861328125, 333.1629638671875, 333.1500244140625, 333.1312255859375, 333.1160888671875, 333.0999755859375, 333.0831298828125, 333.0645751953125, 333.0504150390625, 333.03466796875, 333.0177001953125, 333.000732421875, 332.9859619140625, 332.9693603515625, 332.95361328125, 332.9366455078125, 332.9215087890625, 332.90576171875, 332.8909912109375, 332.8753662109375, 332.857177734375, 332.8443603515625, 332.8272705078125, 332.8096923828125, 332.7962646484375, 332.7830810546875, 332.7650146484375, 332.7540283203125, 332.734375, 332.71875, 332.70263671875, 332.6893310546875, 332.6739501953125, 332.6590576171875, 332.647216796875, 332.630859375, 332.6153564453125, 332.597412109375, 332.585693359375, 332.5716552734375, 332.55712890625, 332.5462646484375, 332.5264892578125, 332.5106201171875, 332.4957275390625, 332.4830322265625, 332.4688720703125, 332.4530029296875, 332.4383544921875, 332.4251708984375, 332.4107666015625, 332.3970947265625, 332.3802490234375, 332.36962890625, 332.3516845703125, 332.34130859375, 332.3218994140625, 332.310302734375, 332.293212890625, 332.2781982421875, 332.2684326171875, 332.25439453125, 332.2379150390625, 332.2257080078125, 332.21142578125, 332.1982421875, 332.18212890625, 332.1702880859375, 332.1563720703125, 332.1378173828125, 332.1282958984375, 332.11572265625, 332.1038818359375, 332.08740234375, 332.0740966796875, 332.0611572265625, 332.0477294921875, 332.036376953125, 332.0203857421875, 332.007568359375, 331.9959716796875, 331.986328125, 331.9676513671875, 331.9571533203125, 331.9405517578125, 331.9273681640625, 331.9180908203125, 331.90625, 331.8896484375, 331.8773193359375, 331.8673095703125, 331.8507080078125, 331.8408203125, 331.8245849609375, 331.8118896484375, 331.8006591796875, 331.788818359375, 331.7786865234375, 331.7662353515625, 331.7523193359375, 331.7379150390625, 331.7235107421875, 331.71240234375, 331.7010498046875, 331.6868896484375, 331.6741943359375, 331.6617431640625, 331.6488037109375, 331.6363525390625, 331.6251220703125, 331.6138916015625, 331.6011962890625, 331.5902099609375, 331.5758056640625, 331.56201171875, 331.5548095703125, 331.5382080078125, 331.5263671875, 331.5120849609375, 331.505126953125, 331.48876953125, 331.4810791015625, 331.4718017578125, 331.455810546875, 331.4444580078125, 331.43408203125, 331.41943359375, 331.4129638671875, 331.3939208984375, 331.386474609375, 331.3731689453125, 331.3624267578125, 331.3509521484375, 331.3397216796875, 331.3311767578125, 331.3121337890625, 331.3055419921875, 331.29541015625, 331.2757568359375, 331.269287109375, 331.255859375, 331.25048828125, 331.2352294921875, 331.2227783203125, 331.21630859375, 331.201416015625, 331.1851806640625, 331.1741943359375, 331.1695556640625, 331.1536865234375, 331.1435546875, 331.134765625, 331.120361328125, 331.1097412109375, 331.1044921875, 331.0892333984375, 331.0760498046875, 331.0653076171875, 331.0574951171875, 331.0487060546875, 331.0343017578125, 331.0224609375, 331.0133056640625, 331.001953125, 330.9901123046875, 330.9798583984375, 330.968994140625, 330.9549560546875, 330.9471435546875, 330.9385986328125, 330.9266357421875, 330.9161376953125, 330.90478515625, 330.890380859375, 330.8834228515625, 330.8701171875, 330.861328125, 330.8477783203125, 330.8367919921875, 330.822509765625, 330.818603515625, 330.8099365234375, 330.7982177734375, 330.7900390625, 330.7767333984375, 330.7664794921875, 330.7596435546875, 330.7408447265625, 330.7374267578125, 330.7269287109375, 330.71484375, 330.70556640625, 330.6942138671875, 330.6842041015625, 330.676025390625, 330.66259765625, 330.6552734375, 330.6435546875, 330.6319580078125, 330.6197509765625, 330.6138916015625, 330.6029052734375, 330.598388671875, 330.5836181640625, 330.5718994140625, 330.5621337890625, 330.552978515625, 330.5416259765625, 330.5352783203125, 330.5228271484375, 330.5106201171875, 330.5035400390625, 330.4942626953125, 330.4830322265625, 330.4722900390625, 330.458740234375, 330.44775390625, 330.4407958984375, 330.4322509765625, 330.4197998046875, 330.4127197265625, 330.4063720703125, 330.392333984375, 330.3802490234375, 330.3756103515625, 330.3629150390625, 330.354248046875, 330.34375, 330.33740234375, 330.3240966796875, 330.31298828125, 330.3084716796875, 330.295166015625, 330.2867431640625, 330.2760009765625, 330.2650146484375, 330.2596435546875, 330.248291015625, 330.2435302734375, 330.2274169921875, 330.2177734375, 330.2110595703125, 330.19921875, 330.18994140625, 330.184814453125, 330.1728515625, 330.1649169921875, 330.1536865234375, 330.1451416015625, 330.1373291015625, 330.1292724609375, 330.1173095703125, 330.1097412109375, 330.1007080078125, 330.0906982421875, 330.07861328125, 330.07373046875, 330.0638427734375, 330.0511474609375, 330.0399169921875, 330.032470703125, 330.0289306640625, 330.01904296875, 330.0081787109375, 329.9967041015625, 329.989501953125, 329.9803466796875, 329.969482421875, 329.9593505859375, 329.946044921875, 329.9351806640625, 329.9281005859375, 329.922119140625, 329.922119140625, 329.9083251953125, 329.9005126953125, 329.8897705078125, 329.881591796875, 329.87353515625, 329.8641357421875, 329.85498046875, 329.8447265625, 329.83544921875, 329.82861328125, 329.8214111328125, 329.8134765625, 329.8031005859375, 329.7933349609375, 329.7850341796875, 329.7811279296875, 329.77001953125, 329.7615966796875, 329.7515869140625, 329.7408447265625, 329.7308349609375, 329.7271728515625, 329.7159423828125, 329.7064208984375, 329.6942138671875, 329.6903076171875, 329.6790771484375, 329.671142578125, 329.6591796875, 329.650390625, 329.643310546875, 329.6348876953125, 329.622802734375, 329.614013671875, 329.6156005859375, 329.603759765625, 329.594970703125, 329.587158203125, 329.5782470703125, 329.5723876953125, 329.559326171875, 329.5537109375, 329.5384521484375, 329.5372314453125, 329.5269775390625, 329.5189208984375, 329.513916015625, 329.5059814453125, 329.49462890625, 329.4869384765625, 329.4779052734375, 329.4691162109375, 329.462890625, 329.4554443359375, 329.442626953125, 329.4368896484375, 329.4254150390625, 329.415283203125, 329.4132080078125, 329.4029541015625, 329.3919677734375, 329.3875732421875, 329.376953125, 329.3670654296875, 329.36669921875, 329.3499755859375, 329.3460693359375, 329.3375244140625, 329.334716796875, 329.3251953125, 329.3131103515625, 329.3099365234375, 329.2962646484375, 329.2911376953125, 329.279541015625, 329.2745361328125, 329.2669677734375, 329.2578125, 329.25, 329.24365234375, 329.234375, 329.2276611328125, 329.2181396484375, 329.2108154296875, 329.2025146484375, 329.1962890625, 329.1864013671875, 329.1761474609375, 329.1754150390625, 329.16015625, 329.15576171875, 329.149658203125, 329.1363525390625, 329.1295166015625, 329.1221923828125, 329.1138916015625, 329.1063232421875, 329.0989990234375, 329.09228515625, 329.0875244140625, 329.0780029296875, 329.0721435546875, 329.0648193359375, 329.0555419921875, 329.0445556640625, 329.0364990234375, 329.0291748046875, 329.026123046875, 329.01220703125, 329.0079345703125, 328.9991455078125, 328.9945068359375, 328.9832763671875, 328.978515625, 328.9674072265625, 328.9605712890625, 328.9547119140625, 328.9525146484375, 328.9422607421875, 328.9305419921875, 328.9232177734375, 328.9190673828125, 328.9129638671875, 328.9051513671875, 328.893798828125, 328.8944091796875, 328.8856201171875, 328.8756103515625, 328.87255859375, 328.857421875, 328.853515625, 328.8438720703125, 328.838623046875, 328.8253173828125, 328.820556640625, 328.8133544921875, 328.8038330078125, 328.801025390625, 328.7952880859375, 328.782958984375, 328.7774658203125, 328.7705078125, 328.756103515625, 328.7545166015625, 328.7481689453125, 328.73583984375, 328.7325439453125, 328.7249755859375, 328.7177734375, 328.707763671875, 328.7003173828125, 328.6905517578125, 328.6849365234375, 328.677490234375, 328.6724853515625, 328.6673583984375, 328.6600341796875, 328.65087890625, 328.6444091796875, 328.638671875, 328.6275634765625, 328.6273193359375, 328.6177978515625, 328.609619140625, 328.6043701171875, 328.5966796875, 328.5924072265625, 328.5799560546875, 328.5718994140625, 328.5618896484375, 328.5565185546875, 328.552001953125, 328.549072265625, 328.53857421875, 328.53564453125, 328.5272216796875, 328.5208740234375, 328.512939453125, 328.5047607421875, 328.49267578125, 328.48779296875, 328.4842529296875, 328.4757080078125, 328.4693603515625, 328.457275390625, 328.4552001953125, 328.44921875, 328.44091796875, 328.4378662109375, 328.4305419921875, 328.4215087890625, 328.4158935546875, 328.4075927734375, 328.39794921875, 328.3892822265625, 328.383544921875, 328.3790283203125, 328.3714599609375, 328.371826171875, 328.3538818359375, 328.3533935546875, 328.3426513671875, 328.3394775390625, 328.3330078125, 328.3214111328125, 328.3192138671875, 328.3101806640625, 328.304443359375, 328.3009033203125, 328.2921142578125, 328.2816162109375, 328.2755126953125, 328.2760009765625, 328.2633056640625, 328.2530517578125, 328.24853515625, 328.2435302734375, 328.235107421875, 328.232666015625, 328.224853515625, 328.2205810546875, 328.2135009765625, 328.20166015625, 328.1920166015625, 328.1905517578125, 328.1826171875, 328.1768798828125, 328.1739501953125, 328.1627197265625, 328.155029296875, 328.1507568359375, 328.1419677734375, 328.1400146484375, 328.130126953125, 328.1158447265625, 328.1182861328125, 328.1083984375, 328.1055908203125, 328.101318359375, 328.0921630859375, 328.08349609375, 328.078369140625, 328.07666015625, 328.0660400390625, 328.0579833984375, 328.04833984375, 328.0450439453125, 328.045654296875, 328.0347900390625, 328.024658203125, 328.0230712890625, 328.0211181640625, 328.0062255859375, 327.998046875, 327.99755859375, 327.9893798828125, 327.985107421875, 327.9766845703125, 327.9716796875, 327.9671630859375, 327.9554443359375, 327.9503173828125, 327.9454345703125, 327.9365234375, 327.9288330078125, 327.9288330078125, 327.916259765625, 327.917236328125, 327.91015625, 327.9053955078125, 327.8912353515625, 327.8924560546875, 327.88623046875, 327.8758544921875, 327.873779296875, 327.8634033203125, 327.8521728515625, 327.846923828125, 327.8446044921875, 327.8389892578125, 327.8314208984375, 327.822509765625, 327.8226318359375, 327.8111572265625, 327.8038330078125, 327.7943115234375, 327.7869873046875, 327.7889404296875, 327.7811279296875, 327.7735595703125, 327.7691650390625, 327.7685546875, 327.7593994140625, 327.7532958984375, 327.7489013671875, 327.7496337890625, 327.7406005859375, 327.7325439453125, 327.72119140625, 327.7181396484375, 327.712890625, 327.6998291015625, 327.7032470703125, 327.6947021484375, 327.6859130859375, 327.683837890625, 327.6749267578125, 327.6700439453125, 327.6597900390625, 327.6541748046875, 327.6522216796875, 327.6451416015625, 327.639892578125, 327.6322021484375, 327.626220703125, 327.6204833984375, 327.6121826171875, 327.6085205078125, 327.5989990234375, 327.5909423828125, 327.586181640625, 327.583740234375, 327.5784912109375, 327.5704345703125, 327.5679931640625, 327.557373046875, 327.55517578125, 327.5504150390625, 327.539306640625, 327.5277099609375, 327.5186767578125, 327.5279541015625, 327.521728515625, 327.520263671875, 327.5062255859375, 327.5047607421875, 327.49365234375, 327.4862060546875, 327.4881591796875, 327.481201171875, 327.4713134765625, 327.4635009765625, 327.4642333984375, 327.4564208984375, 327.4495849609375, 327.4449462890625, 327.4354248046875, 327.4307861328125, 327.43212890625, 327.4169921875, 327.4149169921875, 327.417724609375, 327.40966796875, 327.400634765625, 327.3843994140625, 327.3848876953125, 327.3873291015625, 327.378662109375, 327.3739013671875, 327.3731689453125, 327.356689453125, 327.3485107421875, 327.3399658203125, 327.3411865234375, 327.3409423828125, 327.3248291015625, 327.317626953125, 327.321044921875, 327.316162109375, 327.3095703125, 327.3052978515625, 327.292724609375, 327.290283203125, 327.2823486328125, 327.2666015625, 327.2664794921875, 327.2672119140625, 327.2625732421875, 327.259033203125, 327.2510986328125, 327.2469482421875, 327.2374267578125, 327.2432861328125, 327.2362060546875, 327.2232666015625, 327.2115478515625, 327.2203369140625, 327.204345703125, 327.1976318359375, 327.1944580078125, 327.1793212890625, 327.1834716796875, 327.173095703125, 327.167724609375, 327.1580810546875, 327.154052734375, 327.1494140625, 327.1412353515625, 327.1318359375, 327.1409912109375, 327.1322021484375, 327.1275634765625, 327.11669921875, 327.1156005859375, 327.1085205078125, 327.104736328125, 327.0946044921875, 327.0904541015625, 327.07958984375, 327.077392578125, 327.0775146484375, 327.0802001953125, 327.062744140625, 327.0540771484375, 327.056640625, 327.042236328125, 327.0389404296875, 327.04150390625, 327.039306640625, 327.0201416015625, 327.0189208984375, 327.0130615234375, 327.010498046875, 326.9967041015625, 326.9903564453125, 326.996826171875, 326.9892578125, 326.9791259765625, 326.982177734375, 326.9666748046875, 326.9716796875, 326.9700927734375, 326.9569091796875, 326.951171875, 326.9461669921875, 326.9512939453125, 326.9393310546875, 326.9278564453125, 326.9254150390625, 326.915283203125, 326.9173583984375, 326.91796875, 326.90771484375, 326.90185546875, 326.896240234375, 326.880859375, 326.882080078125, 326.880859375, 326.8758544921875, 326.875, 326.8662109375, 326.8626708984375, 326.8447265625, 326.8424072265625, 326.836181640625, 326.83447265625, 326.8350830078125, 326.8280029296875, 326.82177734375, 326.8121337890625, 326.813232421875, 326.8079833984375, 326.7926025390625, 326.7958984375, 326.785400390625, 326.784912109375, 326.78662109375, 326.7847900390625, 326.7672119140625, 326.7691650390625, 326.7525634765625, 326.756591796875, 326.748779296875, 326.736328125, 326.738037109375, 326.7237548828125, 326.73583984375, 326.7130126953125, 326.709228515625, 326.7164306640625, 326.7083740234375, 326.7021484375, 326.7047119140625, 326.6944580078125, 326.693115234375, 326.6871337890625, 326.6690673828125, 326.66845703125, 326.6690673828125, 326.6588134765625, 326.6566162109375, 326.6494140625, 326.6435546875, 326.642822265625, 326.6357421875, 326.6204833984375, 326.6260986328125, 326.6219482421875, 326.6126708984375, 326.6055908203125, 326.6072998046875, 326.600830078125, 326.5885009765625, 326.584228515625, 326.5758056640625, 326.58203125, 326.5745849609375, 326.56494140625, 326.5667724609375, 326.5631103515625, 326.5550537109375, 326.552978515625, 326.5418701171875, 326.54296875, 326.5447998046875, 326.531982421875, 326.52978515625, 326.5126953125, 326.5150146484375, 326.5096435546875, 326.5072021484375, 326.5018310546875, 326.48876953125, 326.4832763671875, 326.4852294921875, 326.462646484375, 326.4593505859375, 326.4647216796875, 326.4542236328125, 326.4661865234375, 326.4547119140625, 326.4398193359375, 326.4443359375, 326.437744140625, 326.4249267578125, 326.4188232421875, 326.4183349609375, 326.4119873046875, 326.4144287109375, 326.4073486328125, 326.3988037109375, 326.3900146484375, 326.3917236328125, 326.3897705078125, 326.3785400390625, 326.3875732421875, 326.376953125, 326.3602294921875, 326.3660888671875, 326.353271484375, 326.35400390625, 326.347412109375, 326.342041015625, 326.33251953125, 326.3370361328125, 326.3299560546875, 326.3232421875, 326.32568359375, 326.3194580078125, 326.3060302734375, 326.311279296875, 326.2977294921875, 326.2987060546875, 326.2945556640625, 326.2852783203125, 326.28173828125, 326.2744140625, 326.275634765625, 326.2708740234375, 326.2557373046875, 326.2640380859375, 326.25927734375, 326.2457275390625, 326.2322998046875, 326.2257080078125, 326.2398681640625, 326.2276611328125, 326.2261962890625, 326.2227783203125, 326.2166748046875, 326.2015380859375, 326.2078857421875, 326.2030029296875, 326.185302734375, 326.1873779296875, 326.181640625, 326.1815185546875, 326.17724609375, 326.1658935546875, 326.1717529296875, 326.1539306640625, 326.1505126953125, 326.1510009765625, 326.1473388671875, 326.1461181640625, 326.137451171875, 326.1337890625, 326.1229248046875, 326.1263427734375, 326.1156005859375, 326.1175537109375, 326.10595703125, 326.110107421875, 326.0948486328125, 326.0902099609375, 326.0882568359375, 326.080322265625, 326.0780029296875, 326.0794677734375, 326.0667724609375, 326.0697021484375, 326.0570068359375, 326.057861328125, 326.04736328125, 326.0408935546875, 326.033203125, 326.0301513671875, 326.0123291015625, 326.0191650390625, 326.0045166015625, 326.001953125, 325.9974365234375, 325.99462890625, 325.9931640625, 325.9854736328125, 325.974853515625]}
Warning: Cholesky failed, using eigendecomposition fallback
{'mse': 0.08108978718519211, 'rmse': 0.2847626805305481, 'test_ll': -1038184.625, 'total_test_ll': -25954615296.0}
/cluster/tufts/hugheslab/swilli26/stat-patt-final/gp_vs_sngp/results/hyperparam_search/GP/Friedman_1500_6001/logs
/cluster/tufts/hugheslab/swilli26/stat-patt-final/gp_vs_sngp/results/hyperparam_search/logs/GP_VS_SNGP_25028914.out
/cluster/tufts/hugheslab/swilli26/stat-patt-final/gp_vs_sngp/results/hyperparam_search/logs/GP_VS_SNGP_25028914.err
