eval dir: 
/cluster/tufts/hugheslab/swilli26/stat-patt-final/gp_vs_sngp/results/SNGP_75000/SNGP/SNGP_R750_LS0.28_OS2.74_75000CrazySin
/cluster/tufts/hugheslab/swilli26/stat-patt-final/gp_vs_sngp/results/SNGP_75000/SNGP/SNGP_R750_LS0.28_OS2.74_75000CrazySin/logs/logs.out
/cluster/tufts/hugheslab/swilli26/stat-patt-final/gp_vs_sngp/results/SNGP_75000/logs/GP_VS_SNGP_25174527.out
/cluster/tufts/hugheslab/swilli26/stat-patt-final/gp_vs_sngp/results/SNGP_75000/logs/GP_VS_SNGP_25174527.err
Starting imports...
Parsing arguments...
Arguments parsed! Running SNGP on CrazySin with N=75000
EXPERIMENT SUMMARY
===================
  - Model Training for SNGP and GP on Regression Tasks
  - modelName: SNGP
  - dataset: CrazySin
  - num_examples: 75000
  - seed: 1001
  - rank (for SNGP): 750
  - lengthscale: 0.276328
  - outputscale: 2.735109
  - noise: 0.099198
===================
Checking CUDA availability...
Using CPU
Making Datasets...
Making Model...
Training SNGP Model...
inf
0.14116477966308594
0.11267602443695068
0.09195601940155029
0.07621341943740845
0.06396830081939697
0.05428344011306763
0.04651552438735962
0.04020509123802185
0.03501778841018677
0.03070661425590515
0.027086913585662842
0.0240192711353302
0.02139727771282196
0.019138768315315247
0.017179816961288452
0.015470027923583984
0.0139693021774292
0.012645497918128967
0.011472493410110474
0.010428905487060547
0.00949714332818985
0.008662499487400055
0.007912695407867432
0.007237285375595093
0.006627514958381653
0.006075747311115265
0.005575500428676605
0.005121149122714996
0.004707828164100647
0.004331238567829132
0.003987666219472885
0.0036737993359565735
0.0033867545425891876
0.0031239576637744904
0.0028831250965595245
0.0026621930301189423
0.002459384500980377
0.0022730492055416107
0.0021017342805862427
0.0019441097974777222
0.0017990060150623322
0.0016653425991535187
0.0015421491116285324
0.0014285650104284286
0.001323772594332695
0.0012270528823137283
0.0011377576738595963
0.0010552722960710526
0.000979054719209671
0.0009085945785045624
0.0008434522897005081
0.0007831957191228867
0.0007274448871612549
0.0006758440285921097
0.0006280746310949326
0.0005838405340909958
0.000542864203453064
0.0005049016326665878
0.0004697199910879135
0.0004371087998151779
0.00040687061846256256
0.0003788284957408905
0.00035281572490930557
0.00032868143171072006
0.0003062840551137924
0.00028549227863550186
0.00026618968695402145
0.0002482626587152481
0.00023161061108112335
0.00021613948047161102
0.00020176544785499573
0.00018840283155441284
0.00017598271369934082
0.00016443151980638504
0.00015368591994047165
0.00014369003474712372
0.000134393572807312
0.0001257350668311119
0.00011768005788326263
0.00011017546057701111
0.0001031896099448204
9.667966514825821e-05
9.061302989721298e-05
8.496176451444626e-05
7.968954741954803e-05
7.4777752161026e-05
7.019471377134323e-05
6.591901183128357e-05
6.193015724420547e-05
5.8205798268318176e-05
5.4731033742427826e-05
5.148444324731827e-05
4.8451125621795654e-05
4.562176764011383e-05
4.297029227018356e-05
4.049669951200485e-05
3.818236291408539e-05
3.6016106605529785e-05
3.399606794118881e-05
3.209710121154785e-05
3.0326656997203827e-05
2.8662383556365967e-05
2.7109868824481964e-05
2.5651417672634125e-05
2.4285167455673218e-05
2.3004598915576935e-05
2.1804124116897583e-05
2.067815512418747e-05
1.9622966647148132e-05
1.8630176782608032e-05
1.7697922885417938e-05
1.6825273633003235e-05
1.6003847122192383e-05
1.5230849385261536e-05
1.4503486454486847e-05
1.3821758329868317e-05
1.3181008398532867e-05
1.2575648725032806e-05
1.2005679309368134e-05
1.1471100151538849e-05
1.0967254638671875e-05
1.0487623512744904e-05
1.004338264465332e-05
9.617768228054047e-06
1.8837861716747284e-05
8.843839168548584e-06
1.7330050468444824e-05
8.152797818183899e-06
1.598615199327469e-05
7.534399628639221e-06
1.4783814549446106e-05
6.9821253418922424e-06
1.3708136975765228e-05
6.487593054771423e-06
1.2746080756187439e-05
6.041489541530609e-06
1.1879019439220428e-05
5.641020834445953e-06
1.1098571121692657e-05
5.28339296579361e-06
1.0399147868156433e-05
4.956498742103577e-06
9.763985872268677e-06
1.4428049325942993e-05
4.5280903577804565e-06
8.923932909965515e-06
1.3198703527450562e-05
4.155561327934265e-06
8.200295269489288e-06
1.213420182466507e-05
3.8351863622665405e-06
7.569789886474609e-06
1.1212192475795746e-05
3.5529956221580505e-06
7.017515599727631e-06
1.040380448102951e-05
3.3052638173103333e-06
6.538815796375275e-06
9.696930646896362e-06
1.278705894947052e-05
3.0221417546272278e-06
5.980953574180603e-06
8.880160748958588e-06
1.1718831956386566e-05
2.7818605303764343e-06
5.510635673999786e-06
8.187256753444672e-06
1.0810792446136475e-05
2.575106918811798e-06
5.102716386318207e-06
7.5874850153923035e-06
1.0025687515735626e-05
2.3962929844856262e-06
4.750676453113556e-06
7.0678070187568665e-06
9.345822036266327e-06
1.1585652828216553e-05
2.2044405341148376e-06
4.374422132968903e-06
6.509944796562195e-06
8.61380249261856e-06
1.068413257598877e-05
2.041459083557129e-06
4.052184522151947e-06
6.03310763835907e-06
7.984228432178497e-06
9.911134839057922e-06
1.1809170246124268e-05
1.8719583749771118e-06
3.719702363014221e-06
5.542300641536713e-06
7.339753210544586e-06
9.113922715187073e-06
1.0867603123188019e-05
1.7285346984863281e-06
3.4356489777565002e-06
5.123205482959747e-06
6.786547601222992e-06
8.433125913143158e-06
1.0056421160697937e-05
1.6046687960624695e-06
3.191642463207245e-06
4.759989678859711e-06
6.309710443019867e-06
7.84359872341156e-06
9.356066584587097e-06
1.0853633284568787e-05
1.4817342162132263e-06
2.944841980934143e-06
4.393048584461212e-06
5.827285349369049e-06
7.241964340209961e-06
8.645467460155487e-06
1.0031275451183319e-05
1.3718381524085999e-06
2.7315691113471985e-06
4.073604941368103e-06
5.405396223068237e-06
6.7213550209999084e-06
8.024275302886963e-06
9.3141570687294e-06
1.0591931641101837e-05
1.2647360563278198e-06
2.516433596611023e-06
3.756023943424225e-06
4.9853697419166565e-06
6.200745701789856e-06
7.405877113342285e-06
8.598901331424713e-06
9.781681001186371e-06
1.0952353477478027e-05
1.1604279279708862e-06
2.3096799850463867e-06
3.4477561712265015e-06
4.577450454235077e-06
5.695037543773651e-06
6.8051740527153015e-06
7.902272045612335e-06
8.99098813533783e-06
1.007039099931717e-05
1.0682269930839539e-06
2.1280720829963684e-06
3.180466592311859e-06
4.221685230731964e-06
5.25452196598053e-06
6.278976798057556e-06
7.294118404388428e-06
8.301809430122375e-06
9.300187230110168e-06
1.0290183126926422e-05
9.825453162193298e-07
1.955777406692505e-06
2.9224902391433716e-06
3.8817524909973145e-06
4.8317015171051025e-06
5.773268640041351e-06
6.710179150104523e-06
7.63777643442154e-06
8.558854460716248e-06
9.471550583839417e-06
1.0377727448940277e-05
9.005889296531677e-07
1.7918646335601807e-06
2.6794150471687317e-06
3.557652235031128e-06
4.430301487445831e-06
5.294568836688995e-06
6.1532482504844666e-06
7.006339728832245e-06
7.852911949157715e-06
8.693896234035492e-06
9.52649861574173e-06
1.035444438457489e-05
8.223578333854675e-07
1.6372650861740112e-06
2.446584403514862e-06
3.2512471079826355e-06
4.050321877002716e-06
4.843808710575104e-06
5.630776286125183e-06
6.41215592622757e-06
7.188878953456879e-06
7.958151400089264e-06
8.726492524147034e-06
9.484589099884033e-06
1.0241754353046417e-05
7.497146725654602e-07
1.4957040548324585e-06
2.2351741790771484e-06
2.969987690448761e-06
3.7010759115219116e-06
4.426576197147369e-06
5.146488547325134e-06
5.862675607204437e-06
6.575137376785278e-06
7.2801485657691956e-06
7.983297109603882e-06
8.68178904056549e-06
9.375624358654022e-06
1.0064803063869476e-05
6.845220923423767e-07
1.364387571811676e-06
2.041459083557129e-06
2.7138739824295044e-06
3.3816322684288025e-06
4.044733941555023e-06
4.7050416469573975e-06
5.359761416912079e-06
6.01448118686676e-06
6.661750376224518e-06
7.3052942752838135e-06
7.945112884044647e-06
8.58306884765625e-06
9.21543687582016e-06
9.845942258834839e-06
Stopped early.
Finished after epoch 315, best epoch=300
Model saved to /cluster/tufts/hugheslab/swilli26/stat-patt-final/gp_vs_sngp/results/SNGP_75000/SNGP/SNGP_R750_LS0.28_OS2.74_75000CrazySin/model.pt
TEST LOG LIKELIHOOD SCORE:  0.8612141511848418
TEST MSE:  0.010473933070898056
TEST RMSE:  0.10234223306179047
