Starting imports...
Parsing arguments...
Arguments parsed! Running GP on CrazySin with N=30000
EXPERIMENT SUMMARY
===================
  - Model Training for SNGP and GP on Regression Tasks
  - modelName: GP
  - dataset: CrazySin
  - num_examples: 30000
  - seed: 1001
  - rank (for SNGP): 0
  - lengthscale: 0.276328
  - outputscale: 2.735109
  - noise: 0.099198
===================
Checking CUDA availability...
Using CPU
Making Datasets...
Making Model...
Training Gaussian Process...
Fitting to data...
Num examples 30000 >= 25,000, skipping model save
Warning: Cholesky failed, using eigendecomposition fallback
TEST LOG LIKELIHOOD SCORE:  0.22840461343938595
TEST MSE:  0.010096708312630653
TEST RMSE:  0.10048237442970276
/cluster/tufts/hugheslab/swilli26/stat-patt-final/gp_vs_sngp/results/primary_gp/GP/CrazySin_30000_1001/logs
/cluster/tufts/hugheslab/swilli26/stat-patt-final/gp_vs_sngp/results/primary_gp/logs/GP_VS_SNGP_25079378.out
/cluster/tufts/hugheslab/swilli26/stat-patt-final/gp_vs_sngp/results/primary_gp/logs/GP_VS_SNGP_25079378.err
