Starting imports...
Importing argparse...
Importing torch...
Importing os...
Importing sngp.train and sngp.model...
Importing gaussian_process...
Importing dataset...
Importing json...
ALL IMPORTS COMPLETE!
Parsing arguments...
Arguments parsed! Running GP on CrazySin with N=1500
Checking CUDA availability...
Using CPU
Making Datasets...
Making Model...
Training Gaussian Process...
Iter   0 | Loss: 17078.988 | lengthscale: 0.990 | outputscale: 1.010 | noise: 0.202
Iter  10 | Loss: 13775.090 | lengthscale: 0.894 | outputscale: 1.118 | noise: 0.223
Iter  20 | Loss: 11085.017 | lengthscale: 0.804 | outputscale: 1.244 | noise: 0.245
Iter  30 | Loss: 8704.374 | lengthscale: 0.714 | outputscale: 1.396 | noise: 0.267
Iter  40 | Loss: 5735.556 | lengthscale: 0.622 | outputscale: 1.596 | noise: 0.287
Iter  50 | Loss: 3690.218 | lengthscale: 0.544 | outputscale: 1.822 | noise: 0.302
Iter  60 | Loss: 2777.149 | lengthscale: 0.491 | outputscale: 2.018 | noise: 0.314
Iter  70 | Loss: 1660.369 | lengthscale: 0.443 | outputscale: 2.212 | noise: 0.323
Iter  80 | Loss:  406.443 | lengthscale: 0.395 | outputscale: 2.449 | noise: 0.326
Iter  90 | Loss:   26.912 | lengthscale: 0.364 | outputscale: 2.652 | noise: 0.326
Iter 100 | Loss:  -61.118 | lengthscale: 0.347 | outputscale: 2.780 | noise: 0.324
Iter 110 | Loss:  -96.919 | lengthscale: 0.339 | outputscale: 2.857 | noise: 0.322
Iter 120 | Loss: -120.286 | lengthscale: 0.334 | outputscale: 2.907 | noise: 0.319
Iter 130 | Loss: -139.858 | lengthscale: 0.330 | outputscale: 2.943 | noise: 0.315
Iter 140 | Loss: -158.125 | lengthscale: 0.328 | outputscale: 2.973 | noise: 0.312
Iter 150 | Loss: -175.954 | lengthscale: 0.326 | outputscale: 2.999 | noise: 0.309
Iter 160 | Loss: -193.675 | lengthscale: 0.324 | outputscale: 3.023 | noise: 0.305
Iter 170 | Loss: -211.448 | lengthscale: 0.322 | outputscale: 3.045 | noise: 0.301
Iter 180 | Loss: -229.341 | lengthscale: 0.320 | outputscale: 3.065 | noise: 0.298
Iter 190 | Loss: -247.402 | lengthscale: 0.319 | outputscale: 3.085 | noise: 0.294
Iter 200 | Loss: -265.646 | lengthscale: 0.317 | outputscale: 3.103 | noise: 0.290
Iter 210 | Loss: -284.088 | lengthscale: 0.316 | outputscale: 3.120 | noise: 0.286
Iter 220 | Loss: -302.729 | lengthscale: 0.315 | outputscale: 3.137 | noise: 0.283
Iter 230 | Loss: -321.581 | lengthscale: 0.313 | outputscale: 3.152 | noise: 0.279
Iter 240 | Loss: -340.626 | lengthscale: 0.312 | outputscale: 3.167 | noise: 0.275
Iter 250 | Loss: -359.872 | lengthscale: 0.311 | outputscale: 3.181 | noise: 0.271
Iter 260 | Loss: -379.307 | lengthscale: 0.310 | outputscale: 3.194 | noise: 0.267
Iter 270 | Loss: -398.926 | lengthscale: 0.309 | outputscale: 3.206 | noise: 0.263
Iter 280 | Loss: -418.706 | lengthscale: 0.308 | outputscale: 3.218 | noise: 0.259
Iter 290 | Loss: -438.639 | lengthscale: 0.307 | outputscale: 3.230 | noise: 0.255
Iter 300 | Loss: -458.714 | lengthscale: 0.307 | outputscale: 3.240 | noise: 0.251
Iter 310 | Loss: -478.924 | lengthscale: 0.306 | outputscale: 3.250 | noise: 0.247
Iter 320 | Loss: -499.238 | lengthscale: 0.305 | outputscale: 3.260 | noise: 0.243
Iter 330 | Loss: -519.655 | lengthscale: 0.304 | outputscale: 3.269 | noise: 0.239
Iter 340 | Loss: -540.139 | lengthscale: 0.304 | outputscale: 3.277 | noise: 0.235
Iter 350 | Loss: -560.685 | lengthscale: 0.303 | outputscale: 3.285 | noise: 0.231
Iter 360 | Loss: -581.284 | lengthscale: 0.302 | outputscale: 3.293 | noise: 0.227
Iter 370 | Loss: -601.894 | lengthscale: 0.302 | outputscale: 3.300 | noise: 0.224
Iter 380 | Loss: -622.506 | lengthscale: 0.301 | outputscale: 3.307 | noise: 0.220
Iter 390 | Loss: -643.101 | lengthscale: 0.300 | outputscale: 3.313 | noise: 0.216
Iter 400 | Loss: -663.648 | lengthscale: 0.300 | outputscale: 3.319 | noise: 0.212
Iter 410 | Loss: -684.135 | lengthscale: 0.299 | outputscale: 3.324 | noise: 0.209
Iter 420 | Loss: -704.537 | lengthscale: 0.299 | outputscale: 3.329 | noise: 0.205
Iter 430 | Loss: -724.826 | lengthscale: 0.298 | outputscale: 3.334 | noise: 0.201
Iter 440 | Loss: -744.993 | lengthscale: 0.298 | outputscale: 3.338 | noise: 0.198
Iter 450 | Loss: -764.996 | lengthscale: 0.298 | outputscale: 3.342 | noise: 0.194
Iter 460 | Loss: -784.821 | lengthscale: 0.297 | outputscale: 3.345 | noise: 0.191
Iter 470 | Loss: -804.453 | lengthscale: 0.297 | outputscale: 3.349 | noise: 0.188
Iter 480 | Loss: -823.862 | lengthscale: 0.296 | outputscale: 3.352 | noise: 0.184
Iter 490 | Loss: -843.006 | lengthscale: 0.296 | outputscale: 3.354 | noise: 0.181
Iter 500 | Loss: -861.870 | lengthscale: 0.296 | outputscale: 3.357 | noise: 0.178
Iter 510 | Loss: -880.453 | lengthscale: 0.295 | outputscale: 3.359 | noise: 0.175
Iter 520 | Loss: -898.706 | lengthscale: 0.295 | outputscale: 3.361 | noise: 0.172
Iter 530 | Loss: -916.623 | lengthscale: 0.295 | outputscale: 3.362 | noise: 0.169
Iter 540 | Loss: -934.152 | lengthscale: 0.295 | outputscale: 3.364 | noise: 0.166
Iter 550 | Loss: -951.307 | lengthscale: 0.294 | outputscale: 3.365 | noise: 0.163
Iter 560 | Loss: -968.026 | lengthscale: 0.294 | outputscale: 3.366 | noise: 0.160
Iter 570 | Loss: -984.347 | lengthscale: 0.294 | outputscale: 3.367 | noise: 0.157
Iter 580 | Loss: -1000.190 | lengthscale: 0.294 | outputscale: 3.367 | noise: 0.155
Iter 590 | Loss: -1015.576 | lengthscale: 0.293 | outputscale: 3.368 | noise: 0.152
Iter 600 | Loss: -1030.440 | lengthscale: 0.293 | outputscale: 3.368 | noise: 0.149
Iter 610 | Loss: -1044.841 | lengthscale: 0.293 | outputscale: 3.368 | noise: 0.147
Iter 620 | Loss: -1058.714 | lengthscale: 0.293 | outputscale: 3.368 | noise: 0.145
Iter 630 | Loss: -1072.083 | lengthscale: 0.293 | outputscale: 3.367 | noise: 0.142
Iter 640 | Loss: -1084.915 | lengthscale: 0.292 | outputscale: 3.367 | noise: 0.140
Iter 650 | Loss: -1097.166 | lengthscale: 0.292 | outputscale: 3.366 | noise: 0.138
Iter 660 | Loss: -1108.874 | lengthscale: 0.292 | outputscale: 3.366 | noise: 0.136
Iter 670 | Loss: -1120.025 | lengthscale: 0.292 | outputscale: 3.365 | noise: 0.134
Iter 680 | Loss: -1130.644 | lengthscale: 0.292 | outputscale: 3.364 | noise: 0.132
Iter 690 | Loss: -1140.718 | lengthscale: 0.292 | outputscale: 3.363 | noise: 0.130
Iter 700 | Loss: -1150.230 | lengthscale: 0.291 | outputscale: 3.362 | noise: 0.128
Iter 710 | Loss: -1159.185 | lengthscale: 0.291 | outputscale: 3.361 | noise: 0.126
Iter 720 | Loss: -1167.610 | lengthscale: 0.291 | outputscale: 3.359 | noise: 0.124
Iter 730 | Loss: -1175.517 | lengthscale: 0.291 | outputscale: 3.358 | noise: 0.123
Iter 740 | Loss: -1182.901 | lengthscale: 0.291 | outputscale: 3.357 | noise: 0.121
Iter 750 | Loss: -1189.754 | lengthscale: 0.291 | outputscale: 3.355 | noise: 0.120
Iter 760 | Loss: -1196.170 | lengthscale: 0.291 | outputscale: 3.354 | noise: 0.118
Iter 770 | Loss: -1202.084 | lengthscale: 0.291 | outputscale: 3.352 | noise: 0.117
Iter 780 | Loss: -1207.568 | lengthscale: 0.291 | outputscale: 3.351 | noise: 0.116
Iter 790 | Loss: -1212.525 | lengthscale: 0.291 | outputscale: 3.349 | noise: 0.114
Iter 800 | Loss: -1217.197 | lengthscale: 0.290 | outputscale: 3.347 | noise: 0.113
Iter 810 | Loss: -1221.385 | lengthscale: 0.290 | outputscale: 3.346 | noise: 0.112
Iter 820 | Loss: -1225.263 | lengthscale: 0.290 | outputscale: 3.344 | noise: 0.111
Iter 830 | Loss: -1228.743 | lengthscale: 0.290 | outputscale: 3.342 | noise: 0.110
Iter 840 | Loss: -1231.916 | lengthscale: 0.290 | outputscale: 3.340 | noise: 0.109
Iter 850 | Loss: -1234.741 | lengthscale: 0.290 | outputscale: 3.338 | noise: 0.108
Iter 860 | Loss: -1237.372 | lengthscale: 0.290 | outputscale: 3.337 | noise: 0.107
Iter 870 | Loss: -1239.634 | lengthscale: 0.290 | outputscale: 3.335 | noise: 0.106
Iter 880 | Loss: -1241.753 | lengthscale: 0.290 | outputscale: 3.333 | noise: 0.106
Iter 890 | Loss: -1243.530 | lengthscale: 0.290 | outputscale: 3.331 | noise: 0.105
Iter 900 | Loss: -1245.164 | lengthscale: 0.290 | outputscale: 3.329 | noise: 0.104
Iter 910 | Loss: -1246.632 | lengthscale: 0.290 | outputscale: 3.328 | noise: 0.104
Iter 920 | Loss: -1247.904 | lengthscale: 0.290 | outputscale: 3.326 | noise: 0.103
Iter 930 | Loss: -1249.044 | lengthscale: 0.290 | outputscale: 3.324 | noise: 0.102
Iter 940 | Loss: -1250.048 | lengthscale: 0.289 | outputscale: 3.322 | noise: 0.102
Iter 950 | Loss: -1250.932 | lengthscale: 0.289 | outputscale: 3.321 | noise: 0.101
Iter 960 | Loss: -1251.659 | lengthscale: 0.289 | outputscale: 3.319 | noise: 0.101
Iter 970 | Loss: -1252.422 | lengthscale: 0.289 | outputscale: 3.317 | noise: 0.100
Iter 980 | Loss: -1252.968 | lengthscale: 0.289 | outputscale: 3.316 | noise: 0.100
Iter 990 | Loss: -1253.438 | lengthscale: 0.289 | outputscale: 3.314 | noise: 0.100
Iter 1000 | Loss: -1253.874 | lengthscale: 0.289 | outputscale: 3.312 | noise: 0.099
Iter 1010 | Loss: -1254.215 | lengthscale: 0.289 | outputscale: 3.310 | noise: 0.099
Iter 1020 | Loss: -1254.520 | lengthscale: 0.289 | outputscale: 3.308 | noise: 0.099
Iter 1030 | Loss: -1254.793 | lengthscale: 0.289 | outputscale: 3.306 | noise: 0.098
Iter 1040 | Loss: -1255.080 | lengthscale: 0.289 | outputscale: 3.304 | noise: 0.098
Iter 1050 | Loss: -1255.345 | lengthscale: 0.289 | outputscale: 3.302 | noise: 0.098
Iter 1060 | Loss: -1255.480 | lengthscale: 0.289 | outputscale: 3.300 | noise: 0.098
Iter 1070 | Loss: -1255.606 | lengthscale: 0.289 | outputscale: 3.298 | noise: 0.097
Iter 1080 | Loss: -1255.718 | lengthscale: 0.289 | outputscale: 3.296 | noise: 0.097
Iter 1090 | Loss: -1255.927 | lengthscale: 0.289 | outputscale: 3.294 | noise: 0.097
Iter 1100 | Loss: -1255.832 | lengthscale: 0.289 | outputscale: 3.292 | noise: 0.097
Iter 1110 | Loss: -1256.049 | lengthscale: 0.289 | outputscale: 3.290 | noise: 0.097
Iter 1120 | Loss: -1256.057 | lengthscale: 0.288 | outputscale: 3.288 | noise: 0.097
Iter 1130 | Loss: -1256.165 | lengthscale: 0.288 | outputscale: 3.286 | noise: 0.097
Iter 1140 | Loss: -1256.298 | lengthscale: 0.288 | outputscale: 3.284 | noise: 0.096
Iter 1150 | Loss: -1256.144 | lengthscale: 0.288 | outputscale: 3.282 | noise: 0.096
Iter 1160 | Loss: -1256.215 | lengthscale: 0.288 | outputscale: 3.280 | noise: 0.096
Iter 1170 | Loss: -1256.235 | lengthscale: 0.288 | outputscale: 3.278 | noise: 0.096
Iter 1180 | Loss: -1256.238 | lengthscale: 0.288 | outputscale: 3.277 | noise: 0.096
Iter 1190 | Loss: -1256.255 | lengthscale: 0.288 | outputscale: 3.275 | noise: 0.096
Iter 1200 | Loss: -1256.249 | lengthscale: 0.288 | outputscale: 3.273 | noise: 0.096
Iter 1210 | Loss: -1256.300 | lengthscale: 0.288 | outputscale: 3.271 | noise: 0.096
Iter 1220 | Loss: -1256.367 | lengthscale: 0.288 | outputscale: 3.269 | noise: 0.096
Iter 1230 | Loss: -1256.284 | lengthscale: 0.288 | outputscale: 3.267 | noise: 0.096
Iter 1240 | Loss: -1256.297 | lengthscale: 0.288 | outputscale: 3.265 | noise: 0.096
Iter 1250 | Loss: -1256.300 | lengthscale: 0.288 | outputscale: 3.263 | noise: 0.096
Iter 1260 | Loss: -1256.396 | lengthscale: 0.288 | outputscale: 3.261 | noise: 0.096
Iter 1270 | Loss: -1256.315 | lengthscale: 0.288 | outputscale: 3.259 | noise: 0.096
Iter 1280 | Loss: -1256.295 | lengthscale: 0.288 | outputscale: 3.257 | noise: 0.096
Iter 1290 | Loss: -1256.380 | lengthscale: 0.288 | outputscale: 3.255 | noise: 0.096
Iter 1300 | Loss: -1256.289 | lengthscale: 0.288 | outputscale: 3.253 | noise: 0.095
Iter 1310 | Loss: -1256.418 | lengthscale: 0.288 | outputscale: 3.250 | noise: 0.095
Iter 1320 | Loss: -1256.324 | lengthscale: 0.288 | outputscale: 3.248 | noise: 0.095
Iter 1330 | Loss: -1256.352 | lengthscale: 0.287 | outputscale: 3.246 | noise: 0.095
Iter 1340 | Loss: -1256.339 | lengthscale: 0.287 | outputscale: 3.243 | noise: 0.095
Iter 1350 | Loss: -1256.324 | lengthscale: 0.287 | outputscale: 3.241 | noise: 0.095
Iter 1360 | Loss: -1256.340 | lengthscale: 0.287 | outputscale: 3.238 | noise: 0.095
Iter 1370 | Loss: -1256.392 | lengthscale: 0.287 | outputscale: 3.236 | noise: 0.095
Iter 1380 | Loss: -1256.387 | lengthscale: 0.287 | outputscale: 3.233 | noise: 0.095
Iter 1390 | Loss: -1256.391 | lengthscale: 0.287 | outputscale: 3.231 | noise: 0.095
Iter 1400 | Loss: -1256.377 | lengthscale: 0.287 | outputscale: 3.228 | noise: 0.095
Iter 1410 | Loss: -1256.375 | lengthscale: 0.287 | outputscale: 3.226 | noise: 0.095
Iter 1420 | Loss: -1256.453 | lengthscale: 0.287 | outputscale: 3.224 | noise: 0.095
Iter 1430 | Loss: -1256.459 | lengthscale: 0.287 | outputscale: 3.222 | noise: 0.095
Iter 1440 | Loss: -1256.395 | lengthscale: 0.287 | outputscale: 3.219 | noise: 0.095
Iter 1450 | Loss: -1256.360 | lengthscale: 0.287 | outputscale: 3.217 | noise: 0.095
Iter 1460 | Loss: -1256.420 | lengthscale: 0.287 | outputscale: 3.215 | noise: 0.095
Iter 1470 | Loss: -1256.341 | lengthscale: 0.287 | outputscale: 3.212 | noise: 0.095
Iter 1480 | Loss: -1256.340 | lengthscale: 0.287 | outputscale: 3.210 | noise: 0.095
Iter 1490 | Loss: -1256.385 | lengthscale: 0.287 | outputscale: 3.207 | noise: 0.095
Iter 1500 | Loss: -1256.450 | lengthscale: 0.287 | outputscale: 3.205 | noise: 0.095
Iter 1510 | Loss: -1256.347 | lengthscale: 0.287 | outputscale: 3.203 | noise: 0.095
Iter 1520 | Loss: -1256.397 | lengthscale: 0.287 | outputscale: 3.200 | noise: 0.095
Iter 1530 | Loss: -1256.424 | lengthscale: 0.286 | outputscale: 3.198 | noise: 0.095
Iter 1540 | Loss: -1256.391 | lengthscale: 0.286 | outputscale: 3.196 | noise: 0.095
Iter 1550 | Loss: -1256.383 | lengthscale: 0.286 | outputscale: 3.194 | noise: 0.095
Iter 1560 | Loss: -1256.452 | lengthscale: 0.286 | outputscale: 3.192 | noise: 0.095
Iter 1570 | Loss: -1256.452 | lengthscale: 0.286 | outputscale: 3.190 | noise: 0.095
Iter 1580 | Loss: -1256.455 | lengthscale: 0.286 | outputscale: 3.187 | noise: 0.095
Iter 1590 | Loss: -1256.376 | lengthscale: 0.286 | outputscale: 3.185 | noise: 0.095
Iter 1600 | Loss: -1256.438 | lengthscale: 0.286 | outputscale: 3.182 | noise: 0.095
Iter 1610 | Loss: -1256.495 | lengthscale: 0.286 | outputscale: 3.180 | noise: 0.095
Iter 1620 | Loss: -1256.558 | lengthscale: 0.286 | outputscale: 3.178 | noise: 0.095
Iter 1630 | Loss: -1256.550 | lengthscale: 0.286 | outputscale: 3.175 | noise: 0.095
Iter 1640 | Loss: -1256.531 | lengthscale: 0.286 | outputscale: 3.173 | noise: 0.095
Iter 1650 | Loss: -1256.456 | lengthscale: 0.286 | outputscale: 3.171 | noise: 0.095
Iter 1660 | Loss: -1256.557 | lengthscale: 0.286 | outputscale: 3.168 | noise: 0.095
Iter 1670 | Loss: -1256.571 | lengthscale: 0.286 | outputscale: 3.166 | noise: 0.095
Iter 1680 | Loss: -1256.533 | lengthscale: 0.286 | outputscale: 3.164 | noise: 0.095
Iter 1690 | Loss: -1256.491 | lengthscale: 0.286 | outputscale: 3.161 | noise: 0.095
Iter 1700 | Loss: -1256.527 | lengthscale: 0.286 | outputscale: 3.159 | noise: 0.095
Iter 1710 | Loss: -1256.504 | lengthscale: 0.286 | outputscale: 3.157 | noise: 0.095
Iter 1720 | Loss: -1256.555 | lengthscale: 0.285 | outputscale: 3.155 | noise: 0.095
Iter 1730 | Loss: -1256.527 | lengthscale: 0.285 | outputscale: 3.152 | noise: 0.095
Iter 1740 | Loss: -1256.454 | lengthscale: 0.285 | outputscale: 3.150 | noise: 0.095
Iter 1750 | Loss: -1256.480 | lengthscale: 0.285 | outputscale: 3.147 | noise: 0.095
Iter 1760 | Loss: -1256.472 | lengthscale: 0.285 | outputscale: 3.145 | noise: 0.095
Iter 1770 | Loss: -1256.392 | lengthscale: 0.285 | outputscale: 3.142 | noise: 0.095
Iter 1780 | Loss: -1256.425 | lengthscale: 0.285 | outputscale: 3.140 | noise: 0.095
Iter 1790 | Loss: -1256.428 | lengthscale: 0.285 | outputscale: 3.137 | noise: 0.095
Iter 1800 | Loss: -1256.364 | lengthscale: 0.285 | outputscale: 3.134 | noise: 0.095
Iter 1810 | Loss: -1256.488 | lengthscale: 0.285 | outputscale: 3.131 | noise: 0.095
Iter 1820 | Loss: -1256.491 | lengthscale: 0.285 | outputscale: 3.129 | noise: 0.095
Iter 1830 | Loss: -1256.406 | lengthscale: 0.285 | outputscale: 3.126 | noise: 0.095
Iter 1840 | Loss: -1256.524 | lengthscale: 0.285 | outputscale: 3.124 | noise: 0.095
Iter 1850 | Loss: -1256.490 | lengthscale: 0.285 | outputscale: 3.122 | noise: 0.095
Iter 1860 | Loss: -1256.535 | lengthscale: 0.285 | outputscale: 3.120 | noise: 0.095
Iter 1870 | Loss: -1256.533 | lengthscale: 0.285 | outputscale: 3.118 | noise: 0.095
Iter 1880 | Loss: -1256.495 | lengthscale: 0.285 | outputscale: 3.116 | noise: 0.095
Iter 1890 | Loss: -1256.496 | lengthscale: 0.285 | outputscale: 3.113 | noise: 0.095
Iter 1900 | Loss: -1256.500 | lengthscale: 0.284 | outputscale: 3.111 | noise: 0.095
Iter 1910 | Loss: -1256.493 | lengthscale: 0.284 | outputscale: 3.108 | noise: 0.095
Iter 1920 | Loss: -1256.435 | lengthscale: 0.284 | outputscale: 3.105 | noise: 0.095
Iter 1930 | Loss: -1256.452 | lengthscale: 0.284 | outputscale: 3.103 | noise: 0.095
Iter 1940 | Loss: -1256.474 | lengthscale: 0.284 | outputscale: 3.100 | noise: 0.095
Iter 1950 | Loss: -1256.406 | lengthscale: 0.284 | outputscale: 3.098 | noise: 0.095
Iter 1960 | Loss: -1256.457 | lengthscale: 0.284 | outputscale: 3.095 | noise: 0.095
Iter 1970 | Loss: -1256.448 | lengthscale: 0.284 | outputscale: 3.092 | noise: 0.095
Iter 1980 | Loss: -1256.496 | lengthscale: 0.284 | outputscale: 3.089 | noise: 0.095
Iter 1990 | Loss: -1256.491 | lengthscale: 0.284 | outputscale: 3.087 | noise: 0.095
Iter 2000 | Loss: -1256.470 | lengthscale: 0.284 | outputscale: 3.084 | noise: 0.095
Iter 2010 | Loss: -1256.548 | lengthscale: 0.284 | outputscale: 3.081 | noise: 0.095
Iter 2020 | Loss: -1256.592 | lengthscale: 0.284 | outputscale: 3.079 | noise: 0.095
Iter 2030 | Loss: -1256.464 | lengthscale: 0.284 | outputscale: 3.076 | noise: 0.095
Iter 2040 | Loss: -1256.507 | lengthscale: 0.284 | outputscale: 3.074 | noise: 0.095
Iter 2050 | Loss: -1256.521 | lengthscale: 0.284 | outputscale: 3.071 | noise: 0.095
Iter 2060 | Loss: -1256.461 | lengthscale: 0.284 | outputscale: 3.069 | noise: 0.095
Iter 2070 | Loss: -1256.495 | lengthscale: 0.283 | outputscale: 3.066 | noise: 0.095
Iter 2080 | Loss: -1256.503 | lengthscale: 0.283 | outputscale: 3.064 | noise: 0.095
Iter 2090 | Loss: -1256.438 | lengthscale: 0.283 | outputscale: 3.061 | noise: 0.095
Iter 2100 | Loss: -1256.472 | lengthscale: 0.283 | outputscale: 3.059 | noise: 0.095
Iter 2110 | Loss: -1256.478 | lengthscale: 0.283 | outputscale: 3.057 | noise: 0.095
Iter 2120 | Loss: -1256.406 | lengthscale: 0.283 | outputscale: 3.054 | noise: 0.095
Iter 2130 | Loss: -1256.475 | lengthscale: 0.283 | outputscale: 3.051 | noise: 0.095
Iter 2140 | Loss: -1256.425 | lengthscale: 0.283 | outputscale: 3.048 | noise: 0.095
Iter 2150 | Loss: -1256.552 | lengthscale: 0.283 | outputscale: 3.045 | noise: 0.095
Iter 2160 | Loss: -1256.462 | lengthscale: 0.283 | outputscale: 3.042 | noise: 0.095
Iter 2170 | Loss: -1256.467 | lengthscale: 0.283 | outputscale: 3.039 | noise: 0.095
Iter 2180 | Loss: -1256.433 | lengthscale: 0.283 | outputscale: 3.036 | noise: 0.095
Iter 2190 | Loss: -1256.443 | lengthscale: 0.283 | outputscale: 3.034 | noise: 0.095
Iter 2200 | Loss: -1256.533 | lengthscale: 0.283 | outputscale: 3.031 | noise: 0.095
Iter 2210 | Loss: -1256.551 | lengthscale: 0.283 | outputscale: 3.028 | noise: 0.095
Iter 2220 | Loss: -1256.549 | lengthscale: 0.283 | outputscale: 3.026 | noise: 0.095
Iter 2230 | Loss: -1256.512 | lengthscale: 0.283 | outputscale: 3.024 | noise: 0.095
Iter 2240 | Loss: -1256.521 | lengthscale: 0.282 | outputscale: 3.021 | noise: 0.095
Iter 2250 | Loss: -1256.484 | lengthscale: 0.282 | outputscale: 3.019 | noise: 0.095
Iter 2260 | Loss: -1256.455 | lengthscale: 0.282 | outputscale: 3.017 | noise: 0.095
Iter 2270 | Loss: -1256.525 | lengthscale: 0.282 | outputscale: 3.015 | noise: 0.095
Iter 2280 | Loss: -1256.545 | lengthscale: 0.282 | outputscale: 3.012 | noise: 0.095
Iter 2290 | Loss: -1256.599 | lengthscale: 0.282 | outputscale: 3.010 | noise: 0.095
Iter 2300 | Loss: -1256.514 | lengthscale: 0.282 | outputscale: 3.008 | noise: 0.095
Iter 2310 | Loss: -1256.568 | lengthscale: 0.282 | outputscale: 3.005 | noise: 0.095
Iter 2320 | Loss: -1256.527 | lengthscale: 0.282 | outputscale: 3.002 | noise: 0.095
Iter 2330 | Loss: -1256.467 | lengthscale: 0.282 | outputscale: 2.999 | noise: 0.095
Iter 2340 | Loss: -1256.486 | lengthscale: 0.282 | outputscale: 2.996 | noise: 0.095
Iter 2350 | Loss: -1256.573 | lengthscale: 0.282 | outputscale: 2.993 | noise: 0.095
Iter 2360 | Loss: -1256.570 | lengthscale: 0.282 | outputscale: 2.990 | noise: 0.095
Iter 2370 | Loss: -1256.533 | lengthscale: 0.282 | outputscale: 2.986 | noise: 0.095
Iter 2380 | Loss: -1256.531 | lengthscale: 0.282 | outputscale: 2.983 | noise: 0.095
Iter 2390 | Loss: -1256.558 | lengthscale: 0.282 | outputscale: 2.980 | noise: 0.095
Iter 2400 | Loss: -1256.496 | lengthscale: 0.281 | outputscale: 2.977 | noise: 0.095
Iter 2410 | Loss: -1256.578 | lengthscale: 0.281 | outputscale: 2.975 | noise: 0.095
Iter 2420 | Loss: -1256.564 | lengthscale: 0.281 | outputscale: 2.972 | noise: 0.095
Iter 2430 | Loss: -1256.569 | lengthscale: 0.281 | outputscale: 2.969 | noise: 0.095
Iter 2440 | Loss: -1256.623 | lengthscale: 0.281 | outputscale: 2.967 | noise: 0.095
Iter 2450 | Loss: -1256.589 | lengthscale: 0.281 | outputscale: 2.964 | noise: 0.095
Iter 2460 | Loss: -1256.585 | lengthscale: 0.281 | outputscale: 2.962 | noise: 0.095
Iter 2470 | Loss: -1256.550 | lengthscale: 0.281 | outputscale: 2.959 | noise: 0.095
Iter 2480 | Loss: -1256.555 | lengthscale: 0.281 | outputscale: 2.957 | noise: 0.095
Iter 2490 | Loss: -1256.533 | lengthscale: 0.281 | outputscale: 2.954 | noise: 0.095
Iter 2499 | Loss: -1256.568 | lengthscale: 0.281 | outputscale: 2.952 | noise: 0.095
Learned Hyperparams:  {'lengthscale': 0.2807937562465668, 'outputscale': 2.9521634578704834, 'noise': 0.09527494758367538, 'marginal_likelihood_loss_history': [17078.98828125, 16717.2890625, 16364.576171875, 16018.234375, 15678.509765625, 15345.705078125, 15018.935546875, 14698.7890625, 14384.189453125, 14076.82421875, 13775.08984375, 13480.0146484375, 13191.388671875, 12908.3125, 12631.0888671875, 12359.6015625, 12093.6318359375, 11833.5595703125, 11579.001953125, 11329.791015625, 11085.0166015625, 10844.650390625, 10608.373046875, 10374.201171875, 10141.962890625, 9909.9453125, 9677.55859375, 9442.7294921875, 9203.20703125, 8957.8828125, 8704.3740234375, 8441.7626953125, 8168.77685546875, 7884.7001953125, 7590.64404296875, 7287.26806640625, 6976.43310546875, 6662.20947265625, 6347.48388671875, 6037.32666015625, 5735.55615234375, 5446.884765625, 5174.05712890625, 4920.31494140625, 4687.04736328125, 4474.62939453125, 4282.7958984375, 4110.134765625, 3955.22705078125, 3816.01416015625, 3690.21826171875, 3575.68798828125, 3470.455078125, 3372.8203125, 3280.9638671875, 3193.39501953125, 3108.957763671875, 3026.24072265625, 2944.045654296875, 2861.396484375, 2777.14892578125, 2690.254638671875, 2599.84814453125, 2505.098876953125, 2404.871826171875, 2298.462890625, 2185.166259765625, 2064.499267578125, 1936.472900390625, 1801.44384765625, 1660.3690185546875, 1514.739990234375, 1366.777099609375, 1219.1754150390625, 1074.8895263671875, 936.8670654296875, 807.6158447265625, 689.1456298828125, 582.6177978515625, 488.4715576171875, 406.4427490234375, 335.7667236328125, 275.3563232421875, 224.0052490234375, 180.4661865234375, 143.5843505859375, 112.3133544921875, 85.7271728515625, 63.0535888671875, 43.631591796875, 26.9122314453125, 12.4437255859375, -0.150146484375, -11.176025390625, -20.89111328125, -29.50390625, -37.1827392578125, -44.074951171875, -50.2977294921875, -55.953857421875, -61.1181640625, -65.8651123046875, -70.2506103515625, -74.3248291015625, -78.12646484375, -81.6951904296875, -85.05810546875, -88.2427978515625, -91.2666015625, -94.154296875, -96.919189453125, -99.5787353515625, -102.1427001953125, -104.6229248046875, -107.0294189453125, -109.370361328125, -111.6490478515625, -113.870849609375, -116.0498046875, -118.1888427734375, -120.2857666015625, -122.35205078125, -124.3822021484375, -126.390625, -128.36767578125, -130.331298828125, -132.268798828125, -134.1893310546875, -136.0872802734375, -137.98193359375, -139.8577880859375, -141.72412109375, -143.5765380859375, -145.421875, -147.2545166015625, -149.0831298828125, -150.9007568359375, -152.7156982421875, -154.5223388671875, -156.327392578125, -158.1253662109375, -159.921875, -161.7142333984375, -163.4991455078125, -165.28173828125, -167.0643310546875, -168.849609375, -170.62353515625, -172.401611328125, -174.1756591796875, -175.9539794921875, -177.7235107421875, -179.4969482421875, -181.2679443359375, -183.043212890625, -184.8162841796875, -186.58251953125, -188.3612060546875, -190.13037109375, -191.9007568359375, -193.6748046875, -195.4505615234375, -197.222412109375, -198.9967041015625, -200.7767333984375, -202.54833984375, -204.328125, -206.107666015625, -207.888671875, -209.667724609375, -211.4481201171875, -213.2298583984375, -215.018798828125, -216.8009033203125, -218.590087890625, -220.3824462890625, -222.1717529296875, -223.9569091796875, -225.749755859375, -227.5457763671875, -229.3406982421875, -231.145263671875, -232.9443359375, -234.743896484375, -236.544921875, -238.3497314453125, -240.159912109375, -241.964599609375, -243.7742919921875, -245.59033203125, -247.4019775390625, -249.2220458984375, -251.036865234375, -252.852783203125, -254.67919921875, -256.501220703125, -258.325439453125, -260.1505126953125, -261.9852294921875, -263.814208984375, -265.6455078125, -267.4796142578125, -269.3179931640625, -271.156005859375, -272.997314453125, -274.8416748046875, -276.6895751953125, -278.53076171875, -280.382568359375, -282.2315673828125, -284.0882568359375, -285.940673828125, -287.7962646484375, -289.6551513671875, -291.5225830078125, -293.3792724609375, -295.2464599609375, -297.1162109375, -298.9820556640625, -300.8582763671875, -302.7288818359375, -304.603271484375, -306.4820556640625, -308.36181640625, -310.2471923828125, -312.126220703125, -314.018310546875, -315.9049072265625, -317.7930908203125, -319.6865234375, -321.5814208984375, -323.4739990234375, -325.374267578125, -327.27490234375, -329.1768798828125, -331.0740966796875, -332.9852294921875, -334.88916015625, -336.8056640625, -338.717529296875, -340.6256103515625, -342.5435791015625, -344.4569091796875, -346.3846435546875, -348.298583984375, -350.225830078125, -352.1544189453125, -354.0809326171875, -356.0103759765625, -357.94482421875, -359.872314453125, -361.80615234375, -363.7432861328125, -365.683837890625, -367.628173828125, -369.5684814453125, -371.5133056640625, -373.462890625, -375.4073486328125, -377.35546875, -379.3065185546875, -381.2637939453125, -383.217529296875, -385.173095703125, -387.131591796875, -389.0885009765625, -391.0565185546875, -393.022705078125, -394.984375, -396.9559326171875, -398.925537109375, -400.8892822265625, -402.86572265625, -404.84033203125, -406.818359375, -408.7886962890625, -410.767578125, -412.7496337890625, -414.736572265625, -416.7183837890625, -418.7064208984375, -420.685546875, -422.6728515625, -424.664794921875, -426.659912109375, -428.648193359375, -430.6463623046875, -432.6380615234375, -434.6444091796875, -436.635009765625, -438.6385498046875, -440.64013671875, -442.6448974609375, -444.6444091796875, -446.650390625, -448.66015625, -450.664794921875, -452.67529296875, -454.6904296875, -456.7025146484375, -458.71435546875, -460.7362060546875, -462.7481689453125, -464.7613525390625, -466.7869873046875, -468.8048095703125, -470.8201904296875, -472.8504638671875, -474.87548828125, -476.8974609375, -478.923828125, -480.9525146484375, -482.9781494140625, -485.0076904296875, -487.0313720703125, -489.0706787109375, -491.0989990234375, -493.1392822265625, -495.172607421875, -497.2032470703125, -499.23828125, -501.27783203125, -503.3153076171875, -505.3548583984375, -507.3892822265625, -509.440185546875, -511.4725341796875, -513.5140380859375, -515.558837890625, -517.6090087890625, -519.6549072265625, -521.6934814453125, -523.7393798828125, -525.7916259765625, -527.8350830078125, -529.886474609375, -531.9427490234375, -533.98974609375, -536.0355224609375, -538.08740234375, -540.1385498046875, -542.1883544921875, -544.2457275390625, -546.303466796875, -548.355712890625, -550.400146484375, -552.4598388671875, -554.5216064453125, -556.5726318359375, -558.63232421875, -560.6849365234375, -562.7449951171875, -564.8089599609375, -566.8653564453125, -568.9178466796875, -570.985107421875, -573.0350341796875, -575.1077880859375, -577.1534423828125, -579.220458984375, -581.2835693359375, -583.33935546875, -585.4034423828125, -587.466796875, -589.52685546875, -591.58154296875, -593.6400146484375, -595.7061767578125, -597.7603759765625, -599.825439453125, -601.893798828125, -603.950439453125, -606.01123046875, -608.07421875, -610.1282958984375, -612.1915283203125, -614.2576904296875, -616.3201904296875, -618.386474609375, -620.4404296875, -622.506103515625, -624.563232421875, -626.624755859375, -628.6824951171875, -630.740234375, -632.8057861328125, -634.8548583984375, -636.9190673828125, -638.979248046875, -641.03955078125, -643.10107421875, -645.1483154296875, -647.19921875, -649.2611083984375, -651.318603515625, -653.375732421875, -655.4246826171875, -657.4813232421875, -659.5299072265625, -661.583251953125, -663.648193359375, -665.702392578125, -667.7421875, -669.7987060546875, -671.8533935546875, -673.9039306640625, -675.9434814453125, -677.9852294921875, -680.0450439453125, -682.0887451171875, -684.1353759765625, -686.1773681640625, -688.2227783203125, -690.2615966796875, -692.3055419921875, -694.3441162109375, -696.3848876953125, -698.4190673828125, -700.4588623046875, -702.5030517578125, -704.5374755859375, -706.5670166015625, -708.5985107421875, -710.6392822265625, -712.6668701171875, -714.6856689453125, -716.7298583984375, -718.7476806640625, -720.7757568359375, -722.8038330078125, -724.8262939453125, -726.8431396484375, -728.8704833984375, -730.8912353515625, -732.9161376953125, -734.9337158203125, -736.9425048828125, -738.9591064453125, -740.9639892578125, -742.9776611328125, -744.9930419921875, -747.0032958984375, -749.0120849609375, -751.0179443359375, -753.0106201171875, -755.0289306640625, -757.0091552734375, -759.0062255859375, -761.0054931640625, -763.0096435546875, -764.9964599609375, -766.9915771484375, -768.9803466796875, -770.9656982421875, -772.9493408203125, -774.9420166015625, -776.9210205078125, -778.8934326171875, -780.8658447265625, -782.8465576171875, -784.8214111328125, -786.8018798828125, -788.7652587890625, -790.7362060546875, -792.6968994140625, -794.6666259765625, -796.6365966796875, -798.5902099609375, -800.5404052734375, -802.4976806640625, -804.4527587890625, -806.4056396484375, -808.3660888671875, -810.3011474609375, -812.2474365234375, -814.1864013671875, -816.1253662109375, -818.0552978515625, -819.9971923828125, -821.9342041015625, -823.8616943359375, -825.7840576171875, -827.7030029296875, -829.6397705078125, -831.5391845703125, -833.4635009765625, -835.3831787109375, -837.2845458984375, -839.1893310546875, -841.0992431640625, -843.0062255859375, -844.9019775390625, -846.8035888671875, -848.7047119140625, -850.5804443359375, -852.4810791015625, -854.3724365234375, -856.2574462890625, -858.1373291015625, -860.0018310546875, -861.8702392578125, -863.7454833984375, -865.6077880859375, -867.4803466796875, -869.3419189453125, -871.2005615234375, -873.0623779296875, -874.9129638671875, -876.7540283203125, -878.6065673828125, -880.4525146484375, -882.2916259765625, -884.1270751953125, -885.9566650390625, -887.7867431640625, -889.6156005859375, -891.4427490234375, -893.2659912109375, -895.0782470703125, -896.9063720703125, -898.7059326171875, -900.5155029296875, -902.3270263671875, -904.1312255859375, -905.8948974609375, -907.7093505859375, -909.4832763671875, -911.2852783203125, -913.0638427734375, -914.8319091796875, -916.6231689453125, -918.3848876953125, -920.1590576171875, -921.9241943359375, -923.6632080078125, -925.4276123046875, -927.1864013671875, -928.9315185546875, -930.6837158203125, -932.4107666015625, -934.1522216796875, -935.8956298828125, -937.6129150390625, -939.3526611328125, -941.0523681640625, -942.7825927734375, -944.4920654296875, -946.1888427734375, -947.9046630859375, -949.6060791015625, -951.3067626953125, -952.9837646484375, -954.6903076171875, -956.3553466796875, -958.0330810546875, -959.7047119140625, -961.3861083984375, -963.0491943359375, -964.7147216796875, -966.3841552734375, -968.0255126953125, -969.6854248046875, -971.3226318359375, -972.9678955078125, -974.5848388671875, -976.2601318359375, -977.8802490234375, -979.4791259765625, -981.1151123046875, -982.7196044921875, -984.3472900390625, -985.9534912109375, -987.5372314453125, -989.1551513671875, -990.7281494140625, -992.3182373046875, -993.8919677734375, -995.4815673828125, -997.0633544921875, -998.6363525390625, -1000.1903076171875, -1001.7469482421875, -1003.2933349609375, -1004.8707275390625, -1006.4041748046875, -1007.9254150390625, -1009.4754638671875, -1011.0108642578125, -1012.5157470703125, -1014.0462646484375, -1015.5758056640625, -1017.0804443359375, -1018.5882568359375, -1020.0958251953125, -1021.5965576171875, -1023.0853271484375, -1024.5545654296875, -1026.0350341796875, -1027.5137939453125, -1028.9923095703125, -1030.4398193359375, -1031.9261474609375, -1033.3729248046875, -1034.8204345703125, -1036.2833251953125, -1037.7261962890625, -1039.1495361328125, -1040.6043701171875, -1042.0179443359375, -1043.4368896484375, -1044.8411865234375, -1046.2813720703125, -1047.6700439453125, -1049.0657958984375, -1050.4637451171875, -1051.8568115234375, -1053.2479248046875, -1054.6351318359375, -1056.0245361328125, -1057.3472900390625, -1058.7135009765625, -1060.0804443359375, -1061.4300537109375, -1062.7906494140625, -1064.1412353515625, -1065.4417724609375, -1066.7872314453125, -1068.1307373046875, -1069.4698486328125, -1070.7713623046875, -1072.0828857421875, -1073.3743896484375, -1074.6629638671875, -1075.9798583984375, -1077.2752685546875, -1078.5433349609375, -1079.8233642578125, -1081.1097412109375, -1082.3768310546875, -1083.6392822265625, -1084.9154052734375, -1086.1463623046875, -1087.3929443359375, -1088.6514892578125, -1089.8607177734375, -1091.1051025390625, -1092.3353271484375, -1093.5635986328125, -1094.7532958984375, -1095.9632568359375, -1097.1656494140625, -1098.3768310546875, -1099.5362548828125, -1100.7493896484375, -1101.9195556640625, -1103.0548095703125, -1104.2503662109375, -1105.3968505859375, -1106.5860595703125, -1107.7454833984375, -1108.8736572265625, -1110.0252685546875, -1111.1864013671875, -1112.2847900390625, -1113.4041748046875, -1114.5308837890625, -1115.6622314453125, -1116.7327880859375, -1117.8714599609375, -1118.9688720703125, -1120.0252685546875, -1121.1109619140625, -1122.2086181640625, -1123.2855224609375, -1124.3367919921875, -1125.4432373046875, -1126.4984130859375, -1127.5252685546875, -1128.5875244140625, -1129.6077880859375, -1130.6439208984375, -1131.6864013671875, -1132.7049560546875, -1133.7186279296875, -1134.7232666015625, -1135.7369384765625, -1136.7567138671875, -1137.7581787109375, -1138.7437744140625, -1139.7435302734375, -1140.7178955078125, -1141.6878662109375, -1142.6966552734375, -1143.6087646484375, -1144.5640869140625, -1145.5369873046875, -1146.4847412109375, -1147.4281005859375, -1148.3404541015625, -1149.3072509765625, -1150.2303466796875, -1151.1278076171875, -1152.0452880859375, -1153.0013427734375, -1153.8885498046875, -1154.8099365234375, -1155.6707763671875, -1156.5599365234375, -1157.4490966796875, -1158.3194580078125, -1159.1851806640625, -1160.0472412109375, -1160.9132080078125, -1161.7816162109375, -1162.6033935546875, -1163.4464111328125, -1164.3231201171875, -1165.1434326171875, -1165.9827880859375, -1166.8084716796875, -1167.6102294921875, -1168.4219970703125, -1169.2427978515625, -1170.0452880859375, -1170.8228759765625, -1171.6375732421875, -1172.4171142578125, -1173.1739501953125, -1173.9666748046875, -1174.7305908203125, -1175.5174560546875, -1176.2664794921875, -1177.0389404296875, -1177.8221435546875, -1178.5465087890625, -1179.2611083984375, -1180.0367431640625, -1180.7503662109375, -1181.4888916015625, -1182.1829833984375, -1182.9012451171875, -1183.5941162109375, -1184.3026123046875, -1184.9825439453125, -1185.7352294921875, -1186.4276123046875, -1187.0838623046875, -1187.7425537109375, -1188.4315185546875, -1189.0902099609375, -1189.7537841796875, -1190.4246826171875, -1191.0816650390625, -1191.7213134765625, -1192.4002685546875, -1193.0069580078125, -1193.6861572265625, -1194.3104248046875, -1194.9385986328125, -1195.5797119140625, -1196.1702880859375, -1196.7947998046875, -1197.3641357421875, -1198.0411376953125, -1198.6026611328125, -1199.1790771484375, -1199.7611083984375, -1200.3685302734375, -1200.9581298828125, -1201.5277099609375, -1202.0836181640625, -1202.6981201171875, -1203.2225341796875, -1203.7364501953125, -1204.3153076171875, -1204.8306884765625, -1205.3782958984375, -1205.9456787109375, -1206.5030517578125, -1206.9974365234375, -1207.5684814453125, -1208.0428466796875, -1208.6156005859375, -1209.1397705078125, -1209.6146240234375, -1210.0994873046875, -1210.6292724609375, -1211.1097412109375, -1211.6004638671875, -1212.0570068359375, -1212.5247802734375, -1213.0721435546875, -1213.5030517578125, -1214.0020751953125, -1214.4222412109375, -1214.9066162109375, -1215.3582763671875, -1215.8753662109375, -1216.3214111328125, -1216.7569580078125, -1217.1971435546875, -1217.6729736328125, -1218.0745849609375, -1218.4857177734375, -1218.9542236328125, -1219.2984619140625, -1219.7703857421875, -1220.1832275390625, -1220.5941162109375, -1221.0340576171875, -1221.3851318359375, -1221.8270263671875, -1222.2606201171875, -1222.6146240234375, -1223.0233154296875, -1223.3299560546875, -1223.7615966796875, -1224.1605224609375, -1224.5452880859375, -1224.9090576171875, -1225.2625732421875, -1225.6214599609375, -1225.9967041015625, -1226.4073486328125, -1226.7198486328125, -1227.0872802734375, -1227.4495849609375, -1227.7559814453125, -1228.0902099609375, -1228.4407958984375, -1228.7432861328125, -1229.0418701171875, -1229.4068603515625, -1229.7305908203125, -1230.0633544921875, -1230.3905029296875, -1230.7318115234375, -1231.0028076171875, -1231.3350830078125, -1231.6312255859375, -1231.9156494140625, -1232.1741943359375, -1232.5321044921875, -1232.8128662109375, -1233.1375732421875, -1233.3765869140625, -1233.6510009765625, -1233.8912353515625, -1234.2694091796875, -1234.4656982421875, -1234.7413330078125, -1235.0032958984375, -1235.2913818359375, -1235.5538330078125, -1235.8416748046875, -1236.0863037109375, -1236.3543701171875, -1236.6058349609375, -1236.8829345703125, -1237.0914306640625, -1237.3719482421875, -1237.6390380859375, -1237.8199462890625, -1238.0509033203125, -1238.3148193359375, -1238.5343017578125, -1238.8101806640625, -1238.9759521484375, -1239.2166748046875, -1239.4327392578125, -1239.6336669921875, -1239.8905029296875, -1240.1280517578125, -1240.2967529296875, -1240.5555419921875, -1240.7569580078125, -1240.9202880859375, -1241.1383056640625, -1241.3585205078125, -1241.4803466796875, -1241.7528076171875, -1241.9271240234375, -1242.0660400390625, -1242.2742919921875, -1242.4952392578125, -1242.6219482421875, -1242.8250732421875, -1243.0096435546875, -1243.2635498046875, -1243.3402099609375, -1243.5301513671875, -1243.7572021484375, -1243.9110107421875, -1244.0867919921875, -1244.2108154296875, -1244.4010009765625, -1244.5030517578125, -1244.6927490234375, -1244.8463134765625, -1245.0364990234375, -1245.1644287109375, -1245.4127197265625, -1245.4915771484375, -1245.6192626953125, -1245.8177490234375, -1246.0086669921875, -1246.0709228515625, -1246.2406005859375, -1246.2894287109375, -1246.5257568359375, -1246.6317138671875, -1246.8167724609375, -1246.9154052734375, -1247.0528564453125, -1247.1524658203125, -1247.2708740234375, -1247.4530029296875, -1247.5506591796875, -1247.7459716796875, -1247.8204345703125, -1247.9041748046875, -1248.0081787109375, -1248.1614990234375, -1248.2449951171875, -1248.3968505859375, -1248.4764404296875, -1248.5904541015625, -1248.7269287109375, -1248.8143310546875, -1248.9879150390625, -1249.0438232421875, -1249.2713623046875, -1249.2921142578125, -1249.4476318359375, -1249.4954833984375, -1249.5740966796875, -1249.6988525390625, -1249.7821044921875, -1249.9349365234375, -1249.9913330078125, -1250.0482177734375, -1250.1749267578125, -1250.2418212890625, -1250.3817138671875, -1250.3939208984375, -1250.5269775390625, -1250.5487060546875, -1250.7762451171875, -1250.8001708984375, -1250.9337158203125, -1250.9320068359375, -1251.0391845703125, -1251.1258544921875, -1251.2313232421875, -1251.2430419921875, -1251.3729248046875, -1251.3931884765625, -1251.5013427734375, -1251.5731201171875, -1251.5970458984375, -1251.6585693359375, -1251.8172607421875, -1251.8128662109375, -1251.8568115234375, -1251.9647216796875, -1252.0411376953125, -1252.0965576171875, -1252.1688232421875, -1252.2733154296875, -1252.3165283203125, -1252.4217529296875, -1252.4754638671875, -1252.5247802734375, -1252.5985107421875, -1252.6243896484375, -1252.6693115234375, -1252.7232666015625, -1252.8441162109375, -1252.7855224609375, -1252.9193115234375, -1252.9676513671875, -1253.0350341796875, -1253.0865478515625, -1253.1351318359375, -1253.1551513671875, -1253.1715087890625, -1253.2713623046875, -1253.2794189453125, -1253.3302001953125, -1253.4442138671875, -1253.4383544921875, -1253.5736083984375, -1253.5709228515625, -1253.5374755859375, -1253.5692138671875, -1253.5721435546875, -1253.7283935546875, -1253.7056884765625, -1253.8177490234375, -1253.8070068359375, -1253.8739013671875, -1253.8995361328125, -1253.9935302734375, -1254.0762939453125, -1254.0640869140625, -1254.0413818359375, -1254.0548095703125, -1254.1036376953125, -1254.1771240234375, -1254.1898193359375, -1254.2154541015625, -1254.2161865234375, -1254.3162841796875, -1254.2874755859375, -1254.2923583984375, -1254.3079833984375, -1254.3309326171875, -1254.4473876953125, -1254.5211181640625, -1254.5604248046875, -1254.5203857421875, -1254.6292724609375, -1254.5831298828125, -1254.6741943359375, -1254.6724853515625, -1254.6812744140625, -1254.6934814453125, -1254.7222900390625, -1254.8031005859375, -1254.7967529296875, -1254.7926025390625, -1254.8558349609375, -1254.7996826171875, -1254.8685302734375, -1254.8895263671875, -1254.9820556640625, -1255.0057373046875, -1255.0477294921875, -1255.0242919921875, -1255.0806884765625, -1255.0802001953125, -1255.1204833984375, -1255.2032470703125, -1255.0980224609375, -1255.1737060546875, -1255.2061767578125, -1255.1815185546875, -1255.2635498046875, -1255.2523193359375, -1255.2481689453125, -1255.3446044921875, -1255.3631591796875, -1255.3067626953125, -1255.3726806640625, -1255.3873291015625, -1255.3753662109375, -1255.4854736328125, -1255.3848876953125, -1255.4197998046875, -1255.4576416015625, -1255.4798583984375, -1255.4207763671875, -1255.5208740234375, -1255.6092529296875, -1255.5447998046875, -1255.4869384765625, -1255.5972900390625, -1255.5650634765625, -1255.6121826171875, -1255.6502685546875, -1255.6058349609375, -1255.6175537109375, -1255.5950927734375, -1255.6033935546875, -1255.5159912109375, -1255.6082763671875, -1255.5955810546875, -1255.7767333984375, -1255.7352294921875, -1255.7362060546875, -1255.7181396484375, -1255.7127685546875, -1255.8519287109375, -1255.7484130859375, -1255.7659912109375, -1255.7630615234375, -1255.7830810546875, -1255.8641357421875, -1255.8726806640625, -1255.8006591796875, -1255.9266357421875, -1255.8880615234375, -1255.9017333984375, -1255.7923583984375, -1255.8253173828125, -1255.8978271484375, -1255.8634033203125, -1255.8905029296875, -1255.9144287109375, -1255.9144287109375, -1255.8321533203125, -1255.8626708984375, -1256.0052490234375, -1255.9549560546875, -1256.0235595703125, -1255.9403076171875, -1256.0125732421875, -1255.9666748046875, -1255.9727783203125, -1256.0357666015625, -1256.0487060546875, -1256.0716552734375, -1256.0892333984375, -1256.0225830078125, -1256.0621337890625, -1256.0682373046875, -1256.1177978515625, -1256.0594482421875, -1256.0863037109375, -1256.0574951171875, -1256.0565185546875, -1256.0697021484375, -1256.0816650390625, -1256.0394287109375, -1256.1600341796875, -1256.1795654296875, -1256.1138916015625, -1256.1549072265625, -1256.1678466796875, -1256.1644287109375, -1256.1649169921875, -1256.1922607421875, -1256.1583251953125, -1256.1558837890625, -1256.2132568359375, -1256.1629638671875, -1256.1932373046875, -1256.2513427734375, -1256.2391357421875, -1256.2027587890625, -1256.2979736328125, -1256.1712646484375, -1256.2259521484375, -1256.2491455078125, -1256.1680908203125, -1256.1961669921875, -1256.2674560546875, -1256.2486572265625, -1256.2449951171875, -1256.2161865234375, -1256.1441650390625, -1256.1961669921875, -1256.2034912109375, -1256.2020263671875, -1256.2745361328125, -1256.2703857421875, -1256.2943115234375, -1256.2630615234375, -1256.2149658203125, -1256.2493896484375, -1256.2154541015625, -1256.2120361328125, -1256.2225341796875, -1256.2855224609375, -1256.2420654296875, -1256.2481689453125, -1256.2901611328125, -1256.3062744140625, -1256.2987060546875, -1256.2772216796875, -1256.2352294921875, -1256.2000732421875, -1256.2457275390625, -1256.2205810546875, -1256.2012939453125, -1256.2015380859375, -1256.1702880859375, -1256.2401123046875, -1256.2923583984375, -1256.1676025390625, -1256.2384033203125, -1256.2884521484375, -1256.2188720703125, -1256.2537841796875, -1256.3248291015625, -1256.3353271484375, -1256.2435302734375, -1256.2864990234375, -1256.3162841796875, -1256.2933349609375, -1256.2554931640625, -1256.2742919921875, -1256.3302001953125, -1256.2904052734375, -1256.2952880859375, -1256.2972412109375, -1256.3267822265625, -1256.3548583984375, -1256.3228759765625, -1256.2698974609375, -1256.2489013671875, -1256.2359619140625, -1256.2813720703125, -1256.2418212890625, -1256.3052978515625, -1256.2999267578125, -1256.3067626953125, -1256.2449951171875, -1256.3558349609375, -1256.3160400390625, -1256.3001708984375, -1256.2796630859375, -1256.1817626953125, -1256.2406005859375, -1256.3414306640625, -1256.2645263671875, -1256.2586669921875, -1256.3177490234375, -1256.3165283203125, -1256.3504638671875, -1256.3665771484375, -1256.3922119140625, -1256.3748779296875, -1256.3157958984375, -1256.2764892578125, -1256.3245849609375, -1256.2945556640625, -1256.3060302734375, -1256.3328857421875, -1256.3092041015625, -1256.2835693359375, -1256.2762451171875, -1256.3489990234375, -1256.3321533203125, -1256.2896728515625, -1256.3560791015625, -1256.2967529296875, -1256.3355712890625, -1256.2987060546875, -1256.3983154296875, -1256.2972412109375, -1256.3465576171875, -1256.3897705078125, -1256.3616943359375, -1256.3485107421875, -1256.3426513671875, -1256.4407958984375, -1256.4656982421875, -1256.4161376953125, -1256.3565673828125, -1256.2999267578125, -1256.3514404296875, -1256.4193115234375, -1256.4427490234375, -1256.4295654296875, -1256.4129638671875, -1256.3631591796875, -1256.3724365234375, -1256.3680419921875, -1256.3201904296875, -1256.3958740234375, -1256.3114013671875, -1256.3885498046875, -1256.4288330078125, -1256.3314208984375, -1256.4266357421875, -1256.4261474609375, -1256.4390869140625, -1256.4547119140625, -1256.3033447265625, -1256.3150634765625, -1256.3109130859375, -1256.3846435546875, -1256.3338623046875, -1256.3485107421875, -1256.3087158203125, -1256.3494873046875, -1256.3841552734375, -1256.2933349609375, -1256.3634033203125, -1256.2945556640625, -1256.3343505859375, -1256.2913818359375, -1256.3211669921875, -1256.2581787109375, -1256.3968505859375, -1256.2928466796875, -1256.3358154296875, -1256.2723388671875, -1256.3370361328125, -1256.3802490234375, -1256.3306884765625, -1256.3743896484375, -1256.3966064453125, -1256.3336181640625, -1256.2806396484375, -1256.4056396484375, -1256.3289794921875, -1256.3826904296875, -1256.3782958984375, -1256.2889404296875, -1256.4368896484375, -1256.4451904296875, -1256.3438720703125, -1256.3436279296875, -1256.4500732421875, -1256.2801513671875, -1256.3204345703125, -1256.3187255859375, -1256.3807373046875, -1256.4178466796875, -1256.4442138671875, -1256.3951416015625, -1256.3580322265625, -1256.4293212890625, -1256.3714599609375, -1256.3802490234375, -1256.3714599609375, -1256.3692626953125, -1256.4342041015625, -1256.3236083984375, -1256.3211669921875, -1256.2703857421875, -1256.3599853515625, -1256.4217529296875, -1256.3314208984375, -1256.4088134765625, -1256.4349365234375, -1256.4134521484375, -1256.3167724609375, -1256.3519287109375, -1256.3333740234375, -1256.3656005859375, -1256.2838134765625, -1256.2918701171875, -1256.3812255859375, -1256.3614501953125, -1256.3758544921875, -1256.3404541015625, -1256.3768310546875, -1256.3385009765625, -1256.3297119140625, -1256.3345947265625, -1256.3646240234375, -1256.3636474609375, -1256.3699951171875, -1256.4283447265625, -1256.3704833984375, -1256.3685302734375, -1256.3460693359375, -1256.3240966796875, -1256.3485107421875, -1256.3814697265625, -1256.3690185546875, -1256.3763427734375, -1256.3470458984375, -1256.3641357421875, -1256.3778076171875, -1256.3880615234375, -1256.4051513671875, -1256.3404541015625, -1256.3714599609375, -1256.3006591796875, -1256.2938232421875, -1256.3616943359375, -1256.3804931640625, -1256.3726806640625, -1256.3792724609375, -1256.3665771484375, -1256.3748779296875, -1256.3919677734375, -1256.4154052734375, -1256.3175048828125, -1256.4437255859375, -1256.4798583984375, -1256.3905029296875, -1256.4041748046875, -1256.3724365234375, -1256.4085693359375, -1256.3826904296875, -1256.3870849609375, -1256.3646240234375, -1256.4051513671875, -1256.3157958984375, -1256.4085693359375, -1256.3729248046875, -1256.4276123046875, -1256.3621826171875, -1256.4681396484375, -1256.4698486328125, -1256.3905029296875, -1256.3939208984375, -1256.4949951171875, -1256.3807373046875, -1256.4366455078125, -1256.4339599609375, -1256.4451904296875, -1256.4327392578125, -1256.3704833984375, -1256.3917236328125, -1256.3768310546875, -1256.4439697265625, -1256.4100341796875, -1256.4586181640625, -1256.4481201171875, -1256.4056396484375, -1256.4500732421875, -1256.4127197265625, -1256.4071044921875, -1256.3980712890625, -1256.3746337890625, -1256.4576416015625, -1256.4224853515625, -1256.4595947265625, -1256.4969482421875, -1256.3836669921875, -1256.3846435546875, -1256.4730224609375, -1256.4251708984375, -1256.4371337890625, -1256.4530029296875, -1256.4395751953125, -1256.3846435546875, -1256.4886474609375, -1256.4764404296875, -1256.4520263671875, -1256.4715576171875, -1256.4281005859375, -1256.4002685546875, -1256.4732666015625, -1256.4586181640625, -1256.4105224609375, -1256.4256591796875, -1256.3636474609375, -1256.4700927734375, -1256.3802490234375, -1256.4320068359375, -1256.4495849609375, -1256.4383544921875, -1256.3931884765625, -1256.3951416015625, -1256.4063720703125, -1256.4447021484375, -1256.3275146484375, -1256.4315185546875, -1256.4090576171875, -1256.4278564453125, -1256.3841552734375, -1256.4078369140625, -1256.3245849609375, -1256.3602294921875, -1256.3675537109375, -1256.4124755859375, -1256.3980712890625, -1256.4403076171875, -1256.4017333984375, -1256.3353271484375, -1256.3822021484375, -1256.3900146484375, -1256.3797607421875, -1256.4202880859375, -1256.4810791015625, -1256.3787841796875, -1256.3912353515625, -1256.4215087890625, -1256.4183349609375, -1256.4478759765625, -1256.3712158203125, -1256.3966064453125, -1256.4212646484375, -1256.3411865234375, -1256.3863525390625, -1256.4124755859375, -1256.3018798828125, -1256.3043212890625, -1256.3441162109375, -1256.3323974609375, -1256.3968505859375, -1256.3902587890625, -1256.4278564453125, -1256.3402099609375, -1256.4151611328125, -1256.3387451171875, -1256.4495849609375, -1256.3109130859375, -1256.4161376953125, -1256.4195556640625, -1256.3846435546875, -1256.4088134765625, -1256.4522705078125, -1256.3853759765625, -1256.4901123046875, -1256.3399658203125, -1256.4429931640625, -1256.4110107421875, -1256.4237060546875, -1256.3956298828125, -1256.5496826171875, -1256.3743896484375, -1256.4893798828125, -1256.4495849609375, -1256.4654541015625, -1256.3890380859375, -1256.4254150390625, -1256.3648681640625, -1256.4500732421875, -1256.4178466796875, -1256.4327392578125, -1256.4393310546875, -1256.4210205078125, -1256.3468017578125, -1256.3870849609375, -1256.4591064453125, -1256.3992919921875, -1256.3951416015625, -1256.4669189453125, -1256.3873291015625, -1256.4149169921875, -1256.3507080078125, -1256.4603271484375, -1256.3966064453125, -1256.4417724609375, -1256.4739990234375, -1256.4061279296875, -1256.4744873046875, -1256.4212646484375, -1256.4063720703125, -1256.4322509765625, -1256.3900146484375, -1256.3992919921875, -1256.4241943359375, -1256.3531494140625, -1256.3599853515625, -1256.4007568359375, -1256.4749755859375, -1256.3951416015625, -1256.4635009765625, -1256.3841552734375, -1256.4661865234375, -1256.4339599609375, -1256.3914794921875, -1256.4178466796875, -1256.4075927734375, -1256.3792724609375, -1256.4222412109375, -1256.4725341796875, -1256.4442138671875, -1256.4139404296875, -1256.4630126953125, -1256.4583740234375, -1256.3826904296875, -1256.4403076171875, -1256.4349365234375, -1256.3680419921875, -1256.4039306640625, -1256.3328857421875, -1256.4173583984375, -1256.4847412109375, -1256.4158935546875, -1256.3939208984375, -1256.4520263671875, -1256.4371337890625, -1256.4398193359375, -1256.4466552734375, -1256.4351806640625, -1256.3597412109375, -1256.4598388671875, -1256.4901123046875, -1256.4710693359375, -1256.4837646484375, -1256.4517822265625, -1256.4481201171875, -1256.4337158203125, -1256.4407958984375, -1256.4144287109375, -1256.5140380859375, -1256.4901123046875, -1256.3841552734375, -1256.5291748046875, -1256.4246826171875, -1256.4554443359375, -1256.4234619140625, -1256.5028076171875, -1256.4217529296875, -1256.4339599609375, -1256.4593505859375, -1256.4757080078125, -1256.4041748046875, -1256.5037841796875, -1256.3929443359375, -1256.3763427734375, -1256.4468994140625, -1256.4290771484375, -1256.4722900390625, -1256.4171142578125, -1256.4210205078125, -1256.4359130859375, -1256.4119873046875, -1256.4281005859375, -1256.4493408203125, -1256.4383544921875, -1256.4886474609375, -1256.3897705078125, -1256.4539794921875, -1256.5072021484375, -1256.4119873046875, -1256.4151611328125, -1256.4154052734375, -1256.4888916015625, -1256.4669189453125, -1256.4949951171875, -1256.5186767578125, -1256.5067138671875, -1256.5213623046875, -1256.4569091796875, -1256.4952392578125, -1256.5521240234375, -1256.5413818359375, -1256.4342041015625, -1256.5198974609375, -1256.5579833984375, -1256.5452880859375, -1256.4959716796875, -1256.4505615234375, -1256.5369873046875, -1256.4866943359375, -1256.4969482421875, -1256.4818115234375, -1256.4364013671875, -1256.5570068359375, -1256.5496826171875, -1256.4544677734375, -1256.5286865234375, -1256.4947509765625, -1256.4720458984375, -1256.4815673828125, -1256.5106201171875, -1256.4688720703125, -1256.5626220703125, -1256.4822998046875, -1256.5306396484375, -1256.5379638671875, -1256.5567626953125, -1256.5067138671875, -1256.5262451171875, -1256.5277099609375, -1256.5306396484375, -1256.5277099609375, -1256.4327392578125, -1256.4329833984375, -1256.4564208984375, -1256.5093994140625, -1256.5294189453125, -1256.5753173828125, -1256.5989990234375, -1256.4400634765625, -1256.5472412109375, -1256.5413818359375, -1256.5164794921875, -1256.4700927734375, -1256.5570068359375, -1256.5477294921875, -1256.5570068359375, -1256.4608154296875, -1256.4681396484375, -1256.4998779296875, -1256.5350341796875, -1256.4935302734375, -1256.5687255859375, -1256.4959716796875, -1256.5709228515625, -1256.4705810546875, -1256.5155029296875, -1256.4859619140625, -1256.5184326171875, -1256.5345458984375, -1256.5740966796875, -1256.5181884765625, -1256.5223388671875, -1256.4967041015625, -1256.5325927734375, -1256.5054931640625, -1256.4605712890625, -1256.4442138671875, -1256.4871826171875, -1256.5057373046875, -1256.4486083984375, -1256.4447021484375, -1256.4764404296875, -1256.5347900390625, -1256.4910888671875, -1256.4813232421875, -1256.5223388671875, -1256.5379638671875, -1256.5196533203125, -1256.4886474609375, -1256.5677490234375, -1256.5228271484375, -1256.5821533203125, -1256.4842529296875, -1256.5267333984375, -1256.5455322265625, -1256.4600830078125, -1256.5098876953125, -1256.5196533203125, -1256.4578857421875, -1256.5152587890625, -1256.4324951171875, -1256.4705810546875, -1256.5135498046875, -1256.5042724609375, -1256.4769287109375, -1256.4713134765625, -1256.4920654296875, -1256.5040283203125, -1256.5196533203125, -1256.5072021484375, -1256.4324951171875, -1256.4573974609375, -1256.4757080078125, -1256.5550537109375, -1256.4996337890625, -1256.4959716796875, -1256.5091552734375, -1256.5111083984375, -1256.5233154296875, -1256.5281982421875, -1256.5631103515625, -1256.5277099609375, -1256.5521240234375, -1256.5267333984375, -1256.4320068359375, -1256.4542236328125, -1256.4893798828125, -1256.4515380859375, -1256.5032958984375, -1256.5050048828125, -1256.5257568359375, -1256.4517822265625, -1256.4686279296875, -1256.4537353515625, -1256.4822998046875, -1256.4625244140625, -1256.3543701171875, -1256.4666748046875, -1256.5242919921875, -1256.4930419921875, -1256.5203857421875, -1256.4593505859375, -1256.4710693359375, -1256.4798583984375, -1256.4827880859375, -1256.4984130859375, -1256.4515380859375, -1256.4112548828125, -1256.4022216796875, -1256.4573974609375, -1256.4815673828125, -1256.4681396484375, -1256.4422607421875, -1256.4715576171875, -1256.3914794921875, -1256.3648681640625, -1256.4468994140625, -1256.4659423828125, -1256.4425048828125, -1256.3743896484375, -1256.5052490234375, -1256.5045166015625, -1256.4378662109375, -1256.3917236328125, -1256.4591064453125, -1256.4456787109375, -1256.4830322265625, -1256.3851318359375, -1256.4639892578125, -1256.4378662109375, -1256.3880615234375, -1256.3958740234375, -1256.4818115234375, -1256.4254150390625, -1256.3587646484375, -1256.4476318359375, -1256.3729248046875, -1256.3458251953125, -1256.3797607421875, -1256.4188232421875, -1256.3846435546875, -1256.4832763671875, -1256.4588623046875, -1256.4281005859375, -1256.3929443359375, -1256.4617919921875, -1256.3695068359375, -1256.3514404296875, -1256.3729248046875, -1256.4276123046875, -1256.4368896484375, -1256.4776611328125, -1256.4569091796875, -1256.3641357421875, -1256.4378662109375, -1256.5008544921875, -1256.4080810546875, -1256.4527587890625, -1256.4913330078125, -1256.4488525390625, -1256.4512939453125, -1256.4000244140625, -1256.4852294921875, -1256.4881591796875, -1256.5052490234375, -1256.4595947265625, -1256.4991455078125, -1256.5301513671875, -1256.3958740234375, -1256.4781494140625, -1256.4290771484375, -1256.4324951171875, -1256.4774169921875, -1256.4913330078125, -1256.4439697265625, -1256.4615478515625, -1256.3995361328125, -1256.4100341796875, -1256.4154052734375, -1256.4229736328125, -1256.4722900390625, -1256.4569091796875, -1256.3988037109375, -1256.4061279296875, -1256.4376220703125, -1256.4642333984375, -1256.4591064453125, -1256.4239501953125, -1256.4627685546875, -1256.5535888671875, -1256.5201416015625, -1256.4881591796875, -1256.4759521484375, -1256.5238037109375, -1256.4881591796875, -1256.5147705078125, -1256.4373779296875, -1256.4608154296875, -1256.5357666015625, -1256.4888916015625, -1256.5015869140625, -1256.4774169921875, -1256.5252685546875, -1256.4901123046875, -1256.5245361328125, -1256.5037841796875, -1256.4710693359375, -1256.4891357421875, -1256.5042724609375, -1256.5384521484375, -1256.5491943359375, -1256.4932861328125, -1256.4884033203125, -1256.5352783203125, -1256.4974365234375, -1256.5264892578125, -1256.5272216796875, -1256.5960693359375, -1256.5487060546875, -1256.5150146484375, -1256.4637451171875, -1256.4857177734375, -1256.5447998046875, -1256.5328369140625, -1256.5670166015625, -1256.5335693359375, -1256.5260009765625, -1256.5496826171875, -1256.5391845703125, -1256.5111083984375, -1256.5404052734375, -1256.5177001953125, -1256.4227294921875, -1256.4945068359375, -1256.5008544921875, -1256.5369873046875, -1256.5228271484375, -1256.5645751953125, -1256.4547119140625, -1256.4715576171875, -1256.4930419921875, -1256.5238037109375, -1256.5455322265625, -1256.4957275390625, -1256.4764404296875, -1256.4466552734375, -1256.5487060546875, -1256.5135498046875, -1256.5692138671875, -1256.4822998046875, -1256.5189208984375, -1256.4554443359375, -1256.4710693359375, -1256.4998779296875, -1256.4493408203125, -1256.4915771484375, -1256.4254150390625, -1256.4661865234375, -1256.4986572265625, -1256.4635009765625, -1256.4825439453125, -1256.5035400390625, -1256.4544677734375, -1256.4930419921875, -1256.4403076171875, -1256.5384521484375, -1256.4752197265625, -1256.5115966796875, -1256.4432373046875, -1256.4798583984375, -1256.4119873046875, -1256.3922119140625, -1256.4674072265625, -1256.4349365234375, -1256.3704833984375, -1256.3841552734375, -1256.5321044921875, -1256.4432373046875, -1256.4232177734375, -1256.5010986328125, -1256.4190673828125, -1256.4471435546875, -1256.4776611328125, -1256.4517822265625, -1256.4259033203125, -1256.4678955078125, -1256.3829345703125, -1256.4561767578125, -1256.4573974609375, -1256.4908447265625, -1256.4515380859375, -1256.4637451171875, -1256.4530029296875, -1256.4735107421875, -1256.5843505859375, -1256.5059814453125, -1256.4945068359375, -1256.5003662109375, -1256.4876708984375, -1256.4644775390625, -1256.5074462890625, -1256.4832763671875, -1256.4505615234375, -1256.4063720703125, -1256.4827880859375, -1256.4066162109375, -1256.4959716796875, -1256.4652099609375, -1256.4676513671875, -1256.4676513671875, -1256.4466552734375, -1256.4842529296875, -1256.4600830078125, -1256.4573974609375, -1256.4681396484375, -1256.3814697265625, -1256.4344482421875, -1256.4061279296875, -1256.4105224609375, -1256.4305419921875, -1256.4061279296875, -1256.4666748046875, -1256.4571533203125, -1256.4478759765625, -1256.4256591796875, -1256.4217529296875, -1256.4725341796875, -1256.4989013671875, -1256.4554443359375, -1256.4031982421875, -1256.4866943359375, -1256.5113525390625, -1256.4552001953125, -1256.4957275390625, -1256.4903564453125, -1256.4788818359375, -1256.4564208984375, -1256.5006103515625, -1256.4407958984375, -1256.4945068359375, -1256.5526123046875, -1256.5301513671875, -1256.5189208984375, -1256.4906005859375, -1256.5228271484375, -1256.4163818359375, -1256.4788818359375, -1256.4693603515625, -1256.4241943359375, -1256.5084228515625, -1256.5025634765625, -1256.4779052734375, -1256.4884033203125, -1256.4696044921875, -1256.4827880859375, -1256.5296630859375, -1256.4681396484375, -1256.4654541015625, -1256.5440673828125, -1256.5159912109375, -1256.4822998046875, -1256.5919189453125, -1256.4625244140625, -1256.5482177734375, -1256.5242919921875, -1256.4996337890625, -1256.5306396484375, -1256.4969482421875, -1256.5906982421875, -1256.4564208984375, -1256.4822998046875, -1256.5479736328125, -1256.5328369140625, -1256.5921630859375, -1256.5614013671875, -1256.5924072265625, -1256.5103759765625, -1256.4754638671875, -1256.5101318359375, -1256.5264892578125, -1256.4866943359375, -1256.4710693359375, -1256.4835205078125, -1256.4637451171875, -1256.4708251953125, -1256.4781494140625, -1256.4693603515625, -1256.5208740234375, -1256.5145263671875, -1256.4554443359375, -1256.5360107421875, -1256.5550537109375, -1256.4400634765625, -1256.5067138671875, -1256.4747314453125, -1256.4110107421875, -1256.4774169921875, -1256.4486083984375, -1256.4739990234375, -1256.4971923828125, -1256.5531005859375, -1256.3885498046875, -1256.4788818359375, -1256.5208740234375, -1256.5533447265625, -1256.5089111328125, -1256.4940185546875, -1256.5223388671875, -1256.5020751953125, -1256.5311279296875, -1256.4686279296875, -1256.5794677734375, -1256.5008544921875, -1256.4608154296875, -1256.4610595703125, -1256.5020751953125, -1256.4063720703125, -1256.4268798828125, -1256.4915771484375, -1256.4583740234375, -1256.4578857421875, -1256.4400634765625, -1256.4320068359375, -1256.4945068359375, -1256.4722900390625, -1256.4417724609375, -1256.4398193359375, -1256.4940185546875, -1256.4866943359375, -1256.4661865234375, -1256.4547119140625, -1256.4749755859375, -1256.4656982421875, -1256.5030517578125, -1256.4219970703125, -1256.4678955078125, -1256.4930419921875, -1256.4305419921875, -1256.5196533203125, -1256.4166259765625, -1256.4632568359375, -1256.4732666015625, -1256.5042724609375, -1256.4376220703125, -1256.5223388671875, -1256.4700927734375, -1256.4364013671875, -1256.5084228515625, -1256.4842529296875, -1256.5150146484375, -1256.5159912109375, -1256.5174560546875, -1256.5052490234375, -1256.4715576171875, -1256.4827880859375, -1256.5382080078125, -1256.5545654296875, -1256.5130615234375, -1256.5252685546875, -1256.5262451171875, -1256.4730224609375, -1256.5228271484375, -1256.4852294921875, -1256.4783935546875, -1256.5643310546875, -1256.4996337890625, -1256.4920654296875, -1256.4886474609375, -1256.4886474609375, -1256.4764404296875, -1256.5399169921875, -1256.4757080078125, -1256.4742431640625, -1256.4058837890625, -1256.5030517578125, -1256.4527587890625, -1256.4766845703125, -1256.4632568359375, -1256.5013427734375, -1256.5699462890625, -1256.4713134765625, -1256.4796142578125, -1256.4742431640625, -1256.4754638671875, -1256.4681396484375, -1256.4879150390625, -1256.4573974609375, -1256.5799560546875, -1256.5223388671875, -1256.5220947265625, -1256.4527587890625, -1256.5140380859375, -1256.4627685546875, -1256.4246826171875, -1256.4920654296875, -1256.5316162109375, -1256.5496826171875, -1256.4696044921875, -1256.4774169921875, -1256.4847412109375, -1256.5032958984375, -1256.4439697265625, -1256.4781494140625, -1256.5523681640625, -1256.5274658203125, -1256.5445556640625, -1256.5570068359375, -1256.4862060546875, -1256.4627685546875, -1256.4949951171875, -1256.5020751953125, -1256.5042724609375, -1256.4862060546875, -1256.4617919921875, -1256.4854736328125, -1256.5057373046875, -1256.5487060546875, -1256.4373779296875, -1256.4976806640625, -1256.5218505859375, -1256.4744873046875, -1256.4532470703125, -1256.4320068359375, -1256.4671630859375, -1256.4896240234375, -1256.4747314453125, -1256.4217529296875, -1256.4588623046875, -1256.5352783203125, -1256.4207763671875, -1256.4393310546875, -1256.4942626953125, -1256.4417724609375, -1256.4334716796875, -1256.4610595703125, -1256.3800048828125, -1256.4581298828125, -1256.4114990234375, -1256.4090576171875, -1256.4117431640625, -1256.4222412109375, -1256.4415283203125, -1256.4510498046875, -1256.4429931640625, -1256.4656982421875, -1256.5030517578125, -1256.4720458984375, -1256.5643310546875, -1256.5289306640625, -1256.4552001953125, -1256.5364990234375, -1256.4188232421875, -1256.4735107421875, -1256.5330810546875, -1256.5101318359375, -1256.4857177734375, -1256.4808349609375, -1256.4764404296875, -1256.5130615234375, -1256.5006103515625, -1256.3724365234375, -1256.5223388671875, -1256.5430908203125, -1256.5511474609375, -1256.4937744140625, -1256.4539794921875, -1256.5179443359375, -1256.5660400390625, -1256.5452880859375, -1256.5325927734375, -1256.5023193359375, -1256.4735107421875, -1256.4989013671875, -1256.5487060546875, -1256.4976806640625, -1256.5135498046875, -1256.4739990234375, -1256.5301513671875, -1256.4725341796875, -1256.5233154296875, -1256.5179443359375, -1256.5174560546875, -1256.4783935546875, -1256.5123291015625, -1256.5760498046875, -1256.5867919921875, -1256.5723876953125, -1256.5921630859375, -1256.5194091796875, -1256.6253662109375, -1256.5218505859375, -1256.5701904296875, -1256.5531005859375, -1256.5211181640625, -1256.5169677734375, -1256.5770263671875, -1256.4967041015625, -1256.5367431640625, -1256.5472412109375, -1256.5323486328125, -1256.4930419921875, -1256.4732666015625, -1256.5174560546875, -1256.4842529296875, -1256.4979248046875, -1256.5084228515625, -1256.4935302734375, -1256.5819091796875, -1256.5223388671875, -1256.5003662109375, -1256.4822998046875, -1256.4395751953125, -1256.5133056640625, -1256.4554443359375, -1256.5311279296875, -1256.5433349609375, -1256.5262451171875, -1256.4649658203125, -1256.4598388671875, -1256.5457763671875, -1256.5462646484375, -1256.4703369140625, -1256.4952392578125, -1256.5252685546875, -1256.4666748046875, -1256.4354248046875, -1256.4859619140625, -1256.4749755859375, -1256.4935302734375, -1256.5091552734375, -1256.4591064453125, -1256.5716552734375, -1256.5426025390625, -1256.5447998046875, -1256.5238037109375, -1256.5028076171875, -1256.5262451171875, -1256.5745849609375, -1256.5321044921875, -1256.5404052734375, -1256.5369873046875, -1256.5120849609375, -1256.5125732421875, -1256.5989990234375, -1256.5447998046875, -1256.4608154296875, -1256.5098876953125, -1256.5177001953125, -1256.5423583984375, -1256.5250244140625, -1256.4395751953125, -1256.4639892578125, -1256.4793701171875, -1256.5140380859375, -1256.4776611328125, -1256.5081787109375, -1256.4813232421875, -1256.5430908203125, -1256.4661865234375, -1256.4818115234375, -1256.4417724609375, -1256.4261474609375, -1256.4735107421875, -1256.5675048828125, -1256.5057373046875, -1256.5372314453125, -1256.4622802734375, -1256.4522705078125, -1256.4893798828125, -1256.4959716796875, -1256.4888916015625, -1256.4703369140625, -1256.5325927734375, -1256.5272216796875, -1256.5430908203125, -1256.5267333984375, -1256.5513916015625, -1256.4871826171875, -1256.5574951171875, -1256.4749755859375, -1256.4974365234375, -1256.5736083984375, -1256.4796142578125, -1256.4669189453125, -1256.5457763671875, -1256.5194091796875, -1256.4710693359375, -1256.4720458984375, -1256.4427490234375, -1256.4918212890625, -1256.5203857421875, -1256.5098876953125, -1256.4769287109375, -1256.4859619140625, -1256.4071044921875, -1256.4327392578125, -1256.4520263671875, -1256.3924560546875, -1256.4725341796875, -1256.4290771484375, -1256.5084228515625, -1256.4727783203125, -1256.5189208984375, -1256.5733642578125, -1256.4886474609375, -1256.5291748046875, -1256.5369873046875, -1256.5233154296875, -1256.6002197265625, -1256.5267333984375, -1256.5262451171875, -1256.5809326171875, -1256.5462646484375, -1256.5701904296875, -1256.5401611328125, -1256.4930419921875, -1256.5394287109375, -1256.5430908203125, -1256.5269775390625, -1256.5250244140625, -1256.5826416015625, -1256.5001220703125, -1256.5545654296875, -1256.5330810546875, -1256.5335693359375, -1256.4901123046875, -1256.5535888671875, -1256.4971923828125, -1256.4637451171875, -1256.5516357421875, -1256.5369873046875, -1256.4993896484375, -1256.5386962890625, -1256.5311279296875, -1256.5064697265625, -1256.6239013671875, -1256.5081787109375, -1256.5316162109375, -1256.5455322265625, -1256.5418701171875, -1256.4954833984375, -1256.5675048828125, -1256.5665283203125, -1256.5577392578125, -1256.5008544921875, -1256.5572509765625, -1256.4857177734375, -1256.5345458984375, -1256.4866943359375, -1256.4893798828125, -1256.5194091796875, -1256.4246826171875, -1256.4725341796875, -1256.4964599609375, -1256.5169677734375, -1256.5291748046875, -1256.4637451171875, -1256.4959716796875, -1256.4918212890625, -1256.5462646484375, -1256.5535888671875, -1256.5194091796875, -1256.5533447265625, -1256.5775146484375, -1256.5284423828125, -1256.5018310546875, -1256.5213623046875, -1256.5718994140625, -1256.5872802734375, -1256.5108642578125, -1256.5523681640625, -1256.5252685546875, -1256.4984130859375, -1256.5640869140625, -1256.5521240234375, -1256.4884033203125, -1256.5521240234375, -1256.5882568359375, -1256.5072021484375, -1256.5406494140625, -1256.5445556640625, -1256.5364990234375, -1256.5579833984375, -1256.5692138671875, -1256.5687255859375, -1256.5784912109375, -1256.6129150390625, -1256.5682373046875, -1256.5985107421875, -1256.6136474609375, -1256.5894775390625, -1256.5452880859375, -1256.5738525390625, -1256.6231689453125, -1256.6295166015625, -1256.6258544921875, -1256.6468505859375, -1256.5814208984375, -1256.5714111328125, -1256.5882568359375, -1256.5621337890625, -1256.5692138671875, -1256.5640869140625, -1256.5892333984375, -1256.6004638671875, -1256.5914306640625, -1256.4884033203125, -1256.6212158203125, -1256.5299072265625, -1256.5555419921875, -1256.5267333984375, -1256.6072998046875, -1256.5404052734375, -1256.5853271484375, -1256.5350341796875, -1256.5770263671875, -1256.6151123046875, -1256.6282958984375, -1256.6063232421875, -1256.5711669921875, -1256.5999755859375, -1256.5318603515625, -1256.5828857421875, -1256.5501708984375, -1256.5540771484375, -1256.6055908203125, -1256.6199951171875, -1256.5687255859375, -1256.5941162109375, -1256.5650634765625, -1256.5648193359375, -1256.5240478515625, -1256.5391845703125, -1256.5548095703125, -1256.5296630859375, -1256.5306396484375, -1256.5281982421875, -1256.5040283203125, -1256.4876708984375, -1256.4757080078125, -1256.5545654296875, -1256.5115966796875, -1256.5057373046875, -1256.5333251953125, -1256.5560302734375, -1256.5152587890625, -1256.5643310546875, -1256.5797119140625, -1256.5242919921875, -1256.5985107421875, -1256.5555419921875, -1256.5264892578125, -1256.5675048828125]}
Warning: Cholesky failed, using eigendecomposition fallback
{'mse': 0.010036214254796505, 'rmse': 0.10018090903759003, 'test_ll': -239907.9375, 'total_test_ll': -5997698560.0}
/cluster/tufts/hugheslab/swilli26/stat-patt-final/gp_vs_sngp/results/hyperparam_search/GP/CrazySin_1500_4001/logs
/cluster/tufts/hugheslab/swilli26/stat-patt-final/gp_vs_sngp/results/hyperparam_search/logs/GP_VS_SNGP_25028900.out
/cluster/tufts/hugheslab/swilli26/stat-patt-final/gp_vs_sngp/results/hyperparam_search/logs/GP_VS_SNGP_25028900.err
