Starting imports...
Importing argparse...
Importing torch...
Importing os...
Importing sngp.train and sngp.model...
Importing gaussian_process...
Importing dataset...
Importing json...
ALL IMPORTS COMPLETE!
Parsing arguments...
Arguments parsed! Running GP on Friedman with N=1500
Checking CUDA availability...
Using CPU
Making Datasets...
Making Model...
Training Gaussian Process...
Iter   0 | Loss: 2756.961 | lengthscale: 1.010 | outputscale: 1.010 | noise: 0.202
Iter  10 | Loss: 2656.084 | lengthscale: 1.116 | outputscale: 1.113 | noise: 0.223
Iter  20 | Loss: 2603.903 | lengthscale: 1.231 | outputscale: 1.212 | noise: 0.242
Iter  30 | Loss: 2582.262 | lengthscale: 1.360 | outputscale: 1.289 | noise: 0.257
Iter  40 | Loss: 2572.357 | lengthscale: 1.511 | outputscale: 1.335 | noise: 0.264
Iter  50 | Loss: 2562.039 | lengthscale: 1.697 | outputscale: 1.351 | noise: 0.264
Iter  60 | Loss: 2545.409 | lengthscale: 1.933 | outputscale: 1.345 | noise: 0.259
Iter  70 | Loss: 2518.350 | lengthscale: 2.240 | outputscale: 1.328 | noise: 0.249
Iter  80 | Loss: 2474.949 | lengthscale: 2.640 | outputscale: 1.306 | noise: 0.236
Iter  90 | Loss: 2406.019 | lengthscale: 3.158 | outputscale: 1.279 | noise: 0.220
Iter 100 | Loss: 2299.616 | lengthscale: 3.823 | outputscale: 1.243 | noise: 0.200
Iter 110 | Loss: 2144.969 | lengthscale: 4.669 | outputscale: 1.194 | noise: 0.177
Iter 120 | Loss: 1940.498 | lengthscale: 5.724 | outputscale: 1.129 | noise: 0.155
Iter 130 | Loss: 1705.624 | lengthscale: 7.004 | outputscale: 1.054 | noise: 0.140
Iter 140 | Loss: 1476.447 | lengthscale: 8.489 | outputscale: 0.981 | noise: 0.146
Iter 150 | Loss: 1265.251 | lengthscale: 10.119 | outputscale: 0.921 | noise: 0.178
Iter 160 | Loss: 1085.360 | lengthscale: 11.865 | outputscale: 0.870 | noise: 0.220
Iter 170 | Loss:  944.228 | lengthscale: 13.736 | outputscale: 0.828 | noise: 0.243
Iter 180 | Loss:  831.296 | lengthscale: 15.685 | outputscale: 0.796 | noise: 0.240
Iter 190 | Loss:  745.330 | lengthscale: 17.639 | outputscale: 0.773 | noise: 0.246
Iter 200 | Loss:  678.446 | lengthscale: 19.572 | outputscale: 0.758 | noise: 0.253
Iter 210 | Loss:  625.214 | lengthscale: 21.485 | outputscale: 0.748 | noise: 0.254
Iter 220 | Loss:  582.311 | lengthscale: 23.369 | outputscale: 0.741 | noise: 0.256
Iter 230 | Loss:  547.207 | lengthscale: 25.224 | outputscale: 0.736 | noise: 0.258
Iter 240 | Loss:  517.868 | lengthscale: 27.056 | outputscale: 0.732 | noise: 0.260
Iter 250 | Loss:  492.778 | lengthscale: 28.873 | outputscale: 0.730 | noise: 0.261
Iter 260 | Loss:  470.935 | lengthscale: 30.687 | outputscale: 0.728 | noise: 0.262
Iter 270 | Loss:  451.729 | lengthscale: 32.502 | outputscale: 0.726 | noise: 0.263
Iter 280 | Loss:  434.754 | lengthscale: 34.318 | outputscale: 0.724 | noise: 0.264
Iter 290 | Loss:  419.689 | lengthscale: 36.134 | outputscale: 0.723 | noise: 0.264
Iter 300 | Loss:  406.263 | lengthscale: 37.950 | outputscale: 0.722 | noise: 0.265
Iter 310 | Loss:  394.237 | lengthscale: 39.765 | outputscale: 0.721 | noise: 0.265
Iter 320 | Loss:  383.408 | lengthscale: 41.579 | outputscale: 0.721 | noise: 0.266
Iter 330 | Loss:  373.611 | lengthscale: 43.394 | outputscale: 0.721 | noise: 0.266
Iter 340 | Loss:  364.728 | lengthscale: 45.209 | outputscale: 0.721 | noise: 0.266
Iter 350 | Loss:  356.666 | lengthscale: 47.021 | outputscale: 0.722 | noise: 0.266
Iter 360 | Loss:  349.346 | lengthscale: 48.829 | outputscale: 0.723 | noise: 0.267
Iter 370 | Loss:  342.683 | lengthscale: 50.630 | outputscale: 0.724 | noise: 0.267
Iter 380 | Loss:  336.599 | lengthscale: 52.424 | outputscale: 0.726 | noise: 0.267
Iter 390 | Loss:  331.020 | lengthscale: 54.212 | outputscale: 0.728 | noise: 0.267
Iter 400 | Loss:  325.881 | lengthscale: 55.995 | outputscale: 0.730 | noise: 0.267
Iter 410 | Loss:  321.127 | lengthscale: 57.776 | outputscale: 0.733 | noise: 0.268
Iter 420 | Loss:  316.708 | lengthscale: 59.556 | outputscale: 0.735 | noise: 0.268
Iter 430 | Loss:  312.587 | lengthscale: 61.337 | outputscale: 0.738 | noise: 0.268
Iter 440 | Loss:  308.735 | lengthscale: 63.119 | outputscale: 0.741 | noise: 0.268
Iter 450 | Loss:  305.130 | lengthscale: 64.903 | outputscale: 0.744 | noise: 0.268
Iter 460 | Loss:  301.755 | lengthscale: 66.688 | outputscale: 0.747 | noise: 0.268
Iter 470 | Loss:  298.589 | lengthscale: 68.473 | outputscale: 0.751 | noise: 0.268
Iter 480 | Loss:  295.613 | lengthscale: 70.259 | outputscale: 0.754 | noise: 0.268
Iter 490 | Loss:  292.807 | lengthscale: 72.047 | outputscale: 0.757 | noise: 0.269
Iter 500 | Loss:  290.151 | lengthscale: 73.839 | outputscale: 0.761 | noise: 0.269
Iter 510 | Loss:  287.629 | lengthscale: 75.637 | outputscale: 0.764 | noise: 0.269
Iter 520 | Loss:  285.230 | lengthscale: 77.442 | outputscale: 0.768 | noise: 0.269
Iter 530 | Loss:  282.948 | lengthscale: 79.255 | outputscale: 0.771 | noise: 0.269
Iter 540 | Loss:  280.779 | lengthscale: 81.073 | outputscale: 0.775 | noise: 0.269
Iter 550 | Loss:  278.721 | lengthscale: 82.894 | outputscale: 0.779 | noise: 0.269
Iter 560 | Loss:  276.776 | lengthscale: 84.714 | outputscale: 0.782 | noise: 0.269
Iter 570 | Loss:  274.946 | lengthscale: 86.529 | outputscale: 0.786 | noise: 0.269
Iter 580 | Loss:  273.235 | lengthscale: 88.331 | outputscale: 0.790 | noise: 0.269
Iter 590 | Loss:  271.641 | lengthscale: 90.115 | outputscale: 0.794 | noise: 0.269
Iter 600 | Loss:  270.164 | lengthscale: 91.875 | outputscale: 0.798 | noise: 0.270
Iter 610 | Loss:  268.807 | lengthscale: 93.605 | outputscale: 0.802 | noise: 0.270
Iter 620 | Loss:  267.560 | lengthscale: 95.299 | outputscale: 0.806 | noise: 0.270
Iter 630 | Loss:  266.423 | lengthscale: 96.953 | outputscale: 0.811 | noise: 0.270
Iter 640 | Loss:  265.384 | lengthscale: 98.565 | outputscale: 0.815 | noise: 0.270
Iter 650 | Loss:  264.436 | lengthscale: 100.133 | outputscale: 0.820 | noise: 0.270
Iter 660 | Loss:  263.572 | lengthscale: 101.659 | outputscale: 0.825 | noise: 0.270
Iter 670 | Loss:  262.780 | lengthscale: 103.143 | outputscale: 0.829 | noise: 0.270
Iter 680 | Loss:  262.051 | lengthscale: 104.589 | outputscale: 0.834 | noise: 0.270
Iter 690 | Loss:  261.379 | lengthscale: 106.000 | outputscale: 0.839 | noise: 0.270
Iter 700 | Loss:  260.753 | lengthscale: 107.381 | outputscale: 0.844 | noise: 0.270
Iter 710 | Loss:  260.167 | lengthscale: 108.735 | outputscale: 0.849 | noise: 0.270
Iter 720 | Loss:  259.618 | lengthscale: 110.067 | outputscale: 0.854 | noise: 0.270
Iter 730 | Loss:  259.099 | lengthscale: 111.382 | outputscale: 0.859 | noise: 0.270
Iter 740 | Loss:  258.606 | lengthscale: 112.682 | outputscale: 0.864 | noise: 0.271
Iter 750 | Loss:  258.132 | lengthscale: 113.972 | outputscale: 0.869 | noise: 0.271
Iter 760 | Loss:  257.679 | lengthscale: 115.255 | outputscale: 0.874 | noise: 0.271
Iter 770 | Loss:  257.242 | lengthscale: 116.536 | outputscale: 0.878 | noise: 0.271
Iter 780 | Loss:  256.816 | lengthscale: 117.817 | outputscale: 0.883 | noise: 0.271
Iter 790 | Loss:  256.401 | lengthscale: 119.102 | outputscale: 0.888 | noise: 0.271
Iter 800 | Loss:  255.994 | lengthscale: 120.394 | outputscale: 0.892 | noise: 0.271
Iter 810 | Loss:  255.594 | lengthscale: 121.698 | outputscale: 0.897 | noise: 0.271
Iter 820 | Loss:  255.196 | lengthscale: 123.015 | outputscale: 0.901 | noise: 0.271
Iter 830 | Loss:  254.800 | lengthscale: 124.351 | outputscale: 0.905 | noise: 0.271
Iter 840 | Loss:  254.405 | lengthscale: 125.710 | outputscale: 0.910 | noise: 0.271
Iter 850 | Loss:  254.007 | lengthscale: 127.096 | outputscale: 0.914 | noise: 0.271
Iter 860 | Loss:  253.604 | lengthscale: 128.513 | outputscale: 0.918 | noise: 0.271
Iter 870 | Loss:  253.195 | lengthscale: 129.967 | outputscale: 0.921 | noise: 0.272
Iter 880 | Loss:  252.774 | lengthscale: 131.463 | outputscale: 0.925 | noise: 0.272
Iter 890 | Loss:  252.341 | lengthscale: 133.008 | outputscale: 0.929 | noise: 0.272
Iter 900 | Loss:  251.893 | lengthscale: 134.608 | outputscale: 0.932 | noise: 0.272
Iter 910 | Loss:  251.427 | lengthscale: 136.269 | outputscale: 0.936 | noise: 0.272
Iter 920 | Loss:  250.938 | lengthscale: 137.998 | outputscale: 0.939 | noise: 0.272
Iter 930 | Loss:  250.427 | lengthscale: 139.802 | outputscale: 0.942 | noise: 0.272
Iter 940 | Loss:  249.889 | lengthscale: 141.686 | outputscale: 0.945 | noise: 0.272
Iter 950 | Loss:  249.325 | lengthscale: 143.655 | outputscale: 0.947 | noise: 0.272
Iter 960 | Loss:  248.731 | lengthscale: 145.712 | outputscale: 0.950 | noise: 0.272
Iter 970 | Loss:  248.110 | lengthscale: 147.858 | outputscale: 0.952 | noise: 0.272
Iter 980 | Loss:  247.463 | lengthscale: 150.093 | outputscale: 0.954 | noise: 0.272
Iter 990 | Loss:  246.795 | lengthscale: 152.412 | outputscale: 0.957 | noise: 0.272
Iter 1000 | Loss:  246.114 | lengthscale: 154.808 | outputscale: 0.959 | noise: 0.272
Iter 1010 | Loss:  245.424 | lengthscale: 157.274 | outputscale: 0.961 | noise: 0.273
Iter 1020 | Loss:  244.727 | lengthscale: 159.799 | outputscale: 0.963 | noise: 0.273
Iter 1030 | Loss:  244.032 | lengthscale: 162.376 | outputscale: 0.965 | noise: 0.273
Iter 1040 | Loss:  243.348 | lengthscale: 164.993 | outputscale: 0.967 | noise: 0.273
Iter 1050 | Loss:  242.670 | lengthscale: 167.644 | outputscale: 0.969 | noise: 0.273
Iter 1060 | Loss:  242.012 | lengthscale: 170.321 | outputscale: 0.971 | noise: 0.273
Iter 1070 | Loss:  241.367 | lengthscale: 173.018 | outputscale: 0.973 | noise: 0.273
Iter 1080 | Loss:  240.740 | lengthscale: 175.732 | outputscale: 0.975 | noise: 0.273
Iter 1090 | Loss:  240.128 | lengthscale: 178.460 | outputscale: 0.977 | noise: 0.273
Iter 1100 | Loss:  239.537 | lengthscale: 181.199 | outputscale: 0.980 | noise: 0.273
Iter 1110 | Loss:  238.964 | lengthscale: 183.946 | outputscale: 0.982 | noise: 0.273
Iter 1120 | Loss:  238.406 | lengthscale: 186.702 | outputscale: 0.984 | noise: 0.273
Iter 1130 | Loss:  237.870 | lengthscale: 189.465 | outputscale: 0.986 | noise: 0.273
Iter 1140 | Loss:  237.346 | lengthscale: 192.236 | outputscale: 0.989 | noise: 0.273
Iter 1150 | Loss:  236.839 | lengthscale: 195.014 | outputscale: 0.991 | noise: 0.273
Iter 1160 | Loss:  236.343 | lengthscale: 197.801 | outputscale: 0.993 | noise: 0.273
Iter 1170 | Loss:  235.863 | lengthscale: 200.598 | outputscale: 0.995 | noise: 0.273
Iter 1180 | Loss:  235.398 | lengthscale: 203.409 | outputscale: 0.998 | noise: 0.273
Iter 1190 | Loss:  234.940 | lengthscale: 206.235 | outputscale: 1.000 | noise: 0.273
Iter 1200 | Loss:  234.490 | lengthscale: 209.080 | outputscale: 1.002 | noise: 0.273
Iter 1210 | Loss:  234.052 | lengthscale: 211.947 | outputscale: 1.004 | noise: 0.273
Iter 1220 | Loss:  233.617 | lengthscale: 214.839 | outputscale: 1.007 | noise: 0.273
Iter 1230 | Loss:  233.191 | lengthscale: 217.760 | outputscale: 1.009 | noise: 0.273
Iter 1240 | Loss:  232.769 | lengthscale: 220.711 | outputscale: 1.011 | noise: 0.273
Iter 1250 | Loss:  232.352 | lengthscale: 223.695 | outputscale: 1.013 | noise: 0.273
Iter 1260 | Loss:  231.940 | lengthscale: 226.714 | outputscale: 1.015 | noise: 0.273
Iter 1270 | Loss:  231.532 | lengthscale: 229.767 | outputscale: 1.017 | noise: 0.273
Iter 1280 | Loss:  231.129 | lengthscale: 232.855 | outputscale: 1.019 | noise: 0.273
Iter 1290 | Loss:  230.731 | lengthscale: 235.977 | outputscale: 1.021 | noise: 0.274
Iter 1300 | Loss:  230.333 | lengthscale: 239.133 | outputscale: 1.023 | noise: 0.274
Iter 1310 | Loss:  229.945 | lengthscale: 242.321 | outputscale: 1.025 | noise: 0.274
Iter 1320 | Loss:  229.562 | lengthscale: 245.540 | outputscale: 1.027 | noise: 0.274
Iter 1330 | Loss:  229.188 | lengthscale: 248.788 | outputscale: 1.028 | noise: 0.274
Iter 1340 | Loss:  228.816 | lengthscale: 252.063 | outputscale: 1.030 | noise: 0.274
Iter 1350 | Loss:  228.453 | lengthscale: 255.365 | outputscale: 1.032 | noise: 0.274
Iter 1360 | Loss:  228.093 | lengthscale: 258.691 | outputscale: 1.034 | noise: 0.274
Iter 1370 | Loss:  227.745 | lengthscale: 262.040 | outputscale: 1.036 | noise: 0.274
Iter 1380 | Loss:  227.396 | lengthscale: 265.412 | outputscale: 1.038 | noise: 0.274
Iter 1390 | Loss:  227.060 | lengthscale: 268.805 | outputscale: 1.040 | noise: 0.274
Iter 1400 | Loss:  226.726 | lengthscale: 272.218 | outputscale: 1.042 | noise: 0.274
Iter 1410 | Loss:  226.400 | lengthscale: 275.649 | outputscale: 1.044 | noise: 0.274
Iter 1420 | Loss:  226.081 | lengthscale: 279.097 | outputscale: 1.046 | noise: 0.274
Iter 1430 | Loss:  225.771 | lengthscale: 282.561 | outputscale: 1.049 | noise: 0.274
Iter 1440 | Loss:  225.465 | lengthscale: 286.039 | outputscale: 1.051 | noise: 0.274
Iter 1450 | Loss:  225.170 | lengthscale: 289.530 | outputscale: 1.053 | noise: 0.274
Iter 1460 | Loss:  224.883 | lengthscale: 293.031 | outputscale: 1.055 | noise: 0.274
Iter 1470 | Loss:  224.597 | lengthscale: 296.540 | outputscale: 1.058 | noise: 0.274
Iter 1480 | Loss:  224.324 | lengthscale: 300.055 | outputscale: 1.060 | noise: 0.274
Iter 1490 | Loss:  224.053 | lengthscale: 303.573 | outputscale: 1.063 | noise: 0.274
Iter 1500 | Loss:  223.792 | lengthscale: 307.092 | outputscale: 1.065 | noise: 0.274
Iter 1510 | Loss:  223.537 | lengthscale: 310.610 | outputscale: 1.068 | noise: 0.274
Iter 1520 | Loss:  223.292 | lengthscale: 314.125 | outputscale: 1.071 | noise: 0.274
Iter 1530 | Loss:  223.052 | lengthscale: 317.632 | outputscale: 1.074 | noise: 0.274
Iter 1540 | Loss:  222.823 | lengthscale: 321.132 | outputscale: 1.077 | noise: 0.274
Iter 1550 | Loss:  222.601 | lengthscale: 324.621 | outputscale: 1.080 | noise: 0.274
Iter 1560 | Loss:  222.382 | lengthscale: 328.099 | outputscale: 1.083 | noise: 0.274
Iter 1570 | Loss:  222.180 | lengthscale: 331.564 | outputscale: 1.086 | noise: 0.274
Iter 1580 | Loss:  221.969 | lengthscale: 335.015 | outputscale: 1.090 | noise: 0.274
Iter 1590 | Loss:  221.773 | lengthscale: 338.453 | outputscale: 1.093 | noise: 0.274
Iter 1600 | Loss:  221.586 | lengthscale: 341.878 | outputscale: 1.097 | noise: 0.274
Iter 1610 | Loss:  221.393 | lengthscale: 345.289 | outputscale: 1.101 | noise: 0.274
Iter 1620 | Loss:  221.219 | lengthscale: 348.686 | outputscale: 1.105 | noise: 0.274
Iter 1630 | Loss:  221.041 | lengthscale: 352.073 | outputscale: 1.109 | noise: 0.274
Iter 1640 | Loss:  220.871 | lengthscale: 355.448 | outputscale: 1.113 | noise: 0.274
Iter 1650 | Loss:  220.708 | lengthscale: 358.815 | outputscale: 1.117 | noise: 0.274
Iter 1660 | Loss:  220.547 | lengthscale: 362.176 | outputscale: 1.121 | noise: 0.274
Iter 1670 | Loss:  220.392 | lengthscale: 365.532 | outputscale: 1.126 | noise: 0.274
Iter 1680 | Loss:  220.241 | lengthscale: 368.885 | outputscale: 1.130 | noise: 0.274
Iter 1690 | Loss:  220.086 | lengthscale: 372.238 | outputscale: 1.135 | noise: 0.274
Iter 1700 | Loss:  219.938 | lengthscale: 375.591 | outputscale: 1.139 | noise: 0.274
Iter 1710 | Loss:  219.794 | lengthscale: 378.947 | outputscale: 1.144 | noise: 0.274
Iter 1720 | Loss:  219.647 | lengthscale: 382.308 | outputscale: 1.149 | noise: 0.274
Iter 1730 | Loss:  219.505 | lengthscale: 385.676 | outputscale: 1.154 | noise: 0.274
Iter 1740 | Loss:  219.374 | lengthscale: 389.052 | outputscale: 1.160 | noise: 0.274
Iter 1750 | Loss:  219.237 | lengthscale: 392.438 | outputscale: 1.165 | noise: 0.274
Iter 1760 | Loss:  219.097 | lengthscale: 395.835 | outputscale: 1.170 | noise: 0.274
Iter 1770 | Loss:  218.964 | lengthscale: 399.243 | outputscale: 1.176 | noise: 0.274
Iter 1780 | Loss:  218.832 | lengthscale: 402.664 | outputscale: 1.181 | noise: 0.274
Iter 1790 | Loss:  218.696 | lengthscale: 406.098 | outputscale: 1.187 | noise: 0.274
Iter 1800 | Loss:  218.565 | lengthscale: 409.546 | outputscale: 1.193 | noise: 0.274
Iter 1810 | Loss:  218.444 | lengthscale: 413.009 | outputscale: 1.199 | noise: 0.274
Iter 1820 | Loss:  218.322 | lengthscale: 416.485 | outputscale: 1.205 | noise: 0.274
Iter 1830 | Loss:  218.192 | lengthscale: 419.976 | outputscale: 1.211 | noise: 0.274
Iter 1840 | Loss:  218.068 | lengthscale: 423.481 | outputscale: 1.217 | noise: 0.274
Iter 1850 | Loss:  217.948 | lengthscale: 427.000 | outputscale: 1.224 | noise: 0.274
Iter 1860 | Loss:  217.817 | lengthscale: 430.532 | outputscale: 1.230 | noise: 0.274
Iter 1870 | Loss:  217.704 | lengthscale: 434.077 | outputscale: 1.237 | noise: 0.274
Iter 1880 | Loss:  217.577 | lengthscale: 437.635 | outputscale: 1.244 | noise: 0.274
Iter 1890 | Loss:  217.464 | lengthscale: 441.205 | outputscale: 1.251 | noise: 0.274
Iter 1900 | Loss:  217.349 | lengthscale: 444.788 | outputscale: 1.258 | noise: 0.274
Iter 1910 | Loss:  217.228 | lengthscale: 448.381 | outputscale: 1.265 | noise: 0.274
Iter 1920 | Loss:  217.121 | lengthscale: 451.985 | outputscale: 1.272 | noise: 0.274
Iter 1930 | Loss:  217.005 | lengthscale: 455.597 | outputscale: 1.280 | noise: 0.274
Iter 1940 | Loss:  216.896 | lengthscale: 459.219 | outputscale: 1.287 | noise: 0.274
Iter 1950 | Loss:  216.786 | lengthscale: 462.847 | outputscale: 1.295 | noise: 0.274
Iter 1960 | Loss:  216.671 | lengthscale: 466.483 | outputscale: 1.303 | noise: 0.274
Iter 1970 | Loss:  216.568 | lengthscale: 470.124 | outputscale: 1.311 | noise: 0.274
Iter 1980 | Loss:  216.457 | lengthscale: 473.772 | outputscale: 1.319 | noise: 0.274
Iter 1990 | Loss:  216.354 | lengthscale: 477.424 | outputscale: 1.327 | noise: 0.274
Iter 2000 | Loss:  216.253 | lengthscale: 481.079 | outputscale: 1.336 | noise: 0.274
Iter 2010 | Loss:  216.146 | lengthscale: 484.737 | outputscale: 1.345 | noise: 0.274
Iter 2020 | Loss:  216.047 | lengthscale: 488.397 | outputscale: 1.353 | noise: 0.274
Iter 2030 | Loss:  215.947 | lengthscale: 492.057 | outputscale: 1.362 | noise: 0.274
Iter 2040 | Loss:  215.844 | lengthscale: 495.718 | outputscale: 1.372 | noise: 0.274
Iter 2050 | Loss:  215.747 | lengthscale: 499.379 | outputscale: 1.381 | noise: 0.274
Iter 2060 | Loss:  215.646 | lengthscale: 503.038 | outputscale: 1.391 | noise: 0.274
Iter 2070 | Loss:  215.550 | lengthscale: 506.695 | outputscale: 1.400 | noise: 0.274
Iter 2080 | Loss:  215.456 | lengthscale: 510.350 | outputscale: 1.410 | noise: 0.274
Iter 2090 | Loss:  215.359 | lengthscale: 514.001 | outputscale: 1.420 | noise: 0.274
Iter 2100 | Loss:  215.269 | lengthscale: 517.648 | outputscale: 1.430 | noise: 0.274
Iter 2110 | Loss:  215.179 | lengthscale: 521.288 | outputscale: 1.441 | noise: 0.274
Iter 2120 | Loss:  215.094 | lengthscale: 524.923 | outputscale: 1.452 | noise: 0.274
Iter 2130 | Loss:  214.992 | lengthscale: 528.551 | outputscale: 1.462 | noise: 0.274
Iter 2140 | Loss:  214.912 | lengthscale: 532.171 | outputscale: 1.473 | noise: 0.274
Iter 2150 | Loss:  214.821 | lengthscale: 535.784 | outputscale: 1.485 | noise: 0.274
Iter 2160 | Loss:  214.745 | lengthscale: 539.389 | outputscale: 1.496 | noise: 0.274
Iter 2170 | Loss:  214.650 | lengthscale: 542.985 | outputscale: 1.508 | noise: 0.274
Iter 2180 | Loss:  214.567 | lengthscale: 546.570 | outputscale: 1.520 | noise: 0.274
Iter 2190 | Loss:  214.480 | lengthscale: 550.147 | outputscale: 1.532 | noise: 0.274
Iter 2200 | Loss:  214.393 | lengthscale: 553.713 | outputscale: 1.544 | noise: 0.274
Iter 2210 | Loss:  214.320 | lengthscale: 557.267 | outputscale: 1.557 | noise: 0.274
Iter 2220 | Loss:  214.243 | lengthscale: 560.811 | outputscale: 1.570 | noise: 0.274
Iter 2230 | Loss:  214.156 | lengthscale: 564.344 | outputscale: 1.583 | noise: 0.274
Iter 2240 | Loss:  214.073 | lengthscale: 567.866 | outputscale: 1.596 | noise: 0.274
Iter 2250 | Loss:  214.007 | lengthscale: 571.376 | outputscale: 1.610 | noise: 0.274
Iter 2260 | Loss:  213.912 | lengthscale: 574.874 | outputscale: 1.624 | noise: 0.274
Iter 2270 | Loss:  213.841 | lengthscale: 578.361 | outputscale: 1.638 | noise: 0.274
Iter 2280 | Loss:  213.766 | lengthscale: 581.834 | outputscale: 1.652 | noise: 0.274
Iter 2290 | Loss:  213.687 | lengthscale: 585.294 | outputscale: 1.667 | noise: 0.274
Iter 2300 | Loss:  213.591 | lengthscale: 588.741 | outputscale: 1.682 | noise: 0.274
Iter 2310 | Loss:  213.525 | lengthscale: 592.173 | outputscale: 1.697 | noise: 0.274
Iter 2320 | Loss:  213.458 | lengthscale: 595.593 | outputscale: 1.712 | noise: 0.274
Iter 2330 | Loss:  213.397 | lengthscale: 598.999 | outputscale: 1.728 | noise: 0.274
Iter 2340 | Loss:  213.312 | lengthscale: 602.395 | outputscale: 1.744 | noise: 0.274
Iter 2350 | Loss:  213.232 | lengthscale: 605.775 | outputscale: 1.761 | noise: 0.274
Iter 2360 | Loss:  213.161 | lengthscale: 609.142 | outputscale: 1.777 | noise: 0.274
Iter 2370 | Loss:  213.093 | lengthscale: 612.497 | outputscale: 1.795 | noise: 0.274
Iter 2380 | Loss:  213.017 | lengthscale: 615.838 | outputscale: 1.812 | noise: 0.274
Iter 2390 | Loss:  212.940 | lengthscale: 619.165 | outputscale: 1.830 | noise: 0.274
Iter 2400 | Loss:  212.864 | lengthscale: 622.480 | outputscale: 1.848 | noise: 0.274
Iter 2410 | Loss:  212.787 | lengthscale: 625.780 | outputscale: 1.867 | noise: 0.273
Iter 2420 | Loss:  212.719 | lengthscale: 629.066 | outputscale: 1.886 | noise: 0.273
Iter 2430 | Loss:  212.649 | lengthscale: 632.337 | outputscale: 1.906 | noise: 0.273
Iter 2440 | Loss:  212.564 | lengthscale: 635.594 | outputscale: 1.926 | noise: 0.273
Iter 2450 | Loss:  212.510 | lengthscale: 638.840 | outputscale: 1.946 | noise: 0.273
Iter 2460 | Loss:  212.440 | lengthscale: 642.072 | outputscale: 1.968 | noise: 0.273
Iter 2470 | Loss:  212.349 | lengthscale: 645.288 | outputscale: 1.989 | noise: 0.273
Iter 2480 | Loss:  212.267 | lengthscale: 648.492 | outputscale: 2.011 | noise: 0.273
Iter 2490 | Loss:  212.202 | lengthscale: 651.679 | outputscale: 2.034 | noise: 0.273
Iter 2499 | Loss:  212.120 | lengthscale: 654.530 | outputscale: 2.055 | noise: 0.273
Learned Hyperparams:  {'lengthscale': 654.5302124023438, 'outputscale': 2.054840564727783, 'noise': 0.27330371737480164, 'marginal_likelihood_loss_history': [2756.96142578125, 2744.3466796875, 2732.308837890625, 2720.844970703125, 2709.9501953125, 2699.6181640625, 2689.84130859375, 2680.610595703125, 2671.91552734375, 2663.744140625, 2656.083740234375, 2648.91943359375, 2642.23583984375, 2636.0166015625, 2630.24365234375, 2624.89892578125, 2619.962890625, 2615.416015625, 2611.2373046875, 2607.406982421875, 2603.903076171875, 2600.70458984375, 2597.791015625, 2595.140380859375, 2592.732421875, 2590.54638671875, 2588.56201171875, 2586.76025390625, 2585.121826171875, 2583.62841796875, 2582.262451171875, 2581.00732421875, 2579.84716796875, 2578.7666015625, 2577.751953125, 2576.789306640625, 2575.86669921875, 2574.97265625, 2574.09619140625, 2573.2275390625, 2572.357421875, 2571.4775390625, 2570.58056640625, 2569.65869140625, 2568.7060546875, 2567.716552734375, 2566.6845703125, 2565.60546875, 2564.474609375, 2563.286865234375, 2562.0390625, 2560.7265625, 2559.34619140625, 2557.8935546875, 2556.365966796875, 2554.75927734375, 2553.06982421875, 2551.2939453125, 2549.427734375, 2547.4677734375, 2545.4091796875, 2543.24853515625, 2540.98046875, 2538.600341796875, 2536.103515625, 2533.484375, 2530.73779296875, 2527.857177734375, 2524.8369140625, 2521.669921875, 2518.349609375, 2514.869140625, 2511.22021484375, 2507.3955078125, 2503.38623046875, 2499.18408203125, 2494.77978515625, 2490.1640625, 2485.3271484375, 2480.25927734375, 2474.94921875, 2469.38671875, 2463.560546875, 2457.458984375, 2451.0703125, 2444.38232421875, 2437.383056640625, 2430.059814453125, 2422.39990234375, 2414.390380859375, 2406.0185546875, 2397.271728515625, 2388.13671875, 2378.6005859375, 2368.651611328125, 2358.27685546875, 2347.46435546875, 2336.203125, 2324.4814453125, 2312.289306640625, 2299.616455078125, 2286.454345703125, 2272.79443359375, 2258.62939453125, 2243.953125, 2228.7607421875, 2213.047607421875, 2196.81201171875, 2180.052978515625, 2162.77099609375, 2144.968505859375, 2126.650146484375, 2107.82275390625, 2088.49462890625, 2068.677734375, 2048.38623046875, 2027.63623046875, 2006.447998046875, 1984.84423828125, 1962.8509521484375, 1940.49755859375, 1917.8160400390625, 1894.842529296875, 1871.615234375, 1848.1759033203125, 1824.5682373046875, 1800.838134765625, 1777.0322265625, 1753.19775390625, 1729.3804931640625, 1705.624267578125, 1681.9681396484375, 1658.4453125, 1635.0819091796875, 1611.894287109375, 1588.890380859375, 1566.0692138671875, 1543.4241943359375, 1520.9443359375, 1498.6207275390625, 1476.447021484375, 1454.4228515625, 1432.55419921875, 1410.853271484375, 1389.337158203125, 1368.0255126953125, 1346.939453125, 1326.099853515625, 1305.5263671875, 1285.23779296875, 1265.2509765625, 1245.5814208984375, 1226.244384765625, 1207.255615234375, 1188.630615234375, 1170.385986328125, 1152.537841796875, 1135.1007080078125, 1118.08740234375, 1101.50634765625, 1085.3604736328125, 1069.646240234375, 1054.35205078125, 1039.4593505859375, 1024.943603515625, 1010.7760009765625, 996.926513671875, 983.3665771484375, 970.0733032226562, 957.0296630859375, 944.22802734375, 931.6680908203125, 919.3573608398438, 907.3082275390625, 895.5352783203125, 884.053955078125, 872.8770751953125, 862.01318359375, 851.4652099609375, 841.229248046875, 831.296142578125, 821.65185546875, 812.27880859375, 803.158935546875, 794.27490234375, 785.6117553710938, 777.1583251953125, 768.9066772460938, 760.8527221679688, 752.9942626953125, 745.3301391601562, 737.8590087890625, 730.5789794921875, 723.4857177734375, 716.5734252929688, 709.8347778320312, 703.2608642578125, 696.843017578125, 690.5725708007812, 684.4422607421875, 678.44580078125, 672.5786743164062, 666.83740234375, 661.2202758789062, 655.7257080078125, 650.3521728515625, 645.097412109375, 639.95947265625, 634.9354248046875, 630.0215454101562, 625.2140502929688, 620.50927734375, 615.9036865234375, 611.39404296875, 606.9769287109375, 602.6507568359375, 598.4132080078125, 594.26220703125, 590.1964111328125, 586.21337890625, 582.3110961914062, 578.4873046875, 574.7392578125, 571.06494140625, 567.4609985351562, 563.9260864257812, 560.457275390625, 557.052978515625, 553.7109375, 550.4295654296875, 547.2073974609375, 544.042724609375, 540.933837890625, 537.8787231445312, 534.8760375976562, 531.9239501953125, 529.0208740234375, 526.1651611328125, 523.3551025390625, 520.589599609375, 517.8677978515625, 515.1876220703125, 512.5482788085938, 509.9488525390625, 507.387939453125, 504.8646240234375, 502.378173828125, 499.92718505859375, 497.5106201171875, 495.1278076171875, 492.7779541015625, 490.4600830078125, 488.1734619140625, 485.9176025390625, 483.6917724609375, 481.495361328125, 479.328125, 477.1885986328125, 475.07720947265625, 472.99267578125, 470.9346923828125, 468.9034423828125, 466.8978271484375, 464.9171142578125, 462.96148681640625, 461.03033447265625, 459.12322998046875, 457.23980712890625, 455.380126953125, 453.5428466796875, 451.728759765625, 449.9364013671875, 448.1663818359375, 446.41748046875, 444.69036865234375, 442.98388671875, 441.2977294921875, 439.632080078125, 437.986572265625, 436.3602294921875, 434.753662109375, 433.1658935546875, 431.59716796875, 430.046630859375, 428.51483154296875, 427.00048828125, 425.50390625, 424.0250244140625, 422.56268310546875, 421.11767578125, 419.68902587890625, 418.2767333984375, 416.8807373046875, 415.5001220703125, 414.13568115234375, 412.78656005859375, 411.45257568359375, 410.13330078125, 408.82879638671875, 407.5386962890625, 406.2626953125, 405.00079345703125, 403.7530517578125, 402.51800537109375, 401.29681396484375, 400.0887451171875, 398.89349365234375, 397.71112060546875, 396.54107666015625, 395.3834228515625, 394.23748779296875, 393.10406494140625, 391.98193359375, 390.87176513671875, 389.77252197265625, 388.68487548828125, 387.608154296875, 386.54205322265625, 385.48681640625, 384.44244384765625, 383.40826416015625, 382.38446044921875, 381.3707275390625, 380.36688232421875, 379.373291015625, 378.3892822265625, 377.41473388671875, 376.449951171875, 375.494384765625, 374.5479736328125, 373.61102294921875, 372.68365478515625, 371.7647705078125, 370.8551025390625, 369.95379638671875, 369.0614013671875, 368.1781005859375, 367.30267333984375, 366.43597412109375, 365.57763671875, 364.72784423828125, 363.88623046875, 363.052490234375, 362.22705078125, 361.4095458984375, 360.59930419921875, 359.79754638671875, 359.00347900390625, 358.21697998046875, 357.43792724609375, 356.666259765625, 355.90234375, 355.14520263671875, 354.3961181640625, 353.65380859375, 352.91845703125, 352.1903076171875, 351.4686279296875, 350.7542724609375, 350.0465087890625, 349.3458251953125, 348.651123046875, 347.9627685546875, 347.2811279296875, 346.6060791015625, 345.9371337890625, 345.2742919921875, 344.6173095703125, 343.967041015625, 343.3221435546875, 342.68310546875, 342.0499267578125, 341.4227294921875, 340.800537109375, 340.1846923828125, 339.5736083984375, 338.9686279296875, 338.3680419921875, 337.773681640625, 337.1834716796875, 336.599365234375, 336.0196533203125, 335.4451904296875, 334.8758544921875, 334.3106689453125, 333.7503662109375, 333.19580078125, 332.6451416015625, 332.0992431640625, 331.5572509765625, 331.02001953125, 330.4873046875, 329.9591064453125, 329.4351806640625, 328.91552734375, 328.399658203125, 327.8878173828125, 327.3807373046875, 326.8768310546875, 326.3768310546875, 325.8812255859375, 325.3895263671875, 324.9010009765625, 324.4168701171875, 323.9359130859375, 323.4593505859375, 322.9854736328125, 322.5157470703125, 322.049072265625, 321.5855712890625, 321.1265869140625, 320.6702880859375, 320.2174072265625, 319.767333984375, 319.3209228515625, 318.87744140625, 318.4376220703125, 318.0006103515625, 317.5667724609375, 317.1356201171875, 316.7078857421875, 316.282958984375, 315.8607177734375, 315.4417724609375, 315.025146484375, 314.6121826171875, 314.20166015625, 313.7938232421875, 313.388671875, 312.9862060546875, 312.586669921875, 312.1895751953125, 311.7955322265625, 311.404296875, 311.0150146484375, 310.6287841796875, 310.2447509765625, 309.8636474609375, 309.48486328125, 309.1090087890625, 308.7352294921875, 308.3638916015625, 307.9949951171875, 307.628173828125, 307.2647705078125, 306.90283203125, 306.5433349609375, 306.1871337890625, 305.8323974609375, 305.479736328125, 305.1297607421875, 304.782470703125, 304.4365234375, 304.0941162109375, 303.7535400390625, 303.4149169921875, 303.0784912109375, 302.744384765625, 302.412109375, 302.0821533203125, 301.754638671875, 301.4288330078125, 301.1048583984375, 300.782958984375, 300.4642333984375, 300.1461181640625, 299.831298828125, 299.5177001953125, 299.2056884765625, 298.8963623046875, 298.5885009765625, 298.28271484375, 297.9788818359375, 297.6763916015625, 297.37646484375, 297.0775146484375, 296.7813720703125, 296.4871826171875, 296.1939697265625, 295.9022216796875, 295.6126708984375, 295.3248291015625, 295.0386962890625, 294.753662109375, 294.47119140625, 294.1890869140625, 293.910400390625, 293.6319580078125, 293.355224609375, 293.079833984375, 292.806640625, 292.534423828125, 292.2635498046875, 291.9945068359375, 291.727294921875, 291.460693359375, 291.1959228515625, 290.93212890625, 290.67041015625, 290.40966796875, 290.1505126953125, 289.8917236328125, 289.6358642578125, 289.38134765625, 289.12646484375, 288.8736572265625, 288.6220703125, 288.372802734375, 288.123291015625, 287.875732421875, 287.628662109375, 287.3841552734375, 287.1400146484375, 286.8974609375, 286.6556396484375, 286.4149169921875, 286.17578125, 285.9373779296875, 285.7005615234375, 285.465087890625, 285.2301025390625, 284.99755859375, 284.7650146484375, 284.5340576171875, 284.303955078125, 284.0751953125, 283.84716796875, 283.6209716796875, 283.3956298828125, 283.1715087890625, 282.9481201171875, 282.7261962890625, 282.5052490234375, 282.28564453125, 282.0670166015625, 281.8489990234375, 281.633056640625, 281.4168701171875, 281.20361328125, 280.989501953125, 280.7789306640625, 280.5672607421875, 280.3575439453125, 280.1490478515625, 279.9412841796875, 279.7349853515625, 279.5301513671875, 279.325927734375, 279.1224365234375, 278.92041015625, 278.7205810546875, 278.5206298828125, 278.3231201171875, 278.12548828125, 277.929443359375, 277.734375, 277.5399169921875, 277.3472900390625, 277.155517578125, 276.9647216796875, 276.7763671875, 276.5875244140625, 276.401611328125, 276.2152099609375, 276.0303955078125, 275.846923828125, 275.664794921875, 275.48388671875, 275.3031005859375, 275.1248779296875, 274.9464111328125, 274.7696533203125, 274.5960693359375, 274.421142578125, 274.2476806640625, 274.0760498046875, 273.9053955078125, 273.7371826171875, 273.5675048828125, 273.400146484375, 273.2349853515625, 273.0694580078125, 272.906982421875, 272.7437744140625, 272.5828857421875, 272.4228515625, 272.26318359375, 272.1063232421875, 271.949462890625, 271.794677734375, 271.6405029296875, 271.4879150390625, 271.336669921875, 271.18603515625, 271.0364990234375, 270.8870849609375, 270.7413330078125, 270.594970703125, 270.4505615234375, 270.3070068359375, 270.1644287109375, 270.0240478515625, 269.8837890625, 269.7451171875, 269.6072998046875, 269.470703125, 269.3355712890625, 269.2017822265625, 269.068115234375, 268.936767578125, 268.8067626953125, 268.676025390625, 268.5479736328125, 268.4212646484375, 268.2945556640625, 268.1697998046875, 268.0450439453125, 267.923828125, 267.8011474609375, 267.6800537109375, 267.56005859375, 267.4422607421875, 267.3255615234375, 267.2086181640625, 267.09326171875, 266.978271484375, 266.8641357421875, 266.7530517578125, 266.6407470703125, 266.531494140625, 266.422607421875, 266.3138427734375, 266.20654296875, 266.099853515625, 265.9937744140625, 265.889892578125, 265.787109375, 265.684326171875, 265.5838623046875, 265.482666015625, 265.3837890625, 265.284423828125, 265.186279296875, 265.090087890625, 264.994140625, 264.8994140625, 264.8050537109375, 264.7109375, 264.6199951171875, 264.528076171875, 264.4364013671875, 264.3460693359375, 264.25830078125, 264.1680908203125, 264.0809326171875, 263.9949951171875, 263.9095458984375, 263.8238525390625, 263.7381591796875, 263.6556396484375, 263.5721435546875, 263.4896240234375, 263.4090576171875, 263.3280029296875, 263.247314453125, 263.168212890625, 263.087890625, 263.010498046875, 262.933349609375, 262.8564453125, 262.7803955078125, 262.7039794921875, 262.628662109375, 262.5550537109375, 262.4801025390625, 262.408935546875, 262.3348388671875, 262.2623291015625, 262.191162109375, 262.1214599609375, 262.0513916015625, 261.9813232421875, 261.912841796875, 261.8438720703125, 261.7760009765625, 261.7078857421875, 261.6414794921875, 261.5751953125, 261.5089111328125, 261.44287109375, 261.3785400390625, 261.313720703125, 261.250732421875, 261.1864013671875, 261.1220703125, 261.061279296875, 260.9970703125, 260.936279296875, 260.8756103515625, 260.8145751953125, 260.7525634765625, 260.6929931640625, 260.6334228515625, 260.5733642578125, 260.51513671875, 260.4554443359375, 260.396240234375, 260.3399658203125, 260.28271484375, 260.2244873046875, 260.1673583984375, 260.1121826171875, 260.0557861328125, 260.001220703125, 259.9449462890625, 259.8892822265625, 259.8348388671875, 259.7803955078125, 259.7249755859375, 259.672119140625, 259.617919921875, 259.5645751953125, 259.5126953125, 259.4593505859375, 259.4072265625, 259.355224609375, 259.3028564453125, 259.2510986328125, 259.20068359375, 259.1494140625, 259.0989990234375, 259.048828125, 258.998046875, 258.948974609375, 258.8978271484375, 258.8497314453125, 258.7994384765625, 258.7515869140625, 258.7020263671875, 258.65380859375, 258.6060791015625, 258.556640625, 258.5091552734375, 258.4613037109375, 258.4141845703125, 258.3668212890625, 258.3194580078125, 258.2725830078125, 258.2261962890625, 258.1798095703125, 258.1324462890625, 258.0863037109375, 258.0408935546875, 257.9951171875, 257.9495849609375, 257.9044189453125, 257.8594970703125, 257.8128662109375, 257.7689208984375, 257.724365234375, 257.6790771484375, 257.6343994140625, 257.5902099609375, 257.5467529296875, 257.502197265625, 257.4576416015625, 257.4146728515625, 257.370849609375, 257.328369140625, 257.2843017578125, 257.2420654296875, 257.1978759765625, 257.1561279296875, 257.1129150390625, 257.0699462890625, 257.0274658203125, 256.9853515625, 256.9423828125, 256.9013671875, 256.8580322265625, 256.81591796875, 256.7728271484375, 256.7318115234375, 256.6895751953125, 256.6478271484375, 256.606201171875, 256.5655517578125, 256.5238037109375, 256.4840087890625, 256.4412841796875, 256.401123046875, 256.3599853515625, 256.3179931640625, 256.2779541015625, 256.2364501953125, 256.1968994140625, 256.1551513671875, 256.1141357421875, 256.0745849609375, 256.03369140625, 255.9937744140625, 255.954345703125, 255.9136962890625, 255.8739013671875, 255.8328857421875, 255.79296875, 255.752685546875, 255.7130126953125, 255.6732177734375, 255.63330078125, 255.593505859375, 255.552490234375, 255.514404296875, 255.4732666015625, 255.4334716796875, 255.3944091796875, 255.35546875, 255.313232421875, 255.2752685546875, 255.235595703125, 255.1962890625, 255.1573486328125, 255.1162109375, 255.0770263671875, 255.037353515625, 254.9974365234375, 254.9578857421875, 254.9197998046875, 254.881103515625, 254.8397216796875, 254.799560546875, 254.7608642578125, 254.7220458984375, 254.6817626953125, 254.6424560546875, 254.6033935546875, 254.56298828125, 254.5235595703125, 254.4840087890625, 254.4443359375, 254.4046630859375, 254.3646240234375, 254.324951171875, 254.28564453125, 254.2471923828125, 254.2066650390625, 254.1656494140625, 254.126220703125, 254.0858154296875, 254.0467529296875, 254.0068359375, 253.966796875, 253.9271240234375, 253.8870849609375, 253.8463134765625, 253.805908203125, 253.7655029296875, 253.7257080078125, 253.685791015625, 253.6431884765625, 253.6038818359375, 253.5631103515625, 253.5216064453125, 253.4820556640625, 253.4405517578125, 253.4000244140625, 253.35986328125, 253.317626953125, 253.276611328125, 253.2359619140625, 253.1954345703125, 253.1529541015625, 253.1109619140625, 253.0677490234375, 253.0289306640625, 252.9847412109375, 252.943359375, 252.9019775390625, 252.85888671875, 252.81640625, 252.7735595703125, 252.7315673828125, 252.68896484375, 252.64501953125, 252.602294921875, 252.5596923828125, 252.5155029296875, 252.4730224609375, 252.4315185546875, 252.3846435546875, 252.3408203125, 252.2982177734375, 252.25244140625, 252.20849609375, 252.1624755859375, 252.120361328125, 252.0743408203125, 252.0299072265625, 251.9827880859375, 251.9395751953125, 251.8934326171875, 251.8497314453125, 251.8011474609375, 251.75634765625, 251.7086181640625, 251.663818359375, 251.6165771484375, 251.5699462890625, 251.5224609375, 251.4755859375, 251.4271240234375, 251.3814697265625, 251.3328857421875, 251.2818603515625, 251.2347412109375, 251.1861572265625, 251.1368408203125, 251.0888671875, 251.0380859375, 250.9891357421875, 250.9383544921875, 250.8887939453125, 250.8389892578125, 250.7872314453125, 250.7353515625, 250.6876220703125, 250.6373291015625, 250.5828857421875, 250.5323486328125, 250.4801025390625, 250.4266357421875, 250.3760986328125, 250.3218994140625, 250.2698974609375, 250.21533203125, 250.1629638671875, 250.1097412109375, 250.0552978515625, 249.999267578125, 249.9437255859375, 249.8887939453125, 249.8345947265625, 249.7786865234375, 249.722900390625, 249.667724609375, 249.611328125, 249.5555419921875, 249.4979248046875, 249.4407958984375, 249.3834228515625, 249.3248291015625, 249.2669677734375, 249.2080078125, 249.1497802734375, 249.0908203125, 249.0303955078125, 248.9735107421875, 248.9114990234375, 248.8538818359375, 248.7899169921875, 248.7308349609375, 248.669189453125, 248.609130859375, 248.5467529296875, 248.4852294921875, 248.4237060546875, 248.3597412109375, 248.2987060546875, 248.2376708984375, 248.1729736328125, 248.10986328125, 248.045654296875, 247.9827880859375, 247.9176025390625, 247.8548583984375, 247.789306640625, 247.7249755859375, 247.6602783203125, 247.594482421875, 247.5281982421875, 247.462890625, 247.3975830078125, 247.3302001953125, 247.26513671875, 247.199462890625, 247.1328125, 247.0662841796875, 246.9984130859375, 246.9327392578125, 246.86474609375, 246.7947998046875, 246.7296142578125, 246.6622314453125, 246.5938720703125, 246.526611328125, 246.45751953125, 246.3905029296875, 246.321533203125, 246.2535400390625, 246.184326171875, 246.1141357421875, 246.0457763671875, 245.9757080078125, 245.9071044921875, 245.837646484375, 245.7686767578125, 245.6993408203125, 245.6298828125, 245.560546875, 245.4913330078125, 245.4241943359375, 245.3536376953125, 245.2830810546875, 245.2130126953125, 245.146240234375, 245.0765380859375, 245.0052490234375, 244.93359375, 244.865966796875, 244.7958984375, 244.7271728515625, 244.656494140625, 244.5880126953125, 244.5172119140625, 244.4482421875, 244.3800048828125, 244.31005859375, 244.2403564453125, 244.1732177734375, 244.1021728515625, 244.032470703125, 243.9638671875, 243.893798828125, 243.8260498046875, 243.7576904296875, 243.6873779296875, 243.6219482421875, 243.5521240234375, 243.4837646484375, 243.4149169921875, 243.34814453125, 243.2799072265625, 243.2100830078125, 243.142333984375, 243.07568359375, 243.0081787109375, 242.9393310546875, 242.8743896484375, 242.8057861328125, 242.739013671875, 242.669921875, 242.604248046875, 242.5369873046875, 242.4720458984375, 242.40576171875, 242.3406982421875, 242.2735595703125, 242.2076416015625, 242.1439208984375, 242.0775146484375, 242.0123291015625, 241.945068359375, 241.88037109375, 241.8150634765625, 241.753173828125, 241.6845703125, 241.6217041015625, 241.5567626953125, 241.492919921875, 241.4320068359375, 241.3670654296875, 241.301513671875, 241.2391357421875, 241.1754150390625, 241.1124267578125, 241.04833984375, 240.9881591796875, 240.9254150390625, 240.8616943359375, 240.7999267578125, 240.73974609375, 240.67529296875, 240.6156005859375, 240.5533447265625, 240.4940185546875, 240.4302978515625, 240.373046875, 240.3104248046875, 240.24951171875, 240.1881103515625, 240.1279296875, 240.0670166015625, 240.0084228515625, 239.9488525390625, 239.890380859375, 239.8323974609375, 239.7694091796875, 239.7110595703125, 239.655029296875, 239.5960693359375, 239.53662109375, 239.4796142578125, 239.4190673828125, 239.3629150390625, 239.3062744140625, 239.248046875, 239.1915283203125, 239.1326904296875, 239.076904296875, 239.0189208984375, 238.9639892578125, 238.9068603515625, 238.8502197265625, 238.794677734375, 238.7369384765625, 238.6832275390625, 238.62646484375, 238.5687255859375, 238.5157470703125, 238.4625244140625, 238.4063720703125, 238.3499755859375, 238.2952880859375, 238.2415771484375, 238.18798828125, 238.1346435546875, 238.0828857421875, 238.029296875, 237.974853515625, 237.9210205078125, 237.8697509765625, 237.818359375, 237.76220703125, 237.708984375, 237.6568603515625, 237.6060791015625, 237.5513916015625, 237.49853515625, 237.4466552734375, 237.3973388671875, 237.3460693359375, 237.294189453125, 237.24267578125, 237.1927490234375, 237.1409912109375, 237.0889892578125, 237.03857421875, 236.98974609375, 236.93798828125, 236.8878173828125, 236.8392333984375, 236.7869873046875, 236.737548828125, 236.6884765625, 236.6409912109375, 236.5909423828125, 236.5408935546875, 236.4908447265625, 236.443359375, 236.3924560546875, 236.34326171875, 236.2939453125, 236.246337890625, 236.1998291015625, 236.1524658203125, 236.103515625, 236.0538330078125, 236.0079345703125, 235.961669921875, 235.9124755859375, 235.86328125, 235.8175048828125, 235.7703857421875, 235.7232666015625, 235.672607421875, 235.6285400390625, 235.5828857421875, 235.5352783203125, 235.48876953125, 235.44091796875, 235.3975830078125, 235.3515625, 235.3028564453125, 235.259033203125, 235.2122802734375, 235.1668701171875, 235.1195068359375, 235.0750732421875, 235.0323486328125, 234.9866943359375, 234.939697265625, 234.8941650390625, 234.8470458984375, 234.8031005859375, 234.758544921875, 234.7113037109375, 234.6693115234375, 234.6231689453125, 234.5797119140625, 234.5341796875, 234.4896240234375, 234.4454345703125, 234.4034423828125, 234.356689453125, 234.3121337890625, 234.2691650390625, 234.224365234375, 234.180908203125, 234.138671875, 234.0926513671875, 234.051513671875, 234.0076904296875, 233.9622802734375, 233.9207763671875, 233.8748779296875, 233.8316650390625, 233.7886962890625, 233.74462890625, 233.700927734375, 233.6597900390625, 233.6165771484375, 233.5731201171875, 233.5308837890625, 233.4862060546875, 233.4449462890625, 233.4039306640625, 233.3629150390625, 233.3193359375, 233.2728271484375, 233.2335205078125, 233.1907958984375, 233.1470947265625, 233.1021728515625, 233.0615234375, 233.0216064453125, 232.9774169921875, 232.936767578125, 232.8927001953125, 232.8538818359375, 232.8082275390625, 232.7686767578125, 232.726318359375, 232.6834716796875, 232.6419677734375, 232.6002197265625, 232.557861328125, 232.5164794921875, 232.4759521484375, 232.433349609375, 232.3944091796875, 232.3524169921875, 232.3111572265625, 232.2703857421875, 232.2279052734375, 232.187255859375, 232.145751953125, 232.10498046875, 232.0621337890625, 232.0225830078125, 231.9803466796875, 231.9403076171875, 231.8985595703125, 231.85595703125, 231.8155517578125, 231.7757568359375, 231.73388671875, 231.6949462890625, 231.6519775390625, 231.6126708984375, 231.5723876953125, 231.532470703125, 231.4898681640625, 231.44921875, 231.4100341796875, 231.369873046875, 231.328857421875, 231.289306640625, 231.25, 231.2083740234375, 231.170166015625, 231.12890625, 231.090576171875, 231.0496826171875, 231.0113525390625, 230.9710693359375, 230.9285888671875, 230.8890380859375, 230.8482666015625, 230.8089599609375, 230.7681884765625, 230.7310791015625, 230.6868896484375, 230.648193359375, 230.6123046875, 230.5701904296875, 230.5330810546875, 230.49169921875, 230.455078125, 230.4156494140625, 230.3751220703125, 230.33349609375, 230.2974853515625, 230.2586669921875, 230.217529296875, 230.1776123046875, 230.13916015625, 230.099609375, 230.06201171875, 230.0213623046875, 229.9864501953125, 229.9451904296875, 229.908447265625, 229.8687744140625, 229.8323974609375, 229.791748046875, 229.7559814453125, 229.7177734375, 229.6829833984375, 229.6409912109375, 229.6021728515625, 229.5621337890625, 229.5250244140625, 229.4892578125, 229.4488525390625, 229.4119873046875, 229.3741455078125, 229.338134765625, 229.2987060546875, 229.2591552734375, 229.224853515625, 229.1883544921875, 229.148193359375, 229.113037109375, 229.07373046875, 229.0382080078125, 229.000244140625, 228.962890625, 228.928466796875, 228.8905029296875, 228.8553466796875, 228.8160400390625, 228.7818603515625, 228.7447509765625, 228.7042236328125, 228.6690673828125, 228.6341552734375, 228.5958251953125, 228.55908203125, 228.521240234375, 228.4847412109375, 228.453125, 228.4144287109375, 228.380615234375, 228.3447265625, 228.3067626953125, 228.2701416015625, 228.23681640625, 228.202880859375, 228.164306640625, 228.12890625, 228.0931396484375, 228.0582275390625, 228.0245361328125, 227.9849853515625, 227.9501953125, 227.916015625, 227.8814697265625, 227.8458251953125, 227.8126220703125, 227.77783203125, 227.74462890625, 227.7088623046875, 227.672607421875, 227.63525390625, 227.602783203125, 227.5677490234375, 227.5330810546875, 227.4989013671875, 227.4664306640625, 227.4310302734375, 227.3958740234375, 227.3592529296875, 227.32763671875, 227.29345703125, 227.26318359375, 227.2247314453125, 227.1903076171875, 227.157958984375, 227.126708984375, 227.08935546875, 227.0596923828125, 227.0218505859375, 226.9896240234375, 226.9569091796875, 226.9254150390625, 226.8909912109375, 226.8597412109375, 226.8223876953125, 226.7918701171875, 226.7581787109375, 226.7264404296875, 226.69140625, 226.6583251953125, 226.6260986328125, 226.593994140625, 226.560302734375, 226.5296630859375, 226.497314453125, 226.4644775390625, 226.435791015625, 226.399658203125, 226.364990234375, 226.3370361328125, 226.3043212890625, 226.2735595703125, 226.2435302734375, 226.2066650390625, 226.1776123046875, 226.1441650390625, 226.112548828125, 226.0814208984375, 226.0506591796875, 226.0283203125, 225.9888916015625, 225.9561767578125, 225.923583984375, 225.8919677734375, 225.865966796875, 225.833740234375, 225.802001953125, 225.771240234375, 225.7393798828125, 225.7132568359375, 225.6785888671875, 225.648681640625, 225.6181640625, 225.5906982421875, 225.5587158203125, 225.5264892578125, 225.49609375, 225.4649658203125, 225.435546875, 225.4031982421875, 225.3792724609375, 225.348388671875, 225.3209228515625, 225.289306640625, 225.2581787109375, 225.2294921875, 225.200439453125, 225.1702880859375, 225.1441650390625, 225.11279296875, 225.0848388671875, 225.056640625, 225.023193359375, 224.99658203125, 224.966796875, 224.940673828125, 224.9117431640625, 224.8828125, 224.8516845703125, 224.8262939453125, 224.79150390625, 224.7691650390625, 224.73779296875, 224.7108154296875, 224.6785888671875, 224.6522216796875, 224.62841796875, 224.5968017578125, 224.5689697265625, 224.5390625, 224.5167236328125, 224.4891357421875, 224.4620361328125, 224.4317626953125, 224.4063720703125, 224.374267578125, 224.3504638671875, 224.323974609375, 224.2933349609375, 224.2679443359375, 224.2384033203125, 224.212890625, 224.1842041015625, 224.1597900390625, 224.1314697265625, 224.1046142578125, 224.07861328125, 224.0533447265625, 224.0257568359375, 224.0010986328125, 223.97119140625, 223.945068359375, 223.92041015625, 223.89453125, 223.8704833984375, 223.8450927734375, 223.8170166015625, 223.7921142578125, 223.7711181640625, 223.7410888671875, 223.71533203125, 223.6881103515625, 223.664794921875, 223.6392822265625, 223.6173095703125, 223.5921630859375, 223.5673828125, 223.5367431640625, 223.5147705078125, 223.4874267578125, 223.4654541015625, 223.4405517578125, 223.4154052734375, 223.3883056640625, 223.365234375, 223.3375244140625, 223.3145751953125, 223.29150390625, 223.2655029296875, 223.2452392578125, 223.225341796875, 223.1971435546875, 223.1734619140625, 223.147705078125, 223.1263427734375, 223.1025390625, 223.0821533203125, 223.052001953125, 223.0323486328125, 223.003662109375, 222.9852294921875, 222.96484375, 222.930908203125, 222.91357421875, 222.8948974609375, 222.8685302734375, 222.8480224609375, 222.822998046875, 222.795166015625, 222.7760009765625, 222.7557373046875, 222.7376708984375, 222.71142578125, 222.6881103515625, 222.6651611328125, 222.6402587890625, 222.6236572265625, 222.6014404296875, 222.5760498046875, 222.5572509765625, 222.5323486328125, 222.5135498046875, 222.4932861328125, 222.46826171875, 222.450439453125, 222.4273681640625, 222.4044189453125, 222.38232421875, 222.361572265625, 222.342041015625, 222.325927734375, 222.2987060546875, 222.277587890625, 222.259521484375, 222.2396240234375, 222.2152099609375, 222.1995849609375, 222.1795654296875, 222.154052734375, 222.1337890625, 222.1129150390625, 222.0911865234375, 222.0745849609375, 222.0543212890625, 222.0330810546875, 222.01171875, 221.9918212890625, 221.9686279296875, 221.9549560546875, 221.92919921875, 221.9107666015625, 221.8917236328125, 221.8734130859375, 221.8497314453125, 221.8336181640625, 221.811767578125, 221.7900390625, 221.7730712890625, 221.7520751953125, 221.731689453125, 221.7178955078125, 221.6922607421875, 221.6768798828125, 221.66015625, 221.6385498046875, 221.6259765625, 221.6063232421875, 221.58642578125, 221.567138671875, 221.5452880859375, 221.531005859375, 221.5081787109375, 221.49072265625, 221.4747314453125, 221.4520263671875, 221.4320068359375, 221.412841796875, 221.3927001953125, 221.3759765625, 221.3560791015625, 221.3463134765625, 221.32421875, 221.3084716796875, 221.2899169921875, 221.2705078125, 221.25341796875, 221.2376708984375, 221.2186279296875, 221.2003173828125, 221.1839599609375, 221.1676025390625, 221.1475830078125, 221.1329345703125, 221.1136474609375, 221.1007080078125, 221.0777587890625, 221.0618896484375, 221.0413818359375, 221.0283203125, 221.0045166015625, 220.98681640625, 220.9810791015625, 220.958984375, 220.9454345703125, 220.927001953125, 220.908935546875, 220.8968505859375, 220.8709716796875, 220.8577880859375, 220.84765625, 220.8253173828125, 220.8074951171875, 220.7891845703125, 220.773681640625, 220.7607421875, 220.735595703125, 220.72998046875, 220.70849609375, 220.6912841796875, 220.6751708984375, 220.662353515625, 220.64697265625, 220.6265869140625, 220.6097412109375, 220.5963134765625, 220.5838623046875, 220.5653076171875, 220.5474853515625, 220.5308837890625, 220.5177001953125, 220.497802734375, 220.4853515625, 220.474365234375, 220.4527587890625, 220.44189453125, 220.421630859375, 220.408203125, 220.391845703125, 220.3751220703125, 220.3597412109375, 220.3448486328125, 220.328857421875, 220.3121337890625, 220.2938232421875, 220.2801513671875, 220.2667236328125, 220.250244140625, 220.241455078125, 220.2203369140625, 220.205810546875, 220.1923828125, 220.17431640625, 220.1610107421875, 220.1392822265625, 220.1282958984375, 220.112060546875, 220.1021728515625, 220.0858154296875, 220.0701904296875, 220.0576171875, 220.0401611328125, 220.0218505859375, 220.0062255859375, 219.9937744140625, 219.9788818359375, 219.9683837890625, 219.949462890625, 219.937744140625, 219.918212890625, 219.9093017578125, 219.8966064453125, 219.8792724609375, 219.8665771484375, 219.848876953125, 219.8375244140625, 219.8238525390625, 219.8079833984375, 219.7943115234375, 219.7803955078125, 219.7598876953125, 219.752197265625, 219.7391357421875, 219.72216796875, 219.7080078125, 219.691162109375, 219.673828125, 219.6588134765625, 219.64697265625, 219.6312255859375, 219.6187744140625, 219.6094970703125, 219.594970703125, 219.575927734375, 219.5692138671875, 219.5496826171875, 219.5384521484375, 219.5201416015625, 219.5050048828125, 219.4937744140625, 219.48681640625, 219.4718017578125, 219.4481201171875, 219.4383544921875, 219.4256591796875, 219.4075927734375, 219.3944091796875, 219.3861083984375, 219.3743896484375, 219.351318359375, 219.3406982421875, 219.3240966796875, 219.309326171875, 219.2967529296875, 219.2872314453125, 219.2738037109375, 219.2559814453125, 219.2440185546875, 219.2374267578125, 219.2205810546875, 219.2044677734375, 219.1934814453125, 219.176513671875, 219.161376953125, 219.147705078125, 219.1348876953125, 219.1234130859375, 219.1114501953125, 219.0970458984375, 219.0888671875, 219.0726318359375, 219.056640625, 219.04541015625, 219.0294189453125, 219.012451171875, 219.00341796875, 218.98583984375, 218.9693603515625, 218.964111328125, 218.949951171875, 218.93408203125, 218.9176025390625, 218.9085693359375, 218.8978271484375, 218.88525390625, 218.8690185546875, 218.8536376953125, 218.8387451171875, 218.832275390625, 218.808349609375, 218.7994384765625, 218.791015625, 218.7802734375, 218.7603759765625, 218.750732421875, 218.7364501953125, 218.728271484375, 218.7110595703125, 218.6961669921875, 218.686279296875, 218.671142578125, 218.6619873046875, 218.6483154296875, 218.6341552734375, 218.619384765625, 218.6092529296875, 218.59033203125, 218.57958984375, 218.5654296875, 218.5633544921875, 218.549072265625, 218.5303955078125, 218.5155029296875, 218.507080078125, 218.4935302734375, 218.4803466796875, 218.4708251953125, 218.4505615234375, 218.4439697265625, 218.427001953125, 218.417236328125, 218.404052734375, 218.3961181640625, 218.37841796875, 218.3648681640625, 218.3531494140625, 218.3436279296875, 218.3367919921875, 218.3221435546875, 218.3055419921875, 218.2906494140625, 218.2821044921875, 218.26708984375, 218.24755859375, 218.2423095703125, 218.2298583984375, 218.2181396484375, 218.205810546875, 218.1917724609375, 218.18408203125, 218.165283203125, 218.1571044921875, 218.1397705078125, 218.1351318359375, 218.1192626953125, 218.1026611328125, 218.0936279296875, 218.0772705078125, 218.0684814453125, 218.048583984375, 218.0355224609375, 218.0238037109375, 218.0146484375, 218.0059814453125, 217.98779296875, 217.978271484375, 217.964111328125, 217.9561767578125, 217.9481201171875, 217.9273681640625, 217.9195556640625, 217.8988037109375, 217.8934326171875, 217.880859375, 217.8641357421875, 217.8587646484375, 217.844970703125, 217.8282470703125, 217.81689453125, 217.810546875, 217.7962646484375, 217.7841796875, 217.767822265625, 217.764404296875, 217.7542724609375, 217.7349853515625, 217.7259521484375, 217.7081298828125, 217.7044677734375, 217.696533203125, 217.6763916015625, 217.6644287109375, 217.6566162109375, 217.6424560546875, 217.6318359375, 217.6170654296875, 217.604736328125, 217.600830078125, 217.5765380859375, 217.570068359375, 217.5628662109375, 217.5460205078125, 217.542724609375, 217.5235595703125, 217.5177001953125, 217.50341796875, 217.4937744140625, 217.4754638671875, 217.4644775390625, 217.4527587890625, 217.439453125, 217.43359375, 217.4158935546875, 217.4066162109375, 217.3934326171875, 217.3809814453125, 217.3741455078125, 217.359375, 217.3494873046875, 217.3375244140625, 217.323974609375, 217.31640625, 217.2940673828125, 217.2869873046875, 217.2808837890625, 217.2655029296875, 217.251953125, 217.2413330078125, 217.2279052734375, 217.2218017578125, 217.2039794921875, 217.2041015625, 217.1871337890625, 217.1767578125, 217.1632080078125, 217.1531982421875, 217.1375732421875, 217.1309814453125, 217.1207275390625, 217.1026611328125, 217.0950927734375, 217.0845947265625, 217.0711669921875, 217.060302734375, 217.05224609375, 217.0352783203125, 217.01953125, 217.0150146484375, 217.0050048828125, 216.9940185546875, 216.98291015625, 216.96533203125, 216.96484375, 216.9488525390625, 216.9273681640625, 216.9278564453125, 216.9141845703125, 216.9017333984375, 216.8961181640625, 216.890380859375, 216.869384765625, 216.8558349609375, 216.8470458984375, 216.83984375, 216.8297119140625, 216.8189697265625, 216.7998046875, 216.7969970703125, 216.7862548828125, 216.7735595703125, 216.7642822265625, 216.7529296875, 216.7410888671875, 216.7276611328125, 216.7166748046875, 216.705322265625, 216.6959228515625, 216.6861572265625, 216.6707763671875, 216.661865234375, 216.649658203125, 216.6373291015625, 216.626953125, 216.6160888671875, 216.6065673828125, 216.5966796875, 216.582275390625, 216.5770263671875, 216.568359375, 216.5582275390625, 216.5472412109375, 216.531005859375, 216.5244140625, 216.5084228515625, 216.502685546875, 216.4849853515625, 216.4754638671875, 216.472900390625, 216.457275390625, 216.442138671875, 216.4403076171875, 216.4285888671875, 216.41650390625, 216.409912109375, 216.395263671875, 216.3905029296875, 216.3768310546875, 216.362060546875, 216.3544921875, 216.34814453125, 216.3310546875, 216.32177734375, 216.31640625, 216.2962646484375, 216.2862548828125, 216.2825927734375, 216.2672119140625, 216.2645263671875, 216.2528076171875, 216.23681640625, 216.2301025390625, 216.2138671875, 216.2108154296875, 216.1961669921875, 216.1910400390625, 216.1781005859375, 216.1712646484375, 216.1490478515625, 216.1455078125, 216.13232421875, 216.1246337890625, 216.1083984375, 216.103515625, 216.0950927734375, 216.0855712890625, 216.0831298828125, 216.0657958984375, 216.0552978515625, 216.046630859375, 216.0294189453125, 216.0203857421875, 216.0123291015625, 216.0032958984375, 215.9989013671875, 215.9835205078125, 215.974853515625, 215.9652099609375, 215.9566650390625, 215.9466552734375, 215.9329833984375, 215.9178466796875, 215.9111328125, 215.9022216796875, 215.890869140625, 215.884521484375, 215.875, 215.8641357421875, 215.8511962890625, 215.84375, 215.834228515625, 215.8231201171875, 215.8150634765625, 215.8013916015625, 215.7935791015625, 215.7818603515625, 215.7744140625, 215.7662353515625, 215.7574462890625, 215.747314453125, 215.7347412109375, 215.722412109375, 215.7178955078125, 215.7047119140625, 215.69482421875, 215.68603515625, 215.6767578125, 215.6676025390625, 215.66162109375, 215.6456298828125, 215.6395263671875, 215.6290283203125, 215.6197509765625, 215.6043701171875, 215.5919189453125, 215.588623046875, 215.579345703125, 215.5731201171875, 215.5614013671875, 215.5504150390625, 215.546142578125, 215.5313720703125, 215.5196533203125, 215.5062255859375, 215.5040283203125, 215.4884033203125, 215.4898681640625, 215.4747314453125, 215.4659423828125, 215.4560546875, 215.4381103515625, 215.4364013671875, 215.4329833984375, 215.413330078125, 215.405029296875, 215.4068603515625, 215.3914794921875, 215.3868408203125, 215.3699951171875, 215.359130859375, 215.3538818359375, 215.3453369140625, 215.3345947265625, 215.3201904296875, 215.3160400390625, 215.3087158203125, 215.296875, 215.2867431640625, 215.2796630859375, 215.2685546875, 215.2535400390625, 215.24951171875, 215.23974609375, 215.2286376953125, 215.2186279296875, 215.2176513671875, 215.1976318359375, 215.1947021484375, 215.1866455078125, 215.1790771484375, 215.1712646484375, 215.16357421875, 215.1512451171875, 215.1390380859375, 215.1392822265625, 215.1241455078125, 215.1163330078125, 215.102783203125, 215.100830078125, 215.0938720703125, 215.080810546875, 215.0706787109375, 215.0587158203125, 215.0501708984375, 215.0460205078125, 215.0362548828125, 215.009765625, 215.0096435546875, 215.0081787109375, 214.9915771484375, 214.9915771484375, 214.9771728515625, 214.9613037109375, 214.96142578125, 214.9503173828125, 214.9429931640625, 214.937744140625, 214.921875, 214.917236328125, 214.9122314453125, 214.9049072265625, 214.8907470703125, 214.8829345703125, 214.872314453125, 214.861328125, 214.8612060546875, 214.843505859375, 214.8372802734375, 214.8226318359375, 214.8209228515625, 214.82470703125, 214.8074951171875, 214.801025390625, 214.7860107421875, 214.7801513671875, 214.769287109375, 214.7633056640625, 214.7608642578125, 214.75341796875, 214.7449951171875, 214.7296142578125, 214.724853515625, 214.7261962890625, 214.7239990234375, 214.7030029296875, 214.690673828125, 214.6761474609375, 214.6668701171875, 214.6715087890625, 214.650146484375, 214.63427734375, 214.6295166015625, 214.6280517578125, 214.619140625, 214.622314453125, 214.6151123046875, 214.5909423828125, 214.585205078125, 214.574951171875, 214.566650390625, 214.5643310546875, 214.55322265625, 214.5399169921875, 214.5435791015625, 214.5316162109375, 214.518798828125, 214.5135498046875, 214.5103759765625, 214.4932861328125, 214.480224609375, 214.4869384765625, 214.4781494140625, 214.4608154296875, 214.4427490234375, 214.4442138671875, 214.4388427734375, 214.42041015625, 214.4151611328125, 214.4093017578125, 214.3927001953125, 214.3944091796875, 214.3851318359375, 214.3768310546875, 214.3638916015625, 214.3516845703125, 214.3544921875, 214.3560791015625, 214.3463134765625, 214.3399658203125, 214.3201904296875, 214.3128662109375, 214.2943115234375, 214.2816162109375, 214.2823486328125, 214.27294921875, 214.2657470703125, 214.2691650390625, 214.2508544921875, 214.2352294921875, 214.242919921875, 214.2296142578125, 214.2293701171875, 214.223388671875, 214.209228515625, 214.2113037109375, 214.1983642578125, 214.1824951171875, 214.1785888671875, 214.17138671875, 214.1558837890625, 214.1549072265625, 214.1368408203125, 214.13671875, 214.1248779296875, 214.112060546875, 214.1102294921875, 214.1046142578125, 214.092529296875, 214.081298828125, 214.072998046875, 214.0733642578125, 214.0513916015625, 214.0443115234375, 214.042236328125, 214.0301513671875, 214.014892578125, 214.02587890625, 214.0206298828125, 214.0164794921875, 214.007080078125, 213.993896484375, 213.97900390625, 213.9744873046875, 213.9627685546875, 213.95458984375, 213.943115234375, 213.932861328125, 213.926513671875, 213.942626953125, 213.911865234375, 213.897705078125, 213.8935546875, 213.8935546875, 213.8914794921875, 213.8704833984375, 213.8690185546875, 213.8643798828125, 213.85791015625, 213.8455810546875, 213.8414306640625, 213.8240966796875, 213.8177490234375, 213.8121337890625, 213.8096923828125, 213.80029296875, 213.79345703125, 213.786376953125, 213.7813720703125, 213.76611328125, 213.7655029296875, 213.751708984375, 213.75048828125, 213.7430419921875, 213.7322998046875, 213.7252197265625, 213.7313232421875, 213.7088623046875, 213.7088623046875, 213.70703125, 213.6868896484375, 213.673095703125, 213.6634521484375, 213.6568603515625, 213.655029296875, 213.639404296875, 213.6302490234375, 213.628173828125, 213.5946044921875, 213.6019287109375, 213.591064453125, 213.5926513671875, 213.576171875, 213.565185546875, 213.5648193359375, 213.5645751953125, 213.557861328125, 213.556640625, 213.540771484375, 213.5513916015625, 213.5252685546875, 213.5411376953125, 213.5203857421875, 213.50732421875, 213.50830078125, 213.4888916015625, 213.49560546875, 213.473876953125, 213.4776611328125, 213.4638671875, 213.4576416015625, 213.448486328125, 213.4429931640625, 213.434814453125, 213.4156494140625, 213.4254150390625, 213.408203125, 213.4002685546875, 213.396484375, 213.3973388671875, 213.397216796875, 213.397705078125, 213.380615234375, 213.3594970703125, 213.3546142578125, 213.3470458984375, 213.3404541015625, 213.333740234375, 213.3233642578125, 213.318603515625, 213.3123779296875, 213.294189453125, 213.2991943359375, 213.27197265625, 213.287109375, 213.2681884765625, 213.2696533203125, 213.2686767578125, 213.2587890625, 213.2471923828125, 213.23193359375, 213.234375, 213.2181396484375, 213.2191162109375, 213.2025146484375, 213.2047119140625, 213.187744140625, 213.178466796875, 213.1676025390625, 213.1771240234375, 213.1610107421875, 213.1651611328125, 213.1556396484375, 213.1334228515625, 213.1512451171875, 213.1387939453125, 213.12841796875, 213.11328125, 213.1070556640625, 213.1087646484375, 213.093017578125, 213.0853271484375, 213.086181640625, 213.0665283203125, 213.0684814453125, 213.0552978515625, 213.0438232421875, 213.0299072265625, 213.0343017578125, 213.0111083984375, 213.0167236328125, 213.017578125, 212.9974365234375, 212.9903564453125, 212.9832763671875, 212.9808349609375, 212.9716796875, 212.959228515625, 212.954833984375, 212.9388427734375, 212.940185546875, 212.92333984375, 212.924560546875, 212.9129638671875, 212.9058837890625, 212.912109375, 212.9024658203125, 212.9027099609375, 212.88671875, 212.8831787109375, 212.864013671875, 212.872314453125, 212.8565673828125, 212.8392333984375, 212.8299560546875, 212.8292236328125, 212.8211669921875, 212.8194580078125, 212.8111572265625, 212.7987060546875, 212.7872314453125, 212.7900390625, 212.7835693359375, 212.7757568359375, 212.771240234375, 212.7611083984375, 212.743408203125, 212.7376708984375, 212.7335205078125, 212.7210693359375, 212.7191162109375, 212.7049560546875, 212.696533203125, 212.698974609375, 212.685791015625, 212.6817626953125, 212.6739501953125, 212.6649169921875, 212.6517333984375, 212.6614990234375, 212.648681640625, 212.6531982421875, 212.6387939453125, 212.6231689453125, 212.6212158203125, 212.6226806640625, 212.6201171875, 212.5960693359375, 212.595458984375, 212.5888671875, 212.5643310546875, 212.5631103515625, 212.5533447265625, 212.5521240234375, 212.5496826171875, 212.5511474609375, 212.5384521484375, 212.5184326171875, 212.5245361328125, 212.4996337890625, 212.509765625, 212.4903564453125, 212.4840087890625, 212.4727783203125, 212.4593505859375, 212.4637451171875, 212.458984375, 212.4500732421875, 212.4444580078125, 212.433837890625, 212.4395751953125, 212.43212890625, 212.4200439453125, 212.4110107421875, 212.41015625, 212.400390625, 212.3829345703125, 212.3802490234375, 212.3780517578125, 212.3585205078125, 212.3489990234375, 212.3548583984375, 212.341796875, 212.3394775390625, 212.3267822265625, 212.3243408203125, 212.3184814453125, 212.3021240234375, 212.282470703125, 212.2825927734375, 212.2674560546875, 212.2735595703125, 212.2578125, 212.267822265625, 212.2574462890625, 212.254638671875, 212.2445068359375, 212.25341796875, 212.2454833984375, 212.2325439453125, 212.20166015625, 212.2010498046875, 212.172119140625, 212.1717529296875, 212.1771240234375, 212.1727294921875, 212.177001953125, 212.15771484375, 212.138916015625, 212.1201171875]}
Warning: Cholesky failed, using eigendecomposition fallback
{'mse': 0.07889465987682343, 'rmse': 0.28088194131851196, 'test_ll': -1036326.25, 'total_test_ll': -25908156416.0}
/cluster/tufts/hugheslab/swilli26/stat-patt-final/gp_vs_sngp/results/hyperparam_search/GP/Friedman_1500_2001/logs
/cluster/tufts/hugheslab/swilli26/stat-patt-final/gp_vs_sngp/results/hyperparam_search/logs/GP_VS_SNGP_25028910.out
/cluster/tufts/hugheslab/swilli26/stat-patt-final/gp_vs_sngp/results/hyperparam_search/logs/GP_VS_SNGP_25028910.err
